<?xml version="1.0" encoding="UTF-8" ?>
<testsuite tests="3" failures="0" name="com.shoppingbackend.test.SupplierTestCase" time="5.085" errors="0" skipped="2">
  <properties>
    <property name="java.runtime.name" value="Java(TM) SE Runtime Environment"/>
    <property name="sun.boot.library.path" value="C:\Program Files\Java\jdk1.8.0_144\jre\bin"/>
    <property name="java.vm.version" value="25.144-b01"/>
    <property name="java.vm.vendor" value="Oracle Corporation"/>
    <property name="maven.multiModuleProjectDirectory" value="C:\Users\bhano\virtual-Tranning\shoppingbackend"/>
    <property name="java.vendor.url" value="http://java.oracle.com/"/>
    <property name="path.separator" value=";"/>
    <property name="guice.disable.misplaced.annotation.check" value="true"/>
    <property name="java.vm.name" value="Java HotSpot(TM) 64-Bit Server VM"/>
    <property name="file.encoding.pkg" value="sun.io"/>
    <property name="user.script" value=""/>
    <property name="user.country" value="IN"/>
    <property name="sun.java.launcher" value="SUN_STANDARD"/>
    <property name="sun.os.patch.level" value=""/>
    <property name="java.vm.specification.name" value="Java Virtual Machine Specification"/>
    <property name="user.dir" value="C:\Users\bhano\virtual-Tranning\shoppingbackend"/>
    <property name="java.runtime.version" value="1.8.0_144-b01"/>
    <property name="java.awt.graphicsenv" value="sun.awt.Win32GraphicsEnvironment"/>
    <property name="java.endorsed.dirs" value="C:\Program Files\Java\jdk1.8.0_144\jre\lib\endorsed"/>
    <property name="os.arch" value="amd64"/>
    <property name="java.io.tmpdir" value="C:\Users\bhano\AppData\Local\Temp\"/>
    <property name="line.separator" value="
"/>
    <property name="java.vm.specification.vendor" value="Oracle Corporation"/>
    <property name="user.variant" value=""/>
    <property name="os.name" value="Windows 10"/>
    <property name="classworlds.conf" value="C:\Users\bhano\virtual-Tranning\.metadata\.plugins\org.eclipse.m2e.launching\launches\m2conf2151362829179583282.tmp"/>
    <property name="sun.jnu.encoding" value="Cp1252"/>
    <property name="java.library.path" value="C:\Program Files\Java\jdk1.8.0_144\bin;C:\WINDOWS\Sun\Java\bin;C:\WINDOWS\system32;C:\WINDOWS;C:/Program Files/Java/jdk1.8.0_144/bin/../jre/bin/server;C:/Program Files/Java/jdk1.8.0_144/bin/../jre/bin;C:/Program Files/Java/jdk1.8.0_144/bin/../jre/lib/amd64;E:\app\bhano\virtual\product\12.2.0\dbhome_1\bin;E:\app\bhanoo\virtual\product\12.2.0\dbhome_1\bin;E:\app\bhano\product\11.2.0\dbhome_1\bin;C:\WINDOWS\system32;C:\WINDOWS;C:\WINDOWS\System32\Wbem;C:\WINDOWS\System32\WindowsPowerShell\v1.0\;C:\software-1\apache-maven-3.5.0-bin\apache-maven-3.5.0\bin;C:\Program Files (x86)\H2\bin;C:\Program Files\Java\jdk1.8.0_144\bin\;E:\app\bhano\virtual;C:\Program Files (x86)\Common Files\lenovo\easyplussdk\bin;C:\Users\bhano\AppData\Local\Microsoft\WindowsApps;;C:\Program Files\Microsoft VS Code\bin;F:\2016 soft\eclipse-jee-oxygen-R-win32-x86_64 (2)\eclipse;;."/>
    <property name="java.specification.name" value="Java Platform API Specification"/>
    <property name="java.class.version" value="52.0"/>
    <property name="sun.management.compiler" value="HotSpot 64-Bit Tiered Compilers"/>
    <property name="os.version" value="10.0"/>
    <property name="user.home" value="C:\Users\bhano"/>
    <property name="user.timezone" value="Asia/Calcutta"/>
    <property name="java.awt.printerjob" value="sun.awt.windows.WPrinterJob"/>
    <property name="java.specification.version" value="1.8"/>
    <property name="file.encoding" value="Cp1252"/>
    <property name="user.name" value="bhano"/>
    <property name="java.class.path" value="F:\2016 soft\eclipse-jee-oxygen-R-win32-x86_64 (2)\eclipse\plugins\org.eclipse.m2e.maven.runtime_1.8.2.20171007-0216\jars\plexus-classworlds-2.5.2.jar"/>
    <property name="java.vm.specification.version" value="1.8"/>
    <property name="sun.arch.data.model" value="64"/>
    <property name="java.home" value="C:\Program Files\Java\jdk1.8.0_144\jre"/>
    <property name="sun.java.command" value="org.codehaus.plexus.classworlds.launcher.Launcher -B install"/>
    <property name="java.specification.vendor" value="Oracle Corporation"/>
    <property name="user.language" value="en"/>
    <property name="awt.toolkit" value="sun.awt.windows.WToolkit"/>
    <property name="java.vm.info" value="mixed mode"/>
    <property name="java.version" value="1.8.0_144"/>
    <property name="java.ext.dirs" value="C:\Program Files\Java\jdk1.8.0_144\jre\lib\ext;C:\WINDOWS\Sun\Java\lib\ext"/>
    <property name="sun.boot.class.path" value="C:\Program Files\Java\jdk1.8.0_144\jre\lib\resources.jar;C:\Program Files\Java\jdk1.8.0_144\jre\lib\rt.jar;C:\Program Files\Java\jdk1.8.0_144\jre\lib\sunrsasign.jar;C:\Program Files\Java\jdk1.8.0_144\jre\lib\jsse.jar;C:\Program Files\Java\jdk1.8.0_144\jre\lib\jce.jar;C:\Program Files\Java\jdk1.8.0_144\jre\lib\charsets.jar;C:\Program Files\Java\jdk1.8.0_144\jre\lib\jfr.jar;C:\Program Files\Java\jdk1.8.0_144\jre\classes"/>
    <property name="java.vendor" value="Oracle Corporation"/>
    <property name="maven.home" value="C:\Users\bhano\virtual-Tranning\shoppingbackend\EMBEDDED"/>
    <property name="file.separator" value="\"/>
    <property name="java.vendor.url.bug" value="http://bugreport.sun.com/bugreport/"/>
    <property name="sun.cpu.endian" value="little"/>
    <property name="sun.io.unicode.encoding" value="UnicodeLittle"/>
    <property name="sun.desktop" value="windows"/>
    <property name="sun.cpu.isalist" value="amd64"/>
  </properties>
  <testcase classname="com.shoppingbackend.test.SupplierTestCase" name="testUpdateSupplier" time="2.522">
    <skipped/>
    <system-out>10:00:54.610 [main] DEBUG org.springframework.core.env.StandardEnvironment - Adding [systemProperties] PropertySource with lowest search precedence
10:00:54.610 [main] DEBUG org.springframework.core.env.StandardEnvironment - Adding [systemEnvironment] PropertySource with lowest search precedence
10:00:54.611 [main] DEBUG org.springframework.core.env.StandardEnvironment - Initialized StandardEnvironment with PropertySources [systemProperties,systemEnvironment]
10:00:54.632 [main] DEBUG org.springframework.core.io.support.PathMatchingResourcePatternResolver - Resolved classpath location [com/shoppingbackend/] to resources [URL [file:/C:/Users/bhano/virtual-Tranning/shoppingbackend/target/test-classes/com/shoppingbackend/], URL [file:/C:/Users/bhano/virtual-Tranning/shoppingbackend/target/classes/com/shoppingbackend/]]
10:00:54.632 [main] DEBUG org.springframework.core.io.support.PathMatchingResourcePatternResolver - Looking for matching resources in directory tree [C:\Users\bhano\virtual-Tranning\shoppingbackend\target\test-classes\com\shoppingbackend]
10:00:54.632 [main] DEBUG org.springframework.core.io.support.PathMatchingResourcePatternResolver - Searching directory [C:\Users\bhano\virtual-Tranning\shoppingbackend\target\test-classes\com\shoppingbackend] for files matching pattern [C:/Users/bhano/virtual-Tranning/shoppingbackend/target/test-classes/com/shoppingbackend/**/*.class]
10:00:54.662 [main] DEBUG org.springframework.core.io.support.PathMatchingResourcePatternResolver - Searching directory [C:\Users\bhano\virtual-Tranning\shoppingbackend\target\test-classes\com\shoppingbackend\test] for files matching pattern [C:/Users/bhano/virtual-Tranning/shoppingbackend/target/test-classes/com/shoppingbackend/**/*.class]
10:00:54.666 [main] DEBUG org.springframework.core.io.support.PathMatchingResourcePatternResolver - Looking for matching resources in directory tree [C:\Users\bhano\virtual-Tranning\shoppingbackend\target\classes\com\shoppingbackend]
10:00:54.667 [main] DEBUG org.springframework.core.io.support.PathMatchingResourcePatternResolver - Searching directory [C:\Users\bhano\virtual-Tranning\shoppingbackend\target\classes\com\shoppingbackend] for files matching pattern [C:/Users/bhano/virtual-Tranning/shoppingbackend/target/classes/com/shoppingbackend/**/*.class]
10:00:54.668 [main] DEBUG org.springframework.core.io.support.PathMatchingResourcePatternResolver - Searching directory [C:\Users\bhano\virtual-Tranning\shoppingbackend\target\classes\com\shoppingbackend\config] for files matching pattern [C:/Users/bhano/virtual-Tranning/shoppingbackend/target/classes/com/shoppingbackend/**/*.class]
10:00:54.668 [main] DEBUG org.springframework.core.io.support.PathMatchingResourcePatternResolver - Searching directory [C:\Users\bhano\virtual-Tranning\shoppingbackend\target\classes\com\shoppingbackend\dao] for files matching pattern [C:/Users/bhano/virtual-Tranning/shoppingbackend/target/classes/com/shoppingbackend/**/*.class]
10:00:54.669 [main] DEBUG org.springframework.core.io.support.PathMatchingResourcePatternResolver - Searching directory [C:\Users\bhano\virtual-Tranning\shoppingbackend\target\classes\com\shoppingbackend\dao\daoimpl] for files matching pattern [C:/Users/bhano/virtual-Tranning/shoppingbackend/target/classes/com/shoppingbackend/**/*.class]
10:00:54.671 [main] DEBUG org.springframework.core.io.support.PathMatchingResourcePatternResolver - Searching directory [C:\Users\bhano\virtual-Tranning\shoppingbackend\target\classes\com\shoppingbackend\model] for files matching pattern [C:/Users/bhano/virtual-Tranning/shoppingbackend/target/classes/com/shoppingbackend/**/*.class]
10:00:54.677 [main] DEBUG org.springframework.core.io.support.PathMatchingResourcePatternResolver - Resolved location pattern [classpath*:com/shoppingbackend/**/*.class] to resources [file [C:\Users\bhano\virtual-Tranning\shoppingbackend\target\test-classes\com\shoppingbackend\AppTest.class], file [C:\Users\bhano\virtual-Tranning\shoppingbackend\target\test-classes\com\shoppingbackend\test\CartLineTestCase.class], file [C:\Users\bhano\virtual-Tranning\shoppingbackend\target\test-classes\com\shoppingbackend\test\CategoryTestCase.class], file [C:\Users\bhano\virtual-Tranning\shoppingbackend\target\test-classes\com\shoppingbackend\test\ProductTestCase.class], file [C:\Users\bhano\virtual-Tranning\shoppingbackend\target\test-classes\com\shoppingbackend\test\SupplierTestCase.class], file [C:\Users\bhano\virtual-Tranning\shoppingbackend\target\test-classes\com\shoppingbackend\test\UserTestCase.class], file [C:\Users\bhano\virtual-Tranning\shoppingbackend\target\classes\com\shoppingbackend\App.class], file [C:\Users\bhano\virtual-Tranning\shoppingbackend\target\classes\com\shoppingbackend\config\HibernateConfig.class], file [C:\Users\bhano\virtual-Tranning\shoppingbackend\target\classes\com\shoppingbackend\dao\CartLineDAO.class], file [C:\Users\bhano\virtual-Tranning\shoppingbackend\target\classes\com\shoppingbackend\dao\CategoryDAO.class], file [C:\Users\bhano\virtual-Tranning\shoppingbackend\target\classes\com\shoppingbackend\dao\daoimpl\CartLineDAOImpl.class], file [C:\Users\bhano\virtual-Tranning\shoppingbackend\target\classes\com\shoppingbackend\dao\daoimpl\CategoryDAOImpl.class], file [C:\Users\bhano\virtual-Tranning\shoppingbackend\target\classes\com\shoppingbackend\dao\daoimpl\ProductDAOImpl.class], file [C:\Users\bhano\virtual-Tranning\shoppingbackend\target\classes\com\shoppingbackend\dao\daoimpl\SupplierDAOImpl.class], file [C:\Users\bhano\virtual-Tranning\shoppingbackend\target\classes\com\shoppingbackend\dao\daoimpl\UserDAOImpl.class], file [C:\Users\bhano\virtual-Tranning\shoppingbackend\target\classes\com\shoppingbackend\dao\ProductDAO.class], file [C:\Users\bhano\virtual-Tranning\shoppingbackend\target\classes\com\shoppingbackend\dao\SupplierDAO.class], file [C:\Users\bhano\virtual-Tranning\shoppingbackend\target\classes\com\shoppingbackend\dao\UserDAO.class], file [C:\Users\bhano\virtual-Tranning\shoppingbackend\target\classes\com\shoppingbackend\model\Address.class], file [C:\Users\bhano\virtual-Tranning\shoppingbackend\target\classes\com\shoppingbackend\model\Cart.class], file [C:\Users\bhano\virtual-Tranning\shoppingbackend\target\classes\com\shoppingbackend\model\CartLine.class], file [C:\Users\bhano\virtual-Tranning\shoppingbackend\target\classes\com\shoppingbackend\model\Category.class], file [C:\Users\bhano\virtual-Tranning\shoppingbackend\target\classes\com\shoppingbackend\model\OrderDetail.class], file [C:\Users\bhano\virtual-Tranning\shoppingbackend\target\classes\com\shoppingbackend\model\OrderItem.class], file [C:\Users\bhano\virtual-Tranning\shoppingbackend\target\classes\com\shoppingbackend\model\Product.class], file [C:\Users\bhano\virtual-Tranning\shoppingbackend\target\classes\com\shoppingbackend\model\Supplier.class], file [C:\Users\bhano\virtual-Tranning\shoppingbackend\target\classes\com\shoppingbackend\model\User.class]]
10:00:54.687 [main] DEBUG org.springframework.context.annotation.ClassPathBeanDefinitionScanner - Identified candidate component class: file [C:\Users\bhano\virtual-Tranning\shoppingbackend\target\classes\com\shoppingbackend\config\HibernateConfig.class]
10:00:54.694 [main] DEBUG org.springframework.context.annotation.ClassPathBeanDefinitionScanner - Identified candidate component class: file [C:\Users\bhano\virtual-Tranning\shoppingbackend\target\classes\com\shoppingbackend\dao\daoimpl\CartLineDAOImpl.class]
10:00:54.738 [main] DEBUG org.springframework.context.annotation.ClassPathBeanDefinitionScanner - Identified candidate component class: file [C:\Users\bhano\virtual-Tranning\shoppingbackend\target\classes\com\shoppingbackend\dao\daoimpl\CategoryDAOImpl.class]
10:00:54.740 [main] DEBUG org.springframework.context.annotation.ClassPathBeanDefinitionScanner - Identified candidate component class: file [C:\Users\bhano\virtual-Tranning\shoppingbackend\target\classes\com\shoppingbackend\dao\daoimpl\ProductDAOImpl.class]
10:00:54.741 [main] DEBUG org.springframework.context.annotation.ClassPathBeanDefinitionScanner - Identified candidate component class: file [C:\Users\bhano\virtual-Tranning\shoppingbackend\target\classes\com\shoppingbackend\dao\daoimpl\SupplierDAOImpl.class]
10:00:54.746 [main] DEBUG org.springframework.context.annotation.ClassPathBeanDefinitionScanner - Identified candidate component class: file [C:\Users\bhano\virtual-Tranning\shoppingbackend\target\classes\com\shoppingbackend\dao\daoimpl\UserDAOImpl.class]
10:00:54.788 [main] DEBUG org.springframework.context.annotation.ClassPathBeanDefinitionScanner - Identified candidate component class: file [C:\Users\bhano\virtual-Tranning\shoppingbackend\target\classes\com\shoppingbackend\model\Product.class]
10:00:54.796 [main] INFO org.springframework.context.annotation.AnnotationConfigApplicationContext - Refreshing org.springframework.context.annotation.AnnotationConfigApplicationContext@bb9ab64: startup date [Thu Feb 08 10:00:54 IST 2018]; root of context hierarchy
10:00:54.797 [main] DEBUG org.springframework.context.annotation.AnnotationConfigApplicationContext - Bean factory for org.springframework.context.annotation.AnnotationConfigApplicationContext@bb9ab64: org.springframework.beans.factory.support.DefaultListableBeanFactory@7ce4de34: defining beans [org.springframework.context.annotation.internalConfigurationAnnotationProcessor,org.springframework.context.annotation.internalAutowiredAnnotationProcessor,org.springframework.context.annotation.internalRequiredAnnotationProcessor,org.springframework.context.annotation.internalCommonAnnotationProcessor,org.springframework.context.annotation.internalPersistenceAnnotationProcessor,org.springframework.context.event.internalEventListenerProcessor,org.springframework.context.event.internalEventListenerFactory,hibernateConfig,cartLineDAO,categoryDAO,productDAO,supplierDAO,userDAO,product]; root of factory hierarchy
10:00:54.801 [main] DEBUG org.springframework.beans.factory.support.DefaultListableBeanFactory - Creating shared instance of singleton bean &apos;org.springframework.context.annotation.internalConfigurationAnnotationProcessor&apos;
10:00:54.802 [main] DEBUG org.springframework.beans.factory.support.DefaultListableBeanFactory - Creating instance of bean &apos;org.springframework.context.annotation.internalConfigurationAnnotationProcessor&apos;
10:00:54.802 [main] DEBUG org.springframework.beans.factory.support.DefaultListableBeanFactory - Eagerly caching bean &apos;org.springframework.context.annotation.internalConfigurationAnnotationProcessor&apos; to allow for resolving potential circular references
10:00:54.803 [main] DEBUG org.springframework.beans.factory.support.DefaultListableBeanFactory - Finished creating instance of bean &apos;org.springframework.context.annotation.internalConfigurationAnnotationProcessor&apos;
10:00:54.809 [main] DEBUG org.springframework.core.io.support.PathMatchingResourcePatternResolver - Resolved classpath location [com/shoppingbackend/model/] to resources [URL [file:/C:/Users/bhano/virtual-Tranning/shoppingbackend/target/classes/com/shoppingbackend/model/]]
10:00:54.810 [main] DEBUG org.springframework.core.io.support.PathMatchingResourcePatternResolver - Looking for matching resources in directory tree [C:\Users\bhano\virtual-Tranning\shoppingbackend\target\classes\com\shoppingbackend\model]
10:00:54.811 [main] DEBUG org.springframework.core.io.support.PathMatchingResourcePatternResolver - Searching directory [C:\Users\bhano\virtual-Tranning\shoppingbackend\target\classes\com\shoppingbackend\model] for files matching pattern [C:/Users/bhano/virtual-Tranning/shoppingbackend/target/classes/com/shoppingbackend/model/**/*.class]
10:00:54.817 [main] DEBUG org.springframework.core.io.support.PathMatchingResourcePatternResolver - Resolved location pattern [classpath*:com/shoppingbackend/model/**/*.class] to resources [file [C:\Users\bhano\virtual-Tranning\shoppingbackend\target\classes\com\shoppingbackend\model\Address.class], file [C:\Users\bhano\virtual-Tranning\shoppingbackend\target\classes\com\shoppingbackend\model\Cart.class], file [C:\Users\bhano\virtual-Tranning\shoppingbackend\target\classes\com\shoppingbackend\model\CartLine.class], file [C:\Users\bhano\virtual-Tranning\shoppingbackend\target\classes\com\shoppingbackend\model\Category.class], file [C:\Users\bhano\virtual-Tranning\shoppingbackend\target\classes\com\shoppingbackend\model\OrderDetail.class], file [C:\Users\bhano\virtual-Tranning\shoppingbackend\target\classes\com\shoppingbackend\model\OrderItem.class], file [C:\Users\bhano\virtual-Tranning\shoppingbackend\target\classes\com\shoppingbackend\model\Product.class], file [C:\Users\bhano\virtual-Tranning\shoppingbackend\target\classes\com\shoppingbackend\model\Supplier.class], file [C:\Users\bhano\virtual-Tranning\shoppingbackend\target\classes\com\shoppingbackend\model\User.class]]
10:00:54.859 [main] DEBUG org.springframework.context.annotation.ClassPathBeanDefinitionScanner - Identified candidate component class: file [C:\Users\bhano\virtual-Tranning\shoppingbackend\target\classes\com\shoppingbackend\model\Product.class]
10:00:54.927 [main] DEBUG org.springframework.context.annotation.ConfigurationClassBeanDefinitionReader - Registered bean definition for imported class &apos;org.springframework.transaction.annotation.ProxyTransactionManagementConfiguration&apos;
10:00:54.928 [main] DEBUG org.springframework.context.annotation.ConfigurationClassBeanDefinitionReader - Registering bean definition for @Bean method org.springframework.transaction.annotation.ProxyTransactionManagementConfiguration.org.springframework.transaction.config.internalTransactionAdvisor()
10:00:54.928 [main] DEBUG org.springframework.context.annotation.ConfigurationClassBeanDefinitionReader - Registering bean definition for @Bean method org.springframework.transaction.annotation.ProxyTransactionManagementConfiguration.transactionAttributeSource()
10:00:54.929 [main] DEBUG org.springframework.context.annotation.ConfigurationClassBeanDefinitionReader - Registering bean definition for @Bean method org.springframework.transaction.annotation.ProxyTransactionManagementConfiguration.transactionInterceptor()
10:00:54.929 [main] DEBUG org.springframework.context.annotation.ConfigurationClassBeanDefinitionReader - Registering bean definition for @Bean method org.springframework.transaction.annotation.ProxyTransactionManagementConfiguration.org.springframework.transaction.config.internalTransactionalEventListenerFactory()
10:00:54.930 [main] DEBUG org.springframework.context.annotation.ConfigurationClassBeanDefinitionReader - Registering bean definition for @Bean method com.shoppingbackend.config.HibernateConfig.dataSource()
10:00:54.932 [main] DEBUG org.springframework.context.annotation.ConfigurationClassBeanDefinitionReader - Registering bean definition for @Bean method com.shoppingbackend.config.HibernateConfig.getSessionFactory()
10:00:54.934 [main] DEBUG org.springframework.context.annotation.ConfigurationClassBeanDefinitionReader - Registering bean definition for @Bean method com.shoppingbackend.config.HibernateConfig.getTransactionManager()
10:00:54.941 [main] DEBUG org.springframework.context.annotation.ConfigurationClassEnhancer - Successfully enhanced com.shoppingbackend.config.HibernateConfig; enhanced class name is: com.shoppingbackend.config.HibernateConfig$$EnhancerBySpringCGLIB$$7bf358ee
10:00:54.942 [main] DEBUG org.springframework.context.annotation.ConfigurationClassPostProcessor - Replacing bean definition &apos;hibernateConfig&apos; existing class &apos;com.shoppingbackend.config.HibernateConfig&apos; with enhanced class &apos;com.shoppingbackend.config.HibernateConfig$$EnhancerBySpringCGLIB$$7bf358ee&apos;
10:00:54.969 [main] DEBUG org.springframework.context.annotation.ConfigurationClassEnhancer - Successfully enhanced org.springframework.transaction.annotation.ProxyTransactionManagementConfiguration; enhanced class name is: org.springframework.transaction.annotation.ProxyTransactionManagementConfiguration$$EnhancerBySpringCGLIB$$c4398932
10:00:54.971 [main] DEBUG org.springframework.context.annotation.ConfigurationClassPostProcessor - Replacing bean definition &apos;org.springframework.transaction.annotation.ProxyTransactionManagementConfiguration&apos; existing class &apos;org.springframework.transaction.annotation.ProxyTransactionManagementConfiguration&apos; with enhanced class &apos;org.springframework.transaction.annotation.ProxyTransactionManagementConfiguration$$EnhancerBySpringCGLIB$$c4398932&apos;
10:00:54.981 [main] DEBUG org.springframework.beans.factory.support.DefaultListableBeanFactory - Creating shared instance of singleton bean &apos;org.springframework.context.annotation.internalAutowiredAnnotationProcessor&apos;
10:00:54.981 [main] DEBUG org.springframework.beans.factory.support.DefaultListableBeanFactory - Creating instance of bean &apos;org.springframework.context.annotation.internalAutowiredAnnotationProcessor&apos;
10:00:54.985 [main] DEBUG org.springframework.beans.factory.support.DefaultListableBeanFactory - Eagerly caching bean &apos;org.springframework.context.annotation.internalAutowiredAnnotationProcessor&apos; to allow for resolving potential circular references
10:00:54.991 [main] DEBUG org.springframework.beans.factory.support.DefaultListableBeanFactory - Finished creating instance of bean &apos;org.springframework.context.annotation.internalAutowiredAnnotationProcessor&apos;
10:00:54.992 [main] DEBUG org.springframework.beans.factory.support.DefaultListableBeanFactory - Creating shared instance of singleton bean &apos;org.springframework.context.annotation.internalRequiredAnnotationProcessor&apos;
10:00:54.992 [main] DEBUG org.springframework.beans.factory.support.DefaultListableBeanFactory - Creating instance of bean &apos;org.springframework.context.annotation.internalRequiredAnnotationProcessor&apos;
10:00:54.992 [main] DEBUG org.springframework.beans.factory.support.DefaultListableBeanFactory - Eagerly caching bean &apos;org.springframework.context.annotation.internalRequiredAnnotationProcessor&apos; to allow for resolving potential circular references
10:00:54.999 [main] DEBUG org.springframework.beans.factory.support.DefaultListableBeanFactory - Finished creating instance of bean &apos;org.springframework.context.annotation.internalRequiredAnnotationProcessor&apos;
10:00:54.999 [main] DEBUG org.springframework.beans.factory.support.DefaultListableBeanFactory - Creating shared instance of singleton bean &apos;org.springframework.context.annotation.internalCommonAnnotationProcessor&apos;
10:00:55.002 [main] DEBUG org.springframework.beans.factory.support.DefaultListableBeanFactory - Creating instance of bean &apos;org.springframework.context.annotation.internalCommonAnnotationProcessor&apos;
10:00:55.005 [main] DEBUG org.springframework.beans.factory.support.DefaultListableBeanFactory - Eagerly caching bean &apos;org.springframework.context.annotation.internalCommonAnnotationProcessor&apos; to allow for resolving potential circular references
10:00:55.045 [main] DEBUG org.springframework.beans.factory.support.DefaultListableBeanFactory - Finished creating instance of bean &apos;org.springframework.context.annotation.internalCommonAnnotationProcessor&apos;
10:00:55.045 [main] DEBUG org.springframework.beans.factory.support.DefaultListableBeanFactory - Creating shared instance of singleton bean &apos;org.springframework.context.annotation.internalPersistenceAnnotationProcessor&apos;
10:00:55.045 [main] DEBUG org.springframework.beans.factory.support.DefaultListableBeanFactory - Creating instance of bean &apos;org.springframework.context.annotation.internalPersistenceAnnotationProcessor&apos;
10:00:55.046 [main] DEBUG org.springframework.beans.factory.support.DefaultListableBeanFactory - Eagerly caching bean &apos;org.springframework.context.annotation.internalPersistenceAnnotationProcessor&apos; to allow for resolving potential circular references
10:00:55.052 [main] DEBUG org.springframework.beans.factory.support.DefaultListableBeanFactory - Finished creating instance of bean &apos;org.springframework.context.annotation.internalPersistenceAnnotationProcessor&apos;
10:00:55.055 [main] DEBUG org.springframework.beans.factory.support.DefaultListableBeanFactory - Creating shared instance of singleton bean &apos;org.springframework.aop.config.internalAutoProxyCreator&apos;
10:00:55.055 [main] DEBUG org.springframework.beans.factory.support.DefaultListableBeanFactory - Creating instance of bean &apos;org.springframework.aop.config.internalAutoProxyCreator&apos;
10:00:55.057 [main] DEBUG org.springframework.beans.factory.support.DefaultListableBeanFactory - Eagerly caching bean &apos;org.springframework.aop.config.internalAutoProxyCreator&apos; to allow for resolving potential circular references
10:00:55.077 [main] DEBUG org.springframework.beans.factory.support.DefaultListableBeanFactory - Finished creating instance of bean &apos;org.springframework.aop.config.internalAutoProxyCreator&apos;
10:00:55.077 [main] DEBUG org.springframework.context.annotation.AnnotationConfigApplicationContext - Unable to locate MessageSource with name &apos;messageSource&apos;: using default [org.springframework.context.support.DelegatingMessageSource@dc7b462]
10:00:55.077 [main] DEBUG org.springframework.context.annotation.AnnotationConfigApplicationContext - Unable to locate ApplicationEventMulticaster with name &apos;applicationEventMulticaster&apos;: using default [org.springframework.context.event.SimpleApplicationEventMulticaster@1f51431]
10:00:55.078 [main] DEBUG org.springframework.beans.factory.support.DefaultListableBeanFactory - Pre-instantiating singletons in org.springframework.beans.factory.support.DefaultListableBeanFactory@7ce4de34: defining beans [org.springframework.context.annotation.internalConfigurationAnnotationProcessor,org.springframework.context.annotation.internalAutowiredAnnotationProcessor,org.springframework.context.annotation.internalRequiredAnnotationProcessor,org.springframework.context.annotation.internalCommonAnnotationProcessor,org.springframework.context.annotation.internalPersistenceAnnotationProcessor,org.springframework.context.event.internalEventListenerProcessor,org.springframework.context.event.internalEventListenerFactory,hibernateConfig,cartLineDAO,categoryDAO,productDAO,supplierDAO,userDAO,product,org.springframework.transaction.annotation.ProxyTransactionManagementConfiguration,org.springframework.transaction.config.internalTransactionAdvisor,transactionAttributeSource,transactionInterceptor,org.springframework.transaction.config.internalTransactionalEventListenerFactory,dataSource,getSessionFactory,getTransactionManager,org.springframework.aop.config.internalAutoProxyCreator]; root of factory hierarchy
10:00:55.079 [main] DEBUG org.springframework.beans.factory.support.DefaultListableBeanFactory - Returning cached instance of singleton bean &apos;org.springframework.context.annotation.internalConfigurationAnnotationProcessor&apos;
10:00:55.079 [main] DEBUG org.springframework.beans.factory.support.DefaultListableBeanFactory - Returning cached instance of singleton bean &apos;org.springframework.context.annotation.internalAutowiredAnnotationProcessor&apos;
10:00:55.079 [main] DEBUG org.springframework.beans.factory.support.DefaultListableBeanFactory - Returning cached instance of singleton bean &apos;org.springframework.context.annotation.internalRequiredAnnotationProcessor&apos;
10:00:55.079 [main] DEBUG org.springframework.beans.factory.support.DefaultListableBeanFactory - Returning cached instance of singleton bean &apos;org.springframework.context.annotation.internalCommonAnnotationProcessor&apos;
10:00:55.079 [main] DEBUG org.springframework.beans.factory.support.DefaultListableBeanFactory - Returning cached instance of singleton bean &apos;org.springframework.context.annotation.internalPersistenceAnnotationProcessor&apos;
10:00:55.080 [main] DEBUG org.springframework.beans.factory.support.DefaultListableBeanFactory - Creating shared instance of singleton bean &apos;org.springframework.context.event.internalEventListenerProcessor&apos;
10:00:55.081 [main] DEBUG org.springframework.beans.factory.support.DefaultListableBeanFactory - Creating instance of bean &apos;org.springframework.context.event.internalEventListenerProcessor&apos;
10:00:55.082 [main] DEBUG org.springframework.beans.factory.support.DefaultListableBeanFactory - Eagerly caching bean &apos;org.springframework.context.event.internalEventListenerProcessor&apos; to allow for resolving potential circular references
10:00:55.098 [main] DEBUG org.springframework.beans.factory.support.DefaultListableBeanFactory - Creating shared instance of singleton bean &apos;org.springframework.transaction.config.internalTransactionAdvisor&apos;
10:00:55.108 [main] DEBUG org.springframework.beans.factory.support.DefaultListableBeanFactory - Creating instance of bean &apos;org.springframework.transaction.config.internalTransactionAdvisor&apos;
10:00:55.108 [main] DEBUG org.springframework.beans.factory.support.DefaultListableBeanFactory - Creating shared instance of singleton bean &apos;org.springframework.transaction.annotation.ProxyTransactionManagementConfiguration&apos;
10:00:55.109 [main] DEBUG org.springframework.beans.factory.support.DefaultListableBeanFactory - Creating instance of bean &apos;org.springframework.transaction.annotation.ProxyTransactionManagementConfiguration&apos;
10:00:55.135 [main] DEBUG org.springframework.beans.factory.annotation.InjectionMetadata - Registered injected element on class [org.springframework.transaction.annotation.ProxyTransactionManagementConfiguration$$EnhancerBySpringCGLIB$$c4398932]: AutowiredMethodElement for void org.springframework.transaction.annotation.AbstractTransactionManagementConfiguration.setConfigurers(java.util.Collection)
10:00:55.135 [main] DEBUG org.springframework.beans.factory.support.DefaultListableBeanFactory - Eagerly caching bean &apos;org.springframework.transaction.annotation.ProxyTransactionManagementConfiguration&apos; to allow for resolving potential circular references
10:00:55.136 [main] DEBUG org.springframework.beans.factory.annotation.InjectionMetadata - Processing injected element of bean &apos;org.springframework.transaction.annotation.ProxyTransactionManagementConfiguration&apos;: AutowiredMethodElement for void org.springframework.transaction.annotation.AbstractTransactionManagementConfiguration.setConfigurers(java.util.Collection)
10:00:55.141 [main] DEBUG org.springframework.beans.factory.support.DefaultListableBeanFactory - Returning cached instance of singleton bean &apos;org.springframework.context.annotation.ConfigurationClassPostProcessor.importRegistry&apos;
10:00:55.142 [main] DEBUG org.springframework.aop.framework.autoproxy.BeanFactoryAdvisorRetrievalHelper - Skipping currently created advisor &apos;org.springframework.transaction.config.internalTransactionAdvisor&apos;
10:00:55.142 [main] DEBUG org.springframework.beans.factory.support.DefaultListableBeanFactory - Finished creating instance of bean &apos;org.springframework.transaction.annotation.ProxyTransactionManagementConfiguration&apos;
10:00:55.145 [main] DEBUG org.springframework.beans.factory.support.DefaultListableBeanFactory - Creating shared instance of singleton bean &apos;transactionAttributeSource&apos;
10:00:55.145 [main] DEBUG org.springframework.beans.factory.support.DefaultListableBeanFactory - Creating instance of bean &apos;transactionAttributeSource&apos;
10:00:55.146 [main] DEBUG org.springframework.beans.factory.support.DefaultListableBeanFactory - Returning cached instance of singleton bean &apos;org.springframework.transaction.annotation.ProxyTransactionManagementConfiguration&apos;
10:00:55.152 [main] DEBUG org.springframework.beans.factory.support.DefaultListableBeanFactory - Eagerly caching bean &apos;transactionAttributeSource&apos; to allow for resolving potential circular references
10:00:55.156 [main] DEBUG org.springframework.aop.framework.autoproxy.BeanFactoryAdvisorRetrievalHelper - Skipping currently created advisor &apos;org.springframework.transaction.config.internalTransactionAdvisor&apos;
10:00:55.157 [main] DEBUG org.springframework.beans.factory.support.DefaultListableBeanFactory - Finished creating instance of bean &apos;transactionAttributeSource&apos;
10:00:55.158 [main] DEBUG org.springframework.beans.factory.support.DefaultListableBeanFactory - Creating shared instance of singleton bean &apos;transactionInterceptor&apos;
10:00:55.158 [main] DEBUG org.springframework.beans.factory.support.DefaultListableBeanFactory - Creating instance of bean &apos;transactionInterceptor&apos;
10:00:55.158 [main] DEBUG org.springframework.beans.factory.support.DefaultListableBeanFactory - Returning cached instance of singleton bean &apos;org.springframework.transaction.annotation.ProxyTransactionManagementConfiguration&apos;
10:00:55.159 [main] DEBUG org.springframework.beans.factory.support.DefaultListableBeanFactory - Returning cached instance of singleton bean &apos;transactionAttributeSource&apos;
10:00:55.177 [main] DEBUG org.springframework.beans.factory.support.DefaultListableBeanFactory - Eagerly caching bean &apos;transactionInterceptor&apos; to allow for resolving potential circular references
10:00:55.185 [main] DEBUG org.springframework.beans.factory.support.DefaultListableBeanFactory - Invoking afterPropertiesSet() on bean with name &apos;transactionInterceptor&apos;
10:00:55.186 [main] DEBUG org.springframework.beans.factory.support.DefaultListableBeanFactory - Finished creating instance of bean &apos;transactionInterceptor&apos;
10:00:55.186 [main] DEBUG org.springframework.beans.factory.support.DefaultListableBeanFactory - Eagerly caching bean &apos;org.springframework.transaction.config.internalTransactionAdvisor&apos; to allow for resolving potential circular references
10:00:55.191 [main] DEBUG org.springframework.beans.factory.support.DefaultListableBeanFactory - Finished creating instance of bean &apos;org.springframework.transaction.config.internalTransactionAdvisor&apos;
10:00:55.191 [main] DEBUG org.springframework.beans.factory.support.DefaultListableBeanFactory - Finished creating instance of bean &apos;org.springframework.context.event.internalEventListenerProcessor&apos;
10:00:55.192 [main] DEBUG org.springframework.beans.factory.support.DefaultListableBeanFactory - Creating shared instance of singleton bean &apos;org.springframework.context.event.internalEventListenerFactory&apos;
10:00:55.192 [main] DEBUG org.springframework.beans.factory.support.DefaultListableBeanFactory - Creating instance of bean &apos;org.springframework.context.event.internalEventListenerFactory&apos;
10:00:55.193 [main] DEBUG org.springframework.beans.factory.support.DefaultListableBeanFactory - Eagerly caching bean &apos;org.springframework.context.event.internalEventListenerFactory&apos; to allow for resolving potential circular references
10:00:55.197 [main] DEBUG org.springframework.beans.factory.support.DefaultListableBeanFactory - Returning cached instance of singleton bean &apos;org.springframework.transaction.config.internalTransactionAdvisor&apos;
10:00:55.198 [main] DEBUG org.springframework.beans.factory.support.DefaultListableBeanFactory - Finished creating instance of bean &apos;org.springframework.context.event.internalEventListenerFactory&apos;
10:00:55.198 [main] DEBUG org.springframework.beans.factory.support.DefaultListableBeanFactory - Creating shared instance of singleton bean &apos;hibernateConfig&apos;
10:00:55.198 [main] DEBUG org.springframework.beans.factory.support.DefaultListableBeanFactory - Creating instance of bean &apos;hibernateConfig&apos;
10:00:55.201 [main] DEBUG org.springframework.beans.factory.support.DefaultListableBeanFactory - Eagerly caching bean &apos;hibernateConfig&apos; to allow for resolving potential circular references
10:00:55.206 [main] DEBUG org.springframework.beans.factory.support.DefaultListableBeanFactory - Returning cached instance of singleton bean &apos;org.springframework.transaction.config.internalTransactionAdvisor&apos;
10:00:55.208 [main] DEBUG org.springframework.beans.factory.support.DefaultListableBeanFactory - Finished creating instance of bean &apos;hibernateConfig&apos;
10:00:55.211 [main] DEBUG org.springframework.beans.factory.support.DefaultListableBeanFactory - Creating shared instance of singleton bean &apos;cartLineDAO&apos;
10:00:55.211 [main] DEBUG org.springframework.beans.factory.support.DefaultListableBeanFactory - Creating instance of bean &apos;cartLineDAO&apos;
10:00:55.212 [main] DEBUG org.springframework.beans.factory.annotation.InjectionMetadata - Registered injected element on class [com.shoppingbackend.dao.daoimpl.CartLineDAOImpl]: AutowiredFieldElement for private org.hibernate.SessionFactory com.shoppingbackend.dao.daoimpl.CartLineDAOImpl.sessionFactory
10:00:55.213 [main] DEBUG org.springframework.beans.factory.support.DefaultListableBeanFactory - Eagerly caching bean &apos;cartLineDAO&apos; to allow for resolving potential circular references
10:00:55.221 [main] DEBUG org.springframework.beans.factory.annotation.InjectionMetadata - Processing injected element of bean &apos;cartLineDAO&apos;: AutowiredFieldElement for private org.hibernate.SessionFactory com.shoppingbackend.dao.daoimpl.CartLineDAOImpl.sessionFactory
10:00:55.223 [main] DEBUG org.springframework.beans.factory.support.DefaultListableBeanFactory - Creating shared instance of singleton bean &apos;getSessionFactory&apos;
10:00:55.226 [main] DEBUG org.springframework.beans.factory.support.DefaultListableBeanFactory - Creating instance of bean &apos;getSessionFactory&apos;
10:00:55.226 [main] DEBUG org.springframework.beans.factory.support.DefaultListableBeanFactory - Returning cached instance of singleton bean &apos;hibernateConfig&apos;
10:00:55.229 [main] DEBUG org.springframework.beans.factory.support.DefaultListableBeanFactory - Creating shared instance of singleton bean &apos;dataSource&apos;
10:00:55.230 [main] DEBUG org.springframework.beans.factory.support.DefaultListableBeanFactory - Creating instance of bean &apos;dataSource&apos;
10:00:55.230 [main] DEBUG org.springframework.beans.factory.support.DefaultListableBeanFactory - Returning cached instance of singleton bean &apos;hibernateConfig&apos;
10:00:55.232 [main] DEBUG org.springframework.beans.factory.support.DefaultListableBeanFactory - Eagerly caching bean &apos;dataSource&apos; to allow for resolving potential circular references
10:00:55.253 [main] DEBUG org.springframework.beans.factory.support.DefaultListableBeanFactory - Returning cached instance of singleton bean &apos;org.springframework.transaction.config.internalTransactionAdvisor&apos;
10:00:55.257 [main] DEBUG org.springframework.beans.factory.support.DefaultListableBeanFactory - Finished creating instance of bean &apos;dataSource&apos;
10:00:55.258 [main] DEBUG org.springframework.beans.factory.support.DefaultListableBeanFactory - Autowiring by type from bean name &apos;getSessionFactory&apos; via factory method to bean named &apos;dataSource&apos;
10:00:55.259 [main] DEBUG org.hibernate.integrator.internal.IntegratorServiceImpl - Adding Integrator [org.hibernate.cfg.beanvalidation.BeanValidationIntegrator].
10:00:55.259 [main] DEBUG org.hibernate.integrator.internal.IntegratorServiceImpl - Adding Integrator [org.hibernate.secure.spi.JaccIntegrator].
10:00:55.259 [main] DEBUG org.hibernate.integrator.internal.IntegratorServiceImpl - Adding Integrator [org.hibernate.cache.internal.CollectionCacheInvalidator].
10:00:55.268 [main] DEBUG org.springframework.core.io.support.PathMatchingResourcePatternResolver - Resolved classpath location [com/shoppingbackend/model/] to resources [URL [file:/C:/Users/bhano/virtual-Tranning/shoppingbackend/target/classes/com/shoppingbackend/model/]]
10:00:55.268 [main] DEBUG org.springframework.core.io.support.PathMatchingResourcePatternResolver - Looking for matching resources in directory tree [C:\Users\bhano\virtual-Tranning\shoppingbackend\target\classes\com\shoppingbackend\model]
10:00:55.269 [main] DEBUG org.springframework.core.io.support.PathMatchingResourcePatternResolver - Searching directory [C:\Users\bhano\virtual-Tranning\shoppingbackend\target\classes\com\shoppingbackend\model] for files matching pattern [C:/Users/bhano/virtual-Tranning/shoppingbackend/target/classes/com/shoppingbackend/model/**/*.class]
10:00:55.275 [main] DEBUG org.springframework.core.io.support.PathMatchingResourcePatternResolver - Resolved location pattern [classpath*:com/shoppingbackend/model/**/*.class] to resources [file [C:\Users\bhano\virtual-Tranning\shoppingbackend\target\classes\com\shoppingbackend\model\Address.class], file [C:\Users\bhano\virtual-Tranning\shoppingbackend\target\classes\com\shoppingbackend\model\Cart.class], file [C:\Users\bhano\virtual-Tranning\shoppingbackend\target\classes\com\shoppingbackend\model\CartLine.class], file [C:\Users\bhano\virtual-Tranning\shoppingbackend\target\classes\com\shoppingbackend\model\Category.class], file [C:\Users\bhano\virtual-Tranning\shoppingbackend\target\classes\com\shoppingbackend\model\OrderDetail.class], file [C:\Users\bhano\virtual-Tranning\shoppingbackend\target\classes\com\shoppingbackend\model\OrderItem.class], file [C:\Users\bhano\virtual-Tranning\shoppingbackend\target\classes\com\shoppingbackend\model\Product.class], file [C:\Users\bhano\virtual-Tranning\shoppingbackend\target\classes\com\shoppingbackend\model\Supplier.class], file [C:\Users\bhano\virtual-Tranning\shoppingbackend\target\classes\com\shoppingbackend\model\User.class]]
10:00:55.288 [main] DEBUG org.hibernate.cfg.Configuration - Building session factory using internal StandardServiceRegistryBuilder
10:00:55.289 [main] DEBUG org.hibernate.service.spi.ServiceBinding - Overriding existing service binding [org.hibernate.secure.spi.JaccService]
10:00:55.290 [main] DEBUG org.hibernate.cfg.Configuration - Building session factory using provided StandardServiceRegistry
10:00:55.290 [main] DEBUG org.hibernate.cache.internal.RegionFactoryInitiator - Cache region factory : org.hibernate.cache.internal.NoCachingRegionFactory
10:00:55.299 [main] DEBUG org.hibernate.type.BasicTypeRegistry - Adding type registration boolean -&gt; org.hibernate.type.BooleanType@60db1c0e
10:00:55.299 [main] DEBUG org.hibernate.type.BasicTypeRegistry - Adding type registration boolean -&gt; org.hibernate.type.BooleanType@60db1c0e
10:00:55.299 [main] DEBUG org.hibernate.type.BasicTypeRegistry - Adding type registration java.lang.Boolean -&gt; org.hibernate.type.BooleanType@60db1c0e
10:00:55.300 [main] DEBUG org.hibernate.type.BasicTypeRegistry - Adding type registration numeric_boolean -&gt; org.hibernate.type.NumericBooleanType@2438dcd
10:00:55.300 [main] DEBUG org.hibernate.type.BasicTypeRegistry - Adding type registration true_false -&gt; org.hibernate.type.TrueFalseType@e3b3b2f
10:00:55.301 [main] DEBUG org.hibernate.type.BasicTypeRegistry - Adding type registration yes_no -&gt; org.hibernate.type.YesNoType@7f2cfe3f
10:00:55.301 [main] DEBUG org.hibernate.type.BasicTypeRegistry - Adding type registration byte -&gt; org.hibernate.type.ByteType@45efd90f
10:00:55.301 [main] DEBUG org.hibernate.type.BasicTypeRegistry - Adding type registration byte -&gt; org.hibernate.type.ByteType@45efd90f
10:00:55.301 [main] DEBUG org.hibernate.type.BasicTypeRegistry - Adding type registration java.lang.Byte -&gt; org.hibernate.type.ByteType@45efd90f
10:00:55.302 [main] DEBUG org.hibernate.type.BasicTypeRegistry - Adding type registration character -&gt; org.hibernate.type.CharacterType@4a07d605
10:00:55.302 [main] DEBUG org.hibernate.type.BasicTypeRegistry - Adding type registration char -&gt; org.hibernate.type.CharacterType@4a07d605
10:00:55.329 [main] DEBUG org.hibernate.type.BasicTypeRegistry - Adding type registration java.lang.Character -&gt; org.hibernate.type.CharacterType@4a07d605
10:00:55.330 [main] DEBUG org.hibernate.type.BasicTypeRegistry - Adding type registration short -&gt; org.hibernate.type.ShortType@68878f6d
10:00:55.330 [main] DEBUG org.hibernate.type.BasicTypeRegistry - Adding type registration short -&gt; org.hibernate.type.ShortType@68878f6d
10:00:55.331 [main] DEBUG org.hibernate.type.BasicTypeRegistry - Adding type registration java.lang.Short -&gt; org.hibernate.type.ShortType@68878f6d
10:00:55.331 [main] DEBUG org.hibernate.type.BasicTypeRegistry - Adding type registration integer -&gt; org.hibernate.type.IntegerType@7fd7a283
10:00:55.331 [main] DEBUG org.hibernate.type.BasicTypeRegistry - Adding type registration int -&gt; org.hibernate.type.IntegerType@7fd7a283
10:00:55.331 [main] DEBUG org.hibernate.type.BasicTypeRegistry - Adding type registration java.lang.Integer -&gt; org.hibernate.type.IntegerType@7fd7a283
10:00:55.332 [main] DEBUG org.hibernate.type.BasicTypeRegistry - Adding type registration long -&gt; org.hibernate.type.LongType@18317edc
10:00:55.332 [main] DEBUG org.hibernate.type.BasicTypeRegistry - Adding type registration long -&gt; org.hibernate.type.LongType@18317edc
10:00:55.332 [main] DEBUG org.hibernate.type.BasicTypeRegistry - Adding type registration java.lang.Long -&gt; org.hibernate.type.LongType@18317edc
10:00:55.332 [main] DEBUG org.hibernate.type.BasicTypeRegistry - Adding type registration float -&gt; org.hibernate.type.FloatType@376a0d86
10:00:55.333 [main] DEBUG org.hibernate.type.BasicTypeRegistry - Adding type registration float -&gt; org.hibernate.type.FloatType@376a0d86
10:00:55.334 [main] DEBUG org.hibernate.type.BasicTypeRegistry - Adding type registration java.lang.Float -&gt; org.hibernate.type.FloatType@376a0d86
10:00:55.334 [main] DEBUG org.hibernate.type.BasicTypeRegistry - Adding type registration double -&gt; org.hibernate.type.DoubleType@6c7a164b
10:00:55.336 [main] DEBUG org.hibernate.type.BasicTypeRegistry - Adding type registration double -&gt; org.hibernate.type.DoubleType@6c7a164b
10:00:55.336 [main] DEBUG org.hibernate.type.BasicTypeRegistry - Adding type registration java.lang.Double -&gt; org.hibernate.type.DoubleType@6c7a164b
10:00:55.337 [main] DEBUG org.hibernate.type.BasicTypeRegistry - Adding type registration big_decimal -&gt; org.hibernate.type.BigDecimalType@47c81abf
10:00:55.337 [main] DEBUG org.hibernate.type.BasicTypeRegistry - Adding type registration java.math.BigDecimal -&gt; org.hibernate.type.BigDecimalType@47c81abf
10:00:55.337 [main] DEBUG org.hibernate.type.BasicTypeRegistry - Adding type registration big_integer -&gt; org.hibernate.type.BigIntegerType@3cce57c7
10:00:55.337 [main] DEBUG org.hibernate.type.BasicTypeRegistry - Adding type registration java.math.BigInteger -&gt; org.hibernate.type.BigIntegerType@3cce57c7
10:00:55.338 [main] DEBUG org.hibernate.type.BasicTypeRegistry - Adding type registration string -&gt; org.hibernate.type.StringType@3576ddc2
10:00:55.338 [main] DEBUG org.hibernate.type.BasicTypeRegistry - Adding type registration java.lang.String -&gt; org.hibernate.type.StringType@3576ddc2
10:00:55.338 [main] DEBUG org.hibernate.type.BasicTypeRegistry - Adding type registration nstring -&gt; org.hibernate.type.StringNVarcharType@747f281
10:00:55.338 [main] DEBUG org.hibernate.type.BasicTypeRegistry - Adding type registration ncharacter -&gt; org.hibernate.type.CharacterNCharType@2ca923bb
10:00:55.339 [main] DEBUG org.hibernate.type.BasicTypeRegistry - Adding type registration url -&gt; org.hibernate.type.UrlType@7de62196
10:00:55.339 [main] DEBUG org.hibernate.type.BasicTypeRegistry - Adding type registration java.net.URL -&gt; org.hibernate.type.UrlType@7de62196
10:00:55.339 [main] DEBUG org.hibernate.type.BasicTypeRegistry - Adding type registration Duration -&gt; org.hibernate.type.DurationType@389b0789
10:00:55.339 [main] DEBUG org.hibernate.type.BasicTypeRegistry - Adding type registration java.time.Duration -&gt; org.hibernate.type.DurationType@389b0789
10:00:55.340 [main] DEBUG org.hibernate.type.BasicTypeRegistry - Adding type registration Instant -&gt; org.hibernate.type.InstantType@2dc9b0f5
10:00:55.340 [main] DEBUG org.hibernate.type.BasicTypeRegistry - Adding type registration java.time.Instant -&gt; org.hibernate.type.InstantType@2dc9b0f5
10:00:55.340 [main] DEBUG org.hibernate.type.BasicTypeRegistry - Adding type registration LocalDateTime -&gt; org.hibernate.type.LocalDateTimeType@56dc1551
10:00:55.340 [main] DEBUG org.hibernate.type.BasicTypeRegistry - Adding type registration java.time.LocalDateTime -&gt; org.hibernate.type.LocalDateTimeType@56dc1551
10:00:55.341 [main] DEBUG org.hibernate.type.BasicTypeRegistry - Adding type registration LocalDate -&gt; org.hibernate.type.LocalDateType@4bbf6d0e
10:00:55.342 [main] DEBUG org.hibernate.type.BasicTypeRegistry - Adding type registration java.time.LocalDate -&gt; org.hibernate.type.LocalDateType@4bbf6d0e
10:00:55.342 [main] DEBUG org.hibernate.type.BasicTypeRegistry - Adding type registration LocalTime -&gt; org.hibernate.type.LocalTimeType@93081b6
10:00:55.342 [main] DEBUG org.hibernate.type.BasicTypeRegistry - Adding type registration java.time.LocalTime -&gt; org.hibernate.type.LocalTimeType@93081b6
10:00:55.342 [main] DEBUG org.hibernate.type.BasicTypeRegistry - Adding type registration OffsetDateTime -&gt; org.hibernate.type.OffsetDateTimeType@16c069df
10:00:55.342 [main] DEBUG org.hibernate.type.BasicTypeRegistry - Adding type registration java.time.OffsetDateTime -&gt; org.hibernate.type.OffsetDateTimeType@16c069df
10:00:55.343 [main] DEBUG org.hibernate.type.BasicTypeRegistry - Adding type registration OffsetTime -&gt; org.hibernate.type.OffsetTimeType@7c3fdb62
10:00:55.343 [main] DEBUG org.hibernate.type.BasicTypeRegistry - Adding type registration java.time.OffsetTime -&gt; org.hibernate.type.OffsetTimeType@7c3fdb62
10:00:55.343 [main] DEBUG org.hibernate.type.BasicTypeRegistry - Adding type registration ZonedDateTime -&gt; org.hibernate.type.ZonedDateTimeType@72ade7e3
10:00:55.343 [main] DEBUG org.hibernate.type.BasicTypeRegistry - Adding type registration java.time.ZonedDateTime -&gt; org.hibernate.type.ZonedDateTimeType@72ade7e3
10:00:55.344 [main] DEBUG org.hibernate.type.BasicTypeRegistry - Adding type registration date -&gt; org.hibernate.type.DateType@23202fce
10:00:55.344 [main] DEBUG org.hibernate.type.BasicTypeRegistry - Adding type registration java.sql.Date -&gt; org.hibernate.type.DateType@23202fce
10:00:55.344 [main] DEBUG org.hibernate.type.BasicTypeRegistry - Adding type registration time -&gt; org.hibernate.type.TimeType@7f284218
10:00:55.344 [main] DEBUG org.hibernate.type.BasicTypeRegistry - Adding type registration java.sql.Time -&gt; org.hibernate.type.TimeType@7f284218
10:00:55.346 [main] DEBUG org.hibernate.type.BasicTypeRegistry - Adding type registration timestamp -&gt; org.hibernate.type.TimestampType@2cb2fc20
10:00:55.346 [main] DEBUG org.hibernate.type.BasicTypeRegistry - Adding type registration java.sql.Timestamp -&gt; org.hibernate.type.TimestampType@2cb2fc20
10:00:55.347 [main] DEBUG org.hibernate.type.BasicTypeRegistry - Adding type registration java.util.Date -&gt; org.hibernate.type.TimestampType@2cb2fc20
10:00:55.351 [main] DEBUG org.hibernate.type.BasicTypeRegistry - Adding type registration dbtimestamp -&gt; org.hibernate.type.DbTimestampType@5f0fd5a0
10:00:55.352 [main] DEBUG org.hibernate.type.BasicTypeRegistry - Adding type registration calendar -&gt; org.hibernate.type.CalendarType@3116c353
10:00:55.352 [main] DEBUG org.hibernate.type.BasicTypeRegistry - Adding type registration java.util.Calendar -&gt; org.hibernate.type.CalendarType@3116c353
10:00:55.353 [main] DEBUG org.hibernate.type.BasicTypeRegistry - Adding type registration java.util.GregorianCalendar -&gt; org.hibernate.type.CalendarType@3116c353
10:00:55.353 [main] DEBUG org.hibernate.type.BasicTypeRegistry - Adding type registration calendar_date -&gt; org.hibernate.type.CalendarDateType@352ff4da
10:00:55.353 [main] DEBUG org.hibernate.type.BasicTypeRegistry - Adding type registration locale -&gt; org.hibernate.type.LocaleType@295cf707
10:00:55.354 [main] DEBUG org.hibernate.type.BasicTypeRegistry - Adding type registration java.util.Locale -&gt; org.hibernate.type.LocaleType@295cf707
10:00:55.354 [main] DEBUG org.hibernate.type.BasicTypeRegistry - Adding type registration currency -&gt; org.hibernate.type.CurrencyType@1b266842
10:00:55.354 [main] DEBUG org.hibernate.type.BasicTypeRegistry - Adding type registration java.util.Currency -&gt; org.hibernate.type.CurrencyType@1b266842
10:00:55.356 [main] DEBUG org.hibernate.type.BasicTypeRegistry - Adding type registration timezone -&gt; org.hibernate.type.TimeZoneType@bb9e6dc
10:00:55.357 [main] DEBUG org.hibernate.type.BasicTypeRegistry - Adding type registration java.util.TimeZone -&gt; org.hibernate.type.TimeZoneType@bb9e6dc
10:00:55.357 [main] DEBUG org.hibernate.type.BasicTypeRegistry - Adding type registration class -&gt; org.hibernate.type.ClassType@39d76cb5
10:00:55.357 [main] DEBUG org.hibernate.type.BasicTypeRegistry - Adding type registration java.lang.Class -&gt; org.hibernate.type.ClassType@39d76cb5
10:00:55.358 [main] DEBUG org.hibernate.type.BasicTypeRegistry - Adding type registration uuid-binary -&gt; org.hibernate.type.UUIDBinaryType@4bd31064
10:00:55.358 [main] DEBUG org.hibernate.type.BasicTypeRegistry - Adding type registration java.util.UUID -&gt; org.hibernate.type.UUIDBinaryType@4bd31064
10:00:55.359 [main] DEBUG org.hibernate.type.BasicTypeRegistry - Adding type registration uuid-char -&gt; org.hibernate.type.UUIDCharType@7354b8c5
10:00:55.359 [main] DEBUG org.hibernate.type.BasicTypeRegistry - Adding type registration binary -&gt; org.hibernate.type.BinaryType@59e2d8e3
10:00:55.360 [main] DEBUG org.hibernate.type.BasicTypeRegistry - Adding type registration byte[] -&gt; org.hibernate.type.BinaryType@59e2d8e3
10:00:55.360 [main] DEBUG org.hibernate.type.BasicTypeRegistry - Adding type registration [B -&gt; org.hibernate.type.BinaryType@59e2d8e3
10:00:55.360 [main] DEBUG org.hibernate.type.BasicTypeRegistry - Adding type registration wrapper-binary -&gt; org.hibernate.type.WrapperBinaryType@2fba3fc4
10:00:55.361 [main] DEBUG org.hibernate.type.BasicTypeRegistry - Adding type registration Byte[] -&gt; org.hibernate.type.WrapperBinaryType@2fba3fc4
10:00:55.362 [main] DEBUG org.hibernate.type.BasicTypeRegistry - Adding type registration [Ljava.lang.Byte; -&gt; org.hibernate.type.WrapperBinaryType@2fba3fc4
10:00:55.362 [main] DEBUG org.hibernate.type.BasicTypeRegistry - Adding type registration row_version -&gt; org.hibernate.type.RowVersionType@1c852c0f
10:00:55.362 [main] DEBUG org.hibernate.type.BasicTypeRegistry - Adding type registration image -&gt; org.hibernate.type.ImageType@24c4ddae
10:00:55.363 [main] DEBUG org.hibernate.type.BasicTypeRegistry - Adding type registration characters -&gt; org.hibernate.type.CharArrayType@6a57ae10
10:00:55.363 [main] DEBUG org.hibernate.type.BasicTypeRegistry - Adding type registration char[] -&gt; org.hibernate.type.CharArrayType@6a57ae10
10:00:55.363 [main] DEBUG org.hibernate.type.BasicTypeRegistry - Adding type registration [C -&gt; org.hibernate.type.CharArrayType@6a57ae10
10:00:55.364 [main] DEBUG org.hibernate.type.BasicTypeRegistry - Adding type registration wrapper-characters -&gt; org.hibernate.type.CharacterArrayType@3b79fd76
10:00:55.364 [main] DEBUG org.hibernate.type.BasicTypeRegistry - Adding type registration [Ljava.lang.Character; -&gt; org.hibernate.type.CharacterArrayType@3b79fd76
10:00:55.367 [main] DEBUG org.hibernate.type.BasicTypeRegistry - Adding type registration Character[] -&gt; org.hibernate.type.CharacterArrayType@3b79fd76
10:00:55.367 [main] DEBUG org.hibernate.type.BasicTypeRegistry - Adding type registration text -&gt; org.hibernate.type.TextType@1863d2fe
10:00:55.368 [main] DEBUG org.hibernate.type.BasicTypeRegistry - Adding type registration ntext -&gt; org.hibernate.type.NTextType@797b0699
10:00:55.368 [main] DEBUG org.hibernate.type.BasicTypeRegistry - Adding type registration blob -&gt; org.hibernate.type.BlobType@6e01f9b0
10:00:55.368 [main] DEBUG org.hibernate.type.BasicTypeRegistry - Adding type registration java.sql.Blob -&gt; org.hibernate.type.BlobType@6e01f9b0
10:00:55.369 [main] DEBUG org.hibernate.type.BasicTypeRegistry - Adding type registration materialized_blob -&gt; org.hibernate.type.MaterializedBlobType@658c5a19
10:00:55.369 [main] DEBUG org.hibernate.type.BasicTypeRegistry - Adding type registration clob -&gt; org.hibernate.type.ClobType@68f1b17f
10:00:55.370 [main] DEBUG org.hibernate.type.BasicTypeRegistry - Adding type registration java.sql.Clob -&gt; org.hibernate.type.ClobType@68f1b17f
10:00:55.370 [main] DEBUG org.hibernate.type.BasicTypeRegistry - Adding type registration nclob -&gt; org.hibernate.type.NClobType@6fa34d52
10:00:55.374 [main] DEBUG org.hibernate.type.BasicTypeRegistry - Adding type registration java.sql.NClob -&gt; org.hibernate.type.NClobType@6fa34d52
10:00:55.374 [main] DEBUG org.hibernate.type.BasicTypeRegistry - Adding type registration materialized_clob -&gt; org.hibernate.type.MaterializedClobType@67b9b51a
10:00:55.376 [main] DEBUG org.hibernate.type.BasicTypeRegistry - Adding type registration materialized_nclob -&gt; org.hibernate.type.MaterializedNClobType@490caf5f
10:00:55.377 [main] DEBUG org.hibernate.type.BasicTypeRegistry - Adding type registration serializable -&gt; org.hibernate.type.SerializableType@934b6cb
10:00:55.377 [main] DEBUG org.hibernate.type.BasicTypeRegistry - Adding type registration object -&gt; org.hibernate.type.ObjectType@5cdec700
10:00:55.377 [main] DEBUG org.hibernate.type.BasicTypeRegistry - Adding type registration java.lang.Object -&gt; org.hibernate.type.ObjectType@5cdec700
10:00:55.378 [main] DEBUG org.hibernate.type.BasicTypeRegistry - Adding type registration imm_date -&gt; org.hibernate.type.AdaptedImmutableType@3cec79d3
10:00:55.378 [main] DEBUG org.hibernate.type.BasicTypeRegistry - Adding type registration imm_time -&gt; org.hibernate.type.AdaptedImmutableType@64b70919
10:00:55.379 [main] DEBUG org.hibernate.type.BasicTypeRegistry - Adding type registration imm_timestamp -&gt; org.hibernate.type.AdaptedImmutableType@4e31c3ec
10:00:55.379 [main] DEBUG org.hibernate.type.BasicTypeRegistry - Adding type registration imm_dbtimestamp -&gt; org.hibernate.type.AdaptedImmutableType@3157e4c0
10:00:55.379 [main] DEBUG org.hibernate.type.BasicTypeRegistry - Adding type registration imm_calendar -&gt; org.hibernate.type.AdaptedImmutableType@6eaa21d8
10:00:55.393 [main] DEBUG org.hibernate.type.BasicTypeRegistry - Adding type registration imm_calendar_date -&gt; org.hibernate.type.AdaptedImmutableType@328902d5
10:00:55.393 [main] DEBUG org.hibernate.type.BasicTypeRegistry - Adding type registration imm_binary -&gt; org.hibernate.type.AdaptedImmutableType@72e789cb
10:00:55.394 [main] DEBUG org.hibernate.type.BasicTypeRegistry - Adding type registration imm_serializable -&gt; org.hibernate.type.AdaptedImmutableType@7c1812b3
10:00:55.430 [main] DEBUG org.hibernate.engine.jdbc.env.internal.JdbcEnvironmentInitiator - Database -&gt;
       name : H2
    version : 1.4.196 (2017-06-10)
      major : 1
      minor : 4
10:00:55.431 [main] DEBUG org.hibernate.engine.jdbc.env.internal.JdbcEnvironmentInitiator - Driver -&gt;
       name : H2 JDBC Driver
    version : 1.4.196 (2017-06-10)
      major : 1
      minor : 4
10:00:55.431 [main] DEBUG org.hibernate.engine.jdbc.env.internal.JdbcEnvironmentInitiator - JDBC version : 4.0
10:00:55.431 [main] INFO org.hibernate.dialect.Dialect - HHH000400: Using dialect: org.hibernate.dialect.H2Dialect
10:00:55.547 [main] DEBUG org.hibernate.id.factory.internal.DefaultIdentifierGeneratorFactory - Registering IdentifierGenerator strategy [uuid2] -&gt; [org.hibernate.id.UUIDGenerator]
10:00:55.547 [main] DEBUG org.hibernate.id.factory.internal.DefaultIdentifierGeneratorFactory - Registering IdentifierGenerator strategy [guid] -&gt; [org.hibernate.id.GUIDGenerator]
10:00:55.547 [main] DEBUG org.hibernate.id.factory.internal.DefaultIdentifierGeneratorFactory - Registering IdentifierGenerator strategy [uuid] -&gt; [org.hibernate.id.UUIDHexGenerator]
10:00:55.547 [main] DEBUG org.hibernate.id.factory.internal.DefaultIdentifierGeneratorFactory - Registering IdentifierGenerator strategy [uuid.hex] -&gt; [org.hibernate.id.UUIDHexGenerator]
10:00:55.547 [main] DEBUG org.hibernate.id.factory.internal.DefaultIdentifierGeneratorFactory - Registering IdentifierGenerator strategy [assigned] -&gt; [org.hibernate.id.Assigned]
10:00:55.548 [main] DEBUG org.hibernate.id.factory.internal.DefaultIdentifierGeneratorFactory - Registering IdentifierGenerator strategy [identity] -&gt; [org.hibernate.id.IdentityGenerator]
10:00:55.548 [main] DEBUG org.hibernate.id.factory.internal.DefaultIdentifierGeneratorFactory - Registering IdentifierGenerator strategy [select] -&gt; [org.hibernate.id.SelectGenerator]
10:00:55.548 [main] DEBUG org.hibernate.id.factory.internal.DefaultIdentifierGeneratorFactory - Registering IdentifierGenerator strategy [sequence] -&gt; [org.hibernate.id.enhanced.SequenceStyleGenerator]
10:00:55.548 [main] DEBUG org.hibernate.id.factory.internal.DefaultIdentifierGeneratorFactory - Registering IdentifierGenerator strategy [seqhilo] -&gt; [org.hibernate.id.SequenceHiLoGenerator]
10:00:55.548 [main] DEBUG org.hibernate.id.factory.internal.DefaultIdentifierGeneratorFactory - Registering IdentifierGenerator strategy [increment] -&gt; [org.hibernate.id.IncrementGenerator]
10:00:55.548 [main] DEBUG org.hibernate.id.factory.internal.DefaultIdentifierGeneratorFactory - Registering IdentifierGenerator strategy [foreign] -&gt; [org.hibernate.id.ForeignGenerator]
10:00:55.548 [main] DEBUG org.hibernate.id.factory.internal.DefaultIdentifierGeneratorFactory - Registering IdentifierGenerator strategy [sequence-identity] -&gt; [org.hibernate.id.SequenceIdentityGenerator]
10:00:55.548 [main] DEBUG org.hibernate.id.factory.internal.DefaultIdentifierGeneratorFactory - Registering IdentifierGenerator strategy [enhanced-sequence] -&gt; [org.hibernate.id.enhanced.SequenceStyleGenerator]
10:00:55.548 [main] DEBUG org.hibernate.id.factory.internal.DefaultIdentifierGeneratorFactory - Registering IdentifierGenerator strategy [enhanced-table] -&gt; [org.hibernate.id.enhanced.TableGenerator]
10:00:55.548 [main] DEBUG org.hibernate.boot.model.relational.Namespace - Created database namespace [logicalName=Name{catalog=null, schema=null}, physicalName=Name{catalog=null, schema=null}]
10:00:55.549 [main] DEBUG org.hibernate.cfg.AnnotationBinder - Binding entity from annotated class: com.shoppingbackend.model.Address
10:00:55.549 [main] DEBUG org.hibernate.cfg.Ejb3Column - Binding column: Ejb3DiscriminatorColumn{logicalColumnName&apos;DTYPE&apos;, discriminatorTypeName=&apos;string&apos;}
10:00:55.549 [main] DEBUG org.hibernate.cfg.annotations.EntityBinder - Import with entity name Address
10:00:55.552 [main] DEBUG org.hibernate.cfg.annotations.EntityBinder - Bind entity com.shoppingbackend.model.Address on table Address
10:00:55.553 [main] DEBUG org.hibernate.cfg.Ejb3Column - Binding column: Ejb3Column{table=org.hibernate.mapping.Table(Address), mappingColumn=id, insertable=true, updatable=true, unique=false}
10:00:55.553 [main] DEBUG org.hibernate.cfg.annotations.PropertyBinder - MetadataSourceProcessor property id with lazy=false
10:00:55.553 [main] DEBUG org.hibernate.cfg.AbstractPropertyHolder - Attempting to locate auto-apply AttributeConverter for property [com.shoppingbackend.model.Address:id]
10:00:55.554 [main] DEBUG org.hibernate.cfg.annotations.SimpleValueBinder - building SimpleValue for id
10:00:55.554 [main] DEBUG org.hibernate.cfg.annotations.PropertyBinder - Building property id
10:00:55.554 [main] DEBUG org.hibernate.cfg.Ejb3Column - Binding column: Ejb3Column{table=org.hibernate.mapping.Table(Address), mappingColumn=address_line_one, insertable=true, updatable=true, unique=false}
10:00:55.554 [main] DEBUG org.hibernate.cfg.annotations.PropertyBinder - MetadataSourceProcessor property addressLineOne with lazy=false
10:00:55.554 [main] DEBUG org.hibernate.cfg.AbstractPropertyHolder - Attempting to locate auto-apply AttributeConverter for property [com.shoppingbackend.model.Address:addressLineOne]
10:00:55.554 [main] DEBUG org.hibernate.cfg.annotations.SimpleValueBinder - building SimpleValue for addressLineOne
10:00:55.554 [main] DEBUG org.hibernate.cfg.annotations.PropertyBinder - Building property addressLineOne
10:00:55.554 [main] DEBUG org.hibernate.cfg.Ejb3Column - Binding column: Ejb3Column{table=org.hibernate.mapping.Table(Address), mappingColumn=address_line_two, insertable=true, updatable=true, unique=false}
10:00:55.556 [main] DEBUG org.hibernate.cfg.annotations.PropertyBinder - MetadataSourceProcessor property addressLineTwo with lazy=false
10:00:55.556 [main] DEBUG org.hibernate.cfg.AbstractPropertyHolder - Attempting to locate auto-apply AttributeConverter for property [com.shoppingbackend.model.Address:addressLineTwo]
10:00:55.556 [main] DEBUG org.hibernate.cfg.annotations.SimpleValueBinder - building SimpleValue for addressLineTwo
10:00:55.556 [main] DEBUG org.hibernate.cfg.annotations.PropertyBinder - Building property addressLineTwo
10:00:55.556 [main] DEBUG org.hibernate.cfg.Ejb3Column - Binding column: Ejb3Column{table=org.hibernate.mapping.Table(Address), mappingColumn=is_billing, insertable=true, updatable=true, unique=false}
10:00:55.556 [main] DEBUG org.hibernate.cfg.annotations.PropertyBinder - MetadataSourceProcessor property billing with lazy=false
10:00:55.556 [main] DEBUG org.hibernate.cfg.AbstractPropertyHolder - Attempting to locate auto-apply AttributeConverter for property [com.shoppingbackend.model.Address:billing]
10:00:55.556 [main] DEBUG org.hibernate.cfg.annotations.SimpleValueBinder - building SimpleValue for billing
10:00:55.557 [main] DEBUG org.hibernate.cfg.annotations.PropertyBinder - Building property billing
10:00:55.557 [main] DEBUG org.hibernate.cfg.Ejb3Column - Binding column: Ejb3Column{table=org.hibernate.mapping.Table(Address), mappingColumn=city, insertable=true, updatable=true, unique=false}
10:00:55.557 [main] DEBUG org.hibernate.cfg.annotations.PropertyBinder - MetadataSourceProcessor property city with lazy=false
10:00:55.557 [main] DEBUG org.hibernate.cfg.AbstractPropertyHolder - Attempting to locate auto-apply AttributeConverter for property [com.shoppingbackend.model.Address:city]
10:00:55.557 [main] DEBUG org.hibernate.cfg.annotations.SimpleValueBinder - building SimpleValue for city
10:00:55.557 [main] DEBUG org.hibernate.cfg.annotations.PropertyBinder - Building property city
10:00:55.559 [main] DEBUG org.hibernate.cfg.Ejb3Column - Binding column: Ejb3Column{table=org.hibernate.mapping.Table(Address), mappingColumn=country, insertable=true, updatable=true, unique=false}
10:00:55.559 [main] DEBUG org.hibernate.cfg.annotations.PropertyBinder - MetadataSourceProcessor property country with lazy=false
10:00:55.560 [main] DEBUG org.hibernate.cfg.AbstractPropertyHolder - Attempting to locate auto-apply AttributeConverter for property [com.shoppingbackend.model.Address:country]
10:00:55.560 [main] DEBUG org.hibernate.cfg.annotations.SimpleValueBinder - building SimpleValue for country
10:00:55.560 [main] DEBUG org.hibernate.cfg.annotations.PropertyBinder - Building property country
10:00:55.560 [main] DEBUG org.hibernate.cfg.Ejb3Column - Binding column: Ejb3Column{table=org.hibernate.mapping.Table(Address), mappingColumn=postal_code, insertable=true, updatable=true, unique=false}
10:00:55.560 [main] DEBUG org.hibernate.cfg.annotations.PropertyBinder - MetadataSourceProcessor property postalCode with lazy=false
10:00:55.560 [main] DEBUG org.hibernate.cfg.AbstractPropertyHolder - Attempting to locate auto-apply AttributeConverter for property [com.shoppingbackend.model.Address:postalCode]
10:00:55.560 [main] DEBUG org.hibernate.cfg.annotations.SimpleValueBinder - building SimpleValue for postalCode
10:00:55.561 [main] DEBUG org.hibernate.cfg.annotations.PropertyBinder - Building property postalCode
10:00:55.561 [main] DEBUG org.hibernate.cfg.Ejb3Column - Binding column: Ejb3Column{table=org.hibernate.mapping.Table(Address), mappingColumn=is_shipping, insertable=true, updatable=true, unique=false}
10:00:55.561 [main] DEBUG org.hibernate.cfg.annotations.PropertyBinder - MetadataSourceProcessor property shipping with lazy=false
10:00:55.561 [main] DEBUG org.hibernate.cfg.AbstractPropertyHolder - Attempting to locate auto-apply AttributeConverter for property [com.shoppingbackend.model.Address:shipping]
10:00:55.561 [main] DEBUG org.hibernate.cfg.annotations.SimpleValueBinder - building SimpleValue for shipping
10:00:55.562 [main] DEBUG org.hibernate.cfg.annotations.PropertyBinder - Building property shipping
10:00:55.562 [main] DEBUG org.hibernate.cfg.Ejb3Column - Binding column: Ejb3Column{table=org.hibernate.mapping.Table(Address), mappingColumn=state, insertable=true, updatable=true, unique=false}
10:00:55.562 [main] DEBUG org.hibernate.cfg.annotations.PropertyBinder - MetadataSourceProcessor property state with lazy=false
10:00:55.562 [main] DEBUG org.hibernate.cfg.AbstractPropertyHolder - Attempting to locate auto-apply AttributeConverter for property [com.shoppingbackend.model.Address:state]
10:00:55.562 [main] DEBUG org.hibernate.cfg.annotations.SimpleValueBinder - building SimpleValue for state
10:00:55.562 [main] DEBUG org.hibernate.cfg.annotations.PropertyBinder - Building property state
10:00:55.562 [main] DEBUG org.hibernate.cfg.Ejb3Column - Binding column: Ejb3Column{table=org.hibernate.mapping.Table(Address), mappingColumn=user_id, insertable=true, updatable=true, unique=false}
10:00:55.562 [main] DEBUG org.hibernate.cfg.annotations.PropertyBinder - MetadataSourceProcessor property userId with lazy=false
10:00:55.562 [main] DEBUG org.hibernate.cfg.AbstractPropertyHolder - Attempting to locate auto-apply AttributeConverter for property [com.shoppingbackend.model.Address:userId]
10:00:55.562 [main] DEBUG org.hibernate.cfg.annotations.SimpleValueBinder - building SimpleValue for userId
10:00:55.563 [main] DEBUG org.hibernate.cfg.annotations.PropertyBinder - Building property userId
10:00:55.563 [main] DEBUG org.hibernate.cfg.AnnotationBinder - Binding entity from annotated class: com.shoppingbackend.model.Cart
10:00:55.564 [main] DEBUG org.hibernate.cfg.Ejb3Column - Binding column: Ejb3DiscriminatorColumn{logicalColumnName&apos;DTYPE&apos;, discriminatorTypeName=&apos;string&apos;}
10:00:55.567 [main] DEBUG org.hibernate.cfg.annotations.EntityBinder - Import with entity name Cart
10:00:55.567 [main] DEBUG org.hibernate.cfg.annotations.EntityBinder - Bind entity com.shoppingbackend.model.Cart on table Cart
10:00:55.568 [main] DEBUG org.hibernate.cfg.Ejb3Column - Binding column: Ejb3Column{table=org.hibernate.mapping.Table(Cart), mappingColumn=id, insertable=true, updatable=true, unique=false}
10:00:55.568 [main] DEBUG org.hibernate.cfg.annotations.PropertyBinder - MetadataSourceProcessor property id with lazy=false
10:00:55.568 [main] DEBUG org.hibernate.cfg.AbstractPropertyHolder - Attempting to locate auto-apply AttributeConverter for property [com.shoppingbackend.model.Cart:id]
10:00:55.568 [main] DEBUG org.hibernate.cfg.annotations.SimpleValueBinder - building SimpleValue for id
10:00:55.569 [main] DEBUG org.hibernate.cfg.annotations.PropertyBinder - Building property id
10:00:55.569 [main] DEBUG org.hibernate.cfg.Ejb3Column - Binding column: Ejb3Column{table=org.hibernate.mapping.Table(Cart), mappingColumn=cart_lines, insertable=true, updatable=true, unique=false}
10:00:55.569 [main] DEBUG org.hibernate.cfg.annotations.PropertyBinder - MetadataSourceProcessor property cartLines with lazy=false
10:00:55.569 [main] DEBUG org.hibernate.cfg.AbstractPropertyHolder - Attempting to locate auto-apply AttributeConverter for property [com.shoppingbackend.model.Cart:cartLines]
10:00:55.569 [main] DEBUG org.hibernate.cfg.annotations.SimpleValueBinder - building SimpleValue for cartLines
10:00:55.569 [main] DEBUG org.hibernate.cfg.annotations.PropertyBinder - Building property cartLines
10:00:55.569 [main] DEBUG org.hibernate.cfg.Ejb3Column - Binding column: Ejb3Column{table=org.hibernate.mapping.Table(Cart), mappingColumn=grand_total, insertable=true, updatable=true, unique=false}
10:00:55.569 [main] DEBUG org.hibernate.cfg.annotations.PropertyBinder - MetadataSourceProcessor property grandTotal with lazy=false
10:00:55.569 [main] DEBUG org.hibernate.cfg.AbstractPropertyHolder - Attempting to locate auto-apply AttributeConverter for property [com.shoppingbackend.model.Cart:grandTotal]
10:00:55.569 [main] DEBUG org.hibernate.cfg.annotations.SimpleValueBinder - building SimpleValue for grandTotal
10:00:55.570 [main] DEBUG org.hibernate.cfg.annotations.PropertyBinder - Building property grandTotal
10:00:55.570 [main] DEBUG org.hibernate.cfg.Ejb3Column - Binding column: Ejb3JoinColumn{logicalColumnName=&apos;null&apos;, referencedColumn=&apos;null&apos;, mappedBy=&apos;&apos;}
10:00:55.570 [main] DEBUG org.hibernate.cfg.Ejb3Column - Binding column: Ejb3Column{table=org.hibernate.mapping.Table(Cart), mappingColumn=user, insertable=true, updatable=true, unique=false}
10:00:55.570 [main] DEBUG org.hibernate.cfg.annotations.PropertyBinder - Building property user
10:00:55.570 [main] DEBUG org.hibernate.cfg.AnnotationBinder - Binding entity from annotated class: com.shoppingbackend.model.CartLine
10:00:55.571 [main] DEBUG org.hibernate.cfg.Ejb3Column - Binding column: Ejb3DiscriminatorColumn{logicalColumnName&apos;DTYPE&apos;, discriminatorTypeName=&apos;string&apos;}
10:00:55.571 [main] DEBUG org.hibernate.cfg.annotations.EntityBinder - Import with entity name CartLine
10:00:55.571 [main] DEBUG org.hibernate.cfg.annotations.EntityBinder - Bind entity com.shoppingbackend.model.CartLine on table cart_line
10:00:55.572 [main] DEBUG org.hibernate.cfg.Ejb3Column - Binding column: Ejb3Column{table=org.hibernate.mapping.Table(cart_line), mappingColumn=id, insertable=true, updatable=true, unique=false}
10:00:55.572 [main] DEBUG org.hibernate.cfg.annotations.PropertyBinder - MetadataSourceProcessor property id with lazy=false
10:00:55.573 [main] DEBUG org.hibernate.cfg.AbstractPropertyHolder - Attempting to locate auto-apply AttributeConverter for property [com.shoppingbackend.model.CartLine:id]
10:00:55.574 [main] DEBUG org.hibernate.cfg.annotations.SimpleValueBinder - building SimpleValue for id
10:00:55.574 [main] DEBUG org.hibernate.cfg.annotations.PropertyBinder - Building property id
10:00:55.574 [main] DEBUG org.hibernate.cfg.Ejb3Column - Binding column: Ejb3Column{table=org.hibernate.mapping.Table(cart_line), mappingColumn=is_available, insertable=true, updatable=true, unique=false}
10:00:55.574 [main] DEBUG org.hibernate.cfg.annotations.PropertyBinder - MetadataSourceProcessor property available with lazy=false
10:00:55.574 [main] DEBUG org.hibernate.cfg.AbstractPropertyHolder - Attempting to locate auto-apply AttributeConverter for property [com.shoppingbackend.model.CartLine:available]
10:00:55.574 [main] DEBUG org.hibernate.cfg.annotations.SimpleValueBinder - building SimpleValue for available
10:00:55.574 [main] DEBUG org.hibernate.cfg.annotations.PropertyBinder - Building property available
10:00:55.574 [main] DEBUG org.hibernate.cfg.Ejb3Column - Binding column: Ejb3Column{table=org.hibernate.mapping.Table(cart_line), mappingColumn=buying_price, insertable=true, updatable=true, unique=false}
10:00:55.576 [main] DEBUG org.hibernate.cfg.annotations.PropertyBinder - MetadataSourceProcessor property buyingPrice with lazy=false
10:00:55.576 [main] DEBUG org.hibernate.cfg.AbstractPropertyHolder - Attempting to locate auto-apply AttributeConverter for property [com.shoppingbackend.model.CartLine:buyingPrice]
10:00:55.576 [main] DEBUG org.hibernate.cfg.annotations.SimpleValueBinder - building SimpleValue for buyingPrice
10:00:55.576 [main] DEBUG org.hibernate.cfg.annotations.PropertyBinder - Building property buyingPrice
10:00:55.577 [main] DEBUG org.hibernate.cfg.Ejb3Column - Binding column: Ejb3Column{table=org.hibernate.mapping.Table(cart_line), mappingColumn=cart_id, insertable=true, updatable=true, unique=false}
10:00:55.577 [main] DEBUG org.hibernate.cfg.annotations.PropertyBinder - MetadataSourceProcessor property cartId with lazy=false
10:00:55.577 [main] DEBUG org.hibernate.cfg.AbstractPropertyHolder - Attempting to locate auto-apply AttributeConverter for property [com.shoppingbackend.model.CartLine:cartId]
10:00:55.577 [main] DEBUG org.hibernate.cfg.annotations.SimpleValueBinder - building SimpleValue for cartId
10:00:55.577 [main] DEBUG org.hibernate.cfg.annotations.PropertyBinder - Building property cartId
10:00:55.577 [main] DEBUG org.hibernate.cfg.Ejb3Column - Binding column: Ejb3JoinColumn{logicalColumnName=&apos;null&apos;, referencedColumn=&apos;null&apos;, mappedBy=&apos;&apos;}
10:00:55.577 [main] DEBUG org.hibernate.cfg.Ejb3Column - Binding column: Ejb3Column{table=org.hibernate.mapping.Table(cart_line), mappingColumn=product, insertable=true, updatable=true, unique=false}
10:00:55.577 [main] DEBUG org.hibernate.cfg.annotations.PropertyBinder - Building property product
10:00:55.578 [main] DEBUG org.hibernate.cfg.Ejb3Column - Binding column: Ejb3Column{table=org.hibernate.mapping.Table(cart_line), mappingColumn=product_count, insertable=true, updatable=true, unique=false}
10:00:55.578 [main] DEBUG org.hibernate.cfg.annotations.PropertyBinder - MetadataSourceProcessor property productCount with lazy=false
10:00:55.578 [main] DEBUG org.hibernate.cfg.AbstractPropertyHolder - Attempting to locate auto-apply AttributeConverter for property [com.shoppingbackend.model.CartLine:productCount]
10:00:55.578 [main] DEBUG org.hibernate.cfg.annotations.SimpleValueBinder - building SimpleValue for productCount
10:00:55.578 [main] DEBUG org.hibernate.cfg.annotations.PropertyBinder - Building property productCount
10:00:55.578 [main] DEBUG org.hibernate.cfg.Ejb3Column - Binding column: Ejb3Column{table=org.hibernate.mapping.Table(cart_line), mappingColumn=total, insertable=true, updatable=true, unique=false}
10:00:55.578 [main] DEBUG org.hibernate.cfg.annotations.PropertyBinder - MetadataSourceProcessor property total with lazy=false
10:00:55.578 [main] DEBUG org.hibernate.cfg.AbstractPropertyHolder - Attempting to locate auto-apply AttributeConverter for property [com.shoppingbackend.model.CartLine:total]
10:00:55.578 [main] DEBUG org.hibernate.cfg.annotations.SimpleValueBinder - building SimpleValue for total
10:00:55.579 [main] DEBUG org.hibernate.cfg.annotations.PropertyBinder - Building property total
10:00:55.579 [main] DEBUG org.hibernate.cfg.AnnotationBinder - Binding entity from annotated class: com.shoppingbackend.model.Category
10:00:55.579 [main] DEBUG org.hibernate.cfg.Ejb3Column - Binding column: Ejb3DiscriminatorColumn{logicalColumnName&apos;DTYPE&apos;, discriminatorTypeName=&apos;string&apos;}
10:00:55.579 [main] DEBUG org.hibernate.cfg.annotations.EntityBinder - Import with entity name Category
10:00:55.579 [main] DEBUG org.hibernate.cfg.annotations.EntityBinder - Bind entity com.shoppingbackend.model.Category on table Category
10:00:55.580 [main] DEBUG org.hibernate.cfg.Ejb3Column - Binding column: Ejb3Column{table=org.hibernate.mapping.Table(Category), mappingColumn=id, insertable=true, updatable=true, unique=false}
10:00:55.580 [main] DEBUG org.hibernate.cfg.annotations.PropertyBinder - MetadataSourceProcessor property id with lazy=false
10:00:55.580 [main] DEBUG org.hibernate.cfg.AbstractPropertyHolder - Attempting to locate auto-apply AttributeConverter for property [com.shoppingbackend.model.Category:id]
10:00:55.580 [main] DEBUG org.hibernate.cfg.annotations.SimpleValueBinder - building SimpleValue for id
10:00:55.580 [main] DEBUG org.hibernate.cfg.annotations.PropertyBinder - Building property id
10:00:55.581 [main] DEBUG org.hibernate.cfg.Ejb3Column - Binding column: Ejb3Column{table=org.hibernate.mapping.Table(Category), mappingColumn=is_active, insertable=true, updatable=true, unique=false}
10:00:55.581 [main] DEBUG org.hibernate.cfg.annotations.PropertyBinder - MetadataSourceProcessor property active with lazy=false
10:00:55.581 [main] DEBUG org.hibernate.cfg.AbstractPropertyHolder - Attempting to locate auto-apply AttributeConverter for property [com.shoppingbackend.model.Category:active]
10:00:55.581 [main] DEBUG org.hibernate.cfg.annotations.SimpleValueBinder - building SimpleValue for active
10:00:55.581 [main] DEBUG org.hibernate.cfg.annotations.PropertyBinder - Building property active
10:00:55.581 [main] DEBUG org.hibernate.cfg.Ejb3Column - Binding column: Ejb3Column{table=org.hibernate.mapping.Table(Category), mappingColumn=description, insertable=true, updatable=true, unique=false}
10:00:55.582 [main] DEBUG org.hibernate.cfg.annotations.PropertyBinder - MetadataSourceProcessor property description with lazy=false
10:00:55.582 [main] DEBUG org.hibernate.cfg.AbstractPropertyHolder - Attempting to locate auto-apply AttributeConverter for property [com.shoppingbackend.model.Category:description]
10:00:55.583 [main] DEBUG org.hibernate.cfg.annotations.SimpleValueBinder - building SimpleValue for description
10:00:55.583 [main] DEBUG org.hibernate.cfg.annotations.PropertyBinder - Building property description
10:00:55.583 [main] DEBUG org.hibernate.cfg.Ejb3Column - Binding column: Ejb3Column{table=org.hibernate.mapping.Table(Category), mappingColumn=image_url, insertable=true, updatable=true, unique=false}
10:00:55.583 [main] DEBUG org.hibernate.cfg.annotations.PropertyBinder - MetadataSourceProcessor property imageURL with lazy=false
10:00:55.583 [main] DEBUG org.hibernate.cfg.AbstractPropertyHolder - Attempting to locate auto-apply AttributeConverter for property [com.shoppingbackend.model.Category:imageURL]
10:00:55.583 [main] DEBUG org.hibernate.cfg.annotations.SimpleValueBinder - building SimpleValue for imageURL
10:00:55.584 [main] DEBUG org.hibernate.cfg.annotations.PropertyBinder - Building property imageURL
10:00:55.584 [main] DEBUG org.hibernate.cfg.Ejb3Column - Binding column: Ejb3Column{table=org.hibernate.mapping.Table(Category), mappingColumn=name, insertable=true, updatable=true, unique=false}
10:00:55.584 [main] DEBUG org.hibernate.cfg.annotations.PropertyBinder - MetadataSourceProcessor property name with lazy=false
10:00:55.584 [main] DEBUG org.hibernate.cfg.AbstractPropertyHolder - Attempting to locate auto-apply AttributeConverter for property [com.shoppingbackend.model.Category:name]
10:00:55.584 [main] DEBUG org.hibernate.cfg.annotations.SimpleValueBinder - building SimpleValue for name
10:00:55.584 [main] DEBUG org.hibernate.cfg.annotations.PropertyBinder - Building property name
10:00:55.584 [main] DEBUG org.hibernate.cfg.AnnotationBinder - Binding entity from annotated class: com.shoppingbackend.model.OrderDetail
10:00:55.584 [main] DEBUG org.hibernate.cfg.Ejb3Column - Binding column: Ejb3DiscriminatorColumn{logicalColumnName&apos;DTYPE&apos;, discriminatorTypeName=&apos;string&apos;}
10:00:55.584 [main] DEBUG org.hibernate.cfg.annotations.EntityBinder - Import with entity name OrderDetail
10:00:55.587 [main] DEBUG org.hibernate.cfg.annotations.EntityBinder - Bind entity com.shoppingbackend.model.OrderDetail on table order_detail
10:00:55.588 [main] DEBUG org.hibernate.cfg.Ejb3Column - Binding column: Ejb3Column{table=org.hibernate.mapping.Table(order_detail), mappingColumn=id, insertable=true, updatable=true, unique=false}
10:00:55.589 [main] DEBUG org.hibernate.cfg.annotations.PropertyBinder - MetadataSourceProcessor property id with lazy=false
10:00:55.589 [main] DEBUG org.hibernate.cfg.AbstractPropertyHolder - Attempting to locate auto-apply AttributeConverter for property [com.shoppingbackend.model.OrderDetail:id]
10:00:55.589 [main] DEBUG org.hibernate.cfg.annotations.SimpleValueBinder - building SimpleValue for id
10:00:55.589 [main] DEBUG org.hibernate.cfg.annotations.PropertyBinder - Building property id
10:00:55.589 [main] DEBUG org.hibernate.cfg.Ejb3Column - Binding column: Ejb3JoinColumn{logicalColumnName=&apos;null&apos;, referencedColumn=&apos;null&apos;, mappedBy=&apos;null&apos;}
10:00:55.589 [main] DEBUG org.hibernate.cfg.Ejb3Column - Binding column: Ejb3Column{table=org.hibernate.mapping.Table(order_detail), mappingColumn=billing, insertable=true, updatable=true, unique=false}
10:00:55.589 [main] DEBUG org.hibernate.cfg.annotations.PropertyBinder - Building property billing
10:00:55.590 [main] DEBUG org.hibernate.cfg.Ejb3Column - Binding column: Ejb3Column{table=org.hibernate.mapping.Table(order_detail), mappingColumn=order_count, insertable=true, updatable=true, unique=false}
10:00:55.590 [main] DEBUG org.hibernate.cfg.annotations.PropertyBinder - MetadataSourceProcessor property orderCount with lazy=false
10:00:55.590 [main] DEBUG org.hibernate.cfg.AbstractPropertyHolder - Attempting to locate auto-apply AttributeConverter for property [com.shoppingbackend.model.OrderDetail:orderCount]
10:00:55.590 [main] DEBUG org.hibernate.cfg.annotations.SimpleValueBinder - building SimpleValue for orderCount
10:00:55.590 [main] DEBUG org.hibernate.cfg.annotations.PropertyBinder - Building property orderCount
10:00:55.590 [main] DEBUG org.hibernate.cfg.Ejb3Column - Binding column: Ejb3Column{table=org.hibernate.mapping.Table(order_detail), mappingColumn=order_date, insertable=true, updatable=true, unique=false}
10:00:55.590 [main] DEBUG org.hibernate.cfg.annotations.PropertyBinder - MetadataSourceProcessor property orderDate with lazy=false
10:00:55.590 [main] DEBUG org.hibernate.cfg.AbstractPropertyHolder - Attempting to locate auto-apply AttributeConverter for property [com.shoppingbackend.model.OrderDetail:orderDate]
10:00:55.591 [main] DEBUG org.hibernate.cfg.annotations.SimpleValueBinder - building SimpleValue for orderDate
10:00:55.591 [main] DEBUG org.hibernate.cfg.annotations.PropertyBinder - Building property orderDate
10:00:55.591 [main] DEBUG org.hibernate.cfg.Ejb3Column - Binding column: Ejb3JoinColumn{logicalColumnName=&apos;null&apos;, referencedColumn=&apos;null&apos;, mappedBy=&apos;orderDetail&apos;}
10:00:55.591 [main] DEBUG org.hibernate.cfg.Ejb3Column - Binding column: Ejb3Column{table=org.hibernate.mapping.Table(order_detail), mappingColumn=orderItems, insertable=true, updatable=true, unique=false}
10:00:55.591 [main] DEBUG org.hibernate.cfg.Ejb3Column - Binding column: Ejb3Column{table=org.hibernate.mapping.Table(order_detail), mappingColumn=null, insertable=true, updatable=true, unique=false}
10:00:55.592 [main] DEBUG org.hibernate.cfg.Ejb3Column - Binding column: Ejb3Column{table=org.hibernate.mapping.Table(order_detail), mappingColumn=element, insertable=true, updatable=true, unique=false}
10:00:55.592 [main] DEBUG org.hibernate.cfg.Ejb3Column - Binding column: Ejb3Column{table=org.hibernate.mapping.Table(order_detail), mappingColumn=orderItems_KEY, insertable=true, updatable=true, unique=false}
10:00:55.592 [main] DEBUG org.hibernate.cfg.Ejb3Column - Binding column: Ejb3JoinColumn{logicalColumnName=&apos;orderItems_KEY&apos;, referencedColumn=&apos;null&apos;, mappedBy=&apos;null&apos;}
10:00:55.592 [main] DEBUG org.hibernate.cfg.Ejb3Column - Binding column: Ejb3JoinColumn{logicalColumnName=&apos;null&apos;, referencedColumn=&apos;null&apos;, mappedBy=&apos;orderDetail&apos;}
10:00:55.592 [main] DEBUG org.hibernate.cfg.Ejb3Column - Binding column: Ejb3JoinColumn{logicalColumnName=&apos;null&apos;, referencedColumn=&apos;null&apos;, mappedBy=&apos;orderDetail&apos;}
10:00:55.592 [main] DEBUG org.hibernate.cfg.annotations.CollectionBinder - Collection role: com.shoppingbackend.model.OrderDetail.orderItems
10:00:55.592 [main] DEBUG org.hibernate.cfg.annotations.PropertyBinder - Building property orderItems
10:00:55.592 [main] DEBUG org.hibernate.cfg.Ejb3Column - Binding column: Ejb3Column{table=org.hibernate.mapping.Table(order_detail), mappingColumn=order_total, insertable=true, updatable=true, unique=false}
10:00:55.592 [main] DEBUG org.hibernate.cfg.annotations.PropertyBinder - MetadataSourceProcessor property orderTotal with lazy=false
10:00:55.593 [main] DEBUG org.hibernate.cfg.AbstractPropertyHolder - Attempting to locate auto-apply AttributeConverter for property [com.shoppingbackend.model.OrderDetail:orderTotal]
10:00:55.593 [main] DEBUG org.hibernate.cfg.annotations.SimpleValueBinder - building SimpleValue for orderTotal
10:00:55.593 [main] DEBUG org.hibernate.cfg.annotations.PropertyBinder - Building property orderTotal
10:00:55.593 [main] DEBUG org.hibernate.cfg.Ejb3Column - Binding column: Ejb3JoinColumn{logicalColumnName=&apos;null&apos;, referencedColumn=&apos;null&apos;, mappedBy=&apos;null&apos;}
10:00:55.593 [main] DEBUG org.hibernate.cfg.Ejb3Column - Binding column: Ejb3Column{table=org.hibernate.mapping.Table(order_detail), mappingColumn=shipping, insertable=true, updatable=true, unique=false}
10:00:55.593 [main] DEBUG org.hibernate.cfg.annotations.PropertyBinder - Building property shipping
10:00:55.593 [main] DEBUG org.hibernate.cfg.Ejb3Column - Binding column: Ejb3JoinColumn{logicalColumnName=&apos;user_id&apos;, referencedColumn=&apos;&apos;, mappedBy=&apos;&apos;}
10:00:55.593 [main] DEBUG org.hibernate.cfg.Ejb3Column - Binding column: Ejb3Column{table=org.hibernate.mapping.Table(order_detail), mappingColumn=user, insertable=true, updatable=true, unique=false}
10:00:55.593 [main] DEBUG org.hibernate.cfg.annotations.PropertyBinder - Building property user
10:00:55.594 [main] DEBUG org.hibernate.cfg.AnnotationBinder - Binding entity from annotated class: com.shoppingbackend.model.OrderItem
10:00:55.615 [main] DEBUG org.hibernate.cfg.Ejb3Column - Binding column: Ejb3DiscriminatorColumn{logicalColumnName&apos;DTYPE&apos;, discriminatorTypeName=&apos;string&apos;}
10:00:55.617 [main] DEBUG org.hibernate.cfg.annotations.EntityBinder - Import with entity name OrderItem
10:00:55.617 [main] DEBUG org.hibernate.cfg.annotations.EntityBinder - Bind entity com.shoppingbackend.model.OrderItem on table order_item
10:00:55.618 [main] DEBUG org.hibernate.cfg.Ejb3Column - Binding column: Ejb3Column{table=org.hibernate.mapping.Table(order_item), mappingColumn=id, insertable=true, updatable=true, unique=false}
10:00:55.618 [main] DEBUG org.hibernate.cfg.annotations.PropertyBinder - MetadataSourceProcessor property id with lazy=false
10:00:55.618 [main] DEBUG org.hibernate.cfg.AbstractPropertyHolder - Attempting to locate auto-apply AttributeConverter for property [com.shoppingbackend.model.OrderItem:id]
10:00:55.618 [main] DEBUG org.hibernate.cfg.annotations.SimpleValueBinder - building SimpleValue for id
10:00:55.619 [main] DEBUG org.hibernate.cfg.annotations.PropertyBinder - Building property id
10:00:55.619 [main] DEBUG org.hibernate.cfg.Ejb3Column - Binding column: Ejb3Column{table=org.hibernate.mapping.Table(order_item), mappingColumn=buying_price, insertable=true, updatable=true, unique=false}
10:00:55.619 [main] DEBUG org.hibernate.cfg.annotations.PropertyBinder - MetadataSourceProcessor property buyingPrice with lazy=false
10:00:55.619 [main] DEBUG org.hibernate.cfg.AbstractPropertyHolder - Attempting to locate auto-apply AttributeConverter for property [com.shoppingbackend.model.OrderItem:buyingPrice]
10:00:55.619 [main] DEBUG org.hibernate.cfg.annotations.SimpleValueBinder - building SimpleValue for buyingPrice
10:00:55.620 [main] DEBUG org.hibernate.cfg.annotations.PropertyBinder - Building property buyingPrice
10:00:55.620 [main] DEBUG org.hibernate.cfg.Ejb3Column - Binding column: Ejb3JoinColumn{logicalColumnName=&apos;order_id&apos;, referencedColumn=&apos;&apos;, mappedBy=&apos;&apos;}
10:00:55.620 [main] DEBUG org.hibernate.cfg.Ejb3Column - Binding column: Ejb3Column{table=org.hibernate.mapping.Table(order_item), mappingColumn=orderDetail, insertable=true, updatable=true, unique=false}
10:00:55.620 [main] DEBUG org.hibernate.cfg.annotations.PropertyBinder - Building property orderDetail
10:00:55.621 [main] DEBUG org.hibernate.cfg.Ejb3Column - Binding column: Ejb3JoinColumn{logicalColumnName=&apos;null&apos;, referencedColumn=&apos;null&apos;, mappedBy=&apos;&apos;}
10:00:55.621 [main] DEBUG org.hibernate.cfg.Ejb3Column - Binding column: Ejb3Column{table=org.hibernate.mapping.Table(order_item), mappingColumn=product, insertable=true, updatable=true, unique=false}
10:00:55.622 [main] DEBUG org.hibernate.cfg.annotations.PropertyBinder - Building property product
10:00:55.622 [main] DEBUG org.hibernate.cfg.Ejb3Column - Binding column: Ejb3Column{table=org.hibernate.mapping.Table(order_item), mappingColumn=product_count, insertable=true, updatable=true, unique=false}
10:00:55.622 [main] DEBUG org.hibernate.cfg.annotations.PropertyBinder - MetadataSourceProcessor property productCount with lazy=false
10:00:55.622 [main] DEBUG org.hibernate.cfg.AbstractPropertyHolder - Attempting to locate auto-apply AttributeConverter for property [com.shoppingbackend.model.OrderItem:productCount]
10:00:55.622 [main] DEBUG org.hibernate.cfg.annotations.SimpleValueBinder - building SimpleValue for productCount
10:00:55.623 [main] DEBUG org.hibernate.cfg.annotations.PropertyBinder - Building property productCount
10:00:55.623 [main] DEBUG org.hibernate.cfg.Ejb3Column - Binding column: Ejb3Column{table=org.hibernate.mapping.Table(order_item), mappingColumn=total, insertable=true, updatable=true, unique=false}
10:00:55.624 [main] DEBUG org.hibernate.cfg.annotations.PropertyBinder - MetadataSourceProcessor property total with lazy=false
10:00:55.624 [main] DEBUG org.hibernate.cfg.AbstractPropertyHolder - Attempting to locate auto-apply AttributeConverter for property [com.shoppingbackend.model.OrderItem:total]
10:00:55.624 [main] DEBUG org.hibernate.cfg.annotations.SimpleValueBinder - building SimpleValue for total
10:00:55.624 [main] DEBUG org.hibernate.cfg.annotations.PropertyBinder - Building property total
10:00:55.624 [main] DEBUG org.hibernate.cfg.AnnotationBinder - Binding entity from annotated class: com.shoppingbackend.model.Product
10:00:55.625 [main] DEBUG org.hibernate.cfg.Ejb3Column - Binding column: Ejb3DiscriminatorColumn{logicalColumnName&apos;DTYPE&apos;, discriminatorTypeName=&apos;string&apos;}
10:00:55.625 [main] DEBUG org.hibernate.cfg.annotations.EntityBinder - Import with entity name Product
10:00:55.626 [main] DEBUG org.hibernate.cfg.annotations.EntityBinder - Bind entity com.shoppingbackend.model.Product on table Product
10:00:55.632 [main] DEBUG org.hibernate.cfg.Ejb3Column - Binding column: Ejb3Column{table=org.hibernate.mapping.Table(Product), mappingColumn=id, insertable=true, updatable=true, unique=false}
10:00:55.633 [main] DEBUG org.hibernate.cfg.annotations.PropertyBinder - MetadataSourceProcessor property id with lazy=false
10:00:55.633 [main] DEBUG org.hibernate.cfg.AbstractPropertyHolder - Attempting to locate auto-apply AttributeConverter for property [com.shoppingbackend.model.Product:id]
10:00:55.633 [main] DEBUG org.hibernate.cfg.annotations.SimpleValueBinder - building SimpleValue for id
10:00:55.634 [main] DEBUG org.hibernate.cfg.annotations.PropertyBinder - Building property id
10:00:55.635 [main] DEBUG org.hibernate.cfg.Ejb3Column - Binding column: Ejb3Column{table=org.hibernate.mapping.Table(Product), mappingColumn=is_active, insertable=true, updatable=true, unique=false}
10:00:55.636 [main] DEBUG org.hibernate.cfg.annotations.PropertyBinder - MetadataSourceProcessor property active with lazy=false
10:00:55.637 [main] DEBUG org.hibernate.cfg.AbstractPropertyHolder - Attempting to locate auto-apply AttributeConverter for property [com.shoppingbackend.model.Product:active]
10:00:55.637 [main] DEBUG org.hibernate.cfg.annotations.SimpleValueBinder - building SimpleValue for active
10:00:55.637 [main] DEBUG org.hibernate.cfg.annotations.PropertyBinder - Building property active
10:00:55.637 [main] DEBUG org.hibernate.cfg.Ejb3Column - Binding column: Ejb3Column{table=org.hibernate.mapping.Table(Product), mappingColumn=brand, insertable=true, updatable=true, unique=false}
10:00:55.638 [main] DEBUG org.hibernate.cfg.annotations.PropertyBinder - MetadataSourceProcessor property brand with lazy=false
10:00:55.638 [main] DEBUG org.hibernate.cfg.AbstractPropertyHolder - Attempting to locate auto-apply AttributeConverter for property [com.shoppingbackend.model.Product:brand]
10:00:55.638 [main] DEBUG org.hibernate.cfg.annotations.SimpleValueBinder - building SimpleValue for brand
10:00:55.638 [main] DEBUG org.hibernate.cfg.annotations.PropertyBinder - Building property brand
10:00:55.638 [main] DEBUG org.hibernate.cfg.Ejb3Column - Binding column: Ejb3Column{table=org.hibernate.mapping.Table(Product), mappingColumn=category_id, insertable=true, updatable=true, unique=false}
10:00:55.638 [main] DEBUG org.hibernate.cfg.annotations.PropertyBinder - MetadataSourceProcessor property categoryId with lazy=false
10:00:55.639 [main] DEBUG org.hibernate.cfg.AbstractPropertyHolder - Attempting to locate auto-apply AttributeConverter for property [com.shoppingbackend.model.Product:categoryId]
10:00:55.639 [main] DEBUG org.hibernate.cfg.annotations.SimpleValueBinder - building SimpleValue for categoryId
10:00:55.639 [main] DEBUG org.hibernate.cfg.annotations.PropertyBinder - Building property categoryId
10:00:55.639 [main] DEBUG org.hibernate.cfg.Ejb3Column - Binding column: Ejb3Column{table=org.hibernate.mapping.Table(Product), mappingColumn=code, insertable=true, updatable=true, unique=false}
10:00:55.639 [main] DEBUG org.hibernate.cfg.annotations.PropertyBinder - MetadataSourceProcessor property code with lazy=false
10:00:55.640 [main] DEBUG org.hibernate.cfg.AbstractPropertyHolder - Attempting to locate auto-apply AttributeConverter for property [com.shoppingbackend.model.Product:code]
10:00:55.640 [main] DEBUG org.hibernate.cfg.annotations.SimpleValueBinder - building SimpleValue for code
10:00:55.640 [main] DEBUG org.hibernate.cfg.annotations.PropertyBinder - Building property code
10:00:55.640 [main] DEBUG org.hibernate.cfg.Ejb3Column - Binding column: Ejb3Column{table=org.hibernate.mapping.Table(Product), mappingColumn=description, insertable=true, updatable=true, unique=false}
10:00:55.640 [main] DEBUG org.hibernate.cfg.annotations.PropertyBinder - MetadataSourceProcessor property description with lazy=false
10:00:55.641 [main] DEBUG org.hibernate.cfg.AbstractPropertyHolder - Attempting to locate auto-apply AttributeConverter for property [com.shoppingbackend.model.Product:description]
10:00:55.641 [main] DEBUG org.hibernate.cfg.annotations.SimpleValueBinder - building SimpleValue for description
10:00:55.642 [main] DEBUG org.hibernate.cfg.annotations.PropertyBinder - Building property description
10:00:55.642 [main] DEBUG org.hibernate.cfg.Ejb3Column - Binding column: Ejb3Column{table=org.hibernate.mapping.Table(Product), mappingColumn=name, insertable=true, updatable=true, unique=false}
10:00:55.643 [main] DEBUG org.hibernate.cfg.annotations.PropertyBinder - MetadataSourceProcessor property name with lazy=false
10:00:55.643 [main] DEBUG org.hibernate.cfg.AbstractPropertyHolder - Attempting to locate auto-apply AttributeConverter for property [com.shoppingbackend.model.Product:name]
10:00:55.643 [main] DEBUG org.hibernate.cfg.annotations.SimpleValueBinder - building SimpleValue for name
10:00:55.643 [main] DEBUG org.hibernate.cfg.annotations.PropertyBinder - Building property name
10:00:55.644 [main] DEBUG org.hibernate.cfg.Ejb3Column - Binding column: Ejb3Column{table=org.hibernate.mapping.Table(Product), mappingColumn=purchases, insertable=true, updatable=true, unique=false}
10:00:55.644 [main] DEBUG org.hibernate.cfg.annotations.PropertyBinder - MetadataSourceProcessor property purchases with lazy=false
10:00:55.644 [main] DEBUG org.hibernate.cfg.AbstractPropertyHolder - Attempting to locate auto-apply AttributeConverter for property [com.shoppingbackend.model.Product:purchases]
10:00:55.644 [main] DEBUG org.hibernate.cfg.annotations.SimpleValueBinder - building SimpleValue for purchases
10:00:55.644 [main] DEBUG org.hibernate.cfg.annotations.PropertyBinder - Building property purchases
10:00:55.645 [main] DEBUG org.hibernate.cfg.Ejb3Column - Binding column: Ejb3Column{table=org.hibernate.mapping.Table(Product), mappingColumn=quantity, insertable=true, updatable=true, unique=false}
10:00:55.647 [main] DEBUG org.hibernate.cfg.annotations.PropertyBinder - MetadataSourceProcessor property quantity with lazy=false
10:00:55.647 [main] DEBUG org.hibernate.cfg.AbstractPropertyHolder - Attempting to locate auto-apply AttributeConverter for property [com.shoppingbackend.model.Product:quantity]
10:00:55.647 [main] DEBUG org.hibernate.cfg.annotations.SimpleValueBinder - building SimpleValue for quantity
10:00:55.647 [main] DEBUG org.hibernate.cfg.annotations.PropertyBinder - Building property quantity
10:00:55.648 [main] DEBUG org.hibernate.cfg.Ejb3Column - Binding column: Ejb3Column{table=org.hibernate.mapping.Table(Product), mappingColumn=supplier_id, insertable=true, updatable=true, unique=false}
10:00:55.648 [main] DEBUG org.hibernate.cfg.annotations.PropertyBinder - MetadataSourceProcessor property supplierId with lazy=false
10:00:55.648 [main] DEBUG org.hibernate.cfg.AbstractPropertyHolder - Attempting to locate auto-apply AttributeConverter for property [com.shoppingbackend.model.Product:supplierId]
10:00:55.648 [main] DEBUG org.hibernate.cfg.annotations.SimpleValueBinder - building SimpleValue for supplierId
10:00:55.649 [main] DEBUG org.hibernate.cfg.annotations.PropertyBinder - Building property supplierId
10:00:55.649 [main] DEBUG org.hibernate.cfg.Ejb3Column - Binding column: Ejb3Column{table=org.hibernate.mapping.Table(Product), mappingColumn=unit_price, insertable=true, updatable=true, unique=false}
10:00:55.650 [main] DEBUG org.hibernate.cfg.annotations.PropertyBinder - MetadataSourceProcessor property unitPrice with lazy=false
10:00:55.650 [main] DEBUG org.hibernate.cfg.AbstractPropertyHolder - Attempting to locate auto-apply AttributeConverter for property [com.shoppingbackend.model.Product:unitPrice]
10:00:55.650 [main] DEBUG org.hibernate.cfg.annotations.SimpleValueBinder - building SimpleValue for unitPrice
10:00:55.650 [main] DEBUG org.hibernate.cfg.annotations.PropertyBinder - Building property unitPrice
10:00:55.650 [main] DEBUG org.hibernate.cfg.Ejb3Column - Binding column: Ejb3Column{table=org.hibernate.mapping.Table(Product), mappingColumn=views, insertable=true, updatable=true, unique=false}
10:00:55.651 [main] DEBUG org.hibernate.cfg.annotations.PropertyBinder - MetadataSourceProcessor property views with lazy=false
10:00:55.651 [main] DEBUG org.hibernate.cfg.AbstractPropertyHolder - Attempting to locate auto-apply AttributeConverter for property [com.shoppingbackend.model.Product:views]
10:00:55.651 [main] DEBUG org.hibernate.cfg.annotations.SimpleValueBinder - building SimpleValue for views
10:00:55.652 [main] DEBUG org.hibernate.cfg.annotations.PropertyBinder - Building property views
10:00:55.652 [main] DEBUG org.hibernate.cfg.AnnotationBinder - Binding entity from annotated class: com.shoppingbackend.model.Supplier
10:00:55.652 [main] DEBUG org.hibernate.cfg.Ejb3Column - Binding column: Ejb3DiscriminatorColumn{logicalColumnName&apos;DTYPE&apos;, discriminatorTypeName=&apos;string&apos;}
10:00:55.653 [main] DEBUG org.hibernate.cfg.annotations.EntityBinder - Import with entity name Supplier
10:00:55.653 [main] DEBUG org.hibernate.cfg.annotations.EntityBinder - Bind entity com.shoppingbackend.model.Supplier on table supplier
10:00:55.654 [main] DEBUG org.hibernate.cfg.Ejb3Column - Binding column: Ejb3Column{table=org.hibernate.mapping.Table(supplier), mappingColumn=sid, insertable=true, updatable=true, unique=false}
10:00:55.655 [main] DEBUG org.hibernate.cfg.annotations.PropertyBinder - MetadataSourceProcessor property sid with lazy=false
10:00:55.657 [main] DEBUG org.hibernate.cfg.AbstractPropertyHolder - Attempting to locate auto-apply AttributeConverter for property [com.shoppingbackend.model.Supplier:sid]
10:00:55.657 [main] DEBUG org.hibernate.cfg.annotations.SimpleValueBinder - building SimpleValue for sid
10:00:55.657 [main] DEBUG org.hibernate.cfg.annotations.PropertyBinder - Building property sid
10:00:55.658 [main] DEBUG org.hibernate.cfg.Ejb3Column - Binding column: Ejb3Column{table=org.hibernate.mapping.Table(supplier), mappingColumn=supplier_name, insertable=true, updatable=true, unique=false}
10:00:55.658 [main] DEBUG org.hibernate.cfg.annotations.PropertyBinder - MetadataSourceProcessor property supplierName with lazy=false
10:00:55.658 [main] DEBUG org.hibernate.cfg.AbstractPropertyHolder - Attempting to locate auto-apply AttributeConverter for property [com.shoppingbackend.model.Supplier:supplierName]
10:00:55.681 [main] DEBUG org.hibernate.cfg.annotations.SimpleValueBinder - building SimpleValue for supplierName
10:00:55.681 [main] DEBUG org.hibernate.cfg.annotations.PropertyBinder - Building property supplierName
10:00:55.682 [main] DEBUG org.hibernate.cfg.AnnotationBinder - Binding entity from annotated class: com.shoppingbackend.model.User
10:00:55.682 [main] DEBUG org.hibernate.cfg.Ejb3Column - Binding column: Ejb3DiscriminatorColumn{logicalColumnName&apos;DTYPE&apos;, discriminatorTypeName=&apos;string&apos;}
10:00:55.683 [main] DEBUG org.hibernate.cfg.annotations.EntityBinder - Import with entity name User
10:00:55.684 [main] DEBUG org.hibernate.cfg.annotations.EntityBinder - Bind entity com.shoppingbackend.model.User on table user_detail
10:00:55.699 [main] DEBUG org.hibernate.cfg.Ejb3Column - Binding column: Ejb3Column{table=org.hibernate.mapping.Table(user_detail), mappingColumn=id, insertable=true, updatable=true, unique=false}
10:00:55.701 [main] DEBUG org.hibernate.cfg.annotations.PropertyBinder - MetadataSourceProcessor property id with lazy=false
10:00:55.701 [main] DEBUG org.hibernate.cfg.AbstractPropertyHolder - Attempting to locate auto-apply AttributeConverter for property [com.shoppingbackend.model.User:id]
10:00:55.702 [main] DEBUG org.hibernate.cfg.annotations.SimpleValueBinder - building SimpleValue for id
10:00:55.704 [main] DEBUG org.hibernate.cfg.annotations.PropertyBinder - Building property id
10:00:55.704 [main] DEBUG org.hibernate.cfg.Ejb3Column - Binding column: Ejb3JoinColumn{logicalColumnName=&apos;null&apos;, referencedColumn=&apos;null&apos;, mappedBy=&apos;user&apos;}
10:00:55.704 [main] DEBUG org.hibernate.cfg.Ejb3Column - Binding column: Ejb3Column{table=org.hibernate.mapping.Table(user_detail), mappingColumn=cart, insertable=true, updatable=true, unique=false}
10:00:55.705 [main] DEBUG org.hibernate.cfg.Ejb3Column - Binding column: Ejb3Column{table=org.hibernate.mapping.Table(user_detail), mappingColumn=contact_number, insertable=true, updatable=true, unique=false}
10:00:55.707 [main] DEBUG org.hibernate.cfg.annotations.PropertyBinder - MetadataSourceProcessor property contactNumber with lazy=false
10:00:55.707 [main] DEBUG org.hibernate.cfg.AbstractPropertyHolder - Attempting to locate auto-apply AttributeConverter for property [com.shoppingbackend.model.User:contactNumber]
10:00:55.707 [main] DEBUG org.hibernate.cfg.annotations.SimpleValueBinder - building SimpleValue for contactNumber
10:00:55.708 [main] DEBUG org.hibernate.cfg.annotations.PropertyBinder - Building property contactNumber
10:00:55.708 [main] DEBUG org.hibernate.cfg.Ejb3Column - Binding column: Ejb3Column{table=org.hibernate.mapping.Table(user_detail), mappingColumn=email, insertable=true, updatable=true, unique=false}
10:00:55.709 [main] DEBUG org.hibernate.cfg.annotations.PropertyBinder - MetadataSourceProcessor property email with lazy=false
10:00:55.709 [main] DEBUG org.hibernate.cfg.AbstractPropertyHolder - Attempting to locate auto-apply AttributeConverter for property [com.shoppingbackend.model.User:email]
10:00:55.709 [main] DEBUG org.hibernate.cfg.annotations.SimpleValueBinder - building SimpleValue for email
10:00:55.711 [main] DEBUG org.hibernate.cfg.annotations.PropertyBinder - Building property email
10:00:55.712 [main] DEBUG org.hibernate.cfg.Ejb3Column - Binding column: Ejb3Column{table=org.hibernate.mapping.Table(user_detail), mappingColumn=enabled, insertable=true, updatable=true, unique=false}
10:00:55.714 [main] DEBUG org.hibernate.cfg.annotations.PropertyBinder - MetadataSourceProcessor property enabled with lazy=false
10:00:55.714 [main] DEBUG org.hibernate.cfg.AbstractPropertyHolder - Attempting to locate auto-apply AttributeConverter for property [com.shoppingbackend.model.User:enabled]
10:00:55.714 [main] DEBUG org.hibernate.cfg.annotations.SimpleValueBinder - building SimpleValue for enabled
10:00:55.714 [main] DEBUG org.hibernate.cfg.annotations.PropertyBinder - Building property enabled
10:00:55.714 [main] DEBUG org.hibernate.cfg.Ejb3Column - Binding column: Ejb3Column{table=org.hibernate.mapping.Table(user_detail), mappingColumn=first_name, insertable=true, updatable=true, unique=false}
10:00:55.715 [main] DEBUG org.hibernate.cfg.annotations.PropertyBinder - MetadataSourceProcessor property firstName with lazy=false
10:00:55.715 [main] DEBUG org.hibernate.cfg.AbstractPropertyHolder - Attempting to locate auto-apply AttributeConverter for property [com.shoppingbackend.model.User:firstName]
10:00:55.715 [main] DEBUG org.hibernate.cfg.annotations.SimpleValueBinder - building SimpleValue for firstName
10:00:55.715 [main] DEBUG org.hibernate.cfg.annotations.PropertyBinder - Building property firstName
10:00:55.716 [main] DEBUG org.hibernate.cfg.Ejb3Column - Binding column: Ejb3Column{table=org.hibernate.mapping.Table(user_detail), mappingColumn=last_name, insertable=true, updatable=true, unique=false}
10:00:55.717 [main] DEBUG org.hibernate.cfg.annotations.PropertyBinder - MetadataSourceProcessor property lastName with lazy=false
10:00:55.717 [main] DEBUG org.hibernate.cfg.AbstractPropertyHolder - Attempting to locate auto-apply AttributeConverter for property [com.shoppingbackend.model.User:lastName]
10:00:55.717 [main] DEBUG org.hibernate.cfg.annotations.SimpleValueBinder - building SimpleValue for lastName
10:00:55.717 [main] DEBUG org.hibernate.cfg.annotations.PropertyBinder - Building property lastName
10:00:55.717 [main] DEBUG org.hibernate.cfg.Ejb3Column - Binding column: Ejb3Column{table=org.hibernate.mapping.Table(user_detail), mappingColumn=password, insertable=true, updatable=true, unique=false}
10:00:55.718 [main] DEBUG org.hibernate.cfg.annotations.PropertyBinder - MetadataSourceProcessor property password with lazy=false
10:00:55.718 [main] DEBUG org.hibernate.cfg.AbstractPropertyHolder - Attempting to locate auto-apply AttributeConverter for property [com.shoppingbackend.model.User:password]
10:00:55.718 [main] DEBUG org.hibernate.cfg.annotations.SimpleValueBinder - building SimpleValue for password
10:00:55.718 [main] DEBUG org.hibernate.cfg.annotations.PropertyBinder - Building property password
10:00:55.719 [main] DEBUG org.hibernate.cfg.Ejb3Column - Binding column: Ejb3Column{table=org.hibernate.mapping.Table(user_detail), mappingColumn=role, insertable=true, updatable=true, unique=false}
10:00:55.719 [main] DEBUG org.hibernate.cfg.annotations.PropertyBinder - MetadataSourceProcessor property role with lazy=false
10:00:55.720 [main] DEBUG org.hibernate.cfg.AbstractPropertyHolder - Attempting to locate auto-apply AttributeConverter for property [com.shoppingbackend.model.User:role]
10:00:55.720 [main] DEBUG org.hibernate.cfg.annotations.SimpleValueBinder - building SimpleValue for role
10:00:55.720 [main] DEBUG org.hibernate.cfg.annotations.PropertyBinder - Building property role
10:00:55.724 [main] DEBUG org.hibernate.cfg.annotations.SimpleValueBinder - Starting fillSimpleValue for id
10:00:55.725 [main] DEBUG org.hibernate.cfg.annotations.SimpleValueBinder - Starting fillSimpleValue for addressLineOne
10:00:55.731 [main] DEBUG org.hibernate.cfg.annotations.SimpleValueBinder - Starting fillSimpleValue for addressLineTwo
10:00:55.731 [main] DEBUG org.hibernate.cfg.annotations.SimpleValueBinder - Starting fillSimpleValue for billing
10:00:55.732 [main] DEBUG org.hibernate.cfg.annotations.SimpleValueBinder - Starting fillSimpleValue for city
10:00:55.732 [main] DEBUG org.hibernate.cfg.annotations.SimpleValueBinder - Starting fillSimpleValue for country
10:00:55.732 [main] DEBUG org.hibernate.cfg.annotations.SimpleValueBinder - Starting fillSimpleValue for postalCode
10:00:55.732 [main] DEBUG org.hibernate.cfg.annotations.SimpleValueBinder - Starting fillSimpleValue for shipping
10:00:55.733 [main] DEBUG org.hibernate.cfg.annotations.SimpleValueBinder - Starting fillSimpleValue for state
10:00:55.733 [main] DEBUG org.hibernate.cfg.annotations.SimpleValueBinder - Starting fillSimpleValue for userId
10:00:55.734 [main] DEBUG org.hibernate.cfg.annotations.SimpleValueBinder - Starting fillSimpleValue for id
10:00:55.734 [main] DEBUG org.hibernate.cfg.annotations.SimpleValueBinder - Starting fillSimpleValue for cartLines
10:00:55.734 [main] DEBUG org.hibernate.cfg.annotations.SimpleValueBinder - Starting fillSimpleValue for grandTotal
10:00:55.734 [main] DEBUG org.hibernate.cfg.annotations.SimpleValueBinder - Starting fillSimpleValue for id
10:00:55.734 [main] DEBUG org.hibernate.cfg.annotations.SimpleValueBinder - Starting fillSimpleValue for available
10:00:55.735 [main] DEBUG org.hibernate.cfg.annotations.SimpleValueBinder - Starting fillSimpleValue for buyingPrice
10:00:55.735 [main] DEBUG org.hibernate.cfg.annotations.SimpleValueBinder - Starting fillSimpleValue for cartId
10:00:55.737 [main] DEBUG org.hibernate.cfg.annotations.SimpleValueBinder - Starting fillSimpleValue for productCount
10:00:55.737 [main] DEBUG org.hibernate.cfg.annotations.SimpleValueBinder - Starting fillSimpleValue for total
10:00:55.738 [main] DEBUG org.hibernate.cfg.annotations.SimpleValueBinder - Starting fillSimpleValue for id
10:00:55.738 [main] DEBUG org.hibernate.cfg.annotations.SimpleValueBinder - Starting fillSimpleValue for active
10:00:55.738 [main] DEBUG org.hibernate.cfg.annotations.SimpleValueBinder - Starting fillSimpleValue for description
10:00:55.739 [main] DEBUG org.hibernate.cfg.annotations.SimpleValueBinder - Starting fillSimpleValue for imageURL
10:00:55.739 [main] DEBUG org.hibernate.cfg.annotations.SimpleValueBinder - Starting fillSimpleValue for name
10:00:55.739 [main] DEBUG org.hibernate.cfg.annotations.SimpleValueBinder - Starting fillSimpleValue for id
10:00:55.739 [main] DEBUG org.hibernate.cfg.annotations.SimpleValueBinder - Starting fillSimpleValue for orderCount
10:00:55.740 [main] DEBUG org.hibernate.cfg.annotations.SimpleValueBinder - Starting fillSimpleValue for orderDate
10:00:55.740 [main] DEBUG org.hibernate.cfg.annotations.SimpleValueBinder - Starting fillSimpleValue for orderTotal
10:00:55.741 [main] DEBUG org.hibernate.cfg.annotations.SimpleValueBinder - Starting fillSimpleValue for id
10:00:55.741 [main] DEBUG org.hibernate.cfg.annotations.SimpleValueBinder - Starting fillSimpleValue for buyingPrice
10:00:55.742 [main] DEBUG org.hibernate.cfg.annotations.SimpleValueBinder - Starting fillSimpleValue for productCount
10:00:55.742 [main] DEBUG org.hibernate.cfg.annotations.SimpleValueBinder - Starting fillSimpleValue for total
10:00:55.742 [main] DEBUG org.hibernate.cfg.annotations.SimpleValueBinder - Starting fillSimpleValue for id
10:00:55.742 [main] DEBUG org.hibernate.cfg.annotations.SimpleValueBinder - Starting fillSimpleValue for active
10:00:55.743 [main] DEBUG org.hibernate.cfg.annotations.SimpleValueBinder - Starting fillSimpleValue for brand
10:00:55.743 [main] DEBUG org.hibernate.cfg.annotations.SimpleValueBinder - Starting fillSimpleValue for categoryId
10:00:55.747 [main] DEBUG org.hibernate.cfg.annotations.SimpleValueBinder - Starting fillSimpleValue for code
10:00:55.748 [main] DEBUG org.hibernate.cfg.annotations.SimpleValueBinder - Starting fillSimpleValue for description
10:00:55.748 [main] DEBUG org.hibernate.cfg.annotations.SimpleValueBinder - Starting fillSimpleValue for name
10:00:55.748 [main] DEBUG org.hibernate.cfg.annotations.SimpleValueBinder - Starting fillSimpleValue for purchases
10:00:55.749 [main] DEBUG org.hibernate.cfg.annotations.SimpleValueBinder - Starting fillSimpleValue for quantity
10:00:55.749 [main] DEBUG org.hibernate.cfg.annotations.SimpleValueBinder - Starting fillSimpleValue for supplierId
10:00:55.749 [main] DEBUG org.hibernate.cfg.annotations.SimpleValueBinder - Starting fillSimpleValue for unitPrice
10:00:55.749 [main] DEBUG org.hibernate.cfg.annotations.SimpleValueBinder - Starting fillSimpleValue for views
10:00:55.749 [main] DEBUG org.hibernate.cfg.annotations.SimpleValueBinder - Starting fillSimpleValue for sid
10:00:55.751 [main] DEBUG org.hibernate.cfg.annotations.SimpleValueBinder - Starting fillSimpleValue for supplierName
10:00:55.753 [main] DEBUG org.hibernate.cfg.annotations.SimpleValueBinder - Starting fillSimpleValue for id
10:00:55.754 [main] DEBUG org.hibernate.cfg.annotations.SimpleValueBinder - Starting fillSimpleValue for contactNumber
10:00:55.754 [main] DEBUG org.hibernate.cfg.annotations.SimpleValueBinder - Starting fillSimpleValue for email
10:00:55.754 [main] DEBUG org.hibernate.cfg.annotations.SimpleValueBinder - Starting fillSimpleValue for enabled
10:00:55.754 [main] DEBUG org.hibernate.cfg.annotations.SimpleValueBinder - Starting fillSimpleValue for firstName
10:00:55.754 [main] DEBUG org.hibernate.cfg.annotations.SimpleValueBinder - Starting fillSimpleValue for lastName
10:00:55.754 [main] DEBUG org.hibernate.cfg.annotations.SimpleValueBinder - Starting fillSimpleValue for password
10:00:55.754 [main] DEBUG org.hibernate.cfg.annotations.SimpleValueBinder - Starting fillSimpleValue for role
10:00:55.755 [main] DEBUG org.hibernate.mapping.PrimaryKey - Forcing column [id] to be non-null as it is part of the primary key for table [address]
10:00:55.755 [main] DEBUG org.hibernate.mapping.PrimaryKey - Forcing column [id] to be non-null as it is part of the primary key for table [cart]
10:00:55.755 [main] DEBUG org.hibernate.mapping.PrimaryKey - Forcing column [id] to be non-null as it is part of the primary key for table [cart_line]
10:00:55.755 [main] DEBUG org.hibernate.mapping.PrimaryKey - Forcing column [id] to be non-null as it is part of the primary key for table [category]
10:00:55.755 [main] DEBUG org.hibernate.mapping.PrimaryKey - Forcing column [id] to be non-null as it is part of the primary key for table [order_detail]
10:00:55.756 [main] DEBUG org.hibernate.mapping.PrimaryKey - Forcing column [id] to be non-null as it is part of the primary key for table [order_item]
10:00:55.756 [main] DEBUG org.hibernate.mapping.PrimaryKey - Forcing column [id] to be non-null as it is part of the primary key for table [product]
10:00:55.756 [main] DEBUG org.hibernate.mapping.PrimaryKey - Forcing column [sid] to be non-null as it is part of the primary key for table [supplier]
10:00:55.756 [main] DEBUG org.hibernate.mapping.PrimaryKey - Forcing column [id] to be non-null as it is part of the primary key for table [user_detail]
10:00:55.756 [main] DEBUG org.hibernate.cfg.CollectionSecondPass - Second pass for collection: com.shoppingbackend.model.OrderDetail.orderItems
10:00:55.756 [main] DEBUG org.hibernate.cfg.annotations.CollectionBinder - Binding a OneToMany: com.shoppingbackend.model.OrderDetail.orderItems through a foreign key
10:00:55.757 [main] DEBUG org.hibernate.cfg.annotations.CollectionBinder - Mapping collection: com.shoppingbackend.model.OrderDetail.orderItems -&gt; order_item
10:00:55.757 [main] DEBUG org.hibernate.cfg.annotations.TableBinder - Retrieving property com.shoppingbackend.model.OrderItem.orderDetail
10:00:55.757 [main] DEBUG org.hibernate.cfg.CollectionSecondPass - Mapped collection key: order_id, one-to-many: com.shoppingbackend.model.OrderItem
10:00:55.757 [main] DEBUG org.hibernate.cfg.annotations.PropertyBinder - Building property cart
10:00:55.757 [main] DEBUG org.hibernate.boot.internal.InFlightMetadataCollectorImpl - Processing association property references
10:00:55.758 [main] DEBUG org.hibernate.boot.internal.InFlightMetadataCollectorImpl - Resolving reference to class: com.shoppingbackend.model.User
10:00:55.758 [main] DEBUG org.hibernate.boot.internal.InFlightMetadataCollectorImpl - Resolving reference to class: com.shoppingbackend.model.Product
10:00:55.758 [main] DEBUG org.hibernate.boot.internal.InFlightMetadataCollectorImpl - Resolving reference to class: com.shoppingbackend.model.Address
10:00:55.758 [main] DEBUG org.hibernate.boot.internal.InFlightMetadataCollectorImpl - Resolving reference to class: com.shoppingbackend.model.Address
10:00:55.759 [main] DEBUG org.hibernate.boot.internal.InFlightMetadataCollectorImpl - Resolving reference to class: com.shoppingbackend.model.User
10:00:55.759 [main] DEBUG org.hibernate.boot.internal.InFlightMetadataCollectorImpl - Resolving reference to class: com.shoppingbackend.model.OrderDetail
10:00:55.759 [main] DEBUG org.hibernate.boot.internal.InFlightMetadataCollectorImpl - Resolving reference to class: com.shoppingbackend.model.Product
10:00:55.762 [main] DEBUG org.hibernate.boot.internal.InFlightMetadataCollectorImpl - Processing association property references
10:00:55.762 [main] DEBUG org.hibernate.boot.internal.InFlightMetadataCollectorImpl - Resolving reference to class: com.shoppingbackend.model.User
10:00:55.762 [main] DEBUG org.hibernate.boot.internal.InFlightMetadataCollectorImpl - Resolving reference to class: com.shoppingbackend.model.Product
10:00:55.762 [main] DEBUG org.hibernate.boot.internal.InFlightMetadataCollectorImpl - Resolving reference to class: com.shoppingbackend.model.Address
10:00:55.762 [main] DEBUG org.hibernate.boot.internal.InFlightMetadataCollectorImpl - Resolving reference to class: com.shoppingbackend.model.Address
10:00:55.762 [main] DEBUG org.hibernate.boot.internal.InFlightMetadataCollectorImpl - Resolving reference to class: com.shoppingbackend.model.User
10:00:55.762 [main] DEBUG org.hibernate.boot.internal.InFlightMetadataCollectorImpl - Resolving reference to class: com.shoppingbackend.model.OrderDetail
10:00:55.763 [main] DEBUG org.hibernate.boot.internal.InFlightMetadataCollectorImpl - Resolving reference to class: com.shoppingbackend.model.Product
10:00:55.778 [main] DEBUG org.hibernate.internal.SessionFactoryImpl - Building session factory
10:00:55.778 [main] DEBUG org.hibernate.cfg.Settings - SessionFactory name : null
10:00:55.778 [main] DEBUG org.hibernate.cfg.Settings - Automatic flush during beforeCompletion(): enabled
10:00:55.778 [main] DEBUG org.hibernate.cfg.Settings - Automatic session close at end of transaction: disabled
10:00:55.779 [main] DEBUG org.hibernate.cfg.Settings - Statistics: disabled
10:00:55.779 [main] DEBUG org.hibernate.cfg.Settings - Deleted entity synthetic identifier rollback: disabled
10:00:55.779 [main] DEBUG org.hibernate.cfg.Settings - Default entity-mode: pojo
10:00:55.779 [main] DEBUG org.hibernate.cfg.Settings - Check Nullability in Core (should be disabled when Bean Validation is on): enabled
10:00:55.779 [main] DEBUG org.hibernate.cfg.Settings - Allow initialization of lazy state outside session : disabled
10:00:55.779 [main] DEBUG org.hibernate.cfg.Settings - Using BatchFetchStyle : LEGACY
10:00:55.779 [main] DEBUG org.hibernate.cfg.Settings - Default batch fetch size: -1
10:00:55.779 [main] DEBUG org.hibernate.cfg.Settings - Maximum outer join fetch depth: null
10:00:55.780 [main] DEBUG org.hibernate.cfg.Settings - Default null ordering: NONE
10:00:55.780 [main] DEBUG org.hibernate.cfg.Settings - Order SQL updates by primary key: disabled
10:00:55.780 [main] DEBUG org.hibernate.cfg.Settings - Order SQL inserts for batching: disabled
10:00:55.780 [main] DEBUG org.hibernate.cfg.Settings - multi-tenancy strategy : NONE
10:00:55.780 [main] DEBUG org.hibernate.cfg.Settings - JTA Track by Thread: enabled
10:00:55.780 [main] DEBUG org.hibernate.cfg.Settings - Query language substitutions: {}
10:00:55.780 [main] DEBUG org.hibernate.cfg.Settings - JPA query language strict compliance: disabled
10:00:55.781 [main] DEBUG org.hibernate.cfg.Settings - Named query checking : enabled
10:00:55.781 [main] DEBUG org.hibernate.cfg.Settings - Second-level cache: enabled
10:00:55.781 [main] DEBUG org.hibernate.cfg.Settings - Second-level query cache: disabled
10:00:55.781 [main] DEBUG org.hibernate.cfg.Settings - Second-level query cache factory: org.hibernate.cache.internal.StandardQueryCacheFactory@fd46303
10:00:55.781 [main] DEBUG org.hibernate.cfg.Settings - Second-level cache region prefix: null
10:00:55.781 [main] DEBUG org.hibernate.cfg.Settings - Optimize second-level cache for minimal puts: disabled
10:00:55.782 [main] DEBUG org.hibernate.cfg.Settings - Structured second-level cache entries: disabled
10:00:55.782 [main] DEBUG org.hibernate.cfg.Settings - Second-level cache direct-reference entries: disabled
10:00:55.782 [main] DEBUG org.hibernate.cfg.Settings - Automatic eviction of collection cache: disabled
10:00:55.782 [main] DEBUG org.hibernate.cfg.Settings - JDBC batch size: 15
10:00:55.782 [main] DEBUG org.hibernate.cfg.Settings - JDBC batch updates for versioned data: enabled
10:00:55.782 [main] DEBUG org.hibernate.cfg.Settings - Scrollable result sets: enabled
10:00:55.782 [main] DEBUG org.hibernate.cfg.Settings - Wrap result sets: disabled
10:00:55.782 [main] DEBUG org.hibernate.cfg.Settings - JDBC3 getGeneratedKeys(): enabled
10:00:55.783 [main] DEBUG org.hibernate.cfg.Settings - JDBC result set fetch size: null
10:00:55.784 [main] DEBUG org.hibernate.cfg.Settings - Connection release mode: ON_CLOSE
10:00:55.784 [main] DEBUG org.hibernate.cfg.Settings - Generate SQL with comments: disabled
10:00:55.790 [main] DEBUG org.hibernate.internal.SessionFactoryImpl - Session factory constructed with filter configurations : {}
10:00:55.791 [main] DEBUG org.hibernate.internal.SessionFactoryImpl - Instantiating session factory with properties: {sun.desktop=windows, hibernate.format_sql=true, awt.toolkit=sun.awt.windows.WToolkit, file.encoding.pkg=sun.io, java.specification.version=1.8, hibernate.connection.handling_mode=DELAYED_ACQUISITION_AND_HOLD, sun.cpu.isalist=amd64, sun.jnu.encoding=Cp1252, hibernate.dialect=org.hibernate.dialect.H2Dialect, java.class.path=C:\Users\bhano\virtual-Tranning\shoppingbackend\target\test-classes;C:\Users\bhano\virtual-Tranning\shoppingbackend\target\classes;C:\Users\bhano\.m2\repository\junit\junit\4.12\junit-4.12.jar;C:\Users\bhano\.m2\repository\org\hamcrest\hamcrest-core\1.3\hamcrest-core-1.3.jar;C:\Users\bhano\.m2\repository\org\springframework\spring-core\4.3.6.RELEASE\spring-core-4.3.6.RELEASE.jar;C:\Users\bhano\.m2\repository\org\springframework\spring-context\4.3.6.RELEASE\spring-context-4.3.6.RELEASE.jar;C:\Users\bhano\.m2\repository\org\springframework\spring-aop\4.3.6.RELEASE\spring-aop-4.3.6.RELEASE.jar;C:\Users\bhano\.m2\repository\org\springframework\spring-beans\4.3.6.RELEASE\spring-beans-4.3.6.RELEASE.jar;C:\Users\bhano\.m2\repository\org\springframework\spring-expression\4.3.6.RELEASE\spring-expression-4.3.6.RELEASE.jar;C:\Users\bhano\.m2\repository\org\springframework\spring-web\4.3.6.RELEASE\spring-web-4.3.6.RELEASE.jar;C:\Users\bhano\.m2\repository\org\springframework\spring-orm\4.3.6.RELEASE\spring-orm-4.3.6.RELEASE.jar;C:\Users\bhano\.m2\repository\org\springframework\spring-jdbc\4.3.6.RELEASE\spring-jdbc-4.3.6.RELEASE.jar;C:\Users\bhano\.m2\repository\org\springframework\spring-tx\4.3.6.RELEASE\spring-tx-4.3.6.RELEASE.jar;C:\Users\bhano\.m2\repository\com\h2database\h2\1.4.196\h2-1.4.196.jar;C:\Users\bhano\.m2\repository\org\hibernate\hibernate-core\5.2.7.Final\hibernate-core-5.2.7.Final.jar;C:\Users\bhano\.m2\repository\org\jboss\logging\jboss-logging\3.3.0.Final\jboss-logging-3.3.0.Final.jar;C:\Users\bhano\.m2\repository\org\hibernate\javax\persistence\hibernate-jpa-2.1-api\1.0.0.Final\hibernate-jpa-2.1-api-1.0.0.Final.jar;C:\Users\bhano\.m2\repository\org\javassist\javassist\3.20.0-GA\javassist-3.20.0-GA.jar;C:\Users\bhano\.m2\repository\antlr\antlr\2.7.7\antlr-2.7.7.jar;C:\Users\bhano\.m2\repository\org\apache\geronimo\specs\geronimo-jta_1.1_spec\1.1.1\geronimo-jta_1.1_spec-1.1.1.jar;C:\Users\bhano\.m2\repository\org\jboss\jandex\2.0.3.Final\jandex-2.0.3.Final.jar;C:\Users\bhano\.m2\repository\com\fasterxml\classmate\1.3.0\classmate-1.3.0.jar;C:\Users\bhano\.m2\repository\dom4j\dom4j\1.6.1\dom4j-1.6.1.jar;C:\Users\bhano\.m2\repository\org\hibernate\common\hibernate-commons-annotations\5.0.1.Final\hibernate-commons-annotations-5.0.1.Final.jar;C:\Users\bhano\.m2\repository\org\apache\commons\commons-dbcp2\2.1.1\commons-dbcp2-2.1.1.jar;C:\Users\bhano\.m2\repository\org\apache\commons\commons-pool2\2.4.2\commons-pool2-2.4.2.jar;C:\Users\bhano\.m2\repository\com\fasterxml\jackson\core\jackson-databind\2.8.7\jackson-databind-2.8.7.jar;C:\Users\bhano\.m2\repository\com\fasterxml\jackson\core\jackson-core\2.8.7\jackson-core-2.8.7.jar;C:\Users\bhano\.m2\repository\com\fasterxml\jackson\core\jackson-annotations\2.8.7\jackson-annotations-2.8.7.jar;C:\Users\bhano\.m2\repository\ch\qos\logback\logback-classic\1.2.1\logback-classic-1.2.1.jar;C:\Users\bhano\.m2\repository\ch\qos\logback\logback-core\1.2.1\logback-core-1.2.1.jar;C:\Users\bhano\.m2\repository\org\slf4j\slf4j-api\1.7.22\slf4j-api-1.7.22.jar;C:\Users\bhano\.m2\repository\org\slf4j\jcl-over-slf4j\1.7.24\jcl-over-slf4j-1.7.24.jar;C:\Users\bhano\.m2\repository\org\hibernate\hibernate-validator\5.4.1.Final\hibernate-validator-5.4.1.Final.jar;C:\Users\bhano\.m2\repository\javax\validation\validation-api\1.1.0.Final\validation-api-1.1.0.Final.jar;, java.vm.vendor=Oracle Corporation, sun.arch.data.model=64, user.variant=, java.vendor.url=http://java.oracle.com/, user.timezone=Asia/Calcutta, os.name=Windows 10, java.vm.specification.version=1.8, user.country=IN, sun.java.launcher=SUN_STANDARD, sun.boot.library.path=C:\Program Files\Java\jdk1.8.0_144\jre\bin, sun.java.command=C:\Users\bhano\virtual-Tranning\shoppingbackend\target\surefire\surefirebooter9212897010996895630.jar C:\Users\bhano\virtual-Tranning\shoppingbackend\target\surefire\surefire5967352330995255309tmp C:\Users\bhano\virtual-Tranning\shoppingbackend\target\surefire\surefire_07491572042085256440tmp, surefire.test.class.path=C:\Users\bhano\virtual-Tranning\shoppingbackend\target\test-classes;C:\Users\bhano\virtual-Tranning\shoppingbackend\target\classes;C:\Users\bhano\.m2\repository\junit\junit\4.12\junit-4.12.jar;C:\Users\bhano\.m2\repository\org\hamcrest\hamcrest-core\1.3\hamcrest-core-1.3.jar;C:\Users\bhano\.m2\repository\org\springframework\spring-core\4.3.6.RELEASE\spring-core-4.3.6.RELEASE.jar;C:\Users\bhano\.m2\repository\org\springframework\spring-context\4.3.6.RELEASE\spring-context-4.3.6.RELEASE.jar;C:\Users\bhano\.m2\repository\org\springframework\spring-aop\4.3.6.RELEASE\spring-aop-4.3.6.RELEASE.jar;C:\Users\bhano\.m2\repository\org\springframework\spring-beans\4.3.6.RELEASE\spring-beans-4.3.6.RELEASE.jar;C:\Users\bhano\.m2\repository\org\springframework\spring-expression\4.3.6.RELEASE\spring-expression-4.3.6.RELEASE.jar;C:\Users\bhano\.m2\repository\org\springframework\spring-web\4.3.6.RELEASE\spring-web-4.3.6.RELEASE.jar;C:\Users\bhano\.m2\repository\org\springframework\spring-orm\4.3.6.RELEASE\spring-orm-4.3.6.RELEASE.jar;C:\Users\bhano\.m2\repository\org\springframework\spring-jdbc\4.3.6.RELEASE\spring-jdbc-4.3.6.RELEASE.jar;C:\Users\bhano\.m2\repository\org\springframework\spring-tx\4.3.6.RELEASE\spring-tx-4.3.6.RELEASE.jar;C:\Users\bhano\.m2\repository\com\h2database\h2\1.4.196\h2-1.4.196.jar;C:\Users\bhano\.m2\repository\org\hibernate\hibernate-core\5.2.7.Final\hibernate-core-5.2.7.Final.jar;C:\Users\bhano\.m2\repository\org\jboss\logging\jboss-logging\3.3.0.Final\jboss-logging-3.3.0.Final.jar;C:\Users\bhano\.m2\repository\org\hibernate\javax\persistence\hibernate-jpa-2.1-api\1.0.0.Final\hibernate-jpa-2.1-api-1.0.0.Final.jar;C:\Users\bhano\.m2\repository\org\javassist\javassist\3.20.0-GA\javassist-3.20.0-GA.jar;C:\Users\bhano\.m2\repository\antlr\antlr\2.7.7\antlr-2.7.7.jar;C:\Users\bhano\.m2\repository\org\apache\geronimo\specs\geronimo-jta_1.1_spec\1.1.1\geronimo-jta_1.1_spec-1.1.1.jar;C:\Users\bhano\.m2\repository\org\jboss\jandex\2.0.3.Final\jandex-2.0.3.Final.jar;C:\Users\bhano\.m2\repository\com\fasterxml\classmate\1.3.0\classmate-1.3.0.jar;C:\Users\bhano\.m2\repository\dom4j\dom4j\1.6.1\dom4j-1.6.1.jar;C:\Users\bhano\.m2\repository\org\hibernate\common\hibernate-commons-annotations\5.0.1.Final\hibernate-commons-annotations-5.0.1.Final.jar;C:\Users\bhano\.m2\repository\org\apache\commons\commons-dbcp2\2.1.1\commons-dbcp2-2.1.1.jar;C:\Users\bhano\.m2\repository\org\apache\commons\commons-pool2\2.4.2\commons-pool2-2.4.2.jar;C:\Users\bhano\.m2\repository\com\fasterxml\jackson\core\jackson-databind\2.8.7\jackson-databind-2.8.7.jar;C:\Users\bhano\.m2\repository\com\fasterxml\jackson\core\jackson-core\2.8.7\jackson-core-2.8.7.jar;C:\Users\bhano\.m2\repository\com\fasterxml\jackson\core\jackson-annotations\2.8.7\jackson-annotations-2.8.7.jar;C:\Users\bhano\.m2\repository\ch\qos\logback\logback-classic\1.2.1\logback-classic-1.2.1.jar;C:\Users\bhano\.m2\repository\ch\qos\logback\logback-core\1.2.1\logback-core-1.2.1.jar;C:\Users\bhano\.m2\repository\org\slf4j\slf4j-api\1.7.22\slf4j-api-1.7.22.jar;C:\Users\bhano\.m2\repository\org\slf4j\jcl-over-slf4j\1.7.24\jcl-over-slf4j-1.7.24.jar;C:\Users\bhano\.m2\repository\org\hibernate\hibernate-validator\5.4.1.Final\hibernate-validator-5.4.1.Final.jar;C:\Users\bhano\.m2\repository\javax\validation\validation-api\1.1.0.Final\validation-api-1.1.0.Final.jar;, sun.cpu.endian=little, user.home=C:\Users\bhano, user.language=en, java.specification.vendor=Oracle Corporation, java.home=C:\Program Files\Java\jdk1.8.0_144\jre, basedir=C:\Users\bhano\virtual-Tranning\shoppingbackend, file.separator=\, line.separator=
, java.vm.specification.vendor=Oracle Corporation, java.specification.name=Java Platform API Specification, java.awt.graphicsenv=sun.awt.Win32GraphicsEnvironment, surefire.real.class.path=C:\Users\bhano\virtual-Tranning\shoppingbackend\target\surefire\surefirebooter9212897010996895630.jar, sun.boot.class.path=C:\Program Files\Java\jdk1.8.0_144\jre\lib\resources.jar;C:\Program Files\Java\jdk1.8.0_144\jre\lib\rt.jar;C:\Program Files\Java\jdk1.8.0_144\jre\lib\sunrsasign.jar;C:\Program Files\Java\jdk1.8.0_144\jre\lib\jsse.jar;C:\Program Files\Java\jdk1.8.0_144\jre\lib\jce.jar;C:\Program Files\Java\jdk1.8.0_144\jre\lib\charsets.jar;C:\Program Files\Java\jdk1.8.0_144\jre\lib\jfr.jar;C:\Program Files\Java\jdk1.8.0_144\jre\classes, hibernate.hbm2ddl.auto=update, user.script=, sun.management.compiler=HotSpot 64-Bit Tiered Compilers, java.runtime.version=1.8.0_144-b01, user.name=bhano, path.separator=;, os.version=10.0, java.endorsed.dirs=C:\Program Files\Java\jdk1.8.0_144\jre\lib\endorsed, java.runtime.name=Java(TM) SE Runtime Environment, file.encoding=Cp1252, java.vm.name=Java HotSpot(TM) 64-Bit Server VM, hibernate.show_sql=true, hibernate.classLoaders=[sun.misc.Launcher$AppClassLoader@6bc7c054], hibernate.current_session_context_class=org.springframework.orm.hibernate5.SpringSessionContext, localRepository=C:\Users\bhano\.m2\repository, java.vendor.url.bug=http://bugreport.sun.com/bugreport/, java.io.tmpdir=C:\Users\bhano\AppData\Local\Temp\, java.version=1.8.0_144, user.dir=C:\Users\bhano\virtual-Tranning\shoppingbackend, os.arch=amd64, java.vm.specification.name=Java Virtual Machine Specification, java.awt.printerjob=sun.awt.windows.WPrinterJob, sun.os.patch.level=, hibernate.boot.CfgXmlAccessService.key=org.hibernate.boot.cfgxml.spi.LoadedConfig@4d7aaca2, java.library.path=C:\Program Files\Java\jdk1.8.0_144\jre\bin;C:\WINDOWS\Sun\Java\bin;C:\WINDOWS\system32;C:\WINDOWS;C:/Program Files/Java/jdk1.8.0_144/bin/../jre/bin/server;C:/Program Files/Java/jdk1.8.0_144/bin/../jre/bin;C:/Program Files/Java/jdk1.8.0_144/bin/../jre/lib/amd64;E:\app\bhano\virtual\product\12.2.0\dbhome_1\bin;E:\app\bhanoo\virtual\product\12.2.0\dbhome_1\bin;E:\app\bhano\product\11.2.0\dbhome_1\bin;C:\WINDOWS\system32;C:\WINDOWS;C:\WINDOWS\System32\Wbem;C:\WINDOWS\System32\WindowsPowerShell\v1.0\;C:\software-1\apache-maven-3.5.0-bin\apache-maven-3.5.0\bin;C:\Program Files (x86)\H2\bin;C:\Program Files\Java\jdk1.8.0_144\bin\;E:\app\bhano\virtual;C:\Program Files (x86)\Common Files\lenovo\easyplussdk\bin;C:\Users\bhano\AppData\Local\Microsoft\WindowsApps;;C:\Program Files\Microsoft VS Code\bin;F:\2016 soft\eclipse-jee-oxygen-R-win32-x86_64 (2)\eclipse;;., java.vm.info=mixed mode, java.vendor=Oracle Corporation, java.vm.version=25.144-b01, hibernate.bytecode.use_reflection_optimizer=false, hibernate.connection.datasource=org.apache.commons.dbcp2.BasicDataSource@627d8516, java.ext.dirs=C:\Program Files\Java\jdk1.8.0_144\jre\lib\ext;C:\WINDOWS\Sun\Java\lib\ext, sun.io.unicode.encoding=UnicodeLittle, java.class.version=52.0}
10:00:55.802 [main] DEBUG org.hibernate.validator.internal.engine.resolver.DefaultTraversableResolver - Found javax.persistence.Persistence on classpath containing &apos;getPersistenceUtil&apos;. Assuming JPA 2 environment. Trying to instantiate JPA aware TraversableResolver
10:00:55.802 [main] DEBUG org.hibernate.validator.internal.engine.resolver.DefaultTraversableResolver - Instantiated JPA aware TraversableResolver of type org.hibernate.validator.internal.engine.resolver.JPATraversableResolver.
10:00:55.803 [main] DEBUG org.hibernate.validator.internal.xml.ValidationXmlParser - Trying to load META-INF/validation.xml for XML based Validator configuration.
10:00:55.803 [main] DEBUG org.hibernate.validator.internal.xml.ResourceLoaderHelper - Trying to load META-INF/validation.xml via TCCL
10:00:55.803 [main] DEBUG org.hibernate.validator.internal.xml.ResourceLoaderHelper - Trying to load META-INF/validation.xml via Hibernate Validator&apos;s class loader
10:00:55.804 [main] DEBUG org.hibernate.validator.internal.xml.ValidationXmlParser - No META-INF/validation.xml found. Using annotation based configuration only.
10:00:55.805 [main] DEBUG org.hibernate.cfg.beanvalidation.TypeSafeActivator - Unable to acquire Bean Validation ValidatorFactory, skipping activation
10:00:55.806 [main] DEBUG org.hibernate.secure.spi.JaccIntegrator - Skipping JACC integration as it was not enabled
10:00:55.807 [main] DEBUG org.hibernate.internal.SessionFactoryImpl - Instantiated session factory
10:00:55.807 [main] DEBUG org.hibernate.boot.internal.ClassLoaderAccessImpl - Not known whether passed class name [com.shoppingbackend.model.OrderDetail] is safe
10:00:55.807 [main] DEBUG org.hibernate.boot.internal.ClassLoaderAccessImpl - No temp ClassLoader provided; using live ClassLoader for loading potentially unsafe class : com.shoppingbackend.model.OrderDetail
10:00:55.808 [main] DEBUG org.hibernate.boot.internal.ClassLoaderAccessImpl - Not known whether passed class name [com.shoppingbackend.model.OrderDetail] is safe
10:00:55.808 [main] DEBUG org.hibernate.boot.internal.ClassLoaderAccessImpl - No temp ClassLoader provided; using live ClassLoader for loading potentially unsafe class : com.shoppingbackend.model.OrderDetail
10:00:55.824 [main] DEBUG org.hibernate.boot.internal.ClassLoaderAccessImpl - Not known whether passed class name [com.shoppingbackend.model.CartLine] is safe
10:00:55.824 [main] DEBUG org.hibernate.boot.internal.ClassLoaderAccessImpl - No temp ClassLoader provided; using live ClassLoader for loading potentially unsafe class : com.shoppingbackend.model.CartLine
10:00:55.830 [main] DEBUG org.hibernate.boot.internal.ClassLoaderAccessImpl - Not known whether passed class name [com.shoppingbackend.model.CartLine] is safe
10:00:55.831 [main] DEBUG org.hibernate.boot.internal.ClassLoaderAccessImpl - No temp ClassLoader provided; using live ClassLoader for loading potentially unsafe class : com.shoppingbackend.model.CartLine
10:00:55.834 [main] DEBUG org.hibernate.boot.internal.ClassLoaderAccessImpl - Not known whether passed class name [com.shoppingbackend.model.OrderItem] is safe
10:00:55.835 [main] DEBUG org.hibernate.boot.internal.ClassLoaderAccessImpl - No temp ClassLoader provided; using live ClassLoader for loading potentially unsafe class : com.shoppingbackend.model.OrderItem
10:00:55.835 [main] DEBUG org.hibernate.boot.internal.ClassLoaderAccessImpl - Not known whether passed class name [com.shoppingbackend.model.OrderItem] is safe
10:00:55.835 [main] DEBUG org.hibernate.boot.internal.ClassLoaderAccessImpl - No temp ClassLoader provided; using live ClassLoader for loading potentially unsafe class : com.shoppingbackend.model.OrderItem
10:00:55.848 [main] DEBUG org.hibernate.boot.internal.ClassLoaderAccessImpl - Not known whether passed class name [com.shoppingbackend.model.Supplier] is safe
10:00:55.848 [main] DEBUG org.hibernate.boot.internal.ClassLoaderAccessImpl - No temp ClassLoader provided; using live ClassLoader for loading potentially unsafe class : com.shoppingbackend.model.Supplier
10:00:55.849 [main] DEBUG org.hibernate.boot.internal.ClassLoaderAccessImpl - Not known whether passed class name [com.shoppingbackend.model.Supplier] is safe
10:00:55.849 [main] DEBUG org.hibernate.boot.internal.ClassLoaderAccessImpl - No temp ClassLoader provided; using live ClassLoader for loading potentially unsafe class : com.shoppingbackend.model.Supplier
10:00:55.855 [main] DEBUG org.hibernate.boot.internal.ClassLoaderAccessImpl - Not known whether passed class name [com.shoppingbackend.model.User] is safe
10:00:55.860 [main] DEBUG org.hibernate.boot.internal.ClassLoaderAccessImpl - No temp ClassLoader provided; using live ClassLoader for loading potentially unsafe class : com.shoppingbackend.model.User
10:00:55.862 [main] DEBUG org.hibernate.boot.internal.ClassLoaderAccessImpl - Not known whether passed class name [com.shoppingbackend.model.User] is safe
10:00:55.862 [main] DEBUG org.hibernate.boot.internal.ClassLoaderAccessImpl - No temp ClassLoader provided; using live ClassLoader for loading potentially unsafe class : com.shoppingbackend.model.User
10:00:55.868 [main] DEBUG org.hibernate.boot.internal.ClassLoaderAccessImpl - Not known whether passed class name [com.shoppingbackend.model.Cart] is safe
10:00:55.869 [main] DEBUG org.hibernate.boot.internal.ClassLoaderAccessImpl - No temp ClassLoader provided; using live ClassLoader for loading potentially unsafe class : com.shoppingbackend.model.Cart
10:00:55.869 [main] DEBUG org.hibernate.boot.internal.ClassLoaderAccessImpl - Not known whether passed class name [com.shoppingbackend.model.Cart] is safe
10:00:55.870 [main] DEBUG org.hibernate.boot.internal.ClassLoaderAccessImpl - No temp ClassLoader provided; using live ClassLoader for loading potentially unsafe class : com.shoppingbackend.model.Cart
10:00:55.878 [main] DEBUG org.hibernate.boot.internal.ClassLoaderAccessImpl - Not known whether passed class name [com.shoppingbackend.model.Category] is safe
10:00:55.879 [main] DEBUG org.hibernate.boot.internal.ClassLoaderAccessImpl - No temp ClassLoader provided; using live ClassLoader for loading potentially unsafe class : com.shoppingbackend.model.Category
10:00:55.879 [main] DEBUG org.hibernate.boot.internal.ClassLoaderAccessImpl - Not known whether passed class name [com.shoppingbackend.model.Category] is safe
10:00:55.880 [main] DEBUG org.hibernate.boot.internal.ClassLoaderAccessImpl - No temp ClassLoader provided; using live ClassLoader for loading potentially unsafe class : com.shoppingbackend.model.Category
10:00:55.885 [main] DEBUG org.hibernate.boot.internal.ClassLoaderAccessImpl - Not known whether passed class name [com.shoppingbackend.model.Address] is safe
10:00:55.886 [main] DEBUG org.hibernate.boot.internal.ClassLoaderAccessImpl - No temp ClassLoader provided; using live ClassLoader for loading potentially unsafe class : com.shoppingbackend.model.Address
10:00:55.887 [main] DEBUG org.hibernate.boot.internal.ClassLoaderAccessImpl - Not known whether passed class name [com.shoppingbackend.model.Address] is safe
10:00:55.887 [main] DEBUG org.hibernate.boot.internal.ClassLoaderAccessImpl - No temp ClassLoader provided; using live ClassLoader for loading potentially unsafe class : com.shoppingbackend.model.Address
10:00:55.889 [main] DEBUG org.hibernate.boot.internal.ClassLoaderAccessImpl - Not known whether passed class name [com.shoppingbackend.model.Product] is safe
10:00:55.889 [main] DEBUG org.hibernate.boot.internal.ClassLoaderAccessImpl - No temp ClassLoader provided; using live ClassLoader for loading potentially unsafe class : com.shoppingbackend.model.Product
10:00:55.894 [main] DEBUG org.hibernate.boot.internal.ClassLoaderAccessImpl - Not known whether passed class name [com.shoppingbackend.model.Product] is safe
10:00:55.894 [main] DEBUG org.hibernate.boot.internal.ClassLoaderAccessImpl - No temp ClassLoader provided; using live ClassLoader for loading potentially unsafe class : com.shoppingbackend.model.Product
10:00:55.899 [main] DEBUG org.hibernate.persister.collection.AbstractCollectionPersister - Static SQL for collection: com.shoppingbackend.model.OrderDetail.orderItems
10:00:55.899 [main] DEBUG org.hibernate.persister.collection.AbstractCollectionPersister -  Row insert: update order_item set order_id=? where id=?
10:00:55.899 [main] DEBUG org.hibernate.persister.collection.AbstractCollectionPersister -  Row update: update order_item set  where id=?
10:00:55.899 [main] DEBUG org.hibernate.persister.collection.AbstractCollectionPersister -  Row delete: update order_item set order_id=null where order_id=? and id=?
10:00:55.899 [main] DEBUG org.hibernate.persister.collection.AbstractCollectionPersister -  One-shot delete: update order_item set order_id=null where order_id=?
10:00:55.901 [main] DEBUG org.hibernate.persister.entity.AbstractEntityPersister - Static SQL for entity: com.shoppingbackend.model.OrderDetail
10:00:55.902 [main] DEBUG org.hibernate.persister.entity.AbstractEntityPersister -  Version select: select id from order_detail where id =?
10:00:55.902 [main] DEBUG org.hibernate.persister.entity.AbstractEntityPersister -  Snapshot select: select orderdetai_.id, orderdetai_.billing_id as billing_5_4_, orderdetai_.order_count as order_co2_4_, orderdetai_.order_date as order_da3_4_, orderdetai_.order_total as order_to4_4_, orderdetai_.shipping_id as shipping6_4_, orderdetai_.user_id as user_id7_4_ from order_detail orderdetai_ where orderdetai_.id=?
10:00:55.902 [main] DEBUG org.hibernate.persister.entity.AbstractEntityPersister -  Insert 0: insert into order_detail (billing_id, order_count, order_date, order_total, shipping_id, user_id, id) values (?, ?, ?, ?, ?, ?, ?)
10:00:55.902 [main] DEBUG org.hibernate.persister.entity.AbstractEntityPersister -  Update 0: update order_detail set billing_id=?, order_count=?, order_date=?, order_total=?, shipping_id=?, user_id=? where id=?
10:00:55.902 [main] DEBUG org.hibernate.persister.entity.AbstractEntityPersister -  Delete 0: delete from order_detail where id=?
10:00:55.902 [main] DEBUG org.hibernate.persister.entity.AbstractEntityPersister -  Identity insert: insert into order_detail (id, billing_id, order_count, order_date, order_total, shipping_id, user_id) values (null, ?, ?, ?, ?, ?, ?)
10:00:55.903 [main] DEBUG org.hibernate.loader.plan.build.internal.spaces.QuerySpacesImpl - Adding QuerySpace : uid = &lt;gen:0&gt; -&gt; org.hibernate.loader.plan.build.internal.spaces.EntityQuerySpaceImpl@116a2108]
10:00:55.903 [main] DEBUG org.hibernate.persister.walking.spi.MetamodelGraphWalker - Visiting attribute path : billing
10:00:55.904 [main] DEBUG org.hibernate.loader.plan.build.internal.spaces.QuerySpacesImpl - Adding QuerySpace : uid = &lt;gen:1&gt; -&gt; org.hibernate.loader.plan.build.internal.spaces.EntityQuerySpaceImpl@7c1c5936]
10:00:55.904 [main] DEBUG org.hibernate.persister.walking.spi.MetamodelGraphWalker - Visiting attribute path : billing.addressLineOne
10:00:55.904 [main] DEBUG org.hibernate.persister.walking.spi.MetamodelGraphWalker - Visiting attribute path : billing.addressLineTwo
10:00:55.904 [main] DEBUG org.hibernate.persister.walking.spi.MetamodelGraphWalker - Visiting attribute path : billing.billing
10:00:55.904 [main] DEBUG org.hibernate.persister.walking.spi.MetamodelGraphWalker - Visiting attribute path : billing.city
10:00:55.904 [main] DEBUG org.hibernate.persister.walking.spi.MetamodelGraphWalker - Visiting attribute path : billing.country
10:00:55.904 [main] DEBUG org.hibernate.persister.walking.spi.MetamodelGraphWalker - Visiting attribute path : billing.postalCode
10:00:55.905 [main] DEBUG org.hibernate.persister.walking.spi.MetamodelGraphWalker - Visiting attribute path : billing.shipping
10:00:55.905 [main] DEBUG org.hibernate.persister.walking.spi.MetamodelGraphWalker - Visiting attribute path : billing.state
10:00:55.905 [main] DEBUG org.hibernate.persister.walking.spi.MetamodelGraphWalker - Visiting attribute path : billing.userId
10:00:55.906 [main] DEBUG org.hibernate.persister.walking.spi.MetamodelGraphWalker - Visiting attribute path : orderCount
10:00:55.907 [main] DEBUG org.hibernate.persister.walking.spi.MetamodelGraphWalker - Visiting attribute path : orderDate
10:00:55.908 [main] DEBUG org.hibernate.persister.walking.spi.MetamodelGraphWalker - Visiting attribute path : orderItems
10:00:55.908 [main] DEBUG org.hibernate.loader.plan.build.internal.spaces.QuerySpacesImpl - Adding QuerySpace : uid = &lt;gen:2&gt; -&gt; org.hibernate.loader.plan.build.internal.spaces.CollectionQuerySpaceImpl@3ac8cf9b]
10:00:55.908 [main] DEBUG org.hibernate.loader.plan.build.internal.spaces.QuerySpacesImpl - Adding QuerySpace : uid = &lt;gen:3&gt; -&gt; org.hibernate.loader.plan.build.internal.spaces.EntityQuerySpaceImpl@55ec556]
10:00:55.909 [main] DEBUG org.hibernate.persister.walking.spi.MetamodelGraphWalker - Visiting attribute path : orderItems.buyingPrice
10:00:55.909 [main] DEBUG org.hibernate.persister.walking.spi.MetamodelGraphWalker - Visiting attribute path : orderItems.orderDetail
10:00:55.909 [main] DEBUG org.hibernate.persister.walking.spi.MetamodelGraphWalker - Property path deemed to be circular : orderItems.orderDetail
10:00:55.910 [main] DEBUG org.hibernate.persister.walking.spi.MetamodelGraphWalker - Visiting attribute path : orderItems.product
10:00:55.910 [main] DEBUG org.hibernate.loader.plan.build.internal.spaces.QuerySpacesImpl - Adding QuerySpace : uid = &lt;gen:4&gt; -&gt; org.hibernate.loader.plan.build.internal.spaces.EntityQuerySpaceImpl@4b869331]
10:00:55.911 [main] DEBUG org.hibernate.persister.walking.spi.MetamodelGraphWalker - Visiting attribute path : orderItems.product.active
10:00:55.911 [main] DEBUG org.hibernate.persister.walking.spi.MetamodelGraphWalker - Visiting attribute path : orderItems.product.brand
10:00:55.911 [main] DEBUG org.hibernate.persister.walking.spi.MetamodelGraphWalker - Visiting attribute path : orderItems.product.categoryId
10:00:55.911 [main] DEBUG org.hibernate.persister.walking.spi.MetamodelGraphWalker - Visiting attribute path : orderItems.product.code
10:00:55.911 [main] DEBUG org.hibernate.persister.walking.spi.MetamodelGraphWalker - Visiting attribute path : orderItems.product.description
10:00:55.911 [main] DEBUG org.hibernate.persister.walking.spi.MetamodelGraphWalker - Visiting attribute path : orderItems.product.name
10:00:55.911 [main] DEBUG org.hibernate.persister.walking.spi.MetamodelGraphWalker - Visiting attribute path : orderItems.product.purchases
10:00:55.912 [main] DEBUG org.hibernate.persister.walking.spi.MetamodelGraphWalker - Visiting attribute path : orderItems.product.quantity
10:00:55.912 [main] DEBUG org.hibernate.persister.walking.spi.MetamodelGraphWalker - Visiting attribute path : orderItems.product.supplierId
10:00:55.912 [main] DEBUG org.hibernate.persister.walking.spi.MetamodelGraphWalker - Visiting attribute path : orderItems.product.unitPrice
10:00:55.912 [main] DEBUG org.hibernate.persister.walking.spi.MetamodelGraphWalker - Visiting attribute path : orderItems.product.views
10:00:55.913 [main] DEBUG org.hibernate.persister.walking.spi.MetamodelGraphWalker - Visiting attribute path : orderItems.productCount
10:00:55.914 [main] DEBUG org.hibernate.persister.walking.spi.MetamodelGraphWalker - Visiting attribute path : orderItems.total
10:00:55.914 [main] DEBUG org.hibernate.persister.walking.spi.MetamodelGraphWalker - Visiting attribute path : orderTotal
10:00:55.914 [main] DEBUG org.hibernate.persister.walking.spi.MetamodelGraphWalker - Visiting attribute path : shipping
10:00:55.914 [main] DEBUG org.hibernate.loader.plan.build.internal.spaces.QuerySpacesImpl - Adding QuerySpace : uid = &lt;gen:5&gt; -&gt; org.hibernate.loader.plan.build.internal.spaces.EntityQuerySpaceImpl@ce9b9a9]
10:00:55.915 [main] DEBUG org.hibernate.persister.walking.spi.MetamodelGraphWalker - Visiting attribute path : shipping.addressLineOne
10:00:55.915 [main] DEBUG org.hibernate.persister.walking.spi.MetamodelGraphWalker - Visiting attribute path : shipping.addressLineTwo
10:00:55.915 [main] DEBUG org.hibernate.persister.walking.spi.MetamodelGraphWalker - Visiting attribute path : shipping.billing
10:00:55.915 [main] DEBUG org.hibernate.persister.walking.spi.MetamodelGraphWalker - Visiting attribute path : shipping.city
10:00:55.917 [main] DEBUG org.hibernate.persister.walking.spi.MetamodelGraphWalker - Visiting attribute path : shipping.country
10:00:55.917 [main] DEBUG org.hibernate.persister.walking.spi.MetamodelGraphWalker - Visiting attribute path : shipping.postalCode
10:00:55.917 [main] DEBUG org.hibernate.persister.walking.spi.MetamodelGraphWalker - Visiting attribute path : shipping.shipping
10:00:55.917 [main] DEBUG org.hibernate.persister.walking.spi.MetamodelGraphWalker - Visiting attribute path : shipping.state
10:00:55.917 [main] DEBUG org.hibernate.persister.walking.spi.MetamodelGraphWalker - Visiting attribute path : shipping.userId
10:00:55.917 [main] DEBUG org.hibernate.persister.walking.spi.MetamodelGraphWalker - Visiting attribute path : user
10:00:55.918 [main] DEBUG org.hibernate.loader.plan.build.internal.spaces.QuerySpacesImpl - Adding QuerySpace : uid = &lt;gen:6&gt; -&gt; org.hibernate.loader.plan.build.internal.spaces.EntityQuerySpaceImpl@3533df16]
10:00:55.918 [main] DEBUG org.hibernate.persister.walking.spi.MetamodelGraphWalker - Visiting attribute path : user.contactNumber
10:00:55.918 [main] DEBUG org.hibernate.persister.walking.spi.MetamodelGraphWalker - Visiting attribute path : user.email
10:00:55.918 [main] DEBUG org.hibernate.persister.walking.spi.MetamodelGraphWalker - Visiting attribute path : user.enabled
10:00:55.918 [main] DEBUG org.hibernate.persister.walking.spi.MetamodelGraphWalker - Visiting attribute path : user.firstName
10:00:55.918 [main] DEBUG org.hibernate.persister.walking.spi.MetamodelGraphWalker - Visiting attribute path : user.lastName
10:00:55.918 [main] DEBUG org.hibernate.persister.walking.spi.MetamodelGraphWalker - Visiting attribute path : user.password
10:00:55.918 [main] DEBUG org.hibernate.persister.walking.spi.MetamodelGraphWalker - Visiting attribute path : user.role
10:00:55.918 [main] DEBUG org.hibernate.persister.walking.spi.MetamodelGraphWalker - Visiting attribute path : user.cart
10:00:55.918 [main] DEBUG org.hibernate.loader.plan.build.internal.spaces.QuerySpacesImpl - Adding QuerySpace : uid = &lt;gen:7&gt; -&gt; org.hibernate.loader.plan.build.internal.spaces.EntityQuerySpaceImpl@4038cd3a]
10:00:55.919 [main] DEBUG org.hibernate.persister.walking.spi.MetamodelGraphWalker - Visiting attribute path : user.cart.cartLines
10:00:55.919 [main] DEBUG org.hibernate.persister.walking.spi.MetamodelGraphWalker - Visiting attribute path : user.cart.grandTotal
10:00:55.919 [main] DEBUG org.hibernate.persister.walking.spi.MetamodelGraphWalker - Visiting attribute path : user.cart.user
10:00:55.919 [main] DEBUG org.hibernate.persister.walking.spi.MetamodelGraphWalker - Property path deemed to be circular : user.cart.user
10:00:55.919 [main] DEBUG org.hibernate.loader.plan.build.internal.FetchStyleLoadPlanBuildingAssociationVisitationStrategy - Building LoadPlan...
10:00:55.920 [main] DEBUG org.hibernate.loader.plan.exec.internal.LoadQueryJoinAndFetchProcessor - processing queryspace &lt;gen:0&gt;
10:00:55.922 [main] DEBUG org.hibernate.loader.plan.build.spi.LoadPlanTreePrinter - LoadPlan(entity=com.shoppingbackend.model.OrderDetail)
    - Returns
       - EntityReturnImpl(entity=com.shoppingbackend.model.OrderDetail, querySpaceUid=&lt;gen:0&gt;, path=com.shoppingbackend.model.OrderDetail)
          - EntityAttributeFetchImpl(entity=com.shoppingbackend.model.Address, querySpaceUid=&lt;gen:1&gt;, path=com.shoppingbackend.model.OrderDetail.billing)
          - CollectionAttributeFetchImpl(collection=com.shoppingbackend.model.OrderDetail.orderItems, querySpaceUid=&lt;gen:2&gt;, path=com.shoppingbackend.model.OrderDetail.orderItems)
             - (collection element) CollectionFetchableElementEntityGraph(entity=com.shoppingbackend.model.OrderItem, querySpaceUid=&lt;gen:3&gt;, path=com.shoppingbackend.model.OrderDetail.orderItems.&lt;elements&gt;)
                - EntityAttributeFetchImpl(entity=com.shoppingbackend.model.Product, querySpaceUid=&lt;gen:4&gt;, path=com.shoppingbackend.model.OrderDetail.orderItems.&lt;elements&gt;.product)
          - EntityAttributeFetchImpl(entity=com.shoppingbackend.model.Address, querySpaceUid=&lt;gen:5&gt;, path=com.shoppingbackend.model.OrderDetail.shipping)
          - EntityAttributeFetchImpl(entity=com.shoppingbackend.model.User, querySpaceUid=&lt;gen:6&gt;, path=com.shoppingbackend.model.OrderDetail.user)
             - EntityAttributeFetchImpl(entity=com.shoppingbackend.model.Cart, querySpaceUid=&lt;gen:7&gt;, path=com.shoppingbackend.model.OrderDetail.user.cart)
    - QuerySpaces
       - EntityQuerySpaceImpl(uid=&lt;gen:0&gt;, entity=com.shoppingbackend.model.OrderDetail)
          - SQL table alias mapping - orderdetai0_
          - alias suffix - 0_
          - suffixed key columns - {id1_4_0_}
          - JOIN (JoinDefinedByMetadata(billing)) : &lt;gen:0&gt; -&gt; &lt;gen:1&gt;
             - EntityQuerySpaceImpl(uid=&lt;gen:1&gt;, entity=com.shoppingbackend.model.Address)
                - SQL table alias mapping - address1_
                - alias suffix - 1_
                - suffixed key columns - {id1_0_1_}
          - JOIN (JoinDefinedByMetadata(orderItems)) : &lt;gen:0&gt; -&gt; &lt;gen:2&gt;
             - CollectionQuerySpaceImpl(uid=&lt;gen:2&gt;, collection=com.shoppingbackend.model.OrderDetail.orderItems)
                - SQL table alias mapping - orderitems2_
                - alias suffix - 2_
                - suffixed key columns - {order_id5_5_2_}
                - entity-element alias suffix - 3_
                - 3_entity-element suffixed key columns - id1_5_3_
                - JOIN (JoinDefinedByMetadata(elements)) : &lt;gen:2&gt; -&gt; &lt;gen:3&gt;
                   - EntityQuerySpaceImpl(uid=&lt;gen:3&gt;, entity=com.shoppingbackend.model.OrderItem)
                      - SQL table alias mapping - orderitems2_
                      - alias suffix - 3_
                      - suffixed key columns - {id1_5_3_}
                      - JOIN (JoinDefinedByMetadata(product)) : &lt;gen:3&gt; -&gt; &lt;gen:4&gt;
                         - EntityQuerySpaceImpl(uid=&lt;gen:4&gt;, entity=com.shoppingbackend.model.Product)
                            - SQL table alias mapping - product3_
                            - alias suffix - 4_
                            - suffixed key columns - {id1_6_4_}
          - JOIN (JoinDefinedByMetadata(shipping)) : &lt;gen:0&gt; -&gt; &lt;gen:5&gt;
             - EntityQuerySpaceImpl(uid=&lt;gen:5&gt;, entity=com.shoppingbackend.model.Address)
                - SQL table alias mapping - address4_
                - alias suffix - 5_
                - suffixed key columns - {id1_0_5_}
          - JOIN (JoinDefinedByMetadata(user)) : &lt;gen:0&gt; -&gt; &lt;gen:6&gt;
             - EntityQuerySpaceImpl(uid=&lt;gen:6&gt;, entity=com.shoppingbackend.model.User)
                - SQL table alias mapping - user5_
                - alias suffix - 6_
                - suffixed key columns - {id1_8_6_}
                - JOIN (JoinDefinedByMetadata(cart)) : &lt;gen:6&gt; -&gt; &lt;gen:7&gt;
                   - EntityQuerySpaceImpl(uid=&lt;gen:7&gt;, entity=com.shoppingbackend.model.Cart)
                      - SQL table alias mapping - cart6_
                      - alias suffix - 7_
                      - suffixed key columns - {id1_1_7_}

10:00:55.923 [main] DEBUG org.hibernate.loader.entity.plan.EntityLoader - Static select for entity com.shoppingbackend.model.OrderDetail [NONE]: select orderdetai0_.id as id1_4_0_, orderdetai0_.billing_id as billing_5_4_0_, orderdetai0_.order_count as order_co2_4_0_, orderdetai0_.order_date as order_da3_4_0_, orderdetai0_.order_total as order_to4_4_0_, orderdetai0_.shipping_id as shipping6_4_0_, orderdetai0_.user_id as user_id7_4_0_, address1_.id as id1_0_1_, address1_.address_line_one as address_2_0_1_, address1_.address_line_two as address_3_0_1_, address1_.is_billing as is_billi4_0_1_, address1_.city as city5_0_1_, address1_.country as country6_0_1_, address1_.postal_code as postal_c7_0_1_, address1_.is_shipping as is_shipp8_0_1_, address1_.state as state9_0_1_, address1_.user_id as user_id10_0_1_, orderitems2_.order_id as order_id5_5_2_, orderitems2_.id as id1_5_2_, orderitems2_.id as id1_5_3_, orderitems2_.buying_price as buying_p2_5_3_, orderitems2_.order_id as order_id5_5_3_, orderitems2_.product_id as product_6_5_3_, orderitems2_.product_count as product_3_5_3_, orderitems2_.total as total4_5_3_, product3_.id as id1_6_4_, product3_.is_active as is_activ2_6_4_, product3_.brand as brand3_6_4_, product3_.category_id as category4_6_4_, product3_.code as code5_6_4_, product3_.description as descript6_6_4_, product3_.name as name7_6_4_, product3_.purchases as purchase8_6_4_, product3_.quantity as quantity9_6_4_, product3_.supplier_id as supplie10_6_4_, product3_.unit_price as unit_pr11_6_4_, product3_.views as views12_6_4_, address4_.id as id1_0_5_, address4_.address_line_one as address_2_0_5_, address4_.address_line_two as address_3_0_5_, address4_.is_billing as is_billi4_0_5_, address4_.city as city5_0_5_, address4_.country as country6_0_5_, address4_.postal_code as postal_c7_0_5_, address4_.is_shipping as is_shipp8_0_5_, address4_.state as state9_0_5_, address4_.user_id as user_id10_0_5_, user5_.id as id1_8_6_, user5_.contact_number as contact_2_8_6_, user5_.email as email3_8_6_, user5_.enabled as enabled4_8_6_, user5_.first_name as first_na5_8_6_, user5_.last_name as last_nam6_8_6_, user5_.password as password7_8_6_, user5_.role as role8_8_6_, cart6_.id as id1_1_7_, cart6_.cart_lines as cart_lin2_1_7_, cart6_.grand_total as grand_to3_1_7_, cart6_.user_id as user_id4_1_7_ from order_detail orderdetai0_ left outer join Address address1_ on orderdetai0_.billing_id=address1_.id left outer join order_item orderitems2_ on orderdetai0_.id=orderitems2_.order_id left outer join Product product3_ on orderitems2_.product_id=product3_.id left outer join Address address4_ on orderdetai0_.shipping_id=address4_.id left outer join user_detail user5_ on orderdetai0_.user_id=user5_.id left outer join Cart cart6_ on user5_.id=cart6_.user_id where orderdetai0_.id=?
10:00:55.924 [main] DEBUG org.hibernate.loader.plan.build.internal.spaces.QuerySpacesImpl - Adding QuerySpace : uid = &lt;gen:0&gt; -&gt; org.hibernate.loader.plan.build.internal.spaces.EntityQuerySpaceImpl@3f4cd155]
10:00:55.924 [main] DEBUG org.hibernate.persister.walking.spi.MetamodelGraphWalker - Visiting attribute path : billing
10:00:55.924 [main] DEBUG org.hibernate.loader.plan.build.internal.spaces.QuerySpacesImpl - Adding QuerySpace : uid = &lt;gen:1&gt; -&gt; org.hibernate.loader.plan.build.internal.spaces.EntityQuerySpaceImpl@506dcf55]
10:00:55.924 [main] DEBUG org.hibernate.persister.walking.spi.MetamodelGraphWalker - Visiting attribute path : billing.addressLineOne
10:00:55.925 [main] DEBUG org.hibernate.persister.walking.spi.MetamodelGraphWalker - Visiting attribute path : billing.addressLineTwo
10:00:55.925 [main] DEBUG org.hibernate.persister.walking.spi.MetamodelGraphWalker - Visiting attribute path : billing.billing
10:00:55.925 [main] DEBUG org.hibernate.persister.walking.spi.MetamodelGraphWalker - Visiting attribute path : billing.city
10:00:55.925 [main] DEBUG org.hibernate.persister.walking.spi.MetamodelGraphWalker - Visiting attribute path : billing.country
10:00:55.925 [main] DEBUG org.hibernate.persister.walking.spi.MetamodelGraphWalker - Visiting attribute path : billing.postalCode
10:00:55.926 [main] DEBUG org.hibernate.persister.walking.spi.MetamodelGraphWalker - Visiting attribute path : billing.shipping
10:00:55.927 [main] DEBUG org.hibernate.persister.walking.spi.MetamodelGraphWalker - Visiting attribute path : billing.state
10:00:55.927 [main] DEBUG org.hibernate.persister.walking.spi.MetamodelGraphWalker - Visiting attribute path : billing.userId
10:00:55.927 [main] DEBUG org.hibernate.persister.walking.spi.MetamodelGraphWalker - Visiting attribute path : orderCount
10:00:55.927 [main] DEBUG org.hibernate.persister.walking.spi.MetamodelGraphWalker - Visiting attribute path : orderDate
10:00:55.927 [main] DEBUG org.hibernate.persister.walking.spi.MetamodelGraphWalker - Visiting attribute path : orderItems
10:00:55.927 [main] DEBUG org.hibernate.loader.plan.build.internal.spaces.QuerySpacesImpl - Adding QuerySpace : uid = &lt;gen:2&gt; -&gt; org.hibernate.loader.plan.build.internal.spaces.CollectionQuerySpaceImpl@7e94d093]
10:00:55.927 [main] DEBUG org.hibernate.loader.plan.build.internal.spaces.QuerySpacesImpl - Adding QuerySpace : uid = &lt;gen:3&gt; -&gt; org.hibernate.loader.plan.build.internal.spaces.EntityQuerySpaceImpl@7c6189d5]
10:00:55.928 [main] DEBUG org.hibernate.persister.walking.spi.MetamodelGraphWalker - Visiting attribute path : orderItems.buyingPrice
10:00:55.928 [main] DEBUG org.hibernate.persister.walking.spi.MetamodelGraphWalker - Visiting attribute path : orderItems.orderDetail
10:00:55.928 [main] DEBUG org.hibernate.persister.walking.spi.MetamodelGraphWalker - Property path deemed to be circular : orderItems.orderDetail
10:00:55.928 [main] DEBUG org.hibernate.persister.walking.spi.MetamodelGraphWalker - Visiting attribute path : orderItems.product
10:00:55.929 [main] DEBUG org.hibernate.loader.plan.build.internal.spaces.QuerySpacesImpl - Adding QuerySpace : uid = &lt;gen:4&gt; -&gt; org.hibernate.loader.plan.build.internal.spaces.EntityQuerySpaceImpl@66ad7bf0]
10:00:55.929 [main] DEBUG org.hibernate.persister.walking.spi.MetamodelGraphWalker - Visiting attribute path : orderItems.product.active
10:00:55.932 [main] DEBUG org.hibernate.persister.walking.spi.MetamodelGraphWalker - Visiting attribute path : orderItems.product.brand
10:00:55.932 [main] DEBUG org.hibernate.persister.walking.spi.MetamodelGraphWalker - Visiting attribute path : orderItems.product.categoryId
10:00:55.932 [main] DEBUG org.hibernate.persister.walking.spi.MetamodelGraphWalker - Visiting attribute path : orderItems.product.code
10:00:55.933 [main] DEBUG org.hibernate.persister.walking.spi.MetamodelGraphWalker - Visiting attribute path : orderItems.product.description
10:00:55.933 [main] DEBUG org.hibernate.persister.walking.spi.MetamodelGraphWalker - Visiting attribute path : orderItems.product.name
10:00:55.934 [main] DEBUG org.hibernate.persister.walking.spi.MetamodelGraphWalker - Visiting attribute path : orderItems.product.purchases
10:00:55.934 [main] DEBUG org.hibernate.persister.walking.spi.MetamodelGraphWalker - Visiting attribute path : orderItems.product.quantity
10:00:55.934 [main] DEBUG org.hibernate.persister.walking.spi.MetamodelGraphWalker - Visiting attribute path : orderItems.product.supplierId
10:00:55.939 [main] DEBUG org.hibernate.persister.walking.spi.MetamodelGraphWalker - Visiting attribute path : orderItems.product.unitPrice
10:00:55.939 [main] DEBUG org.hibernate.persister.walking.spi.MetamodelGraphWalker - Visiting attribute path : orderItems.product.views
10:00:55.939 [main] DEBUG org.hibernate.persister.walking.spi.MetamodelGraphWalker - Visiting attribute path : orderItems.productCount
10:00:55.939 [main] DEBUG org.hibernate.persister.walking.spi.MetamodelGraphWalker - Visiting attribute path : orderItems.total
10:00:55.940 [main] DEBUG org.hibernate.persister.walking.spi.MetamodelGraphWalker - Visiting attribute path : orderTotal
10:00:55.940 [main] DEBUG org.hibernate.persister.walking.spi.MetamodelGraphWalker - Visiting attribute path : shipping
10:00:55.940 [main] DEBUG org.hibernate.loader.plan.build.internal.spaces.QuerySpacesImpl - Adding QuerySpace : uid = &lt;gen:5&gt; -&gt; org.hibernate.loader.plan.build.internal.spaces.EntityQuerySpaceImpl@138caeca]
10:00:55.941 [main] DEBUG org.hibernate.persister.walking.spi.MetamodelGraphWalker - Visiting attribute path : shipping.addressLineOne
10:00:55.941 [main] DEBUG org.hibernate.persister.walking.spi.MetamodelGraphWalker - Visiting attribute path : shipping.addressLineTwo
10:00:55.941 [main] DEBUG org.hibernate.persister.walking.spi.MetamodelGraphWalker - Visiting attribute path : shipping.billing
10:00:55.941 [main] DEBUG org.hibernate.persister.walking.spi.MetamodelGraphWalker - Visiting attribute path : shipping.city
10:00:55.941 [main] DEBUG org.hibernate.persister.walking.spi.MetamodelGraphWalker - Visiting attribute path : shipping.country
10:00:55.941 [main] DEBUG org.hibernate.persister.walking.spi.MetamodelGraphWalker - Visiting attribute path : shipping.postalCode
10:00:55.941 [main] DEBUG org.hibernate.persister.walking.spi.MetamodelGraphWalker - Visiting attribute path : shipping.shipping
10:00:55.942 [main] DEBUG org.hibernate.persister.walking.spi.MetamodelGraphWalker - Visiting attribute path : shipping.state
10:00:55.942 [main] DEBUG org.hibernate.persister.walking.spi.MetamodelGraphWalker - Visiting attribute path : shipping.userId
10:00:55.942 [main] DEBUG org.hibernate.persister.walking.spi.MetamodelGraphWalker - Visiting attribute path : user
10:00:55.948 [main] DEBUG org.hibernate.loader.plan.build.internal.spaces.QuerySpacesImpl - Adding QuerySpace : uid = &lt;gen:6&gt; -&gt; org.hibernate.loader.plan.build.internal.spaces.EntityQuerySpaceImpl@9a6fbc0]
10:00:55.949 [main] DEBUG org.hibernate.persister.walking.spi.MetamodelGraphWalker - Visiting attribute path : user.contactNumber
10:00:55.949 [main] DEBUG org.hibernate.persister.walking.spi.MetamodelGraphWalker - Visiting attribute path : user.email
10:00:55.949 [main] DEBUG org.hibernate.persister.walking.spi.MetamodelGraphWalker - Visiting attribute path : user.enabled
10:00:55.949 [main] DEBUG org.hibernate.persister.walking.spi.MetamodelGraphWalker - Visiting attribute path : user.firstName
10:00:55.951 [main] DEBUG org.hibernate.persister.walking.spi.MetamodelGraphWalker - Visiting attribute path : user.lastName
10:00:55.951 [main] DEBUG org.hibernate.persister.walking.spi.MetamodelGraphWalker - Visiting attribute path : user.password
10:00:55.952 [main] DEBUG org.hibernate.persister.walking.spi.MetamodelGraphWalker - Visiting attribute path : user.role
10:00:55.952 [main] DEBUG org.hibernate.persister.walking.spi.MetamodelGraphWalker - Visiting attribute path : user.cart
10:00:55.952 [main] DEBUG org.hibernate.loader.plan.build.internal.spaces.QuerySpacesImpl - Adding QuerySpace : uid = &lt;gen:7&gt; -&gt; org.hibernate.loader.plan.build.internal.spaces.EntityQuerySpaceImpl@7a93b263]
10:00:55.952 [main] DEBUG org.hibernate.persister.walking.spi.MetamodelGraphWalker - Visiting attribute path : user.cart.cartLines
10:00:55.953 [main] DEBUG org.hibernate.persister.walking.spi.MetamodelGraphWalker - Visiting attribute path : user.cart.grandTotal
10:00:55.953 [main] DEBUG org.hibernate.persister.walking.spi.MetamodelGraphWalker - Visiting attribute path : user.cart.user
10:00:55.953 [main] DEBUG org.hibernate.persister.walking.spi.MetamodelGraphWalker - Property path deemed to be circular : user.cart.user
10:00:55.953 [main] DEBUG org.hibernate.loader.plan.build.internal.FetchStyleLoadPlanBuildingAssociationVisitationStrategy - Building LoadPlan...
10:00:55.954 [main] DEBUG org.hibernate.loader.plan.exec.internal.LoadQueryJoinAndFetchProcessor - processing queryspace &lt;gen:0&gt;
10:00:55.957 [main] DEBUG org.hibernate.loader.plan.build.spi.LoadPlanTreePrinter - LoadPlan(entity=com.shoppingbackend.model.OrderDetail)
    - Returns
       - EntityReturnImpl(entity=com.shoppingbackend.model.OrderDetail, querySpaceUid=&lt;gen:0&gt;, path=com.shoppingbackend.model.OrderDetail)
          - EntityAttributeFetchImpl(entity=com.shoppingbackend.model.Address, querySpaceUid=&lt;gen:1&gt;, path=com.shoppingbackend.model.OrderDetail.billing)
          - CollectionAttributeFetchImpl(collection=com.shoppingbackend.model.OrderDetail.orderItems, querySpaceUid=&lt;gen:2&gt;, path=com.shoppingbackend.model.OrderDetail.orderItems)
             - (collection element) CollectionFetchableElementEntityGraph(entity=com.shoppingbackend.model.OrderItem, querySpaceUid=&lt;gen:3&gt;, path=com.shoppingbackend.model.OrderDetail.orderItems.&lt;elements&gt;)
                - EntityAttributeFetchImpl(entity=com.shoppingbackend.model.Product, querySpaceUid=&lt;gen:4&gt;, path=com.shoppingbackend.model.OrderDetail.orderItems.&lt;elements&gt;.product)
          - EntityAttributeFetchImpl(entity=com.shoppingbackend.model.Address, querySpaceUid=&lt;gen:5&gt;, path=com.shoppingbackend.model.OrderDetail.shipping)
          - EntityAttributeFetchImpl(entity=com.shoppingbackend.model.User, querySpaceUid=&lt;gen:6&gt;, path=com.shoppingbackend.model.OrderDetail.user)
             - EntityAttributeFetchImpl(entity=com.shoppingbackend.model.Cart, querySpaceUid=&lt;gen:7&gt;, path=com.shoppingbackend.model.OrderDetail.user.cart)
    - QuerySpaces
       - EntityQuerySpaceImpl(uid=&lt;gen:0&gt;, entity=com.shoppingbackend.model.OrderDetail)
          - SQL table alias mapping - orderdetai0_
          - alias suffix - 0_
          - suffixed key columns - {id1_4_0_}
          - JOIN (JoinDefinedByMetadata(billing)) : &lt;gen:0&gt; -&gt; &lt;gen:1&gt;
             - EntityQuerySpaceImpl(uid=&lt;gen:1&gt;, entity=com.shoppingbackend.model.Address)
                - SQL table alias mapping - address1_
                - alias suffix - 1_
                - suffixed key columns - {id1_0_1_}
          - JOIN (JoinDefinedByMetadata(orderItems)) : &lt;gen:0&gt; -&gt; &lt;gen:2&gt;
             - CollectionQuerySpaceImpl(uid=&lt;gen:2&gt;, collection=com.shoppingbackend.model.OrderDetail.orderItems)
                - SQL table alias mapping - orderitems2_
                - alias suffix - 2_
                - suffixed key columns - {order_id5_5_2_}
                - entity-element alias suffix - 3_
                - 3_entity-element suffixed key columns - id1_5_3_
                - JOIN (JoinDefinedByMetadata(elements)) : &lt;gen:2&gt; -&gt; &lt;gen:3&gt;
                   - EntityQuerySpaceImpl(uid=&lt;gen:3&gt;, entity=com.shoppingbackend.model.OrderItem)
                      - SQL table alias mapping - orderitems2_
                      - alias suffix - 3_
                      - suffixed key columns - {id1_5_3_}
                      - JOIN (JoinDefinedByMetadata(product)) : &lt;gen:3&gt; -&gt; &lt;gen:4&gt;
                         - EntityQuerySpaceImpl(uid=&lt;gen:4&gt;, entity=com.shoppingbackend.model.Product)
                            - SQL table alias mapping - product3_
                            - alias suffix - 4_
                            - suffixed key columns - {id1_6_4_}
          - JOIN (JoinDefinedByMetadata(shipping)) : &lt;gen:0&gt; -&gt; &lt;gen:5&gt;
             - EntityQuerySpaceImpl(uid=&lt;gen:5&gt;, entity=com.shoppingbackend.model.Address)
                - SQL table alias mapping - address4_
                - alias suffix - 5_
                - suffixed key columns - {id1_0_5_}
          - JOIN (JoinDefinedByMetadata(user)) : &lt;gen:0&gt; -&gt; &lt;gen:6&gt;
             - EntityQuerySpaceImpl(uid=&lt;gen:6&gt;, entity=com.shoppingbackend.model.User)
                - SQL table alias mapping - user5_
                - alias suffix - 6_
                - suffixed key columns - {id1_8_6_}
                - JOIN (JoinDefinedByMetadata(cart)) : &lt;gen:6&gt; -&gt; &lt;gen:7&gt;
                   - EntityQuerySpaceImpl(uid=&lt;gen:7&gt;, entity=com.shoppingbackend.model.Cart)
                      - SQL table alias mapping - cart6_
                      - alias suffix - 7_
                      - suffixed key columns - {id1_1_7_}

10:00:55.957 [main] DEBUG org.hibernate.loader.entity.plan.EntityLoader - Static select for entity com.shoppingbackend.model.OrderDetail [READ]: select orderdetai0_.id as id1_4_0_, orderdetai0_.billing_id as billing_5_4_0_, orderdetai0_.order_count as order_co2_4_0_, orderdetai0_.order_date as order_da3_4_0_, orderdetai0_.order_total as order_to4_4_0_, orderdetai0_.shipping_id as shipping6_4_0_, orderdetai0_.user_id as user_id7_4_0_, address1_.id as id1_0_1_, address1_.address_line_one as address_2_0_1_, address1_.address_line_two as address_3_0_1_, address1_.is_billing as is_billi4_0_1_, address1_.city as city5_0_1_, address1_.country as country6_0_1_, address1_.postal_code as postal_c7_0_1_, address1_.is_shipping as is_shipp8_0_1_, address1_.state as state9_0_1_, address1_.user_id as user_id10_0_1_, orderitems2_.order_id as order_id5_5_2_, orderitems2_.id as id1_5_2_, orderitems2_.id as id1_5_3_, orderitems2_.buying_price as buying_p2_5_3_, orderitems2_.order_id as order_id5_5_3_, orderitems2_.product_id as product_6_5_3_, orderitems2_.product_count as product_3_5_3_, orderitems2_.total as total4_5_3_, product3_.id as id1_6_4_, product3_.is_active as is_activ2_6_4_, product3_.brand as brand3_6_4_, product3_.category_id as category4_6_4_, product3_.code as code5_6_4_, product3_.description as descript6_6_4_, product3_.name as name7_6_4_, product3_.purchases as purchase8_6_4_, product3_.quantity as quantity9_6_4_, product3_.supplier_id as supplie10_6_4_, product3_.unit_price as unit_pr11_6_4_, product3_.views as views12_6_4_, address4_.id as id1_0_5_, address4_.address_line_one as address_2_0_5_, address4_.address_line_two as address_3_0_5_, address4_.is_billing as is_billi4_0_5_, address4_.city as city5_0_5_, address4_.country as country6_0_5_, address4_.postal_code as postal_c7_0_5_, address4_.is_shipping as is_shipp8_0_5_, address4_.state as state9_0_5_, address4_.user_id as user_id10_0_5_, user5_.id as id1_8_6_, user5_.contact_number as contact_2_8_6_, user5_.email as email3_8_6_, user5_.enabled as enabled4_8_6_, user5_.first_name as first_na5_8_6_, user5_.last_name as last_nam6_8_6_, user5_.password as password7_8_6_, user5_.role as role8_8_6_, cart6_.id as id1_1_7_, cart6_.cart_lines as cart_lin2_1_7_, cart6_.grand_total as grand_to3_1_7_, cart6_.user_id as user_id4_1_7_ from order_detail orderdetai0_ left outer join Address address1_ on orderdetai0_.billing_id=address1_.id left outer join order_item orderitems2_ on orderdetai0_.id=orderitems2_.order_id left outer join Product product3_ on orderitems2_.product_id=product3_.id left outer join Address address4_ on orderdetai0_.shipping_id=address4_.id left outer join user_detail user5_ on orderdetai0_.user_id=user5_.id left outer join Cart cart6_ on user5_.id=cart6_.user_id where orderdetai0_.id=?
10:00:55.968 [main] DEBUG org.hibernate.loader.plan.build.internal.spaces.QuerySpacesImpl - Adding QuerySpace : uid = &lt;gen:0&gt; -&gt; org.hibernate.loader.plan.build.internal.spaces.EntityQuerySpaceImpl@bd1111a]
10:00:55.968 [main] DEBUG org.hibernate.persister.walking.spi.MetamodelGraphWalker - Visiting attribute path : billing
10:00:55.968 [main] DEBUG org.hibernate.loader.plan.build.internal.spaces.QuerySpacesImpl - Adding QuerySpace : uid = &lt;gen:1&gt; -&gt; org.hibernate.loader.plan.build.internal.spaces.EntityQuerySpaceImpl@1de6932a]
10:00:55.968 [main] DEBUG org.hibernate.persister.walking.spi.MetamodelGraphWalker - Visiting attribute path : orderCount
10:00:55.968 [main] DEBUG org.hibernate.persister.walking.spi.MetamodelGraphWalker - Visiting attribute path : orderDate
10:00:55.968 [main] DEBUG org.hibernate.persister.walking.spi.MetamodelGraphWalker - Visiting attribute path : orderItems
10:00:55.968 [main] DEBUG org.hibernate.loader.plan.build.internal.spaces.QuerySpacesImpl - Adding QuerySpace : uid = &lt;gen:2&gt; -&gt; org.hibernate.loader.plan.build.internal.spaces.CollectionQuerySpaceImpl@14dc3f89]
10:00:55.979 [main] DEBUG org.hibernate.loader.plan.build.internal.spaces.QuerySpacesImpl - Adding QuerySpace : uid = &lt;gen:3&gt; -&gt; org.hibernate.loader.plan.build.internal.spaces.EntityQuerySpaceImpl@1706a5c9]
10:00:55.979 [main] DEBUG org.hibernate.persister.walking.spi.MetamodelGraphWalker - Visiting attribute path : orderTotal
10:00:55.979 [main] DEBUG org.hibernate.persister.walking.spi.MetamodelGraphWalker - Visiting attribute path : shipping
10:00:55.979 [main] DEBUG org.hibernate.loader.plan.build.internal.spaces.QuerySpacesImpl - Adding QuerySpace : uid = &lt;gen:4&gt; -&gt; org.hibernate.loader.plan.build.internal.spaces.EntityQuerySpaceImpl@64412d34]
10:00:55.979 [main] DEBUG org.hibernate.persister.walking.spi.MetamodelGraphWalker - Visiting attribute path : user
10:00:55.979 [main] DEBUG org.hibernate.loader.plan.build.internal.spaces.QuerySpacesImpl - Adding QuerySpace : uid = &lt;gen:5&gt; -&gt; org.hibernate.loader.plan.build.internal.spaces.EntityQuerySpaceImpl@4d178d55]
10:00:55.980 [main] DEBUG org.hibernate.loader.plan.build.internal.FetchStyleLoadPlanBuildingAssociationVisitationStrategy - Building LoadPlan...
10:00:55.980 [main] DEBUG org.hibernate.loader.plan.exec.internal.LoadQueryJoinAndFetchProcessor - processing queryspace &lt;gen:0&gt;
10:00:55.982 [main] DEBUG org.hibernate.loader.plan.build.spi.LoadPlanTreePrinter - LoadPlan(entity=com.shoppingbackend.model.OrderDetail)
    - Returns
       - EntityReturnImpl(entity=com.shoppingbackend.model.OrderDetail, querySpaceUid=&lt;gen:0&gt;, path=com.shoppingbackend.model.OrderDetail)
          - EntityAttributeFetchImpl(entity=com.shoppingbackend.model.Address, querySpaceUid=&lt;gen:1&gt;, path=com.shoppingbackend.model.OrderDetail.billing)
          - CollectionAttributeFetchImpl(collection=com.shoppingbackend.model.OrderDetail.orderItems, querySpaceUid=&lt;gen:2&gt;, path=com.shoppingbackend.model.OrderDetail.orderItems)
             - (collection element) CollectionFetchableElementEntityGraph(entity=com.shoppingbackend.model.OrderItem, querySpaceUid=&lt;gen:3&gt;, path=com.shoppingbackend.model.OrderDetail.orderItems.&lt;elements&gt;)
          - EntityAttributeFetchImpl(entity=com.shoppingbackend.model.Address, querySpaceUid=&lt;gen:4&gt;, path=com.shoppingbackend.model.OrderDetail.shipping)
          - EntityAttributeFetchImpl(entity=com.shoppingbackend.model.User, querySpaceUid=&lt;gen:5&gt;, path=com.shoppingbackend.model.OrderDetail.user)
    - QuerySpaces
       - EntityQuerySpaceImpl(uid=&lt;gen:0&gt;, entity=com.shoppingbackend.model.OrderDetail)
          - SQL table alias mapping - orderdetai0_
          - alias suffix - 0_
          - suffixed key columns - {id1_4_0_}

10:00:55.982 [main] DEBUG org.hibernate.loader.entity.plan.EntityLoader - Static select for entity com.shoppingbackend.model.OrderDetail [UPGRADE]: select orderdetai0_.id as id1_4_0_, orderdetai0_.billing_id as billing_5_4_0_, orderdetai0_.order_count as order_co2_4_0_, orderdetai0_.order_date as order_da3_4_0_, orderdetai0_.order_total as order_to4_4_0_, orderdetai0_.shipping_id as shipping6_4_0_, orderdetai0_.user_id as user_id7_4_0_ from order_detail orderdetai0_ where orderdetai0_.id=? for update
10:00:55.982 [main] DEBUG org.hibernate.loader.plan.build.internal.spaces.QuerySpacesImpl - Adding QuerySpace : uid = &lt;gen:0&gt; -&gt; org.hibernate.loader.plan.build.internal.spaces.EntityQuerySpaceImpl@38c2c309]
10:00:55.983 [main] DEBUG org.hibernate.persister.walking.spi.MetamodelGraphWalker - Visiting attribute path : billing
10:00:55.983 [main] DEBUG org.hibernate.loader.plan.build.internal.spaces.QuerySpacesImpl - Adding QuerySpace : uid = &lt;gen:1&gt; -&gt; org.hibernate.loader.plan.build.internal.spaces.EntityQuerySpaceImpl@778db7c5]
10:00:55.983 [main] DEBUG org.hibernate.persister.walking.spi.MetamodelGraphWalker - Visiting attribute path : orderCount
10:00:55.984 [main] DEBUG org.hibernate.persister.walking.spi.MetamodelGraphWalker - Visiting attribute path : orderDate
10:00:55.984 [main] DEBUG org.hibernate.persister.walking.spi.MetamodelGraphWalker - Visiting attribute path : orderItems
10:00:55.984 [main] DEBUG org.hibernate.loader.plan.build.internal.spaces.QuerySpacesImpl - Adding QuerySpace : uid = &lt;gen:2&gt; -&gt; org.hibernate.loader.plan.build.internal.spaces.CollectionQuerySpaceImpl@681e144]
10:00:55.985 [main] DEBUG org.hibernate.loader.plan.build.internal.spaces.QuerySpacesImpl - Adding QuerySpace : uid = &lt;gen:3&gt; -&gt; org.hibernate.loader.plan.build.internal.spaces.EntityQuerySpaceImpl@2875b016]
10:00:55.985 [main] DEBUG org.hibernate.persister.walking.spi.MetamodelGraphWalker - Visiting attribute path : orderTotal
10:00:55.985 [main] DEBUG org.hibernate.persister.walking.spi.MetamodelGraphWalker - Visiting attribute path : shipping
10:00:55.985 [main] DEBUG org.hibernate.loader.plan.build.internal.spaces.QuerySpacesImpl - Adding QuerySpace : uid = &lt;gen:4&gt; -&gt; org.hibernate.loader.plan.build.internal.spaces.EntityQuerySpaceImpl@72ee5d84]
10:00:55.985 [main] DEBUG org.hibernate.persister.walking.spi.MetamodelGraphWalker - Visiting attribute path : user
10:00:55.986 [main] DEBUG org.hibernate.loader.plan.build.internal.spaces.QuerySpacesImpl - Adding QuerySpace : uid = &lt;gen:5&gt; -&gt; org.hibernate.loader.plan.build.internal.spaces.EntityQuerySpaceImpl@68c7ef83]
10:00:55.988 [main] DEBUG org.hibernate.loader.plan.build.internal.FetchStyleLoadPlanBuildingAssociationVisitationStrategy - Building LoadPlan...
10:00:55.988 [main] DEBUG org.hibernate.loader.plan.exec.internal.LoadQueryJoinAndFetchProcessor - processing queryspace &lt;gen:0&gt;
10:00:55.989 [main] DEBUG org.hibernate.loader.plan.build.spi.LoadPlanTreePrinter - LoadPlan(entity=com.shoppingbackend.model.OrderDetail)
    - Returns
       - EntityReturnImpl(entity=com.shoppingbackend.model.OrderDetail, querySpaceUid=&lt;gen:0&gt;, path=com.shoppingbackend.model.OrderDetail)
          - EntityAttributeFetchImpl(entity=com.shoppingbackend.model.Address, querySpaceUid=&lt;gen:1&gt;, path=com.shoppingbackend.model.OrderDetail.billing)
          - CollectionAttributeFetchImpl(collection=com.shoppingbackend.model.OrderDetail.orderItems, querySpaceUid=&lt;gen:2&gt;, path=com.shoppingbackend.model.OrderDetail.orderItems)
             - (collection element) CollectionFetchableElementEntityGraph(entity=com.shoppingbackend.model.OrderItem, querySpaceUid=&lt;gen:3&gt;, path=com.shoppingbackend.model.OrderDetail.orderItems.&lt;elements&gt;)
          - EntityAttributeFetchImpl(entity=com.shoppingbackend.model.Address, querySpaceUid=&lt;gen:4&gt;, path=com.shoppingbackend.model.OrderDetail.shipping)
          - EntityAttributeFetchImpl(entity=com.shoppingbackend.model.User, querySpaceUid=&lt;gen:5&gt;, path=com.shoppingbackend.model.OrderDetail.user)
    - QuerySpaces
       - EntityQuerySpaceImpl(uid=&lt;gen:0&gt;, entity=com.shoppingbackend.model.OrderDetail)
          - SQL table alias mapping - orderdetai0_
          - alias suffix - 0_
          - suffixed key columns - {id1_4_0_}

10:00:55.989 [main] DEBUG org.hibernate.loader.entity.plan.EntityLoader - Static select for entity com.shoppingbackend.model.OrderDetail [UPGRADE_NOWAIT]: select orderdetai0_.id as id1_4_0_, orderdetai0_.billing_id as billing_5_4_0_, orderdetai0_.order_count as order_co2_4_0_, orderdetai0_.order_date as order_da3_4_0_, orderdetai0_.order_total as order_to4_4_0_, orderdetai0_.shipping_id as shipping6_4_0_, orderdetai0_.user_id as user_id7_4_0_ from order_detail orderdetai0_ where orderdetai0_.id=? for update
10:00:55.989 [main] DEBUG org.hibernate.loader.plan.build.internal.spaces.QuerySpacesImpl - Adding QuerySpace : uid = &lt;gen:0&gt; -&gt; org.hibernate.loader.plan.build.internal.spaces.EntityQuerySpaceImpl@6145b81e]
10:00:55.989 [main] DEBUG org.hibernate.persister.walking.spi.MetamodelGraphWalker - Visiting attribute path : billing
10:00:55.990 [main] DEBUG org.hibernate.loader.plan.build.internal.spaces.QuerySpacesImpl - Adding QuerySpace : uid = &lt;gen:1&gt; -&gt; org.hibernate.loader.plan.build.internal.spaces.EntityQuerySpaceImpl@64b7225f]
10:00:55.990 [main] DEBUG org.hibernate.persister.walking.spi.MetamodelGraphWalker - Visiting attribute path : orderCount
10:00:55.990 [main] DEBUG org.hibernate.persister.walking.spi.MetamodelGraphWalker - Visiting attribute path : orderDate
10:00:55.990 [main] DEBUG org.hibernate.persister.walking.spi.MetamodelGraphWalker - Visiting attribute path : orderItems
10:00:55.990 [main] DEBUG org.hibernate.loader.plan.build.internal.spaces.QuerySpacesImpl - Adding QuerySpace : uid = &lt;gen:2&gt; -&gt; org.hibernate.loader.plan.build.internal.spaces.CollectionQuerySpaceImpl@33db72bd]
10:00:55.995 [main] DEBUG org.hibernate.loader.plan.build.internal.spaces.QuerySpacesImpl - Adding QuerySpace : uid = &lt;gen:3&gt; -&gt; org.hibernate.loader.plan.build.internal.spaces.EntityQuerySpaceImpl@7f92b990]
10:00:55.995 [main] DEBUG org.hibernate.persister.walking.spi.MetamodelGraphWalker - Visiting attribute path : orderTotal
10:00:55.995 [main] DEBUG org.hibernate.persister.walking.spi.MetamodelGraphWalker - Visiting attribute path : shipping
10:00:55.995 [main] DEBUG org.hibernate.loader.plan.build.internal.spaces.QuerySpacesImpl - Adding QuerySpace : uid = &lt;gen:4&gt; -&gt; org.hibernate.loader.plan.build.internal.spaces.EntityQuerySpaceImpl@31e04b13]
10:00:55.995 [main] DEBUG org.hibernate.persister.walking.spi.MetamodelGraphWalker - Visiting attribute path : user
10:00:55.995 [main] DEBUG org.hibernate.loader.plan.build.internal.spaces.QuerySpacesImpl - Adding QuerySpace : uid = &lt;gen:5&gt; -&gt; org.hibernate.loader.plan.build.internal.spaces.EntityQuerySpaceImpl@6c1832aa]
10:00:55.995 [main] DEBUG org.hibernate.loader.plan.build.internal.FetchStyleLoadPlanBuildingAssociationVisitationStrategy - Building LoadPlan...
10:00:55.996 [main] DEBUG org.hibernate.loader.plan.exec.internal.LoadQueryJoinAndFetchProcessor - processing queryspace &lt;gen:0&gt;
10:00:55.996 [main] DEBUG org.hibernate.loader.plan.build.spi.LoadPlanTreePrinter - LoadPlan(entity=com.shoppingbackend.model.OrderDetail)
    - Returns
       - EntityReturnImpl(entity=com.shoppingbackend.model.OrderDetail, querySpaceUid=&lt;gen:0&gt;, path=com.shoppingbackend.model.OrderDetail)
          - EntityAttributeFetchImpl(entity=com.shoppingbackend.model.Address, querySpaceUid=&lt;gen:1&gt;, path=com.shoppingbackend.model.OrderDetail.billing)
          - CollectionAttributeFetchImpl(collection=com.shoppingbackend.model.OrderDetail.orderItems, querySpaceUid=&lt;gen:2&gt;, path=com.shoppingbackend.model.OrderDetail.orderItems)
             - (collection element) CollectionFetchableElementEntityGraph(entity=com.shoppingbackend.model.OrderItem, querySpaceUid=&lt;gen:3&gt;, path=com.shoppingbackend.model.OrderDetail.orderItems.&lt;elements&gt;)
          - EntityAttributeFetchImpl(entity=com.shoppingbackend.model.Address, querySpaceUid=&lt;gen:4&gt;, path=com.shoppingbackend.model.OrderDetail.shipping)
          - EntityAttributeFetchImpl(entity=com.shoppingbackend.model.User, querySpaceUid=&lt;gen:5&gt;, path=com.shoppingbackend.model.OrderDetail.user)
    - QuerySpaces
       - EntityQuerySpaceImpl(uid=&lt;gen:0&gt;, entity=com.shoppingbackend.model.OrderDetail)
          - SQL table alias mapping - orderdetai0_
          - alias suffix - 0_
          - suffixed key columns - {id1_4_0_}

10:00:55.996 [main] DEBUG org.hibernate.loader.entity.plan.EntityLoader - Static select for entity com.shoppingbackend.model.OrderDetail [UPGRADE_SKIPLOCKED]: select orderdetai0_.id as id1_4_0_, orderdetai0_.billing_id as billing_5_4_0_, orderdetai0_.order_count as order_co2_4_0_, orderdetai0_.order_date as order_da3_4_0_, orderdetai0_.order_total as order_to4_4_0_, orderdetai0_.shipping_id as shipping6_4_0_, orderdetai0_.user_id as user_id7_4_0_ from order_detail orderdetai0_ where orderdetai0_.id=? for update
10:00:55.996 [main] DEBUG org.hibernate.loader.plan.build.internal.spaces.QuerySpacesImpl - Adding QuerySpace : uid = &lt;gen:0&gt; -&gt; org.hibernate.loader.plan.build.internal.spaces.EntityQuerySpaceImpl@4beeb0e]
10:00:55.997 [main] DEBUG org.hibernate.persister.walking.spi.MetamodelGraphWalker - Visiting attribute path : billing
10:00:55.997 [main] DEBUG org.hibernate.loader.plan.build.internal.spaces.QuerySpacesImpl - Adding QuerySpace : uid = &lt;gen:1&gt; -&gt; org.hibernate.loader.plan.build.internal.spaces.EntityQuerySpaceImpl@5d01ea21]
10:00:55.997 [main] DEBUG org.hibernate.persister.walking.spi.MetamodelGraphWalker - Visiting attribute path : orderCount
10:00:55.997 [main] DEBUG org.hibernate.persister.walking.spi.MetamodelGraphWalker - Visiting attribute path : orderDate
10:00:55.997 [main] DEBUG org.hibernate.persister.walking.spi.MetamodelGraphWalker - Visiting attribute path : orderItems
10:00:55.997 [main] DEBUG org.hibernate.loader.plan.build.internal.spaces.QuerySpacesImpl - Adding QuerySpace : uid = &lt;gen:2&gt; -&gt; org.hibernate.loader.plan.build.internal.spaces.CollectionQuerySpaceImpl@70211e49]
10:00:55.997 [main] DEBUG org.hibernate.loader.plan.build.internal.spaces.QuerySpacesImpl - Adding QuerySpace : uid = &lt;gen:3&gt; -&gt; org.hibernate.loader.plan.build.internal.spaces.EntityQuerySpaceImpl@3b46dd8]
10:00:55.997 [main] DEBUG org.hibernate.persister.walking.spi.MetamodelGraphWalker - Visiting attribute path : orderTotal
10:00:55.997 [main] DEBUG org.hibernate.persister.walking.spi.MetamodelGraphWalker - Visiting attribute path : shipping
10:00:55.997 [main] DEBUG org.hibernate.loader.plan.build.internal.spaces.QuerySpacesImpl - Adding QuerySpace : uid = &lt;gen:4&gt; -&gt; org.hibernate.loader.plan.build.internal.spaces.EntityQuerySpaceImpl@39651a82]
10:00:55.997 [main] DEBUG org.hibernate.persister.walking.spi.MetamodelGraphWalker - Visiting attribute path : user
10:00:55.997 [main] DEBUG org.hibernate.loader.plan.build.internal.spaces.QuerySpacesImpl - Adding QuerySpace : uid = &lt;gen:5&gt; -&gt; org.hibernate.loader.plan.build.internal.spaces.EntityQuerySpaceImpl@6be7bf6d]
10:00:55.997 [main] DEBUG org.hibernate.loader.plan.build.internal.FetchStyleLoadPlanBuildingAssociationVisitationStrategy - Building LoadPlan...
10:00:55.997 [main] DEBUG org.hibernate.loader.plan.exec.internal.LoadQueryJoinAndFetchProcessor - processing queryspace &lt;gen:0&gt;
10:00:55.998 [main] DEBUG org.hibernate.loader.plan.build.spi.LoadPlanTreePrinter - LoadPlan(entity=com.shoppingbackend.model.OrderDetail)
    - Returns
       - EntityReturnImpl(entity=com.shoppingbackend.model.OrderDetail, querySpaceUid=&lt;gen:0&gt;, path=com.shoppingbackend.model.OrderDetail)
          - EntityAttributeFetchImpl(entity=com.shoppingbackend.model.Address, querySpaceUid=&lt;gen:1&gt;, path=com.shoppingbackend.model.OrderDetail.billing)
          - CollectionAttributeFetchImpl(collection=com.shoppingbackend.model.OrderDetail.orderItems, querySpaceUid=&lt;gen:2&gt;, path=com.shoppingbackend.model.OrderDetail.orderItems)
             - (collection element) CollectionFetchableElementEntityGraph(entity=com.shoppingbackend.model.OrderItem, querySpaceUid=&lt;gen:3&gt;, path=com.shoppingbackend.model.OrderDetail.orderItems.&lt;elements&gt;)
          - EntityAttributeFetchImpl(entity=com.shoppingbackend.model.Address, querySpaceUid=&lt;gen:4&gt;, path=com.shoppingbackend.model.OrderDetail.shipping)
          - EntityAttributeFetchImpl(entity=com.shoppingbackend.model.User, querySpaceUid=&lt;gen:5&gt;, path=com.shoppingbackend.model.OrderDetail.user)
    - QuerySpaces
       - EntityQuerySpaceImpl(uid=&lt;gen:0&gt;, entity=com.shoppingbackend.model.OrderDetail)
          - SQL table alias mapping - orderdetai0_
          - alias suffix - 0_
          - suffixed key columns - {id1_4_0_}

10:00:55.998 [main] DEBUG org.hibernate.loader.entity.plan.EntityLoader - Static select for entity com.shoppingbackend.model.OrderDetail [FORCE]: select orderdetai0_.id as id1_4_0_, orderdetai0_.billing_id as billing_5_4_0_, orderdetai0_.order_count as order_co2_4_0_, orderdetai0_.order_date as order_da3_4_0_, orderdetai0_.order_total as order_to4_4_0_, orderdetai0_.shipping_id as shipping6_4_0_, orderdetai0_.user_id as user_id7_4_0_ from order_detail orderdetai0_ where orderdetai0_.id=? for update
10:00:55.998 [main] DEBUG org.hibernate.loader.plan.build.internal.spaces.QuerySpacesImpl - Adding QuerySpace : uid = &lt;gen:0&gt; -&gt; org.hibernate.loader.plan.build.internal.spaces.EntityQuerySpaceImpl@134c370e]
10:00:55.998 [main] DEBUG org.hibernate.persister.walking.spi.MetamodelGraphWalker - Visiting attribute path : billing
10:00:55.998 [main] DEBUG org.hibernate.loader.plan.build.internal.spaces.QuerySpacesImpl - Adding QuerySpace : uid = &lt;gen:1&gt; -&gt; org.hibernate.loader.plan.build.internal.spaces.EntityQuerySpaceImpl@2216effc]
10:00:55.998 [main] DEBUG org.hibernate.persister.walking.spi.MetamodelGraphWalker - Visiting attribute path : orderCount
10:00:55.998 [main] DEBUG org.hibernate.persister.walking.spi.MetamodelGraphWalker - Visiting attribute path : orderDate
10:00:55.999 [main] DEBUG org.hibernate.persister.walking.spi.MetamodelGraphWalker - Visiting attribute path : orderItems
10:00:55.999 [main] DEBUG org.hibernate.loader.plan.build.internal.spaces.QuerySpacesImpl - Adding QuerySpace : uid = &lt;gen:2&gt; -&gt; org.hibernate.loader.plan.build.internal.spaces.CollectionQuerySpaceImpl@745c2004]
10:00:55.999 [main] DEBUG org.hibernate.loader.plan.build.internal.spaces.QuerySpacesImpl - Adding QuerySpace : uid = &lt;gen:3&gt; -&gt; org.hibernate.loader.plan.build.internal.spaces.EntityQuerySpaceImpl@6da9dc6]
10:00:55.999 [main] DEBUG org.hibernate.persister.walking.spi.MetamodelGraphWalker - Visiting attribute path : orderTotal
10:00:55.999 [main] DEBUG org.hibernate.persister.walking.spi.MetamodelGraphWalker - Visiting attribute path : shipping
10:00:55.999 [main] DEBUG org.hibernate.loader.plan.build.internal.spaces.QuerySpacesImpl - Adding QuerySpace : uid = &lt;gen:4&gt; -&gt; org.hibernate.loader.plan.build.internal.spaces.EntityQuerySpaceImpl@7fd69dd]
10:00:55.999 [main] DEBUG org.hibernate.persister.walking.spi.MetamodelGraphWalker - Visiting attribute path : user
10:00:55.999 [main] DEBUG org.hibernate.loader.plan.build.internal.spaces.QuerySpacesImpl - Adding QuerySpace : uid = &lt;gen:5&gt; -&gt; org.hibernate.loader.plan.build.internal.spaces.EntityQuerySpaceImpl@12010fd1]
10:00:55.999 [main] DEBUG org.hibernate.loader.plan.build.internal.FetchStyleLoadPlanBuildingAssociationVisitationStrategy - Building LoadPlan...
10:00:55.999 [main] DEBUG org.hibernate.loader.plan.exec.internal.LoadQueryJoinAndFetchProcessor - processing queryspace &lt;gen:0&gt;
10:00:56.002 [main] DEBUG org.hibernate.loader.plan.build.spi.LoadPlanTreePrinter - LoadPlan(entity=com.shoppingbackend.model.OrderDetail)
    - Returns
       - EntityReturnImpl(entity=com.shoppingbackend.model.OrderDetail, querySpaceUid=&lt;gen:0&gt;, path=com.shoppingbackend.model.OrderDetail)
          - EntityAttributeFetchImpl(entity=com.shoppingbackend.model.Address, querySpaceUid=&lt;gen:1&gt;, path=com.shoppingbackend.model.OrderDetail.billing)
          - CollectionAttributeFetchImpl(collection=com.shoppingbackend.model.OrderDetail.orderItems, querySpaceUid=&lt;gen:2&gt;, path=com.shoppingbackend.model.OrderDetail.orderItems)
             - (collection element) CollectionFetchableElementEntityGraph(entity=com.shoppingbackend.model.OrderItem, querySpaceUid=&lt;gen:3&gt;, path=com.shoppingbackend.model.OrderDetail.orderItems.&lt;elements&gt;)
          - EntityAttributeFetchImpl(entity=com.shoppingbackend.model.Address, querySpaceUid=&lt;gen:4&gt;, path=com.shoppingbackend.model.OrderDetail.shipping)
          - EntityAttributeFetchImpl(entity=com.shoppingbackend.model.User, querySpaceUid=&lt;gen:5&gt;, path=com.shoppingbackend.model.OrderDetail.user)
    - QuerySpaces
       - EntityQuerySpaceImpl(uid=&lt;gen:0&gt;, entity=com.shoppingbackend.model.OrderDetail)
          - SQL table alias mapping - orderdetai0_
          - alias suffix - 0_
          - suffixed key columns - {id1_4_0_}

10:00:56.003 [main] DEBUG org.hibernate.loader.entity.plan.EntityLoader - Static select for entity com.shoppingbackend.model.OrderDetail [PESSIMISTIC_READ]: select orderdetai0_.id as id1_4_0_, orderdetai0_.billing_id as billing_5_4_0_, orderdetai0_.order_count as order_co2_4_0_, orderdetai0_.order_date as order_da3_4_0_, orderdetai0_.order_total as order_to4_4_0_, orderdetai0_.shipping_id as shipping6_4_0_, orderdetai0_.user_id as user_id7_4_0_ from order_detail orderdetai0_ where orderdetai0_.id=? for update
10:00:56.003 [main] DEBUG org.hibernate.loader.plan.build.internal.spaces.QuerySpacesImpl - Adding QuerySpace : uid = &lt;gen:0&gt; -&gt; org.hibernate.loader.plan.build.internal.spaces.EntityQuerySpaceImpl@7c84195]
10:00:56.003 [main] DEBUG org.hibernate.persister.walking.spi.MetamodelGraphWalker - Visiting attribute path : billing
10:00:56.003 [main] DEBUG org.hibernate.loader.plan.build.internal.spaces.QuerySpacesImpl - Adding QuerySpace : uid = &lt;gen:1&gt; -&gt; org.hibernate.loader.plan.build.internal.spaces.EntityQuerySpaceImpl@3971f0fe]
10:00:56.003 [main] DEBUG org.hibernate.persister.walking.spi.MetamodelGraphWalker - Visiting attribute path : orderCount
10:00:56.003 [main] DEBUG org.hibernate.persister.walking.spi.MetamodelGraphWalker - Visiting attribute path : orderDate
10:00:56.003 [main] DEBUG org.hibernate.persister.walking.spi.MetamodelGraphWalker - Visiting attribute path : orderItems
10:00:56.003 [main] DEBUG org.hibernate.loader.plan.build.internal.spaces.QuerySpacesImpl - Adding QuerySpace : uid = &lt;gen:2&gt; -&gt; org.hibernate.loader.plan.build.internal.spaces.CollectionQuerySpaceImpl@23940f86]
10:00:56.003 [main] DEBUG org.hibernate.loader.plan.build.internal.spaces.QuerySpacesImpl - Adding QuerySpace : uid = &lt;gen:3&gt; -&gt; org.hibernate.loader.plan.build.internal.spaces.EntityQuerySpaceImpl@66153688]
10:00:56.004 [main] DEBUG org.hibernate.persister.walking.spi.MetamodelGraphWalker - Visiting attribute path : orderTotal
10:00:56.004 [main] DEBUG org.hibernate.persister.walking.spi.MetamodelGraphWalker - Visiting attribute path : shipping
10:00:56.004 [main] DEBUG org.hibernate.loader.plan.build.internal.spaces.QuerySpacesImpl - Adding QuerySpace : uid = &lt;gen:4&gt; -&gt; org.hibernate.loader.plan.build.internal.spaces.EntityQuerySpaceImpl@455824ad]
10:00:56.004 [main] DEBUG org.hibernate.persister.walking.spi.MetamodelGraphWalker - Visiting attribute path : user
10:00:56.005 [main] DEBUG org.hibernate.loader.plan.build.internal.spaces.QuerySpacesImpl - Adding QuerySpace : uid = &lt;gen:5&gt; -&gt; org.hibernate.loader.plan.build.internal.spaces.EntityQuerySpaceImpl@7318daf8]
10:00:56.010 [main] DEBUG org.hibernate.loader.plan.build.internal.FetchStyleLoadPlanBuildingAssociationVisitationStrategy - Building LoadPlan...
10:00:56.011 [main] DEBUG org.hibernate.loader.plan.exec.internal.LoadQueryJoinAndFetchProcessor - processing queryspace &lt;gen:0&gt;
10:00:56.012 [main] DEBUG org.hibernate.loader.plan.build.spi.LoadPlanTreePrinter - LoadPlan(entity=com.shoppingbackend.model.OrderDetail)
    - Returns
       - EntityReturnImpl(entity=com.shoppingbackend.model.OrderDetail, querySpaceUid=&lt;gen:0&gt;, path=com.shoppingbackend.model.OrderDetail)
          - EntityAttributeFetchImpl(entity=com.shoppingbackend.model.Address, querySpaceUid=&lt;gen:1&gt;, path=com.shoppingbackend.model.OrderDetail.billing)
          - CollectionAttributeFetchImpl(collection=com.shoppingbackend.model.OrderDetail.orderItems, querySpaceUid=&lt;gen:2&gt;, path=com.shoppingbackend.model.OrderDetail.orderItems)
             - (collection element) CollectionFetchableElementEntityGraph(entity=com.shoppingbackend.model.OrderItem, querySpaceUid=&lt;gen:3&gt;, path=com.shoppingbackend.model.OrderDetail.orderItems.&lt;elements&gt;)
          - EntityAttributeFetchImpl(entity=com.shoppingbackend.model.Address, querySpaceUid=&lt;gen:4&gt;, path=com.shoppingbackend.model.OrderDetail.shipping)
          - EntityAttributeFetchImpl(entity=com.shoppingbackend.model.User, querySpaceUid=&lt;gen:5&gt;, path=com.shoppingbackend.model.OrderDetail.user)
    - QuerySpaces
       - EntityQuerySpaceImpl(uid=&lt;gen:0&gt;, entity=com.shoppingbackend.model.OrderDetail)
          - SQL table alias mapping - orderdetai0_
          - alias suffix - 0_
          - suffixed key columns - {id1_4_0_}

10:00:56.012 [main] DEBUG org.hibernate.loader.entity.plan.EntityLoader - Static select for entity com.shoppingbackend.model.OrderDetail [PESSIMISTIC_WRITE]: select orderdetai0_.id as id1_4_0_, orderdetai0_.billing_id as billing_5_4_0_, orderdetai0_.order_count as order_co2_4_0_, orderdetai0_.order_date as order_da3_4_0_, orderdetai0_.order_total as order_to4_4_0_, orderdetai0_.shipping_id as shipping6_4_0_, orderdetai0_.user_id as user_id7_4_0_ from order_detail orderdetai0_ where orderdetai0_.id=? for update
10:00:56.012 [main] DEBUG org.hibernate.loader.plan.build.internal.spaces.QuerySpacesImpl - Adding QuerySpace : uid = &lt;gen:0&gt; -&gt; org.hibernate.loader.plan.build.internal.spaces.EntityQuerySpaceImpl@70f31322]
10:00:56.012 [main] DEBUG org.hibernate.persister.walking.spi.MetamodelGraphWalker - Visiting attribute path : billing
10:00:56.012 [main] DEBUG org.hibernate.loader.plan.build.internal.spaces.QuerySpacesImpl - Adding QuerySpace : uid = &lt;gen:1&gt; -&gt; org.hibernate.loader.plan.build.internal.spaces.EntityQuerySpaceImpl@3be4fcc0]
10:00:56.012 [main] DEBUG org.hibernate.persister.walking.spi.MetamodelGraphWalker - Visiting attribute path : orderCount
10:00:56.012 [main] DEBUG org.hibernate.persister.walking.spi.MetamodelGraphWalker - Visiting attribute path : orderDate
10:00:56.012 [main] DEBUG org.hibernate.persister.walking.spi.MetamodelGraphWalker - Visiting attribute path : orderItems
10:00:56.012 [main] DEBUG org.hibernate.loader.plan.build.internal.spaces.QuerySpacesImpl - Adding QuerySpace : uid = &lt;gen:2&gt; -&gt; org.hibernate.loader.plan.build.internal.spaces.CollectionQuerySpaceImpl@e1e2e5e]
10:00:56.013 [main] DEBUG org.hibernate.loader.plan.build.internal.spaces.QuerySpacesImpl - Adding QuerySpace : uid = &lt;gen:3&gt; -&gt; org.hibernate.loader.plan.build.internal.spaces.EntityQuerySpaceImpl@661c46bc]
10:00:56.013 [main] DEBUG org.hibernate.persister.walking.spi.MetamodelGraphWalker - Visiting attribute path : orderTotal
10:00:56.013 [main] DEBUG org.hibernate.persister.walking.spi.MetamodelGraphWalker - Visiting attribute path : shipping
10:00:56.013 [main] DEBUG org.hibernate.loader.plan.build.internal.spaces.QuerySpacesImpl - Adding QuerySpace : uid = &lt;gen:4&gt; -&gt; org.hibernate.loader.plan.build.internal.spaces.EntityQuerySpaceImpl@37864b77]
10:00:56.013 [main] DEBUG org.hibernate.persister.walking.spi.MetamodelGraphWalker - Visiting attribute path : user
10:00:56.013 [main] DEBUG org.hibernate.loader.plan.build.internal.spaces.QuerySpacesImpl - Adding QuerySpace : uid = &lt;gen:5&gt; -&gt; org.hibernate.loader.plan.build.internal.spaces.EntityQuerySpaceImpl@2b98b3bb]
10:00:56.014 [main] DEBUG org.hibernate.loader.plan.build.internal.FetchStyleLoadPlanBuildingAssociationVisitationStrategy - Building LoadPlan...
10:00:56.014 [main] DEBUG org.hibernate.loader.plan.exec.internal.LoadQueryJoinAndFetchProcessor - processing queryspace &lt;gen:0&gt;
10:00:56.015 [main] DEBUG org.hibernate.loader.plan.build.spi.LoadPlanTreePrinter - LoadPlan(entity=com.shoppingbackend.model.OrderDetail)
    - Returns
       - EntityReturnImpl(entity=com.shoppingbackend.model.OrderDetail, querySpaceUid=&lt;gen:0&gt;, path=com.shoppingbackend.model.OrderDetail)
          - EntityAttributeFetchImpl(entity=com.shoppingbackend.model.Address, querySpaceUid=&lt;gen:1&gt;, path=com.shoppingbackend.model.OrderDetail.billing)
          - CollectionAttributeFetchImpl(collection=com.shoppingbackend.model.OrderDetail.orderItems, querySpaceUid=&lt;gen:2&gt;, path=com.shoppingbackend.model.OrderDetail.orderItems)
             - (collection element) CollectionFetchableElementEntityGraph(entity=com.shoppingbackend.model.OrderItem, querySpaceUid=&lt;gen:3&gt;, path=com.shoppingbackend.model.OrderDetail.orderItems.&lt;elements&gt;)
          - EntityAttributeFetchImpl(entity=com.shoppingbackend.model.Address, querySpaceUid=&lt;gen:4&gt;, path=com.shoppingbackend.model.OrderDetail.shipping)
          - EntityAttributeFetchImpl(entity=com.shoppingbackend.model.User, querySpaceUid=&lt;gen:5&gt;, path=com.shoppingbackend.model.OrderDetail.user)
    - QuerySpaces
       - EntityQuerySpaceImpl(uid=&lt;gen:0&gt;, entity=com.shoppingbackend.model.OrderDetail)
          - SQL table alias mapping - orderdetai0_
          - alias suffix - 0_
          - suffixed key columns - {id1_4_0_}

10:00:56.015 [main] DEBUG org.hibernate.loader.entity.plan.EntityLoader - Static select for entity com.shoppingbackend.model.OrderDetail [PESSIMISTIC_FORCE_INCREMENT]: select orderdetai0_.id as id1_4_0_, orderdetai0_.billing_id as billing_5_4_0_, orderdetai0_.order_count as order_co2_4_0_, orderdetai0_.order_date as order_da3_4_0_, orderdetai0_.order_total as order_to4_4_0_, orderdetai0_.shipping_id as shipping6_4_0_, orderdetai0_.user_id as user_id7_4_0_ from order_detail orderdetai0_ where orderdetai0_.id=? for update
10:00:56.015 [main] DEBUG org.hibernate.loader.plan.build.internal.spaces.QuerySpacesImpl - Adding QuerySpace : uid = &lt;gen:0&gt; -&gt; org.hibernate.loader.plan.build.internal.spaces.EntityQuerySpaceImpl@540b0448]
10:00:56.015 [main] DEBUG org.hibernate.persister.walking.spi.MetamodelGraphWalker - Visiting attribute path : billing
10:00:56.017 [main] DEBUG org.hibernate.loader.plan.build.internal.spaces.QuerySpacesImpl - Adding QuerySpace : uid = &lt;gen:1&gt; -&gt; org.hibernate.loader.plan.build.internal.spaces.EntityQuerySpaceImpl@557eb543]
10:00:56.017 [main] DEBUG org.hibernate.persister.walking.spi.MetamodelGraphWalker - Visiting attribute path : orderCount
10:00:56.018 [main] DEBUG org.hibernate.persister.walking.spi.MetamodelGraphWalker - Visiting attribute path : orderDate
10:00:56.018 [main] DEBUG org.hibernate.persister.walking.spi.MetamodelGraphWalker - Visiting attribute path : orderItems
10:00:56.018 [main] DEBUG org.hibernate.loader.plan.build.internal.spaces.QuerySpacesImpl - Adding QuerySpace : uid = &lt;gen:2&gt; -&gt; org.hibernate.loader.plan.build.internal.spaces.CollectionQuerySpaceImpl@3b95d13c]
10:00:56.018 [main] DEBUG org.hibernate.loader.plan.build.internal.spaces.QuerySpacesImpl - Adding QuerySpace : uid = &lt;gen:3&gt; -&gt; org.hibernate.loader.plan.build.internal.spaces.EntityQuerySpaceImpl@3730ab42]
10:00:56.018 [main] DEBUG org.hibernate.persister.walking.spi.MetamodelGraphWalker - Visiting attribute path : orderTotal
10:00:56.018 [main] DEBUG org.hibernate.persister.walking.spi.MetamodelGraphWalker - Visiting attribute path : shipping
10:00:56.018 [main] DEBUG org.hibernate.loader.plan.build.internal.spaces.QuerySpacesImpl - Adding QuerySpace : uid = &lt;gen:4&gt; -&gt; org.hibernate.loader.plan.build.internal.spaces.EntityQuerySpaceImpl@537c8c7e]
10:00:56.018 [main] DEBUG org.hibernate.persister.walking.spi.MetamodelGraphWalker - Visiting attribute path : user
10:00:56.018 [main] DEBUG org.hibernate.loader.plan.build.internal.spaces.QuerySpacesImpl - Adding QuerySpace : uid = &lt;gen:5&gt; -&gt; org.hibernate.loader.plan.build.internal.spaces.EntityQuerySpaceImpl@7308ffff]
10:00:56.018 [main] DEBUG org.hibernate.loader.plan.build.internal.FetchStyleLoadPlanBuildingAssociationVisitationStrategy - Building LoadPlan...
10:00:56.019 [main] DEBUG org.hibernate.loader.plan.exec.internal.LoadQueryJoinAndFetchProcessor - processing queryspace &lt;gen:0&gt;
10:00:56.019 [main] DEBUG org.hibernate.loader.plan.build.spi.LoadPlanTreePrinter - LoadPlan(entity=com.shoppingbackend.model.OrderDetail)
    - Returns
       - EntityReturnImpl(entity=com.shoppingbackend.model.OrderDetail, querySpaceUid=&lt;gen:0&gt;, path=com.shoppingbackend.model.OrderDetail)
          - EntityAttributeFetchImpl(entity=com.shoppingbackend.model.Address, querySpaceUid=&lt;gen:1&gt;, path=com.shoppingbackend.model.OrderDetail.billing)
          - CollectionAttributeFetchImpl(collection=com.shoppingbackend.model.OrderDetail.orderItems, querySpaceUid=&lt;gen:2&gt;, path=com.shoppingbackend.model.OrderDetail.orderItems)
             - (collection element) CollectionFetchableElementEntityGraph(entity=com.shoppingbackend.model.OrderItem, querySpaceUid=&lt;gen:3&gt;, path=com.shoppingbackend.model.OrderDetail.orderItems.&lt;elements&gt;)
          - EntityAttributeFetchImpl(entity=com.shoppingbackend.model.Address, querySpaceUid=&lt;gen:4&gt;, path=com.shoppingbackend.model.OrderDetail.shipping)
          - EntityAttributeFetchImpl(entity=com.shoppingbackend.model.User, querySpaceUid=&lt;gen:5&gt;, path=com.shoppingbackend.model.OrderDetail.user)
    - QuerySpaces
       - EntityQuerySpaceImpl(uid=&lt;gen:0&gt;, entity=com.shoppingbackend.model.OrderDetail)
          - SQL table alias mapping - orderdetai0_
          - alias suffix - 0_
          - suffixed key columns - {id1_4_0_}

10:00:56.019 [main] DEBUG org.hibernate.loader.entity.plan.EntityLoader - Static select for entity com.shoppingbackend.model.OrderDetail [OPTIMISTIC]: select orderdetai0_.id as id1_4_0_, orderdetai0_.billing_id as billing_5_4_0_, orderdetai0_.order_count as order_co2_4_0_, orderdetai0_.order_date as order_da3_4_0_, orderdetai0_.order_total as order_to4_4_0_, orderdetai0_.shipping_id as shipping6_4_0_, orderdetai0_.user_id as user_id7_4_0_ from order_detail orderdetai0_ where orderdetai0_.id=?
10:00:56.019 [main] DEBUG org.hibernate.loader.plan.build.internal.spaces.QuerySpacesImpl - Adding QuerySpace : uid = &lt;gen:0&gt; -&gt; org.hibernate.loader.plan.build.internal.spaces.EntityQuerySpaceImpl@6601cc93]
10:00:56.019 [main] DEBUG org.hibernate.persister.walking.spi.MetamodelGraphWalker - Visiting attribute path : billing
10:00:56.020 [main] DEBUG org.hibernate.loader.plan.build.internal.spaces.QuerySpacesImpl - Adding QuerySpace : uid = &lt;gen:1&gt; -&gt; org.hibernate.loader.plan.build.internal.spaces.EntityQuerySpaceImpl@63716833]
10:00:56.020 [main] DEBUG org.hibernate.persister.walking.spi.MetamodelGraphWalker - Visiting attribute path : orderCount
10:00:56.020 [main] DEBUG org.hibernate.persister.walking.spi.MetamodelGraphWalker - Visiting attribute path : orderDate
10:00:56.020 [main] DEBUG org.hibernate.persister.walking.spi.MetamodelGraphWalker - Visiting attribute path : orderItems
10:00:56.020 [main] DEBUG org.hibernate.loader.plan.build.internal.spaces.QuerySpacesImpl - Adding QuerySpace : uid = &lt;gen:2&gt; -&gt; org.hibernate.loader.plan.build.internal.spaces.CollectionQuerySpaceImpl@573284a5]
10:00:56.020 [main] DEBUG org.hibernate.loader.plan.build.internal.spaces.QuerySpacesImpl - Adding QuerySpace : uid = &lt;gen:3&gt; -&gt; org.hibernate.loader.plan.build.internal.spaces.EntityQuerySpaceImpl@3fbfbf84]
10:00:56.020 [main] DEBUG org.hibernate.persister.walking.spi.MetamodelGraphWalker - Visiting attribute path : orderTotal
10:00:56.020 [main] DEBUG org.hibernate.persister.walking.spi.MetamodelGraphWalker - Visiting attribute path : shipping
10:00:56.020 [main] DEBUG org.hibernate.loader.plan.build.internal.spaces.QuerySpacesImpl - Adding QuerySpace : uid = &lt;gen:4&gt; -&gt; org.hibernate.loader.plan.build.internal.spaces.EntityQuerySpaceImpl@23f72d88]
10:00:56.020 [main] DEBUG org.hibernate.persister.walking.spi.MetamodelGraphWalker - Visiting attribute path : user
10:00:56.020 [main] DEBUG org.hibernate.loader.plan.build.internal.spaces.QuerySpacesImpl - Adding QuerySpace : uid = &lt;gen:5&gt; -&gt; org.hibernate.loader.plan.build.internal.spaces.EntityQuerySpaceImpl@4bafe935]
10:00:56.020 [main] DEBUG org.hibernate.loader.plan.build.internal.FetchStyleLoadPlanBuildingAssociationVisitationStrategy - Building LoadPlan...
10:00:56.021 [main] DEBUG org.hibernate.loader.plan.exec.internal.LoadQueryJoinAndFetchProcessor - processing queryspace &lt;gen:0&gt;
10:00:56.021 [main] DEBUG org.hibernate.loader.plan.build.spi.LoadPlanTreePrinter - LoadPlan(entity=com.shoppingbackend.model.OrderDetail)
    - Returns
       - EntityReturnImpl(entity=com.shoppingbackend.model.OrderDetail, querySpaceUid=&lt;gen:0&gt;, path=com.shoppingbackend.model.OrderDetail)
          - EntityAttributeFetchImpl(entity=com.shoppingbackend.model.Address, querySpaceUid=&lt;gen:1&gt;, path=com.shoppingbackend.model.OrderDetail.billing)
          - CollectionAttributeFetchImpl(collection=com.shoppingbackend.model.OrderDetail.orderItems, querySpaceUid=&lt;gen:2&gt;, path=com.shoppingbackend.model.OrderDetail.orderItems)
             - (collection element) CollectionFetchableElementEntityGraph(entity=com.shoppingbackend.model.OrderItem, querySpaceUid=&lt;gen:3&gt;, path=com.shoppingbackend.model.OrderDetail.orderItems.&lt;elements&gt;)
          - EntityAttributeFetchImpl(entity=com.shoppingbackend.model.Address, querySpaceUid=&lt;gen:4&gt;, path=com.shoppingbackend.model.OrderDetail.shipping)
          - EntityAttributeFetchImpl(entity=com.shoppingbackend.model.User, querySpaceUid=&lt;gen:5&gt;, path=com.shoppingbackend.model.OrderDetail.user)
    - QuerySpaces
       - EntityQuerySpaceImpl(uid=&lt;gen:0&gt;, entity=com.shoppingbackend.model.OrderDetail)
          - SQL table alias mapping - orderdetai0_
          - alias suffix - 0_
          - suffixed key columns - {id1_4_0_}

10:00:56.021 [main] DEBUG org.hibernate.loader.entity.plan.EntityLoader - Static select for entity com.shoppingbackend.model.OrderDetail [OPTIMISTIC_FORCE_INCREMENT]: select orderdetai0_.id as id1_4_0_, orderdetai0_.billing_id as billing_5_4_0_, orderdetai0_.order_count as order_co2_4_0_, orderdetai0_.order_date as order_da3_4_0_, orderdetai0_.order_total as order_to4_4_0_, orderdetai0_.shipping_id as shipping6_4_0_, orderdetai0_.user_id as user_id7_4_0_ from order_detail orderdetai0_ where orderdetai0_.id=?
10:00:56.022 [main] DEBUG org.hibernate.loader.Loader - Static select for action ACTION_MERGE on entity com.shoppingbackend.model.OrderDetail: select orderdetai0_.id as id1_4_1_, orderdetai0_.billing_id as billing_5_4_1_, orderdetai0_.order_count as order_co2_4_1_, orderdetai0_.order_date as order_da3_4_1_, orderdetai0_.order_total as order_to4_4_1_, orderdetai0_.shipping_id as shipping6_4_1_, orderdetai0_.user_id as user_id7_4_1_, orderitems1_.order_id as order_id5_5_3_, orderitems1_.id as id1_5_3_, orderitems1_.id as id1_5_0_, orderitems1_.buying_price as buying_p2_5_0_, orderitems1_.order_id as order_id5_5_0_, orderitems1_.product_id as product_6_5_0_, orderitems1_.product_count as product_3_5_0_, orderitems1_.total as total4_5_0_ from order_detail orderdetai0_ left outer join order_item orderitems1_ on orderdetai0_.id=orderitems1_.order_id where orderdetai0_.id=?
10:00:56.022 [main] DEBUG org.hibernate.loader.Loader - Static select for action ACTION_REFRESH on entity com.shoppingbackend.model.OrderDetail: select orderdetai0_.id as id1_4_1_, orderdetai0_.billing_id as billing_5_4_1_, orderdetai0_.order_count as order_co2_4_1_, orderdetai0_.order_date as order_da3_4_1_, orderdetai0_.order_total as order_to4_4_1_, orderdetai0_.shipping_id as shipping6_4_1_, orderdetai0_.user_id as user_id7_4_1_, orderitems1_.order_id as order_id5_5_3_, orderitems1_.id as id1_5_3_, orderitems1_.id as id1_5_0_, orderitems1_.buying_price as buying_p2_5_0_, orderitems1_.order_id as order_id5_5_0_, orderitems1_.product_id as product_6_5_0_, orderitems1_.product_count as product_3_5_0_, orderitems1_.total as total4_5_0_ from order_detail orderdetai0_ left outer join order_item orderitems1_ on orderdetai0_.id=orderitems1_.order_id where orderdetai0_.id=?
10:00:56.023 [main] DEBUG org.hibernate.persister.entity.AbstractEntityPersister - Static SQL for entity: com.shoppingbackend.model.CartLine
10:00:56.023 [main] DEBUG org.hibernate.persister.entity.AbstractEntityPersister -  Version select: select id from cart_line where id =?
10:00:56.023 [main] DEBUG org.hibernate.persister.entity.AbstractEntityPersister -  Snapshot select: select cartline_.id, cartline_.is_available as is_avail2_2_, cartline_.buying_price as buying_p3_2_, cartline_.cart_id as cart_id4_2_, cartline_.product_id as product_7_2_, cartline_.product_count as product_5_2_, cartline_.total as total6_2_ from cart_line cartline_ where cartline_.id=?
10:00:56.023 [main] DEBUG org.hibernate.persister.entity.AbstractEntityPersister -  Insert 0: insert into cart_line (is_available, buying_price, cart_id, product_id, product_count, total, id) values (?, ?, ?, ?, ?, ?, ?)
10:00:56.023 [main] DEBUG org.hibernate.persister.entity.AbstractEntityPersister -  Update 0: update cart_line set is_available=?, buying_price=?, cart_id=?, product_id=?, product_count=?, total=? where id=?
10:00:56.023 [main] DEBUG org.hibernate.persister.entity.AbstractEntityPersister -  Delete 0: delete from cart_line where id=?
10:00:56.023 [main] DEBUG org.hibernate.persister.entity.AbstractEntityPersister -  Identity insert: insert into cart_line (id, is_available, buying_price, cart_id, product_id, product_count, total) values (null, ?, ?, ?, ?, ?, ?)
10:00:56.024 [main] DEBUG org.hibernate.loader.plan.build.internal.spaces.QuerySpacesImpl - Adding QuerySpace : uid = &lt;gen:0&gt; -&gt; org.hibernate.loader.plan.build.internal.spaces.EntityQuerySpaceImpl@87b5b49]
10:00:56.024 [main] DEBUG org.hibernate.persister.walking.spi.MetamodelGraphWalker - Visiting attribute path : available
10:00:56.024 [main] DEBUG org.hibernate.persister.walking.spi.MetamodelGraphWalker - Visiting attribute path : buyingPrice
10:00:56.024 [main] DEBUG org.hibernate.persister.walking.spi.MetamodelGraphWalker - Visiting attribute path : cartId
10:00:56.024 [main] DEBUG org.hibernate.persister.walking.spi.MetamodelGraphWalker - Visiting attribute path : product
10:00:56.024 [main] DEBUG org.hibernate.loader.plan.build.internal.spaces.QuerySpacesImpl - Adding QuerySpace : uid = &lt;gen:1&gt; -&gt; org.hibernate.loader.plan.build.internal.spaces.EntityQuerySpaceImpl@507b79f7]
10:00:56.024 [main] DEBUG org.hibernate.persister.walking.spi.MetamodelGraphWalker - Visiting attribute path : product.active
10:00:56.024 [main] DEBUG org.hibernate.persister.walking.spi.MetamodelGraphWalker - Visiting attribute path : product.brand
10:00:56.024 [main] DEBUG org.hibernate.persister.walking.spi.MetamodelGraphWalker - Visiting attribute path : product.categoryId
10:00:56.024 [main] DEBUG org.hibernate.persister.walking.spi.MetamodelGraphWalker - Visiting attribute path : product.code
10:00:56.024 [main] DEBUG org.hibernate.persister.walking.spi.MetamodelGraphWalker - Visiting attribute path : product.description
10:00:56.024 [main] DEBUG org.hibernate.persister.walking.spi.MetamodelGraphWalker - Visiting attribute path : product.name
10:00:56.024 [main] DEBUG org.hibernate.persister.walking.spi.MetamodelGraphWalker - Visiting attribute path : product.purchases
10:00:56.024 [main] DEBUG org.hibernate.persister.walking.spi.MetamodelGraphWalker - Visiting attribute path : product.quantity
10:00:56.024 [main] DEBUG org.hibernate.persister.walking.spi.MetamodelGraphWalker - Visiting attribute path : product.supplierId
10:00:56.024 [main] DEBUG org.hibernate.persister.walking.spi.MetamodelGraphWalker - Visiting attribute path : product.unitPrice
10:00:56.024 [main] DEBUG org.hibernate.persister.walking.spi.MetamodelGraphWalker - Visiting attribute path : product.views
10:00:56.024 [main] DEBUG org.hibernate.persister.walking.spi.MetamodelGraphWalker - Visiting attribute path : productCount
10:00:56.024 [main] DEBUG org.hibernate.persister.walking.spi.MetamodelGraphWalker - Visiting attribute path : total
10:00:56.024 [main] DEBUG org.hibernate.loader.plan.build.internal.FetchStyleLoadPlanBuildingAssociationVisitationStrategy - Building LoadPlan...
10:00:56.025 [main] DEBUG org.hibernate.loader.plan.exec.internal.LoadQueryJoinAndFetchProcessor - processing queryspace &lt;gen:0&gt;
10:00:56.026 [main] DEBUG org.hibernate.loader.plan.build.spi.LoadPlanTreePrinter - LoadPlan(entity=com.shoppingbackend.model.CartLine)
    - Returns
       - EntityReturnImpl(entity=com.shoppingbackend.model.CartLine, querySpaceUid=&lt;gen:0&gt;, path=com.shoppingbackend.model.CartLine)
          - EntityAttributeFetchImpl(entity=com.shoppingbackend.model.Product, querySpaceUid=&lt;gen:1&gt;, path=com.shoppingbackend.model.CartLine.product)
    - QuerySpaces
       - EntityQuerySpaceImpl(uid=&lt;gen:0&gt;, entity=com.shoppingbackend.model.CartLine)
          - SQL table alias mapping - cartline0_
          - alias suffix - 0_
          - suffixed key columns - {id1_2_0_}
          - JOIN (JoinDefinedByMetadata(product)) : &lt;gen:0&gt; -&gt; &lt;gen:1&gt;
             - EntityQuerySpaceImpl(uid=&lt;gen:1&gt;, entity=com.shoppingbackend.model.Product)
                - SQL table alias mapping - product1_
                - alias suffix - 1_
                - suffixed key columns - {id1_6_1_}

10:00:56.026 [main] DEBUG org.hibernate.loader.entity.plan.EntityLoader - Static select for entity com.shoppingbackend.model.CartLine [NONE]: select cartline0_.id as id1_2_0_, cartline0_.is_available as is_avail2_2_0_, cartline0_.buying_price as buying_p3_2_0_, cartline0_.cart_id as cart_id4_2_0_, cartline0_.product_id as product_7_2_0_, cartline0_.product_count as product_5_2_0_, cartline0_.total as total6_2_0_, product1_.id as id1_6_1_, product1_.is_active as is_activ2_6_1_, product1_.brand as brand3_6_1_, product1_.category_id as category4_6_1_, product1_.code as code5_6_1_, product1_.description as descript6_6_1_, product1_.name as name7_6_1_, product1_.purchases as purchase8_6_1_, product1_.quantity as quantity9_6_1_, product1_.supplier_id as supplie10_6_1_, product1_.unit_price as unit_pr11_6_1_, product1_.views as views12_6_1_ from cart_line cartline0_ left outer join Product product1_ on cartline0_.product_id=product1_.id where cartline0_.id=?
10:00:56.026 [main] DEBUG org.hibernate.loader.plan.build.internal.spaces.QuerySpacesImpl - Adding QuerySpace : uid = &lt;gen:0&gt; -&gt; org.hibernate.loader.plan.build.internal.spaces.EntityQuerySpaceImpl@365a6a43]
10:00:56.026 [main] DEBUG org.hibernate.persister.walking.spi.MetamodelGraphWalker - Visiting attribute path : available
10:00:56.026 [main] DEBUG org.hibernate.persister.walking.spi.MetamodelGraphWalker - Visiting attribute path : buyingPrice
10:00:56.026 [main] DEBUG org.hibernate.persister.walking.spi.MetamodelGraphWalker - Visiting attribute path : cartId
10:00:56.026 [main] DEBUG org.hibernate.persister.walking.spi.MetamodelGraphWalker - Visiting attribute path : product
10:00:56.026 [main] DEBUG org.hibernate.loader.plan.build.internal.spaces.QuerySpacesImpl - Adding QuerySpace : uid = &lt;gen:1&gt; -&gt; org.hibernate.loader.plan.build.internal.spaces.EntityQuerySpaceImpl@23b3aa8c]
10:00:56.026 [main] DEBUG org.hibernate.persister.walking.spi.MetamodelGraphWalker - Visiting attribute path : product.active
10:00:56.026 [main] DEBUG org.hibernate.persister.walking.spi.MetamodelGraphWalker - Visiting attribute path : product.brand
10:00:56.026 [main] DEBUG org.hibernate.persister.walking.spi.MetamodelGraphWalker - Visiting attribute path : product.categoryId
10:00:56.026 [main] DEBUG org.hibernate.persister.walking.spi.MetamodelGraphWalker - Visiting attribute path : product.code
10:00:56.028 [main] DEBUG org.hibernate.persister.walking.spi.MetamodelGraphWalker - Visiting attribute path : product.description
10:00:56.028 [main] DEBUG org.hibernate.persister.walking.spi.MetamodelGraphWalker - Visiting attribute path : product.name
10:00:56.028 [main] DEBUG org.hibernate.persister.walking.spi.MetamodelGraphWalker - Visiting attribute path : product.purchases
10:00:56.028 [main] DEBUG org.hibernate.persister.walking.spi.MetamodelGraphWalker - Visiting attribute path : product.quantity
10:00:56.028 [main] DEBUG org.hibernate.persister.walking.spi.MetamodelGraphWalker - Visiting attribute path : product.supplierId
10:00:56.028 [main] DEBUG org.hibernate.persister.walking.spi.MetamodelGraphWalker - Visiting attribute path : product.unitPrice
10:00:56.028 [main] DEBUG org.hibernate.persister.walking.spi.MetamodelGraphWalker - Visiting attribute path : product.views
10:00:56.028 [main] DEBUG org.hibernate.persister.walking.spi.MetamodelGraphWalker - Visiting attribute path : productCount
10:00:56.028 [main] DEBUG org.hibernate.persister.walking.spi.MetamodelGraphWalker - Visiting attribute path : total
10:00:56.028 [main] DEBUG org.hibernate.loader.plan.build.internal.FetchStyleLoadPlanBuildingAssociationVisitationStrategy - Building LoadPlan...
10:00:56.028 [main] DEBUG org.hibernate.loader.plan.exec.internal.LoadQueryJoinAndFetchProcessor - processing queryspace &lt;gen:0&gt;
10:00:56.029 [main] DEBUG org.hibernate.loader.plan.build.spi.LoadPlanTreePrinter - LoadPlan(entity=com.shoppingbackend.model.CartLine)
    - Returns
       - EntityReturnImpl(entity=com.shoppingbackend.model.CartLine, querySpaceUid=&lt;gen:0&gt;, path=com.shoppingbackend.model.CartLine)
          - EntityAttributeFetchImpl(entity=com.shoppingbackend.model.Product, querySpaceUid=&lt;gen:1&gt;, path=com.shoppingbackend.model.CartLine.product)
    - QuerySpaces
       - EntityQuerySpaceImpl(uid=&lt;gen:0&gt;, entity=com.shoppingbackend.model.CartLine)
          - SQL table alias mapping - cartline0_
          - alias suffix - 0_
          - suffixed key columns - {id1_2_0_}
          - JOIN (JoinDefinedByMetadata(product)) : &lt;gen:0&gt; -&gt; &lt;gen:1&gt;
             - EntityQuerySpaceImpl(uid=&lt;gen:1&gt;, entity=com.shoppingbackend.model.Product)
                - SQL table alias mapping - product1_
                - alias suffix - 1_
                - suffixed key columns - {id1_6_1_}

10:00:56.033 [main] DEBUG org.hibernate.loader.entity.plan.EntityLoader - Static select for entity com.shoppingbackend.model.CartLine [READ]: select cartline0_.id as id1_2_0_, cartline0_.is_available as is_avail2_2_0_, cartline0_.buying_price as buying_p3_2_0_, cartline0_.cart_id as cart_id4_2_0_, cartline0_.product_id as product_7_2_0_, cartline0_.product_count as product_5_2_0_, cartline0_.total as total6_2_0_, product1_.id as id1_6_1_, product1_.is_active as is_activ2_6_1_, product1_.brand as brand3_6_1_, product1_.category_id as category4_6_1_, product1_.code as code5_6_1_, product1_.description as descript6_6_1_, product1_.name as name7_6_1_, product1_.purchases as purchase8_6_1_, product1_.quantity as quantity9_6_1_, product1_.supplier_id as supplie10_6_1_, product1_.unit_price as unit_pr11_6_1_, product1_.views as views12_6_1_ from cart_line cartline0_ left outer join Product product1_ on cartline0_.product_id=product1_.id where cartline0_.id=?
10:00:56.034 [main] DEBUG org.hibernate.loader.plan.build.internal.spaces.QuerySpacesImpl - Adding QuerySpace : uid = &lt;gen:0&gt; -&gt; org.hibernate.loader.plan.build.internal.spaces.EntityQuerySpaceImpl@6c796cc1]
10:00:56.034 [main] DEBUG org.hibernate.persister.walking.spi.MetamodelGraphWalker - Visiting attribute path : available
10:00:56.034 [main] DEBUG org.hibernate.persister.walking.spi.MetamodelGraphWalker - Visiting attribute path : buyingPrice
10:00:56.034 [main] DEBUG org.hibernate.persister.walking.spi.MetamodelGraphWalker - Visiting attribute path : cartId
10:00:56.034 [main] DEBUG org.hibernate.persister.walking.spi.MetamodelGraphWalker - Visiting attribute path : product
10:00:56.034 [main] DEBUG org.hibernate.loader.plan.build.internal.spaces.QuerySpacesImpl - Adding QuerySpace : uid = &lt;gen:1&gt; -&gt; org.hibernate.loader.plan.build.internal.spaces.EntityQuerySpaceImpl@1cb7936c]
10:00:56.034 [main] DEBUG org.hibernate.persister.walking.spi.MetamodelGraphWalker - Visiting attribute path : productCount
10:00:56.034 [main] DEBUG org.hibernate.persister.walking.spi.MetamodelGraphWalker - Visiting attribute path : total
10:00:56.034 [main] DEBUG org.hibernate.loader.plan.build.internal.FetchStyleLoadPlanBuildingAssociationVisitationStrategy - Building LoadPlan...
10:00:56.035 [main] DEBUG org.hibernate.loader.plan.exec.internal.LoadQueryJoinAndFetchProcessor - processing queryspace &lt;gen:0&gt;
10:00:56.036 [main] DEBUG org.hibernate.loader.plan.build.spi.LoadPlanTreePrinter - LoadPlan(entity=com.shoppingbackend.model.CartLine)
    - Returns
       - EntityReturnImpl(entity=com.shoppingbackend.model.CartLine, querySpaceUid=&lt;gen:0&gt;, path=com.shoppingbackend.model.CartLine)
          - EntityAttributeFetchImpl(entity=com.shoppingbackend.model.Product, querySpaceUid=&lt;gen:1&gt;, path=com.shoppingbackend.model.CartLine.product)
    - QuerySpaces
       - EntityQuerySpaceImpl(uid=&lt;gen:0&gt;, entity=com.shoppingbackend.model.CartLine)
          - SQL table alias mapping - cartline0_
          - alias suffix - 0_
          - suffixed key columns - {id1_2_0_}

10:00:56.036 [main] DEBUG org.hibernate.loader.entity.plan.EntityLoader - Static select for entity com.shoppingbackend.model.CartLine [UPGRADE]: select cartline0_.id as id1_2_0_, cartline0_.is_available as is_avail2_2_0_, cartline0_.buying_price as buying_p3_2_0_, cartline0_.cart_id as cart_id4_2_0_, cartline0_.product_id as product_7_2_0_, cartline0_.product_count as product_5_2_0_, cartline0_.total as total6_2_0_ from cart_line cartline0_ where cartline0_.id=? for update
10:00:56.036 [main] DEBUG org.hibernate.loader.plan.build.internal.spaces.QuerySpacesImpl - Adding QuerySpace : uid = &lt;gen:0&gt; -&gt; org.hibernate.loader.plan.build.internal.spaces.EntityQuerySpaceImpl@35342d2f]
10:00:56.036 [main] DEBUG org.hibernate.persister.walking.spi.MetamodelGraphWalker - Visiting attribute path : available
10:00:56.036 [main] DEBUG org.hibernate.persister.walking.spi.MetamodelGraphWalker - Visiting attribute path : buyingPrice
10:00:56.036 [main] DEBUG org.hibernate.persister.walking.spi.MetamodelGraphWalker - Visiting attribute path : cartId
10:00:56.036 [main] DEBUG org.hibernate.persister.walking.spi.MetamodelGraphWalker - Visiting attribute path : product
10:00:56.037 [main] DEBUG org.hibernate.loader.plan.build.internal.spaces.QuerySpacesImpl - Adding QuerySpace : uid = &lt;gen:1&gt; -&gt; org.hibernate.loader.plan.build.internal.spaces.EntityQuerySpaceImpl@45667d98]
10:00:56.037 [main] DEBUG org.hibernate.persister.walking.spi.MetamodelGraphWalker - Visiting attribute path : productCount
10:00:56.037 [main] DEBUG org.hibernate.persister.walking.spi.MetamodelGraphWalker - Visiting attribute path : total
10:00:56.037 [main] DEBUG org.hibernate.loader.plan.build.internal.FetchStyleLoadPlanBuildingAssociationVisitationStrategy - Building LoadPlan...
10:00:56.037 [main] DEBUG org.hibernate.loader.plan.exec.internal.LoadQueryJoinAndFetchProcessor - processing queryspace &lt;gen:0&gt;
10:00:56.038 [main] DEBUG org.hibernate.loader.plan.build.spi.LoadPlanTreePrinter - LoadPlan(entity=com.shoppingbackend.model.CartLine)
    - Returns
       - EntityReturnImpl(entity=com.shoppingbackend.model.CartLine, querySpaceUid=&lt;gen:0&gt;, path=com.shoppingbackend.model.CartLine)
          - EntityAttributeFetchImpl(entity=com.shoppingbackend.model.Product, querySpaceUid=&lt;gen:1&gt;, path=com.shoppingbackend.model.CartLine.product)
    - QuerySpaces
       - EntityQuerySpaceImpl(uid=&lt;gen:0&gt;, entity=com.shoppingbackend.model.CartLine)
          - SQL table alias mapping - cartline0_
          - alias suffix - 0_
          - suffixed key columns - {id1_2_0_}

10:00:56.038 [main] DEBUG org.hibernate.loader.entity.plan.EntityLoader - Static select for entity com.shoppingbackend.model.CartLine [UPGRADE_NOWAIT]: select cartline0_.id as id1_2_0_, cartline0_.is_available as is_avail2_2_0_, cartline0_.buying_price as buying_p3_2_0_, cartline0_.cart_id as cart_id4_2_0_, cartline0_.product_id as product_7_2_0_, cartline0_.product_count as product_5_2_0_, cartline0_.total as total6_2_0_ from cart_line cartline0_ where cartline0_.id=? for update
10:00:56.038 [main] DEBUG org.hibernate.loader.plan.build.internal.spaces.QuerySpacesImpl - Adding QuerySpace : uid = &lt;gen:0&gt; -&gt; org.hibernate.loader.plan.build.internal.spaces.EntityQuerySpaceImpl@65eabaab]
10:00:56.038 [main] DEBUG org.hibernate.persister.walking.spi.MetamodelGraphWalker - Visiting attribute path : available
10:00:56.038 [main] DEBUG org.hibernate.persister.walking.spi.MetamodelGraphWalker - Visiting attribute path : buyingPrice
10:00:56.038 [main] DEBUG org.hibernate.persister.walking.spi.MetamodelGraphWalker - Visiting attribute path : cartId
10:00:56.038 [main] DEBUG org.hibernate.persister.walking.spi.MetamodelGraphWalker - Visiting attribute path : product
10:00:56.038 [main] DEBUG org.hibernate.loader.plan.build.internal.spaces.QuerySpacesImpl - Adding QuerySpace : uid = &lt;gen:1&gt; -&gt; org.hibernate.loader.plan.build.internal.spaces.EntityQuerySpaceImpl@1de9d54]
10:00:56.038 [main] DEBUG org.hibernate.persister.walking.spi.MetamodelGraphWalker - Visiting attribute path : productCount
10:00:56.039 [main] DEBUG org.hibernate.persister.walking.spi.MetamodelGraphWalker - Visiting attribute path : total
10:00:56.039 [main] DEBUG org.hibernate.loader.plan.build.internal.FetchStyleLoadPlanBuildingAssociationVisitationStrategy - Building LoadPlan...
10:00:56.039 [main] DEBUG org.hibernate.loader.plan.exec.internal.LoadQueryJoinAndFetchProcessor - processing queryspace &lt;gen:0&gt;
10:00:56.039 [main] DEBUG org.hibernate.loader.plan.build.spi.LoadPlanTreePrinter - LoadPlan(entity=com.shoppingbackend.model.CartLine)
    - Returns
       - EntityReturnImpl(entity=com.shoppingbackend.model.CartLine, querySpaceUid=&lt;gen:0&gt;, path=com.shoppingbackend.model.CartLine)
          - EntityAttributeFetchImpl(entity=com.shoppingbackend.model.Product, querySpaceUid=&lt;gen:1&gt;, path=com.shoppingbackend.model.CartLine.product)
    - QuerySpaces
       - EntityQuerySpaceImpl(uid=&lt;gen:0&gt;, entity=com.shoppingbackend.model.CartLine)
          - SQL table alias mapping - cartline0_
          - alias suffix - 0_
          - suffixed key columns - {id1_2_0_}

10:00:56.040 [main] DEBUG org.hibernate.loader.entity.plan.EntityLoader - Static select for entity com.shoppingbackend.model.CartLine [UPGRADE_SKIPLOCKED]: select cartline0_.id as id1_2_0_, cartline0_.is_available as is_avail2_2_0_, cartline0_.buying_price as buying_p3_2_0_, cartline0_.cart_id as cart_id4_2_0_, cartline0_.product_id as product_7_2_0_, cartline0_.product_count as product_5_2_0_, cartline0_.total as total6_2_0_ from cart_line cartline0_ where cartline0_.id=? for update
10:00:56.040 [main] DEBUG org.hibernate.loader.plan.build.internal.spaces.QuerySpacesImpl - Adding QuerySpace : uid = &lt;gen:0&gt; -&gt; org.hibernate.loader.plan.build.internal.spaces.EntityQuerySpaceImpl@77a2aa4a]
10:00:56.040 [main] DEBUG org.hibernate.persister.walking.spi.MetamodelGraphWalker - Visiting attribute path : available
10:00:56.040 [main] DEBUG org.hibernate.persister.walking.spi.MetamodelGraphWalker - Visiting attribute path : buyingPrice
10:00:56.040 [main] DEBUG org.hibernate.persister.walking.spi.MetamodelGraphWalker - Visiting attribute path : cartId
10:00:56.040 [main] DEBUG org.hibernate.persister.walking.spi.MetamodelGraphWalker - Visiting attribute path : product
10:00:56.041 [main] DEBUG org.hibernate.loader.plan.build.internal.spaces.QuerySpacesImpl - Adding QuerySpace : uid = &lt;gen:1&gt; -&gt; org.hibernate.loader.plan.build.internal.spaces.EntityQuerySpaceImpl@2b917fb0]
10:00:56.041 [main] DEBUG org.hibernate.persister.walking.spi.MetamodelGraphWalker - Visiting attribute path : productCount
10:00:56.041 [main] DEBUG org.hibernate.persister.walking.spi.MetamodelGraphWalker - Visiting attribute path : total
10:00:56.041 [main] DEBUG org.hibernate.loader.plan.build.internal.FetchStyleLoadPlanBuildingAssociationVisitationStrategy - Building LoadPlan...
10:00:56.041 [main] DEBUG org.hibernate.loader.plan.exec.internal.LoadQueryJoinAndFetchProcessor - processing queryspace &lt;gen:0&gt;
10:00:56.041 [main] DEBUG org.hibernate.loader.plan.build.spi.LoadPlanTreePrinter - LoadPlan(entity=com.shoppingbackend.model.CartLine)
    - Returns
       - EntityReturnImpl(entity=com.shoppingbackend.model.CartLine, querySpaceUid=&lt;gen:0&gt;, path=com.shoppingbackend.model.CartLine)
          - EntityAttributeFetchImpl(entity=com.shoppingbackend.model.Product, querySpaceUid=&lt;gen:1&gt;, path=com.shoppingbackend.model.CartLine.product)
    - QuerySpaces
       - EntityQuerySpaceImpl(uid=&lt;gen:0&gt;, entity=com.shoppingbackend.model.CartLine)
          - SQL table alias mapping - cartline0_
          - alias suffix - 0_
          - suffixed key columns - {id1_2_0_}

10:00:56.042 [main] DEBUG org.hibernate.loader.entity.plan.EntityLoader - Static select for entity com.shoppingbackend.model.CartLine [FORCE]: select cartline0_.id as id1_2_0_, cartline0_.is_available as is_avail2_2_0_, cartline0_.buying_price as buying_p3_2_0_, cartline0_.cart_id as cart_id4_2_0_, cartline0_.product_id as product_7_2_0_, cartline0_.product_count as product_5_2_0_, cartline0_.total as total6_2_0_ from cart_line cartline0_ where cartline0_.id=? for update
10:00:56.043 [main] DEBUG org.hibernate.loader.plan.build.internal.spaces.QuerySpacesImpl - Adding QuerySpace : uid = &lt;gen:0&gt; -&gt; org.hibernate.loader.plan.build.internal.spaces.EntityQuerySpaceImpl@5e5073ab]
10:00:56.043 [main] DEBUG org.hibernate.persister.walking.spi.MetamodelGraphWalker - Visiting attribute path : available
10:00:56.043 [main] DEBUG org.hibernate.persister.walking.spi.MetamodelGraphWalker - Visiting attribute path : buyingPrice
10:00:56.044 [main] DEBUG org.hibernate.persister.walking.spi.MetamodelGraphWalker - Visiting attribute path : cartId
10:00:56.044 [main] DEBUG org.hibernate.persister.walking.spi.MetamodelGraphWalker - Visiting attribute path : product
10:00:56.044 [main] DEBUG org.hibernate.loader.plan.build.internal.spaces.QuerySpacesImpl - Adding QuerySpace : uid = &lt;gen:1&gt; -&gt; org.hibernate.loader.plan.build.internal.spaces.EntityQuerySpaceImpl@100c567f]
10:00:56.045 [main] DEBUG org.hibernate.persister.walking.spi.MetamodelGraphWalker - Visiting attribute path : productCount
10:00:56.045 [main] DEBUG org.hibernate.persister.walking.spi.MetamodelGraphWalker - Visiting attribute path : total
10:00:56.045 [main] DEBUG org.hibernate.loader.plan.build.internal.FetchStyleLoadPlanBuildingAssociationVisitationStrategy - Building LoadPlan...
10:00:56.045 [main] DEBUG org.hibernate.loader.plan.exec.internal.LoadQueryJoinAndFetchProcessor - processing queryspace &lt;gen:0&gt;
10:00:56.046 [main] DEBUG org.hibernate.loader.plan.build.spi.LoadPlanTreePrinter - LoadPlan(entity=com.shoppingbackend.model.CartLine)
    - Returns
       - EntityReturnImpl(entity=com.shoppingbackend.model.CartLine, querySpaceUid=&lt;gen:0&gt;, path=com.shoppingbackend.model.CartLine)
          - EntityAttributeFetchImpl(entity=com.shoppingbackend.model.Product, querySpaceUid=&lt;gen:1&gt;, path=com.shoppingbackend.model.CartLine.product)
    - QuerySpaces
       - EntityQuerySpaceImpl(uid=&lt;gen:0&gt;, entity=com.shoppingbackend.model.CartLine)
          - SQL table alias mapping - cartline0_
          - alias suffix - 0_
          - suffixed key columns - {id1_2_0_}

10:00:56.048 [main] DEBUG org.hibernate.loader.entity.plan.EntityLoader - Static select for entity com.shoppingbackend.model.CartLine [PESSIMISTIC_READ]: select cartline0_.id as id1_2_0_, cartline0_.is_available as is_avail2_2_0_, cartline0_.buying_price as buying_p3_2_0_, cartline0_.cart_id as cart_id4_2_0_, cartline0_.product_id as product_7_2_0_, cartline0_.product_count as product_5_2_0_, cartline0_.total as total6_2_0_ from cart_line cartline0_ where cartline0_.id=? for update
10:00:56.049 [main] DEBUG org.hibernate.loader.plan.build.internal.spaces.QuerySpacesImpl - Adding QuerySpace : uid = &lt;gen:0&gt; -&gt; org.hibernate.loader.plan.build.internal.spaces.EntityQuerySpaceImpl@30c0d731]
10:00:56.049 [main] DEBUG org.hibernate.persister.walking.spi.MetamodelGraphWalker - Visiting attribute path : available
10:00:56.049 [main] DEBUG org.hibernate.persister.walking.spi.MetamodelGraphWalker - Visiting attribute path : buyingPrice
10:00:56.049 [main] DEBUG org.hibernate.persister.walking.spi.MetamodelGraphWalker - Visiting attribute path : cartId
10:00:56.049 [main] DEBUG org.hibernate.persister.walking.spi.MetamodelGraphWalker - Visiting attribute path : product
10:00:56.050 [main] DEBUG org.hibernate.loader.plan.build.internal.spaces.QuerySpacesImpl - Adding QuerySpace : uid = &lt;gen:1&gt; -&gt; org.hibernate.loader.plan.build.internal.spaces.EntityQuerySpaceImpl@422b8438]
10:00:56.050 [main] DEBUG org.hibernate.persister.walking.spi.MetamodelGraphWalker - Visiting attribute path : productCount
10:00:56.050 [main] DEBUG org.hibernate.persister.walking.spi.MetamodelGraphWalker - Visiting attribute path : total
10:00:56.050 [main] DEBUG org.hibernate.loader.plan.build.internal.FetchStyleLoadPlanBuildingAssociationVisitationStrategy - Building LoadPlan...
10:00:56.050 [main] DEBUG org.hibernate.loader.plan.exec.internal.LoadQueryJoinAndFetchProcessor - processing queryspace &lt;gen:0&gt;
10:00:56.051 [main] DEBUG org.hibernate.loader.plan.build.spi.LoadPlanTreePrinter - LoadPlan(entity=com.shoppingbackend.model.CartLine)
    - Returns
       - EntityReturnImpl(entity=com.shoppingbackend.model.CartLine, querySpaceUid=&lt;gen:0&gt;, path=com.shoppingbackend.model.CartLine)
          - EntityAttributeFetchImpl(entity=com.shoppingbackend.model.Product, querySpaceUid=&lt;gen:1&gt;, path=com.shoppingbackend.model.CartLine.product)
    - QuerySpaces
       - EntityQuerySpaceImpl(uid=&lt;gen:0&gt;, entity=com.shoppingbackend.model.CartLine)
          - SQL table alias mapping - cartline0_
          - alias suffix - 0_
          - suffixed key columns - {id1_2_0_}

10:00:56.051 [main] DEBUG org.hibernate.loader.entity.plan.EntityLoader - Static select for entity com.shoppingbackend.model.CartLine [PESSIMISTIC_WRITE]: select cartline0_.id as id1_2_0_, cartline0_.is_available as is_avail2_2_0_, cartline0_.buying_price as buying_p3_2_0_, cartline0_.cart_id as cart_id4_2_0_, cartline0_.product_id as product_7_2_0_, cartline0_.product_count as product_5_2_0_, cartline0_.total as total6_2_0_ from cart_line cartline0_ where cartline0_.id=? for update
10:00:56.051 [main] DEBUG org.hibernate.loader.plan.build.internal.spaces.QuerySpacesImpl - Adding QuerySpace : uid = &lt;gen:0&gt; -&gt; org.hibernate.loader.plan.build.internal.spaces.EntityQuerySpaceImpl@30669dac]
10:00:56.051 [main] DEBUG org.hibernate.persister.walking.spi.MetamodelGraphWalker - Visiting attribute path : available
10:00:56.052 [main] DEBUG org.hibernate.persister.walking.spi.MetamodelGraphWalker - Visiting attribute path : buyingPrice
10:00:56.052 [main] DEBUG org.hibernate.persister.walking.spi.MetamodelGraphWalker - Visiting attribute path : cartId
10:00:56.052 [main] DEBUG org.hibernate.persister.walking.spi.MetamodelGraphWalker - Visiting attribute path : product
10:00:56.052 [main] DEBUG org.hibernate.loader.plan.build.internal.spaces.QuerySpacesImpl - Adding QuerySpace : uid = &lt;gen:1&gt; -&gt; org.hibernate.loader.plan.build.internal.spaces.EntityQuerySpaceImpl@6a282fdd]
10:00:56.052 [main] DEBUG org.hibernate.persister.walking.spi.MetamodelGraphWalker - Visiting attribute path : productCount
10:00:56.052 [main] DEBUG org.hibernate.persister.walking.spi.MetamodelGraphWalker - Visiting attribute path : total
10:00:56.052 [main] DEBUG org.hibernate.loader.plan.build.internal.FetchStyleLoadPlanBuildingAssociationVisitationStrategy - Building LoadPlan...
10:00:56.052 [main] DEBUG org.hibernate.loader.plan.exec.internal.LoadQueryJoinAndFetchProcessor - processing queryspace &lt;gen:0&gt;
10:00:56.053 [main] DEBUG org.hibernate.loader.plan.build.spi.LoadPlanTreePrinter - LoadPlan(entity=com.shoppingbackend.model.CartLine)
    - Returns
       - EntityReturnImpl(entity=com.shoppingbackend.model.CartLine, querySpaceUid=&lt;gen:0&gt;, path=com.shoppingbackend.model.CartLine)
          - EntityAttributeFetchImpl(entity=com.shoppingbackend.model.Product, querySpaceUid=&lt;gen:1&gt;, path=com.shoppingbackend.model.CartLine.product)
    - QuerySpaces
       - EntityQuerySpaceImpl(uid=&lt;gen:0&gt;, entity=com.shoppingbackend.model.CartLine)
          - SQL table alias mapping - cartline0_
          - alias suffix - 0_
          - suffixed key columns - {id1_2_0_}

10:00:56.053 [main] DEBUG org.hibernate.loader.entity.plan.EntityLoader - Static select for entity com.shoppingbackend.model.CartLine [PESSIMISTIC_FORCE_INCREMENT]: select cartline0_.id as id1_2_0_, cartline0_.is_available as is_avail2_2_0_, cartline0_.buying_price as buying_p3_2_0_, cartline0_.cart_id as cart_id4_2_0_, cartline0_.product_id as product_7_2_0_, cartline0_.product_count as product_5_2_0_, cartline0_.total as total6_2_0_ from cart_line cartline0_ where cartline0_.id=? for update
10:00:56.053 [main] DEBUG org.hibernate.loader.plan.build.internal.spaces.QuerySpacesImpl - Adding QuerySpace : uid = &lt;gen:0&gt; -&gt; org.hibernate.loader.plan.build.internal.spaces.EntityQuerySpaceImpl@743c6ce4]
10:00:56.054 [main] DEBUG org.hibernate.persister.walking.spi.MetamodelGraphWalker - Visiting attribute path : available
10:00:56.054 [main] DEBUG org.hibernate.persister.walking.spi.MetamodelGraphWalker - Visiting attribute path : buyingPrice
10:00:56.054 [main] DEBUG org.hibernate.persister.walking.spi.MetamodelGraphWalker - Visiting attribute path : cartId
10:00:56.054 [main] DEBUG org.hibernate.persister.walking.spi.MetamodelGraphWalker - Visiting attribute path : product
10:00:56.055 [main] DEBUG org.hibernate.loader.plan.build.internal.spaces.QuerySpacesImpl - Adding QuerySpace : uid = &lt;gen:1&gt; -&gt; org.hibernate.loader.plan.build.internal.spaces.EntityQuerySpaceImpl@3bbf9027]
10:00:56.057 [main] DEBUG org.hibernate.persister.walking.spi.MetamodelGraphWalker - Visiting attribute path : productCount
10:00:56.058 [main] DEBUG org.hibernate.persister.walking.spi.MetamodelGraphWalker - Visiting attribute path : total
10:00:56.058 [main] DEBUG org.hibernate.loader.plan.build.internal.FetchStyleLoadPlanBuildingAssociationVisitationStrategy - Building LoadPlan...
10:00:56.058 [main] DEBUG org.hibernate.loader.plan.exec.internal.LoadQueryJoinAndFetchProcessor - processing queryspace &lt;gen:0&gt;
10:00:56.059 [main] DEBUG org.hibernate.loader.plan.build.spi.LoadPlanTreePrinter - LoadPlan(entity=com.shoppingbackend.model.CartLine)
    - Returns
       - EntityReturnImpl(entity=com.shoppingbackend.model.CartLine, querySpaceUid=&lt;gen:0&gt;, path=com.shoppingbackend.model.CartLine)
          - EntityAttributeFetchImpl(entity=com.shoppingbackend.model.Product, querySpaceUid=&lt;gen:1&gt;, path=com.shoppingbackend.model.CartLine.product)
    - QuerySpaces
       - EntityQuerySpaceImpl(uid=&lt;gen:0&gt;, entity=com.shoppingbackend.model.CartLine)
          - SQL table alias mapping - cartline0_
          - alias suffix - 0_
          - suffixed key columns - {id1_2_0_}

10:00:56.060 [main] DEBUG org.hibernate.loader.entity.plan.EntityLoader - Static select for entity com.shoppingbackend.model.CartLine [OPTIMISTIC]: select cartline0_.id as id1_2_0_, cartline0_.is_available as is_avail2_2_0_, cartline0_.buying_price as buying_p3_2_0_, cartline0_.cart_id as cart_id4_2_0_, cartline0_.product_id as product_7_2_0_, cartline0_.product_count as product_5_2_0_, cartline0_.total as total6_2_0_ from cart_line cartline0_ where cartline0_.id=?
10:00:56.060 [main] DEBUG org.hibernate.loader.plan.build.internal.spaces.QuerySpacesImpl - Adding QuerySpace : uid = &lt;gen:0&gt; -&gt; org.hibernate.loader.plan.build.internal.spaces.EntityQuerySpaceImpl@10c2064a]
10:00:56.060 [main] DEBUG org.hibernate.persister.walking.spi.MetamodelGraphWalker - Visiting attribute path : available
10:00:56.061 [main] DEBUG org.hibernate.persister.walking.spi.MetamodelGraphWalker - Visiting attribute path : buyingPrice
10:00:56.062 [main] DEBUG org.hibernate.persister.walking.spi.MetamodelGraphWalker - Visiting attribute path : cartId
10:00:56.062 [main] DEBUG org.hibernate.persister.walking.spi.MetamodelGraphWalker - Visiting attribute path : product
10:00:56.062 [main] DEBUG org.hibernate.loader.plan.build.internal.spaces.QuerySpacesImpl - Adding QuerySpace : uid = &lt;gen:1&gt; -&gt; org.hibernate.loader.plan.build.internal.spaces.EntityQuerySpaceImpl@6ff415ad]
10:00:56.062 [main] DEBUG org.hibernate.persister.walking.spi.MetamodelGraphWalker - Visiting attribute path : productCount
10:00:56.062 [main] DEBUG org.hibernate.persister.walking.spi.MetamodelGraphWalker - Visiting attribute path : total
10:00:56.063 [main] DEBUG org.hibernate.loader.plan.build.internal.FetchStyleLoadPlanBuildingAssociationVisitationStrategy - Building LoadPlan...
10:00:56.064 [main] DEBUG org.hibernate.loader.plan.exec.internal.LoadQueryJoinAndFetchProcessor - processing queryspace &lt;gen:0&gt;
10:00:56.064 [main] DEBUG org.hibernate.loader.plan.build.spi.LoadPlanTreePrinter - LoadPlan(entity=com.shoppingbackend.model.CartLine)
    - Returns
       - EntityReturnImpl(entity=com.shoppingbackend.model.CartLine, querySpaceUid=&lt;gen:0&gt;, path=com.shoppingbackend.model.CartLine)
          - EntityAttributeFetchImpl(entity=com.shoppingbackend.model.Product, querySpaceUid=&lt;gen:1&gt;, path=com.shoppingbackend.model.CartLine.product)
    - QuerySpaces
       - EntityQuerySpaceImpl(uid=&lt;gen:0&gt;, entity=com.shoppingbackend.model.CartLine)
          - SQL table alias mapping - cartline0_
          - alias suffix - 0_
          - suffixed key columns - {id1_2_0_}

10:00:56.065 [main] DEBUG org.hibernate.loader.entity.plan.EntityLoader - Static select for entity com.shoppingbackend.model.CartLine [OPTIMISTIC_FORCE_INCREMENT]: select cartline0_.id as id1_2_0_, cartline0_.is_available as is_avail2_2_0_, cartline0_.buying_price as buying_p3_2_0_, cartline0_.cart_id as cart_id4_2_0_, cartline0_.product_id as product_7_2_0_, cartline0_.product_count as product_5_2_0_, cartline0_.total as total6_2_0_ from cart_line cartline0_ where cartline0_.id=?
10:00:56.067 [main] DEBUG org.hibernate.loader.Loader - Static select for action ACTION_MERGE on entity com.shoppingbackend.model.CartLine: select cartline0_.id as id1_2_0_, cartline0_.is_available as is_avail2_2_0_, cartline0_.buying_price as buying_p3_2_0_, cartline0_.cart_id as cart_id4_2_0_, cartline0_.product_id as product_7_2_0_, cartline0_.product_count as product_5_2_0_, cartline0_.total as total6_2_0_ from cart_line cartline0_ where cartline0_.id=?
10:00:56.068 [main] DEBUG org.hibernate.loader.Loader - Static select for action ACTION_REFRESH on entity com.shoppingbackend.model.CartLine: select cartline0_.id as id1_2_0_, cartline0_.is_available as is_avail2_2_0_, cartline0_.buying_price as buying_p3_2_0_, cartline0_.cart_id as cart_id4_2_0_, cartline0_.product_id as product_7_2_0_, cartline0_.product_count as product_5_2_0_, cartline0_.total as total6_2_0_ from cart_line cartline0_ where cartline0_.id=?
10:00:56.130 [main] DEBUG org.hibernate.persister.entity.AbstractEntityPersister - Static SQL for entity: com.shoppingbackend.model.OrderItem
10:00:56.131 [main] DEBUG org.hibernate.persister.entity.AbstractEntityPersister -  Version select: select id from order_item where id =?
10:00:56.131 [main] DEBUG org.hibernate.persister.entity.AbstractEntityPersister -  Snapshot select: select orderitem_.id, orderitem_.buying_price as buying_p2_5_, orderitem_.order_id as order_id5_5_, orderitem_.product_id as product_6_5_, orderitem_.product_count as product_3_5_, orderitem_.total as total4_5_ from order_item orderitem_ where orderitem_.id=?
10:00:56.131 [main] DEBUG org.hibernate.persister.entity.AbstractEntityPersister -  Insert 0: insert into order_item (buying_price, order_id, product_id, product_count, total, id) values (?, ?, ?, ?, ?, ?)
10:00:56.132 [main] DEBUG org.hibernate.persister.entity.AbstractEntityPersister -  Update 0: update order_item set buying_price=?, order_id=?, product_id=?, product_count=?, total=? where id=?
10:00:56.132 [main] DEBUG org.hibernate.persister.entity.AbstractEntityPersister -  Delete 0: delete from order_item where id=?
10:00:56.132 [main] DEBUG org.hibernate.persister.entity.AbstractEntityPersister -  Identity insert: insert into order_item (id, buying_price, order_id, product_id, product_count, total) values (null, ?, ?, ?, ?, ?)
10:00:56.134 [main] DEBUG org.hibernate.loader.plan.build.internal.spaces.QuerySpacesImpl - Adding QuerySpace : uid = &lt;gen:0&gt; -&gt; org.hibernate.loader.plan.build.internal.spaces.EntityQuerySpaceImpl@280d9edc]
10:00:56.135 [main] DEBUG org.hibernate.persister.walking.spi.MetamodelGraphWalker - Visiting attribute path : buyingPrice
10:00:56.135 [main] DEBUG org.hibernate.persister.walking.spi.MetamodelGraphWalker - Visiting attribute path : orderDetail
10:00:56.137 [main] DEBUG org.hibernate.loader.plan.build.internal.spaces.QuerySpacesImpl - Adding QuerySpace : uid = &lt;gen:1&gt; -&gt; org.hibernate.loader.plan.build.internal.spaces.EntityQuerySpaceImpl@5f9b6ae7]
10:00:56.137 [main] DEBUG org.hibernate.persister.walking.spi.MetamodelGraphWalker - Visiting attribute path : orderDetail.billing
10:00:56.137 [main] DEBUG org.hibernate.loader.plan.build.internal.spaces.QuerySpacesImpl - Adding QuerySpace : uid = &lt;gen:2&gt; -&gt; org.hibernate.loader.plan.build.internal.spaces.EntityQuerySpaceImpl@5432c277]
10:00:56.137 [main] DEBUG org.hibernate.persister.walking.spi.MetamodelGraphWalker - Visiting attribute path : orderDetail.billing.addressLineOne
10:00:56.138 [main] DEBUG org.hibernate.persister.walking.spi.MetamodelGraphWalker - Visiting attribute path : orderDetail.billing.addressLineTwo
10:00:56.138 [main] DEBUG org.hibernate.persister.walking.spi.MetamodelGraphWalker - Visiting attribute path : orderDetail.billing.billing
10:00:56.138 [main] DEBUG org.hibernate.persister.walking.spi.MetamodelGraphWalker - Visiting attribute path : orderDetail.billing.city
10:00:56.138 [main] DEBUG org.hibernate.persister.walking.spi.MetamodelGraphWalker - Visiting attribute path : orderDetail.billing.country
10:00:56.138 [main] DEBUG org.hibernate.persister.walking.spi.MetamodelGraphWalker - Visiting attribute path : orderDetail.billing.postalCode
10:00:56.139 [main] DEBUG org.hibernate.persister.walking.spi.MetamodelGraphWalker - Visiting attribute path : orderDetail.billing.shipping
10:00:56.139 [main] DEBUG org.hibernate.persister.walking.spi.MetamodelGraphWalker - Visiting attribute path : orderDetail.billing.state
10:00:56.139 [main] DEBUG org.hibernate.persister.walking.spi.MetamodelGraphWalker - Visiting attribute path : orderDetail.billing.userId
10:00:56.139 [main] DEBUG org.hibernate.persister.walking.spi.MetamodelGraphWalker - Visiting attribute path : orderDetail.orderCount
10:00:56.139 [main] DEBUG org.hibernate.persister.walking.spi.MetamodelGraphWalker - Visiting attribute path : orderDetail.orderDate
10:00:56.140 [main] DEBUG org.hibernate.persister.walking.spi.MetamodelGraphWalker - Visiting attribute path : orderDetail.orderItems
10:00:56.140 [main] DEBUG org.hibernate.persister.walking.spi.MetamodelGraphWalker - Property path deemed to be circular : orderDetail.orderItems
10:00:56.142 [main] DEBUG org.hibernate.persister.walking.spi.MetamodelGraphWalker - Visiting attribute path : orderDetail.orderTotal
10:00:56.144 [main] DEBUG org.hibernate.persister.walking.spi.MetamodelGraphWalker - Visiting attribute path : orderDetail.shipping
10:00:56.144 [main] DEBUG org.hibernate.loader.plan.build.internal.spaces.QuerySpacesImpl - Adding QuerySpace : uid = &lt;gen:3&gt; -&gt; org.hibernate.loader.plan.build.internal.spaces.EntityQuerySpaceImpl@1128620c]
10:00:56.145 [main] DEBUG org.hibernate.persister.walking.spi.MetamodelGraphWalker - Visiting attribute path : orderDetail.shipping.addressLineOne
10:00:56.145 [main] DEBUG org.hibernate.persister.walking.spi.MetamodelGraphWalker - Visiting attribute path : orderDetail.shipping.addressLineTwo
10:00:56.145 [main] DEBUG org.hibernate.persister.walking.spi.MetamodelGraphWalker - Visiting attribute path : orderDetail.shipping.billing
10:00:56.145 [main] DEBUG org.hibernate.persister.walking.spi.MetamodelGraphWalker - Visiting attribute path : orderDetail.shipping.city
10:00:56.145 [main] DEBUG org.hibernate.persister.walking.spi.MetamodelGraphWalker - Visiting attribute path : orderDetail.shipping.country
10:00:56.146 [main] DEBUG org.hibernate.persister.walking.spi.MetamodelGraphWalker - Visiting attribute path : orderDetail.shipping.postalCode
10:00:56.146 [main] DEBUG org.hibernate.persister.walking.spi.MetamodelGraphWalker - Visiting attribute path : orderDetail.shipping.shipping
10:00:56.146 [main] DEBUG org.hibernate.persister.walking.spi.MetamodelGraphWalker - Visiting attribute path : orderDetail.shipping.state
10:00:56.147 [main] DEBUG org.hibernate.persister.walking.spi.MetamodelGraphWalker - Visiting attribute path : orderDetail.shipping.userId
10:00:56.147 [main] DEBUG org.hibernate.persister.walking.spi.MetamodelGraphWalker - Visiting attribute path : orderDetail.user
10:00:56.147 [main] DEBUG org.hibernate.loader.plan.build.internal.spaces.QuerySpacesImpl - Adding QuerySpace : uid = &lt;gen:4&gt; -&gt; org.hibernate.loader.plan.build.internal.spaces.EntityQuerySpaceImpl@299270eb]
10:00:56.148 [main] DEBUG org.hibernate.persister.walking.spi.MetamodelGraphWalker - Visiting attribute path : orderDetail.user.contactNumber
10:00:56.148 [main] DEBUG org.hibernate.persister.walking.spi.MetamodelGraphWalker - Visiting attribute path : orderDetail.user.email
10:00:56.148 [main] DEBUG org.hibernate.persister.walking.spi.MetamodelGraphWalker - Visiting attribute path : orderDetail.user.enabled
10:00:56.152 [main] DEBUG org.hibernate.persister.walking.spi.MetamodelGraphWalker - Visiting attribute path : orderDetail.user.firstName
10:00:56.152 [main] DEBUG org.hibernate.persister.walking.spi.MetamodelGraphWalker - Visiting attribute path : orderDetail.user.lastName
10:00:56.152 [main] DEBUG org.hibernate.persister.walking.spi.MetamodelGraphWalker - Visiting attribute path : orderDetail.user.password
10:00:56.152 [main] DEBUG org.hibernate.persister.walking.spi.MetamodelGraphWalker - Visiting attribute path : orderDetail.user.role
10:00:56.152 [main] DEBUG org.hibernate.persister.walking.spi.MetamodelGraphWalker - Visiting attribute path : orderDetail.user.cart
10:00:56.155 [main] DEBUG org.hibernate.loader.plan.build.internal.spaces.QuerySpacesImpl - Adding QuerySpace : uid = &lt;gen:5&gt; -&gt; org.hibernate.loader.plan.build.internal.spaces.EntityQuerySpaceImpl@69fa8e76]
10:00:56.155 [main] DEBUG org.hibernate.persister.walking.spi.MetamodelGraphWalker - Visiting attribute path : orderDetail.user.cart.cartLines
10:00:56.155 [main] DEBUG org.hibernate.persister.walking.spi.MetamodelGraphWalker - Visiting attribute path : orderDetail.user.cart.grandTotal
10:00:56.156 [main] DEBUG org.hibernate.persister.walking.spi.MetamodelGraphWalker - Visiting attribute path : orderDetail.user.cart.user
10:00:56.157 [main] DEBUG org.hibernate.persister.walking.spi.MetamodelGraphWalker - Property path deemed to be circular : orderDetail.user.cart.user
10:00:56.157 [main] DEBUG org.hibernate.persister.walking.spi.MetamodelGraphWalker - Visiting attribute path : product
10:00:56.157 [main] DEBUG org.hibernate.loader.plan.build.internal.spaces.QuerySpacesImpl - Adding QuerySpace : uid = &lt;gen:6&gt; -&gt; org.hibernate.loader.plan.build.internal.spaces.EntityQuerySpaceImpl@31f20c9f]
10:00:56.158 [main] DEBUG org.hibernate.persister.walking.spi.MetamodelGraphWalker - Visiting attribute path : product.active
10:00:56.158 [main] DEBUG org.hibernate.persister.walking.spi.MetamodelGraphWalker - Visiting attribute path : product.brand
10:00:56.158 [main] DEBUG org.hibernate.persister.walking.spi.MetamodelGraphWalker - Visiting attribute path : product.categoryId
10:00:56.158 [main] DEBUG org.hibernate.persister.walking.spi.MetamodelGraphWalker - Visiting attribute path : product.code
10:00:56.158 [main] DEBUG org.hibernate.persister.walking.spi.MetamodelGraphWalker - Visiting attribute path : product.description
10:00:56.159 [main] DEBUG org.hibernate.persister.walking.spi.MetamodelGraphWalker - Visiting attribute path : product.name
10:00:56.159 [main] DEBUG org.hibernate.persister.walking.spi.MetamodelGraphWalker - Visiting attribute path : product.purchases
10:00:56.159 [main] DEBUG org.hibernate.persister.walking.spi.MetamodelGraphWalker - Visiting attribute path : product.quantity
10:00:56.159 [main] DEBUG org.hibernate.persister.walking.spi.MetamodelGraphWalker - Visiting attribute path : product.supplierId
10:00:56.159 [main] DEBUG org.hibernate.persister.walking.spi.MetamodelGraphWalker - Visiting attribute path : product.unitPrice
10:00:56.159 [main] DEBUG org.hibernate.persister.walking.spi.MetamodelGraphWalker - Visiting attribute path : product.views
10:00:56.160 [main] DEBUG org.hibernate.persister.walking.spi.MetamodelGraphWalker - Visiting attribute path : productCount
10:00:56.160 [main] DEBUG org.hibernate.persister.walking.spi.MetamodelGraphWalker - Visiting attribute path : total
10:00:56.160 [main] DEBUG org.hibernate.loader.plan.build.internal.FetchStyleLoadPlanBuildingAssociationVisitationStrategy - Building LoadPlan...
10:00:56.161 [main] DEBUG org.hibernate.loader.plan.exec.internal.LoadQueryJoinAndFetchProcessor - processing queryspace &lt;gen:0&gt;
10:00:56.165 [main] DEBUG org.hibernate.loader.plan.build.spi.LoadPlanTreePrinter - LoadPlan(entity=com.shoppingbackend.model.OrderItem)
    - Returns
       - EntityReturnImpl(entity=com.shoppingbackend.model.OrderItem, querySpaceUid=&lt;gen:0&gt;, path=com.shoppingbackend.model.OrderItem)
          - EntityAttributeFetchImpl(entity=com.shoppingbackend.model.OrderDetail, querySpaceUid=&lt;gen:1&gt;, path=com.shoppingbackend.model.OrderItem.orderDetail)
             - EntityAttributeFetchImpl(entity=com.shoppingbackend.model.Address, querySpaceUid=&lt;gen:2&gt;, path=com.shoppingbackend.model.OrderItem.orderDetail.billing)
             - EntityAttributeFetchImpl(entity=com.shoppingbackend.model.Address, querySpaceUid=&lt;gen:3&gt;, path=com.shoppingbackend.model.OrderItem.orderDetail.shipping)
             - EntityAttributeFetchImpl(entity=com.shoppingbackend.model.User, querySpaceUid=&lt;gen:4&gt;, path=com.shoppingbackend.model.OrderItem.orderDetail.user)
                - EntityAttributeFetchImpl(entity=com.shoppingbackend.model.Cart, querySpaceUid=&lt;gen:5&gt;, path=com.shoppingbackend.model.OrderItem.orderDetail.user.cart)
          - EntityAttributeFetchImpl(entity=com.shoppingbackend.model.Product, querySpaceUid=&lt;gen:6&gt;, path=com.shoppingbackend.model.OrderItem.product)
    - QuerySpaces
       - EntityQuerySpaceImpl(uid=&lt;gen:0&gt;, entity=com.shoppingbackend.model.OrderItem)
          - SQL table alias mapping - orderitem0_
          - alias suffix - 0_
          - suffixed key columns - {id1_5_0_}
          - JOIN (JoinDefinedByMetadata(orderDetail)) : &lt;gen:0&gt; -&gt; &lt;gen:1&gt;
             - EntityQuerySpaceImpl(uid=&lt;gen:1&gt;, entity=com.shoppingbackend.model.OrderDetail)
                - SQL table alias mapping - orderdetai1_
                - alias suffix - 1_
                - suffixed key columns - {id1_4_1_}
                - JOIN (JoinDefinedByMetadata(billing)) : &lt;gen:1&gt; -&gt; &lt;gen:2&gt;
                   - EntityQuerySpaceImpl(uid=&lt;gen:2&gt;, entity=com.shoppingbackend.model.Address)
                      - SQL table alias mapping - address2_
                      - alias suffix - 2_
                      - suffixed key columns - {id1_0_2_}
                - JOIN (JoinDefinedByMetadata(shipping)) : &lt;gen:1&gt; -&gt; &lt;gen:3&gt;
                   - EntityQuerySpaceImpl(uid=&lt;gen:3&gt;, entity=com.shoppingbackend.model.Address)
                      - SQL table alias mapping - address3_
                      - alias suffix - 3_
                      - suffixed key columns - {id1_0_3_}
                - JOIN (JoinDefinedByMetadata(user)) : &lt;gen:1&gt; -&gt; &lt;gen:4&gt;
                   - EntityQuerySpaceImpl(uid=&lt;gen:4&gt;, entity=com.shoppingbackend.model.User)
                      - SQL table alias mapping - user4_
                      - alias suffix - 4_
                      - suffixed key columns - {id1_8_4_}
                      - JOIN (JoinDefinedByMetadata(cart)) : &lt;gen:4&gt; -&gt; &lt;gen:5&gt;
                         - EntityQuerySpaceImpl(uid=&lt;gen:5&gt;, entity=com.shoppingbackend.model.Cart)
                            - SQL table alias mapping - cart5_
                            - alias suffix - 5_
                            - suffixed key columns - {id1_1_5_}
          - JOIN (JoinDefinedByMetadata(product)) : &lt;gen:0&gt; -&gt; &lt;gen:6&gt;
             - EntityQuerySpaceImpl(uid=&lt;gen:6&gt;, entity=com.shoppingbackend.model.Product)
                - SQL table alias mapping - product6_
                - alias suffix - 6_
                - suffixed key columns - {id1_6_6_}

10:00:56.174 [main] DEBUG org.hibernate.loader.entity.plan.EntityLoader - Static select for entity com.shoppingbackend.model.OrderItem [NONE]: select orderitem0_.id as id1_5_0_, orderitem0_.buying_price as buying_p2_5_0_, orderitem0_.order_id as order_id5_5_0_, orderitem0_.product_id as product_6_5_0_, orderitem0_.product_count as product_3_5_0_, orderitem0_.total as total4_5_0_, orderdetai1_.id as id1_4_1_, orderdetai1_.billing_id as billing_5_4_1_, orderdetai1_.order_count as order_co2_4_1_, orderdetai1_.order_date as order_da3_4_1_, orderdetai1_.order_total as order_to4_4_1_, orderdetai1_.shipping_id as shipping6_4_1_, orderdetai1_.user_id as user_id7_4_1_, address2_.id as id1_0_2_, address2_.address_line_one as address_2_0_2_, address2_.address_line_two as address_3_0_2_, address2_.is_billing as is_billi4_0_2_, address2_.city as city5_0_2_, address2_.country as country6_0_2_, address2_.postal_code as postal_c7_0_2_, address2_.is_shipping as is_shipp8_0_2_, address2_.state as state9_0_2_, address2_.user_id as user_id10_0_2_, address3_.id as id1_0_3_, address3_.address_line_one as address_2_0_3_, address3_.address_line_two as address_3_0_3_, address3_.is_billing as is_billi4_0_3_, address3_.city as city5_0_3_, address3_.country as country6_0_3_, address3_.postal_code as postal_c7_0_3_, address3_.is_shipping as is_shipp8_0_3_, address3_.state as state9_0_3_, address3_.user_id as user_id10_0_3_, user4_.id as id1_8_4_, user4_.contact_number as contact_2_8_4_, user4_.email as email3_8_4_, user4_.enabled as enabled4_8_4_, user4_.first_name as first_na5_8_4_, user4_.last_name as last_nam6_8_4_, user4_.password as password7_8_4_, user4_.role as role8_8_4_, cart5_.id as id1_1_5_, cart5_.cart_lines as cart_lin2_1_5_, cart5_.grand_total as grand_to3_1_5_, cart5_.user_id as user_id4_1_5_, product6_.id as id1_6_6_, product6_.is_active as is_activ2_6_6_, product6_.brand as brand3_6_6_, product6_.category_id as category4_6_6_, product6_.code as code5_6_6_, product6_.description as descript6_6_6_, product6_.name as name7_6_6_, product6_.purchases as purchase8_6_6_, product6_.quantity as quantity9_6_6_, product6_.supplier_id as supplie10_6_6_, product6_.unit_price as unit_pr11_6_6_, product6_.views as views12_6_6_ from order_item orderitem0_ left outer join order_detail orderdetai1_ on orderitem0_.order_id=orderdetai1_.id left outer join Address address2_ on orderdetai1_.billing_id=address2_.id left outer join Address address3_ on orderdetai1_.shipping_id=address3_.id left outer join user_detail user4_ on orderdetai1_.user_id=user4_.id left outer join Cart cart5_ on user4_.id=cart5_.user_id left outer join Product product6_ on orderitem0_.product_id=product6_.id where orderitem0_.id=?
10:00:56.175 [main] DEBUG org.hibernate.loader.plan.build.internal.spaces.QuerySpacesImpl - Adding QuerySpace : uid = &lt;gen:0&gt; -&gt; org.hibernate.loader.plan.build.internal.spaces.EntityQuerySpaceImpl@32f0c7f8]
10:00:56.175 [main] DEBUG org.hibernate.persister.walking.spi.MetamodelGraphWalker - Visiting attribute path : buyingPrice
10:00:56.175 [main] DEBUG org.hibernate.persister.walking.spi.MetamodelGraphWalker - Visiting attribute path : orderDetail
10:00:56.175 [main] DEBUG org.hibernate.loader.plan.build.internal.spaces.QuerySpacesImpl - Adding QuerySpace : uid = &lt;gen:1&gt; -&gt; org.hibernate.loader.plan.build.internal.spaces.EntityQuerySpaceImpl@71f96dfb]
10:00:56.176 [main] DEBUG org.hibernate.persister.walking.spi.MetamodelGraphWalker - Visiting attribute path : orderDetail.billing
10:00:56.177 [main] DEBUG org.hibernate.loader.plan.build.internal.spaces.QuerySpacesImpl - Adding QuerySpace : uid = &lt;gen:2&gt; -&gt; org.hibernate.loader.plan.build.internal.spaces.EntityQuerySpaceImpl@69e05f61]
10:00:56.177 [main] DEBUG org.hibernate.persister.walking.spi.MetamodelGraphWalker - Visiting attribute path : orderDetail.billing.addressLineOne
10:00:56.177 [main] DEBUG org.hibernate.persister.walking.spi.MetamodelGraphWalker - Visiting attribute path : orderDetail.billing.addressLineTwo
10:00:56.177 [main] DEBUG org.hibernate.persister.walking.spi.MetamodelGraphWalker - Visiting attribute path : orderDetail.billing.billing
10:00:56.177 [main] DEBUG org.hibernate.persister.walking.spi.MetamodelGraphWalker - Visiting attribute path : orderDetail.billing.city
10:00:56.178 [main] DEBUG org.hibernate.persister.walking.spi.MetamodelGraphWalker - Visiting attribute path : orderDetail.billing.country
10:00:56.178 [main] DEBUG org.hibernate.persister.walking.spi.MetamodelGraphWalker - Visiting attribute path : orderDetail.billing.postalCode
10:00:56.178 [main] DEBUG org.hibernate.persister.walking.spi.MetamodelGraphWalker - Visiting attribute path : orderDetail.billing.shipping
10:00:56.178 [main] DEBUG org.hibernate.persister.walking.spi.MetamodelGraphWalker - Visiting attribute path : orderDetail.billing.state
10:00:56.178 [main] DEBUG org.hibernate.persister.walking.spi.MetamodelGraphWalker - Visiting attribute path : orderDetail.billing.userId
10:00:56.179 [main] DEBUG org.hibernate.persister.walking.spi.MetamodelGraphWalker - Visiting attribute path : orderDetail.orderCount
10:00:56.179 [main] DEBUG org.hibernate.persister.walking.spi.MetamodelGraphWalker - Visiting attribute path : orderDetail.orderDate
10:00:56.179 [main] DEBUG org.hibernate.persister.walking.spi.MetamodelGraphWalker - Visiting attribute path : orderDetail.orderItems
10:00:56.206 [main] DEBUG org.hibernate.persister.walking.spi.MetamodelGraphWalker - Property path deemed to be circular : orderDetail.orderItems
10:00:56.207 [main] DEBUG org.hibernate.persister.walking.spi.MetamodelGraphWalker - Visiting attribute path : orderDetail.orderTotal
10:00:56.207 [main] DEBUG org.hibernate.persister.walking.spi.MetamodelGraphWalker - Visiting attribute path : orderDetail.shipping
10:00:56.207 [main] DEBUG org.hibernate.loader.plan.build.internal.spaces.QuerySpacesImpl - Adding QuerySpace : uid = &lt;gen:3&gt; -&gt; org.hibernate.loader.plan.build.internal.spaces.EntityQuerySpaceImpl@730e5763]
10:00:56.207 [main] DEBUG org.hibernate.persister.walking.spi.MetamodelGraphWalker - Visiting attribute path : orderDetail.shipping.addressLineOne
10:00:56.208 [main] DEBUG org.hibernate.persister.walking.spi.MetamodelGraphWalker - Visiting attribute path : orderDetail.shipping.addressLineTwo
10:00:56.208 [main] DEBUG org.hibernate.persister.walking.spi.MetamodelGraphWalker - Visiting attribute path : orderDetail.shipping.billing
10:00:56.208 [main] DEBUG org.hibernate.persister.walking.spi.MetamodelGraphWalker - Visiting attribute path : orderDetail.shipping.city
10:00:56.208 [main] DEBUG org.hibernate.persister.walking.spi.MetamodelGraphWalker - Visiting attribute path : orderDetail.shipping.country
10:00:56.208 [main] DEBUG org.hibernate.persister.walking.spi.MetamodelGraphWalker - Visiting attribute path : orderDetail.shipping.postalCode
10:00:56.209 [main] DEBUG org.hibernate.persister.walking.spi.MetamodelGraphWalker - Visiting attribute path : orderDetail.shipping.shipping
10:00:56.209 [main] DEBUG org.hibernate.persister.walking.spi.MetamodelGraphWalker - Visiting attribute path : orderDetail.shipping.state
10:00:56.209 [main] DEBUG org.hibernate.persister.walking.spi.MetamodelGraphWalker - Visiting attribute path : orderDetail.shipping.userId
10:00:56.209 [main] DEBUG org.hibernate.persister.walking.spi.MetamodelGraphWalker - Visiting attribute path : orderDetail.user
10:00:56.209 [main] DEBUG org.hibernate.loader.plan.build.internal.spaces.QuerySpacesImpl - Adding QuerySpace : uid = &lt;gen:4&gt; -&gt; org.hibernate.loader.plan.build.internal.spaces.EntityQuerySpaceImpl@19058533]
10:00:56.210 [main] DEBUG org.hibernate.persister.walking.spi.MetamodelGraphWalker - Visiting attribute path : orderDetail.user.contactNumber
10:00:56.210 [main] DEBUG org.hibernate.persister.walking.spi.MetamodelGraphWalker - Visiting attribute path : orderDetail.user.email
10:00:56.212 [main] DEBUG org.hibernate.persister.walking.spi.MetamodelGraphWalker - Visiting attribute path : orderDetail.user.enabled
10:00:56.212 [main] DEBUG org.hibernate.persister.walking.spi.MetamodelGraphWalker - Visiting attribute path : orderDetail.user.firstName
10:00:56.212 [main] DEBUG org.hibernate.persister.walking.spi.MetamodelGraphWalker - Visiting attribute path : orderDetail.user.lastName
10:00:56.214 [main] DEBUG org.hibernate.persister.walking.spi.MetamodelGraphWalker - Visiting attribute path : orderDetail.user.password
10:00:56.214 [main] DEBUG org.hibernate.persister.walking.spi.MetamodelGraphWalker - Visiting attribute path : orderDetail.user.role
10:00:56.214 [main] DEBUG org.hibernate.persister.walking.spi.MetamodelGraphWalker - Visiting attribute path : orderDetail.user.cart
10:00:56.214 [main] DEBUG org.hibernate.loader.plan.build.internal.spaces.QuerySpacesImpl - Adding QuerySpace : uid = &lt;gen:5&gt; -&gt; org.hibernate.loader.plan.build.internal.spaces.EntityQuerySpaceImpl@42210be1]
10:00:56.215 [main] DEBUG org.hibernate.persister.walking.spi.MetamodelGraphWalker - Visiting attribute path : orderDetail.user.cart.cartLines
10:00:56.215 [main] DEBUG org.hibernate.persister.walking.spi.MetamodelGraphWalker - Visiting attribute path : orderDetail.user.cart.grandTotal
10:00:56.215 [main] DEBUG org.hibernate.persister.walking.spi.MetamodelGraphWalker - Visiting attribute path : orderDetail.user.cart.user
10:00:56.215 [main] DEBUG org.hibernate.persister.walking.spi.MetamodelGraphWalker - Property path deemed to be circular : orderDetail.user.cart.user
10:00:56.216 [main] DEBUG org.hibernate.persister.walking.spi.MetamodelGraphWalker - Visiting attribute path : product
10:00:56.216 [main] DEBUG org.hibernate.loader.plan.build.internal.spaces.QuerySpacesImpl - Adding QuerySpace : uid = &lt;gen:6&gt; -&gt; org.hibernate.loader.plan.build.internal.spaces.EntityQuerySpaceImpl@2babf189]
10:00:56.218 [main] DEBUG org.hibernate.persister.walking.spi.MetamodelGraphWalker - Visiting attribute path : product.active
10:00:56.218 [main] DEBUG org.hibernate.persister.walking.spi.MetamodelGraphWalker - Visiting attribute path : product.brand
10:00:56.218 [main] DEBUG org.hibernate.persister.walking.spi.MetamodelGraphWalker - Visiting attribute path : product.categoryId
10:00:56.219 [main] DEBUG org.hibernate.persister.walking.spi.MetamodelGraphWalker - Visiting attribute path : product.code
10:00:56.219 [main] DEBUG org.hibernate.persister.walking.spi.MetamodelGraphWalker - Visiting attribute path : product.description
10:00:56.219 [main] DEBUG org.hibernate.persister.walking.spi.MetamodelGraphWalker - Visiting attribute path : product.name
10:00:56.219 [main] DEBUG org.hibernate.persister.walking.spi.MetamodelGraphWalker - Visiting attribute path : product.purchases
10:00:56.219 [main] DEBUG org.hibernate.persister.walking.spi.MetamodelGraphWalker - Visiting attribute path : product.quantity
10:00:56.220 [main] DEBUG org.hibernate.persister.walking.spi.MetamodelGraphWalker - Visiting attribute path : product.supplierId
10:00:56.220 [main] DEBUG org.hibernate.persister.walking.spi.MetamodelGraphWalker - Visiting attribute path : product.unitPrice
10:00:56.220 [main] DEBUG org.hibernate.persister.walking.spi.MetamodelGraphWalker - Visiting attribute path : product.views
10:00:56.220 [main] DEBUG org.hibernate.persister.walking.spi.MetamodelGraphWalker - Visiting attribute path : productCount
10:00:56.221 [main] DEBUG org.hibernate.persister.walking.spi.MetamodelGraphWalker - Visiting attribute path : total
10:00:56.222 [main] DEBUG org.hibernate.loader.plan.build.internal.FetchStyleLoadPlanBuildingAssociationVisitationStrategy - Building LoadPlan...
10:00:56.222 [main] DEBUG org.hibernate.loader.plan.exec.internal.LoadQueryJoinAndFetchProcessor - processing queryspace &lt;gen:0&gt;
10:00:56.229 [main] DEBUG org.hibernate.loader.plan.build.spi.LoadPlanTreePrinter - LoadPlan(entity=com.shoppingbackend.model.OrderItem)
    - Returns
       - EntityReturnImpl(entity=com.shoppingbackend.model.OrderItem, querySpaceUid=&lt;gen:0&gt;, path=com.shoppingbackend.model.OrderItem)
          - EntityAttributeFetchImpl(entity=com.shoppingbackend.model.OrderDetail, querySpaceUid=&lt;gen:1&gt;, path=com.shoppingbackend.model.OrderItem.orderDetail)
             - EntityAttributeFetchImpl(entity=com.shoppingbackend.model.Address, querySpaceUid=&lt;gen:2&gt;, path=com.shoppingbackend.model.OrderItem.orderDetail.billing)
             - EntityAttributeFetchImpl(entity=com.shoppingbackend.model.Address, querySpaceUid=&lt;gen:3&gt;, path=com.shoppingbackend.model.OrderItem.orderDetail.shipping)
             - EntityAttributeFetchImpl(entity=com.shoppingbackend.model.User, querySpaceUid=&lt;gen:4&gt;, path=com.shoppingbackend.model.OrderItem.orderDetail.user)
                - EntityAttributeFetchImpl(entity=com.shoppingbackend.model.Cart, querySpaceUid=&lt;gen:5&gt;, path=com.shoppingbackend.model.OrderItem.orderDetail.user.cart)
          - EntityAttributeFetchImpl(entity=com.shoppingbackend.model.Product, querySpaceUid=&lt;gen:6&gt;, path=com.shoppingbackend.model.OrderItem.product)
    - QuerySpaces
       - EntityQuerySpaceImpl(uid=&lt;gen:0&gt;, entity=com.shoppingbackend.model.OrderItem)
          - SQL table alias mapping - orderitem0_
          - alias suffix - 0_
          - suffixed key columns - {id1_5_0_}
          - JOIN (JoinDefinedByMetadata(orderDetail)) : &lt;gen:0&gt; -&gt; &lt;gen:1&gt;
             - EntityQuerySpaceImpl(uid=&lt;gen:1&gt;, entity=com.shoppingbackend.model.OrderDetail)
                - SQL table alias mapping - orderdetai1_
                - alias suffix - 1_
                - suffixed key columns - {id1_4_1_}
                - JOIN (JoinDefinedByMetadata(billing)) : &lt;gen:1&gt; -&gt; &lt;gen:2&gt;
                   - EntityQuerySpaceImpl(uid=&lt;gen:2&gt;, entity=com.shoppingbackend.model.Address)
                      - SQL table alias mapping - address2_
                      - alias suffix - 2_
                      - suffixed key columns - {id1_0_2_}
                - JOIN (JoinDefinedByMetadata(shipping)) : &lt;gen:1&gt; -&gt; &lt;gen:3&gt;
                   - EntityQuerySpaceImpl(uid=&lt;gen:3&gt;, entity=com.shoppingbackend.model.Address)
                      - SQL table alias mapping - address3_
                      - alias suffix - 3_
                      - suffixed key columns - {id1_0_3_}
                - JOIN (JoinDefinedByMetadata(user)) : &lt;gen:1&gt; -&gt; &lt;gen:4&gt;
                   - EntityQuerySpaceImpl(uid=&lt;gen:4&gt;, entity=com.shoppingbackend.model.User)
                      - SQL table alias mapping - user4_
                      - alias suffix - 4_
                      - suffixed key columns - {id1_8_4_}
                      - JOIN (JoinDefinedByMetadata(cart)) : &lt;gen:4&gt; -&gt; &lt;gen:5&gt;
                         - EntityQuerySpaceImpl(uid=&lt;gen:5&gt;, entity=com.shoppingbackend.model.Cart)
                            - SQL table alias mapping - cart5_
                            - alias suffix - 5_
                            - suffixed key columns - {id1_1_5_}
          - JOIN (JoinDefinedByMetadata(product)) : &lt;gen:0&gt; -&gt; &lt;gen:6&gt;
             - EntityQuerySpaceImpl(uid=&lt;gen:6&gt;, entity=com.shoppingbackend.model.Product)
                - SQL table alias mapping - product6_
                - alias suffix - 6_
                - suffixed key columns - {id1_6_6_}

10:00:56.230 [main] DEBUG org.hibernate.loader.entity.plan.EntityLoader - Static select for entity com.shoppingbackend.model.OrderItem [READ]: select orderitem0_.id as id1_5_0_, orderitem0_.buying_price as buying_p2_5_0_, orderitem0_.order_id as order_id5_5_0_, orderitem0_.product_id as product_6_5_0_, orderitem0_.product_count as product_3_5_0_, orderitem0_.total as total4_5_0_, orderdetai1_.id as id1_4_1_, orderdetai1_.billing_id as billing_5_4_1_, orderdetai1_.order_count as order_co2_4_1_, orderdetai1_.order_date as order_da3_4_1_, orderdetai1_.order_total as order_to4_4_1_, orderdetai1_.shipping_id as shipping6_4_1_, orderdetai1_.user_id as user_id7_4_1_, address2_.id as id1_0_2_, address2_.address_line_one as address_2_0_2_, address2_.address_line_two as address_3_0_2_, address2_.is_billing as is_billi4_0_2_, address2_.city as city5_0_2_, address2_.country as country6_0_2_, address2_.postal_code as postal_c7_0_2_, address2_.is_shipping as is_shipp8_0_2_, address2_.state as state9_0_2_, address2_.user_id as user_id10_0_2_, address3_.id as id1_0_3_, address3_.address_line_one as address_2_0_3_, address3_.address_line_two as address_3_0_3_, address3_.is_billing as is_billi4_0_3_, address3_.city as city5_0_3_, address3_.country as country6_0_3_, address3_.postal_code as postal_c7_0_3_, address3_.is_shipping as is_shipp8_0_3_, address3_.state as state9_0_3_, address3_.user_id as user_id10_0_3_, user4_.id as id1_8_4_, user4_.contact_number as contact_2_8_4_, user4_.email as email3_8_4_, user4_.enabled as enabled4_8_4_, user4_.first_name as first_na5_8_4_, user4_.last_name as last_nam6_8_4_, user4_.password as password7_8_4_, user4_.role as role8_8_4_, cart5_.id as id1_1_5_, cart5_.cart_lines as cart_lin2_1_5_, cart5_.grand_total as grand_to3_1_5_, cart5_.user_id as user_id4_1_5_, product6_.id as id1_6_6_, product6_.is_active as is_activ2_6_6_, product6_.brand as brand3_6_6_, product6_.category_id as category4_6_6_, product6_.code as code5_6_6_, product6_.description as descript6_6_6_, product6_.name as name7_6_6_, product6_.purchases as purchase8_6_6_, product6_.quantity as quantity9_6_6_, product6_.supplier_id as supplie10_6_6_, product6_.unit_price as unit_pr11_6_6_, product6_.views as views12_6_6_ from order_item orderitem0_ left outer join order_detail orderdetai1_ on orderitem0_.order_id=orderdetai1_.id left outer join Address address2_ on orderdetai1_.billing_id=address2_.id left outer join Address address3_ on orderdetai1_.shipping_id=address3_.id left outer join user_detail user4_ on orderdetai1_.user_id=user4_.id left outer join Cart cart5_ on user4_.id=cart5_.user_id left outer join Product product6_ on orderitem0_.product_id=product6_.id where orderitem0_.id=?
10:00:56.231 [main] DEBUG org.hibernate.loader.plan.build.internal.spaces.QuerySpacesImpl - Adding QuerySpace : uid = &lt;gen:0&gt; -&gt; org.hibernate.loader.plan.build.internal.spaces.EntityQuerySpaceImpl@dab48d3]
10:00:56.231 [main] DEBUG org.hibernate.persister.walking.spi.MetamodelGraphWalker - Visiting attribute path : buyingPrice
10:00:56.232 [main] DEBUG org.hibernate.persister.walking.spi.MetamodelGraphWalker - Visiting attribute path : orderDetail
10:00:56.232 [main] DEBUG org.hibernate.loader.plan.build.internal.spaces.QuerySpacesImpl - Adding QuerySpace : uid = &lt;gen:1&gt; -&gt; org.hibernate.loader.plan.build.internal.spaces.EntityQuerySpaceImpl@7159a5cd]
10:00:56.234 [main] DEBUG org.hibernate.persister.walking.spi.MetamodelGraphWalker - Visiting attribute path : product
10:00:56.235 [main] DEBUG org.hibernate.loader.plan.build.internal.spaces.QuerySpacesImpl - Adding QuerySpace : uid = &lt;gen:2&gt; -&gt; org.hibernate.loader.plan.build.internal.spaces.EntityQuerySpaceImpl@4f966719]
10:00:56.235 [main] DEBUG org.hibernate.persister.walking.spi.MetamodelGraphWalker - Visiting attribute path : productCount
10:00:56.235 [main] DEBUG org.hibernate.persister.walking.spi.MetamodelGraphWalker - Visiting attribute path : total
10:00:56.236 [main] DEBUG org.hibernate.loader.plan.build.internal.FetchStyleLoadPlanBuildingAssociationVisitationStrategy - Building LoadPlan...
10:00:56.237 [main] DEBUG org.hibernate.loader.plan.exec.internal.LoadQueryJoinAndFetchProcessor - processing queryspace &lt;gen:0&gt;
10:00:56.238 [main] DEBUG org.hibernate.loader.plan.build.spi.LoadPlanTreePrinter - LoadPlan(entity=com.shoppingbackend.model.OrderItem)
    - Returns
       - EntityReturnImpl(entity=com.shoppingbackend.model.OrderItem, querySpaceUid=&lt;gen:0&gt;, path=com.shoppingbackend.model.OrderItem)
          - EntityAttributeFetchImpl(entity=com.shoppingbackend.model.OrderDetail, querySpaceUid=&lt;gen:1&gt;, path=com.shoppingbackend.model.OrderItem.orderDetail)
          - EntityAttributeFetchImpl(entity=com.shoppingbackend.model.Product, querySpaceUid=&lt;gen:2&gt;, path=com.shoppingbackend.model.OrderItem.product)
    - QuerySpaces
       - EntityQuerySpaceImpl(uid=&lt;gen:0&gt;, entity=com.shoppingbackend.model.OrderItem)
          - SQL table alias mapping - orderitem0_
          - alias suffix - 0_
          - suffixed key columns - {id1_5_0_}

10:00:56.239 [main] DEBUG org.hibernate.loader.entity.plan.EntityLoader - Static select for entity com.shoppingbackend.model.OrderItem [UPGRADE]: select orderitem0_.id as id1_5_0_, orderitem0_.buying_price as buying_p2_5_0_, orderitem0_.order_id as order_id5_5_0_, orderitem0_.product_id as product_6_5_0_, orderitem0_.product_count as product_3_5_0_, orderitem0_.total as total4_5_0_ from order_item orderitem0_ where orderitem0_.id=? for update
10:00:56.239 [main] DEBUG org.hibernate.loader.plan.build.internal.spaces.QuerySpacesImpl - Adding QuerySpace : uid = &lt;gen:0&gt; -&gt; org.hibernate.loader.plan.build.internal.spaces.EntityQuerySpaceImpl@18ac53e8]
10:00:56.240 [main] DEBUG org.hibernate.persister.walking.spi.MetamodelGraphWalker - Visiting attribute path : buyingPrice
10:00:56.240 [main] DEBUG org.hibernate.persister.walking.spi.MetamodelGraphWalker - Visiting attribute path : orderDetail
10:00:56.240 [main] DEBUG org.hibernate.loader.plan.build.internal.spaces.QuerySpacesImpl - Adding QuerySpace : uid = &lt;gen:1&gt; -&gt; org.hibernate.loader.plan.build.internal.spaces.EntityQuerySpaceImpl@7063686f]
10:00:56.244 [main] DEBUG org.hibernate.persister.walking.spi.MetamodelGraphWalker - Visiting attribute path : product
10:00:56.244 [main] DEBUG org.hibernate.loader.plan.build.internal.spaces.QuerySpacesImpl - Adding QuerySpace : uid = &lt;gen:2&gt; -&gt; org.hibernate.loader.plan.build.internal.spaces.EntityQuerySpaceImpl@c3177d5]
10:00:56.245 [main] DEBUG org.hibernate.persister.walking.spi.MetamodelGraphWalker - Visiting attribute path : productCount
10:00:56.245 [main] DEBUG org.hibernate.persister.walking.spi.MetamodelGraphWalker - Visiting attribute path : total
10:00:56.245 [main] DEBUG org.hibernate.loader.plan.build.internal.FetchStyleLoadPlanBuildingAssociationVisitationStrategy - Building LoadPlan...
10:00:56.246 [main] DEBUG org.hibernate.loader.plan.exec.internal.LoadQueryJoinAndFetchProcessor - processing queryspace &lt;gen:0&gt;
10:00:56.249 [main] DEBUG org.hibernate.loader.plan.build.spi.LoadPlanTreePrinter - LoadPlan(entity=com.shoppingbackend.model.OrderItem)
    - Returns
       - EntityReturnImpl(entity=com.shoppingbackend.model.OrderItem, querySpaceUid=&lt;gen:0&gt;, path=com.shoppingbackend.model.OrderItem)
          - EntityAttributeFetchImpl(entity=com.shoppingbackend.model.OrderDetail, querySpaceUid=&lt;gen:1&gt;, path=com.shoppingbackend.model.OrderItem.orderDetail)
          - EntityAttributeFetchImpl(entity=com.shoppingbackend.model.Product, querySpaceUid=&lt;gen:2&gt;, path=com.shoppingbackend.model.OrderItem.product)
    - QuerySpaces
       - EntityQuerySpaceImpl(uid=&lt;gen:0&gt;, entity=com.shoppingbackend.model.OrderItem)
          - SQL table alias mapping - orderitem0_
          - alias suffix - 0_
          - suffixed key columns - {id1_5_0_}

10:00:56.251 [main] DEBUG org.hibernate.loader.entity.plan.EntityLoader - Static select for entity com.shoppingbackend.model.OrderItem [UPGRADE_NOWAIT]: select orderitem0_.id as id1_5_0_, orderitem0_.buying_price as buying_p2_5_0_, orderitem0_.order_id as order_id5_5_0_, orderitem0_.product_id as product_6_5_0_, orderitem0_.product_count as product_3_5_0_, orderitem0_.total as total4_5_0_ from order_item orderitem0_ where orderitem0_.id=? for update
10:00:56.252 [main] DEBUG org.hibernate.loader.plan.build.internal.spaces.QuerySpacesImpl - Adding QuerySpace : uid = &lt;gen:0&gt; -&gt; org.hibernate.loader.plan.build.internal.spaces.EntityQuerySpaceImpl@76f856a8]
10:00:56.252 [main] DEBUG org.hibernate.persister.walking.spi.MetamodelGraphWalker - Visiting attribute path : buyingPrice
10:00:56.252 [main] DEBUG org.hibernate.persister.walking.spi.MetamodelGraphWalker - Visiting attribute path : orderDetail
10:00:56.254 [main] DEBUG org.hibernate.loader.plan.build.internal.spaces.QuerySpacesImpl - Adding QuerySpace : uid = &lt;gen:1&gt; -&gt; org.hibernate.loader.plan.build.internal.spaces.EntityQuerySpaceImpl@174e1b69]
10:00:56.254 [main] DEBUG org.hibernate.persister.walking.spi.MetamodelGraphWalker - Visiting attribute path : product
10:00:56.254 [main] DEBUG org.hibernate.loader.plan.build.internal.spaces.QuerySpacesImpl - Adding QuerySpace : uid = &lt;gen:2&gt; -&gt; org.hibernate.loader.plan.build.internal.spaces.EntityQuerySpaceImpl@1046498a]
10:00:56.254 [main] DEBUG org.hibernate.persister.walking.spi.MetamodelGraphWalker - Visiting attribute path : productCount
10:00:56.254 [main] DEBUG org.hibernate.persister.walking.spi.MetamodelGraphWalker - Visiting attribute path : total
10:00:56.254 [main] DEBUG org.hibernate.loader.plan.build.internal.FetchStyleLoadPlanBuildingAssociationVisitationStrategy - Building LoadPlan...
10:00:56.254 [main] DEBUG org.hibernate.loader.plan.exec.internal.LoadQueryJoinAndFetchProcessor - processing queryspace &lt;gen:0&gt;
10:00:56.255 [main] DEBUG org.hibernate.loader.plan.build.spi.LoadPlanTreePrinter - LoadPlan(entity=com.shoppingbackend.model.OrderItem)
    - Returns
       - EntityReturnImpl(entity=com.shoppingbackend.model.OrderItem, querySpaceUid=&lt;gen:0&gt;, path=com.shoppingbackend.model.OrderItem)
          - EntityAttributeFetchImpl(entity=com.shoppingbackend.model.OrderDetail, querySpaceUid=&lt;gen:1&gt;, path=com.shoppingbackend.model.OrderItem.orderDetail)
          - EntityAttributeFetchImpl(entity=com.shoppingbackend.model.Product, querySpaceUid=&lt;gen:2&gt;, path=com.shoppingbackend.model.OrderItem.product)
    - QuerySpaces
       - EntityQuerySpaceImpl(uid=&lt;gen:0&gt;, entity=com.shoppingbackend.model.OrderItem)
          - SQL table alias mapping - orderitem0_
          - alias suffix - 0_
          - suffixed key columns - {id1_5_0_}

10:00:56.289 [main] DEBUG org.hibernate.loader.entity.plan.EntityLoader - Static select for entity com.shoppingbackend.model.OrderItem [UPGRADE_SKIPLOCKED]: select orderitem0_.id as id1_5_0_, orderitem0_.buying_price as buying_p2_5_0_, orderitem0_.order_id as order_id5_5_0_, orderitem0_.product_id as product_6_5_0_, orderitem0_.product_count as product_3_5_0_, orderitem0_.total as total4_5_0_ from order_item orderitem0_ where orderitem0_.id=? for update
10:00:56.289 [main] DEBUG org.hibernate.loader.plan.build.internal.spaces.QuerySpacesImpl - Adding QuerySpace : uid = &lt;gen:0&gt; -&gt; org.hibernate.loader.plan.build.internal.spaces.EntityQuerySpaceImpl@243f003c]
10:00:56.290 [main] DEBUG org.hibernate.persister.walking.spi.MetamodelGraphWalker - Visiting attribute path : buyingPrice
10:00:56.290 [main] DEBUG org.hibernate.persister.walking.spi.MetamodelGraphWalker - Visiting attribute path : orderDetail
10:00:56.290 [main] DEBUG org.hibernate.loader.plan.build.internal.spaces.QuerySpacesImpl - Adding QuerySpace : uid = &lt;gen:1&gt; -&gt; org.hibernate.loader.plan.build.internal.spaces.EntityQuerySpaceImpl@1639f93a]
10:00:56.291 [main] DEBUG org.hibernate.persister.walking.spi.MetamodelGraphWalker - Visiting attribute path : product
10:00:56.292 [main] DEBUG org.hibernate.loader.plan.build.internal.spaces.QuerySpacesImpl - Adding QuerySpace : uid = &lt;gen:2&gt; -&gt; org.hibernate.loader.plan.build.internal.spaces.EntityQuerySpaceImpl@3491e86e]
10:00:56.292 [main] DEBUG org.hibernate.persister.walking.spi.MetamodelGraphWalker - Visiting attribute path : productCount
10:00:56.293 [main] DEBUG org.hibernate.persister.walking.spi.MetamodelGraphWalker - Visiting attribute path : total
10:00:56.293 [main] DEBUG org.hibernate.loader.plan.build.internal.FetchStyleLoadPlanBuildingAssociationVisitationStrategy - Building LoadPlan...
10:00:56.294 [main] DEBUG org.hibernate.loader.plan.exec.internal.LoadQueryJoinAndFetchProcessor - processing queryspace &lt;gen:0&gt;
10:00:56.295 [main] DEBUG org.hibernate.loader.plan.build.spi.LoadPlanTreePrinter - LoadPlan(entity=com.shoppingbackend.model.OrderItem)
    - Returns
       - EntityReturnImpl(entity=com.shoppingbackend.model.OrderItem, querySpaceUid=&lt;gen:0&gt;, path=com.shoppingbackend.model.OrderItem)
          - EntityAttributeFetchImpl(entity=com.shoppingbackend.model.OrderDetail, querySpaceUid=&lt;gen:1&gt;, path=com.shoppingbackend.model.OrderItem.orderDetail)
          - EntityAttributeFetchImpl(entity=com.shoppingbackend.model.Product, querySpaceUid=&lt;gen:2&gt;, path=com.shoppingbackend.model.OrderItem.product)
    - QuerySpaces
       - EntityQuerySpaceImpl(uid=&lt;gen:0&gt;, entity=com.shoppingbackend.model.OrderItem)
          - SQL table alias mapping - orderitem0_
          - alias suffix - 0_
          - suffixed key columns - {id1_5_0_}

10:00:56.297 [main] DEBUG org.hibernate.loader.entity.plan.EntityLoader - Static select for entity com.shoppingbackend.model.OrderItem [FORCE]: select orderitem0_.id as id1_5_0_, orderitem0_.buying_price as buying_p2_5_0_, orderitem0_.order_id as order_id5_5_0_, orderitem0_.product_id as product_6_5_0_, orderitem0_.product_count as product_3_5_0_, orderitem0_.total as total4_5_0_ from order_item orderitem0_ where orderitem0_.id=? for update
10:00:56.297 [main] DEBUG org.hibernate.loader.plan.build.internal.spaces.QuerySpacesImpl - Adding QuerySpace : uid = &lt;gen:0&gt; -&gt; org.hibernate.loader.plan.build.internal.spaces.EntityQuerySpaceImpl@68f32020]
10:00:56.297 [main] DEBUG org.hibernate.persister.walking.spi.MetamodelGraphWalker - Visiting attribute path : buyingPrice
10:00:56.297 [main] DEBUG org.hibernate.persister.walking.spi.MetamodelGraphWalker - Visiting attribute path : orderDetail
10:00:56.298 [main] DEBUG org.hibernate.loader.plan.build.internal.spaces.QuerySpacesImpl - Adding QuerySpace : uid = &lt;gen:1&gt; -&gt; org.hibernate.loader.plan.build.internal.spaces.EntityQuerySpaceImpl@19b047fe]
10:00:56.298 [main] DEBUG org.hibernate.persister.walking.spi.MetamodelGraphWalker - Visiting attribute path : product
10:00:56.298 [main] DEBUG org.hibernate.loader.plan.build.internal.spaces.QuerySpacesImpl - Adding QuerySpace : uid = &lt;gen:2&gt; -&gt; org.hibernate.loader.plan.build.internal.spaces.EntityQuerySpaceImpl@22590e3e]
10:00:56.298 [main] DEBUG org.hibernate.persister.walking.spi.MetamodelGraphWalker - Visiting attribute path : productCount
10:00:56.298 [main] DEBUG org.hibernate.persister.walking.spi.MetamodelGraphWalker - Visiting attribute path : total
10:00:56.298 [main] DEBUG org.hibernate.loader.plan.build.internal.FetchStyleLoadPlanBuildingAssociationVisitationStrategy - Building LoadPlan...
10:00:56.298 [main] DEBUG org.hibernate.loader.plan.exec.internal.LoadQueryJoinAndFetchProcessor - processing queryspace &lt;gen:0&gt;
10:00:56.299 [main] DEBUG org.hibernate.loader.plan.build.spi.LoadPlanTreePrinter - LoadPlan(entity=com.shoppingbackend.model.OrderItem)
    - Returns
       - EntityReturnImpl(entity=com.shoppingbackend.model.OrderItem, querySpaceUid=&lt;gen:0&gt;, path=com.shoppingbackend.model.OrderItem)
          - EntityAttributeFetchImpl(entity=com.shoppingbackend.model.OrderDetail, querySpaceUid=&lt;gen:1&gt;, path=com.shoppingbackend.model.OrderItem.orderDetail)
          - EntityAttributeFetchImpl(entity=com.shoppingbackend.model.Product, querySpaceUid=&lt;gen:2&gt;, path=com.shoppingbackend.model.OrderItem.product)
    - QuerySpaces
       - EntityQuerySpaceImpl(uid=&lt;gen:0&gt;, entity=com.shoppingbackend.model.OrderItem)
          - SQL table alias mapping - orderitem0_
          - alias suffix - 0_
          - suffixed key columns - {id1_5_0_}

10:00:56.299 [main] DEBUG org.hibernate.loader.entity.plan.EntityLoader - Static select for entity com.shoppingbackend.model.OrderItem [PESSIMISTIC_READ]: select orderitem0_.id as id1_5_0_, orderitem0_.buying_price as buying_p2_5_0_, orderitem0_.order_id as order_id5_5_0_, orderitem0_.product_id as product_6_5_0_, orderitem0_.product_count as product_3_5_0_, orderitem0_.total as total4_5_0_ from order_item orderitem0_ where orderitem0_.id=? for update
10:00:56.299 [main] DEBUG org.hibernate.loader.plan.build.internal.spaces.QuerySpacesImpl - Adding QuerySpace : uid = &lt;gen:0&gt; -&gt; org.hibernate.loader.plan.build.internal.spaces.EntityQuerySpaceImpl@53dad875]
10:00:56.300 [main] DEBUG org.hibernate.persister.walking.spi.MetamodelGraphWalker - Visiting attribute path : buyingPrice
10:00:56.300 [main] DEBUG org.hibernate.persister.walking.spi.MetamodelGraphWalker - Visiting attribute path : orderDetail
10:00:56.300 [main] DEBUG org.hibernate.loader.plan.build.internal.spaces.QuerySpacesImpl - Adding QuerySpace : uid = &lt;gen:1&gt; -&gt; org.hibernate.loader.plan.build.internal.spaces.EntityQuerySpaceImpl@446c3920]
10:00:56.300 [main] DEBUG org.hibernate.persister.walking.spi.MetamodelGraphWalker - Visiting attribute path : product
10:00:56.301 [main] DEBUG org.hibernate.loader.plan.build.internal.spaces.QuerySpacesImpl - Adding QuerySpace : uid = &lt;gen:2&gt; -&gt; org.hibernate.loader.plan.build.internal.spaces.EntityQuerySpaceImpl@2eaef76d]
10:00:56.302 [main] DEBUG org.hibernate.persister.walking.spi.MetamodelGraphWalker - Visiting attribute path : productCount
10:00:56.302 [main] DEBUG org.hibernate.persister.walking.spi.MetamodelGraphWalker - Visiting attribute path : total
10:00:56.302 [main] DEBUG org.hibernate.loader.plan.build.internal.FetchStyleLoadPlanBuildingAssociationVisitationStrategy - Building LoadPlan...
10:00:56.302 [main] DEBUG org.hibernate.loader.plan.exec.internal.LoadQueryJoinAndFetchProcessor - processing queryspace &lt;gen:0&gt;
10:00:56.302 [main] DEBUG org.hibernate.loader.plan.build.spi.LoadPlanTreePrinter - LoadPlan(entity=com.shoppingbackend.model.OrderItem)
    - Returns
       - EntityReturnImpl(entity=com.shoppingbackend.model.OrderItem, querySpaceUid=&lt;gen:0&gt;, path=com.shoppingbackend.model.OrderItem)
          - EntityAttributeFetchImpl(entity=com.shoppingbackend.model.OrderDetail, querySpaceUid=&lt;gen:1&gt;, path=com.shoppingbackend.model.OrderItem.orderDetail)
          - EntityAttributeFetchImpl(entity=com.shoppingbackend.model.Product, querySpaceUid=&lt;gen:2&gt;, path=com.shoppingbackend.model.OrderItem.product)
    - QuerySpaces
       - EntityQuerySpaceImpl(uid=&lt;gen:0&gt;, entity=com.shoppingbackend.model.OrderItem)
          - SQL table alias mapping - orderitem0_
          - alias suffix - 0_
          - suffixed key columns - {id1_5_0_}

10:00:56.303 [main] DEBUG org.hibernate.loader.entity.plan.EntityLoader - Static select for entity com.shoppingbackend.model.OrderItem [PESSIMISTIC_WRITE]: select orderitem0_.id as id1_5_0_, orderitem0_.buying_price as buying_p2_5_0_, orderitem0_.order_id as order_id5_5_0_, orderitem0_.product_id as product_6_5_0_, orderitem0_.product_count as product_3_5_0_, orderitem0_.total as total4_5_0_ from order_item orderitem0_ where orderitem0_.id=? for update
10:00:56.303 [main] DEBUG org.hibernate.loader.plan.build.internal.spaces.QuerySpacesImpl - Adding QuerySpace : uid = &lt;gen:0&gt; -&gt; org.hibernate.loader.plan.build.internal.spaces.EntityQuerySpaceImpl@2b329bbd]
10:00:56.304 [main] DEBUG org.hibernate.persister.walking.spi.MetamodelGraphWalker - Visiting attribute path : buyingPrice
10:00:56.304 [main] DEBUG org.hibernate.persister.walking.spi.MetamodelGraphWalker - Visiting attribute path : orderDetail
10:00:56.304 [main] DEBUG org.hibernate.loader.plan.build.internal.spaces.QuerySpacesImpl - Adding QuerySpace : uid = &lt;gen:1&gt; -&gt; org.hibernate.loader.plan.build.internal.spaces.EntityQuerySpaceImpl@118102ee]
10:00:56.304 [main] DEBUG org.hibernate.persister.walking.spi.MetamodelGraphWalker - Visiting attribute path : product
10:00:56.304 [main] DEBUG org.hibernate.loader.plan.build.internal.spaces.QuerySpacesImpl - Adding QuerySpace : uid = &lt;gen:2&gt; -&gt; org.hibernate.loader.plan.build.internal.spaces.EntityQuerySpaceImpl@48cd9a2c]
10:00:56.304 [main] DEBUG org.hibernate.persister.walking.spi.MetamodelGraphWalker - Visiting attribute path : productCount
10:00:56.304 [main] DEBUG org.hibernate.persister.walking.spi.MetamodelGraphWalker - Visiting attribute path : total
10:00:56.305 [main] DEBUG org.hibernate.loader.plan.build.internal.FetchStyleLoadPlanBuildingAssociationVisitationStrategy - Building LoadPlan...
10:00:56.305 [main] DEBUG org.hibernate.loader.plan.exec.internal.LoadQueryJoinAndFetchProcessor - processing queryspace &lt;gen:0&gt;
10:00:56.307 [main] DEBUG org.hibernate.loader.plan.build.spi.LoadPlanTreePrinter - LoadPlan(entity=com.shoppingbackend.model.OrderItem)
    - Returns
       - EntityReturnImpl(entity=com.shoppingbackend.model.OrderItem, querySpaceUid=&lt;gen:0&gt;, path=com.shoppingbackend.model.OrderItem)
          - EntityAttributeFetchImpl(entity=com.shoppingbackend.model.OrderDetail, querySpaceUid=&lt;gen:1&gt;, path=com.shoppingbackend.model.OrderItem.orderDetail)
          - EntityAttributeFetchImpl(entity=com.shoppingbackend.model.Product, querySpaceUid=&lt;gen:2&gt;, path=com.shoppingbackend.model.OrderItem.product)
    - QuerySpaces
       - EntityQuerySpaceImpl(uid=&lt;gen:0&gt;, entity=com.shoppingbackend.model.OrderItem)
          - SQL table alias mapping - orderitem0_
          - alias suffix - 0_
          - suffixed key columns - {id1_5_0_}

10:00:56.307 [main] DEBUG org.hibernate.loader.entity.plan.EntityLoader - Static select for entity com.shoppingbackend.model.OrderItem [PESSIMISTIC_FORCE_INCREMENT]: select orderitem0_.id as id1_5_0_, orderitem0_.buying_price as buying_p2_5_0_, orderitem0_.order_id as order_id5_5_0_, orderitem0_.product_id as product_6_5_0_, orderitem0_.product_count as product_3_5_0_, orderitem0_.total as total4_5_0_ from order_item orderitem0_ where orderitem0_.id=? for update
10:00:56.307 [main] DEBUG org.hibernate.loader.plan.build.internal.spaces.QuerySpacesImpl - Adding QuerySpace : uid = &lt;gen:0&gt; -&gt; org.hibernate.loader.plan.build.internal.spaces.EntityQuerySpaceImpl@771d1ffb]
10:00:56.307 [main] DEBUG org.hibernate.persister.walking.spi.MetamodelGraphWalker - Visiting attribute path : buyingPrice
10:00:56.307 [main] DEBUG org.hibernate.persister.walking.spi.MetamodelGraphWalker - Visiting attribute path : orderDetail
10:00:56.307 [main] DEBUG org.hibernate.loader.plan.build.internal.spaces.QuerySpacesImpl - Adding QuerySpace : uid = &lt;gen:1&gt; -&gt; org.hibernate.loader.plan.build.internal.spaces.EntityQuerySpaceImpl@56681eaf]
10:00:56.308 [main] DEBUG org.hibernate.persister.walking.spi.MetamodelGraphWalker - Visiting attribute path : product
10:00:56.308 [main] DEBUG org.hibernate.loader.plan.build.internal.spaces.QuerySpacesImpl - Adding QuerySpace : uid = &lt;gen:2&gt; -&gt; org.hibernate.loader.plan.build.internal.spaces.EntityQuerySpaceImpl@72d0f2b4]
10:00:56.308 [main] DEBUG org.hibernate.persister.walking.spi.MetamodelGraphWalker - Visiting attribute path : productCount
10:00:56.308 [main] DEBUG org.hibernate.persister.walking.spi.MetamodelGraphWalker - Visiting attribute path : total
10:00:56.308 [main] DEBUG org.hibernate.loader.plan.build.internal.FetchStyleLoadPlanBuildingAssociationVisitationStrategy - Building LoadPlan...
10:00:56.308 [main] DEBUG org.hibernate.loader.plan.exec.internal.LoadQueryJoinAndFetchProcessor - processing queryspace &lt;gen:0&gt;
10:00:56.309 [main] DEBUG org.hibernate.loader.plan.build.spi.LoadPlanTreePrinter - LoadPlan(entity=com.shoppingbackend.model.OrderItem)
    - Returns
       - EntityReturnImpl(entity=com.shoppingbackend.model.OrderItem, querySpaceUid=&lt;gen:0&gt;, path=com.shoppingbackend.model.OrderItem)
          - EntityAttributeFetchImpl(entity=com.shoppingbackend.model.OrderDetail, querySpaceUid=&lt;gen:1&gt;, path=com.shoppingbackend.model.OrderItem.orderDetail)
          - EntityAttributeFetchImpl(entity=com.shoppingbackend.model.Product, querySpaceUid=&lt;gen:2&gt;, path=com.shoppingbackend.model.OrderItem.product)
    - QuerySpaces
       - EntityQuerySpaceImpl(uid=&lt;gen:0&gt;, entity=com.shoppingbackend.model.OrderItem)
          - SQL table alias mapping - orderitem0_
          - alias suffix - 0_
          - suffixed key columns - {id1_5_0_}

10:00:56.309 [main] DEBUG org.hibernate.loader.entity.plan.EntityLoader - Static select for entity com.shoppingbackend.model.OrderItem [OPTIMISTIC]: select orderitem0_.id as id1_5_0_, orderitem0_.buying_price as buying_p2_5_0_, orderitem0_.order_id as order_id5_5_0_, orderitem0_.product_id as product_6_5_0_, orderitem0_.product_count as product_3_5_0_, orderitem0_.total as total4_5_0_ from order_item orderitem0_ where orderitem0_.id=?
10:00:56.309 [main] DEBUG org.hibernate.loader.plan.build.internal.spaces.QuerySpacesImpl - Adding QuerySpace : uid = &lt;gen:0&gt; -&gt; org.hibernate.loader.plan.build.internal.spaces.EntityQuerySpaceImpl@6d2dc9d2]
10:00:56.309 [main] DEBUG org.hibernate.persister.walking.spi.MetamodelGraphWalker - Visiting attribute path : buyingPrice
10:00:56.309 [main] DEBUG org.hibernate.persister.walking.spi.MetamodelGraphWalker - Visiting attribute path : orderDetail
10:00:56.309 [main] DEBUG org.hibernate.loader.plan.build.internal.spaces.QuerySpacesImpl - Adding QuerySpace : uid = &lt;gen:1&gt; -&gt; org.hibernate.loader.plan.build.internal.spaces.EntityQuerySpaceImpl@b2f4ece]
10:00:56.309 [main] DEBUG org.hibernate.persister.walking.spi.MetamodelGraphWalker - Visiting attribute path : product
10:00:56.309 [main] DEBUG org.hibernate.loader.plan.build.internal.spaces.QuerySpacesImpl - Adding QuerySpace : uid = &lt;gen:2&gt; -&gt; org.hibernate.loader.plan.build.internal.spaces.EntityQuerySpaceImpl@7e1f584d]
10:00:56.310 [main] DEBUG org.hibernate.persister.walking.spi.MetamodelGraphWalker - Visiting attribute path : productCount
10:00:56.310 [main] DEBUG org.hibernate.persister.walking.spi.MetamodelGraphWalker - Visiting attribute path : total
10:00:56.310 [main] DEBUG org.hibernate.loader.plan.build.internal.FetchStyleLoadPlanBuildingAssociationVisitationStrategy - Building LoadPlan...
10:00:56.310 [main] DEBUG org.hibernate.loader.plan.exec.internal.LoadQueryJoinAndFetchProcessor - processing queryspace &lt;gen:0&gt;
10:00:56.310 [main] DEBUG org.hibernate.loader.plan.build.spi.LoadPlanTreePrinter - LoadPlan(entity=com.shoppingbackend.model.OrderItem)
    - Returns
       - EntityReturnImpl(entity=com.shoppingbackend.model.OrderItem, querySpaceUid=&lt;gen:0&gt;, path=com.shoppingbackend.model.OrderItem)
          - EntityAttributeFetchImpl(entity=com.shoppingbackend.model.OrderDetail, querySpaceUid=&lt;gen:1&gt;, path=com.shoppingbackend.model.OrderItem.orderDetail)
          - EntityAttributeFetchImpl(entity=com.shoppingbackend.model.Product, querySpaceUid=&lt;gen:2&gt;, path=com.shoppingbackend.model.OrderItem.product)
    - QuerySpaces
       - EntityQuerySpaceImpl(uid=&lt;gen:0&gt;, entity=com.shoppingbackend.model.OrderItem)
          - SQL table alias mapping - orderitem0_
          - alias suffix - 0_
          - suffixed key columns - {id1_5_0_}

10:00:56.310 [main] DEBUG org.hibernate.loader.entity.plan.EntityLoader - Static select for entity com.shoppingbackend.model.OrderItem [OPTIMISTIC_FORCE_INCREMENT]: select orderitem0_.id as id1_5_0_, orderitem0_.buying_price as buying_p2_5_0_, orderitem0_.order_id as order_id5_5_0_, orderitem0_.product_id as product_6_5_0_, orderitem0_.product_count as product_3_5_0_, orderitem0_.total as total4_5_0_ from order_item orderitem0_ where orderitem0_.id=?
10:00:56.311 [main] DEBUG org.hibernate.loader.Loader - Static select for action ACTION_MERGE on entity com.shoppingbackend.model.OrderItem: select orderitem0_.id as id1_5_0_, orderitem0_.buying_price as buying_p2_5_0_, orderitem0_.order_id as order_id5_5_0_, orderitem0_.product_id as product_6_5_0_, orderitem0_.product_count as product_3_5_0_, orderitem0_.total as total4_5_0_ from order_item orderitem0_ where orderitem0_.id=?
10:00:56.311 [main] DEBUG org.hibernate.loader.Loader - Static select for action ACTION_REFRESH on entity com.shoppingbackend.model.OrderItem: select orderitem0_.id as id1_5_0_, orderitem0_.buying_price as buying_p2_5_0_, orderitem0_.order_id as order_id5_5_0_, orderitem0_.product_id as product_6_5_0_, orderitem0_.product_count as product_3_5_0_, orderitem0_.total as total4_5_0_ from order_item orderitem0_ where orderitem0_.id=?
10:00:56.311 [main] DEBUG org.hibernate.persister.entity.AbstractEntityPersister - Static SQL for entity: com.shoppingbackend.model.Supplier
10:00:56.312 [main] DEBUG org.hibernate.persister.entity.AbstractEntityPersister -  Version select: select sid from supplier where sid =?
10:00:56.312 [main] DEBUG org.hibernate.persister.entity.AbstractEntityPersister -  Snapshot select: select supplier_.sid, supplier_.supplier_name as supplier2_7_ from supplier supplier_ where supplier_.sid=?
10:00:56.312 [main] DEBUG org.hibernate.persister.entity.AbstractEntityPersister -  Insert 0: insert into supplier (supplier_name, sid) values (?, ?)
10:00:56.312 [main] DEBUG org.hibernate.persister.entity.AbstractEntityPersister -  Update 0: update supplier set supplier_name=? where sid=?
10:00:56.312 [main] DEBUG org.hibernate.persister.entity.AbstractEntityPersister -  Delete 0: delete from supplier where sid=?
10:00:56.312 [main] DEBUG org.hibernate.persister.entity.AbstractEntityPersister -  Identity insert: insert into supplier (sid, supplier_name) values (null, ?)
10:00:56.312 [main] DEBUG org.hibernate.loader.plan.build.internal.spaces.QuerySpacesImpl - Adding QuerySpace : uid = &lt;gen:0&gt; -&gt; org.hibernate.loader.plan.build.internal.spaces.EntityQuerySpaceImpl@7dff6d05]
10:00:56.312 [main] DEBUG org.hibernate.persister.walking.spi.MetamodelGraphWalker - Visiting attribute path : supplierName
10:00:56.312 [main] DEBUG org.hibernate.loader.plan.build.internal.FetchStyleLoadPlanBuildingAssociationVisitationStrategy - Building LoadPlan...
10:00:56.312 [main] DEBUG org.hibernate.loader.plan.exec.internal.LoadQueryJoinAndFetchProcessor - processing queryspace &lt;gen:0&gt;
10:00:56.313 [main] DEBUG org.hibernate.loader.plan.build.spi.LoadPlanTreePrinter - LoadPlan(entity=com.shoppingbackend.model.Supplier)
    - Returns
       - EntityReturnImpl(entity=com.shoppingbackend.model.Supplier, querySpaceUid=&lt;gen:0&gt;, path=com.shoppingbackend.model.Supplier)
    - QuerySpaces
       - EntityQuerySpaceImpl(uid=&lt;gen:0&gt;, entity=com.shoppingbackend.model.Supplier)
          - SQL table alias mapping - supplier0_
          - alias suffix - 0_
          - suffixed key columns - {sid1_7_0_}

10:00:56.313 [main] DEBUG org.hibernate.loader.entity.plan.EntityLoader - Static select for entity com.shoppingbackend.model.Supplier [NONE]: select supplier0_.sid as sid1_7_0_, supplier0_.supplier_name as supplier2_7_0_ from supplier supplier0_ where supplier0_.sid=?
10:00:56.313 [main] DEBUG org.hibernate.loader.plan.build.internal.spaces.QuerySpacesImpl - Adding QuerySpace : uid = &lt;gen:0&gt; -&gt; org.hibernate.loader.plan.build.internal.spaces.EntityQuerySpaceImpl@34fe326d]
10:00:56.314 [main] DEBUG org.hibernate.persister.walking.spi.MetamodelGraphWalker - Visiting attribute path : supplierName
10:00:56.314 [main] DEBUG org.hibernate.loader.plan.build.internal.FetchStyleLoadPlanBuildingAssociationVisitationStrategy - Building LoadPlan...
10:00:56.314 [main] DEBUG org.hibernate.loader.plan.exec.internal.LoadQueryJoinAndFetchProcessor - processing queryspace &lt;gen:0&gt;
10:00:56.314 [main] DEBUG org.hibernate.loader.plan.build.spi.LoadPlanTreePrinter - LoadPlan(entity=com.shoppingbackend.model.Supplier)
    - Returns
       - EntityReturnImpl(entity=com.shoppingbackend.model.Supplier, querySpaceUid=&lt;gen:0&gt;, path=com.shoppingbackend.model.Supplier)
    - QuerySpaces
       - EntityQuerySpaceImpl(uid=&lt;gen:0&gt;, entity=com.shoppingbackend.model.Supplier)
          - SQL table alias mapping - supplier0_
          - alias suffix - 0_
          - suffixed key columns - {sid1_7_0_}

10:00:56.314 [main] DEBUG org.hibernate.loader.entity.plan.EntityLoader - Static select for entity com.shoppingbackend.model.Supplier [READ]: select supplier0_.sid as sid1_7_0_, supplier0_.supplier_name as supplier2_7_0_ from supplier supplier0_ where supplier0_.sid=?
10:00:56.315 [main] DEBUG org.hibernate.loader.plan.build.internal.spaces.QuerySpacesImpl - Adding QuerySpace : uid = &lt;gen:0&gt; -&gt; org.hibernate.loader.plan.build.internal.spaces.EntityQuerySpaceImpl@36361ddb]
10:00:56.315 [main] DEBUG org.hibernate.persister.walking.spi.MetamodelGraphWalker - Visiting attribute path : supplierName
10:00:56.315 [main] DEBUG org.hibernate.loader.plan.build.internal.FetchStyleLoadPlanBuildingAssociationVisitationStrategy - Building LoadPlan...
10:00:56.315 [main] DEBUG org.hibernate.loader.plan.exec.internal.LoadQueryJoinAndFetchProcessor - processing queryspace &lt;gen:0&gt;
10:00:56.315 [main] DEBUG org.hibernate.loader.plan.build.spi.LoadPlanTreePrinter - LoadPlan(entity=com.shoppingbackend.model.Supplier)
    - Returns
       - EntityReturnImpl(entity=com.shoppingbackend.model.Supplier, querySpaceUid=&lt;gen:0&gt;, path=com.shoppingbackend.model.Supplier)
    - QuerySpaces
       - EntityQuerySpaceImpl(uid=&lt;gen:0&gt;, entity=com.shoppingbackend.model.Supplier)
          - SQL table alias mapping - supplier0_
          - alias suffix - 0_
          - suffixed key columns - {sid1_7_0_}

10:00:56.315 [main] DEBUG org.hibernate.loader.entity.plan.EntityLoader - Static select for entity com.shoppingbackend.model.Supplier [UPGRADE]: select supplier0_.sid as sid1_7_0_, supplier0_.supplier_name as supplier2_7_0_ from supplier supplier0_ where supplier0_.sid=? for update
10:00:56.316 [main] DEBUG org.hibernate.loader.plan.build.internal.spaces.QuerySpacesImpl - Adding QuerySpace : uid = &lt;gen:0&gt; -&gt; org.hibernate.loader.plan.build.internal.spaces.EntityQuerySpaceImpl@4d6ee47]
10:00:56.316 [main] DEBUG org.hibernate.persister.walking.spi.MetamodelGraphWalker - Visiting attribute path : supplierName
10:00:56.316 [main] DEBUG org.hibernate.loader.plan.build.internal.FetchStyleLoadPlanBuildingAssociationVisitationStrategy - Building LoadPlan...
10:00:56.316 [main] DEBUG org.hibernate.loader.plan.exec.internal.LoadQueryJoinAndFetchProcessor - processing queryspace &lt;gen:0&gt;
10:00:56.317 [main] DEBUG org.hibernate.loader.plan.build.spi.LoadPlanTreePrinter - LoadPlan(entity=com.shoppingbackend.model.Supplier)
    - Returns
       - EntityReturnImpl(entity=com.shoppingbackend.model.Supplier, querySpaceUid=&lt;gen:0&gt;, path=com.shoppingbackend.model.Supplier)
    - QuerySpaces
       - EntityQuerySpaceImpl(uid=&lt;gen:0&gt;, entity=com.shoppingbackend.model.Supplier)
          - SQL table alias mapping - supplier0_
          - alias suffix - 0_
          - suffixed key columns - {sid1_7_0_}

10:00:56.317 [main] DEBUG org.hibernate.loader.entity.plan.EntityLoader - Static select for entity com.shoppingbackend.model.Supplier [UPGRADE_NOWAIT]: select supplier0_.sid as sid1_7_0_, supplier0_.supplier_name as supplier2_7_0_ from supplier supplier0_ where supplier0_.sid=? for update
10:00:56.318 [main] DEBUG org.hibernate.loader.plan.build.internal.spaces.QuerySpacesImpl - Adding QuerySpace : uid = &lt;gen:0&gt; -&gt; org.hibernate.loader.plan.build.internal.spaces.EntityQuerySpaceImpl@c6da8bb]
10:00:56.318 [main] DEBUG org.hibernate.persister.walking.spi.MetamodelGraphWalker - Visiting attribute path : supplierName
10:00:56.318 [main] DEBUG org.hibernate.loader.plan.build.internal.FetchStyleLoadPlanBuildingAssociationVisitationStrategy - Building LoadPlan...
10:00:56.318 [main] DEBUG org.hibernate.loader.plan.exec.internal.LoadQueryJoinAndFetchProcessor - processing queryspace &lt;gen:0&gt;
10:00:56.319 [main] DEBUG org.hibernate.loader.plan.build.spi.LoadPlanTreePrinter - LoadPlan(entity=com.shoppingbackend.model.Supplier)
    - Returns
       - EntityReturnImpl(entity=com.shoppingbackend.model.Supplier, querySpaceUid=&lt;gen:0&gt;, path=com.shoppingbackend.model.Supplier)
    - QuerySpaces
       - EntityQuerySpaceImpl(uid=&lt;gen:0&gt;, entity=com.shoppingbackend.model.Supplier)
          - SQL table alias mapping - supplier0_
          - alias suffix - 0_
          - suffixed key columns - {sid1_7_0_}

10:00:56.320 [main] DEBUG org.hibernate.loader.entity.plan.EntityLoader - Static select for entity com.shoppingbackend.model.Supplier [UPGRADE_SKIPLOCKED]: select supplier0_.sid as sid1_7_0_, supplier0_.supplier_name as supplier2_7_0_ from supplier supplier0_ where supplier0_.sid=? for update
10:00:56.320 [main] DEBUG org.hibernate.loader.plan.build.internal.spaces.QuerySpacesImpl - Adding QuerySpace : uid = &lt;gen:0&gt; -&gt; org.hibernate.loader.plan.build.internal.spaces.EntityQuerySpaceImpl@8b91134]
10:00:56.320 [main] DEBUG org.hibernate.persister.walking.spi.MetamodelGraphWalker - Visiting attribute path : supplierName
10:00:56.321 [main] DEBUG org.hibernate.loader.plan.build.internal.FetchStyleLoadPlanBuildingAssociationVisitationStrategy - Building LoadPlan...
10:00:56.322 [main] DEBUG org.hibernate.loader.plan.exec.internal.LoadQueryJoinAndFetchProcessor - processing queryspace &lt;gen:0&gt;
10:00:56.322 [main] DEBUG org.hibernate.loader.plan.build.spi.LoadPlanTreePrinter - LoadPlan(entity=com.shoppingbackend.model.Supplier)
    - Returns
       - EntityReturnImpl(entity=com.shoppingbackend.model.Supplier, querySpaceUid=&lt;gen:0&gt;, path=com.shoppingbackend.model.Supplier)
    - QuerySpaces
       - EntityQuerySpaceImpl(uid=&lt;gen:0&gt;, entity=com.shoppingbackend.model.Supplier)
          - SQL table alias mapping - supplier0_
          - alias suffix - 0_
          - suffixed key columns - {sid1_7_0_}

10:00:56.324 [main] DEBUG org.hibernate.loader.entity.plan.EntityLoader - Static select for entity com.shoppingbackend.model.Supplier [FORCE]: select supplier0_.sid as sid1_7_0_, supplier0_.supplier_name as supplier2_7_0_ from supplier supplier0_ where supplier0_.sid=? for update
10:00:56.324 [main] DEBUG org.hibernate.loader.plan.build.internal.spaces.QuerySpacesImpl - Adding QuerySpace : uid = &lt;gen:0&gt; -&gt; org.hibernate.loader.plan.build.internal.spaces.EntityQuerySpaceImpl@7e736350]
10:00:56.325 [main] DEBUG org.hibernate.persister.walking.spi.MetamodelGraphWalker - Visiting attribute path : supplierName
10:00:56.325 [main] DEBUG org.hibernate.loader.plan.build.internal.FetchStyleLoadPlanBuildingAssociationVisitationStrategy - Building LoadPlan...
10:00:56.325 [main] DEBUG org.hibernate.loader.plan.exec.internal.LoadQueryJoinAndFetchProcessor - processing queryspace &lt;gen:0&gt;
10:00:56.326 [main] DEBUG org.hibernate.loader.plan.build.spi.LoadPlanTreePrinter - LoadPlan(entity=com.shoppingbackend.model.Supplier)
    - Returns
       - EntityReturnImpl(entity=com.shoppingbackend.model.Supplier, querySpaceUid=&lt;gen:0&gt;, path=com.shoppingbackend.model.Supplier)
    - QuerySpaces
       - EntityQuerySpaceImpl(uid=&lt;gen:0&gt;, entity=com.shoppingbackend.model.Supplier)
          - SQL table alias mapping - supplier0_
          - alias suffix - 0_
          - suffixed key columns - {sid1_7_0_}

10:00:56.326 [main] DEBUG org.hibernate.loader.entity.plan.EntityLoader - Static select for entity com.shoppingbackend.model.Supplier [PESSIMISTIC_READ]: select supplier0_.sid as sid1_7_0_, supplier0_.supplier_name as supplier2_7_0_ from supplier supplier0_ where supplier0_.sid=? for update
10:00:56.327 [main] DEBUG org.hibernate.loader.plan.build.internal.spaces.QuerySpacesImpl - Adding QuerySpace : uid = &lt;gen:0&gt; -&gt; org.hibernate.loader.plan.build.internal.spaces.EntityQuerySpaceImpl@76c387f9]
10:00:56.327 [main] DEBUG org.hibernate.persister.walking.spi.MetamodelGraphWalker - Visiting attribute path : supplierName
10:00:56.327 [main] DEBUG org.hibernate.loader.plan.build.internal.FetchStyleLoadPlanBuildingAssociationVisitationStrategy - Building LoadPlan...
10:00:56.327 [main] DEBUG org.hibernate.loader.plan.exec.internal.LoadQueryJoinAndFetchProcessor - processing queryspace &lt;gen:0&gt;
10:00:56.328 [main] DEBUG org.hibernate.loader.plan.build.spi.LoadPlanTreePrinter - LoadPlan(entity=com.shoppingbackend.model.Supplier)
    - Returns
       - EntityReturnImpl(entity=com.shoppingbackend.model.Supplier, querySpaceUid=&lt;gen:0&gt;, path=com.shoppingbackend.model.Supplier)
    - QuerySpaces
       - EntityQuerySpaceImpl(uid=&lt;gen:0&gt;, entity=com.shoppingbackend.model.Supplier)
          - SQL table alias mapping - supplier0_
          - alias suffix - 0_
          - suffixed key columns - {sid1_7_0_}

10:00:56.328 [main] DEBUG org.hibernate.loader.entity.plan.EntityLoader - Static select for entity com.shoppingbackend.model.Supplier [PESSIMISTIC_WRITE]: select supplier0_.sid as sid1_7_0_, supplier0_.supplier_name as supplier2_7_0_ from supplier supplier0_ where supplier0_.sid=? for update
10:00:56.328 [main] DEBUG org.hibernate.loader.plan.build.internal.spaces.QuerySpacesImpl - Adding QuerySpace : uid = &lt;gen:0&gt; -&gt; org.hibernate.loader.plan.build.internal.spaces.EntityQuerySpaceImpl@5d7835a8]
10:00:56.329 [main] DEBUG org.hibernate.persister.walking.spi.MetamodelGraphWalker - Visiting attribute path : supplierName
10:00:56.329 [main] DEBUG org.hibernate.loader.plan.build.internal.FetchStyleLoadPlanBuildingAssociationVisitationStrategy - Building LoadPlan...
10:00:56.329 [main] DEBUG org.hibernate.loader.plan.exec.internal.LoadQueryJoinAndFetchProcessor - processing queryspace &lt;gen:0&gt;
10:00:56.330 [main] DEBUG org.hibernate.loader.plan.build.spi.LoadPlanTreePrinter - LoadPlan(entity=com.shoppingbackend.model.Supplier)
    - Returns
       - EntityReturnImpl(entity=com.shoppingbackend.model.Supplier, querySpaceUid=&lt;gen:0&gt;, path=com.shoppingbackend.model.Supplier)
    - QuerySpaces
       - EntityQuerySpaceImpl(uid=&lt;gen:0&gt;, entity=com.shoppingbackend.model.Supplier)
          - SQL table alias mapping - supplier0_
          - alias suffix - 0_
          - suffixed key columns - {sid1_7_0_}

10:00:56.330 [main] DEBUG org.hibernate.loader.entity.plan.EntityLoader - Static select for entity com.shoppingbackend.model.Supplier [PESSIMISTIC_FORCE_INCREMENT]: select supplier0_.sid as sid1_7_0_, supplier0_.supplier_name as supplier2_7_0_ from supplier supplier0_ where supplier0_.sid=? for update
10:00:56.330 [main] DEBUG org.hibernate.loader.plan.build.internal.spaces.QuerySpacesImpl - Adding QuerySpace : uid = &lt;gen:0&gt; -&gt; org.hibernate.loader.plan.build.internal.spaces.EntityQuerySpaceImpl@1976f537]
10:00:56.331 [main] DEBUG org.hibernate.persister.walking.spi.MetamodelGraphWalker - Visiting attribute path : supplierName
10:00:56.332 [main] DEBUG org.hibernate.loader.plan.build.internal.FetchStyleLoadPlanBuildingAssociationVisitationStrategy - Building LoadPlan...
10:00:56.332 [main] DEBUG org.hibernate.loader.plan.exec.internal.LoadQueryJoinAndFetchProcessor - processing queryspace &lt;gen:0&gt;
10:00:56.333 [main] DEBUG org.hibernate.loader.plan.build.spi.LoadPlanTreePrinter - LoadPlan(entity=com.shoppingbackend.model.Supplier)
    - Returns
       - EntityReturnImpl(entity=com.shoppingbackend.model.Supplier, querySpaceUid=&lt;gen:0&gt;, path=com.shoppingbackend.model.Supplier)
    - QuerySpaces
       - EntityQuerySpaceImpl(uid=&lt;gen:0&gt;, entity=com.shoppingbackend.model.Supplier)
          - SQL table alias mapping - supplier0_
          - alias suffix - 0_
          - suffixed key columns - {sid1_7_0_}

10:00:56.333 [main] DEBUG org.hibernate.loader.entity.plan.EntityLoader - Static select for entity com.shoppingbackend.model.Supplier [OPTIMISTIC]: select supplier0_.sid as sid1_7_0_, supplier0_.supplier_name as supplier2_7_0_ from supplier supplier0_ where supplier0_.sid=?
10:00:56.334 [main] DEBUG org.hibernate.loader.plan.build.internal.spaces.QuerySpacesImpl - Adding QuerySpace : uid = &lt;gen:0&gt; -&gt; org.hibernate.loader.plan.build.internal.spaces.EntityQuerySpaceImpl@1816e24a]
10:00:56.334 [main] DEBUG org.hibernate.persister.walking.spi.MetamodelGraphWalker - Visiting attribute path : supplierName
10:00:56.334 [main] DEBUG org.hibernate.loader.plan.build.internal.FetchStyleLoadPlanBuildingAssociationVisitationStrategy - Building LoadPlan...
10:00:56.335 [main] DEBUG org.hibernate.loader.plan.exec.internal.LoadQueryJoinAndFetchProcessor - processing queryspace &lt;gen:0&gt;
10:00:56.337 [main] DEBUG org.hibernate.loader.plan.build.spi.LoadPlanTreePrinter - LoadPlan(entity=com.shoppingbackend.model.Supplier)
    - Returns
       - EntityReturnImpl(entity=com.shoppingbackend.model.Supplier, querySpaceUid=&lt;gen:0&gt;, path=com.shoppingbackend.model.Supplier)
    - QuerySpaces
       - EntityQuerySpaceImpl(uid=&lt;gen:0&gt;, entity=com.shoppingbackend.model.Supplier)
          - SQL table alias mapping - supplier0_
          - alias suffix - 0_
          - suffixed key columns - {sid1_7_0_}

10:00:56.337 [main] DEBUG org.hibernate.loader.entity.plan.EntityLoader - Static select for entity com.shoppingbackend.model.Supplier [OPTIMISTIC_FORCE_INCREMENT]: select supplier0_.sid as sid1_7_0_, supplier0_.supplier_name as supplier2_7_0_ from supplier supplier0_ where supplier0_.sid=?
10:00:56.337 [main] DEBUG org.hibernate.loader.Loader - Static select for action ACTION_MERGE on entity com.shoppingbackend.model.Supplier: select supplier0_.sid as sid1_7_0_, supplier0_.supplier_name as supplier2_7_0_ from supplier supplier0_ where supplier0_.sid=?
10:00:56.338 [main] DEBUG org.hibernate.loader.Loader - Static select for action ACTION_REFRESH on entity com.shoppingbackend.model.Supplier: select supplier0_.sid as sid1_7_0_, supplier0_.supplier_name as supplier2_7_0_ from supplier supplier0_ where supplier0_.sid=?
10:00:56.338 [main] DEBUG org.hibernate.persister.entity.AbstractEntityPersister - Static SQL for entity: com.shoppingbackend.model.User
10:00:56.338 [main] DEBUG org.hibernate.persister.entity.AbstractEntityPersister -  Version select: select id from user_detail where id =?
10:00:56.338 [main] DEBUG org.hibernate.persister.entity.AbstractEntityPersister -  Snapshot select: select user_.id, user_.contact_number as contact_2_8_, user_.email as email3_8_, user_.enabled as enabled4_8_, user_.first_name as first_na5_8_, user_.last_name as last_nam6_8_, user_.password as password7_8_, user_.role as role8_8_ from user_detail user_ where user_.id=?
10:00:56.338 [main] DEBUG org.hibernate.persister.entity.AbstractEntityPersister -  Insert 0: insert into user_detail (contact_number, email, enabled, first_name, last_name, password, role, id) values (?, ?, ?, ?, ?, ?, ?, ?)
10:00:56.338 [main] DEBUG org.hibernate.persister.entity.AbstractEntityPersister -  Update 0: update user_detail set contact_number=?, email=?, enabled=?, first_name=?, last_name=?, password=?, role=? where id=?
10:00:56.339 [main] DEBUG org.hibernate.persister.entity.AbstractEntityPersister -  Delete 0: delete from user_detail where id=?
10:00:56.339 [main] DEBUG org.hibernate.persister.entity.AbstractEntityPersister -  Identity insert: insert into user_detail (id, contact_number, email, enabled, first_name, last_name, password, role) values (null, ?, ?, ?, ?, ?, ?, ?)
10:00:56.339 [main] DEBUG org.hibernate.loader.plan.build.internal.spaces.QuerySpacesImpl - Adding QuerySpace : uid = &lt;gen:0&gt; -&gt; org.hibernate.loader.plan.build.internal.spaces.EntityQuerySpaceImpl@47b179d7]
10:00:56.339 [main] DEBUG org.hibernate.persister.walking.spi.MetamodelGraphWalker - Visiting attribute path : contactNumber
10:00:56.339 [main] DEBUG org.hibernate.persister.walking.spi.MetamodelGraphWalker - Visiting attribute path : email
10:00:56.340 [main] DEBUG org.hibernate.persister.walking.spi.MetamodelGraphWalker - Visiting attribute path : enabled
10:00:56.340 [main] DEBUG org.hibernate.persister.walking.spi.MetamodelGraphWalker - Visiting attribute path : firstName
10:00:56.340 [main] DEBUG org.hibernate.persister.walking.spi.MetamodelGraphWalker - Visiting attribute path : lastName
10:00:56.340 [main] DEBUG org.hibernate.persister.walking.spi.MetamodelGraphWalker - Visiting attribute path : password
10:00:56.340 [main] DEBUG org.hibernate.persister.walking.spi.MetamodelGraphWalker - Visiting attribute path : role
10:00:56.340 [main] DEBUG org.hibernate.persister.walking.spi.MetamodelGraphWalker - Visiting attribute path : cart
10:00:56.340 [main] DEBUG org.hibernate.loader.plan.build.internal.spaces.QuerySpacesImpl - Adding QuerySpace : uid = &lt;gen:1&gt; -&gt; org.hibernate.loader.plan.build.internal.spaces.EntityQuerySpaceImpl@162b3d47]
10:00:56.341 [main] DEBUG org.hibernate.persister.walking.spi.MetamodelGraphWalker - Visiting attribute path : cart.cartLines
10:00:56.341 [main] DEBUG org.hibernate.persister.walking.spi.MetamodelGraphWalker - Visiting attribute path : cart.grandTotal
10:00:56.341 [main] DEBUG org.hibernate.persister.walking.spi.MetamodelGraphWalker - Visiting attribute path : cart.user
10:00:56.341 [main] DEBUG org.hibernate.persister.walking.spi.MetamodelGraphWalker - Property path deemed to be circular : cart.user
10:00:56.341 [main] DEBUG org.hibernate.loader.plan.build.internal.FetchStyleLoadPlanBuildingAssociationVisitationStrategy - Building LoadPlan...
10:00:56.341 [main] DEBUG org.hibernate.loader.plan.exec.internal.LoadQueryJoinAndFetchProcessor - processing queryspace &lt;gen:0&gt;
10:00:56.342 [main] DEBUG org.hibernate.loader.plan.build.spi.LoadPlanTreePrinter - LoadPlan(entity=com.shoppingbackend.model.User)
    - Returns
       - EntityReturnImpl(entity=com.shoppingbackend.model.User, querySpaceUid=&lt;gen:0&gt;, path=com.shoppingbackend.model.User)
          - EntityAttributeFetchImpl(entity=com.shoppingbackend.model.Cart, querySpaceUid=&lt;gen:1&gt;, path=com.shoppingbackend.model.User.cart)
    - QuerySpaces
       - EntityQuerySpaceImpl(uid=&lt;gen:0&gt;, entity=com.shoppingbackend.model.User)
          - SQL table alias mapping - user0_
          - alias suffix - 0_
          - suffixed key columns - {id1_8_0_}
          - JOIN (JoinDefinedByMetadata(cart)) : &lt;gen:0&gt; -&gt; &lt;gen:1&gt;
             - EntityQuerySpaceImpl(uid=&lt;gen:1&gt;, entity=com.shoppingbackend.model.Cart)
                - SQL table alias mapping - cart1_
                - alias suffix - 1_
                - suffixed key columns - {id1_1_1_}

10:00:56.342 [main] DEBUG org.hibernate.loader.entity.plan.EntityLoader - Static select for entity com.shoppingbackend.model.User [NONE]: select user0_.id as id1_8_0_, user0_.contact_number as contact_2_8_0_, user0_.email as email3_8_0_, user0_.enabled as enabled4_8_0_, user0_.first_name as first_na5_8_0_, user0_.last_name as last_nam6_8_0_, user0_.password as password7_8_0_, user0_.role as role8_8_0_, cart1_.id as id1_1_1_, cart1_.cart_lines as cart_lin2_1_1_, cart1_.grand_total as grand_to3_1_1_, cart1_.user_id as user_id4_1_1_ from user_detail user0_ left outer join Cart cart1_ on user0_.id=cart1_.user_id where user0_.id=?
10:00:56.342 [main] DEBUG org.hibernate.loader.plan.build.internal.spaces.QuerySpacesImpl - Adding QuerySpace : uid = &lt;gen:0&gt; -&gt; org.hibernate.loader.plan.build.internal.spaces.EntityQuerySpaceImpl@3402b4c9]
10:00:56.343 [main] DEBUG org.hibernate.persister.walking.spi.MetamodelGraphWalker - Visiting attribute path : contactNumber
10:00:56.343 [main] DEBUG org.hibernate.persister.walking.spi.MetamodelGraphWalker - Visiting attribute path : email
10:00:56.343 [main] DEBUG org.hibernate.persister.walking.spi.MetamodelGraphWalker - Visiting attribute path : enabled
10:00:56.343 [main] DEBUG org.hibernate.persister.walking.spi.MetamodelGraphWalker - Visiting attribute path : firstName
10:00:56.344 [main] DEBUG org.hibernate.persister.walking.spi.MetamodelGraphWalker - Visiting attribute path : lastName
10:00:56.344 [main] DEBUG org.hibernate.persister.walking.spi.MetamodelGraphWalker - Visiting attribute path : password
10:00:56.344 [main] DEBUG org.hibernate.persister.walking.spi.MetamodelGraphWalker - Visiting attribute path : role
10:00:56.344 [main] DEBUG org.hibernate.persister.walking.spi.MetamodelGraphWalker - Visiting attribute path : cart
10:00:56.344 [main] DEBUG org.hibernate.loader.plan.build.internal.spaces.QuerySpacesImpl - Adding QuerySpace : uid = &lt;gen:1&gt; -&gt; org.hibernate.loader.plan.build.internal.spaces.EntityQuerySpaceImpl@46d567cb]
10:00:56.344 [main] DEBUG org.hibernate.persister.walking.spi.MetamodelGraphWalker - Visiting attribute path : cart.cartLines
10:00:56.344 [main] DEBUG org.hibernate.persister.walking.spi.MetamodelGraphWalker - Visiting attribute path : cart.grandTotal
10:00:56.344 [main] DEBUG org.hibernate.persister.walking.spi.MetamodelGraphWalker - Visiting attribute path : cart.user
10:00:56.344 [main] DEBUG org.hibernate.persister.walking.spi.MetamodelGraphWalker - Property path deemed to be circular : cart.user
10:00:56.344 [main] DEBUG org.hibernate.loader.plan.build.internal.FetchStyleLoadPlanBuildingAssociationVisitationStrategy - Building LoadPlan...
10:00:56.345 [main] DEBUG org.hibernate.loader.plan.exec.internal.LoadQueryJoinAndFetchProcessor - processing queryspace &lt;gen:0&gt;
10:00:56.345 [main] DEBUG org.hibernate.loader.plan.build.spi.LoadPlanTreePrinter - LoadPlan(entity=com.shoppingbackend.model.User)
    - Returns
       - EntityReturnImpl(entity=com.shoppingbackend.model.User, querySpaceUid=&lt;gen:0&gt;, path=com.shoppingbackend.model.User)
          - EntityAttributeFetchImpl(entity=com.shoppingbackend.model.Cart, querySpaceUid=&lt;gen:1&gt;, path=com.shoppingbackend.model.User.cart)
    - QuerySpaces
       - EntityQuerySpaceImpl(uid=&lt;gen:0&gt;, entity=com.shoppingbackend.model.User)
          - SQL table alias mapping - user0_
          - alias suffix - 0_
          - suffixed key columns - {id1_8_0_}
          - JOIN (JoinDefinedByMetadata(cart)) : &lt;gen:0&gt; -&gt; &lt;gen:1&gt;
             - EntityQuerySpaceImpl(uid=&lt;gen:1&gt;, entity=com.shoppingbackend.model.Cart)
                - SQL table alias mapping - cart1_
                - alias suffix - 1_
                - suffixed key columns - {id1_1_1_}

10:00:56.345 [main] DEBUG org.hibernate.loader.entity.plan.EntityLoader - Static select for entity com.shoppingbackend.model.User [READ]: select user0_.id as id1_8_0_, user0_.contact_number as contact_2_8_0_, user0_.email as email3_8_0_, user0_.enabled as enabled4_8_0_, user0_.first_name as first_na5_8_0_, user0_.last_name as last_nam6_8_0_, user0_.password as password7_8_0_, user0_.role as role8_8_0_, cart1_.id as id1_1_1_, cart1_.cart_lines as cart_lin2_1_1_, cart1_.grand_total as grand_to3_1_1_, cart1_.user_id as user_id4_1_1_ from user_detail user0_ left outer join Cart cart1_ on user0_.id=cart1_.user_id where user0_.id=?
10:00:56.346 [main] DEBUG org.hibernate.loader.plan.build.internal.spaces.QuerySpacesImpl - Adding QuerySpace : uid = &lt;gen:0&gt; -&gt; org.hibernate.loader.plan.build.internal.spaces.EntityQuerySpaceImpl@173f73e7]
10:00:56.346 [main] DEBUG org.hibernate.persister.walking.spi.MetamodelGraphWalker - Visiting attribute path : contactNumber
10:00:56.346 [main] DEBUG org.hibernate.persister.walking.spi.MetamodelGraphWalker - Visiting attribute path : email
10:00:56.346 [main] DEBUG org.hibernate.persister.walking.spi.MetamodelGraphWalker - Visiting attribute path : enabled
10:00:56.346 [main] DEBUG org.hibernate.persister.walking.spi.MetamodelGraphWalker - Visiting attribute path : firstName
10:00:56.346 [main] DEBUG org.hibernate.persister.walking.spi.MetamodelGraphWalker - Visiting attribute path : lastName
10:00:56.347 [main] DEBUG org.hibernate.persister.walking.spi.MetamodelGraphWalker - Visiting attribute path : password
10:00:56.347 [main] DEBUG org.hibernate.persister.walking.spi.MetamodelGraphWalker - Visiting attribute path : role
10:00:56.347 [main] DEBUG org.hibernate.persister.walking.spi.MetamodelGraphWalker - Visiting attribute path : cart
10:00:56.347 [main] DEBUG org.hibernate.loader.plan.build.internal.spaces.QuerySpacesImpl - Adding QuerySpace : uid = &lt;gen:1&gt; -&gt; org.hibernate.loader.plan.build.internal.spaces.EntityQuerySpaceImpl@2e23c180]
10:00:56.347 [main] DEBUG org.hibernate.loader.plan.build.internal.FetchStyleLoadPlanBuildingAssociationVisitationStrategy - Building LoadPlan...
10:00:56.348 [main] DEBUG org.hibernate.loader.plan.exec.internal.LoadQueryJoinAndFetchProcessor - processing queryspace &lt;gen:0&gt;
10:00:56.348 [main] DEBUG org.hibernate.loader.plan.build.spi.LoadPlanTreePrinter - LoadPlan(entity=com.shoppingbackend.model.User)
    - Returns
       - EntityReturnImpl(entity=com.shoppingbackend.model.User, querySpaceUid=&lt;gen:0&gt;, path=com.shoppingbackend.model.User)
          - EntityAttributeFetchImpl(entity=com.shoppingbackend.model.Cart, querySpaceUid=&lt;gen:1&gt;, path=com.shoppingbackend.model.User.cart)
    - QuerySpaces
       - EntityQuerySpaceImpl(uid=&lt;gen:0&gt;, entity=com.shoppingbackend.model.User)
          - SQL table alias mapping - user0_
          - alias suffix - 0_
          - suffixed key columns - {id1_8_0_}

10:00:56.348 [main] DEBUG org.hibernate.loader.entity.plan.EntityLoader - Static select for entity com.shoppingbackend.model.User [UPGRADE]: select user0_.id as id1_8_0_, user0_.contact_number as contact_2_8_0_, user0_.email as email3_8_0_, user0_.enabled as enabled4_8_0_, user0_.first_name as first_na5_8_0_, user0_.last_name as last_nam6_8_0_, user0_.password as password7_8_0_, user0_.role as role8_8_0_ from user_detail user0_ where user0_.id=? for update
10:00:56.348 [main] DEBUG org.hibernate.loader.plan.build.internal.spaces.QuerySpacesImpl - Adding QuerySpace : uid = &lt;gen:0&gt; -&gt; org.hibernate.loader.plan.build.internal.spaces.EntityQuerySpaceImpl@499683c4]
10:00:56.349 [main] DEBUG org.hibernate.persister.walking.spi.MetamodelGraphWalker - Visiting attribute path : contactNumber
10:00:56.349 [main] DEBUG org.hibernate.persister.walking.spi.MetamodelGraphWalker - Visiting attribute path : email
10:00:56.349 [main] DEBUG org.hibernate.persister.walking.spi.MetamodelGraphWalker - Visiting attribute path : enabled
10:00:56.349 [main] DEBUG org.hibernate.persister.walking.spi.MetamodelGraphWalker - Visiting attribute path : firstName
10:00:56.349 [main] DEBUG org.hibernate.persister.walking.spi.MetamodelGraphWalker - Visiting attribute path : lastName
10:00:56.349 [main] DEBUG org.hibernate.persister.walking.spi.MetamodelGraphWalker - Visiting attribute path : password
10:00:56.349 [main] DEBUG org.hibernate.persister.walking.spi.MetamodelGraphWalker - Visiting attribute path : role
10:00:56.349 [main] DEBUG org.hibernate.persister.walking.spi.MetamodelGraphWalker - Visiting attribute path : cart
10:00:56.349 [main] DEBUG org.hibernate.loader.plan.build.internal.spaces.QuerySpacesImpl - Adding QuerySpace : uid = &lt;gen:1&gt; -&gt; org.hibernate.loader.plan.build.internal.spaces.EntityQuerySpaceImpl@4efc25fc]
10:00:56.349 [main] DEBUG org.hibernate.loader.plan.build.internal.FetchStyleLoadPlanBuildingAssociationVisitationStrategy - Building LoadPlan...
10:00:56.352 [main] DEBUG org.hibernate.loader.plan.exec.internal.LoadQueryJoinAndFetchProcessor - processing queryspace &lt;gen:0&gt;
10:00:56.354 [main] DEBUG org.hibernate.loader.plan.build.spi.LoadPlanTreePrinter - LoadPlan(entity=com.shoppingbackend.model.User)
    - Returns
       - EntityReturnImpl(entity=com.shoppingbackend.model.User, querySpaceUid=&lt;gen:0&gt;, path=com.shoppingbackend.model.User)
          - EntityAttributeFetchImpl(entity=com.shoppingbackend.model.Cart, querySpaceUid=&lt;gen:1&gt;, path=com.shoppingbackend.model.User.cart)
    - QuerySpaces
       - EntityQuerySpaceImpl(uid=&lt;gen:0&gt;, entity=com.shoppingbackend.model.User)
          - SQL table alias mapping - user0_
          - alias suffix - 0_
          - suffixed key columns - {id1_8_0_}

10:00:56.354 [main] DEBUG org.hibernate.loader.entity.plan.EntityLoader - Static select for entity com.shoppingbackend.model.User [UPGRADE_NOWAIT]: select user0_.id as id1_8_0_, user0_.contact_number as contact_2_8_0_, user0_.email as email3_8_0_, user0_.enabled as enabled4_8_0_, user0_.first_name as first_na5_8_0_, user0_.last_name as last_nam6_8_0_, user0_.password as password7_8_0_, user0_.role as role8_8_0_ from user_detail user0_ where user0_.id=? for update
10:00:56.354 [main] DEBUG org.hibernate.loader.plan.build.internal.spaces.QuerySpacesImpl - Adding QuerySpace : uid = &lt;gen:0&gt; -&gt; org.hibernate.loader.plan.build.internal.spaces.EntityQuerySpaceImpl@7ee3d262]
10:00:56.355 [main] DEBUG org.hibernate.persister.walking.spi.MetamodelGraphWalker - Visiting attribute path : contactNumber
10:00:56.355 [main] DEBUG org.hibernate.persister.walking.spi.MetamodelGraphWalker - Visiting attribute path : email
10:00:56.355 [main] DEBUG org.hibernate.persister.walking.spi.MetamodelGraphWalker - Visiting attribute path : enabled
10:00:56.355 [main] DEBUG org.hibernate.persister.walking.spi.MetamodelGraphWalker - Visiting attribute path : firstName
10:00:56.355 [main] DEBUG org.hibernate.persister.walking.spi.MetamodelGraphWalker - Visiting attribute path : lastName
10:00:56.356 [main] DEBUG org.hibernate.persister.walking.spi.MetamodelGraphWalker - Visiting attribute path : password
10:00:56.356 [main] DEBUG org.hibernate.persister.walking.spi.MetamodelGraphWalker - Visiting attribute path : role
10:00:56.356 [main] DEBUG org.hibernate.persister.walking.spi.MetamodelGraphWalker - Visiting attribute path : cart
10:00:56.357 [main] DEBUG org.hibernate.loader.plan.build.internal.spaces.QuerySpacesImpl - Adding QuerySpace : uid = &lt;gen:1&gt; -&gt; org.hibernate.loader.plan.build.internal.spaces.EntityQuerySpaceImpl@75308740]
10:00:56.357 [main] DEBUG org.hibernate.loader.plan.build.internal.FetchStyleLoadPlanBuildingAssociationVisitationStrategy - Building LoadPlan...
10:00:56.358 [main] DEBUG org.hibernate.loader.plan.exec.internal.LoadQueryJoinAndFetchProcessor - processing queryspace &lt;gen:0&gt;
10:00:56.370 [main] DEBUG org.hibernate.loader.plan.build.spi.LoadPlanTreePrinter - LoadPlan(entity=com.shoppingbackend.model.User)
    - Returns
       - EntityReturnImpl(entity=com.shoppingbackend.model.User, querySpaceUid=&lt;gen:0&gt;, path=com.shoppingbackend.model.User)
          - EntityAttributeFetchImpl(entity=com.shoppingbackend.model.Cart, querySpaceUid=&lt;gen:1&gt;, path=com.shoppingbackend.model.User.cart)
    - QuerySpaces
       - EntityQuerySpaceImpl(uid=&lt;gen:0&gt;, entity=com.shoppingbackend.model.User)
          - SQL table alias mapping - user0_
          - alias suffix - 0_
          - suffixed key columns - {id1_8_0_}

10:00:56.371 [main] DEBUG org.hibernate.loader.entity.plan.EntityLoader - Static select for entity com.shoppingbackend.model.User [UPGRADE_SKIPLOCKED]: select user0_.id as id1_8_0_, user0_.contact_number as contact_2_8_0_, user0_.email as email3_8_0_, user0_.enabled as enabled4_8_0_, user0_.first_name as first_na5_8_0_, user0_.last_name as last_nam6_8_0_, user0_.password as password7_8_0_, user0_.role as role8_8_0_ from user_detail user0_ where user0_.id=? for update
10:00:56.371 [main] DEBUG org.hibernate.loader.plan.build.internal.spaces.QuerySpacesImpl - Adding QuerySpace : uid = &lt;gen:0&gt; -&gt; org.hibernate.loader.plan.build.internal.spaces.EntityQuerySpaceImpl@5acc9fdf]
10:00:56.372 [main] DEBUG org.hibernate.persister.walking.spi.MetamodelGraphWalker - Visiting attribute path : contactNumber
10:00:56.372 [main] DEBUG org.hibernate.persister.walking.spi.MetamodelGraphWalker - Visiting attribute path : email
10:00:56.372 [main] DEBUG org.hibernate.persister.walking.spi.MetamodelGraphWalker - Visiting attribute path : enabled
10:00:56.374 [main] DEBUG org.hibernate.persister.walking.spi.MetamodelGraphWalker - Visiting attribute path : firstName
10:00:56.374 [main] DEBUG org.hibernate.persister.walking.spi.MetamodelGraphWalker - Visiting attribute path : lastName
10:00:56.374 [main] DEBUG org.hibernate.persister.walking.spi.MetamodelGraphWalker - Visiting attribute path : password
10:00:56.374 [main] DEBUG org.hibernate.persister.walking.spi.MetamodelGraphWalker - Visiting attribute path : role
10:00:56.374 [main] DEBUG org.hibernate.persister.walking.spi.MetamodelGraphWalker - Visiting attribute path : cart
10:00:56.375 [main] DEBUG org.hibernate.loader.plan.build.internal.spaces.QuerySpacesImpl - Adding QuerySpace : uid = &lt;gen:1&gt; -&gt; org.hibernate.loader.plan.build.internal.spaces.EntityQuerySpaceImpl@e48bf9a]
10:00:56.375 [main] DEBUG org.hibernate.loader.plan.build.internal.FetchStyleLoadPlanBuildingAssociationVisitationStrategy - Building LoadPlan...
10:00:56.376 [main] DEBUG org.hibernate.loader.plan.exec.internal.LoadQueryJoinAndFetchProcessor - processing queryspace &lt;gen:0&gt;
10:00:56.378 [main] DEBUG org.hibernate.loader.plan.build.spi.LoadPlanTreePrinter - LoadPlan(entity=com.shoppingbackend.model.User)
    - Returns
       - EntityReturnImpl(entity=com.shoppingbackend.model.User, querySpaceUid=&lt;gen:0&gt;, path=com.shoppingbackend.model.User)
          - EntityAttributeFetchImpl(entity=com.shoppingbackend.model.Cart, querySpaceUid=&lt;gen:1&gt;, path=com.shoppingbackend.model.User.cart)
    - QuerySpaces
       - EntityQuerySpaceImpl(uid=&lt;gen:0&gt;, entity=com.shoppingbackend.model.User)
          - SQL table alias mapping - user0_
          - alias suffix - 0_
          - suffixed key columns - {id1_8_0_}

10:00:56.378 [main] DEBUG org.hibernate.loader.entity.plan.EntityLoader - Static select for entity com.shoppingbackend.model.User [FORCE]: select user0_.id as id1_8_0_, user0_.contact_number as contact_2_8_0_, user0_.email as email3_8_0_, user0_.enabled as enabled4_8_0_, user0_.first_name as first_na5_8_0_, user0_.last_name as last_nam6_8_0_, user0_.password as password7_8_0_, user0_.role as role8_8_0_ from user_detail user0_ where user0_.id=? for update
10:00:56.378 [main] DEBUG org.hibernate.loader.plan.build.internal.spaces.QuerySpacesImpl - Adding QuerySpace : uid = &lt;gen:0&gt; -&gt; org.hibernate.loader.plan.build.internal.spaces.EntityQuerySpaceImpl@7fb33394]
10:00:56.379 [main] DEBUG org.hibernate.persister.walking.spi.MetamodelGraphWalker - Visiting attribute path : contactNumber
10:00:56.379 [main] DEBUG org.hibernate.persister.walking.spi.MetamodelGraphWalker - Visiting attribute path : email
10:00:56.379 [main] DEBUG org.hibernate.persister.walking.spi.MetamodelGraphWalker - Visiting attribute path : enabled
10:00:56.379 [main] DEBUG org.hibernate.persister.walking.spi.MetamodelGraphWalker - Visiting attribute path : firstName
10:00:56.379 [main] DEBUG org.hibernate.persister.walking.spi.MetamodelGraphWalker - Visiting attribute path : lastName
10:00:56.379 [main] DEBUG org.hibernate.persister.walking.spi.MetamodelGraphWalker - Visiting attribute path : password
10:00:56.380 [main] DEBUG org.hibernate.persister.walking.spi.MetamodelGraphWalker - Visiting attribute path : role
10:00:56.388 [main] DEBUG org.hibernate.persister.walking.spi.MetamodelGraphWalker - Visiting attribute path : cart
10:00:56.388 [main] DEBUG org.hibernate.loader.plan.build.internal.spaces.QuerySpacesImpl - Adding QuerySpace : uid = &lt;gen:1&gt; -&gt; org.hibernate.loader.plan.build.internal.spaces.EntityQuerySpaceImpl@1a891add]
10:00:56.389 [main] DEBUG org.hibernate.loader.plan.build.internal.FetchStyleLoadPlanBuildingAssociationVisitationStrategy - Building LoadPlan...
10:00:56.389 [main] DEBUG org.hibernate.loader.plan.exec.internal.LoadQueryJoinAndFetchProcessor - processing queryspace &lt;gen:0&gt;
10:00:56.390 [main] DEBUG org.hibernate.loader.plan.build.spi.LoadPlanTreePrinter - LoadPlan(entity=com.shoppingbackend.model.User)
    - Returns
       - EntityReturnImpl(entity=com.shoppingbackend.model.User, querySpaceUid=&lt;gen:0&gt;, path=com.shoppingbackend.model.User)
          - EntityAttributeFetchImpl(entity=com.shoppingbackend.model.Cart, querySpaceUid=&lt;gen:1&gt;, path=com.shoppingbackend.model.User.cart)
    - QuerySpaces
       - EntityQuerySpaceImpl(uid=&lt;gen:0&gt;, entity=com.shoppingbackend.model.User)
          - SQL table alias mapping - user0_
          - alias suffix - 0_
          - suffixed key columns - {id1_8_0_}

10:00:56.390 [main] DEBUG org.hibernate.loader.entity.plan.EntityLoader - Static select for entity com.shoppingbackend.model.User [PESSIMISTIC_READ]: select user0_.id as id1_8_0_, user0_.contact_number as contact_2_8_0_, user0_.email as email3_8_0_, user0_.enabled as enabled4_8_0_, user0_.first_name as first_na5_8_0_, user0_.last_name as last_nam6_8_0_, user0_.password as password7_8_0_, user0_.role as role8_8_0_ from user_detail user0_ where user0_.id=? for update
10:00:56.390 [main] DEBUG org.hibernate.loader.plan.build.internal.spaces.QuerySpacesImpl - Adding QuerySpace : uid = &lt;gen:0&gt; -&gt; org.hibernate.loader.plan.build.internal.spaces.EntityQuerySpaceImpl@5176d279]
10:00:56.391 [main] DEBUG org.hibernate.persister.walking.spi.MetamodelGraphWalker - Visiting attribute path : contactNumber
10:00:56.391 [main] DEBUG org.hibernate.persister.walking.spi.MetamodelGraphWalker - Visiting attribute path : email
10:00:56.392 [main] DEBUG org.hibernate.persister.walking.spi.MetamodelGraphWalker - Visiting attribute path : enabled
10:00:56.392 [main] DEBUG org.hibernate.persister.walking.spi.MetamodelGraphWalker - Visiting attribute path : firstName
10:00:56.394 [main] DEBUG org.hibernate.persister.walking.spi.MetamodelGraphWalker - Visiting attribute path : lastName
10:00:56.394 [main] DEBUG org.hibernate.persister.walking.spi.MetamodelGraphWalker - Visiting attribute path : password
10:00:56.394 [main] DEBUG org.hibernate.persister.walking.spi.MetamodelGraphWalker - Visiting attribute path : role
10:00:56.394 [main] DEBUG org.hibernate.persister.walking.spi.MetamodelGraphWalker - Visiting attribute path : cart
10:00:56.395 [main] DEBUG org.hibernate.loader.plan.build.internal.spaces.QuerySpacesImpl - Adding QuerySpace : uid = &lt;gen:1&gt; -&gt; org.hibernate.loader.plan.build.internal.spaces.EntityQuerySpaceImpl@d74bac4]
10:00:56.395 [main] DEBUG org.hibernate.loader.plan.build.internal.FetchStyleLoadPlanBuildingAssociationVisitationStrategy - Building LoadPlan...
10:00:56.395 [main] DEBUG org.hibernate.loader.plan.exec.internal.LoadQueryJoinAndFetchProcessor - processing queryspace &lt;gen:0&gt;
10:00:56.444 [main] DEBUG org.hibernate.loader.plan.build.spi.LoadPlanTreePrinter - LoadPlan(entity=com.shoppingbackend.model.User)
    - Returns
       - EntityReturnImpl(entity=com.shoppingbackend.model.User, querySpaceUid=&lt;gen:0&gt;, path=com.shoppingbackend.model.User)
          - EntityAttributeFetchImpl(entity=com.shoppingbackend.model.Cart, querySpaceUid=&lt;gen:1&gt;, path=com.shoppingbackend.model.User.cart)
    - QuerySpaces
       - EntityQuerySpaceImpl(uid=&lt;gen:0&gt;, entity=com.shoppingbackend.model.User)
          - SQL table alias mapping - user0_
          - alias suffix - 0_
          - suffixed key columns - {id1_8_0_}

10:00:56.444 [main] DEBUG org.hibernate.loader.entity.plan.EntityLoader - Static select for entity com.shoppingbackend.model.User [PESSIMISTIC_WRITE]: select user0_.id as id1_8_0_, user0_.contact_number as contact_2_8_0_, user0_.email as email3_8_0_, user0_.enabled as enabled4_8_0_, user0_.first_name as first_na5_8_0_, user0_.last_name as last_nam6_8_0_, user0_.password as password7_8_0_, user0_.role as role8_8_0_ from user_detail user0_ where user0_.id=? for update
10:00:56.445 [main] DEBUG org.hibernate.loader.plan.build.internal.spaces.QuerySpacesImpl - Adding QuerySpace : uid = &lt;gen:0&gt; -&gt; org.hibernate.loader.plan.build.internal.spaces.EntityQuerySpaceImpl@5ff90645]
10:00:56.445 [main] DEBUG org.hibernate.persister.walking.spi.MetamodelGraphWalker - Visiting attribute path : contactNumber
10:00:56.445 [main] DEBUG org.hibernate.persister.walking.spi.MetamodelGraphWalker - Visiting attribute path : email
10:00:56.445 [main] DEBUG org.hibernate.persister.walking.spi.MetamodelGraphWalker - Visiting attribute path : enabled
10:00:56.446 [main] DEBUG org.hibernate.persister.walking.spi.MetamodelGraphWalker - Visiting attribute path : firstName
10:00:56.446 [main] DEBUG org.hibernate.persister.walking.spi.MetamodelGraphWalker - Visiting attribute path : lastName
10:00:56.447 [main] DEBUG org.hibernate.persister.walking.spi.MetamodelGraphWalker - Visiting attribute path : password
10:00:56.447 [main] DEBUG org.hibernate.persister.walking.spi.MetamodelGraphWalker - Visiting attribute path : role
10:00:56.447 [main] DEBUG org.hibernate.persister.walking.spi.MetamodelGraphWalker - Visiting attribute path : cart
10:00:56.447 [main] DEBUG org.hibernate.loader.plan.build.internal.spaces.QuerySpacesImpl - Adding QuerySpace : uid = &lt;gen:1&gt; -&gt; org.hibernate.loader.plan.build.internal.spaces.EntityQuerySpaceImpl@74aa9c72]
10:00:56.448 [main] DEBUG org.hibernate.loader.plan.build.internal.FetchStyleLoadPlanBuildingAssociationVisitationStrategy - Building LoadPlan...
10:00:56.448 [main] DEBUG org.hibernate.loader.plan.exec.internal.LoadQueryJoinAndFetchProcessor - processing queryspace &lt;gen:0&gt;
10:00:56.462 [main] DEBUG org.hibernate.loader.plan.build.spi.LoadPlanTreePrinter - LoadPlan(entity=com.shoppingbackend.model.User)
    - Returns
       - EntityReturnImpl(entity=com.shoppingbackend.model.User, querySpaceUid=&lt;gen:0&gt;, path=com.shoppingbackend.model.User)
          - EntityAttributeFetchImpl(entity=com.shoppingbackend.model.Cart, querySpaceUid=&lt;gen:1&gt;, path=com.shoppingbackend.model.User.cart)
    - QuerySpaces
       - EntityQuerySpaceImpl(uid=&lt;gen:0&gt;, entity=com.shoppingbackend.model.User)
          - SQL table alias mapping - user0_
          - alias suffix - 0_
          - suffixed key columns - {id1_8_0_}

10:00:56.464 [main] DEBUG org.hibernate.loader.entity.plan.EntityLoader - Static select for entity com.shoppingbackend.model.User [PESSIMISTIC_FORCE_INCREMENT]: select user0_.id as id1_8_0_, user0_.contact_number as contact_2_8_0_, user0_.email as email3_8_0_, user0_.enabled as enabled4_8_0_, user0_.first_name as first_na5_8_0_, user0_.last_name as last_nam6_8_0_, user0_.password as password7_8_0_, user0_.role as role8_8_0_ from user_detail user0_ where user0_.id=? for update
10:00:56.464 [main] DEBUG org.hibernate.loader.plan.build.internal.spaces.QuerySpacesImpl - Adding QuerySpace : uid = &lt;gen:0&gt; -&gt; org.hibernate.loader.plan.build.internal.spaces.EntityQuerySpaceImpl@5c20aab9]
10:00:56.464 [main] DEBUG org.hibernate.persister.walking.spi.MetamodelGraphWalker - Visiting attribute path : contactNumber
10:00:56.465 [main] DEBUG org.hibernate.persister.walking.spi.MetamodelGraphWalker - Visiting attribute path : email
10:00:56.465 [main] DEBUG org.hibernate.persister.walking.spi.MetamodelGraphWalker - Visiting attribute path : enabled
10:00:56.465 [main] DEBUG org.hibernate.persister.walking.spi.MetamodelGraphWalker - Visiting attribute path : firstName
10:00:56.465 [main] DEBUG org.hibernate.persister.walking.spi.MetamodelGraphWalker - Visiting attribute path : lastName
10:00:56.465 [main] DEBUG org.hibernate.persister.walking.spi.MetamodelGraphWalker - Visiting attribute path : password
10:00:56.466 [main] DEBUG org.hibernate.persister.walking.spi.MetamodelGraphWalker - Visiting attribute path : role
10:00:56.466 [main] DEBUG org.hibernate.persister.walking.spi.MetamodelGraphWalker - Visiting attribute path : cart
10:00:56.466 [main] DEBUG org.hibernate.loader.plan.build.internal.spaces.QuerySpacesImpl - Adding QuerySpace : uid = &lt;gen:1&gt; -&gt; org.hibernate.loader.plan.build.internal.spaces.EntityQuerySpaceImpl@2c768ada]
10:00:56.468 [main] DEBUG org.hibernate.loader.plan.build.internal.FetchStyleLoadPlanBuildingAssociationVisitationStrategy - Building LoadPlan...
10:00:56.469 [main] DEBUG org.hibernate.loader.plan.exec.internal.LoadQueryJoinAndFetchProcessor - processing queryspace &lt;gen:0&gt;
10:00:56.470 [main] DEBUG org.hibernate.loader.plan.build.spi.LoadPlanTreePrinter - LoadPlan(entity=com.shoppingbackend.model.User)
    - Returns
       - EntityReturnImpl(entity=com.shoppingbackend.model.User, querySpaceUid=&lt;gen:0&gt;, path=com.shoppingbackend.model.User)
          - EntityAttributeFetchImpl(entity=com.shoppingbackend.model.Cart, querySpaceUid=&lt;gen:1&gt;, path=com.shoppingbackend.model.User.cart)
    - QuerySpaces
       - EntityQuerySpaceImpl(uid=&lt;gen:0&gt;, entity=com.shoppingbackend.model.User)
          - SQL table alias mapping - user0_
          - alias suffix - 0_
          - suffixed key columns - {id1_8_0_}

10:00:56.470 [main] DEBUG org.hibernate.loader.entity.plan.EntityLoader - Static select for entity com.shoppingbackend.model.User [OPTIMISTIC]: select user0_.id as id1_8_0_, user0_.contact_number as contact_2_8_0_, user0_.email as email3_8_0_, user0_.enabled as enabled4_8_0_, user0_.first_name as first_na5_8_0_, user0_.last_name as last_nam6_8_0_, user0_.password as password7_8_0_, user0_.role as role8_8_0_ from user_detail user0_ where user0_.id=?
10:00:56.470 [main] DEBUG org.hibernate.loader.plan.build.internal.spaces.QuerySpacesImpl - Adding QuerySpace : uid = &lt;gen:0&gt; -&gt; org.hibernate.loader.plan.build.internal.spaces.EntityQuerySpaceImpl@c1fca2a]
10:00:56.471 [main] DEBUG org.hibernate.persister.walking.spi.MetamodelGraphWalker - Visiting attribute path : contactNumber
10:00:56.471 [main] DEBUG org.hibernate.persister.walking.spi.MetamodelGraphWalker - Visiting attribute path : email
10:00:56.472 [main] DEBUG org.hibernate.persister.walking.spi.MetamodelGraphWalker - Visiting attribute path : enabled
10:00:56.472 [main] DEBUG org.hibernate.persister.walking.spi.MetamodelGraphWalker - Visiting attribute path : firstName
10:00:56.472 [main] DEBUG org.hibernate.persister.walking.spi.MetamodelGraphWalker - Visiting attribute path : lastName
10:00:56.472 [main] DEBUG org.hibernate.persister.walking.spi.MetamodelGraphWalker - Visiting attribute path : password
10:00:56.474 [main] DEBUG org.hibernate.persister.walking.spi.MetamodelGraphWalker - Visiting attribute path : role
10:00:56.474 [main] DEBUG org.hibernate.persister.walking.spi.MetamodelGraphWalker - Visiting attribute path : cart
10:00:56.474 [main] DEBUG org.hibernate.loader.plan.build.internal.spaces.QuerySpacesImpl - Adding QuerySpace : uid = &lt;gen:1&gt; -&gt; org.hibernate.loader.plan.build.internal.spaces.EntityQuerySpaceImpl@7c447c76]
10:00:56.475 [main] DEBUG org.hibernate.loader.plan.build.internal.FetchStyleLoadPlanBuildingAssociationVisitationStrategy - Building LoadPlan...
10:00:56.475 [main] DEBUG org.hibernate.loader.plan.exec.internal.LoadQueryJoinAndFetchProcessor - processing queryspace &lt;gen:0&gt;
10:00:56.477 [main] DEBUG org.hibernate.loader.plan.build.spi.LoadPlanTreePrinter - LoadPlan(entity=com.shoppingbackend.model.User)
    - Returns
       - EntityReturnImpl(entity=com.shoppingbackend.model.User, querySpaceUid=&lt;gen:0&gt;, path=com.shoppingbackend.model.User)
          - EntityAttributeFetchImpl(entity=com.shoppingbackend.model.Cart, querySpaceUid=&lt;gen:1&gt;, path=com.shoppingbackend.model.User.cart)
    - QuerySpaces
       - EntityQuerySpaceImpl(uid=&lt;gen:0&gt;, entity=com.shoppingbackend.model.User)
          - SQL table alias mapping - user0_
          - alias suffix - 0_
          - suffixed key columns - {id1_8_0_}

10:00:56.478 [main] DEBUG org.hibernate.loader.entity.plan.EntityLoader - Static select for entity com.shoppingbackend.model.User [OPTIMISTIC_FORCE_INCREMENT]: select user0_.id as id1_8_0_, user0_.contact_number as contact_2_8_0_, user0_.email as email3_8_0_, user0_.enabled as enabled4_8_0_, user0_.first_name as first_na5_8_0_, user0_.last_name as last_nam6_8_0_, user0_.password as password7_8_0_, user0_.role as role8_8_0_ from user_detail user0_ where user0_.id=?
10:00:56.478 [main] DEBUG org.hibernate.loader.Loader - Static select for action ACTION_MERGE on entity com.shoppingbackend.model.User: select user0_.id as id1_8_1_, user0_.contact_number as contact_2_8_1_, user0_.email as email3_8_1_, user0_.enabled as enabled4_8_1_, user0_.first_name as first_na5_8_1_, user0_.last_name as last_nam6_8_1_, user0_.password as password7_8_1_, user0_.role as role8_8_1_, cart1_.id as id1_1_0_, cart1_.cart_lines as cart_lin2_1_0_, cart1_.grand_total as grand_to3_1_0_, cart1_.user_id as user_id4_1_0_ from user_detail user0_ left outer join Cart cart1_ on user0_.id=cart1_.user_id where user0_.id=?
10:00:56.479 [main] DEBUG org.hibernate.loader.Loader - Static select for action ACTION_REFRESH on entity com.shoppingbackend.model.User: select user0_.id as id1_8_1_, user0_.contact_number as contact_2_8_1_, user0_.email as email3_8_1_, user0_.enabled as enabled4_8_1_, user0_.first_name as first_na5_8_1_, user0_.last_name as last_nam6_8_1_, user0_.password as password7_8_1_, user0_.role as role8_8_1_, cart1_.id as id1_1_0_, cart1_.cart_lines as cart_lin2_1_0_, cart1_.grand_total as grand_to3_1_0_, cart1_.user_id as user_id4_1_0_ from user_detail user0_ left outer join Cart cart1_ on user0_.id=cart1_.user_id where user0_.id=?
10:00:56.480 [main] DEBUG org.hibernate.persister.entity.AbstractEntityPersister - Static SQL for entity: com.shoppingbackend.model.Cart
10:00:56.480 [main] DEBUG org.hibernate.persister.entity.AbstractEntityPersister -  Version select: select id from Cart where id =?
10:00:56.480 [main] DEBUG org.hibernate.persister.entity.AbstractEntityPersister -  Snapshot select: select cart_.id, cart_.cart_lines as cart_lin2_1_, cart_.grand_total as grand_to3_1_, cart_.user_id as user_id4_1_ from Cart cart_ where cart_.id=?
10:00:56.481 [main] DEBUG org.hibernate.persister.entity.AbstractEntityPersister -  Insert 0: insert into Cart (cart_lines, grand_total, user_id, id) values (?, ?, ?, ?)
10:00:56.482 [main] DEBUG org.hibernate.persister.entity.AbstractEntityPersister -  Update 0: update Cart set cart_lines=?, grand_total=?, user_id=? where id=?
10:00:56.482 [main] DEBUG org.hibernate.persister.entity.AbstractEntityPersister -  Delete 0: delete from Cart where id=?
10:00:56.482 [main] DEBUG org.hibernate.persister.entity.AbstractEntityPersister -  Identity insert: insert into Cart (id, cart_lines, grand_total, user_id) values (null, ?, ?, ?)
10:00:56.484 [main] DEBUG org.hibernate.loader.plan.build.internal.spaces.QuerySpacesImpl - Adding QuerySpace : uid = &lt;gen:0&gt; -&gt; org.hibernate.loader.plan.build.internal.spaces.EntityQuerySpaceImpl@64fc097e]
10:00:56.484 [main] DEBUG org.hibernate.persister.walking.spi.MetamodelGraphWalker - Visiting attribute path : cartLines
10:00:56.484 [main] DEBUG org.hibernate.persister.walking.spi.MetamodelGraphWalker - Visiting attribute path : grandTotal
10:00:56.484 [main] DEBUG org.hibernate.persister.walking.spi.MetamodelGraphWalker - Visiting attribute path : user
10:00:56.485 [main] DEBUG org.hibernate.loader.plan.build.internal.spaces.QuerySpacesImpl - Adding QuerySpace : uid = &lt;gen:1&gt; -&gt; org.hibernate.loader.plan.build.internal.spaces.EntityQuerySpaceImpl@5d5b5fa7]
10:00:56.485 [main] DEBUG org.hibernate.persister.walking.spi.MetamodelGraphWalker - Visiting attribute path : user.contactNumber
10:00:56.485 [main] DEBUG org.hibernate.persister.walking.spi.MetamodelGraphWalker - Visiting attribute path : user.email
10:00:56.485 [main] DEBUG org.hibernate.persister.walking.spi.MetamodelGraphWalker - Visiting attribute path : user.enabled
10:00:56.486 [main] DEBUG org.hibernate.persister.walking.spi.MetamodelGraphWalker - Visiting attribute path : user.firstName
10:00:56.486 [main] DEBUG org.hibernate.persister.walking.spi.MetamodelGraphWalker - Visiting attribute path : user.lastName
10:00:56.486 [main] DEBUG org.hibernate.persister.walking.spi.MetamodelGraphWalker - Visiting attribute path : user.password
10:00:56.486 [main] DEBUG org.hibernate.persister.walking.spi.MetamodelGraphWalker - Visiting attribute path : user.role
10:00:56.486 [main] DEBUG org.hibernate.persister.walking.spi.MetamodelGraphWalker - Visiting attribute path : user.cart
10:00:56.487 [main] DEBUG org.hibernate.persister.walking.spi.MetamodelGraphWalker - Property path deemed to be circular : user.cart
10:00:56.487 [main] DEBUG org.hibernate.loader.plan.build.internal.FetchStyleLoadPlanBuildingAssociationVisitationStrategy - Building LoadPlan...
10:00:56.488 [main] DEBUG org.hibernate.loader.plan.exec.internal.LoadQueryJoinAndFetchProcessor - processing queryspace &lt;gen:0&gt;
10:00:56.494 [main] DEBUG org.hibernate.loader.plan.build.spi.LoadPlanTreePrinter - LoadPlan(entity=com.shoppingbackend.model.Cart)
    - Returns
       - EntityReturnImpl(entity=com.shoppingbackend.model.Cart, querySpaceUid=&lt;gen:0&gt;, path=com.shoppingbackend.model.Cart)
          - EntityAttributeFetchImpl(entity=com.shoppingbackend.model.User, querySpaceUid=&lt;gen:1&gt;, path=com.shoppingbackend.model.Cart.user)
    - QuerySpaces
       - EntityQuerySpaceImpl(uid=&lt;gen:0&gt;, entity=com.shoppingbackend.model.Cart)
          - SQL table alias mapping - cart0_
          - alias suffix - 0_
          - suffixed key columns - {id1_1_0_}
          - JOIN (JoinDefinedByMetadata(user)) : &lt;gen:0&gt; -&gt; &lt;gen:1&gt;
             - EntityQuerySpaceImpl(uid=&lt;gen:1&gt;, entity=com.shoppingbackend.model.User)
                - SQL table alias mapping - user1_
                - alias suffix - 1_
                - suffixed key columns - {id1_8_1_}

10:00:56.494 [main] DEBUG org.hibernate.loader.entity.plan.EntityLoader - Static select for entity com.shoppingbackend.model.Cart [NONE]: select cart0_.id as id1_1_0_, cart0_.cart_lines as cart_lin2_1_0_, cart0_.grand_total as grand_to3_1_0_, cart0_.user_id as user_id4_1_0_, user1_.id as id1_8_1_, user1_.contact_number as contact_2_8_1_, user1_.email as email3_8_1_, user1_.enabled as enabled4_8_1_, user1_.first_name as first_na5_8_1_, user1_.last_name as last_nam6_8_1_, user1_.password as password7_8_1_, user1_.role as role8_8_1_ from Cart cart0_ left outer join user_detail user1_ on cart0_.user_id=user1_.id where cart0_.id=?
10:00:56.495 [main] DEBUG org.hibernate.loader.plan.build.internal.spaces.QuerySpacesImpl - Adding QuerySpace : uid = &lt;gen:0&gt; -&gt; org.hibernate.loader.plan.build.internal.spaces.EntityQuerySpaceImpl@6107165]
10:00:56.495 [main] DEBUG org.hibernate.persister.walking.spi.MetamodelGraphWalker - Visiting attribute path : cartLines
10:00:56.495 [main] DEBUG org.hibernate.persister.walking.spi.MetamodelGraphWalker - Visiting attribute path : grandTotal
10:00:56.495 [main] DEBUG org.hibernate.persister.walking.spi.MetamodelGraphWalker - Visiting attribute path : user
10:00:56.496 [main] DEBUG org.hibernate.loader.plan.build.internal.spaces.QuerySpacesImpl - Adding QuerySpace : uid = &lt;gen:1&gt; -&gt; org.hibernate.loader.plan.build.internal.spaces.EntityQuerySpaceImpl@11ebb1b6]
10:00:56.496 [main] DEBUG org.hibernate.persister.walking.spi.MetamodelGraphWalker - Visiting attribute path : user.contactNumber
10:00:56.496 [main] DEBUG org.hibernate.persister.walking.spi.MetamodelGraphWalker - Visiting attribute path : user.email
10:00:56.497 [main] DEBUG org.hibernate.persister.walking.spi.MetamodelGraphWalker - Visiting attribute path : user.enabled
10:00:56.497 [main] DEBUG org.hibernate.persister.walking.spi.MetamodelGraphWalker - Visiting attribute path : user.firstName
10:00:56.497 [main] DEBUG org.hibernate.persister.walking.spi.MetamodelGraphWalker - Visiting attribute path : user.lastName
10:00:56.497 [main] DEBUG org.hibernate.persister.walking.spi.MetamodelGraphWalker - Visiting attribute path : user.password
10:00:56.497 [main] DEBUG org.hibernate.persister.walking.spi.MetamodelGraphWalker - Visiting attribute path : user.role
10:00:56.497 [main] DEBUG org.hibernate.persister.walking.spi.MetamodelGraphWalker - Visiting attribute path : user.cart
10:00:56.498 [main] DEBUG org.hibernate.persister.walking.spi.MetamodelGraphWalker - Property path deemed to be circular : user.cart
10:00:56.498 [main] DEBUG org.hibernate.loader.plan.build.internal.FetchStyleLoadPlanBuildingAssociationVisitationStrategy - Building LoadPlan...
10:00:56.498 [main] DEBUG org.hibernate.loader.plan.exec.internal.LoadQueryJoinAndFetchProcessor - processing queryspace &lt;gen:0&gt;
10:00:56.535 [main] DEBUG org.hibernate.loader.plan.build.spi.LoadPlanTreePrinter - LoadPlan(entity=com.shoppingbackend.model.Cart)
    - Returns
       - EntityReturnImpl(entity=com.shoppingbackend.model.Cart, querySpaceUid=&lt;gen:0&gt;, path=com.shoppingbackend.model.Cart)
          - EntityAttributeFetchImpl(entity=com.shoppingbackend.model.User, querySpaceUid=&lt;gen:1&gt;, path=com.shoppingbackend.model.Cart.user)
    - QuerySpaces
       - EntityQuerySpaceImpl(uid=&lt;gen:0&gt;, entity=com.shoppingbackend.model.Cart)
          - SQL table alias mapping - cart0_
          - alias suffix - 0_
          - suffixed key columns - {id1_1_0_}
          - JOIN (JoinDefinedByMetadata(user)) : &lt;gen:0&gt; -&gt; &lt;gen:1&gt;
             - EntityQuerySpaceImpl(uid=&lt;gen:1&gt;, entity=com.shoppingbackend.model.User)
                - SQL table alias mapping - user1_
                - alias suffix - 1_
                - suffixed key columns - {id1_8_1_}

10:00:56.538 [main] DEBUG org.hibernate.loader.entity.plan.EntityLoader - Static select for entity com.shoppingbackend.model.Cart [READ]: select cart0_.id as id1_1_0_, cart0_.cart_lines as cart_lin2_1_0_, cart0_.grand_total as grand_to3_1_0_, cart0_.user_id as user_id4_1_0_, user1_.id as id1_8_1_, user1_.contact_number as contact_2_8_1_, user1_.email as email3_8_1_, user1_.enabled as enabled4_8_1_, user1_.first_name as first_na5_8_1_, user1_.last_name as last_nam6_8_1_, user1_.password as password7_8_1_, user1_.role as role8_8_1_ from Cart cart0_ left outer join user_detail user1_ on cart0_.user_id=user1_.id where cart0_.id=?
10:00:56.555 [main] DEBUG org.hibernate.loader.plan.build.internal.spaces.QuerySpacesImpl - Adding QuerySpace : uid = &lt;gen:0&gt; -&gt; org.hibernate.loader.plan.build.internal.spaces.EntityQuerySpaceImpl@f3021cb]
10:00:56.555 [main] DEBUG org.hibernate.persister.walking.spi.MetamodelGraphWalker - Visiting attribute path : cartLines
10:00:56.556 [main] DEBUG org.hibernate.persister.walking.spi.MetamodelGraphWalker - Visiting attribute path : grandTotal
10:00:56.556 [main] DEBUG org.hibernate.persister.walking.spi.MetamodelGraphWalker - Visiting attribute path : user
10:00:56.556 [main] DEBUG org.hibernate.loader.plan.build.internal.spaces.QuerySpacesImpl - Adding QuerySpace : uid = &lt;gen:1&gt; -&gt; org.hibernate.loader.plan.build.internal.spaces.EntityQuerySpaceImpl@6009bea]
10:00:56.560 [main] DEBUG org.hibernate.loader.plan.build.internal.FetchStyleLoadPlanBuildingAssociationVisitationStrategy - Building LoadPlan...
10:00:56.560 [main] DEBUG org.hibernate.loader.plan.exec.internal.LoadQueryJoinAndFetchProcessor - processing queryspace &lt;gen:0&gt;
10:00:56.562 [main] DEBUG org.hibernate.loader.plan.build.spi.LoadPlanTreePrinter - LoadPlan(entity=com.shoppingbackend.model.Cart)
    - Returns
       - EntityReturnImpl(entity=com.shoppingbackend.model.Cart, querySpaceUid=&lt;gen:0&gt;, path=com.shoppingbackend.model.Cart)
          - EntityAttributeFetchImpl(entity=com.shoppingbackend.model.User, querySpaceUid=&lt;gen:1&gt;, path=com.shoppingbackend.model.Cart.user)
    - QuerySpaces
       - EntityQuerySpaceImpl(uid=&lt;gen:0&gt;, entity=com.shoppingbackend.model.Cart)
          - SQL table alias mapping - cart0_
          - alias suffix - 0_
          - suffixed key columns - {id1_1_0_}

10:00:56.562 [main] DEBUG org.hibernate.loader.entity.plan.EntityLoader - Static select for entity com.shoppingbackend.model.Cart [UPGRADE]: select cart0_.id as id1_1_0_, cart0_.cart_lines as cart_lin2_1_0_, cart0_.grand_total as grand_to3_1_0_, cart0_.user_id as user_id4_1_0_ from Cart cart0_ where cart0_.id=? for update
10:00:56.564 [main] DEBUG org.hibernate.loader.plan.build.internal.spaces.QuerySpacesImpl - Adding QuerySpace : uid = &lt;gen:0&gt; -&gt; org.hibernate.loader.plan.build.internal.spaces.EntityQuerySpaceImpl@7bc6d27a]
10:00:56.564 [main] DEBUG org.hibernate.persister.walking.spi.MetamodelGraphWalker - Visiting attribute path : cartLines
10:00:56.564 [main] DEBUG org.hibernate.persister.walking.spi.MetamodelGraphWalker - Visiting attribute path : grandTotal
10:00:56.564 [main] DEBUG org.hibernate.persister.walking.spi.MetamodelGraphWalker - Visiting attribute path : user
10:00:56.565 [main] DEBUG org.hibernate.loader.plan.build.internal.spaces.QuerySpacesImpl - Adding QuerySpace : uid = &lt;gen:1&gt; -&gt; org.hibernate.loader.plan.build.internal.spaces.EntityQuerySpaceImpl@6869a3b3]
10:00:56.565 [main] DEBUG org.hibernate.loader.plan.build.internal.FetchStyleLoadPlanBuildingAssociationVisitationStrategy - Building LoadPlan...
10:00:56.565 [main] DEBUG org.hibernate.loader.plan.exec.internal.LoadQueryJoinAndFetchProcessor - processing queryspace &lt;gen:0&gt;
10:00:56.566 [main] DEBUG org.hibernate.loader.plan.build.spi.LoadPlanTreePrinter - LoadPlan(entity=com.shoppingbackend.model.Cart)
    - Returns
       - EntityReturnImpl(entity=com.shoppingbackend.model.Cart, querySpaceUid=&lt;gen:0&gt;, path=com.shoppingbackend.model.Cart)
          - EntityAttributeFetchImpl(entity=com.shoppingbackend.model.User, querySpaceUid=&lt;gen:1&gt;, path=com.shoppingbackend.model.Cart.user)
    - QuerySpaces
       - EntityQuerySpaceImpl(uid=&lt;gen:0&gt;, entity=com.shoppingbackend.model.Cart)
          - SQL table alias mapping - cart0_
          - alias suffix - 0_
          - suffixed key columns - {id1_1_0_}

10:00:56.566 [main] DEBUG org.hibernate.loader.entity.plan.EntityLoader - Static select for entity com.shoppingbackend.model.Cart [UPGRADE_NOWAIT]: select cart0_.id as id1_1_0_, cart0_.cart_lines as cart_lin2_1_0_, cart0_.grand_total as grand_to3_1_0_, cart0_.user_id as user_id4_1_0_ from Cart cart0_ where cart0_.id=? for update
10:00:56.577 [main] DEBUG org.hibernate.loader.plan.build.internal.spaces.QuerySpacesImpl - Adding QuerySpace : uid = &lt;gen:0&gt; -&gt; org.hibernate.loader.plan.build.internal.spaces.EntityQuerySpaceImpl@6ab4ba9f]
10:00:56.577 [main] DEBUG org.hibernate.persister.walking.spi.MetamodelGraphWalker - Visiting attribute path : cartLines
10:00:56.577 [main] DEBUG org.hibernate.persister.walking.spi.MetamodelGraphWalker - Visiting attribute path : grandTotal
10:00:56.578 [main] DEBUG org.hibernate.persister.walking.spi.MetamodelGraphWalker - Visiting attribute path : user
10:00:56.578 [main] DEBUG org.hibernate.loader.plan.build.internal.spaces.QuerySpacesImpl - Adding QuerySpace : uid = &lt;gen:1&gt; -&gt; org.hibernate.loader.plan.build.internal.spaces.EntityQuerySpaceImpl@664e5dee]
10:00:56.578 [main] DEBUG org.hibernate.loader.plan.build.internal.FetchStyleLoadPlanBuildingAssociationVisitationStrategy - Building LoadPlan...
10:00:56.579 [main] DEBUG org.hibernate.loader.plan.exec.internal.LoadQueryJoinAndFetchProcessor - processing queryspace &lt;gen:0&gt;
10:00:56.579 [main] DEBUG org.hibernate.loader.plan.build.spi.LoadPlanTreePrinter - LoadPlan(entity=com.shoppingbackend.model.Cart)
    - Returns
       - EntityReturnImpl(entity=com.shoppingbackend.model.Cart, querySpaceUid=&lt;gen:0&gt;, path=com.shoppingbackend.model.Cart)
          - EntityAttributeFetchImpl(entity=com.shoppingbackend.model.User, querySpaceUid=&lt;gen:1&gt;, path=com.shoppingbackend.model.Cart.user)
    - QuerySpaces
       - EntityQuerySpaceImpl(uid=&lt;gen:0&gt;, entity=com.shoppingbackend.model.Cart)
          - SQL table alias mapping - cart0_
          - alias suffix - 0_
          - suffixed key columns - {id1_1_0_}

10:00:56.579 [main] DEBUG org.hibernate.loader.entity.plan.EntityLoader - Static select for entity com.shoppingbackend.model.Cart [UPGRADE_SKIPLOCKED]: select cart0_.id as id1_1_0_, cart0_.cart_lines as cart_lin2_1_0_, cart0_.grand_total as grand_to3_1_0_, cart0_.user_id as user_id4_1_0_ from Cart cart0_ where cart0_.id=? for update
10:00:56.580 [main] DEBUG org.hibernate.loader.plan.build.internal.spaces.QuerySpacesImpl - Adding QuerySpace : uid = &lt;gen:0&gt; -&gt; org.hibernate.loader.plan.build.internal.spaces.EntityQuerySpaceImpl@431f1eaf]
10:00:56.580 [main] DEBUG org.hibernate.persister.walking.spi.MetamodelGraphWalker - Visiting attribute path : cartLines
10:00:56.580 [main] DEBUG org.hibernate.persister.walking.spi.MetamodelGraphWalker - Visiting attribute path : grandTotal
10:00:56.580 [main] DEBUG org.hibernate.persister.walking.spi.MetamodelGraphWalker - Visiting attribute path : user
10:00:56.581 [main] DEBUG org.hibernate.loader.plan.build.internal.spaces.QuerySpacesImpl - Adding QuerySpace : uid = &lt;gen:1&gt; -&gt; org.hibernate.loader.plan.build.internal.spaces.EntityQuerySpaceImpl@4c59e45e]
10:00:56.581 [main] DEBUG org.hibernate.loader.plan.build.internal.FetchStyleLoadPlanBuildingAssociationVisitationStrategy - Building LoadPlan...
10:00:56.582 [main] DEBUG org.hibernate.loader.plan.exec.internal.LoadQueryJoinAndFetchProcessor - processing queryspace &lt;gen:0&gt;
10:00:56.584 [main] DEBUG org.hibernate.loader.plan.build.spi.LoadPlanTreePrinter - LoadPlan(entity=com.shoppingbackend.model.Cart)
    - Returns
       - EntityReturnImpl(entity=com.shoppingbackend.model.Cart, querySpaceUid=&lt;gen:0&gt;, path=com.shoppingbackend.model.Cart)
          - EntityAttributeFetchImpl(entity=com.shoppingbackend.model.User, querySpaceUid=&lt;gen:1&gt;, path=com.shoppingbackend.model.Cart.user)
    - QuerySpaces
       - EntityQuerySpaceImpl(uid=&lt;gen:0&gt;, entity=com.shoppingbackend.model.Cart)
          - SQL table alias mapping - cart0_
          - alias suffix - 0_
          - suffixed key columns - {id1_1_0_}

10:00:56.584 [main] DEBUG org.hibernate.loader.entity.plan.EntityLoader - Static select for entity com.shoppingbackend.model.Cart [FORCE]: select cart0_.id as id1_1_0_, cart0_.cart_lines as cart_lin2_1_0_, cart0_.grand_total as grand_to3_1_0_, cart0_.user_id as user_id4_1_0_ from Cart cart0_ where cart0_.id=? for update
10:00:56.585 [main] DEBUG org.hibernate.loader.plan.build.internal.spaces.QuerySpacesImpl - Adding QuerySpace : uid = &lt;gen:0&gt; -&gt; org.hibernate.loader.plan.build.internal.spaces.EntityQuerySpaceImpl@58ec7116]
10:00:56.585 [main] DEBUG org.hibernate.persister.walking.spi.MetamodelGraphWalker - Visiting attribute path : cartLines
10:00:56.585 [main] DEBUG org.hibernate.persister.walking.spi.MetamodelGraphWalker - Visiting attribute path : grandTotal
10:00:56.585 [main] DEBUG org.hibernate.persister.walking.spi.MetamodelGraphWalker - Visiting attribute path : user
10:00:56.586 [main] DEBUG org.hibernate.loader.plan.build.internal.spaces.QuerySpacesImpl - Adding QuerySpace : uid = &lt;gen:1&gt; -&gt; org.hibernate.loader.plan.build.internal.spaces.EntityQuerySpaceImpl@6ea04618]
10:00:56.586 [main] DEBUG org.hibernate.loader.plan.build.internal.FetchStyleLoadPlanBuildingAssociationVisitationStrategy - Building LoadPlan...
10:00:56.587 [main] DEBUG org.hibernate.loader.plan.exec.internal.LoadQueryJoinAndFetchProcessor - processing queryspace &lt;gen:0&gt;
10:00:56.587 [main] DEBUG org.hibernate.loader.plan.build.spi.LoadPlanTreePrinter - LoadPlan(entity=com.shoppingbackend.model.Cart)
    - Returns
       - EntityReturnImpl(entity=com.shoppingbackend.model.Cart, querySpaceUid=&lt;gen:0&gt;, path=com.shoppingbackend.model.Cart)
          - EntityAttributeFetchImpl(entity=com.shoppingbackend.model.User, querySpaceUid=&lt;gen:1&gt;, path=com.shoppingbackend.model.Cart.user)
    - QuerySpaces
       - EntityQuerySpaceImpl(uid=&lt;gen:0&gt;, entity=com.shoppingbackend.model.Cart)
          - SQL table alias mapping - cart0_
          - alias suffix - 0_
          - suffixed key columns - {id1_1_0_}

10:00:56.587 [main] DEBUG org.hibernate.loader.entity.plan.EntityLoader - Static select for entity com.shoppingbackend.model.Cart [PESSIMISTIC_READ]: select cart0_.id as id1_1_0_, cart0_.cart_lines as cart_lin2_1_0_, cart0_.grand_total as grand_to3_1_0_, cart0_.user_id as user_id4_1_0_ from Cart cart0_ where cart0_.id=? for update
10:00:56.588 [main] DEBUG org.hibernate.loader.plan.build.internal.spaces.QuerySpacesImpl - Adding QuerySpace : uid = &lt;gen:0&gt; -&gt; org.hibernate.loader.plan.build.internal.spaces.EntityQuerySpaceImpl@6dd82486]
10:00:56.588 [main] DEBUG org.hibernate.persister.walking.spi.MetamodelGraphWalker - Visiting attribute path : cartLines
10:00:56.589 [main] DEBUG org.hibernate.persister.walking.spi.MetamodelGraphWalker - Visiting attribute path : grandTotal
10:00:56.589 [main] DEBUG org.hibernate.persister.walking.spi.MetamodelGraphWalker - Visiting attribute path : user
10:00:56.589 [main] DEBUG org.hibernate.loader.plan.build.internal.spaces.QuerySpacesImpl - Adding QuerySpace : uid = &lt;gen:1&gt; -&gt; org.hibernate.loader.plan.build.internal.spaces.EntityQuerySpaceImpl@5a00eb1e]
10:00:56.590 [main] DEBUG org.hibernate.loader.plan.build.internal.FetchStyleLoadPlanBuildingAssociationVisitationStrategy - Building LoadPlan...
10:00:56.590 [main] DEBUG org.hibernate.loader.plan.exec.internal.LoadQueryJoinAndFetchProcessor - processing queryspace &lt;gen:0&gt;
10:00:56.591 [main] DEBUG org.hibernate.loader.plan.build.spi.LoadPlanTreePrinter - LoadPlan(entity=com.shoppingbackend.model.Cart)
    - Returns
       - EntityReturnImpl(entity=com.shoppingbackend.model.Cart, querySpaceUid=&lt;gen:0&gt;, path=com.shoppingbackend.model.Cart)
          - EntityAttributeFetchImpl(entity=com.shoppingbackend.model.User, querySpaceUid=&lt;gen:1&gt;, path=com.shoppingbackend.model.Cart.user)
    - QuerySpaces
       - EntityQuerySpaceImpl(uid=&lt;gen:0&gt;, entity=com.shoppingbackend.model.Cart)
          - SQL table alias mapping - cart0_
          - alias suffix - 0_
          - suffixed key columns - {id1_1_0_}

10:00:56.592 [main] DEBUG org.hibernate.loader.entity.plan.EntityLoader - Static select for entity com.shoppingbackend.model.Cart [PESSIMISTIC_WRITE]: select cart0_.id as id1_1_0_, cart0_.cart_lines as cart_lin2_1_0_, cart0_.grand_total as grand_to3_1_0_, cart0_.user_id as user_id4_1_0_ from Cart cart0_ where cart0_.id=? for update
10:00:56.592 [main] DEBUG org.hibernate.loader.plan.build.internal.spaces.QuerySpacesImpl - Adding QuerySpace : uid = &lt;gen:0&gt; -&gt; org.hibernate.loader.plan.build.internal.spaces.EntityQuerySpaceImpl@36fcf6c0]
10:00:56.595 [main] DEBUG org.hibernate.persister.walking.spi.MetamodelGraphWalker - Visiting attribute path : cartLines
10:00:56.596 [main] DEBUG org.hibernate.persister.walking.spi.MetamodelGraphWalker - Visiting attribute path : grandTotal
10:00:56.596 [main] DEBUG org.hibernate.persister.walking.spi.MetamodelGraphWalker - Visiting attribute path : user
10:00:56.596 [main] DEBUG org.hibernate.loader.plan.build.internal.spaces.QuerySpacesImpl - Adding QuerySpace : uid = &lt;gen:1&gt; -&gt; org.hibernate.loader.plan.build.internal.spaces.EntityQuerySpaceImpl@7026b7ee]
10:00:56.597 [main] DEBUG org.hibernate.loader.plan.build.internal.FetchStyleLoadPlanBuildingAssociationVisitationStrategy - Building LoadPlan...
10:00:56.597 [main] DEBUG org.hibernate.loader.plan.exec.internal.LoadQueryJoinAndFetchProcessor - processing queryspace &lt;gen:0&gt;
10:00:56.609 [main] DEBUG org.hibernate.loader.plan.build.spi.LoadPlanTreePrinter - LoadPlan(entity=com.shoppingbackend.model.Cart)
    - Returns
       - EntityReturnImpl(entity=com.shoppingbackend.model.Cart, querySpaceUid=&lt;gen:0&gt;, path=com.shoppingbackend.model.Cart)
          - EntityAttributeFetchImpl(entity=com.shoppingbackend.model.User, querySpaceUid=&lt;gen:1&gt;, path=com.shoppingbackend.model.Cart.user)
    - QuerySpaces
       - EntityQuerySpaceImpl(uid=&lt;gen:0&gt;, entity=com.shoppingbackend.model.Cart)
          - SQL table alias mapping - cart0_
          - alias suffix - 0_
          - suffixed key columns - {id1_1_0_}

10:00:56.609 [main] DEBUG org.hibernate.loader.entity.plan.EntityLoader - Static select for entity com.shoppingbackend.model.Cart [PESSIMISTIC_FORCE_INCREMENT]: select cart0_.id as id1_1_0_, cart0_.cart_lines as cart_lin2_1_0_, cart0_.grand_total as grand_to3_1_0_, cart0_.user_id as user_id4_1_0_ from Cart cart0_ where cart0_.id=? for update
10:00:56.609 [main] DEBUG org.hibernate.loader.plan.build.internal.spaces.QuerySpacesImpl - Adding QuerySpace : uid = &lt;gen:0&gt; -&gt; org.hibernate.loader.plan.build.internal.spaces.EntityQuerySpaceImpl@2d23faef]
10:00:56.610 [main] DEBUG org.hibernate.persister.walking.spi.MetamodelGraphWalker - Visiting attribute path : cartLines
10:00:56.610 [main] DEBUG org.hibernate.persister.walking.spi.MetamodelGraphWalker - Visiting attribute path : grandTotal
10:00:56.610 [main] DEBUG org.hibernate.persister.walking.spi.MetamodelGraphWalker - Visiting attribute path : user
10:00:56.611 [main] DEBUG org.hibernate.loader.plan.build.internal.spaces.QuerySpacesImpl - Adding QuerySpace : uid = &lt;gen:1&gt; -&gt; org.hibernate.loader.plan.build.internal.spaces.EntityQuerySpaceImpl@62a4417]
10:00:56.611 [main] DEBUG org.hibernate.loader.plan.build.internal.FetchStyleLoadPlanBuildingAssociationVisitationStrategy - Building LoadPlan...
10:00:56.611 [main] DEBUG org.hibernate.loader.plan.exec.internal.LoadQueryJoinAndFetchProcessor - processing queryspace &lt;gen:0&gt;
10:00:56.612 [main] DEBUG org.hibernate.loader.plan.build.spi.LoadPlanTreePrinter - LoadPlan(entity=com.shoppingbackend.model.Cart)
    - Returns
       - EntityReturnImpl(entity=com.shoppingbackend.model.Cart, querySpaceUid=&lt;gen:0&gt;, path=com.shoppingbackend.model.Cart)
          - EntityAttributeFetchImpl(entity=com.shoppingbackend.model.User, querySpaceUid=&lt;gen:1&gt;, path=com.shoppingbackend.model.Cart.user)
    - QuerySpaces
       - EntityQuerySpaceImpl(uid=&lt;gen:0&gt;, entity=com.shoppingbackend.model.Cart)
          - SQL table alias mapping - cart0_
          - alias suffix - 0_
          - suffixed key columns - {id1_1_0_}

10:00:56.612 [main] DEBUG org.hibernate.loader.entity.plan.EntityLoader - Static select for entity com.shoppingbackend.model.Cart [OPTIMISTIC]: select cart0_.id as id1_1_0_, cart0_.cart_lines as cart_lin2_1_0_, cart0_.grand_total as grand_to3_1_0_, cart0_.user_id as user_id4_1_0_ from Cart cart0_ where cart0_.id=?
10:00:56.613 [main] DEBUG org.hibernate.loader.plan.build.internal.spaces.QuerySpacesImpl - Adding QuerySpace : uid = &lt;gen:0&gt; -&gt; org.hibernate.loader.plan.build.internal.spaces.EntityQuerySpaceImpl@43f61afb]
10:00:56.613 [main] DEBUG org.hibernate.persister.walking.spi.MetamodelGraphWalker - Visiting attribute path : cartLines
10:00:56.614 [main] DEBUG org.hibernate.persister.walking.spi.MetamodelGraphWalker - Visiting attribute path : grandTotal
10:00:56.614 [main] DEBUG org.hibernate.persister.walking.spi.MetamodelGraphWalker - Visiting attribute path : user
10:00:56.614 [main] DEBUG org.hibernate.loader.plan.build.internal.spaces.QuerySpacesImpl - Adding QuerySpace : uid = &lt;gen:1&gt; -&gt; org.hibernate.loader.plan.build.internal.spaces.EntityQuerySpaceImpl@4fad6218]
10:00:56.614 [main] DEBUG org.hibernate.loader.plan.build.internal.FetchStyleLoadPlanBuildingAssociationVisitationStrategy - Building LoadPlan...
10:00:56.614 [main] DEBUG org.hibernate.loader.plan.exec.internal.LoadQueryJoinAndFetchProcessor - processing queryspace &lt;gen:0&gt;
10:00:56.615 [main] DEBUG org.hibernate.loader.plan.build.spi.LoadPlanTreePrinter - LoadPlan(entity=com.shoppingbackend.model.Cart)
    - Returns
       - EntityReturnImpl(entity=com.shoppingbackend.model.Cart, querySpaceUid=&lt;gen:0&gt;, path=com.shoppingbackend.model.Cart)
          - EntityAttributeFetchImpl(entity=com.shoppingbackend.model.User, querySpaceUid=&lt;gen:1&gt;, path=com.shoppingbackend.model.Cart.user)
    - QuerySpaces
       - EntityQuerySpaceImpl(uid=&lt;gen:0&gt;, entity=com.shoppingbackend.model.Cart)
          - SQL table alias mapping - cart0_
          - alias suffix - 0_
          - suffixed key columns - {id1_1_0_}

10:00:56.615 [main] DEBUG org.hibernate.loader.entity.plan.EntityLoader - Static select for entity com.shoppingbackend.model.Cart [OPTIMISTIC_FORCE_INCREMENT]: select cart0_.id as id1_1_0_, cart0_.cart_lines as cart_lin2_1_0_, cart0_.grand_total as grand_to3_1_0_, cart0_.user_id as user_id4_1_0_ from Cart cart0_ where cart0_.id=?
10:00:56.617 [main] DEBUG org.hibernate.loader.Loader - Static select for action ACTION_MERGE on entity com.shoppingbackend.model.Cart: select cart0_.id as id1_1_0_, cart0_.cart_lines as cart_lin2_1_0_, cart0_.grand_total as grand_to3_1_0_, cart0_.user_id as user_id4_1_0_ from Cart cart0_ where cart0_.id=?
10:00:56.618 [main] DEBUG org.hibernate.loader.Loader - Static select for action ACTION_REFRESH on entity com.shoppingbackend.model.Cart: select cart0_.id as id1_1_0_, cart0_.cart_lines as cart_lin2_1_0_, cart0_.grand_total as grand_to3_1_0_, cart0_.user_id as user_id4_1_0_ from Cart cart0_ where cart0_.id=?
10:00:56.618 [main] DEBUG org.hibernate.loader.Loader - Static select for entity com.shoppingbackend.model.Cart [NONE]: select cart0_.id as id1_1_1_, cart0_.cart_lines as cart_lin2_1_1_, cart0_.grand_total as grand_to3_1_1_, cart0_.user_id as user_id4_1_1_, user1_.id as id1_8_0_, user1_.contact_number as contact_2_8_0_, user1_.email as email3_8_0_, user1_.enabled as enabled4_8_0_, user1_.first_name as first_na5_8_0_, user1_.last_name as last_nam6_8_0_, user1_.password as password7_8_0_, user1_.role as role8_8_0_ from Cart cart0_ left outer join user_detail user1_ on cart0_.user_id=user1_.id where cart0_.user_id=?
10:00:56.619 [main] DEBUG org.hibernate.persister.entity.AbstractEntityPersister - Static SQL for entity: com.shoppingbackend.model.Category
10:00:56.619 [main] DEBUG org.hibernate.persister.entity.AbstractEntityPersister -  Version select: select id from Category where id =?
10:00:56.619 [main] DEBUG org.hibernate.persister.entity.AbstractEntityPersister -  Snapshot select: select category_.id, category_.is_active as is_activ2_3_, category_.description as descript3_3_, category_.image_url as image_ur4_3_, category_.name as name5_3_ from Category category_ where category_.id=?
10:00:56.620 [main] DEBUG org.hibernate.persister.entity.AbstractEntityPersister -  Insert 0: insert into Category (is_active, description, image_url, name, id) values (?, ?, ?, ?, ?)
10:00:56.620 [main] DEBUG org.hibernate.persister.entity.AbstractEntityPersister -  Update 0: update Category set is_active=?, description=?, image_url=?, name=? where id=?
10:00:56.620 [main] DEBUG org.hibernate.persister.entity.AbstractEntityPersister -  Delete 0: delete from Category where id=?
10:00:56.620 [main] DEBUG org.hibernate.persister.entity.AbstractEntityPersister -  Identity insert: insert into Category (id, is_active, description, image_url, name) values (null, ?, ?, ?, ?)
10:00:56.621 [main] DEBUG org.hibernate.loader.plan.build.internal.spaces.QuerySpacesImpl - Adding QuerySpace : uid = &lt;gen:0&gt; -&gt; org.hibernate.loader.plan.build.internal.spaces.EntityQuerySpaceImpl@1bf39d06]
10:00:56.622 [main] DEBUG org.hibernate.persister.walking.spi.MetamodelGraphWalker - Visiting attribute path : active
10:00:56.622 [main] DEBUG org.hibernate.persister.walking.spi.MetamodelGraphWalker - Visiting attribute path : description
10:00:56.622 [main] DEBUG org.hibernate.persister.walking.spi.MetamodelGraphWalker - Visiting attribute path : imageURL
10:00:56.624 [main] DEBUG org.hibernate.persister.walking.spi.MetamodelGraphWalker - Visiting attribute path : name
10:00:56.624 [main] DEBUG org.hibernate.loader.plan.build.internal.FetchStyleLoadPlanBuildingAssociationVisitationStrategy - Building LoadPlan...
10:00:56.624 [main] DEBUG org.hibernate.loader.plan.exec.internal.LoadQueryJoinAndFetchProcessor - processing queryspace &lt;gen:0&gt;
10:00:56.625 [main] DEBUG org.hibernate.loader.plan.build.spi.LoadPlanTreePrinter - LoadPlan(entity=com.shoppingbackend.model.Category)
    - Returns
       - EntityReturnImpl(entity=com.shoppingbackend.model.Category, querySpaceUid=&lt;gen:0&gt;, path=com.shoppingbackend.model.Category)
    - QuerySpaces
       - EntityQuerySpaceImpl(uid=&lt;gen:0&gt;, entity=com.shoppingbackend.model.Category)
          - SQL table alias mapping - category0_
          - alias suffix - 0_
          - suffixed key columns - {id1_3_0_}

10:00:56.625 [main] DEBUG org.hibernate.loader.entity.plan.EntityLoader - Static select for entity com.shoppingbackend.model.Category [NONE]: select category0_.id as id1_3_0_, category0_.is_active as is_activ2_3_0_, category0_.description as descript3_3_0_, category0_.image_url as image_ur4_3_0_, category0_.name as name5_3_0_ from Category category0_ where category0_.id=?
10:00:56.625 [main] DEBUG org.hibernate.loader.plan.build.internal.spaces.QuerySpacesImpl - Adding QuerySpace : uid = &lt;gen:0&gt; -&gt; org.hibernate.loader.plan.build.internal.spaces.EntityQuerySpaceImpl@1ac45389]
10:00:56.626 [main] DEBUG org.hibernate.persister.walking.spi.MetamodelGraphWalker - Visiting attribute path : active
10:00:56.626 [main] DEBUG org.hibernate.persister.walking.spi.MetamodelGraphWalker - Visiting attribute path : description
10:00:56.626 [main] DEBUG org.hibernate.persister.walking.spi.MetamodelGraphWalker - Visiting attribute path : imageURL
10:00:56.627 [main] DEBUG org.hibernate.persister.walking.spi.MetamodelGraphWalker - Visiting attribute path : name
10:00:56.627 [main] DEBUG org.hibernate.loader.plan.build.internal.FetchStyleLoadPlanBuildingAssociationVisitationStrategy - Building LoadPlan...
10:00:56.627 [main] DEBUG org.hibernate.loader.plan.exec.internal.LoadQueryJoinAndFetchProcessor - processing queryspace &lt;gen:0&gt;
10:00:56.628 [main] DEBUG org.hibernate.loader.plan.build.spi.LoadPlanTreePrinter - LoadPlan(entity=com.shoppingbackend.model.Category)
    - Returns
       - EntityReturnImpl(entity=com.shoppingbackend.model.Category, querySpaceUid=&lt;gen:0&gt;, path=com.shoppingbackend.model.Category)
    - QuerySpaces
       - EntityQuerySpaceImpl(uid=&lt;gen:0&gt;, entity=com.shoppingbackend.model.Category)
          - SQL table alias mapping - category0_
          - alias suffix - 0_
          - suffixed key columns - {id1_3_0_}

10:00:56.628 [main] DEBUG org.hibernate.loader.entity.plan.EntityLoader - Static select for entity com.shoppingbackend.model.Category [READ]: select category0_.id as id1_3_0_, category0_.is_active as is_activ2_3_0_, category0_.description as descript3_3_0_, category0_.image_url as image_ur4_3_0_, category0_.name as name5_3_0_ from Category category0_ where category0_.id=?
10:00:56.628 [main] DEBUG org.hibernate.loader.plan.build.internal.spaces.QuerySpacesImpl - Adding QuerySpace : uid = &lt;gen:0&gt; -&gt; org.hibernate.loader.plan.build.internal.spaces.EntityQuerySpaceImpl@39c1fe0b]
10:00:56.630 [main] DEBUG org.hibernate.persister.walking.spi.MetamodelGraphWalker - Visiting attribute path : active
10:00:56.630 [main] DEBUG org.hibernate.persister.walking.spi.MetamodelGraphWalker - Visiting attribute path : description
10:00:56.630 [main] DEBUG org.hibernate.persister.walking.spi.MetamodelGraphWalker - Visiting attribute path : imageURL
10:00:56.630 [main] DEBUG org.hibernate.persister.walking.spi.MetamodelGraphWalker - Visiting attribute path : name
10:00:56.631 [main] DEBUG org.hibernate.loader.plan.build.internal.FetchStyleLoadPlanBuildingAssociationVisitationStrategy - Building LoadPlan...
10:00:56.631 [main] DEBUG org.hibernate.loader.plan.exec.internal.LoadQueryJoinAndFetchProcessor - processing queryspace &lt;gen:0&gt;
10:00:56.632 [main] DEBUG org.hibernate.loader.plan.build.spi.LoadPlanTreePrinter - LoadPlan(entity=com.shoppingbackend.model.Category)
    - Returns
       - EntityReturnImpl(entity=com.shoppingbackend.model.Category, querySpaceUid=&lt;gen:0&gt;, path=com.shoppingbackend.model.Category)
    - QuerySpaces
       - EntityQuerySpaceImpl(uid=&lt;gen:0&gt;, entity=com.shoppingbackend.model.Category)
          - SQL table alias mapping - category0_
          - alias suffix - 0_
          - suffixed key columns - {id1_3_0_}

10:00:56.632 [main] DEBUG org.hibernate.loader.entity.plan.EntityLoader - Static select for entity com.shoppingbackend.model.Category [UPGRADE]: select category0_.id as id1_3_0_, category0_.is_active as is_activ2_3_0_, category0_.description as descript3_3_0_, category0_.image_url as image_ur4_3_0_, category0_.name as name5_3_0_ from Category category0_ where category0_.id=? for update
10:00:56.634 [main] DEBUG org.hibernate.loader.plan.build.internal.spaces.QuerySpacesImpl - Adding QuerySpace : uid = &lt;gen:0&gt; -&gt; org.hibernate.loader.plan.build.internal.spaces.EntityQuerySpaceImpl@62891fc8]
10:00:56.635 [main] DEBUG org.hibernate.persister.walking.spi.MetamodelGraphWalker - Visiting attribute path : active
10:00:56.635 [main] DEBUG org.hibernate.persister.walking.spi.MetamodelGraphWalker - Visiting attribute path : description
10:00:56.635 [main] DEBUG org.hibernate.persister.walking.spi.MetamodelGraphWalker - Visiting attribute path : imageURL
10:00:56.635 [main] DEBUG org.hibernate.persister.walking.spi.MetamodelGraphWalker - Visiting attribute path : name
10:00:56.635 [main] DEBUG org.hibernate.loader.plan.build.internal.FetchStyleLoadPlanBuildingAssociationVisitationStrategy - Building LoadPlan...
10:00:56.636 [main] DEBUG org.hibernate.loader.plan.exec.internal.LoadQueryJoinAndFetchProcessor - processing queryspace &lt;gen:0&gt;
10:00:56.637 [main] DEBUG org.hibernate.loader.plan.build.spi.LoadPlanTreePrinter - LoadPlan(entity=com.shoppingbackend.model.Category)
    - Returns
       - EntityReturnImpl(entity=com.shoppingbackend.model.Category, querySpaceUid=&lt;gen:0&gt;, path=com.shoppingbackend.model.Category)
    - QuerySpaces
       - EntityQuerySpaceImpl(uid=&lt;gen:0&gt;, entity=com.shoppingbackend.model.Category)
          - SQL table alias mapping - category0_
          - alias suffix - 0_
          - suffixed key columns - {id1_3_0_}

10:00:56.637 [main] DEBUG org.hibernate.loader.entity.plan.EntityLoader - Static select for entity com.shoppingbackend.model.Category [UPGRADE_NOWAIT]: select category0_.id as id1_3_0_, category0_.is_active as is_activ2_3_0_, category0_.description as descript3_3_0_, category0_.image_url as image_ur4_3_0_, category0_.name as name5_3_0_ from Category category0_ where category0_.id=? for update
10:00:56.637 [main] DEBUG org.hibernate.loader.plan.build.internal.spaces.QuerySpacesImpl - Adding QuerySpace : uid = &lt;gen:0&gt; -&gt; org.hibernate.loader.plan.build.internal.spaces.EntityQuerySpaceImpl@fca387]
10:00:56.638 [main] DEBUG org.hibernate.persister.walking.spi.MetamodelGraphWalker - Visiting attribute path : active
10:00:56.638 [main] DEBUG org.hibernate.persister.walking.spi.MetamodelGraphWalker - Visiting attribute path : description
10:00:56.638 [main] DEBUG org.hibernate.persister.walking.spi.MetamodelGraphWalker - Visiting attribute path : imageURL
10:00:56.638 [main] DEBUG org.hibernate.persister.walking.spi.MetamodelGraphWalker - Visiting attribute path : name
10:00:56.638 [main] DEBUG org.hibernate.loader.plan.build.internal.FetchStyleLoadPlanBuildingAssociationVisitationStrategy - Building LoadPlan...
10:00:56.639 [main] DEBUG org.hibernate.loader.plan.exec.internal.LoadQueryJoinAndFetchProcessor - processing queryspace &lt;gen:0&gt;
10:00:56.639 [main] DEBUG org.hibernate.loader.plan.build.spi.LoadPlanTreePrinter - LoadPlan(entity=com.shoppingbackend.model.Category)
    - Returns
       - EntityReturnImpl(entity=com.shoppingbackend.model.Category, querySpaceUid=&lt;gen:0&gt;, path=com.shoppingbackend.model.Category)
    - QuerySpaces
       - EntityQuerySpaceImpl(uid=&lt;gen:0&gt;, entity=com.shoppingbackend.model.Category)
          - SQL table alias mapping - category0_
          - alias suffix - 0_
          - suffixed key columns - {id1_3_0_}

10:00:56.640 [main] DEBUG org.hibernate.loader.entity.plan.EntityLoader - Static select for entity com.shoppingbackend.model.Category [UPGRADE_SKIPLOCKED]: select category0_.id as id1_3_0_, category0_.is_active as is_activ2_3_0_, category0_.description as descript3_3_0_, category0_.image_url as image_ur4_3_0_, category0_.name as name5_3_0_ from Category category0_ where category0_.id=? for update
10:00:56.640 [main] DEBUG org.hibernate.loader.plan.build.internal.spaces.QuerySpacesImpl - Adding QuerySpace : uid = &lt;gen:0&gt; -&gt; org.hibernate.loader.plan.build.internal.spaces.EntityQuerySpaceImpl@3ae0b770]
10:00:56.640 [main] DEBUG org.hibernate.persister.walking.spi.MetamodelGraphWalker - Visiting attribute path : active
10:00:56.641 [main] DEBUG org.hibernate.persister.walking.spi.MetamodelGraphWalker - Visiting attribute path : description
10:00:56.641 [main] DEBUG org.hibernate.persister.walking.spi.MetamodelGraphWalker - Visiting attribute path : imageURL
10:00:56.642 [main] DEBUG org.hibernate.persister.walking.spi.MetamodelGraphWalker - Visiting attribute path : name
10:00:56.642 [main] DEBUG org.hibernate.loader.plan.build.internal.FetchStyleLoadPlanBuildingAssociationVisitationStrategy - Building LoadPlan...
10:00:56.644 [main] DEBUG org.hibernate.loader.plan.exec.internal.LoadQueryJoinAndFetchProcessor - processing queryspace &lt;gen:0&gt;
10:00:56.644 [main] DEBUG org.hibernate.loader.plan.build.spi.LoadPlanTreePrinter - LoadPlan(entity=com.shoppingbackend.model.Category)
    - Returns
       - EntityReturnImpl(entity=com.shoppingbackend.model.Category, querySpaceUid=&lt;gen:0&gt;, path=com.shoppingbackend.model.Category)
    - QuerySpaces
       - EntityQuerySpaceImpl(uid=&lt;gen:0&gt;, entity=com.shoppingbackend.model.Category)
          - SQL table alias mapping - category0_
          - alias suffix - 0_
          - suffixed key columns - {id1_3_0_}

10:00:56.645 [main] DEBUG org.hibernate.loader.entity.plan.EntityLoader - Static select for entity com.shoppingbackend.model.Category [FORCE]: select category0_.id as id1_3_0_, category0_.is_active as is_activ2_3_0_, category0_.description as descript3_3_0_, category0_.image_url as image_ur4_3_0_, category0_.name as name5_3_0_ from Category category0_ where category0_.id=? for update
10:00:56.645 [main] DEBUG org.hibernate.loader.plan.build.internal.spaces.QuerySpacesImpl - Adding QuerySpace : uid = &lt;gen:0&gt; -&gt; org.hibernate.loader.plan.build.internal.spaces.EntityQuerySpaceImpl@30e6a763]
10:00:56.645 [main] DEBUG org.hibernate.persister.walking.spi.MetamodelGraphWalker - Visiting attribute path : active
10:00:56.647 [main] DEBUG org.hibernate.persister.walking.spi.MetamodelGraphWalker - Visiting attribute path : description
10:00:56.647 [main] DEBUG org.hibernate.persister.walking.spi.MetamodelGraphWalker - Visiting attribute path : imageURL
10:00:56.648 [main] DEBUG org.hibernate.persister.walking.spi.MetamodelGraphWalker - Visiting attribute path : name
10:00:56.648 [main] DEBUG org.hibernate.loader.plan.build.internal.FetchStyleLoadPlanBuildingAssociationVisitationStrategy - Building LoadPlan...
10:00:56.648 [main] DEBUG org.hibernate.loader.plan.exec.internal.LoadQueryJoinAndFetchProcessor - processing queryspace &lt;gen:0&gt;
10:00:56.649 [main] DEBUG org.hibernate.loader.plan.build.spi.LoadPlanTreePrinter - LoadPlan(entity=com.shoppingbackend.model.Category)
    - Returns
       - EntityReturnImpl(entity=com.shoppingbackend.model.Category, querySpaceUid=&lt;gen:0&gt;, path=com.shoppingbackend.model.Category)
    - QuerySpaces
       - EntityQuerySpaceImpl(uid=&lt;gen:0&gt;, entity=com.shoppingbackend.model.Category)
          - SQL table alias mapping - category0_
          - alias suffix - 0_
          - suffixed key columns - {id1_3_0_}

10:00:56.649 [main] DEBUG org.hibernate.loader.entity.plan.EntityLoader - Static select for entity com.shoppingbackend.model.Category [PESSIMISTIC_READ]: select category0_.id as id1_3_0_, category0_.is_active as is_activ2_3_0_, category0_.description as descript3_3_0_, category0_.image_url as image_ur4_3_0_, category0_.name as name5_3_0_ from Category category0_ where category0_.id=? for update
10:00:56.649 [main] DEBUG org.hibernate.loader.plan.build.internal.spaces.QuerySpacesImpl - Adding QuerySpace : uid = &lt;gen:0&gt; -&gt; org.hibernate.loader.plan.build.internal.spaces.EntityQuerySpaceImpl@732c9b5c]
10:00:56.650 [main] DEBUG org.hibernate.persister.walking.spi.MetamodelGraphWalker - Visiting attribute path : active
10:00:56.650 [main] DEBUG org.hibernate.persister.walking.spi.MetamodelGraphWalker - Visiting attribute path : description
10:00:56.650 [main] DEBUG org.hibernate.persister.walking.spi.MetamodelGraphWalker - Visiting attribute path : imageURL
10:00:56.650 [main] DEBUG org.hibernate.persister.walking.spi.MetamodelGraphWalker - Visiting attribute path : name
10:00:56.651 [main] DEBUG org.hibernate.loader.plan.build.internal.FetchStyleLoadPlanBuildingAssociationVisitationStrategy - Building LoadPlan...
10:00:56.652 [main] DEBUG org.hibernate.loader.plan.exec.internal.LoadQueryJoinAndFetchProcessor - processing queryspace &lt;gen:0&gt;
10:00:56.652 [main] DEBUG org.hibernate.loader.plan.build.spi.LoadPlanTreePrinter - LoadPlan(entity=com.shoppingbackend.model.Category)
    - Returns
       - EntityReturnImpl(entity=com.shoppingbackend.model.Category, querySpaceUid=&lt;gen:0&gt;, path=com.shoppingbackend.model.Category)
    - QuerySpaces
       - EntityQuerySpaceImpl(uid=&lt;gen:0&gt;, entity=com.shoppingbackend.model.Category)
          - SQL table alias mapping - category0_
          - alias suffix - 0_
          - suffixed key columns - {id1_3_0_}

10:00:56.654 [main] DEBUG org.hibernate.loader.entity.plan.EntityLoader - Static select for entity com.shoppingbackend.model.Category [PESSIMISTIC_WRITE]: select category0_.id as id1_3_0_, category0_.is_active as is_activ2_3_0_, category0_.description as descript3_3_0_, category0_.image_url as image_ur4_3_0_, category0_.name as name5_3_0_ from Category category0_ where category0_.id=? for update
10:00:56.654 [main] DEBUG org.hibernate.loader.plan.build.internal.spaces.QuerySpacesImpl - Adding QuerySpace : uid = &lt;gen:0&gt; -&gt; org.hibernate.loader.plan.build.internal.spaces.EntityQuerySpaceImpl@3d6a6bee]
10:00:56.654 [main] DEBUG org.hibernate.persister.walking.spi.MetamodelGraphWalker - Visiting attribute path : active
10:00:56.654 [main] DEBUG org.hibernate.persister.walking.spi.MetamodelGraphWalker - Visiting attribute path : description
10:00:56.654 [main] DEBUG org.hibernate.persister.walking.spi.MetamodelGraphWalker - Visiting attribute path : imageURL
10:00:56.654 [main] DEBUG org.hibernate.persister.walking.spi.MetamodelGraphWalker - Visiting attribute path : name
10:00:56.654 [main] DEBUG org.hibernate.loader.plan.build.internal.FetchStyleLoadPlanBuildingAssociationVisitationStrategy - Building LoadPlan...
10:00:56.655 [main] DEBUG org.hibernate.loader.plan.exec.internal.LoadQueryJoinAndFetchProcessor - processing queryspace &lt;gen:0&gt;
10:00:56.655 [main] DEBUG org.hibernate.loader.plan.build.spi.LoadPlanTreePrinter - LoadPlan(entity=com.shoppingbackend.model.Category)
    - Returns
       - EntityReturnImpl(entity=com.shoppingbackend.model.Category, querySpaceUid=&lt;gen:0&gt;, path=com.shoppingbackend.model.Category)
    - QuerySpaces
       - EntityQuerySpaceImpl(uid=&lt;gen:0&gt;, entity=com.shoppingbackend.model.Category)
          - SQL table alias mapping - category0_
          - alias suffix - 0_
          - suffixed key columns - {id1_3_0_}

10:00:56.655 [main] DEBUG org.hibernate.loader.entity.plan.EntityLoader - Static select for entity com.shoppingbackend.model.Category [PESSIMISTIC_FORCE_INCREMENT]: select category0_.id as id1_3_0_, category0_.is_active as is_activ2_3_0_, category0_.description as descript3_3_0_, category0_.image_url as image_ur4_3_0_, category0_.name as name5_3_0_ from Category category0_ where category0_.id=? for update
10:00:56.655 [main] DEBUG org.hibernate.loader.plan.build.internal.spaces.QuerySpacesImpl - Adding QuerySpace : uid = &lt;gen:0&gt; -&gt; org.hibernate.loader.plan.build.internal.spaces.EntityQuerySpaceImpl@213c3543]
10:00:56.655 [main] DEBUG org.hibernate.persister.walking.spi.MetamodelGraphWalker - Visiting attribute path : active
10:00:56.656 [main] DEBUG org.hibernate.persister.walking.spi.MetamodelGraphWalker - Visiting attribute path : description
10:00:56.656 [main] DEBUG org.hibernate.persister.walking.spi.MetamodelGraphWalker - Visiting attribute path : imageURL
10:00:56.656 [main] DEBUG org.hibernate.persister.walking.spi.MetamodelGraphWalker - Visiting attribute path : name
10:00:56.656 [main] DEBUG org.hibernate.loader.plan.build.internal.FetchStyleLoadPlanBuildingAssociationVisitationStrategy - Building LoadPlan...
10:00:56.657 [main] DEBUG org.hibernate.loader.plan.exec.internal.LoadQueryJoinAndFetchProcessor - processing queryspace &lt;gen:0&gt;
10:00:56.658 [main] DEBUG org.hibernate.loader.plan.build.spi.LoadPlanTreePrinter - LoadPlan(entity=com.shoppingbackend.model.Category)
    - Returns
       - EntityReturnImpl(entity=com.shoppingbackend.model.Category, querySpaceUid=&lt;gen:0&gt;, path=com.shoppingbackend.model.Category)
    - QuerySpaces
       - EntityQuerySpaceImpl(uid=&lt;gen:0&gt;, entity=com.shoppingbackend.model.Category)
          - SQL table alias mapping - category0_
          - alias suffix - 0_
          - suffixed key columns - {id1_3_0_}

10:00:56.658 [main] DEBUG org.hibernate.loader.entity.plan.EntityLoader - Static select for entity com.shoppingbackend.model.Category [OPTIMISTIC]: select category0_.id as id1_3_0_, category0_.is_active as is_activ2_3_0_, category0_.description as descript3_3_0_, category0_.image_url as image_ur4_3_0_, category0_.name as name5_3_0_ from Category category0_ where category0_.id=?
10:00:56.658 [main] DEBUG org.hibernate.loader.plan.build.internal.spaces.QuerySpacesImpl - Adding QuerySpace : uid = &lt;gen:0&gt; -&gt; org.hibernate.loader.plan.build.internal.spaces.EntityQuerySpaceImpl@670ce331]
10:00:56.658 [main] DEBUG org.hibernate.persister.walking.spi.MetamodelGraphWalker - Visiting attribute path : active
10:00:56.658 [main] DEBUG org.hibernate.persister.walking.spi.MetamodelGraphWalker - Visiting attribute path : description
10:00:56.658 [main] DEBUG org.hibernate.persister.walking.spi.MetamodelGraphWalker - Visiting attribute path : imageURL
10:00:56.658 [main] DEBUG org.hibernate.persister.walking.spi.MetamodelGraphWalker - Visiting attribute path : name
10:00:56.658 [main] DEBUG org.hibernate.loader.plan.build.internal.FetchStyleLoadPlanBuildingAssociationVisitationStrategy - Building LoadPlan...
10:00:56.659 [main] DEBUG org.hibernate.loader.plan.exec.internal.LoadQueryJoinAndFetchProcessor - processing queryspace &lt;gen:0&gt;
10:00:56.659 [main] DEBUG org.hibernate.loader.plan.build.spi.LoadPlanTreePrinter - LoadPlan(entity=com.shoppingbackend.model.Category)
    - Returns
       - EntityReturnImpl(entity=com.shoppingbackend.model.Category, querySpaceUid=&lt;gen:0&gt;, path=com.shoppingbackend.model.Category)
    - QuerySpaces
       - EntityQuerySpaceImpl(uid=&lt;gen:0&gt;, entity=com.shoppingbackend.model.Category)
          - SQL table alias mapping - category0_
          - alias suffix - 0_
          - suffixed key columns - {id1_3_0_}

10:00:56.659 [main] DEBUG org.hibernate.loader.entity.plan.EntityLoader - Static select for entity com.shoppingbackend.model.Category [OPTIMISTIC_FORCE_INCREMENT]: select category0_.id as id1_3_0_, category0_.is_active as is_activ2_3_0_, category0_.description as descript3_3_0_, category0_.image_url as image_ur4_3_0_, category0_.name as name5_3_0_ from Category category0_ where category0_.id=?
10:00:56.659 [main] DEBUG org.hibernate.loader.Loader - Static select for action ACTION_MERGE on entity com.shoppingbackend.model.Category: select category0_.id as id1_3_0_, category0_.is_active as is_activ2_3_0_, category0_.description as descript3_3_0_, category0_.image_url as image_ur4_3_0_, category0_.name as name5_3_0_ from Category category0_ where category0_.id=?
10:00:56.659 [main] DEBUG org.hibernate.loader.Loader - Static select for action ACTION_REFRESH on entity com.shoppingbackend.model.Category: select category0_.id as id1_3_0_, category0_.is_active as is_activ2_3_0_, category0_.description as descript3_3_0_, category0_.image_url as image_ur4_3_0_, category0_.name as name5_3_0_ from Category category0_ where category0_.id=?
10:00:56.662 [main] DEBUG org.hibernate.persister.entity.AbstractEntityPersister - Static SQL for entity: com.shoppingbackend.model.Address
10:00:56.670 [main] DEBUG org.hibernate.persister.entity.AbstractEntityPersister -  Version select: select id from Address where id =?
10:00:56.671 [main] DEBUG org.hibernate.persister.entity.AbstractEntityPersister -  Snapshot select: select address_.id, address_.address_line_one as address_2_0_, address_.address_line_two as address_3_0_, address_.is_billing as is_billi4_0_, address_.city as city5_0_, address_.country as country6_0_, address_.postal_code as postal_c7_0_, address_.is_shipping as is_shipp8_0_, address_.state as state9_0_, address_.user_id as user_id10_0_ from Address address_ where address_.id=?
10:00:56.672 [main] DEBUG org.hibernate.persister.entity.AbstractEntityPersister -  Insert 0: insert into Address (address_line_one, address_line_two, is_billing, city, country, postal_code, is_shipping, state, user_id, id) values (?, ?, ?, ?, ?, ?, ?, ?, ?, ?)
10:00:56.672 [main] DEBUG org.hibernate.persister.entity.AbstractEntityPersister -  Update 0: update Address set address_line_one=?, address_line_two=?, is_billing=?, city=?, country=?, postal_code=?, is_shipping=?, state=?, user_id=? where id=?
10:00:56.674 [main] DEBUG org.hibernate.persister.entity.AbstractEntityPersister -  Delete 0: delete from Address where id=?
10:00:56.674 [main] DEBUG org.hibernate.persister.entity.AbstractEntityPersister -  Identity insert: insert into Address (id, address_line_one, address_line_two, is_billing, city, country, postal_code, is_shipping, state, user_id) values (null, ?, ?, ?, ?, ?, ?, ?, ?, ?)
10:00:56.674 [main] DEBUG org.hibernate.loader.plan.build.internal.spaces.QuerySpacesImpl - Adding QuerySpace : uid = &lt;gen:0&gt; -&gt; org.hibernate.loader.plan.build.internal.spaces.EntityQuerySpaceImpl@7c29adc8]
10:00:56.675 [main] DEBUG org.hibernate.persister.walking.spi.MetamodelGraphWalker - Visiting attribute path : addressLineOne
10:00:56.675 [main] DEBUG org.hibernate.persister.walking.spi.MetamodelGraphWalker - Visiting attribute path : addressLineTwo
10:00:56.675 [main] DEBUG org.hibernate.persister.walking.spi.MetamodelGraphWalker - Visiting attribute path : billing
10:00:56.675 [main] DEBUG org.hibernate.persister.walking.spi.MetamodelGraphWalker - Visiting attribute path : city
10:00:56.677 [main] DEBUG org.hibernate.persister.walking.spi.MetamodelGraphWalker - Visiting attribute path : country
10:00:56.677 [main] DEBUG org.hibernate.persister.walking.spi.MetamodelGraphWalker - Visiting attribute path : postalCode
10:00:56.678 [main] DEBUG org.hibernate.persister.walking.spi.MetamodelGraphWalker - Visiting attribute path : shipping
10:00:56.678 [main] DEBUG org.hibernate.persister.walking.spi.MetamodelGraphWalker - Visiting attribute path : state
10:00:56.678 [main] DEBUG org.hibernate.persister.walking.spi.MetamodelGraphWalker - Visiting attribute path : userId
10:00:56.678 [main] DEBUG org.hibernate.loader.plan.build.internal.FetchStyleLoadPlanBuildingAssociationVisitationStrategy - Building LoadPlan...
10:00:56.679 [main] DEBUG org.hibernate.loader.plan.exec.internal.LoadQueryJoinAndFetchProcessor - processing queryspace &lt;gen:0&gt;
10:00:56.679 [main] DEBUG org.hibernate.loader.plan.build.spi.LoadPlanTreePrinter - LoadPlan(entity=com.shoppingbackend.model.Address)
    - Returns
       - EntityReturnImpl(entity=com.shoppingbackend.model.Address, querySpaceUid=&lt;gen:0&gt;, path=com.shoppingbackend.model.Address)
    - QuerySpaces
       - EntityQuerySpaceImpl(uid=&lt;gen:0&gt;, entity=com.shoppingbackend.model.Address)
          - SQL table alias mapping - address0_
          - alias suffix - 0_
          - suffixed key columns - {id1_0_0_}

10:00:56.679 [main] DEBUG org.hibernate.loader.entity.plan.EntityLoader - Static select for entity com.shoppingbackend.model.Address [NONE]: select address0_.id as id1_0_0_, address0_.address_line_one as address_2_0_0_, address0_.address_line_two as address_3_0_0_, address0_.is_billing as is_billi4_0_0_, address0_.city as city5_0_0_, address0_.country as country6_0_0_, address0_.postal_code as postal_c7_0_0_, address0_.is_shipping as is_shipp8_0_0_, address0_.state as state9_0_0_, address0_.user_id as user_id10_0_0_ from Address address0_ where address0_.id=?
10:00:56.680 [main] DEBUG org.hibernate.loader.plan.build.internal.spaces.QuerySpacesImpl - Adding QuerySpace : uid = &lt;gen:0&gt; -&gt; org.hibernate.loader.plan.build.internal.spaces.EntityQuerySpaceImpl@4bbb49b0]
10:00:56.680 [main] DEBUG org.hibernate.persister.walking.spi.MetamodelGraphWalker - Visiting attribute path : addressLineOne
10:00:56.680 [main] DEBUG org.hibernate.persister.walking.spi.MetamodelGraphWalker - Visiting attribute path : addressLineTwo
10:00:56.680 [main] DEBUG org.hibernate.persister.walking.spi.MetamodelGraphWalker - Visiting attribute path : billing
10:00:56.681 [main] DEBUG org.hibernate.persister.walking.spi.MetamodelGraphWalker - Visiting attribute path : city
10:00:56.681 [main] DEBUG org.hibernate.persister.walking.spi.MetamodelGraphWalker - Visiting attribute path : country
10:00:56.682 [main] DEBUG org.hibernate.persister.walking.spi.MetamodelGraphWalker - Visiting attribute path : postalCode
10:00:56.682 [main] DEBUG org.hibernate.persister.walking.spi.MetamodelGraphWalker - Visiting attribute path : shipping
10:00:56.682 [main] DEBUG org.hibernate.persister.walking.spi.MetamodelGraphWalker - Visiting attribute path : state
10:00:56.682 [main] DEBUG org.hibernate.persister.walking.spi.MetamodelGraphWalker - Visiting attribute path : userId
10:00:56.684 [main] DEBUG org.hibernate.loader.plan.build.internal.FetchStyleLoadPlanBuildingAssociationVisitationStrategy - Building LoadPlan...
10:00:56.685 [main] DEBUG org.hibernate.loader.plan.exec.internal.LoadQueryJoinAndFetchProcessor - processing queryspace &lt;gen:0&gt;
10:00:56.685 [main] DEBUG org.hibernate.loader.plan.build.spi.LoadPlanTreePrinter - LoadPlan(entity=com.shoppingbackend.model.Address)
    - Returns
       - EntityReturnImpl(entity=com.shoppingbackend.model.Address, querySpaceUid=&lt;gen:0&gt;, path=com.shoppingbackend.model.Address)
    - QuerySpaces
       - EntityQuerySpaceImpl(uid=&lt;gen:0&gt;, entity=com.shoppingbackend.model.Address)
          - SQL table alias mapping - address0_
          - alias suffix - 0_
          - suffixed key columns - {id1_0_0_}

10:00:56.686 [main] DEBUG org.hibernate.loader.entity.plan.EntityLoader - Static select for entity com.shoppingbackend.model.Address [READ]: select address0_.id as id1_0_0_, address0_.address_line_one as address_2_0_0_, address0_.address_line_two as address_3_0_0_, address0_.is_billing as is_billi4_0_0_, address0_.city as city5_0_0_, address0_.country as country6_0_0_, address0_.postal_code as postal_c7_0_0_, address0_.is_shipping as is_shipp8_0_0_, address0_.state as state9_0_0_, address0_.user_id as user_id10_0_0_ from Address address0_ where address0_.id=?
10:00:56.686 [main] DEBUG org.hibernate.loader.plan.build.internal.spaces.QuerySpacesImpl - Adding QuerySpace : uid = &lt;gen:0&gt; -&gt; org.hibernate.loader.plan.build.internal.spaces.EntityQuerySpaceImpl@3effd4f3]
10:00:56.687 [main] DEBUG org.hibernate.persister.walking.spi.MetamodelGraphWalker - Visiting attribute path : addressLineOne
10:00:56.687 [main] DEBUG org.hibernate.persister.walking.spi.MetamodelGraphWalker - Visiting attribute path : addressLineTwo
10:00:56.687 [main] DEBUG org.hibernate.persister.walking.spi.MetamodelGraphWalker - Visiting attribute path : billing
10:00:56.687 [main] DEBUG org.hibernate.persister.walking.spi.MetamodelGraphWalker - Visiting attribute path : city
10:00:56.687 [main] DEBUG org.hibernate.persister.walking.spi.MetamodelGraphWalker - Visiting attribute path : country
10:00:56.688 [main] DEBUG org.hibernate.persister.walking.spi.MetamodelGraphWalker - Visiting attribute path : postalCode
10:00:56.688 [main] DEBUG org.hibernate.persister.walking.spi.MetamodelGraphWalker - Visiting attribute path : shipping
10:00:56.688 [main] DEBUG org.hibernate.persister.walking.spi.MetamodelGraphWalker - Visiting attribute path : state
10:00:56.688 [main] DEBUG org.hibernate.persister.walking.spi.MetamodelGraphWalker - Visiting attribute path : userId
10:00:56.688 [main] DEBUG org.hibernate.loader.plan.build.internal.FetchStyleLoadPlanBuildingAssociationVisitationStrategy - Building LoadPlan...
10:00:56.689 [main] DEBUG org.hibernate.loader.plan.exec.internal.LoadQueryJoinAndFetchProcessor - processing queryspace &lt;gen:0&gt;
10:00:56.689 [main] DEBUG org.hibernate.loader.plan.build.spi.LoadPlanTreePrinter - LoadPlan(entity=com.shoppingbackend.model.Address)
    - Returns
       - EntityReturnImpl(entity=com.shoppingbackend.model.Address, querySpaceUid=&lt;gen:0&gt;, path=com.shoppingbackend.model.Address)
    - QuerySpaces
       - EntityQuerySpaceImpl(uid=&lt;gen:0&gt;, entity=com.shoppingbackend.model.Address)
          - SQL table alias mapping - address0_
          - alias suffix - 0_
          - suffixed key columns - {id1_0_0_}

10:00:56.690 [main] DEBUG org.hibernate.loader.entity.plan.EntityLoader - Static select for entity com.shoppingbackend.model.Address [UPGRADE]: select address0_.id as id1_0_0_, address0_.address_line_one as address_2_0_0_, address0_.address_line_two as address_3_0_0_, address0_.is_billing as is_billi4_0_0_, address0_.city as city5_0_0_, address0_.country as country6_0_0_, address0_.postal_code as postal_c7_0_0_, address0_.is_shipping as is_shipp8_0_0_, address0_.state as state9_0_0_, address0_.user_id as user_id10_0_0_ from Address address0_ where address0_.id=? for update
10:00:56.690 [main] DEBUG org.hibernate.loader.plan.build.internal.spaces.QuerySpacesImpl - Adding QuerySpace : uid = &lt;gen:0&gt; -&gt; org.hibernate.loader.plan.build.internal.spaces.EntityQuerySpaceImpl@15f8701f]
10:00:56.690 [main] DEBUG org.hibernate.persister.walking.spi.MetamodelGraphWalker - Visiting attribute path : addressLineOne
10:00:56.690 [main] DEBUG org.hibernate.persister.walking.spi.MetamodelGraphWalker - Visiting attribute path : addressLineTwo
10:00:56.692 [main] DEBUG org.hibernate.persister.walking.spi.MetamodelGraphWalker - Visiting attribute path : billing
10:00:56.694 [main] DEBUG org.hibernate.persister.walking.spi.MetamodelGraphWalker - Visiting attribute path : city
10:00:56.694 [main] DEBUG org.hibernate.persister.walking.spi.MetamodelGraphWalker - Visiting attribute path : country
10:00:56.694 [main] DEBUG org.hibernate.persister.walking.spi.MetamodelGraphWalker - Visiting attribute path : postalCode
10:00:56.694 [main] DEBUG org.hibernate.persister.walking.spi.MetamodelGraphWalker - Visiting attribute path : shipping
10:00:56.695 [main] DEBUG org.hibernate.persister.walking.spi.MetamodelGraphWalker - Visiting attribute path : state
10:00:56.695 [main] DEBUG org.hibernate.persister.walking.spi.MetamodelGraphWalker - Visiting attribute path : userId
10:00:56.695 [main] DEBUG org.hibernate.loader.plan.build.internal.FetchStyleLoadPlanBuildingAssociationVisitationStrategy - Building LoadPlan...
10:00:56.695 [main] DEBUG org.hibernate.loader.plan.exec.internal.LoadQueryJoinAndFetchProcessor - processing queryspace &lt;gen:0&gt;
10:00:56.696 [main] DEBUG org.hibernate.loader.plan.build.spi.LoadPlanTreePrinter - LoadPlan(entity=com.shoppingbackend.model.Address)
    - Returns
       - EntityReturnImpl(entity=com.shoppingbackend.model.Address, querySpaceUid=&lt;gen:0&gt;, path=com.shoppingbackend.model.Address)
    - QuerySpaces
       - EntityQuerySpaceImpl(uid=&lt;gen:0&gt;, entity=com.shoppingbackend.model.Address)
          - SQL table alias mapping - address0_
          - alias suffix - 0_
          - suffixed key columns - {id1_0_0_}

10:00:56.696 [main] DEBUG org.hibernate.loader.entity.plan.EntityLoader - Static select for entity com.shoppingbackend.model.Address [UPGRADE_NOWAIT]: select address0_.id as id1_0_0_, address0_.address_line_one as address_2_0_0_, address0_.address_line_two as address_3_0_0_, address0_.is_billing as is_billi4_0_0_, address0_.city as city5_0_0_, address0_.country as country6_0_0_, address0_.postal_code as postal_c7_0_0_, address0_.is_shipping as is_shipp8_0_0_, address0_.state as state9_0_0_, address0_.user_id as user_id10_0_0_ from Address address0_ where address0_.id=? for update
10:00:56.697 [main] DEBUG org.hibernate.loader.plan.build.internal.spaces.QuerySpacesImpl - Adding QuerySpace : uid = &lt;gen:0&gt; -&gt; org.hibernate.loader.plan.build.internal.spaces.EntityQuerySpaceImpl@11d4dbd6]
10:00:56.697 [main] DEBUG org.hibernate.persister.walking.spi.MetamodelGraphWalker - Visiting attribute path : addressLineOne
10:00:56.697 [main] DEBUG org.hibernate.persister.walking.spi.MetamodelGraphWalker - Visiting attribute path : addressLineTwo
10:00:56.697 [main] DEBUG org.hibernate.persister.walking.spi.MetamodelGraphWalker - Visiting attribute path : billing
10:00:56.698 [main] DEBUG org.hibernate.persister.walking.spi.MetamodelGraphWalker - Visiting attribute path : city
10:00:56.698 [main] DEBUG org.hibernate.persister.walking.spi.MetamodelGraphWalker - Visiting attribute path : country
10:00:56.698 [main] DEBUG org.hibernate.persister.walking.spi.MetamodelGraphWalker - Visiting attribute path : postalCode
10:00:56.698 [main] DEBUG org.hibernate.persister.walking.spi.MetamodelGraphWalker - Visiting attribute path : shipping
10:00:56.698 [main] DEBUG org.hibernate.persister.walking.spi.MetamodelGraphWalker - Visiting attribute path : state
10:00:56.699 [main] DEBUG org.hibernate.persister.walking.spi.MetamodelGraphWalker - Visiting attribute path : userId
10:00:56.699 [main] DEBUG org.hibernate.loader.plan.build.internal.FetchStyleLoadPlanBuildingAssociationVisitationStrategy - Building LoadPlan...
10:00:56.699 [main] DEBUG org.hibernate.loader.plan.exec.internal.LoadQueryJoinAndFetchProcessor - processing queryspace &lt;gen:0&gt;
10:00:56.700 [main] DEBUG org.hibernate.loader.plan.build.spi.LoadPlanTreePrinter - LoadPlan(entity=com.shoppingbackend.model.Address)
    - Returns
       - EntityReturnImpl(entity=com.shoppingbackend.model.Address, querySpaceUid=&lt;gen:0&gt;, path=com.shoppingbackend.model.Address)
    - QuerySpaces
       - EntityQuerySpaceImpl(uid=&lt;gen:0&gt;, entity=com.shoppingbackend.model.Address)
          - SQL table alias mapping - address0_
          - alias suffix - 0_
          - suffixed key columns - {id1_0_0_}

10:00:56.700 [main] DEBUG org.hibernate.loader.entity.plan.EntityLoader - Static select for entity com.shoppingbackend.model.Address [UPGRADE_SKIPLOCKED]: select address0_.id as id1_0_0_, address0_.address_line_one as address_2_0_0_, address0_.address_line_two as address_3_0_0_, address0_.is_billing as is_billi4_0_0_, address0_.city as city5_0_0_, address0_.country as country6_0_0_, address0_.postal_code as postal_c7_0_0_, address0_.is_shipping as is_shipp8_0_0_, address0_.state as state9_0_0_, address0_.user_id as user_id10_0_0_ from Address address0_ where address0_.id=? for update
10:00:56.701 [main] DEBUG org.hibernate.loader.plan.build.internal.spaces.QuerySpacesImpl - Adding QuerySpace : uid = &lt;gen:0&gt; -&gt; org.hibernate.loader.plan.build.internal.spaces.EntityQuerySpaceImpl@39e43310]
10:00:56.702 [main] DEBUG org.hibernate.persister.walking.spi.MetamodelGraphWalker - Visiting attribute path : addressLineOne
10:00:56.702 [main] DEBUG org.hibernate.persister.walking.spi.MetamodelGraphWalker - Visiting attribute path : addressLineTwo
10:00:56.702 [main] DEBUG org.hibernate.persister.walking.spi.MetamodelGraphWalker - Visiting attribute path : billing
10:00:56.702 [main] DEBUG org.hibernate.persister.walking.spi.MetamodelGraphWalker - Visiting attribute path : city
10:00:56.704 [main] DEBUG org.hibernate.persister.walking.spi.MetamodelGraphWalker - Visiting attribute path : country
10:00:56.704 [main] DEBUG org.hibernate.persister.walking.spi.MetamodelGraphWalker - Visiting attribute path : postalCode
10:00:56.704 [main] DEBUG org.hibernate.persister.walking.spi.MetamodelGraphWalker - Visiting attribute path : shipping
10:00:56.704 [main] DEBUG org.hibernate.persister.walking.spi.MetamodelGraphWalker - Visiting attribute path : state
10:00:56.705 [main] DEBUG org.hibernate.persister.walking.spi.MetamodelGraphWalker - Visiting attribute path : userId
10:00:56.705 [main] DEBUG org.hibernate.loader.plan.build.internal.FetchStyleLoadPlanBuildingAssociationVisitationStrategy - Building LoadPlan...
10:00:56.705 [main] DEBUG org.hibernate.loader.plan.exec.internal.LoadQueryJoinAndFetchProcessor - processing queryspace &lt;gen:0&gt;
10:00:56.706 [main] DEBUG org.hibernate.loader.plan.build.spi.LoadPlanTreePrinter - LoadPlan(entity=com.shoppingbackend.model.Address)
    - Returns
       - EntityReturnImpl(entity=com.shoppingbackend.model.Address, querySpaceUid=&lt;gen:0&gt;, path=com.shoppingbackend.model.Address)
    - QuerySpaces
       - EntityQuerySpaceImpl(uid=&lt;gen:0&gt;, entity=com.shoppingbackend.model.Address)
          - SQL table alias mapping - address0_
          - alias suffix - 0_
          - suffixed key columns - {id1_0_0_}

10:00:56.707 [main] DEBUG org.hibernate.loader.entity.plan.EntityLoader - Static select for entity com.shoppingbackend.model.Address [FORCE]: select address0_.id as id1_0_0_, address0_.address_line_one as address_2_0_0_, address0_.address_line_two as address_3_0_0_, address0_.is_billing as is_billi4_0_0_, address0_.city as city5_0_0_, address0_.country as country6_0_0_, address0_.postal_code as postal_c7_0_0_, address0_.is_shipping as is_shipp8_0_0_, address0_.state as state9_0_0_, address0_.user_id as user_id10_0_0_ from Address address0_ where address0_.id=? for update
10:00:56.708 [main] DEBUG org.hibernate.loader.plan.build.internal.spaces.QuerySpacesImpl - Adding QuerySpace : uid = &lt;gen:0&gt; -&gt; org.hibernate.loader.plan.build.internal.spaces.EntityQuerySpaceImpl@390877d2]
10:00:56.708 [main] DEBUG org.hibernate.persister.walking.spi.MetamodelGraphWalker - Visiting attribute path : addressLineOne
10:00:56.708 [main] DEBUG org.hibernate.persister.walking.spi.MetamodelGraphWalker - Visiting attribute path : addressLineTwo
10:00:56.708 [main] DEBUG org.hibernate.persister.walking.spi.MetamodelGraphWalker - Visiting attribute path : billing
10:00:56.709 [main] DEBUG org.hibernate.persister.walking.spi.MetamodelGraphWalker - Visiting attribute path : city
10:00:56.709 [main] DEBUG org.hibernate.persister.walking.spi.MetamodelGraphWalker - Visiting attribute path : country
10:00:56.709 [main] DEBUG org.hibernate.persister.walking.spi.MetamodelGraphWalker - Visiting attribute path : postalCode
10:00:56.709 [main] DEBUG org.hibernate.persister.walking.spi.MetamodelGraphWalker - Visiting attribute path : shipping
10:00:56.709 [main] DEBUG org.hibernate.persister.walking.spi.MetamodelGraphWalker - Visiting attribute path : state
10:00:56.710 [main] DEBUG org.hibernate.persister.walking.spi.MetamodelGraphWalker - Visiting attribute path : userId
10:00:56.710 [main] DEBUG org.hibernate.loader.plan.build.internal.FetchStyleLoadPlanBuildingAssociationVisitationStrategy - Building LoadPlan...
10:00:56.710 [main] DEBUG org.hibernate.loader.plan.exec.internal.LoadQueryJoinAndFetchProcessor - processing queryspace &lt;gen:0&gt;
10:00:56.711 [main] DEBUG org.hibernate.loader.plan.build.spi.LoadPlanTreePrinter - LoadPlan(entity=com.shoppingbackend.model.Address)
    - Returns
       - EntityReturnImpl(entity=com.shoppingbackend.model.Address, querySpaceUid=&lt;gen:0&gt;, path=com.shoppingbackend.model.Address)
    - QuerySpaces
       - EntityQuerySpaceImpl(uid=&lt;gen:0&gt;, entity=com.shoppingbackend.model.Address)
          - SQL table alias mapping - address0_
          - alias suffix - 0_
          - suffixed key columns - {id1_0_0_}

10:00:56.711 [main] DEBUG org.hibernate.loader.entity.plan.EntityLoader - Static select for entity com.shoppingbackend.model.Address [PESSIMISTIC_READ]: select address0_.id as id1_0_0_, address0_.address_line_one as address_2_0_0_, address0_.address_line_two as address_3_0_0_, address0_.is_billing as is_billi4_0_0_, address0_.city as city5_0_0_, address0_.country as country6_0_0_, address0_.postal_code as postal_c7_0_0_, address0_.is_shipping as is_shipp8_0_0_, address0_.state as state9_0_0_, address0_.user_id as user_id10_0_0_ from Address address0_ where address0_.id=? for update
10:00:56.712 [main] DEBUG org.hibernate.loader.plan.build.internal.spaces.QuerySpacesImpl - Adding QuerySpace : uid = &lt;gen:0&gt; -&gt; org.hibernate.loader.plan.build.internal.spaces.EntityQuerySpaceImpl@186cb891]
10:00:56.712 [main] DEBUG org.hibernate.persister.walking.spi.MetamodelGraphWalker - Visiting attribute path : addressLineOne
10:00:56.714 [main] DEBUG org.hibernate.persister.walking.spi.MetamodelGraphWalker - Visiting attribute path : addressLineTwo
10:00:56.714 [main] DEBUG org.hibernate.persister.walking.spi.MetamodelGraphWalker - Visiting attribute path : billing
10:00:56.714 [main] DEBUG org.hibernate.persister.walking.spi.MetamodelGraphWalker - Visiting attribute path : city
10:00:56.714 [main] DEBUG org.hibernate.persister.walking.spi.MetamodelGraphWalker - Visiting attribute path : country
10:00:56.714 [main] DEBUG org.hibernate.persister.walking.spi.MetamodelGraphWalker - Visiting attribute path : postalCode
10:00:56.715 [main] DEBUG org.hibernate.persister.walking.spi.MetamodelGraphWalker - Visiting attribute path : shipping
10:00:56.715 [main] DEBUG org.hibernate.persister.walking.spi.MetamodelGraphWalker - Visiting attribute path : state
10:00:56.715 [main] DEBUG org.hibernate.persister.walking.spi.MetamodelGraphWalker - Visiting attribute path : userId
10:00:56.715 [main] DEBUG org.hibernate.loader.plan.build.internal.FetchStyleLoadPlanBuildingAssociationVisitationStrategy - Building LoadPlan...
10:00:56.716 [main] DEBUG org.hibernate.loader.plan.exec.internal.LoadQueryJoinAndFetchProcessor - processing queryspace &lt;gen:0&gt;
10:00:56.716 [main] DEBUG org.hibernate.loader.plan.build.spi.LoadPlanTreePrinter - LoadPlan(entity=com.shoppingbackend.model.Address)
    - Returns
       - EntityReturnImpl(entity=com.shoppingbackend.model.Address, querySpaceUid=&lt;gen:0&gt;, path=com.shoppingbackend.model.Address)
    - QuerySpaces
       - EntityQuerySpaceImpl(uid=&lt;gen:0&gt;, entity=com.shoppingbackend.model.Address)
          - SQL table alias mapping - address0_
          - alias suffix - 0_
          - suffixed key columns - {id1_0_0_}

10:00:56.717 [main] DEBUG org.hibernate.loader.entity.plan.EntityLoader - Static select for entity com.shoppingbackend.model.Address [PESSIMISTIC_WRITE]: select address0_.id as id1_0_0_, address0_.address_line_one as address_2_0_0_, address0_.address_line_two as address_3_0_0_, address0_.is_billing as is_billi4_0_0_, address0_.city as city5_0_0_, address0_.country as country6_0_0_, address0_.postal_code as postal_c7_0_0_, address0_.is_shipping as is_shipp8_0_0_, address0_.state as state9_0_0_, address0_.user_id as user_id10_0_0_ from Address address0_ where address0_.id=? for update
10:00:56.717 [main] DEBUG org.hibernate.loader.plan.build.internal.spaces.QuerySpacesImpl - Adding QuerySpace : uid = &lt;gen:0&gt; -&gt; org.hibernate.loader.plan.build.internal.spaces.EntityQuerySpaceImpl@440eaa07]
10:00:56.717 [main] DEBUG org.hibernate.persister.walking.spi.MetamodelGraphWalker - Visiting attribute path : addressLineOne
10:00:56.718 [main] DEBUG org.hibernate.persister.walking.spi.MetamodelGraphWalker - Visiting attribute path : addressLineTwo
10:00:56.718 [main] DEBUG org.hibernate.persister.walking.spi.MetamodelGraphWalker - Visiting attribute path : billing
10:00:56.718 [main] DEBUG org.hibernate.persister.walking.spi.MetamodelGraphWalker - Visiting attribute path : city
10:00:56.718 [main] DEBUG org.hibernate.persister.walking.spi.MetamodelGraphWalker - Visiting attribute path : country
10:00:56.718 [main] DEBUG org.hibernate.persister.walking.spi.MetamodelGraphWalker - Visiting attribute path : postalCode
10:00:56.718 [main] DEBUG org.hibernate.persister.walking.spi.MetamodelGraphWalker - Visiting attribute path : shipping
10:00:56.719 [main] DEBUG org.hibernate.persister.walking.spi.MetamodelGraphWalker - Visiting attribute path : state
10:00:56.719 [main] DEBUG org.hibernate.persister.walking.spi.MetamodelGraphWalker - Visiting attribute path : userId
10:00:56.719 [main] DEBUG org.hibernate.loader.plan.build.internal.FetchStyleLoadPlanBuildingAssociationVisitationStrategy - Building LoadPlan...
10:00:56.719 [main] DEBUG org.hibernate.loader.plan.exec.internal.LoadQueryJoinAndFetchProcessor - processing queryspace &lt;gen:0&gt;
10:00:56.720 [main] DEBUG org.hibernate.loader.plan.build.spi.LoadPlanTreePrinter - LoadPlan(entity=com.shoppingbackend.model.Address)
    - Returns
       - EntityReturnImpl(entity=com.shoppingbackend.model.Address, querySpaceUid=&lt;gen:0&gt;, path=com.shoppingbackend.model.Address)
    - QuerySpaces
       - EntityQuerySpaceImpl(uid=&lt;gen:0&gt;, entity=com.shoppingbackend.model.Address)
          - SQL table alias mapping - address0_
          - alias suffix - 0_
          - suffixed key columns - {id1_0_0_}

10:00:56.721 [main] DEBUG org.hibernate.loader.entity.plan.EntityLoader - Static select for entity com.shoppingbackend.model.Address [PESSIMISTIC_FORCE_INCREMENT]: select address0_.id as id1_0_0_, address0_.address_line_one as address_2_0_0_, address0_.address_line_two as address_3_0_0_, address0_.is_billing as is_billi4_0_0_, address0_.city as city5_0_0_, address0_.country as country6_0_0_, address0_.postal_code as postal_c7_0_0_, address0_.is_shipping as is_shipp8_0_0_, address0_.state as state9_0_0_, address0_.user_id as user_id10_0_0_ from Address address0_ where address0_.id=? for update
10:00:56.724 [main] DEBUG org.hibernate.loader.plan.build.internal.spaces.QuerySpacesImpl - Adding QuerySpace : uid = &lt;gen:0&gt; -&gt; org.hibernate.loader.plan.build.internal.spaces.EntityQuerySpaceImpl@7aa9e414]
10:00:56.724 [main] DEBUG org.hibernate.persister.walking.spi.MetamodelGraphWalker - Visiting attribute path : addressLineOne
10:00:56.724 [main] DEBUG org.hibernate.persister.walking.spi.MetamodelGraphWalker - Visiting attribute path : addressLineTwo
10:00:56.725 [main] DEBUG org.hibernate.persister.walking.spi.MetamodelGraphWalker - Visiting attribute path : billing
10:00:56.726 [main] DEBUG org.hibernate.persister.walking.spi.MetamodelGraphWalker - Visiting attribute path : city
10:00:56.726 [main] DEBUG org.hibernate.persister.walking.spi.MetamodelGraphWalker - Visiting attribute path : country
10:00:56.726 [main] DEBUG org.hibernate.persister.walking.spi.MetamodelGraphWalker - Visiting attribute path : postalCode
10:00:56.727 [main] DEBUG org.hibernate.persister.walking.spi.MetamodelGraphWalker - Visiting attribute path : shipping
10:00:56.727 [main] DEBUG org.hibernate.persister.walking.spi.MetamodelGraphWalker - Visiting attribute path : state
10:00:56.727 [main] DEBUG org.hibernate.persister.walking.spi.MetamodelGraphWalker - Visiting attribute path : userId
10:00:56.727 [main] DEBUG org.hibernate.loader.plan.build.internal.FetchStyleLoadPlanBuildingAssociationVisitationStrategy - Building LoadPlan...
10:00:56.728 [main] DEBUG org.hibernate.loader.plan.exec.internal.LoadQueryJoinAndFetchProcessor - processing queryspace &lt;gen:0&gt;
10:00:56.728 [main] DEBUG org.hibernate.loader.plan.build.spi.LoadPlanTreePrinter - LoadPlan(entity=com.shoppingbackend.model.Address)
    - Returns
       - EntityReturnImpl(entity=com.shoppingbackend.model.Address, querySpaceUid=&lt;gen:0&gt;, path=com.shoppingbackend.model.Address)
    - QuerySpaces
       - EntityQuerySpaceImpl(uid=&lt;gen:0&gt;, entity=com.shoppingbackend.model.Address)
          - SQL table alias mapping - address0_
          - alias suffix - 0_
          - suffixed key columns - {id1_0_0_}

10:00:56.729 [main] DEBUG org.hibernate.loader.entity.plan.EntityLoader - Static select for entity com.shoppingbackend.model.Address [OPTIMISTIC]: select address0_.id as id1_0_0_, address0_.address_line_one as address_2_0_0_, address0_.address_line_two as address_3_0_0_, address0_.is_billing as is_billi4_0_0_, address0_.city as city5_0_0_, address0_.country as country6_0_0_, address0_.postal_code as postal_c7_0_0_, address0_.is_shipping as is_shipp8_0_0_, address0_.state as state9_0_0_, address0_.user_id as user_id10_0_0_ from Address address0_ where address0_.id=?
10:00:56.729 [main] DEBUG org.hibernate.loader.plan.build.internal.spaces.QuerySpacesImpl - Adding QuerySpace : uid = &lt;gen:0&gt; -&gt; org.hibernate.loader.plan.build.internal.spaces.EntityQuerySpaceImpl@624a24f6]
10:00:56.730 [main] DEBUG org.hibernate.persister.walking.spi.MetamodelGraphWalker - Visiting attribute path : addressLineOne
10:00:56.730 [main] DEBUG org.hibernate.persister.walking.spi.MetamodelGraphWalker - Visiting attribute path : addressLineTwo
10:00:56.730 [main] DEBUG org.hibernate.persister.walking.spi.MetamodelGraphWalker - Visiting attribute path : billing
10:00:56.730 [main] DEBUG org.hibernate.persister.walking.spi.MetamodelGraphWalker - Visiting attribute path : city
10:00:56.730 [main] DEBUG org.hibernate.persister.walking.spi.MetamodelGraphWalker - Visiting attribute path : country
10:00:56.731 [main] DEBUG org.hibernate.persister.walking.spi.MetamodelGraphWalker - Visiting attribute path : postalCode
10:00:56.731 [main] DEBUG org.hibernate.persister.walking.spi.MetamodelGraphWalker - Visiting attribute path : shipping
10:00:56.732 [main] DEBUG org.hibernate.persister.walking.spi.MetamodelGraphWalker - Visiting attribute path : state
10:00:56.732 [main] DEBUG org.hibernate.persister.walking.spi.MetamodelGraphWalker - Visiting attribute path : userId
10:00:56.732 [main] DEBUG org.hibernate.loader.plan.build.internal.FetchStyleLoadPlanBuildingAssociationVisitationStrategy - Building LoadPlan...
10:00:56.734 [main] DEBUG org.hibernate.loader.plan.exec.internal.LoadQueryJoinAndFetchProcessor - processing queryspace &lt;gen:0&gt;
10:00:56.735 [main] DEBUG org.hibernate.loader.plan.build.spi.LoadPlanTreePrinter - LoadPlan(entity=com.shoppingbackend.model.Address)
    - Returns
       - EntityReturnImpl(entity=com.shoppingbackend.model.Address, querySpaceUid=&lt;gen:0&gt;, path=com.shoppingbackend.model.Address)
    - QuerySpaces
       - EntityQuerySpaceImpl(uid=&lt;gen:0&gt;, entity=com.shoppingbackend.model.Address)
          - SQL table alias mapping - address0_
          - alias suffix - 0_
          - suffixed key columns - {id1_0_0_}

10:00:56.735 [main] DEBUG org.hibernate.loader.entity.plan.EntityLoader - Static select for entity com.shoppingbackend.model.Address [OPTIMISTIC_FORCE_INCREMENT]: select address0_.id as id1_0_0_, address0_.address_line_one as address_2_0_0_, address0_.address_line_two as address_3_0_0_, address0_.is_billing as is_billi4_0_0_, address0_.city as city5_0_0_, address0_.country as country6_0_0_, address0_.postal_code as postal_c7_0_0_, address0_.is_shipping as is_shipp8_0_0_, address0_.state as state9_0_0_, address0_.user_id as user_id10_0_0_ from Address address0_ where address0_.id=?
10:00:56.736 [main] DEBUG org.hibernate.loader.Loader - Static select for action ACTION_MERGE on entity com.shoppingbackend.model.Address: select address0_.id as id1_0_0_, address0_.address_line_one as address_2_0_0_, address0_.address_line_two as address_3_0_0_, address0_.is_billing as is_billi4_0_0_, address0_.city as city5_0_0_, address0_.country as country6_0_0_, address0_.postal_code as postal_c7_0_0_, address0_.is_shipping as is_shipp8_0_0_, address0_.state as state9_0_0_, address0_.user_id as user_id10_0_0_ from Address address0_ where address0_.id=?
10:00:56.737 [main] DEBUG org.hibernate.loader.Loader - Static select for action ACTION_REFRESH on entity com.shoppingbackend.model.Address: select address0_.id as id1_0_0_, address0_.address_line_one as address_2_0_0_, address0_.address_line_two as address_3_0_0_, address0_.is_billing as is_billi4_0_0_, address0_.city as city5_0_0_, address0_.country as country6_0_0_, address0_.postal_code as postal_c7_0_0_, address0_.is_shipping as is_shipp8_0_0_, address0_.state as state9_0_0_, address0_.user_id as user_id10_0_0_ from Address address0_ where address0_.id=?
10:00:56.740 [main] DEBUG org.hibernate.persister.entity.AbstractEntityPersister - Static SQL for entity: com.shoppingbackend.model.Product
10:00:56.740 [main] DEBUG org.hibernate.persister.entity.AbstractEntityPersister -  Version select: select id from Product where id =?
10:00:56.740 [main] DEBUG org.hibernate.persister.entity.AbstractEntityPersister -  Snapshot select: select product_.id, product_.is_active as is_activ2_6_, product_.brand as brand3_6_, product_.category_id as category4_6_, product_.code as code5_6_, product_.description as descript6_6_, product_.name as name7_6_, product_.purchases as purchase8_6_, product_.quantity as quantity9_6_, product_.supplier_id as supplie10_6_, product_.unit_price as unit_pr11_6_, product_.views as views12_6_ from Product product_ where product_.id=?
10:00:56.741 [main] DEBUG org.hibernate.persister.entity.AbstractEntityPersister -  Insert 0: insert into Product (is_active, brand, category_id, code, description, name, purchases, quantity, supplier_id, unit_price, views, id) values (?, ?, ?, ?, ?, ?, ?, ?, ?, ?, ?, ?)
10:00:56.741 [main] DEBUG org.hibernate.persister.entity.AbstractEntityPersister -  Update 0: update Product set is_active=?, brand=?, category_id=?, code=?, description=?, name=?, purchases=?, quantity=?, supplier_id=?, unit_price=?, views=? where id=?
10:00:56.741 [main] DEBUG org.hibernate.persister.entity.AbstractEntityPersister -  Delete 0: delete from Product where id=?
10:00:56.742 [main] DEBUG org.hibernate.persister.entity.AbstractEntityPersister -  Identity insert: insert into Product (id, is_active, brand, category_id, code, description, name, purchases, quantity, supplier_id, unit_price, views) values (null, ?, ?, ?, ?, ?, ?, ?, ?, ?, ?, ?)
10:00:56.742 [main] DEBUG org.hibernate.loader.plan.build.internal.spaces.QuerySpacesImpl - Adding QuerySpace : uid = &lt;gen:0&gt; -&gt; org.hibernate.loader.plan.build.internal.spaces.EntityQuerySpaceImpl@338cc75f]
10:00:56.744 [main] DEBUG org.hibernate.persister.walking.spi.MetamodelGraphWalker - Visiting attribute path : active
10:00:56.744 [main] DEBUG org.hibernate.persister.walking.spi.MetamodelGraphWalker - Visiting attribute path : brand
10:00:56.744 [main] DEBUG org.hibernate.persister.walking.spi.MetamodelGraphWalker - Visiting attribute path : categoryId
10:00:56.744 [main] DEBUG org.hibernate.persister.walking.spi.MetamodelGraphWalker - Visiting attribute path : code
10:00:56.744 [main] DEBUG org.hibernate.persister.walking.spi.MetamodelGraphWalker - Visiting attribute path : description
10:00:56.745 [main] DEBUG org.hibernate.persister.walking.spi.MetamodelGraphWalker - Visiting attribute path : name
10:00:56.745 [main] DEBUG org.hibernate.persister.walking.spi.MetamodelGraphWalker - Visiting attribute path : purchases
10:00:56.745 [main] DEBUG org.hibernate.persister.walking.spi.MetamodelGraphWalker - Visiting attribute path : quantity
10:00:56.745 [main] DEBUG org.hibernate.persister.walking.spi.MetamodelGraphWalker - Visiting attribute path : supplierId
10:00:56.745 [main] DEBUG org.hibernate.persister.walking.spi.MetamodelGraphWalker - Visiting attribute path : unitPrice
10:00:56.746 [main] DEBUG org.hibernate.persister.walking.spi.MetamodelGraphWalker - Visiting attribute path : views
10:00:56.746 [main] DEBUG org.hibernate.loader.plan.build.internal.FetchStyleLoadPlanBuildingAssociationVisitationStrategy - Building LoadPlan...
10:00:56.746 [main] DEBUG org.hibernate.loader.plan.exec.internal.LoadQueryJoinAndFetchProcessor - processing queryspace &lt;gen:0&gt;
10:00:56.748 [main] DEBUG org.hibernate.loader.plan.build.spi.LoadPlanTreePrinter - LoadPlan(entity=com.shoppingbackend.model.Product)
    - Returns
       - EntityReturnImpl(entity=com.shoppingbackend.model.Product, querySpaceUid=&lt;gen:0&gt;, path=com.shoppingbackend.model.Product)
    - QuerySpaces
       - EntityQuerySpaceImpl(uid=&lt;gen:0&gt;, entity=com.shoppingbackend.model.Product)
          - SQL table alias mapping - product0_
          - alias suffix - 0_
          - suffixed key columns - {id1_6_0_}

10:00:56.748 [main] DEBUG org.hibernate.loader.entity.plan.EntityLoader - Static select for entity com.shoppingbackend.model.Product [NONE]: select product0_.id as id1_6_0_, product0_.is_active as is_activ2_6_0_, product0_.brand as brand3_6_0_, product0_.category_id as category4_6_0_, product0_.code as code5_6_0_, product0_.description as descript6_6_0_, product0_.name as name7_6_0_, product0_.purchases as purchase8_6_0_, product0_.quantity as quantity9_6_0_, product0_.supplier_id as supplie10_6_0_, product0_.unit_price as unit_pr11_6_0_, product0_.views as views12_6_0_ from Product product0_ where product0_.id=?
10:00:56.749 [main] DEBUG org.hibernate.loader.plan.build.internal.spaces.QuerySpacesImpl - Adding QuerySpace : uid = &lt;gen:0&gt; -&gt; org.hibernate.loader.plan.build.internal.spaces.EntityQuerySpaceImpl@7c9bdee9]
10:00:56.749 [main] DEBUG org.hibernate.persister.walking.spi.MetamodelGraphWalker - Visiting attribute path : active
10:00:56.749 [main] DEBUG org.hibernate.persister.walking.spi.MetamodelGraphWalker - Visiting attribute path : brand
10:00:56.749 [main] DEBUG org.hibernate.persister.walking.spi.MetamodelGraphWalker - Visiting attribute path : categoryId
10:00:56.749 [main] DEBUG org.hibernate.persister.walking.spi.MetamodelGraphWalker - Visiting attribute path : code
10:00:56.750 [main] DEBUG org.hibernate.persister.walking.spi.MetamodelGraphWalker - Visiting attribute path : description
10:00:56.750 [main] DEBUG org.hibernate.persister.walking.spi.MetamodelGraphWalker - Visiting attribute path : name
10:00:56.750 [main] DEBUG org.hibernate.persister.walking.spi.MetamodelGraphWalker - Visiting attribute path : purchases
10:00:56.750 [main] DEBUG org.hibernate.persister.walking.spi.MetamodelGraphWalker - Visiting attribute path : quantity
10:00:56.750 [main] DEBUG org.hibernate.persister.walking.spi.MetamodelGraphWalker - Visiting attribute path : supplierId
10:00:56.751 [main] DEBUG org.hibernate.persister.walking.spi.MetamodelGraphWalker - Visiting attribute path : unitPrice
10:00:56.751 [main] DEBUG org.hibernate.persister.walking.spi.MetamodelGraphWalker - Visiting attribute path : views
10:00:56.752 [main] DEBUG org.hibernate.loader.plan.build.internal.FetchStyleLoadPlanBuildingAssociationVisitationStrategy - Building LoadPlan...
10:00:56.756 [main] DEBUG org.hibernate.loader.plan.exec.internal.LoadQueryJoinAndFetchProcessor - processing queryspace &lt;gen:0&gt;
10:00:56.765 [main] DEBUG org.hibernate.loader.plan.build.spi.LoadPlanTreePrinter - LoadPlan(entity=com.shoppingbackend.model.Product)
    - Returns
       - EntityReturnImpl(entity=com.shoppingbackend.model.Product, querySpaceUid=&lt;gen:0&gt;, path=com.shoppingbackend.model.Product)
    - QuerySpaces
       - EntityQuerySpaceImpl(uid=&lt;gen:0&gt;, entity=com.shoppingbackend.model.Product)
          - SQL table alias mapping - product0_
          - alias suffix - 0_
          - suffixed key columns - {id1_6_0_}

10:00:56.765 [main] DEBUG org.hibernate.loader.entity.plan.EntityLoader - Static select for entity com.shoppingbackend.model.Product [READ]: select product0_.id as id1_6_0_, product0_.is_active as is_activ2_6_0_, product0_.brand as brand3_6_0_, product0_.category_id as category4_6_0_, product0_.code as code5_6_0_, product0_.description as descript6_6_0_, product0_.name as name7_6_0_, product0_.purchases as purchase8_6_0_, product0_.quantity as quantity9_6_0_, product0_.supplier_id as supplie10_6_0_, product0_.unit_price as unit_pr11_6_0_, product0_.views as views12_6_0_ from Product product0_ where product0_.id=?
10:00:56.765 [main] DEBUG org.hibernate.loader.plan.build.internal.spaces.QuerySpacesImpl - Adding QuerySpace : uid = &lt;gen:0&gt; -&gt; org.hibernate.loader.plan.build.internal.spaces.EntityQuerySpaceImpl@2f98635e]
10:00:56.766 [main] DEBUG org.hibernate.persister.walking.spi.MetamodelGraphWalker - Visiting attribute path : active
10:00:56.766 [main] DEBUG org.hibernate.persister.walking.spi.MetamodelGraphWalker - Visiting attribute path : brand
10:00:56.766 [main] DEBUG org.hibernate.persister.walking.spi.MetamodelGraphWalker - Visiting attribute path : categoryId
10:00:56.766 [main] DEBUG org.hibernate.persister.walking.spi.MetamodelGraphWalker - Visiting attribute path : code
10:00:56.767 [main] DEBUG org.hibernate.persister.walking.spi.MetamodelGraphWalker - Visiting attribute path : description
10:00:56.767 [main] DEBUG org.hibernate.persister.walking.spi.MetamodelGraphWalker - Visiting attribute path : name
10:00:56.767 [main] DEBUG org.hibernate.persister.walking.spi.MetamodelGraphWalker - Visiting attribute path : purchases
10:00:56.767 [main] DEBUG org.hibernate.persister.walking.spi.MetamodelGraphWalker - Visiting attribute path : quantity
10:00:56.767 [main] DEBUG org.hibernate.persister.walking.spi.MetamodelGraphWalker - Visiting attribute path : supplierId
10:00:56.768 [main] DEBUG org.hibernate.persister.walking.spi.MetamodelGraphWalker - Visiting attribute path : unitPrice
10:00:56.768 [main] DEBUG org.hibernate.persister.walking.spi.MetamodelGraphWalker - Visiting attribute path : views
10:00:56.768 [main] DEBUG org.hibernate.loader.plan.build.internal.FetchStyleLoadPlanBuildingAssociationVisitationStrategy - Building LoadPlan...
10:00:56.770 [main] DEBUG org.hibernate.loader.plan.exec.internal.LoadQueryJoinAndFetchProcessor - processing queryspace &lt;gen:0&gt;
10:00:56.772 [main] DEBUG org.hibernate.loader.plan.build.spi.LoadPlanTreePrinter - LoadPlan(entity=com.shoppingbackend.model.Product)
    - Returns
       - EntityReturnImpl(entity=com.shoppingbackend.model.Product, querySpaceUid=&lt;gen:0&gt;, path=com.shoppingbackend.model.Product)
    - QuerySpaces
       - EntityQuerySpaceImpl(uid=&lt;gen:0&gt;, entity=com.shoppingbackend.model.Product)
          - SQL table alias mapping - product0_
          - alias suffix - 0_
          - suffixed key columns - {id1_6_0_}

10:00:56.772 [main] DEBUG org.hibernate.loader.entity.plan.EntityLoader - Static select for entity com.shoppingbackend.model.Product [UPGRADE]: select product0_.id as id1_6_0_, product0_.is_active as is_activ2_6_0_, product0_.brand as brand3_6_0_, product0_.category_id as category4_6_0_, product0_.code as code5_6_0_, product0_.description as descript6_6_0_, product0_.name as name7_6_0_, product0_.purchases as purchase8_6_0_, product0_.quantity as quantity9_6_0_, product0_.supplier_id as supplie10_6_0_, product0_.unit_price as unit_pr11_6_0_, product0_.views as views12_6_0_ from Product product0_ where product0_.id=? for update
10:00:56.774 [main] DEBUG org.hibernate.loader.plan.build.internal.spaces.QuerySpacesImpl - Adding QuerySpace : uid = &lt;gen:0&gt; -&gt; org.hibernate.loader.plan.build.internal.spaces.EntityQuerySpaceImpl@6b0615ae]
10:00:56.774 [main] DEBUG org.hibernate.persister.walking.spi.MetamodelGraphWalker - Visiting attribute path : active
10:00:56.774 [main] DEBUG org.hibernate.persister.walking.spi.MetamodelGraphWalker - Visiting attribute path : brand
10:00:56.774 [main] DEBUG org.hibernate.persister.walking.spi.MetamodelGraphWalker - Visiting attribute path : categoryId
10:00:56.775 [main] DEBUG org.hibernate.persister.walking.spi.MetamodelGraphWalker - Visiting attribute path : code
10:00:56.775 [main] DEBUG org.hibernate.persister.walking.spi.MetamodelGraphWalker - Visiting attribute path : description
10:00:56.775 [main] DEBUG org.hibernate.persister.walking.spi.MetamodelGraphWalker - Visiting attribute path : name
10:00:56.775 [main] DEBUG org.hibernate.persister.walking.spi.MetamodelGraphWalker - Visiting attribute path : purchases
10:00:56.775 [main] DEBUG org.hibernate.persister.walking.spi.MetamodelGraphWalker - Visiting attribute path : quantity
10:00:56.776 [main] DEBUG org.hibernate.persister.walking.spi.MetamodelGraphWalker - Visiting attribute path : supplierId
10:00:56.776 [main] DEBUG org.hibernate.persister.walking.spi.MetamodelGraphWalker - Visiting attribute path : unitPrice
10:00:56.776 [main] DEBUG org.hibernate.persister.walking.spi.MetamodelGraphWalker - Visiting attribute path : views
10:00:56.776 [main] DEBUG org.hibernate.loader.plan.build.internal.FetchStyleLoadPlanBuildingAssociationVisitationStrategy - Building LoadPlan...
10:00:56.777 [main] DEBUG org.hibernate.loader.plan.exec.internal.LoadQueryJoinAndFetchProcessor - processing queryspace &lt;gen:0&gt;
10:00:56.777 [main] DEBUG org.hibernate.loader.plan.build.spi.LoadPlanTreePrinter - LoadPlan(entity=com.shoppingbackend.model.Product)
    - Returns
       - EntityReturnImpl(entity=com.shoppingbackend.model.Product, querySpaceUid=&lt;gen:0&gt;, path=com.shoppingbackend.model.Product)
    - QuerySpaces
       - EntityQuerySpaceImpl(uid=&lt;gen:0&gt;, entity=com.shoppingbackend.model.Product)
          - SQL table alias mapping - product0_
          - alias suffix - 0_
          - suffixed key columns - {id1_6_0_}

10:00:56.778 [main] DEBUG org.hibernate.loader.entity.plan.EntityLoader - Static select for entity com.shoppingbackend.model.Product [UPGRADE_NOWAIT]: select product0_.id as id1_6_0_, product0_.is_active as is_activ2_6_0_, product0_.brand as brand3_6_0_, product0_.category_id as category4_6_0_, product0_.code as code5_6_0_, product0_.description as descript6_6_0_, product0_.name as name7_6_0_, product0_.purchases as purchase8_6_0_, product0_.quantity as quantity9_6_0_, product0_.supplier_id as supplie10_6_0_, product0_.unit_price as unit_pr11_6_0_, product0_.views as views12_6_0_ from Product product0_ where product0_.id=? for update
10:00:56.778 [main] DEBUG org.hibernate.loader.plan.build.internal.spaces.QuerySpacesImpl - Adding QuerySpace : uid = &lt;gen:0&gt; -&gt; org.hibernate.loader.plan.build.internal.spaces.EntityQuerySpaceImpl@221dad51]
10:00:56.778 [main] DEBUG org.hibernate.persister.walking.spi.MetamodelGraphWalker - Visiting attribute path : active
10:00:56.778 [main] DEBUG org.hibernate.persister.walking.spi.MetamodelGraphWalker - Visiting attribute path : brand
10:00:56.778 [main] DEBUG org.hibernate.persister.walking.spi.MetamodelGraphWalker - Visiting attribute path : categoryId
10:00:56.779 [main] DEBUG org.hibernate.persister.walking.spi.MetamodelGraphWalker - Visiting attribute path : code
10:00:56.779 [main] DEBUG org.hibernate.persister.walking.spi.MetamodelGraphWalker - Visiting attribute path : description
10:00:56.779 [main] DEBUG org.hibernate.persister.walking.spi.MetamodelGraphWalker - Visiting attribute path : name
10:00:56.779 [main] DEBUG org.hibernate.persister.walking.spi.MetamodelGraphWalker - Visiting attribute path : purchases
10:00:56.779 [main] DEBUG org.hibernate.persister.walking.spi.MetamodelGraphWalker - Visiting attribute path : quantity
10:00:56.779 [main] DEBUG org.hibernate.persister.walking.spi.MetamodelGraphWalker - Visiting attribute path : supplierId
10:00:56.780 [main] DEBUG org.hibernate.persister.walking.spi.MetamodelGraphWalker - Visiting attribute path : unitPrice
10:00:56.780 [main] DEBUG org.hibernate.persister.walking.spi.MetamodelGraphWalker - Visiting attribute path : views
10:00:56.780 [main] DEBUG org.hibernate.loader.plan.build.internal.FetchStyleLoadPlanBuildingAssociationVisitationStrategy - Building LoadPlan...
10:00:56.780 [main] DEBUG org.hibernate.loader.plan.exec.internal.LoadQueryJoinAndFetchProcessor - processing queryspace &lt;gen:0&gt;
10:00:56.782 [main] DEBUG org.hibernate.loader.plan.build.spi.LoadPlanTreePrinter - LoadPlan(entity=com.shoppingbackend.model.Product)
    - Returns
       - EntityReturnImpl(entity=com.shoppingbackend.model.Product, querySpaceUid=&lt;gen:0&gt;, path=com.shoppingbackend.model.Product)
    - QuerySpaces
       - EntityQuerySpaceImpl(uid=&lt;gen:0&gt;, entity=com.shoppingbackend.model.Product)
          - SQL table alias mapping - product0_
          - alias suffix - 0_
          - suffixed key columns - {id1_6_0_}

10:00:56.782 [main] DEBUG org.hibernate.loader.entity.plan.EntityLoader - Static select for entity com.shoppingbackend.model.Product [UPGRADE_SKIPLOCKED]: select product0_.id as id1_6_0_, product0_.is_active as is_activ2_6_0_, product0_.brand as brand3_6_0_, product0_.category_id as category4_6_0_, product0_.code as code5_6_0_, product0_.description as descript6_6_0_, product0_.name as name7_6_0_, product0_.purchases as purchase8_6_0_, product0_.quantity as quantity9_6_0_, product0_.supplier_id as supplie10_6_0_, product0_.unit_price as unit_pr11_6_0_, product0_.views as views12_6_0_ from Product product0_ where product0_.id=? for update
10:00:56.784 [main] DEBUG org.hibernate.loader.plan.build.internal.spaces.QuerySpacesImpl - Adding QuerySpace : uid = &lt;gen:0&gt; -&gt; org.hibernate.loader.plan.build.internal.spaces.EntityQuerySpaceImpl@771cbb1a]
10:00:56.784 [main] DEBUG org.hibernate.persister.walking.spi.MetamodelGraphWalker - Visiting attribute path : active
10:00:56.784 [main] DEBUG org.hibernate.persister.walking.spi.MetamodelGraphWalker - Visiting attribute path : brand
10:00:56.784 [main] DEBUG org.hibernate.persister.walking.spi.MetamodelGraphWalker - Visiting attribute path : categoryId
10:00:56.785 [main] DEBUG org.hibernate.persister.walking.spi.MetamodelGraphWalker - Visiting attribute path : code
10:00:56.785 [main] DEBUG org.hibernate.persister.walking.spi.MetamodelGraphWalker - Visiting attribute path : description
10:00:56.785 [main] DEBUG org.hibernate.persister.walking.spi.MetamodelGraphWalker - Visiting attribute path : name
10:00:56.785 [main] DEBUG org.hibernate.persister.walking.spi.MetamodelGraphWalker - Visiting attribute path : purchases
10:00:56.785 [main] DEBUG org.hibernate.persister.walking.spi.MetamodelGraphWalker - Visiting attribute path : quantity
10:00:56.786 [main] DEBUG org.hibernate.persister.walking.spi.MetamodelGraphWalker - Visiting attribute path : supplierId
10:00:56.787 [main] DEBUG org.hibernate.persister.walking.spi.MetamodelGraphWalker - Visiting attribute path : unitPrice
10:00:56.787 [main] DEBUG org.hibernate.persister.walking.spi.MetamodelGraphWalker - Visiting attribute path : views
10:00:56.788 [main] DEBUG org.hibernate.loader.plan.build.internal.FetchStyleLoadPlanBuildingAssociationVisitationStrategy - Building LoadPlan...
10:00:56.788 [main] DEBUG org.hibernate.loader.plan.exec.internal.LoadQueryJoinAndFetchProcessor - processing queryspace &lt;gen:0&gt;
10:00:56.788 [main] DEBUG org.hibernate.loader.plan.build.spi.LoadPlanTreePrinter - LoadPlan(entity=com.shoppingbackend.model.Product)
    - Returns
       - EntityReturnImpl(entity=com.shoppingbackend.model.Product, querySpaceUid=&lt;gen:0&gt;, path=com.shoppingbackend.model.Product)
    - QuerySpaces
       - EntityQuerySpaceImpl(uid=&lt;gen:0&gt;, entity=com.shoppingbackend.model.Product)
          - SQL table alias mapping - product0_
          - alias suffix - 0_
          - suffixed key columns - {id1_6_0_}

10:00:56.789 [main] DEBUG org.hibernate.loader.entity.plan.EntityLoader - Static select for entity com.shoppingbackend.model.Product [FORCE]: select product0_.id as id1_6_0_, product0_.is_active as is_activ2_6_0_, product0_.brand as brand3_6_0_, product0_.category_id as category4_6_0_, product0_.code as code5_6_0_, product0_.description as descript6_6_0_, product0_.name as name7_6_0_, product0_.purchases as purchase8_6_0_, product0_.quantity as quantity9_6_0_, product0_.supplier_id as supplie10_6_0_, product0_.unit_price as unit_pr11_6_0_, product0_.views as views12_6_0_ from Product product0_ where product0_.id=? for update
10:00:56.790 [main] DEBUG org.hibernate.loader.plan.build.internal.spaces.QuerySpacesImpl - Adding QuerySpace : uid = &lt;gen:0&gt; -&gt; org.hibernate.loader.plan.build.internal.spaces.EntityQuerySpaceImpl@6b2e0f78]
10:00:56.794 [main] DEBUG org.hibernate.persister.walking.spi.MetamodelGraphWalker - Visiting attribute path : active
10:00:56.794 [main] DEBUG org.hibernate.persister.walking.spi.MetamodelGraphWalker - Visiting attribute path : brand
10:00:56.795 [main] DEBUG org.hibernate.persister.walking.spi.MetamodelGraphWalker - Visiting attribute path : categoryId
10:00:56.795 [main] DEBUG org.hibernate.persister.walking.spi.MetamodelGraphWalker - Visiting attribute path : code
10:00:56.795 [main] DEBUG org.hibernate.persister.walking.spi.MetamodelGraphWalker - Visiting attribute path : description
10:00:56.795 [main] DEBUG org.hibernate.persister.walking.spi.MetamodelGraphWalker - Visiting attribute path : name
10:00:56.795 [main] DEBUG org.hibernate.persister.walking.spi.MetamodelGraphWalker - Visiting attribute path : purchases
10:00:56.796 [main] DEBUG org.hibernate.persister.walking.spi.MetamodelGraphWalker - Visiting attribute path : quantity
10:00:56.796 [main] DEBUG org.hibernate.persister.walking.spi.MetamodelGraphWalker - Visiting attribute path : supplierId
10:00:56.796 [main] DEBUG org.hibernate.persister.walking.spi.MetamodelGraphWalker - Visiting attribute path : unitPrice
10:00:56.796 [main] DEBUG org.hibernate.persister.walking.spi.MetamodelGraphWalker - Visiting attribute path : views
10:00:56.797 [main] DEBUG org.hibernate.loader.plan.build.internal.FetchStyleLoadPlanBuildingAssociationVisitationStrategy - Building LoadPlan...
10:00:56.868 [main] DEBUG org.hibernate.loader.plan.exec.internal.LoadQueryJoinAndFetchProcessor - processing queryspace &lt;gen:0&gt;
10:00:56.869 [main] DEBUG org.hibernate.loader.plan.build.spi.LoadPlanTreePrinter - LoadPlan(entity=com.shoppingbackend.model.Product)
    - Returns
       - EntityReturnImpl(entity=com.shoppingbackend.model.Product, querySpaceUid=&lt;gen:0&gt;, path=com.shoppingbackend.model.Product)
    - QuerySpaces
       - EntityQuerySpaceImpl(uid=&lt;gen:0&gt;, entity=com.shoppingbackend.model.Product)
          - SQL table alias mapping - product0_
          - alias suffix - 0_
          - suffixed key columns - {id1_6_0_}

10:00:56.870 [main] DEBUG org.hibernate.loader.entity.plan.EntityLoader - Static select for entity com.shoppingbackend.model.Product [PESSIMISTIC_READ]: select product0_.id as id1_6_0_, product0_.is_active as is_activ2_6_0_, product0_.brand as brand3_6_0_, product0_.category_id as category4_6_0_, product0_.code as code5_6_0_, product0_.description as descript6_6_0_, product0_.name as name7_6_0_, product0_.purchases as purchase8_6_0_, product0_.quantity as quantity9_6_0_, product0_.supplier_id as supplie10_6_0_, product0_.unit_price as unit_pr11_6_0_, product0_.views as views12_6_0_ from Product product0_ where product0_.id=? for update
10:00:56.870 [main] DEBUG org.hibernate.loader.plan.build.internal.spaces.QuerySpacesImpl - Adding QuerySpace : uid = &lt;gen:0&gt; -&gt; org.hibernate.loader.plan.build.internal.spaces.EntityQuerySpaceImpl@3659d7b1]
10:00:56.871 [main] DEBUG org.hibernate.persister.walking.spi.MetamodelGraphWalker - Visiting attribute path : active
10:00:56.871 [main] DEBUG org.hibernate.persister.walking.spi.MetamodelGraphWalker - Visiting attribute path : brand
10:00:56.871 [main] DEBUG org.hibernate.persister.walking.spi.MetamodelGraphWalker - Visiting attribute path : categoryId
10:00:56.872 [main] DEBUG org.hibernate.persister.walking.spi.MetamodelGraphWalker - Visiting attribute path : code
10:00:56.872 [main] DEBUG org.hibernate.persister.walking.spi.MetamodelGraphWalker - Visiting attribute path : description
10:00:56.872 [main] DEBUG org.hibernate.persister.walking.spi.MetamodelGraphWalker - Visiting attribute path : name
10:00:56.872 [main] DEBUG org.hibernate.persister.walking.spi.MetamodelGraphWalker - Visiting attribute path : purchases
10:00:56.872 [main] DEBUG org.hibernate.persister.walking.spi.MetamodelGraphWalker - Visiting attribute path : quantity
10:00:56.874 [main] DEBUG org.hibernate.persister.walking.spi.MetamodelGraphWalker - Visiting attribute path : supplierId
10:00:56.874 [main] DEBUG org.hibernate.persister.walking.spi.MetamodelGraphWalker - Visiting attribute path : unitPrice
10:00:56.875 [main] DEBUG org.hibernate.persister.walking.spi.MetamodelGraphWalker - Visiting attribute path : views
10:00:56.875 [main] DEBUG org.hibernate.loader.plan.build.internal.FetchStyleLoadPlanBuildingAssociationVisitationStrategy - Building LoadPlan...
10:00:56.879 [main] DEBUG org.hibernate.loader.plan.exec.internal.LoadQueryJoinAndFetchProcessor - processing queryspace &lt;gen:0&gt;
10:00:56.879 [main] DEBUG org.hibernate.loader.plan.build.spi.LoadPlanTreePrinter - LoadPlan(entity=com.shoppingbackend.model.Product)
    - Returns
       - EntityReturnImpl(entity=com.shoppingbackend.model.Product, querySpaceUid=&lt;gen:0&gt;, path=com.shoppingbackend.model.Product)
    - QuerySpaces
       - EntityQuerySpaceImpl(uid=&lt;gen:0&gt;, entity=com.shoppingbackend.model.Product)
          - SQL table alias mapping - product0_
          - alias suffix - 0_
          - suffixed key columns - {id1_6_0_}

10:00:56.880 [main] DEBUG org.hibernate.loader.entity.plan.EntityLoader - Static select for entity com.shoppingbackend.model.Product [PESSIMISTIC_WRITE]: select product0_.id as id1_6_0_, product0_.is_active as is_activ2_6_0_, product0_.brand as brand3_6_0_, product0_.category_id as category4_6_0_, product0_.code as code5_6_0_, product0_.description as descript6_6_0_, product0_.name as name7_6_0_, product0_.purchases as purchase8_6_0_, product0_.quantity as quantity9_6_0_, product0_.supplier_id as supplie10_6_0_, product0_.unit_price as unit_pr11_6_0_, product0_.views as views12_6_0_ from Product product0_ where product0_.id=? for update
10:00:56.880 [main] DEBUG org.hibernate.loader.plan.build.internal.spaces.QuerySpacesImpl - Adding QuerySpace : uid = &lt;gen:0&gt; -&gt; org.hibernate.loader.plan.build.internal.spaces.EntityQuerySpaceImpl@3bdb2c78]
10:00:56.880 [main] DEBUG org.hibernate.persister.walking.spi.MetamodelGraphWalker - Visiting attribute path : active
10:00:56.880 [main] DEBUG org.hibernate.persister.walking.spi.MetamodelGraphWalker - Visiting attribute path : brand
10:00:56.881 [main] DEBUG org.hibernate.persister.walking.spi.MetamodelGraphWalker - Visiting attribute path : categoryId
10:00:56.881 [main] DEBUG org.hibernate.persister.walking.spi.MetamodelGraphWalker - Visiting attribute path : code
10:00:56.882 [main] DEBUG org.hibernate.persister.walking.spi.MetamodelGraphWalker - Visiting attribute path : description
10:00:56.882 [main] DEBUG org.hibernate.persister.walking.spi.MetamodelGraphWalker - Visiting attribute path : name
10:00:56.882 [main] DEBUG org.hibernate.persister.walking.spi.MetamodelGraphWalker - Visiting attribute path : purchases
10:00:56.882 [main] DEBUG org.hibernate.persister.walking.spi.MetamodelGraphWalker - Visiting attribute path : quantity
10:00:56.882 [main] DEBUG org.hibernate.persister.walking.spi.MetamodelGraphWalker - Visiting attribute path : supplierId
10:00:56.883 [main] DEBUG org.hibernate.persister.walking.spi.MetamodelGraphWalker - Visiting attribute path : unitPrice
10:00:56.885 [main] DEBUG org.hibernate.persister.walking.spi.MetamodelGraphWalker - Visiting attribute path : views
10:00:56.885 [main] DEBUG org.hibernate.loader.plan.build.internal.FetchStyleLoadPlanBuildingAssociationVisitationStrategy - Building LoadPlan...
10:00:56.886 [main] DEBUG org.hibernate.loader.plan.exec.internal.LoadQueryJoinAndFetchProcessor - processing queryspace &lt;gen:0&gt;
10:00:56.886 [main] DEBUG org.hibernate.loader.plan.build.spi.LoadPlanTreePrinter - LoadPlan(entity=com.shoppingbackend.model.Product)
    - Returns
       - EntityReturnImpl(entity=com.shoppingbackend.model.Product, querySpaceUid=&lt;gen:0&gt;, path=com.shoppingbackend.model.Product)
    - QuerySpaces
       - EntityQuerySpaceImpl(uid=&lt;gen:0&gt;, entity=com.shoppingbackend.model.Product)
          - SQL table alias mapping - product0_
          - alias suffix - 0_
          - suffixed key columns - {id1_6_0_}

10:00:56.886 [main] DEBUG org.hibernate.loader.entity.plan.EntityLoader - Static select for entity com.shoppingbackend.model.Product [PESSIMISTIC_FORCE_INCREMENT]: select product0_.id as id1_6_0_, product0_.is_active as is_activ2_6_0_, product0_.brand as brand3_6_0_, product0_.category_id as category4_6_0_, product0_.code as code5_6_0_, product0_.description as descript6_6_0_, product0_.name as name7_6_0_, product0_.purchases as purchase8_6_0_, product0_.quantity as quantity9_6_0_, product0_.supplier_id as supplie10_6_0_, product0_.unit_price as unit_pr11_6_0_, product0_.views as views12_6_0_ from Product product0_ where product0_.id=? for update
10:00:56.887 [main] DEBUG org.hibernate.loader.plan.build.internal.spaces.QuerySpacesImpl - Adding QuerySpace : uid = &lt;gen:0&gt; -&gt; org.hibernate.loader.plan.build.internal.spaces.EntityQuerySpaceImpl@1c758545]
10:00:56.887 [main] DEBUG org.hibernate.persister.walking.spi.MetamodelGraphWalker - Visiting attribute path : active
10:00:56.887 [main] DEBUG org.hibernate.persister.walking.spi.MetamodelGraphWalker - Visiting attribute path : brand
10:00:56.887 [main] DEBUG org.hibernate.persister.walking.spi.MetamodelGraphWalker - Visiting attribute path : categoryId
10:00:56.888 [main] DEBUG org.hibernate.persister.walking.spi.MetamodelGraphWalker - Visiting attribute path : code
10:00:56.888 [main] DEBUG org.hibernate.persister.walking.spi.MetamodelGraphWalker - Visiting attribute path : description
10:00:56.888 [main] DEBUG org.hibernate.persister.walking.spi.MetamodelGraphWalker - Visiting attribute path : name
10:00:56.888 [main] DEBUG org.hibernate.persister.walking.spi.MetamodelGraphWalker - Visiting attribute path : purchases
10:00:56.888 [main] DEBUG org.hibernate.persister.walking.spi.MetamodelGraphWalker - Visiting attribute path : quantity
10:00:56.889 [main] DEBUG org.hibernate.persister.walking.spi.MetamodelGraphWalker - Visiting attribute path : supplierId
10:00:56.889 [main] DEBUG org.hibernate.persister.walking.spi.MetamodelGraphWalker - Visiting attribute path : unitPrice
10:00:56.889 [main] DEBUG org.hibernate.persister.walking.spi.MetamodelGraphWalker - Visiting attribute path : views
10:00:56.889 [main] DEBUG org.hibernate.loader.plan.build.internal.FetchStyleLoadPlanBuildingAssociationVisitationStrategy - Building LoadPlan...
10:00:56.890 [main] DEBUG org.hibernate.loader.plan.exec.internal.LoadQueryJoinAndFetchProcessor - processing queryspace &lt;gen:0&gt;
10:00:56.890 [main] DEBUG org.hibernate.loader.plan.build.spi.LoadPlanTreePrinter - LoadPlan(entity=com.shoppingbackend.model.Product)
    - Returns
       - EntityReturnImpl(entity=com.shoppingbackend.model.Product, querySpaceUid=&lt;gen:0&gt;, path=com.shoppingbackend.model.Product)
    - QuerySpaces
       - EntityQuerySpaceImpl(uid=&lt;gen:0&gt;, entity=com.shoppingbackend.model.Product)
          - SQL table alias mapping - product0_
          - alias suffix - 0_
          - suffixed key columns - {id1_6_0_}

10:00:56.890 [main] DEBUG org.hibernate.loader.entity.plan.EntityLoader - Static select for entity com.shoppingbackend.model.Product [OPTIMISTIC]: select product0_.id as id1_6_0_, product0_.is_active as is_activ2_6_0_, product0_.brand as brand3_6_0_, product0_.category_id as category4_6_0_, product0_.code as code5_6_0_, product0_.description as descript6_6_0_, product0_.name as name7_6_0_, product0_.purchases as purchase8_6_0_, product0_.quantity as quantity9_6_0_, product0_.supplier_id as supplie10_6_0_, product0_.unit_price as unit_pr11_6_0_, product0_.views as views12_6_0_ from Product product0_ where product0_.id=?
10:00:56.891 [main] DEBUG org.hibernate.loader.plan.build.internal.spaces.QuerySpacesImpl - Adding QuerySpace : uid = &lt;gen:0&gt; -&gt; org.hibernate.loader.plan.build.internal.spaces.EntityQuerySpaceImpl@73a19967]
10:00:56.891 [main] DEBUG org.hibernate.persister.walking.spi.MetamodelGraphWalker - Visiting attribute path : active
10:00:56.892 [main] DEBUG org.hibernate.persister.walking.spi.MetamodelGraphWalker - Visiting attribute path : brand
10:00:56.892 [main] DEBUG org.hibernate.persister.walking.spi.MetamodelGraphWalker - Visiting attribute path : categoryId
10:00:56.892 [main] DEBUG org.hibernate.persister.walking.spi.MetamodelGraphWalker - Visiting attribute path : code
10:00:56.892 [main] DEBUG org.hibernate.persister.walking.spi.MetamodelGraphWalker - Visiting attribute path : description
10:00:56.892 [main] DEBUG org.hibernate.persister.walking.spi.MetamodelGraphWalker - Visiting attribute path : name
10:00:56.894 [main] DEBUG org.hibernate.persister.walking.spi.MetamodelGraphWalker - Visiting attribute path : purchases
10:00:56.895 [main] DEBUG org.hibernate.persister.walking.spi.MetamodelGraphWalker - Visiting attribute path : quantity
10:00:56.895 [main] DEBUG org.hibernate.persister.walking.spi.MetamodelGraphWalker - Visiting attribute path : supplierId
10:00:56.895 [main] DEBUG org.hibernate.persister.walking.spi.MetamodelGraphWalker - Visiting attribute path : unitPrice
10:00:56.895 [main] DEBUG org.hibernate.persister.walking.spi.MetamodelGraphWalker - Visiting attribute path : views
10:00:56.895 [main] DEBUG org.hibernate.loader.plan.build.internal.FetchStyleLoadPlanBuildingAssociationVisitationStrategy - Building LoadPlan...
10:00:56.896 [main] DEBUG org.hibernate.loader.plan.exec.internal.LoadQueryJoinAndFetchProcessor - processing queryspace &lt;gen:0&gt;
10:00:56.897 [main] DEBUG org.hibernate.loader.plan.build.spi.LoadPlanTreePrinter - LoadPlan(entity=com.shoppingbackend.model.Product)
    - Returns
       - EntityReturnImpl(entity=com.shoppingbackend.model.Product, querySpaceUid=&lt;gen:0&gt;, path=com.shoppingbackend.model.Product)
    - QuerySpaces
       - EntityQuerySpaceImpl(uid=&lt;gen:0&gt;, entity=com.shoppingbackend.model.Product)
          - SQL table alias mapping - product0_
          - alias suffix - 0_
          - suffixed key columns - {id1_6_0_}

10:00:56.897 [main] DEBUG org.hibernate.loader.entity.plan.EntityLoader - Static select for entity com.shoppingbackend.model.Product [OPTIMISTIC_FORCE_INCREMENT]: select product0_.id as id1_6_0_, product0_.is_active as is_activ2_6_0_, product0_.brand as brand3_6_0_, product0_.category_id as category4_6_0_, product0_.code as code5_6_0_, product0_.description as descript6_6_0_, product0_.name as name7_6_0_, product0_.purchases as purchase8_6_0_, product0_.quantity as quantity9_6_0_, product0_.supplier_id as supplie10_6_0_, product0_.unit_price as unit_pr11_6_0_, product0_.views as views12_6_0_ from Product product0_ where product0_.id=?
10:00:56.898 [main] DEBUG org.hibernate.loader.Loader - Static select for action ACTION_MERGE on entity com.shoppingbackend.model.Product: select product0_.id as id1_6_0_, product0_.is_active as is_activ2_6_0_, product0_.brand as brand3_6_0_, product0_.category_id as category4_6_0_, product0_.code as code5_6_0_, product0_.description as descript6_6_0_, product0_.name as name7_6_0_, product0_.purchases as purchase8_6_0_, product0_.quantity as quantity9_6_0_, product0_.supplier_id as supplie10_6_0_, product0_.unit_price as unit_pr11_6_0_, product0_.views as views12_6_0_ from Product product0_ where product0_.id=?
10:00:56.899 [main] DEBUG org.hibernate.loader.Loader - Static select for action ACTION_REFRESH on entity com.shoppingbackend.model.Product: select product0_.id as id1_6_0_, product0_.is_active as is_activ2_6_0_, product0_.brand as brand3_6_0_, product0_.category_id as category4_6_0_, product0_.code as code5_6_0_, product0_.description as descript6_6_0_, product0_.name as name7_6_0_, product0_.purchases as purchase8_6_0_, product0_.quantity as quantity9_6_0_, product0_.supplier_id as supplie10_6_0_, product0_.unit_price as unit_pr11_6_0_, product0_.views as views12_6_0_ from Product product0_ where product0_.id=?
10:00:56.899 [main] DEBUG org.hibernate.loader.plan.build.internal.spaces.QuerySpacesImpl - Adding QuerySpace : uid = &lt;gen:0&gt; -&gt; org.hibernate.loader.plan.build.internal.spaces.CollectionQuerySpaceImpl@6e1b9411]
10:00:56.899 [main] DEBUG org.hibernate.loader.plan.build.internal.spaces.QuerySpacesImpl - Adding QuerySpace : uid = &lt;gen:1&gt; -&gt; org.hibernate.loader.plan.build.internal.spaces.EntityQuerySpaceImpl@21d1b321]
10:00:56.900 [main] DEBUG org.hibernate.persister.walking.spi.MetamodelGraphWalker - Visiting attribute path : buyingPrice
10:00:56.900 [main] DEBUG org.hibernate.persister.walking.spi.MetamodelGraphWalker - Visiting attribute path : orderDetail
10:00:56.900 [main] DEBUG org.hibernate.persister.walking.spi.MetamodelGraphWalker - Property path deemed to be circular : orderDetail
10:00:56.900 [main] DEBUG org.hibernate.persister.walking.spi.MetamodelGraphWalker - Visiting attribute path : product
10:00:56.901 [main] DEBUG org.hibernate.loader.plan.build.internal.spaces.QuerySpacesImpl - Adding QuerySpace : uid = &lt;gen:2&gt; -&gt; org.hibernate.loader.plan.build.internal.spaces.EntityQuerySpaceImpl@112d1c8e]
10:00:56.902 [main] DEBUG org.hibernate.persister.walking.spi.MetamodelGraphWalker - Visiting attribute path : product.active
10:00:56.902 [main] DEBUG org.hibernate.persister.walking.spi.MetamodelGraphWalker - Visiting attribute path : product.brand
10:00:56.902 [main] DEBUG org.hibernate.persister.walking.spi.MetamodelGraphWalker - Visiting attribute path : product.categoryId
10:00:56.902 [main] DEBUG org.hibernate.persister.walking.spi.MetamodelGraphWalker - Visiting attribute path : product.code
10:00:56.903 [main] DEBUG org.hibernate.persister.walking.spi.MetamodelGraphWalker - Visiting attribute path : product.description
10:00:56.904 [main] DEBUG org.hibernate.persister.walking.spi.MetamodelGraphWalker - Visiting attribute path : product.name
10:00:56.905 [main] DEBUG org.hibernate.persister.walking.spi.MetamodelGraphWalker - Visiting attribute path : product.purchases
10:00:56.905 [main] DEBUG org.hibernate.persister.walking.spi.MetamodelGraphWalker - Visiting attribute path : product.quantity
10:00:56.905 [main] DEBUG org.hibernate.persister.walking.spi.MetamodelGraphWalker - Visiting attribute path : product.supplierId
10:00:56.905 [main] DEBUG org.hibernate.persister.walking.spi.MetamodelGraphWalker - Visiting attribute path : product.unitPrice
10:00:56.905 [main] DEBUG org.hibernate.persister.walking.spi.MetamodelGraphWalker - Visiting attribute path : product.views
10:00:56.906 [main] DEBUG org.hibernate.persister.walking.spi.MetamodelGraphWalker - Visiting attribute path : productCount
10:00:56.906 [main] DEBUG org.hibernate.persister.walking.spi.MetamodelGraphWalker - Visiting attribute path : total
10:00:56.906 [main] DEBUG org.hibernate.loader.plan.build.internal.FetchStyleLoadPlanBuildingAssociationVisitationStrategy - Building LoadPlan...
10:00:56.917 [main] DEBUG org.hibernate.loader.plan.exec.internal.LoadQueryJoinAndFetchProcessor - processing queryspace &lt;gen:0&gt;
10:00:56.921 [main] DEBUG org.hibernate.loader.plan.build.spi.LoadPlanTreePrinter - LoadPlan(collection=com.shoppingbackend.model.OrderDetail.orderItems)
    - Returns
       - CollectionReturnImpl(collection=com.shoppingbackend.model.OrderDetail.orderItems, querySpaceUid=&lt;gen:0&gt;, path=[com.shoppingbackend.model.OrderDetail.orderItems])
          - (collection element) CollectionFetchableElementEntityGraph(entity=com.shoppingbackend.model.OrderItem, querySpaceUid=&lt;gen:1&gt;, path=[com.shoppingbackend.model.OrderDetail.orderItems].&lt;elements&gt;)
             - EntityAttributeFetchImpl(entity=com.shoppingbackend.model.Product, querySpaceUid=&lt;gen:2&gt;, path=[com.shoppingbackend.model.OrderDetail.orderItems].&lt;elements&gt;.product)
    - QuerySpaces
       - CollectionQuerySpaceImpl(uid=&lt;gen:0&gt;, collection=com.shoppingbackend.model.OrderDetail.orderItems)
          - SQL table alias mapping - orderitems0_
          - alias suffix - 0_
          - suffixed key columns - {order_id5_5_0_}
          - entity-element alias suffix - 1_
          - 1_entity-element suffixed key columns - id1_5_1_
          - JOIN (JoinDefinedByMetadata(elements)) : &lt;gen:0&gt; -&gt; &lt;gen:1&gt;
             - EntityQuerySpaceImpl(uid=&lt;gen:1&gt;, entity=com.shoppingbackend.model.OrderItem)
                - SQL table alias mapping - orderitems0_
                - alias suffix - 1_
                - suffixed key columns - {id1_5_1_}
                - JOIN (JoinDefinedByMetadata(product)) : &lt;gen:1&gt; -&gt; &lt;gen:2&gt;
                   - EntityQuerySpaceImpl(uid=&lt;gen:2&gt;, entity=com.shoppingbackend.model.Product)
                      - SQL table alias mapping - product1_
                      - alias suffix - 2_
                      - suffixed key columns - {id1_6_2_}

10:00:56.922 [main] DEBUG org.hibernate.loader.collection.plan.CollectionLoader - Static select for collection com.shoppingbackend.model.OrderDetail.orderItems: select orderitems0_.order_id as order_id5_5_0_, orderitems0_.id as id1_5_0_, orderitems0_.id as id1_5_1_, orderitems0_.buying_price as buying_p2_5_1_, orderitems0_.order_id as order_id5_5_1_, orderitems0_.product_id as product_6_5_1_, orderitems0_.product_count as product_3_5_1_, orderitems0_.total as total4_5_1_, product1_.id as id1_6_2_, product1_.is_active as is_activ2_6_2_, product1_.brand as brand3_6_2_, product1_.category_id as category4_6_2_, product1_.code as code5_6_2_, product1_.description as descript6_6_2_, product1_.name as name7_6_2_, product1_.purchases as purchase8_6_2_, product1_.quantity as quantity9_6_2_, product1_.supplier_id as supplie10_6_2_, product1_.unit_price as unit_pr11_6_2_, product1_.views as views12_6_2_ from order_item orderitems0_ left outer join Product product1_ on orderitems0_.product_id=product1_.id where orderitems0_.order_id=?
10:00:56.990 [main] DEBUG org.hibernate.mapping.Table - No alter strings for table : Address
10:00:56.990 [main] DEBUG org.hibernate.mapping.Table - No alter strings for table : Cart
10:00:56.991 [main] DEBUG org.hibernate.mapping.Table - No alter strings for table : cart_line
10:00:56.991 [main] DEBUG org.hibernate.mapping.Table - No alter strings for table : Category
10:00:56.992 [main] DEBUG org.hibernate.mapping.Table - No alter strings for table : order_detail
10:00:56.992 [main] DEBUG org.hibernate.mapping.Table - No alter strings for table : order_item
10:00:56.992 [main] DEBUG org.hibernate.mapping.Table - No alter strings for table : Product
10:00:56.992 [main] DEBUG org.hibernate.mapping.Table - No alter strings for table : supplier
10:00:56.992 [main] DEBUG org.hibernate.mapping.Table - No alter strings for table : user_detail
10:00:57.206 [main] DEBUG org.hibernate.engine.transaction.jta.platform.internal.JtaPlatformInitiator - No JtaPlatform was specified, checking resolver
10:00:57.206 [main] DEBUG org.hibernate.engine.transaction.jta.platform.internal.JtaPlatformResolverInitiator - No JtaPlatformResolver was specified, using default [org.hibernate.engine.transaction.jta.platform.internal.StandardJtaPlatformResolver]
10:00:57.213 [main] DEBUG org.hibernate.engine.transaction.jta.platform.internal.StandardJtaPlatformResolver - Could not resolve JtaPlatform, using default [org.hibernate.engine.transaction.jta.platform.internal.NoJtaPlatform]
10:00:57.213 [main] DEBUG org.hibernate.query.spi.NamedQueryRepository - Checking 0 named HQL queries
10:00:57.214 [main] DEBUG org.hibernate.query.spi.NamedQueryRepository - Checking 0 named SQL queries
10:00:57.214 [main] DEBUG org.hibernate.internal.SessionFactoryRegistry - Registering SessionFactory: 46ee1d2a-f10c-4577-ae1e-1634437779fe (&lt;unnamed&gt;)
10:00:57.214 [main] DEBUG org.hibernate.internal.SessionFactoryRegistry - Not binding SessionFactory to JNDI, no JNDI name configured
10:00:57.218 [main] DEBUG org.springframework.beans.factory.support.DefaultListableBeanFactory - Eagerly caching bean &apos;getSessionFactory&apos; to allow for resolving potential circular references
10:00:57.224 [main] DEBUG org.springframework.beans.factory.support.DefaultListableBeanFactory - Returning cached instance of singleton bean &apos;org.springframework.transaction.config.internalTransactionAdvisor&apos;
10:00:57.229 [main] DEBUG org.springframework.beans.factory.support.DefaultListableBeanFactory - Finished creating instance of bean &apos;getSessionFactory&apos;
10:00:57.229 [main] DEBUG org.springframework.beans.factory.annotation.AutowiredAnnotationBeanPostProcessor - Autowiring by type from bean name &apos;cartLineDAO&apos; to bean named &apos;getSessionFactory&apos;
10:00:57.229 [main] DEBUG org.springframework.beans.factory.support.DefaultListableBeanFactory - Returning cached instance of singleton bean &apos;org.springframework.transaction.config.internalTransactionAdvisor&apos;
10:00:57.230 [main] DEBUG org.springframework.transaction.annotation.AnnotationTransactionAttributeSource - Adding transactional method &apos;com.shoppingbackend.dao.daoimpl.CartLineDAOImpl.add&apos; with attribute: PROPAGATION_REQUIRED,ISOLATION_DEFAULT; &apos;&apos;
10:00:57.230 [main] DEBUG org.springframework.aop.framework.autoproxy.InfrastructureAdvisorAutoProxyCreator - Creating implicit proxy for bean &apos;cartLineDAO&apos; with 0 common interceptors and 1 specific interceptors
10:00:57.230 [main] DEBUG org.springframework.aop.framework.JdkDynamicAopProxy - Creating JDK dynamic proxy: target source is SingletonTargetSource for target object [com.shoppingbackend.dao.daoimpl.CartLineDAOImpl@6fca5907]
10:00:57.230 [main] DEBUG org.springframework.beans.factory.support.DefaultListableBeanFactory - Finished creating instance of bean &apos;cartLineDAO&apos;
10:00:57.231 [main] DEBUG org.springframework.beans.factory.support.DefaultListableBeanFactory - Creating shared instance of singleton bean &apos;categoryDAO&apos;
10:00:57.231 [main] DEBUG org.springframework.beans.factory.support.DefaultListableBeanFactory - Creating instance of bean &apos;categoryDAO&apos;
10:00:57.231 [main] DEBUG org.springframework.beans.factory.annotation.InjectionMetadata - Registered injected element on class [com.shoppingbackend.dao.daoimpl.CategoryDAOImpl]: AutowiredFieldElement for private org.hibernate.SessionFactory com.shoppingbackend.dao.daoimpl.CategoryDAOImpl.sessionFactory
10:00:57.231 [main] DEBUG org.springframework.beans.factory.support.DefaultListableBeanFactory - Eagerly caching bean &apos;categoryDAO&apos; to allow for resolving potential circular references
10:00:57.232 [main] DEBUG org.springframework.beans.factory.annotation.InjectionMetadata - Processing injected element of bean &apos;categoryDAO&apos;: AutowiredFieldElement for private org.hibernate.SessionFactory com.shoppingbackend.dao.daoimpl.CategoryDAOImpl.sessionFactory
10:00:57.233 [main] DEBUG org.springframework.beans.factory.support.DefaultListableBeanFactory - Returning cached instance of singleton bean &apos;getSessionFactory&apos;
10:00:57.233 [main] DEBUG org.springframework.beans.factory.annotation.AutowiredAnnotationBeanPostProcessor - Autowiring by type from bean name &apos;categoryDAO&apos; to bean named &apos;getSessionFactory&apos;
10:00:57.233 [main] DEBUG org.springframework.beans.factory.support.DefaultListableBeanFactory - Returning cached instance of singleton bean &apos;org.springframework.transaction.config.internalTransactionAdvisor&apos;
10:00:57.234 [main] DEBUG org.springframework.transaction.annotation.AnnotationTransactionAttributeSource - Adding transactional method &apos;com.shoppingbackend.dao.daoimpl.CategoryDAOImpl.add&apos; with attribute: PROPAGATION_REQUIRED,ISOLATION_DEFAULT; &apos;&apos;
10:00:57.235 [main] DEBUG org.springframework.aop.framework.autoproxy.InfrastructureAdvisorAutoProxyCreator - Creating implicit proxy for bean &apos;categoryDAO&apos; with 0 common interceptors and 1 specific interceptors
10:00:57.235 [main] DEBUG org.springframework.aop.framework.JdkDynamicAopProxy - Creating JDK dynamic proxy: target source is SingletonTargetSource for target object [com.shoppingbackend.dao.daoimpl.CategoryDAOImpl@7bebcd65]
10:00:57.235 [main] DEBUG org.springframework.beans.factory.support.DefaultListableBeanFactory - Finished creating instance of bean &apos;categoryDAO&apos;
10:00:57.235 [main] DEBUG org.springframework.beans.factory.support.DefaultListableBeanFactory - Creating shared instance of singleton bean &apos;productDAO&apos;
10:00:57.235 [main] DEBUG org.springframework.beans.factory.support.DefaultListableBeanFactory - Creating instance of bean &apos;productDAO&apos;
10:00:57.236 [main] DEBUG org.springframework.beans.factory.annotation.InjectionMetadata - Registered injected element on class [com.shoppingbackend.dao.daoimpl.ProductDAOImpl]: AutowiredFieldElement for private org.hibernate.SessionFactory com.shoppingbackend.dao.daoimpl.ProductDAOImpl.sessionFactory
10:00:57.236 [main] DEBUG org.springframework.beans.factory.support.DefaultListableBeanFactory - Eagerly caching bean &apos;productDAO&apos; to allow for resolving potential circular references
10:00:57.240 [main] DEBUG org.springframework.beans.factory.annotation.InjectionMetadata - Processing injected element of bean &apos;productDAO&apos;: AutowiredFieldElement for private org.hibernate.SessionFactory com.shoppingbackend.dao.daoimpl.ProductDAOImpl.sessionFactory
10:00:57.240 [main] DEBUG org.springframework.beans.factory.support.DefaultListableBeanFactory - Returning cached instance of singleton bean &apos;getSessionFactory&apos;
10:00:57.240 [main] DEBUG org.springframework.beans.factory.annotation.AutowiredAnnotationBeanPostProcessor - Autowiring by type from bean name &apos;productDAO&apos; to bean named &apos;getSessionFactory&apos;
10:00:57.241 [main] DEBUG org.springframework.beans.factory.support.DefaultListableBeanFactory - Returning cached instance of singleton bean &apos;org.springframework.transaction.config.internalTransactionAdvisor&apos;
10:00:57.244 [main] DEBUG org.springframework.transaction.annotation.AnnotationTransactionAttributeSource - Adding transactional method &apos;com.shoppingbackend.dao.daoimpl.ProductDAOImpl.add&apos; with attribute: PROPAGATION_REQUIRED,ISOLATION_DEFAULT; &apos;&apos;
10:00:57.244 [main] DEBUG org.springframework.aop.framework.autoproxy.InfrastructureAdvisorAutoProxyCreator - Creating implicit proxy for bean &apos;productDAO&apos; with 0 common interceptors and 1 specific interceptors
10:00:57.244 [main] DEBUG org.springframework.aop.framework.JdkDynamicAopProxy - Creating JDK dynamic proxy: target source is SingletonTargetSource for target object [com.shoppingbackend.dao.daoimpl.ProductDAOImpl@7afb1741]
10:00:57.244 [main] DEBUG org.springframework.beans.factory.support.DefaultListableBeanFactory - Finished creating instance of bean &apos;productDAO&apos;
10:00:57.245 [main] DEBUG org.springframework.beans.factory.support.DefaultListableBeanFactory - Creating shared instance of singleton bean &apos;supplierDAO&apos;
10:00:57.245 [main] DEBUG org.springframework.beans.factory.support.DefaultListableBeanFactory - Creating instance of bean &apos;supplierDAO&apos;
10:00:57.245 [main] DEBUG org.springframework.beans.factory.annotation.InjectionMetadata - Registered injected element on class [com.shoppingbackend.dao.daoimpl.SupplierDAOImpl]: AutowiredFieldElement for private org.hibernate.SessionFactory com.shoppingbackend.dao.daoimpl.SupplierDAOImpl.sessionFactory
10:00:57.246 [main] DEBUG org.springframework.beans.factory.support.DefaultListableBeanFactory - Eagerly caching bean &apos;supplierDAO&apos; to allow for resolving potential circular references
10:00:57.248 [main] DEBUG org.springframework.beans.factory.annotation.InjectionMetadata - Processing injected element of bean &apos;supplierDAO&apos;: AutowiredFieldElement for private org.hibernate.SessionFactory com.shoppingbackend.dao.daoimpl.SupplierDAOImpl.sessionFactory
10:00:57.249 [main] DEBUG org.springframework.beans.factory.support.DefaultListableBeanFactory - Returning cached instance of singleton bean &apos;getSessionFactory&apos;
10:00:57.249 [main] DEBUG org.springframework.beans.factory.annotation.AutowiredAnnotationBeanPostProcessor - Autowiring by type from bean name &apos;supplierDAO&apos; to bean named &apos;getSessionFactory&apos;
10:00:57.249 [main] DEBUG org.springframework.beans.factory.support.DefaultListableBeanFactory - Returning cached instance of singleton bean &apos;org.springframework.transaction.config.internalTransactionAdvisor&apos;
10:00:57.250 [main] DEBUG org.springframework.transaction.annotation.AnnotationTransactionAttributeSource - Adding transactional method &apos;com.shoppingbackend.dao.daoimpl.SupplierDAOImpl.updateSupp&apos; with attribute: PROPAGATION_REQUIRED,ISOLATION_DEFAULT; &apos;&apos;
10:00:57.250 [main] DEBUG org.springframework.aop.framework.autoproxy.InfrastructureAdvisorAutoProxyCreator - Creating implicit proxy for bean &apos;supplierDAO&apos; with 0 common interceptors and 1 specific interceptors
10:00:57.250 [main] DEBUG org.springframework.aop.framework.JdkDynamicAopProxy - Creating JDK dynamic proxy: target source is SingletonTargetSource for target object [com.shoppingbackend.dao.daoimpl.SupplierDAOImpl@31edeac]
10:00:57.250 [main] DEBUG org.springframework.beans.factory.support.DefaultListableBeanFactory - Finished creating instance of bean &apos;supplierDAO&apos;
10:00:57.251 [main] DEBUG org.springframework.beans.factory.support.DefaultListableBeanFactory - Creating shared instance of singleton bean &apos;userDAO&apos;
10:00:57.251 [main] DEBUG org.springframework.beans.factory.support.DefaultListableBeanFactory - Creating instance of bean &apos;userDAO&apos;
10:00:57.252 [main] DEBUG org.springframework.beans.factory.annotation.InjectionMetadata - Registered injected element on class [com.shoppingbackend.dao.daoimpl.UserDAOImpl]: AutowiredFieldElement for private org.hibernate.SessionFactory com.shoppingbackend.dao.daoimpl.UserDAOImpl.sessionFactory
10:00:57.252 [main] DEBUG org.springframework.beans.factory.support.DefaultListableBeanFactory - Eagerly caching bean &apos;userDAO&apos; to allow for resolving potential circular references
10:00:57.255 [main] DEBUG org.springframework.beans.factory.annotation.InjectionMetadata - Processing injected element of bean &apos;userDAO&apos;: AutowiredFieldElement for private org.hibernate.SessionFactory com.shoppingbackend.dao.daoimpl.UserDAOImpl.sessionFactory
10:00:57.255 [main] DEBUG org.springframework.beans.factory.support.DefaultListableBeanFactory - Returning cached instance of singleton bean &apos;getSessionFactory&apos;
10:00:57.255 [main] DEBUG org.springframework.beans.factory.annotation.AutowiredAnnotationBeanPostProcessor - Autowiring by type from bean name &apos;userDAO&apos; to bean named &apos;getSessionFactory&apos;
10:00:57.255 [main] DEBUG org.springframework.beans.factory.support.DefaultListableBeanFactory - Returning cached instance of singleton bean &apos;org.springframework.transaction.config.internalTransactionAdvisor&apos;
10:00:57.256 [main] DEBUG org.springframework.transaction.annotation.AnnotationTransactionAttributeSource - Adding transactional method &apos;com.shoppingbackend.dao.daoimpl.UserDAOImpl.add&apos; with attribute: PROPAGATION_REQUIRED,ISOLATION_DEFAULT; &apos;&apos;
10:00:57.256 [main] DEBUG org.springframework.aop.framework.autoproxy.InfrastructureAdvisorAutoProxyCreator - Creating implicit proxy for bean &apos;userDAO&apos; with 0 common interceptors and 1 specific interceptors
10:00:57.256 [main] DEBUG org.springframework.aop.framework.JdkDynamicAopProxy - Creating JDK dynamic proxy: target source is SingletonTargetSource for target object [com.shoppingbackend.dao.daoimpl.UserDAOImpl@45bb2aa1]
10:00:57.256 [main] DEBUG org.springframework.beans.factory.support.DefaultListableBeanFactory - Finished creating instance of bean &apos;userDAO&apos;
10:00:57.256 [main] DEBUG org.springframework.beans.factory.support.DefaultListableBeanFactory - Creating shared instance of singleton bean &apos;product&apos;
10:00:57.256 [main] DEBUG org.springframework.beans.factory.support.DefaultListableBeanFactory - Creating instance of bean &apos;product&apos;
10:00:57.258 [main] DEBUG org.springframework.beans.factory.support.DefaultListableBeanFactory - Eagerly caching bean &apos;product&apos; to allow for resolving potential circular references
10:00:57.260 [main] DEBUG org.springframework.beans.factory.support.DefaultListableBeanFactory - Returning cached instance of singleton bean &apos;org.springframework.transaction.config.internalTransactionAdvisor&apos;
10:00:57.262 [main] DEBUG org.springframework.beans.factory.support.DefaultListableBeanFactory - Finished creating instance of bean &apos;product&apos;
10:00:57.262 [main] DEBUG org.springframework.beans.factory.support.DefaultListableBeanFactory - Returning cached instance of singleton bean &apos;org.springframework.transaction.annotation.ProxyTransactionManagementConfiguration&apos;
10:00:57.262 [main] DEBUG org.springframework.beans.factory.support.DefaultListableBeanFactory - Returning cached instance of singleton bean &apos;org.springframework.transaction.config.internalTransactionAdvisor&apos;
10:00:57.263 [main] DEBUG org.springframework.beans.factory.support.DefaultListableBeanFactory - Returning cached instance of singleton bean &apos;transactionAttributeSource&apos;
10:00:57.263 [main] DEBUG org.springframework.beans.factory.support.DefaultListableBeanFactory - Returning cached instance of singleton bean &apos;transactionInterceptor&apos;
10:00:57.263 [main] DEBUG org.springframework.beans.factory.support.DefaultListableBeanFactory - Creating shared instance of singleton bean &apos;org.springframework.transaction.config.internalTransactionalEventListenerFactory&apos;
10:00:57.263 [main] DEBUG org.springframework.beans.factory.support.DefaultListableBeanFactory - Creating instance of bean &apos;org.springframework.transaction.config.internalTransactionalEventListenerFactory&apos;
10:00:57.264 [main] DEBUG org.springframework.beans.factory.support.DefaultListableBeanFactory - Returning cached instance of singleton bean &apos;org.springframework.transaction.annotation.ProxyTransactionManagementConfiguration&apos;
10:00:57.264 [main] DEBUG org.springframework.beans.factory.support.DefaultListableBeanFactory - Eagerly caching bean &apos;org.springframework.transaction.config.internalTransactionalEventListenerFactory&apos; to allow for resolving potential circular references
10:00:57.267 [main] DEBUG org.springframework.beans.factory.support.DefaultListableBeanFactory - Returning cached instance of singleton bean &apos;org.springframework.transaction.config.internalTransactionAdvisor&apos;
10:00:57.269 [main] DEBUG org.springframework.beans.factory.support.DefaultListableBeanFactory - Finished creating instance of bean &apos;org.springframework.transaction.config.internalTransactionalEventListenerFactory&apos;
10:00:57.269 [main] DEBUG org.springframework.beans.factory.support.DefaultListableBeanFactory - Returning cached instance of singleton bean &apos;dataSource&apos;
10:00:57.269 [main] DEBUG org.springframework.beans.factory.support.DefaultListableBeanFactory - Returning cached instance of singleton bean &apos;getSessionFactory&apos;
10:00:57.270 [main] DEBUG org.springframework.beans.factory.support.DefaultListableBeanFactory - Creating shared instance of singleton bean &apos;getTransactionManager&apos;
10:00:57.270 [main] DEBUG org.springframework.beans.factory.support.DefaultListableBeanFactory - Creating instance of bean &apos;getTransactionManager&apos;
10:00:57.270 [main] DEBUG org.springframework.beans.factory.support.DefaultListableBeanFactory - Returning cached instance of singleton bean &apos;hibernateConfig&apos;
10:00:57.270 [main] DEBUG org.springframework.beans.factory.support.DefaultListableBeanFactory - Returning cached instance of singleton bean &apos;getSessionFactory&apos;
10:00:57.270 [main] DEBUG org.springframework.beans.factory.support.DefaultListableBeanFactory - Autowiring by type from bean name &apos;getTransactionManager&apos; via factory method to bean named &apos;getSessionFactory&apos;
10:00:57.271 [main] INFO org.springframework.orm.hibernate5.HibernateTransactionManager - Using DataSource [org.apache.commons.dbcp2.BasicDataSource@627d8516] of Hibernate SessionFactory for HibernateTransactionManager
10:00:57.271 [main] DEBUG org.springframework.beans.factory.support.DefaultListableBeanFactory - Eagerly caching bean &apos;getTransactionManager&apos; to allow for resolving potential circular references
10:00:57.277 [main] DEBUG org.springframework.beans.factory.support.DefaultListableBeanFactory - Invoking afterPropertiesSet() on bean with name &apos;getTransactionManager&apos;
10:00:57.277 [main] DEBUG org.springframework.beans.factory.support.DefaultListableBeanFactory - Returning cached instance of singleton bean &apos;org.springframework.transaction.config.internalTransactionAdvisor&apos;
10:00:57.279 [main] DEBUG org.springframework.beans.factory.support.DefaultListableBeanFactory - Finished creating instance of bean &apos;getTransactionManager&apos;
10:00:57.279 [main] DEBUG org.springframework.beans.factory.support.DefaultListableBeanFactory - Returning cached instance of singleton bean &apos;org.springframework.aop.config.internalAutoProxyCreator&apos;
10:00:57.281 [main] DEBUG org.springframework.beans.factory.support.DefaultListableBeanFactory - Returning cached instance of singleton bean &apos;org.springframework.context.event.internalEventListenerFactory&apos;
10:00:57.282 [main] DEBUG org.springframework.beans.factory.support.DefaultListableBeanFactory - Returning cached instance of singleton bean &apos;org.springframework.transaction.config.internalTransactionalEventListenerFactory&apos;
10:00:57.345 [main] DEBUG org.springframework.context.annotation.AnnotationConfigApplicationContext - Unable to locate LifecycleProcessor with name &apos;lifecycleProcessor&apos;: using default [org.springframework.context.support.DefaultLifecycleProcessor@74db12c2]
10:00:57.345 [main] DEBUG org.springframework.beans.factory.support.DefaultListableBeanFactory - Returning cached instance of singleton bean &apos;lifecycleProcessor&apos;
10:00:57.346 [main] DEBUG org.springframework.core.env.PropertySourcesPropertyResolver - Could not find key &apos;spring.liveBeansView.mbeanDomain&apos; in any property source
10:00:57.346 [main] DEBUG org.springframework.beans.factory.support.DefaultListableBeanFactory - Returning cached instance of singleton bean &apos;supplierDAO&apos;
</system-out>
  </testcase>
  <testcase classname="com.shoppingbackend.test.SupplierTestCase" name="testDeleteSupplier" time="2.561">
    <skipped/>
  </testcase>
  <testcase classname="com.shoppingbackend.test.SupplierTestCase" name="testAddSupplier" time="0.002"/>
</testsuite>