<?xml version="1.0" encoding="UTF-8" ?>
<testsuite tests="3" failures="0" name="com.shoppingbackend.test.SupplierTestCase" time="5.363" errors="0" skipped="2">
  <properties>
    <property name="java.runtime.name" value="Java(TM) SE Runtime Environment"/>
    <property name="sun.boot.library.path" value="C:\Program Files\Java\jdk1.8.0_144\jre\bin"/>
    <property name="java.vm.version" value="25.144-b01"/>
    <property name="java.vm.vendor" value="Oracle Corporation"/>
    <property name="maven.multiModuleProjectDirectory" value="C:\Users\bhano\virtual-Tranning\shoppingbackend"/>
    <property name="java.vendor.url" value="http://java.oracle.com/"/>
    <property name="path.separator" value=";"/>
    <property name="guice.disable.misplaced.annotation.check" value="true"/>
    <property name="java.vm.name" value="Java HotSpot(TM) 64-Bit Server VM"/>
    <property name="file.encoding.pkg" value="sun.io"/>
    <property name="user.script" value=""/>
    <property name="user.country" value="IN"/>
    <property name="sun.java.launcher" value="SUN_STANDARD"/>
    <property name="sun.os.patch.level" value=""/>
    <property name="java.vm.specification.name" value="Java Virtual Machine Specification"/>
    <property name="user.dir" value="C:\Users\bhano\virtual-Tranning\shoppingbackend"/>
    <property name="java.runtime.version" value="1.8.0_144-b01"/>
    <property name="java.awt.graphicsenv" value="sun.awt.Win32GraphicsEnvironment"/>
    <property name="java.endorsed.dirs" value="C:\Program Files\Java\jdk1.8.0_144\jre\lib\endorsed"/>
    <property name="os.arch" value="amd64"/>
    <property name="java.io.tmpdir" value="C:\Users\bhano\AppData\Local\Temp\"/>
    <property name="line.separator" value="
"/>
    <property name="java.vm.specification.vendor" value="Oracle Corporation"/>
    <property name="user.variant" value=""/>
    <property name="os.name" value="Windows 10"/>
    <property name="classworlds.conf" value="C:\Users\bhano\virtual-Tranning\.metadata\.plugins\org.eclipse.m2e.launching\launches\m2conf7653826748284102138.tmp"/>
    <property name="sun.jnu.encoding" value="Cp1252"/>
    <property name="java.library.path" value="C:\Program Files\Java\jdk1.8.0_144\bin;C:\WINDOWS\Sun\Java\bin;C:\WINDOWS\system32;C:\WINDOWS;C:/Program Files/Java/jdk1.8.0_144/bin/../jre/bin/server;C:/Program Files/Java/jdk1.8.0_144/bin/../jre/bin;C:/Program Files/Java/jdk1.8.0_144/bin/../jre/lib/amd64;E:\app\bhano\virtual\product\12.2.0\dbhome_1\bin;E:\app\bhanoo\virtual\product\12.2.0\dbhome_1\bin;E:\app\bhano\product\11.2.0\dbhome_1\bin;C:\WINDOWS\system32;C:\WINDOWS;C:\WINDOWS\System32\Wbem;C:\WINDOWS\System32\WindowsPowerShell\v1.0\;C:\software-1\apache-maven-3.5.0-bin\apache-maven-3.5.0\bin;C:\Program Files (x86)\H2\bin;C:\Program Files\Java\jdk1.8.0_144\bin\;E:\app\bhano\virtual;C:\Program Files (x86)\Common Files\lenovo\easyplussdk\bin;E:\angular\nodejs\;C:\Program Files\Git\bin;C:\Users\bhano\AppData\Local\Microsoft\WindowsApps;;C:\Program Files\Microsoft VS Code\bin;C:\Users\bhano\AppData\Roaming\npm;F:\2016 soft\eclipse-jee-oxygen-R-win32-x86_64 (2)\eclipse;;."/>
    <property name="java.specification.name" value="Java Platform API Specification"/>
    <property name="java.class.version" value="52.0"/>
    <property name="sun.management.compiler" value="HotSpot 64-Bit Tiered Compilers"/>
    <property name="os.version" value="10.0"/>
    <property name="user.home" value="C:\Users\bhano"/>
    <property name="user.timezone" value="Asia/Calcutta"/>
    <property name="java.awt.printerjob" value="sun.awt.windows.WPrinterJob"/>
    <property name="java.specification.version" value="1.8"/>
    <property name="file.encoding" value="Cp1252"/>
    <property name="user.name" value="bhano"/>
    <property name="java.class.path" value="F:\2016 soft\eclipse-jee-oxygen-R-win32-x86_64 (2)\eclipse\plugins\org.eclipse.m2e.maven.runtime_1.8.2.20171007-0216\jars\plexus-classworlds-2.5.2.jar"/>
    <property name="java.vm.specification.version" value="1.8"/>
    <property name="sun.arch.data.model" value="64"/>
    <property name="java.home" value="C:\Program Files\Java\jdk1.8.0_144\jre"/>
    <property name="sun.java.command" value="org.codehaus.plexus.classworlds.launcher.Launcher -B clean install"/>
    <property name="java.specification.vendor" value="Oracle Corporation"/>
    <property name="user.language" value="en"/>
    <property name="awt.toolkit" value="sun.awt.windows.WToolkit"/>
    <property name="java.vm.info" value="mixed mode"/>
    <property name="java.version" value="1.8.0_144"/>
    <property name="java.ext.dirs" value="C:\Program Files\Java\jdk1.8.0_144\jre\lib\ext;C:\WINDOWS\Sun\Java\lib\ext"/>
    <property name="sun.boot.class.path" value="C:\Program Files\Java\jdk1.8.0_144\jre\lib\resources.jar;C:\Program Files\Java\jdk1.8.0_144\jre\lib\rt.jar;C:\Program Files\Java\jdk1.8.0_144\jre\lib\sunrsasign.jar;C:\Program Files\Java\jdk1.8.0_144\jre\lib\jsse.jar;C:\Program Files\Java\jdk1.8.0_144\jre\lib\jce.jar;C:\Program Files\Java\jdk1.8.0_144\jre\lib\charsets.jar;C:\Program Files\Java\jdk1.8.0_144\jre\lib\jfr.jar;C:\Program Files\Java\jdk1.8.0_144\jre\classes"/>
    <property name="java.vendor" value="Oracle Corporation"/>
    <property name="maven.home" value="C:\Users\bhano\virtual-Tranning\shoppingbackend\EMBEDDED"/>
    <property name="file.separator" value="\"/>
    <property name="java.vendor.url.bug" value="http://bugreport.sun.com/bugreport/"/>
    <property name="sun.cpu.endian" value="little"/>
    <property name="sun.io.unicode.encoding" value="UnicodeLittle"/>
    <property name="sun.desktop" value="windows"/>
    <property name="sun.cpu.isalist" value="amd64"/>
  </properties>
  <testcase classname="com.shoppingbackend.test.SupplierTestCase" name="testUpdateSupplier" time="2.677">
    <skipped/>
    <system-out>17:17:33.913 [main] DEBUG org.springframework.core.env.StandardEnvironment - Adding [systemProperties] PropertySource with lowest search precedence
17:17:33.914 [main] DEBUG org.springframework.core.env.StandardEnvironment - Adding [systemEnvironment] PropertySource with lowest search precedence
17:17:33.914 [main] DEBUG org.springframework.core.env.StandardEnvironment - Initialized StandardEnvironment with PropertySources [systemProperties,systemEnvironment]
17:17:33.917 [main] DEBUG org.springframework.core.io.support.PathMatchingResourcePatternResolver - Resolved classpath location [com/shoppingbackend/] to resources [URL [file:/C:/Users/bhano/virtual-Tranning/shoppingbackend/target/test-classes/com/shoppingbackend/], URL [file:/C:/Users/bhano/virtual-Tranning/shoppingbackend/target/classes/com/shoppingbackend/]]
17:17:33.917 [main] DEBUG org.springframework.core.io.support.PathMatchingResourcePatternResolver - Looking for matching resources in directory tree [C:\Users\bhano\virtual-Tranning\shoppingbackend\target\test-classes\com\shoppingbackend]
17:17:33.919 [main] DEBUG org.springframework.core.io.support.PathMatchingResourcePatternResolver - Searching directory [C:\Users\bhano\virtual-Tranning\shoppingbackend\target\test-classes\com\shoppingbackend] for files matching pattern [C:/Users/bhano/virtual-Tranning/shoppingbackend/target/test-classes/com/shoppingbackend/**/*.class]
17:17:33.922 [main] DEBUG org.springframework.core.io.support.PathMatchingResourcePatternResolver - Searching directory [C:\Users\bhano\virtual-Tranning\shoppingbackend\target\test-classes\com\shoppingbackend\test] for files matching pattern [C:/Users/bhano/virtual-Tranning/shoppingbackend/target/test-classes/com/shoppingbackend/**/*.class]
17:17:33.924 [main] DEBUG org.springframework.core.io.support.PathMatchingResourcePatternResolver - Looking for matching resources in directory tree [C:\Users\bhano\virtual-Tranning\shoppingbackend\target\classes\com\shoppingbackend]
17:17:33.924 [main] DEBUG org.springframework.core.io.support.PathMatchingResourcePatternResolver - Searching directory [C:\Users\bhano\virtual-Tranning\shoppingbackend\target\classes\com\shoppingbackend] for files matching pattern [C:/Users/bhano/virtual-Tranning/shoppingbackend/target/classes/com/shoppingbackend/**/*.class]
17:17:33.926 [main] DEBUG org.springframework.core.io.support.PathMatchingResourcePatternResolver - Searching directory [C:\Users\bhano\virtual-Tranning\shoppingbackend\target\classes\com\shoppingbackend\config] for files matching pattern [C:/Users/bhano/virtual-Tranning/shoppingbackend/target/classes/com/shoppingbackend/**/*.class]
17:17:33.927 [main] DEBUG org.springframework.core.io.support.PathMatchingResourcePatternResolver - Searching directory [C:\Users\bhano\virtual-Tranning\shoppingbackend\target\classes\com\shoppingbackend\dao] for files matching pattern [C:/Users/bhano/virtual-Tranning/shoppingbackend/target/classes/com/shoppingbackend/**/*.class]
17:17:33.927 [main] DEBUG org.springframework.core.io.support.PathMatchingResourcePatternResolver - Searching directory [C:\Users\bhano\virtual-Tranning\shoppingbackend\target\classes\com\shoppingbackend\dao\daoimpl] for files matching pattern [C:/Users/bhano/virtual-Tranning/shoppingbackend/target/classes/com/shoppingbackend/**/*.class]
17:17:33.934 [main] DEBUG org.springframework.core.io.support.PathMatchingResourcePatternResolver - Searching directory [C:\Users\bhano\virtual-Tranning\shoppingbackend\target\classes\com\shoppingbackend\model] for files matching pattern [C:/Users/bhano/virtual-Tranning/shoppingbackend/target/classes/com/shoppingbackend/**/*.class]
17:17:33.938 [main] DEBUG org.springframework.core.io.support.PathMatchingResourcePatternResolver - Resolved location pattern [classpath*:com/shoppingbackend/**/*.class] to resources [file [C:\Users\bhano\virtual-Tranning\shoppingbackend\target\test-classes\com\shoppingbackend\AppTest.class], file [C:\Users\bhano\virtual-Tranning\shoppingbackend\target\test-classes\com\shoppingbackend\test\CartLineTestCase.class], file [C:\Users\bhano\virtual-Tranning\shoppingbackend\target\test-classes\com\shoppingbackend\test\CategoryTestCase.class], file [C:\Users\bhano\virtual-Tranning\shoppingbackend\target\test-classes\com\shoppingbackend\test\ProductTestCase.class], file [C:\Users\bhano\virtual-Tranning\shoppingbackend\target\test-classes\com\shoppingbackend\test\SupplierTestCase.class], file [C:\Users\bhano\virtual-Tranning\shoppingbackend\target\test-classes\com\shoppingbackend\test\UserTestCase.class], file [C:\Users\bhano\virtual-Tranning\shoppingbackend\target\classes\com\shoppingbackend\App.class], file [C:\Users\bhano\virtual-Tranning\shoppingbackend\target\classes\com\shoppingbackend\config\HibernateConfig.class], file [C:\Users\bhano\virtual-Tranning\shoppingbackend\target\classes\com\shoppingbackend\dao\CartLineDAO.class], file [C:\Users\bhano\virtual-Tranning\shoppingbackend\target\classes\com\shoppingbackend\dao\CategoryDAO.class], file [C:\Users\bhano\virtual-Tranning\shoppingbackend\target\classes\com\shoppingbackend\dao\daoimpl\CartLineDAOImpl.class], file [C:\Users\bhano\virtual-Tranning\shoppingbackend\target\classes\com\shoppingbackend\dao\daoimpl\CategoryDAOImpl.class], file [C:\Users\bhano\virtual-Tranning\shoppingbackend\target\classes\com\shoppingbackend\dao\daoimpl\ProductDAOImpl.class], file [C:\Users\bhano\virtual-Tranning\shoppingbackend\target\classes\com\shoppingbackend\dao\daoimpl\SupplierDAOImpl.class], file [C:\Users\bhano\virtual-Tranning\shoppingbackend\target\classes\com\shoppingbackend\dao\daoimpl\UserDAOImpl.class], file [C:\Users\bhano\virtual-Tranning\shoppingbackend\target\classes\com\shoppingbackend\dao\ProductDAO.class], file [C:\Users\bhano\virtual-Tranning\shoppingbackend\target\classes\com\shoppingbackend\dao\SupplierDAO.class], file [C:\Users\bhano\virtual-Tranning\shoppingbackend\target\classes\com\shoppingbackend\dao\UserDAO.class], file [C:\Users\bhano\virtual-Tranning\shoppingbackend\target\classes\com\shoppingbackend\model\Address.class], file [C:\Users\bhano\virtual-Tranning\shoppingbackend\target\classes\com\shoppingbackend\model\Cart.class], file [C:\Users\bhano\virtual-Tranning\shoppingbackend\target\classes\com\shoppingbackend\model\CartLine.class], file [C:\Users\bhano\virtual-Tranning\shoppingbackend\target\classes\com\shoppingbackend\model\Category.class], file [C:\Users\bhano\virtual-Tranning\shoppingbackend\target\classes\com\shoppingbackend\model\OrderDetail.class], file [C:\Users\bhano\virtual-Tranning\shoppingbackend\target\classes\com\shoppingbackend\model\OrderItem.class], file [C:\Users\bhano\virtual-Tranning\shoppingbackend\target\classes\com\shoppingbackend\model\Product.class], file [C:\Users\bhano\virtual-Tranning\shoppingbackend\target\classes\com\shoppingbackend\model\Supplier.class], file [C:\Users\bhano\virtual-Tranning\shoppingbackend\target\classes\com\shoppingbackend\model\User.class]]
17:17:33.945 [main] DEBUG org.springframework.context.annotation.ClassPathBeanDefinitionScanner - Identified candidate component class: file [C:\Users\bhano\virtual-Tranning\shoppingbackend\target\classes\com\shoppingbackend\config\HibernateConfig.class]
17:17:33.952 [main] DEBUG org.springframework.context.annotation.ClassPathBeanDefinitionScanner - Identified candidate component class: file [C:\Users\bhano\virtual-Tranning\shoppingbackend\target\classes\com\shoppingbackend\dao\daoimpl\CartLineDAOImpl.class]
17:17:33.954 [main] DEBUG org.springframework.context.annotation.ClassPathBeanDefinitionScanner - Identified candidate component class: file [C:\Users\bhano\virtual-Tranning\shoppingbackend\target\classes\com\shoppingbackend\dao\daoimpl\CategoryDAOImpl.class]
17:17:33.955 [main] DEBUG org.springframework.context.annotation.ClassPathBeanDefinitionScanner - Identified candidate component class: file [C:\Users\bhano\virtual-Tranning\shoppingbackend\target\classes\com\shoppingbackend\dao\daoimpl\ProductDAOImpl.class]
17:17:33.956 [main] DEBUG org.springframework.context.annotation.ClassPathBeanDefinitionScanner - Identified candidate component class: file [C:\Users\bhano\virtual-Tranning\shoppingbackend\target\classes\com\shoppingbackend\dao\daoimpl\SupplierDAOImpl.class]
17:17:33.959 [main] DEBUG org.springframework.context.annotation.ClassPathBeanDefinitionScanner - Identified candidate component class: file [C:\Users\bhano\virtual-Tranning\shoppingbackend\target\classes\com\shoppingbackend\dao\daoimpl\UserDAOImpl.class]
17:17:34.044 [main] DEBUG org.springframework.context.annotation.ClassPathBeanDefinitionScanner - Identified candidate component class: file [C:\Users\bhano\virtual-Tranning\shoppingbackend\target\classes\com\shoppingbackend\model\Product.class]
17:17:34.054 [main] INFO org.springframework.context.annotation.AnnotationConfigApplicationContext - Refreshing org.springframework.context.annotation.AnnotationConfigApplicationContext@bb9ab64: startup date [Tue Feb 13 17:17:34 IST 2018]; root of context hierarchy
17:17:34.054 [main] DEBUG org.springframework.context.annotation.AnnotationConfigApplicationContext - Bean factory for org.springframework.context.annotation.AnnotationConfigApplicationContext@bb9ab64: org.springframework.beans.factory.support.DefaultListableBeanFactory@7ce4de34: defining beans [org.springframework.context.annotation.internalConfigurationAnnotationProcessor,org.springframework.context.annotation.internalAutowiredAnnotationProcessor,org.springframework.context.annotation.internalRequiredAnnotationProcessor,org.springframework.context.annotation.internalCommonAnnotationProcessor,org.springframework.context.annotation.internalPersistenceAnnotationProcessor,org.springframework.context.event.internalEventListenerProcessor,org.springframework.context.event.internalEventListenerFactory,hibernateConfig,cartLineDAO,categoryDAO,productDAO,supplierDAO,userDAO,product]; root of factory hierarchy
17:17:34.056 [main] DEBUG org.springframework.beans.factory.support.DefaultListableBeanFactory - Creating shared instance of singleton bean &apos;org.springframework.context.annotation.internalConfigurationAnnotationProcessor&apos;
17:17:34.056 [main] DEBUG org.springframework.beans.factory.support.DefaultListableBeanFactory - Creating instance of bean &apos;org.springframework.context.annotation.internalConfigurationAnnotationProcessor&apos;
17:17:34.057 [main] DEBUG org.springframework.beans.factory.support.DefaultListableBeanFactory - Eagerly caching bean &apos;org.springframework.context.annotation.internalConfigurationAnnotationProcessor&apos; to allow for resolving potential circular references
17:17:34.057 [main] DEBUG org.springframework.beans.factory.support.DefaultListableBeanFactory - Finished creating instance of bean &apos;org.springframework.context.annotation.internalConfigurationAnnotationProcessor&apos;
17:17:34.062 [main] DEBUG org.springframework.core.io.support.PathMatchingResourcePatternResolver - Resolved classpath location [com/shoppingbackend/model/] to resources [URL [file:/C:/Users/bhano/virtual-Tranning/shoppingbackend/target/classes/com/shoppingbackend/model/]]
17:17:34.063 [main] DEBUG org.springframework.core.io.support.PathMatchingResourcePatternResolver - Looking for matching resources in directory tree [C:\Users\bhano\virtual-Tranning\shoppingbackend\target\classes\com\shoppingbackend\model]
17:17:34.064 [main] DEBUG org.springframework.core.io.support.PathMatchingResourcePatternResolver - Searching directory [C:\Users\bhano\virtual-Tranning\shoppingbackend\target\classes\com\shoppingbackend\model] for files matching pattern [C:/Users/bhano/virtual-Tranning/shoppingbackend/target/classes/com/shoppingbackend/model/**/*.class]
17:17:34.075 [main] DEBUG org.springframework.core.io.support.PathMatchingResourcePatternResolver - Resolved location pattern [classpath*:com/shoppingbackend/model/**/*.class] to resources [file [C:\Users\bhano\virtual-Tranning\shoppingbackend\target\classes\com\shoppingbackend\model\Address.class], file [C:\Users\bhano\virtual-Tranning\shoppingbackend\target\classes\com\shoppingbackend\model\Cart.class], file [C:\Users\bhano\virtual-Tranning\shoppingbackend\target\classes\com\shoppingbackend\model\CartLine.class], file [C:\Users\bhano\virtual-Tranning\shoppingbackend\target\classes\com\shoppingbackend\model\Category.class], file [C:\Users\bhano\virtual-Tranning\shoppingbackend\target\classes\com\shoppingbackend\model\OrderDetail.class], file [C:\Users\bhano\virtual-Tranning\shoppingbackend\target\classes\com\shoppingbackend\model\OrderItem.class], file [C:\Users\bhano\virtual-Tranning\shoppingbackend\target\classes\com\shoppingbackend\model\Product.class], file [C:\Users\bhano\virtual-Tranning\shoppingbackend\target\classes\com\shoppingbackend\model\Supplier.class], file [C:\Users\bhano\virtual-Tranning\shoppingbackend\target\classes\com\shoppingbackend\model\User.class]]
17:17:34.083 [main] DEBUG org.springframework.context.annotation.ClassPathBeanDefinitionScanner - Identified candidate component class: file [C:\Users\bhano\virtual-Tranning\shoppingbackend\target\classes\com\shoppingbackend\model\Product.class]
17:17:34.250 [main] DEBUG org.springframework.context.annotation.ConfigurationClassBeanDefinitionReader - Registered bean definition for imported class &apos;org.springframework.transaction.annotation.ProxyTransactionManagementConfiguration&apos;
17:17:34.251 [main] DEBUG org.springframework.context.annotation.ConfigurationClassBeanDefinitionReader - Registering bean definition for @Bean method org.springframework.transaction.annotation.ProxyTransactionManagementConfiguration.org.springframework.transaction.config.internalTransactionAdvisor()
17:17:34.251 [main] DEBUG org.springframework.context.annotation.ConfigurationClassBeanDefinitionReader - Registering bean definition for @Bean method org.springframework.transaction.annotation.ProxyTransactionManagementConfiguration.transactionAttributeSource()
17:17:34.253 [main] DEBUG org.springframework.context.annotation.ConfigurationClassBeanDefinitionReader - Registering bean definition for @Bean method org.springframework.transaction.annotation.ProxyTransactionManagementConfiguration.transactionInterceptor()
17:17:34.253 [main] DEBUG org.springframework.context.annotation.ConfigurationClassBeanDefinitionReader - Registering bean definition for @Bean method org.springframework.transaction.annotation.ProxyTransactionManagementConfiguration.org.springframework.transaction.config.internalTransactionalEventListenerFactory()
17:17:34.254 [main] DEBUG org.springframework.context.annotation.ConfigurationClassBeanDefinitionReader - Registering bean definition for @Bean method com.shoppingbackend.config.HibernateConfig.dataSource()
17:17:34.256 [main] DEBUG org.springframework.context.annotation.ConfigurationClassBeanDefinitionReader - Registering bean definition for @Bean method com.shoppingbackend.config.HibernateConfig.getSessionFactory()
17:17:34.256 [main] DEBUG org.springframework.context.annotation.ConfigurationClassBeanDefinitionReader - Registering bean definition for @Bean method com.shoppingbackend.config.HibernateConfig.getTransactionManager()
17:17:34.260 [main] DEBUG org.springframework.context.annotation.ConfigurationClassEnhancer - Successfully enhanced com.shoppingbackend.config.HibernateConfig; enhanced class name is: com.shoppingbackend.config.HibernateConfig$$EnhancerBySpringCGLIB$$7bf358ee
17:17:34.261 [main] DEBUG org.springframework.context.annotation.ConfigurationClassPostProcessor - Replacing bean definition &apos;hibernateConfig&apos; existing class &apos;com.shoppingbackend.config.HibernateConfig&apos; with enhanced class &apos;com.shoppingbackend.config.HibernateConfig$$EnhancerBySpringCGLIB$$7bf358ee&apos;
17:17:34.262 [main] DEBUG org.springframework.context.annotation.ConfigurationClassEnhancer - Successfully enhanced org.springframework.transaction.annotation.ProxyTransactionManagementConfiguration; enhanced class name is: org.springframework.transaction.annotation.ProxyTransactionManagementConfiguration$$EnhancerBySpringCGLIB$$c4398932
17:17:34.262 [main] DEBUG org.springframework.context.annotation.ConfigurationClassPostProcessor - Replacing bean definition &apos;org.springframework.transaction.annotation.ProxyTransactionManagementConfiguration&apos; existing class &apos;org.springframework.transaction.annotation.ProxyTransactionManagementConfiguration&apos; with enhanced class &apos;org.springframework.transaction.annotation.ProxyTransactionManagementConfiguration$$EnhancerBySpringCGLIB$$c4398932&apos;
17:17:34.270 [main] DEBUG org.springframework.beans.factory.support.DefaultListableBeanFactory - Creating shared instance of singleton bean &apos;org.springframework.context.annotation.internalAutowiredAnnotationProcessor&apos;
17:17:34.270 [main] DEBUG org.springframework.beans.factory.support.DefaultListableBeanFactory - Creating instance of bean &apos;org.springframework.context.annotation.internalAutowiredAnnotationProcessor&apos;
17:17:34.271 [main] DEBUG org.springframework.beans.factory.support.DefaultListableBeanFactory - Eagerly caching bean &apos;org.springframework.context.annotation.internalAutowiredAnnotationProcessor&apos; to allow for resolving potential circular references
17:17:34.276 [main] DEBUG org.springframework.beans.factory.support.DefaultListableBeanFactory - Finished creating instance of bean &apos;org.springframework.context.annotation.internalAutowiredAnnotationProcessor&apos;
17:17:34.276 [main] DEBUG org.springframework.beans.factory.support.DefaultListableBeanFactory - Creating shared instance of singleton bean &apos;org.springframework.context.annotation.internalRequiredAnnotationProcessor&apos;
17:17:34.276 [main] DEBUG org.springframework.beans.factory.support.DefaultListableBeanFactory - Creating instance of bean &apos;org.springframework.context.annotation.internalRequiredAnnotationProcessor&apos;
17:17:34.276 [main] DEBUG org.springframework.beans.factory.support.DefaultListableBeanFactory - Eagerly caching bean &apos;org.springframework.context.annotation.internalRequiredAnnotationProcessor&apos; to allow for resolving potential circular references
17:17:34.282 [main] DEBUG org.springframework.beans.factory.support.DefaultListableBeanFactory - Finished creating instance of bean &apos;org.springframework.context.annotation.internalRequiredAnnotationProcessor&apos;
17:17:34.283 [main] DEBUG org.springframework.beans.factory.support.DefaultListableBeanFactory - Creating shared instance of singleton bean &apos;org.springframework.context.annotation.internalCommonAnnotationProcessor&apos;
17:17:34.283 [main] DEBUG org.springframework.beans.factory.support.DefaultListableBeanFactory - Creating instance of bean &apos;org.springframework.context.annotation.internalCommonAnnotationProcessor&apos;
17:17:34.287 [main] DEBUG org.springframework.beans.factory.support.DefaultListableBeanFactory - Eagerly caching bean &apos;org.springframework.context.annotation.internalCommonAnnotationProcessor&apos; to allow for resolving potential circular references
17:17:34.295 [main] DEBUG org.springframework.beans.factory.support.DefaultListableBeanFactory - Finished creating instance of bean &apos;org.springframework.context.annotation.internalCommonAnnotationProcessor&apos;
17:17:34.296 [main] DEBUG org.springframework.beans.factory.support.DefaultListableBeanFactory - Creating shared instance of singleton bean &apos;org.springframework.context.annotation.internalPersistenceAnnotationProcessor&apos;
17:17:34.296 [main] DEBUG org.springframework.beans.factory.support.DefaultListableBeanFactory - Creating instance of bean &apos;org.springframework.context.annotation.internalPersistenceAnnotationProcessor&apos;
17:17:34.296 [main] DEBUG org.springframework.beans.factory.support.DefaultListableBeanFactory - Eagerly caching bean &apos;org.springframework.context.annotation.internalPersistenceAnnotationProcessor&apos; to allow for resolving potential circular references
17:17:34.364 [main] DEBUG org.springframework.beans.factory.support.DefaultListableBeanFactory - Finished creating instance of bean &apos;org.springframework.context.annotation.internalPersistenceAnnotationProcessor&apos;
17:17:34.365 [main] DEBUG org.springframework.beans.factory.support.DefaultListableBeanFactory - Creating shared instance of singleton bean &apos;org.springframework.aop.config.internalAutoProxyCreator&apos;
17:17:34.365 [main] DEBUG org.springframework.beans.factory.support.DefaultListableBeanFactory - Creating instance of bean &apos;org.springframework.aop.config.internalAutoProxyCreator&apos;
17:17:34.366 [main] DEBUG org.springframework.beans.factory.support.DefaultListableBeanFactory - Eagerly caching bean &apos;org.springframework.aop.config.internalAutoProxyCreator&apos; to allow for resolving potential circular references
17:17:34.379 [main] DEBUG org.springframework.beans.factory.support.DefaultListableBeanFactory - Finished creating instance of bean &apos;org.springframework.aop.config.internalAutoProxyCreator&apos;
17:17:34.379 [main] DEBUG org.springframework.context.annotation.AnnotationConfigApplicationContext - Unable to locate MessageSource with name &apos;messageSource&apos;: using default [org.springframework.context.support.DelegatingMessageSource@dc7b462]
17:17:34.379 [main] DEBUG org.springframework.context.annotation.AnnotationConfigApplicationContext - Unable to locate ApplicationEventMulticaster with name &apos;applicationEventMulticaster&apos;: using default [org.springframework.context.event.SimpleApplicationEventMulticaster@1f51431]
17:17:34.380 [main] DEBUG org.springframework.beans.factory.support.DefaultListableBeanFactory - Pre-instantiating singletons in org.springframework.beans.factory.support.DefaultListableBeanFactory@7ce4de34: defining beans [org.springframework.context.annotation.internalConfigurationAnnotationProcessor,org.springframework.context.annotation.internalAutowiredAnnotationProcessor,org.springframework.context.annotation.internalRequiredAnnotationProcessor,org.springframework.context.annotation.internalCommonAnnotationProcessor,org.springframework.context.annotation.internalPersistenceAnnotationProcessor,org.springframework.context.event.internalEventListenerProcessor,org.springframework.context.event.internalEventListenerFactory,hibernateConfig,cartLineDAO,categoryDAO,productDAO,supplierDAO,userDAO,product,org.springframework.transaction.annotation.ProxyTransactionManagementConfiguration,org.springframework.transaction.config.internalTransactionAdvisor,transactionAttributeSource,transactionInterceptor,org.springframework.transaction.config.internalTransactionalEventListenerFactory,dataSource,getSessionFactory,getTransactionManager,org.springframework.aop.config.internalAutoProxyCreator]; root of factory hierarchy
17:17:34.380 [main] DEBUG org.springframework.beans.factory.support.DefaultListableBeanFactory - Returning cached instance of singleton bean &apos;org.springframework.context.annotation.internalConfigurationAnnotationProcessor&apos;
17:17:34.380 [main] DEBUG org.springframework.beans.factory.support.DefaultListableBeanFactory - Returning cached instance of singleton bean &apos;org.springframework.context.annotation.internalAutowiredAnnotationProcessor&apos;
17:17:34.380 [main] DEBUG org.springframework.beans.factory.support.DefaultListableBeanFactory - Returning cached instance of singleton bean &apos;org.springframework.context.annotation.internalRequiredAnnotationProcessor&apos;
17:17:34.380 [main] DEBUG org.springframework.beans.factory.support.DefaultListableBeanFactory - Returning cached instance of singleton bean &apos;org.springframework.context.annotation.internalCommonAnnotationProcessor&apos;
17:17:34.380 [main] DEBUG org.springframework.beans.factory.support.DefaultListableBeanFactory - Returning cached instance of singleton bean &apos;org.springframework.context.annotation.internalPersistenceAnnotationProcessor&apos;
17:17:34.381 [main] DEBUG org.springframework.beans.factory.support.DefaultListableBeanFactory - Creating shared instance of singleton bean &apos;org.springframework.context.event.internalEventListenerProcessor&apos;
17:17:34.381 [main] DEBUG org.springframework.beans.factory.support.DefaultListableBeanFactory - Creating instance of bean &apos;org.springframework.context.event.internalEventListenerProcessor&apos;
17:17:34.381 [main] DEBUG org.springframework.beans.factory.support.DefaultListableBeanFactory - Eagerly caching bean &apos;org.springframework.context.event.internalEventListenerProcessor&apos; to allow for resolving potential circular references
17:17:34.385 [main] DEBUG org.springframework.beans.factory.support.DefaultListableBeanFactory - Creating shared instance of singleton bean &apos;org.springframework.transaction.config.internalTransactionAdvisor&apos;
17:17:34.386 [main] DEBUG org.springframework.beans.factory.support.DefaultListableBeanFactory - Creating instance of bean &apos;org.springframework.transaction.config.internalTransactionAdvisor&apos;
17:17:34.386 [main] DEBUG org.springframework.beans.factory.support.DefaultListableBeanFactory - Creating shared instance of singleton bean &apos;org.springframework.transaction.annotation.ProxyTransactionManagementConfiguration&apos;
17:17:34.386 [main] DEBUG org.springframework.beans.factory.support.DefaultListableBeanFactory - Creating instance of bean &apos;org.springframework.transaction.annotation.ProxyTransactionManagementConfiguration&apos;
17:17:34.405 [main] DEBUG org.springframework.beans.factory.annotation.InjectionMetadata - Registered injected element on class [org.springframework.transaction.annotation.ProxyTransactionManagementConfiguration$$EnhancerBySpringCGLIB$$c4398932]: AutowiredMethodElement for void org.springframework.transaction.annotation.AbstractTransactionManagementConfiguration.setConfigurers(java.util.Collection)
17:17:34.405 [main] DEBUG org.springframework.beans.factory.support.DefaultListableBeanFactory - Eagerly caching bean &apos;org.springframework.transaction.annotation.ProxyTransactionManagementConfiguration&apos; to allow for resolving potential circular references
17:17:34.406 [main] DEBUG org.springframework.beans.factory.annotation.InjectionMetadata - Processing injected element of bean &apos;org.springframework.transaction.annotation.ProxyTransactionManagementConfiguration&apos;: AutowiredMethodElement for void org.springframework.transaction.annotation.AbstractTransactionManagementConfiguration.setConfigurers(java.util.Collection)
17:17:34.413 [main] DEBUG org.springframework.beans.factory.support.DefaultListableBeanFactory - Returning cached instance of singleton bean &apos;org.springframework.context.annotation.ConfigurationClassPostProcessor.importRegistry&apos;
17:17:34.414 [main] DEBUG org.springframework.aop.framework.autoproxy.BeanFactoryAdvisorRetrievalHelper - Skipping currently created advisor &apos;org.springframework.transaction.config.internalTransactionAdvisor&apos;
17:17:34.414 [main] DEBUG org.springframework.beans.factory.support.DefaultListableBeanFactory - Finished creating instance of bean &apos;org.springframework.transaction.annotation.ProxyTransactionManagementConfiguration&apos;
17:17:34.415 [main] DEBUG org.springframework.beans.factory.support.DefaultListableBeanFactory - Creating shared instance of singleton bean &apos;transactionAttributeSource&apos;
17:17:34.415 [main] DEBUG org.springframework.beans.factory.support.DefaultListableBeanFactory - Creating instance of bean &apos;transactionAttributeSource&apos;
17:17:34.416 [main] DEBUG org.springframework.beans.factory.support.DefaultListableBeanFactory - Returning cached instance of singleton bean &apos;org.springframework.transaction.annotation.ProxyTransactionManagementConfiguration&apos;
17:17:34.423 [main] DEBUG org.springframework.beans.factory.support.DefaultListableBeanFactory - Eagerly caching bean &apos;transactionAttributeSource&apos; to allow for resolving potential circular references
17:17:34.427 [main] DEBUG org.springframework.aop.framework.autoproxy.BeanFactoryAdvisorRetrievalHelper - Skipping currently created advisor &apos;org.springframework.transaction.config.internalTransactionAdvisor&apos;
17:17:34.428 [main] DEBUG org.springframework.beans.factory.support.DefaultListableBeanFactory - Finished creating instance of bean &apos;transactionAttributeSource&apos;
17:17:34.429 [main] DEBUG org.springframework.beans.factory.support.DefaultListableBeanFactory - Creating shared instance of singleton bean &apos;transactionInterceptor&apos;
17:17:34.429 [main] DEBUG org.springframework.beans.factory.support.DefaultListableBeanFactory - Creating instance of bean &apos;transactionInterceptor&apos;
17:17:34.430 [main] DEBUG org.springframework.beans.factory.support.DefaultListableBeanFactory - Returning cached instance of singleton bean &apos;org.springframework.transaction.annotation.ProxyTransactionManagementConfiguration&apos;
17:17:34.430 [main] DEBUG org.springframework.beans.factory.support.DefaultListableBeanFactory - Returning cached instance of singleton bean &apos;transactionAttributeSource&apos;
17:17:34.432 [main] DEBUG org.springframework.beans.factory.support.DefaultListableBeanFactory - Eagerly caching bean &apos;transactionInterceptor&apos; to allow for resolving potential circular references
17:17:34.437 [main] DEBUG org.springframework.beans.factory.support.DefaultListableBeanFactory - Invoking afterPropertiesSet() on bean with name &apos;transactionInterceptor&apos;
17:17:34.438 [main] DEBUG org.springframework.beans.factory.support.DefaultListableBeanFactory - Finished creating instance of bean &apos;transactionInterceptor&apos;
17:17:34.438 [main] DEBUG org.springframework.beans.factory.support.DefaultListableBeanFactory - Eagerly caching bean &apos;org.springframework.transaction.config.internalTransactionAdvisor&apos; to allow for resolving potential circular references
17:17:34.442 [main] DEBUG org.springframework.beans.factory.support.DefaultListableBeanFactory - Finished creating instance of bean &apos;org.springframework.transaction.config.internalTransactionAdvisor&apos;
17:17:34.443 [main] DEBUG org.springframework.beans.factory.support.DefaultListableBeanFactory - Finished creating instance of bean &apos;org.springframework.context.event.internalEventListenerProcessor&apos;
17:17:34.444 [main] DEBUG org.springframework.beans.factory.support.DefaultListableBeanFactory - Creating shared instance of singleton bean &apos;org.springframework.context.event.internalEventListenerFactory&apos;
17:17:34.444 [main] DEBUG org.springframework.beans.factory.support.DefaultListableBeanFactory - Creating instance of bean &apos;org.springframework.context.event.internalEventListenerFactory&apos;
17:17:34.445 [main] DEBUG org.springframework.beans.factory.support.DefaultListableBeanFactory - Eagerly caching bean &apos;org.springframework.context.event.internalEventListenerFactory&apos; to allow for resolving potential circular references
17:17:34.447 [main] DEBUG org.springframework.beans.factory.support.DefaultListableBeanFactory - Returning cached instance of singleton bean &apos;org.springframework.transaction.config.internalTransactionAdvisor&apos;
17:17:34.448 [main] DEBUG org.springframework.beans.factory.support.DefaultListableBeanFactory - Finished creating instance of bean &apos;org.springframework.context.event.internalEventListenerFactory&apos;
17:17:34.481 [main] DEBUG org.springframework.beans.factory.support.DefaultListableBeanFactory - Creating shared instance of singleton bean &apos;hibernateConfig&apos;
17:17:34.482 [main] DEBUG org.springframework.beans.factory.support.DefaultListableBeanFactory - Creating instance of bean &apos;hibernateConfig&apos;
17:17:34.483 [main] DEBUG org.springframework.beans.factory.support.DefaultListableBeanFactory - Eagerly caching bean &apos;hibernateConfig&apos; to allow for resolving potential circular references
17:17:34.488 [main] DEBUG org.springframework.beans.factory.support.DefaultListableBeanFactory - Returning cached instance of singleton bean &apos;org.springframework.transaction.config.internalTransactionAdvisor&apos;
17:17:34.490 [main] DEBUG org.springframework.beans.factory.support.DefaultListableBeanFactory - Finished creating instance of bean &apos;hibernateConfig&apos;
17:17:34.491 [main] DEBUG org.springframework.beans.factory.support.DefaultListableBeanFactory - Creating shared instance of singleton bean &apos;cartLineDAO&apos;
17:17:34.491 [main] DEBUG org.springframework.beans.factory.support.DefaultListableBeanFactory - Creating instance of bean &apos;cartLineDAO&apos;
17:17:34.492 [main] DEBUG org.springframework.beans.factory.annotation.InjectionMetadata - Registered injected element on class [com.shoppingbackend.dao.daoimpl.CartLineDAOImpl]: AutowiredFieldElement for private org.hibernate.SessionFactory com.shoppingbackend.dao.daoimpl.CartLineDAOImpl.sessionFactory
17:17:34.492 [main] DEBUG org.springframework.beans.factory.support.DefaultListableBeanFactory - Eagerly caching bean &apos;cartLineDAO&apos; to allow for resolving potential circular references
17:17:34.494 [main] DEBUG org.springframework.beans.factory.annotation.InjectionMetadata - Processing injected element of bean &apos;cartLineDAO&apos;: AutowiredFieldElement for private org.hibernate.SessionFactory com.shoppingbackend.dao.daoimpl.CartLineDAOImpl.sessionFactory
17:17:34.496 [main] DEBUG org.springframework.beans.factory.support.DefaultListableBeanFactory - Creating shared instance of singleton bean &apos;getSessionFactory&apos;
17:17:34.497 [main] DEBUG org.springframework.beans.factory.support.DefaultListableBeanFactory - Creating instance of bean &apos;getSessionFactory&apos;
17:17:34.497 [main] DEBUG org.springframework.beans.factory.support.DefaultListableBeanFactory - Returning cached instance of singleton bean &apos;hibernateConfig&apos;
17:17:34.500 [main] DEBUG org.springframework.beans.factory.support.DefaultListableBeanFactory - Creating shared instance of singleton bean &apos;dataSource&apos;
17:17:34.501 [main] DEBUG org.springframework.beans.factory.support.DefaultListableBeanFactory - Creating instance of bean &apos;dataSource&apos;
17:17:34.501 [main] DEBUG org.springframework.beans.factory.support.DefaultListableBeanFactory - Returning cached instance of singleton bean &apos;hibernateConfig&apos;
17:17:34.503 [main] DEBUG org.springframework.beans.factory.support.DefaultListableBeanFactory - Eagerly caching bean &apos;dataSource&apos; to allow for resolving potential circular references
17:17:34.512 [main] DEBUG org.springframework.beans.factory.support.DefaultListableBeanFactory - Returning cached instance of singleton bean &apos;org.springframework.transaction.config.internalTransactionAdvisor&apos;
17:17:34.517 [main] DEBUG org.springframework.beans.factory.support.DefaultListableBeanFactory - Finished creating instance of bean &apos;dataSource&apos;
17:17:34.517 [main] DEBUG org.springframework.beans.factory.support.DefaultListableBeanFactory - Autowiring by type from bean name &apos;getSessionFactory&apos; via factory method to bean named &apos;dataSource&apos;
17:17:34.519 [main] DEBUG org.hibernate.integrator.internal.IntegratorServiceImpl - Adding Integrator [org.hibernate.cfg.beanvalidation.BeanValidationIntegrator].
17:17:34.520 [main] DEBUG org.hibernate.integrator.internal.IntegratorServiceImpl - Adding Integrator [org.hibernate.secure.spi.JaccIntegrator].
17:17:34.520 [main] DEBUG org.hibernate.integrator.internal.IntegratorServiceImpl - Adding Integrator [org.hibernate.cache.internal.CollectionCacheInvalidator].
17:17:34.557 [main] DEBUG org.springframework.core.io.support.PathMatchingResourcePatternResolver - Resolved classpath location [com/shoppingbackend/model/] to resources [URL [file:/C:/Users/bhano/virtual-Tranning/shoppingbackend/target/classes/com/shoppingbackend/model/]]
17:17:34.557 [main] DEBUG org.springframework.core.io.support.PathMatchingResourcePatternResolver - Looking for matching resources in directory tree [C:\Users\bhano\virtual-Tranning\shoppingbackend\target\classes\com\shoppingbackend\model]
17:17:34.558 [main] DEBUG org.springframework.core.io.support.PathMatchingResourcePatternResolver - Searching directory [C:\Users\bhano\virtual-Tranning\shoppingbackend\target\classes\com\shoppingbackend\model] for files matching pattern [C:/Users/bhano/virtual-Tranning/shoppingbackend/target/classes/com/shoppingbackend/model/**/*.class]
17:17:34.561 [main] DEBUG org.springframework.core.io.support.PathMatchingResourcePatternResolver - Resolved location pattern [classpath*:com/shoppingbackend/model/**/*.class] to resources [file [C:\Users\bhano\virtual-Tranning\shoppingbackend\target\classes\com\shoppingbackend\model\Address.class], file [C:\Users\bhano\virtual-Tranning\shoppingbackend\target\classes\com\shoppingbackend\model\Cart.class], file [C:\Users\bhano\virtual-Tranning\shoppingbackend\target\classes\com\shoppingbackend\model\CartLine.class], file [C:\Users\bhano\virtual-Tranning\shoppingbackend\target\classes\com\shoppingbackend\model\Category.class], file [C:\Users\bhano\virtual-Tranning\shoppingbackend\target\classes\com\shoppingbackend\model\OrderDetail.class], file [C:\Users\bhano\virtual-Tranning\shoppingbackend\target\classes\com\shoppingbackend\model\OrderItem.class], file [C:\Users\bhano\virtual-Tranning\shoppingbackend\target\classes\com\shoppingbackend\model\Product.class], file [C:\Users\bhano\virtual-Tranning\shoppingbackend\target\classes\com\shoppingbackend\model\Supplier.class], file [C:\Users\bhano\virtual-Tranning\shoppingbackend\target\classes\com\shoppingbackend\model\User.class]]
17:17:34.605 [main] DEBUG org.hibernate.cfg.Configuration - Building session factory using internal StandardServiceRegistryBuilder
17:17:34.607 [main] DEBUG org.hibernate.service.spi.ServiceBinding - Overriding existing service binding [org.hibernate.secure.spi.JaccService]
17:17:34.607 [main] DEBUG org.hibernate.cfg.Configuration - Building session factory using provided StandardServiceRegistry
17:17:34.608 [main] DEBUG org.hibernate.cache.internal.RegionFactoryInitiator - Cache region factory : org.hibernate.cache.internal.NoCachingRegionFactory
17:17:34.610 [main] DEBUG org.hibernate.type.BasicTypeRegistry - Adding type registration boolean -&gt; org.hibernate.type.BooleanType@60db1c0e
17:17:34.611 [main] DEBUG org.hibernate.type.BasicTypeRegistry - Adding type registration boolean -&gt; org.hibernate.type.BooleanType@60db1c0e
17:17:34.611 [main] DEBUG org.hibernate.type.BasicTypeRegistry - Adding type registration java.lang.Boolean -&gt; org.hibernate.type.BooleanType@60db1c0e
17:17:34.611 [main] DEBUG org.hibernate.type.BasicTypeRegistry - Adding type registration numeric_boolean -&gt; org.hibernate.type.NumericBooleanType@2438dcd
17:17:34.612 [main] DEBUG org.hibernate.type.BasicTypeRegistry - Adding type registration true_false -&gt; org.hibernate.type.TrueFalseType@e3b3b2f
17:17:34.612 [main] DEBUG org.hibernate.type.BasicTypeRegistry - Adding type registration yes_no -&gt; org.hibernate.type.YesNoType@7f2cfe3f
17:17:34.612 [main] DEBUG org.hibernate.type.BasicTypeRegistry - Adding type registration byte -&gt; org.hibernate.type.ByteType@45efd90f
17:17:34.618 [main] DEBUG org.hibernate.type.BasicTypeRegistry - Adding type registration byte -&gt; org.hibernate.type.ByteType@45efd90f
17:17:34.619 [main] DEBUG org.hibernate.type.BasicTypeRegistry - Adding type registration java.lang.Byte -&gt; org.hibernate.type.ByteType@45efd90f
17:17:34.619 [main] DEBUG org.hibernate.type.BasicTypeRegistry - Adding type registration character -&gt; org.hibernate.type.CharacterType@4a07d605
17:17:34.620 [main] DEBUG org.hibernate.type.BasicTypeRegistry - Adding type registration char -&gt; org.hibernate.type.CharacterType@4a07d605
17:17:34.620 [main] DEBUG org.hibernate.type.BasicTypeRegistry - Adding type registration java.lang.Character -&gt; org.hibernate.type.CharacterType@4a07d605
17:17:34.620 [main] DEBUG org.hibernate.type.BasicTypeRegistry - Adding type registration short -&gt; org.hibernate.type.ShortType@68878f6d
17:17:34.620 [main] DEBUG org.hibernate.type.BasicTypeRegistry - Adding type registration short -&gt; org.hibernate.type.ShortType@68878f6d
17:17:34.621 [main] DEBUG org.hibernate.type.BasicTypeRegistry - Adding type registration java.lang.Short -&gt; org.hibernate.type.ShortType@68878f6d
17:17:34.621 [main] DEBUG org.hibernate.type.BasicTypeRegistry - Adding type registration integer -&gt; org.hibernate.type.IntegerType@7fd7a283
17:17:34.621 [main] DEBUG org.hibernate.type.BasicTypeRegistry - Adding type registration int -&gt; org.hibernate.type.IntegerType@7fd7a283
17:17:34.622 [main] DEBUG org.hibernate.type.BasicTypeRegistry - Adding type registration java.lang.Integer -&gt; org.hibernate.type.IntegerType@7fd7a283
17:17:34.622 [main] DEBUG org.hibernate.type.BasicTypeRegistry - Adding type registration long -&gt; org.hibernate.type.LongType@18317edc
17:17:34.622 [main] DEBUG org.hibernate.type.BasicTypeRegistry - Adding type registration long -&gt; org.hibernate.type.LongType@18317edc
17:17:34.622 [main] DEBUG org.hibernate.type.BasicTypeRegistry - Adding type registration java.lang.Long -&gt; org.hibernate.type.LongType@18317edc
17:17:34.623 [main] DEBUG org.hibernate.type.BasicTypeRegistry - Adding type registration float -&gt; org.hibernate.type.FloatType@376a0d86
17:17:34.623 [main] DEBUG org.hibernate.type.BasicTypeRegistry - Adding type registration float -&gt; org.hibernate.type.FloatType@376a0d86
17:17:34.623 [main] DEBUG org.hibernate.type.BasicTypeRegistry - Adding type registration java.lang.Float -&gt; org.hibernate.type.FloatType@376a0d86
17:17:34.623 [main] DEBUG org.hibernate.type.BasicTypeRegistry - Adding type registration double -&gt; org.hibernate.type.DoubleType@6c7a164b
17:17:34.623 [main] DEBUG org.hibernate.type.BasicTypeRegistry - Adding type registration double -&gt; org.hibernate.type.DoubleType@6c7a164b
17:17:34.624 [main] DEBUG org.hibernate.type.BasicTypeRegistry - Adding type registration java.lang.Double -&gt; org.hibernate.type.DoubleType@6c7a164b
17:17:34.624 [main] DEBUG org.hibernate.type.BasicTypeRegistry - Adding type registration big_decimal -&gt; org.hibernate.type.BigDecimalType@47c81abf
17:17:34.624 [main] DEBUG org.hibernate.type.BasicTypeRegistry - Adding type registration java.math.BigDecimal -&gt; org.hibernate.type.BigDecimalType@47c81abf
17:17:34.624 [main] DEBUG org.hibernate.type.BasicTypeRegistry - Adding type registration big_integer -&gt; org.hibernate.type.BigIntegerType@3cce57c7
17:17:34.625 [main] DEBUG org.hibernate.type.BasicTypeRegistry - Adding type registration java.math.BigInteger -&gt; org.hibernate.type.BigIntegerType@3cce57c7
17:17:34.625 [main] DEBUG org.hibernate.type.BasicTypeRegistry - Adding type registration string -&gt; org.hibernate.type.StringType@3576ddc2
17:17:34.625 [main] DEBUG org.hibernate.type.BasicTypeRegistry - Adding type registration java.lang.String -&gt; org.hibernate.type.StringType@3576ddc2
17:17:34.625 [main] DEBUG org.hibernate.type.BasicTypeRegistry - Adding type registration nstring -&gt; org.hibernate.type.StringNVarcharType@747f281
17:17:34.626 [main] DEBUG org.hibernate.type.BasicTypeRegistry - Adding type registration ncharacter -&gt; org.hibernate.type.CharacterNCharType@2ca923bb
17:17:34.626 [main] DEBUG org.hibernate.type.BasicTypeRegistry - Adding type registration url -&gt; org.hibernate.type.UrlType@7de62196
17:17:34.626 [main] DEBUG org.hibernate.type.BasicTypeRegistry - Adding type registration java.net.URL -&gt; org.hibernate.type.UrlType@7de62196
17:17:34.626 [main] DEBUG org.hibernate.type.BasicTypeRegistry - Adding type registration Duration -&gt; org.hibernate.type.DurationType@389b0789
17:17:34.626 [main] DEBUG org.hibernate.type.BasicTypeRegistry - Adding type registration java.time.Duration -&gt; org.hibernate.type.DurationType@389b0789
17:17:34.627 [main] DEBUG org.hibernate.type.BasicTypeRegistry - Adding type registration Instant -&gt; org.hibernate.type.InstantType@2dc9b0f5
17:17:34.627 [main] DEBUG org.hibernate.type.BasicTypeRegistry - Adding type registration java.time.Instant -&gt; org.hibernate.type.InstantType@2dc9b0f5
17:17:34.627 [main] DEBUG org.hibernate.type.BasicTypeRegistry - Adding type registration LocalDateTime -&gt; org.hibernate.type.LocalDateTimeType@56dc1551
17:17:34.627 [main] DEBUG org.hibernate.type.BasicTypeRegistry - Adding type registration java.time.LocalDateTime -&gt; org.hibernate.type.LocalDateTimeType@56dc1551
17:17:34.628 [main] DEBUG org.hibernate.type.BasicTypeRegistry - Adding type registration LocalDate -&gt; org.hibernate.type.LocalDateType@4bbf6d0e
17:17:34.628 [main] DEBUG org.hibernate.type.BasicTypeRegistry - Adding type registration java.time.LocalDate -&gt; org.hibernate.type.LocalDateType@4bbf6d0e
17:17:34.628 [main] DEBUG org.hibernate.type.BasicTypeRegistry - Adding type registration LocalTime -&gt; org.hibernate.type.LocalTimeType@93081b6
17:17:34.628 [main] DEBUG org.hibernate.type.BasicTypeRegistry - Adding type registration java.time.LocalTime -&gt; org.hibernate.type.LocalTimeType@93081b6
17:17:34.629 [main] DEBUG org.hibernate.type.BasicTypeRegistry - Adding type registration OffsetDateTime -&gt; org.hibernate.type.OffsetDateTimeType@16c069df
17:17:34.629 [main] DEBUG org.hibernate.type.BasicTypeRegistry - Adding type registration java.time.OffsetDateTime -&gt; org.hibernate.type.OffsetDateTimeType@16c069df
17:17:34.629 [main] DEBUG org.hibernate.type.BasicTypeRegistry - Adding type registration OffsetTime -&gt; org.hibernate.type.OffsetTimeType@7c3fdb62
17:17:34.629 [main] DEBUG org.hibernate.type.BasicTypeRegistry - Adding type registration java.time.OffsetTime -&gt; org.hibernate.type.OffsetTimeType@7c3fdb62
17:17:34.689 [main] DEBUG org.hibernate.type.BasicTypeRegistry - Adding type registration ZonedDateTime -&gt; org.hibernate.type.ZonedDateTimeType@72ade7e3
17:17:34.689 [main] DEBUG org.hibernate.type.BasicTypeRegistry - Adding type registration java.time.ZonedDateTime -&gt; org.hibernate.type.ZonedDateTimeType@72ade7e3
17:17:34.689 [main] DEBUG org.hibernate.type.BasicTypeRegistry - Adding type registration date -&gt; org.hibernate.type.DateType@23202fce
17:17:34.690 [main] DEBUG org.hibernate.type.BasicTypeRegistry - Adding type registration java.sql.Date -&gt; org.hibernate.type.DateType@23202fce
17:17:34.690 [main] DEBUG org.hibernate.type.BasicTypeRegistry - Adding type registration time -&gt; org.hibernate.type.TimeType@7f284218
17:17:34.690 [main] DEBUG org.hibernate.type.BasicTypeRegistry - Adding type registration java.sql.Time -&gt; org.hibernate.type.TimeType@7f284218
17:17:34.690 [main] DEBUG org.hibernate.type.BasicTypeRegistry - Adding type registration timestamp -&gt; org.hibernate.type.TimestampType@2cb2fc20
17:17:34.691 [main] DEBUG org.hibernate.type.BasicTypeRegistry - Adding type registration java.sql.Timestamp -&gt; org.hibernate.type.TimestampType@2cb2fc20
17:17:34.692 [main] DEBUG org.hibernate.type.BasicTypeRegistry - Adding type registration java.util.Date -&gt; org.hibernate.type.TimestampType@2cb2fc20
17:17:34.693 [main] DEBUG org.hibernate.type.BasicTypeRegistry - Adding type registration dbtimestamp -&gt; org.hibernate.type.DbTimestampType@5f0fd5a0
17:17:34.693 [main] DEBUG org.hibernate.type.BasicTypeRegistry - Adding type registration calendar -&gt; org.hibernate.type.CalendarType@3116c353
17:17:34.694 [main] DEBUG org.hibernate.type.BasicTypeRegistry - Adding type registration java.util.Calendar -&gt; org.hibernate.type.CalendarType@3116c353
17:17:34.698 [main] DEBUG org.hibernate.type.BasicTypeRegistry - Adding type registration java.util.GregorianCalendar -&gt; org.hibernate.type.CalendarType@3116c353
17:17:34.699 [main] DEBUG org.hibernate.type.BasicTypeRegistry - Adding type registration calendar_date -&gt; org.hibernate.type.CalendarDateType@352ff4da
17:17:34.699 [main] DEBUG org.hibernate.type.BasicTypeRegistry - Adding type registration locale -&gt; org.hibernate.type.LocaleType@295cf707
17:17:34.699 [main] DEBUG org.hibernate.type.BasicTypeRegistry - Adding type registration java.util.Locale -&gt; org.hibernate.type.LocaleType@295cf707
17:17:34.699 [main] DEBUG org.hibernate.type.BasicTypeRegistry - Adding type registration currency -&gt; org.hibernate.type.CurrencyType@1b266842
17:17:34.700 [main] DEBUG org.hibernate.type.BasicTypeRegistry - Adding type registration java.util.Currency -&gt; org.hibernate.type.CurrencyType@1b266842
17:17:34.700 [main] DEBUG org.hibernate.type.BasicTypeRegistry - Adding type registration timezone -&gt; org.hibernate.type.TimeZoneType@bb9e6dc
17:17:34.700 [main] DEBUG org.hibernate.type.BasicTypeRegistry - Adding type registration java.util.TimeZone -&gt; org.hibernate.type.TimeZoneType@bb9e6dc
17:17:34.700 [main] DEBUG org.hibernate.type.BasicTypeRegistry - Adding type registration class -&gt; org.hibernate.type.ClassType@39d76cb5
17:17:34.700 [main] DEBUG org.hibernate.type.BasicTypeRegistry - Adding type registration java.lang.Class -&gt; org.hibernate.type.ClassType@39d76cb5
17:17:34.701 [main] DEBUG org.hibernate.type.BasicTypeRegistry - Adding type registration uuid-binary -&gt; org.hibernate.type.UUIDBinaryType@4bd31064
17:17:34.701 [main] DEBUG org.hibernate.type.BasicTypeRegistry - Adding type registration java.util.UUID -&gt; org.hibernate.type.UUIDBinaryType@4bd31064
17:17:34.701 [main] DEBUG org.hibernate.type.BasicTypeRegistry - Adding type registration uuid-char -&gt; org.hibernate.type.UUIDCharType@7354b8c5
17:17:34.702 [main] DEBUG org.hibernate.type.BasicTypeRegistry - Adding type registration binary -&gt; org.hibernate.type.BinaryType@59e2d8e3
17:17:34.702 [main] DEBUG org.hibernate.type.BasicTypeRegistry - Adding type registration byte[] -&gt; org.hibernate.type.BinaryType@59e2d8e3
17:17:34.703 [main] DEBUG org.hibernate.type.BasicTypeRegistry - Adding type registration [B -&gt; org.hibernate.type.BinaryType@59e2d8e3
17:17:34.703 [main] DEBUG org.hibernate.type.BasicTypeRegistry - Adding type registration wrapper-binary -&gt; org.hibernate.type.WrapperBinaryType@2fba3fc4
17:17:34.703 [main] DEBUG org.hibernate.type.BasicTypeRegistry - Adding type registration Byte[] -&gt; org.hibernate.type.WrapperBinaryType@2fba3fc4
17:17:34.703 [main] DEBUG org.hibernate.type.BasicTypeRegistry - Adding type registration [Ljava.lang.Byte; -&gt; org.hibernate.type.WrapperBinaryType@2fba3fc4
17:17:34.704 [main] DEBUG org.hibernate.type.BasicTypeRegistry - Adding type registration row_version -&gt; org.hibernate.type.RowVersionType@1c852c0f
17:17:34.704 [main] DEBUG org.hibernate.type.BasicTypeRegistry - Adding type registration image -&gt; org.hibernate.type.ImageType@24c4ddae
17:17:34.704 [main] DEBUG org.hibernate.type.BasicTypeRegistry - Adding type registration characters -&gt; org.hibernate.type.CharArrayType@6a57ae10
17:17:34.704 [main] DEBUG org.hibernate.type.BasicTypeRegistry - Adding type registration char[] -&gt; org.hibernate.type.CharArrayType@6a57ae10
17:17:34.705 [main] DEBUG org.hibernate.type.BasicTypeRegistry - Adding type registration [C -&gt; org.hibernate.type.CharArrayType@6a57ae10
17:17:34.705 [main] DEBUG org.hibernate.type.BasicTypeRegistry - Adding type registration wrapper-characters -&gt; org.hibernate.type.CharacterArrayType@3b79fd76
17:17:34.705 [main] DEBUG org.hibernate.type.BasicTypeRegistry - Adding type registration [Ljava.lang.Character; -&gt; org.hibernate.type.CharacterArrayType@3b79fd76
17:17:34.705 [main] DEBUG org.hibernate.type.BasicTypeRegistry - Adding type registration Character[] -&gt; org.hibernate.type.CharacterArrayType@3b79fd76
17:17:34.706 [main] DEBUG org.hibernate.type.BasicTypeRegistry - Adding type registration text -&gt; org.hibernate.type.TextType@1863d2fe
17:17:34.706 [main] DEBUG org.hibernate.type.BasicTypeRegistry - Adding type registration ntext -&gt; org.hibernate.type.NTextType@797b0699
17:17:34.706 [main] DEBUG org.hibernate.type.BasicTypeRegistry - Adding type registration blob -&gt; org.hibernate.type.BlobType@6e01f9b0
17:17:34.706 [main] DEBUG org.hibernate.type.BasicTypeRegistry - Adding type registration java.sql.Blob -&gt; org.hibernate.type.BlobType@6e01f9b0
17:17:34.707 [main] DEBUG org.hibernate.type.BasicTypeRegistry - Adding type registration materialized_blob -&gt; org.hibernate.type.MaterializedBlobType@658c5a19
17:17:34.707 [main] DEBUG org.hibernate.type.BasicTypeRegistry - Adding type registration clob -&gt; org.hibernate.type.ClobType@68f1b17f
17:17:34.707 [main] DEBUG org.hibernate.type.BasicTypeRegistry - Adding type registration java.sql.Clob -&gt; org.hibernate.type.ClobType@68f1b17f
17:17:34.707 [main] DEBUG org.hibernate.type.BasicTypeRegistry - Adding type registration nclob -&gt; org.hibernate.type.NClobType@6fa34d52
17:17:34.707 [main] DEBUG org.hibernate.type.BasicTypeRegistry - Adding type registration java.sql.NClob -&gt; org.hibernate.type.NClobType@6fa34d52
17:17:34.708 [main] DEBUG org.hibernate.type.BasicTypeRegistry - Adding type registration materialized_clob -&gt; org.hibernate.type.MaterializedClobType@67b9b51a
17:17:34.708 [main] DEBUG org.hibernate.type.BasicTypeRegistry - Adding type registration materialized_nclob -&gt; org.hibernate.type.MaterializedNClobType@490caf5f
17:17:34.708 [main] DEBUG org.hibernate.type.BasicTypeRegistry - Adding type registration serializable -&gt; org.hibernate.type.SerializableType@934b6cb
17:17:34.708 [main] DEBUG org.hibernate.type.BasicTypeRegistry - Adding type registration object -&gt; org.hibernate.type.ObjectType@5cdec700
17:17:34.709 [main] DEBUG org.hibernate.type.BasicTypeRegistry - Adding type registration java.lang.Object -&gt; org.hibernate.type.ObjectType@5cdec700
17:17:34.709 [main] DEBUG org.hibernate.type.BasicTypeRegistry - Adding type registration imm_date -&gt; org.hibernate.type.AdaptedImmutableType@3cec79d3
17:17:34.709 [main] DEBUG org.hibernate.type.BasicTypeRegistry - Adding type registration imm_time -&gt; org.hibernate.type.AdaptedImmutableType@64b70919
17:17:34.709 [main] DEBUG org.hibernate.type.BasicTypeRegistry - Adding type registration imm_timestamp -&gt; org.hibernate.type.AdaptedImmutableType@4e31c3ec
17:17:34.710 [main] DEBUG org.hibernate.type.BasicTypeRegistry - Adding type registration imm_dbtimestamp -&gt; org.hibernate.type.AdaptedImmutableType@3157e4c0
17:17:34.710 [main] DEBUG org.hibernate.type.BasicTypeRegistry - Adding type registration imm_calendar -&gt; org.hibernate.type.AdaptedImmutableType@6eaa21d8
17:17:34.710 [main] DEBUG org.hibernate.type.BasicTypeRegistry - Adding type registration imm_calendar_date -&gt; org.hibernate.type.AdaptedImmutableType@328902d5
17:17:34.710 [main] DEBUG org.hibernate.type.BasicTypeRegistry - Adding type registration imm_binary -&gt; org.hibernate.type.AdaptedImmutableType@72e789cb
17:17:34.711 [main] DEBUG org.hibernate.type.BasicTypeRegistry - Adding type registration imm_serializable -&gt; org.hibernate.type.AdaptedImmutableType@7c1812b3
17:17:34.888 [main] DEBUG org.hibernate.engine.jdbc.env.internal.JdbcEnvironmentInitiator - Database -&gt;
       name : H2
    version : 1.4.196 (2017-06-10)
      major : 1
      minor : 4
17:17:34.888 [main] DEBUG org.hibernate.engine.jdbc.env.internal.JdbcEnvironmentInitiator - Driver -&gt;
       name : H2 JDBC Driver
    version : 1.4.196 (2017-06-10)
      major : 1
      minor : 4
17:17:34.888 [main] DEBUG org.hibernate.engine.jdbc.env.internal.JdbcEnvironmentInitiator - JDBC version : 4.0
17:17:34.888 [main] INFO org.hibernate.dialect.Dialect - HHH000400: Using dialect: org.hibernate.dialect.H2Dialect
17:17:34.909 [main] DEBUG org.hibernate.id.factory.internal.DefaultIdentifierGeneratorFactory - Registering IdentifierGenerator strategy [uuid2] -&gt; [org.hibernate.id.UUIDGenerator]
17:17:34.909 [main] DEBUG org.hibernate.id.factory.internal.DefaultIdentifierGeneratorFactory - Registering IdentifierGenerator strategy [guid] -&gt; [org.hibernate.id.GUIDGenerator]
17:17:34.909 [main] DEBUG org.hibernate.id.factory.internal.DefaultIdentifierGeneratorFactory - Registering IdentifierGenerator strategy [uuid] -&gt; [org.hibernate.id.UUIDHexGenerator]
17:17:34.909 [main] DEBUG org.hibernate.id.factory.internal.DefaultIdentifierGeneratorFactory - Registering IdentifierGenerator strategy [uuid.hex] -&gt; [org.hibernate.id.UUIDHexGenerator]
17:17:34.909 [main] DEBUG org.hibernate.id.factory.internal.DefaultIdentifierGeneratorFactory - Registering IdentifierGenerator strategy [assigned] -&gt; [org.hibernate.id.Assigned]
17:17:34.909 [main] DEBUG org.hibernate.id.factory.internal.DefaultIdentifierGeneratorFactory - Registering IdentifierGenerator strategy [identity] -&gt; [org.hibernate.id.IdentityGenerator]
17:17:34.909 [main] DEBUG org.hibernate.id.factory.internal.DefaultIdentifierGeneratorFactory - Registering IdentifierGenerator strategy [select] -&gt; [org.hibernate.id.SelectGenerator]
17:17:34.909 [main] DEBUG org.hibernate.id.factory.internal.DefaultIdentifierGeneratorFactory - Registering IdentifierGenerator strategy [sequence] -&gt; [org.hibernate.id.enhanced.SequenceStyleGenerator]
17:17:34.909 [main] DEBUG org.hibernate.id.factory.internal.DefaultIdentifierGeneratorFactory - Registering IdentifierGenerator strategy [seqhilo] -&gt; [org.hibernate.id.SequenceHiLoGenerator]
17:17:34.909 [main] DEBUG org.hibernate.id.factory.internal.DefaultIdentifierGeneratorFactory - Registering IdentifierGenerator strategy [increment] -&gt; [org.hibernate.id.IncrementGenerator]
17:17:34.909 [main] DEBUG org.hibernate.id.factory.internal.DefaultIdentifierGeneratorFactory - Registering IdentifierGenerator strategy [foreign] -&gt; [org.hibernate.id.ForeignGenerator]
17:17:34.909 [main] DEBUG org.hibernate.id.factory.internal.DefaultIdentifierGeneratorFactory - Registering IdentifierGenerator strategy [sequence-identity] -&gt; [org.hibernate.id.SequenceIdentityGenerator]
17:17:34.909 [main] DEBUG org.hibernate.id.factory.internal.DefaultIdentifierGeneratorFactory - Registering IdentifierGenerator strategy [enhanced-sequence] -&gt; [org.hibernate.id.enhanced.SequenceStyleGenerator]
17:17:34.909 [main] DEBUG org.hibernate.id.factory.internal.DefaultIdentifierGeneratorFactory - Registering IdentifierGenerator strategy [enhanced-table] -&gt; [org.hibernate.id.enhanced.TableGenerator]
17:17:34.910 [main] DEBUG org.hibernate.boot.model.relational.Namespace - Created database namespace [logicalName=Name{catalog=null, schema=null}, physicalName=Name{catalog=null, schema=null}]
17:17:34.910 [main] DEBUG org.hibernate.cfg.AnnotationBinder - Binding entity from annotated class: com.shoppingbackend.model.Address
17:17:34.910 [main] DEBUG org.hibernate.cfg.Ejb3Column - Binding column: Ejb3DiscriminatorColumn{logicalColumnName&apos;DTYPE&apos;, discriminatorTypeName=&apos;string&apos;}
17:17:34.911 [main] DEBUG org.hibernate.cfg.annotations.EntityBinder - Import with entity name Address
17:17:34.911 [main] DEBUG org.hibernate.cfg.annotations.EntityBinder - Bind entity com.shoppingbackend.model.Address on table Address
17:17:34.915 [main] DEBUG org.hibernate.cfg.Ejb3Column - Binding column: Ejb3Column{table=org.hibernate.mapping.Table(Address), mappingColumn=id, insertable=true, updatable=true, unique=false}
17:17:34.916 [main] DEBUG org.hibernate.cfg.annotations.PropertyBinder - MetadataSourceProcessor property id with lazy=false
17:17:34.916 [main] DEBUG org.hibernate.cfg.AbstractPropertyHolder - Attempting to locate auto-apply AttributeConverter for property [com.shoppingbackend.model.Address:id]
17:17:34.916 [main] DEBUG org.hibernate.cfg.annotations.SimpleValueBinder - building SimpleValue for id
17:17:34.916 [main] DEBUG org.hibernate.cfg.annotations.PropertyBinder - Building property id
17:17:34.917 [main] DEBUG org.hibernate.cfg.Ejb3Column - Binding column: Ejb3Column{table=org.hibernate.mapping.Table(Address), mappingColumn=address_line_one, insertable=true, updatable=true, unique=false}
17:17:34.917 [main] DEBUG org.hibernate.cfg.annotations.PropertyBinder - MetadataSourceProcessor property addressLineOne with lazy=false
17:17:34.917 [main] DEBUG org.hibernate.cfg.AbstractPropertyHolder - Attempting to locate auto-apply AttributeConverter for property [com.shoppingbackend.model.Address:addressLineOne]
17:17:34.917 [main] DEBUG org.hibernate.cfg.annotations.SimpleValueBinder - building SimpleValue for addressLineOne
17:17:34.917 [main] DEBUG org.hibernate.cfg.annotations.PropertyBinder - Building property addressLineOne
17:17:34.917 [main] DEBUG org.hibernate.cfg.Ejb3Column - Binding column: Ejb3Column{table=org.hibernate.mapping.Table(Address), mappingColumn=address_line_two, insertable=true, updatable=true, unique=false}
17:17:34.917 [main] DEBUG org.hibernate.cfg.annotations.PropertyBinder - MetadataSourceProcessor property addressLineTwo with lazy=false
17:17:34.917 [main] DEBUG org.hibernate.cfg.AbstractPropertyHolder - Attempting to locate auto-apply AttributeConverter for property [com.shoppingbackend.model.Address:addressLineTwo]
17:17:34.918 [main] DEBUG org.hibernate.cfg.annotations.SimpleValueBinder - building SimpleValue for addressLineTwo
17:17:34.918 [main] DEBUG org.hibernate.cfg.annotations.PropertyBinder - Building property addressLineTwo
17:17:34.918 [main] DEBUG org.hibernate.cfg.Ejb3Column - Binding column: Ejb3Column{table=org.hibernate.mapping.Table(Address), mappingColumn=is_billing, insertable=true, updatable=true, unique=false}
17:17:34.918 [main] DEBUG org.hibernate.cfg.annotations.PropertyBinder - MetadataSourceProcessor property billing with lazy=false
17:17:34.918 [main] DEBUG org.hibernate.cfg.AbstractPropertyHolder - Attempting to locate auto-apply AttributeConverter for property [com.shoppingbackend.model.Address:billing]
17:17:34.918 [main] DEBUG org.hibernate.cfg.annotations.SimpleValueBinder - building SimpleValue for billing
17:17:34.918 [main] DEBUG org.hibernate.cfg.annotations.PropertyBinder - Building property billing
17:17:34.918 [main] DEBUG org.hibernate.cfg.Ejb3Column - Binding column: Ejb3Column{table=org.hibernate.mapping.Table(Address), mappingColumn=city, insertable=true, updatable=true, unique=false}
17:17:34.918 [main] DEBUG org.hibernate.cfg.annotations.PropertyBinder - MetadataSourceProcessor property city with lazy=false
17:17:34.918 [main] DEBUG org.hibernate.cfg.AbstractPropertyHolder - Attempting to locate auto-apply AttributeConverter for property [com.shoppingbackend.model.Address:city]
17:17:34.918 [main] DEBUG org.hibernate.cfg.annotations.SimpleValueBinder - building SimpleValue for city
17:17:34.919 [main] DEBUG org.hibernate.cfg.annotations.PropertyBinder - Building property city
17:17:34.919 [main] DEBUG org.hibernate.cfg.Ejb3Column - Binding column: Ejb3Column{table=org.hibernate.mapping.Table(Address), mappingColumn=country, insertable=true, updatable=true, unique=false}
17:17:34.919 [main] DEBUG org.hibernate.cfg.annotations.PropertyBinder - MetadataSourceProcessor property country with lazy=false
17:17:34.919 [main] DEBUG org.hibernate.cfg.AbstractPropertyHolder - Attempting to locate auto-apply AttributeConverter for property [com.shoppingbackend.model.Address:country]
17:17:34.919 [main] DEBUG org.hibernate.cfg.annotations.SimpleValueBinder - building SimpleValue for country
17:17:34.920 [main] DEBUG org.hibernate.cfg.annotations.PropertyBinder - Building property country
17:17:34.921 [main] DEBUG org.hibernate.cfg.Ejb3Column - Binding column: Ejb3Column{table=org.hibernate.mapping.Table(Address), mappingColumn=postal_code, insertable=true, updatable=true, unique=false}
17:17:34.921 [main] DEBUG org.hibernate.cfg.annotations.PropertyBinder - MetadataSourceProcessor property postalCode with lazy=false
17:17:34.921 [main] DEBUG org.hibernate.cfg.AbstractPropertyHolder - Attempting to locate auto-apply AttributeConverter for property [com.shoppingbackend.model.Address:postalCode]
17:17:34.921 [main] DEBUG org.hibernate.cfg.annotations.SimpleValueBinder - building SimpleValue for postalCode
17:17:34.921 [main] DEBUG org.hibernate.cfg.annotations.PropertyBinder - Building property postalCode
17:17:34.921 [main] DEBUG org.hibernate.cfg.Ejb3Column - Binding column: Ejb3Column{table=org.hibernate.mapping.Table(Address), mappingColumn=is_shipping, insertable=true, updatable=true, unique=false}
17:17:34.922 [main] DEBUG org.hibernate.cfg.annotations.PropertyBinder - MetadataSourceProcessor property shipping with lazy=false
17:17:34.922 [main] DEBUG org.hibernate.cfg.AbstractPropertyHolder - Attempting to locate auto-apply AttributeConverter for property [com.shoppingbackend.model.Address:shipping]
17:17:34.922 [main] DEBUG org.hibernate.cfg.annotations.SimpleValueBinder - building SimpleValue for shipping
17:17:34.922 [main] DEBUG org.hibernate.cfg.annotations.PropertyBinder - Building property shipping
17:17:34.922 [main] DEBUG org.hibernate.cfg.Ejb3Column - Binding column: Ejb3Column{table=org.hibernate.mapping.Table(Address), mappingColumn=state, insertable=true, updatable=true, unique=false}
17:17:34.922 [main] DEBUG org.hibernate.cfg.annotations.PropertyBinder - MetadataSourceProcessor property state with lazy=false
17:17:34.922 [main] DEBUG org.hibernate.cfg.AbstractPropertyHolder - Attempting to locate auto-apply AttributeConverter for property [com.shoppingbackend.model.Address:state]
17:17:34.922 [main] DEBUG org.hibernate.cfg.annotations.SimpleValueBinder - building SimpleValue for state
17:17:34.922 [main] DEBUG org.hibernate.cfg.annotations.PropertyBinder - Building property state
17:17:34.923 [main] DEBUG org.hibernate.cfg.Ejb3Column - Binding column: Ejb3Column{table=org.hibernate.mapping.Table(Address), mappingColumn=user_id, insertable=true, updatable=true, unique=false}
17:17:34.923 [main] DEBUG org.hibernate.cfg.annotations.PropertyBinder - MetadataSourceProcessor property userId with lazy=false
17:17:34.923 [main] DEBUG org.hibernate.cfg.AbstractPropertyHolder - Attempting to locate auto-apply AttributeConverter for property [com.shoppingbackend.model.Address:userId]
17:17:34.923 [main] DEBUG org.hibernate.cfg.annotations.SimpleValueBinder - building SimpleValue for userId
17:17:34.923 [main] DEBUG org.hibernate.cfg.annotations.PropertyBinder - Building property userId
17:17:34.924 [main] DEBUG org.hibernate.cfg.AnnotationBinder - Binding entity from annotated class: com.shoppingbackend.model.Cart
17:17:34.924 [main] DEBUG org.hibernate.cfg.Ejb3Column - Binding column: Ejb3DiscriminatorColumn{logicalColumnName&apos;DTYPE&apos;, discriminatorTypeName=&apos;string&apos;}
17:17:34.924 [main] DEBUG org.hibernate.cfg.annotations.EntityBinder - Import with entity name Cart
17:17:34.924 [main] DEBUG org.hibernate.cfg.annotations.EntityBinder - Bind entity com.shoppingbackend.model.Cart on table Cart
17:17:34.925 [main] DEBUG org.hibernate.cfg.Ejb3Column - Binding column: Ejb3Column{table=org.hibernate.mapping.Table(Cart), mappingColumn=id, insertable=true, updatable=true, unique=false}
17:17:34.925 [main] DEBUG org.hibernate.cfg.annotations.PropertyBinder - MetadataSourceProcessor property id with lazy=false
17:17:34.925 [main] DEBUG org.hibernate.cfg.AbstractPropertyHolder - Attempting to locate auto-apply AttributeConverter for property [com.shoppingbackend.model.Cart:id]
17:17:34.925 [main] DEBUG org.hibernate.cfg.annotations.SimpleValueBinder - building SimpleValue for id
17:17:34.925 [main] DEBUG org.hibernate.cfg.annotations.PropertyBinder - Building property id
17:17:34.925 [main] DEBUG org.hibernate.cfg.Ejb3Column - Binding column: Ejb3Column{table=org.hibernate.mapping.Table(Cart), mappingColumn=cart_lines, insertable=true, updatable=true, unique=false}
17:17:34.925 [main] DEBUG org.hibernate.cfg.annotations.PropertyBinder - MetadataSourceProcessor property cartLines with lazy=false
17:17:34.925 [main] DEBUG org.hibernate.cfg.AbstractPropertyHolder - Attempting to locate auto-apply AttributeConverter for property [com.shoppingbackend.model.Cart:cartLines]
17:17:34.925 [main] DEBUG org.hibernate.cfg.annotations.SimpleValueBinder - building SimpleValue for cartLines
17:17:34.926 [main] DEBUG org.hibernate.cfg.annotations.PropertyBinder - Building property cartLines
17:17:34.926 [main] DEBUG org.hibernate.cfg.Ejb3Column - Binding column: Ejb3Column{table=org.hibernate.mapping.Table(Cart), mappingColumn=grand_total, insertable=true, updatable=true, unique=false}
17:17:34.926 [main] DEBUG org.hibernate.cfg.annotations.PropertyBinder - MetadataSourceProcessor property grandTotal with lazy=false
17:17:34.926 [main] DEBUG org.hibernate.cfg.AbstractPropertyHolder - Attempting to locate auto-apply AttributeConverter for property [com.shoppingbackend.model.Cart:grandTotal]
17:17:34.926 [main] DEBUG org.hibernate.cfg.annotations.SimpleValueBinder - building SimpleValue for grandTotal
17:17:34.926 [main] DEBUG org.hibernate.cfg.annotations.PropertyBinder - Building property grandTotal
17:17:34.926 [main] DEBUG org.hibernate.cfg.Ejb3Column - Binding column: Ejb3JoinColumn{logicalColumnName=&apos;null&apos;, referencedColumn=&apos;null&apos;, mappedBy=&apos;&apos;}
17:17:34.926 [main] DEBUG org.hibernate.cfg.Ejb3Column - Binding column: Ejb3Column{table=org.hibernate.mapping.Table(Cart), mappingColumn=user, insertable=true, updatable=true, unique=false}
17:17:34.926 [main] DEBUG org.hibernate.cfg.annotations.PropertyBinder - Building property user
17:17:34.927 [main] DEBUG org.hibernate.cfg.AnnotationBinder - Binding entity from annotated class: com.shoppingbackend.model.CartLine
17:17:34.927 [main] DEBUG org.hibernate.cfg.Ejb3Column - Binding column: Ejb3DiscriminatorColumn{logicalColumnName&apos;DTYPE&apos;, discriminatorTypeName=&apos;string&apos;}
17:17:34.927 [main] DEBUG org.hibernate.cfg.annotations.EntityBinder - Import with entity name CartLine
17:17:34.927 [main] DEBUG org.hibernate.cfg.annotations.EntityBinder - Bind entity com.shoppingbackend.model.CartLine on table cart_line
17:17:34.929 [main] DEBUG org.hibernate.cfg.Ejb3Column - Binding column: Ejb3Column{table=org.hibernate.mapping.Table(cart_line), mappingColumn=id, insertable=true, updatable=true, unique=false}
17:17:34.930 [main] DEBUG org.hibernate.cfg.annotations.PropertyBinder - MetadataSourceProcessor property id with lazy=false
17:17:34.930 [main] DEBUG org.hibernate.cfg.AbstractPropertyHolder - Attempting to locate auto-apply AttributeConverter for property [com.shoppingbackend.model.CartLine:id]
17:17:34.930 [main] DEBUG org.hibernate.cfg.annotations.SimpleValueBinder - building SimpleValue for id
17:17:34.930 [main] DEBUG org.hibernate.cfg.annotations.PropertyBinder - Building property id
17:17:34.930 [main] DEBUG org.hibernate.cfg.Ejb3Column - Binding column: Ejb3Column{table=org.hibernate.mapping.Table(cart_line), mappingColumn=is_available, insertable=true, updatable=true, unique=false}
17:17:34.930 [main] DEBUG org.hibernate.cfg.annotations.PropertyBinder - MetadataSourceProcessor property available with lazy=false
17:17:34.930 [main] DEBUG org.hibernate.cfg.AbstractPropertyHolder - Attempting to locate auto-apply AttributeConverter for property [com.shoppingbackend.model.CartLine:available]
17:17:34.931 [main] DEBUG org.hibernate.cfg.annotations.SimpleValueBinder - building SimpleValue for available
17:17:34.931 [main] DEBUG org.hibernate.cfg.annotations.PropertyBinder - Building property available
17:17:34.931 [main] DEBUG org.hibernate.cfg.Ejb3Column - Binding column: Ejb3Column{table=org.hibernate.mapping.Table(cart_line), mappingColumn=buying_price, insertable=true, updatable=true, unique=false}
17:17:34.931 [main] DEBUG org.hibernate.cfg.annotations.PropertyBinder - MetadataSourceProcessor property buyingPrice with lazy=false
17:17:34.931 [main] DEBUG org.hibernate.cfg.AbstractPropertyHolder - Attempting to locate auto-apply AttributeConverter for property [com.shoppingbackend.model.CartLine:buyingPrice]
17:17:34.931 [main] DEBUG org.hibernate.cfg.annotations.SimpleValueBinder - building SimpleValue for buyingPrice
17:17:34.931 [main] DEBUG org.hibernate.cfg.annotations.PropertyBinder - Building property buyingPrice
17:17:34.931 [main] DEBUG org.hibernate.cfg.Ejb3Column - Binding column: Ejb3Column{table=org.hibernate.mapping.Table(cart_line), mappingColumn=cart_id, insertable=true, updatable=true, unique=false}
17:17:34.932 [main] DEBUG org.hibernate.cfg.annotations.PropertyBinder - MetadataSourceProcessor property cartId with lazy=false
17:17:34.932 [main] DEBUG org.hibernate.cfg.AbstractPropertyHolder - Attempting to locate auto-apply AttributeConverter for property [com.shoppingbackend.model.CartLine:cartId]
17:17:34.932 [main] DEBUG org.hibernate.cfg.annotations.SimpleValueBinder - building SimpleValue for cartId
17:17:34.932 [main] DEBUG org.hibernate.cfg.annotations.PropertyBinder - Building property cartId
17:17:34.932 [main] DEBUG org.hibernate.cfg.Ejb3Column - Binding column: Ejb3JoinColumn{logicalColumnName=&apos;null&apos;, referencedColumn=&apos;null&apos;, mappedBy=&apos;&apos;}
17:17:34.932 [main] DEBUG org.hibernate.cfg.Ejb3Column - Binding column: Ejb3Column{table=org.hibernate.mapping.Table(cart_line), mappingColumn=product, insertable=true, updatable=true, unique=false}
17:17:34.932 [main] DEBUG org.hibernate.cfg.annotations.PropertyBinder - Building property product
17:17:34.932 [main] DEBUG org.hibernate.cfg.Ejb3Column - Binding column: Ejb3Column{table=org.hibernate.mapping.Table(cart_line), mappingColumn=product_count, insertable=true, updatable=true, unique=false}
17:17:34.933 [main] DEBUG org.hibernate.cfg.annotations.PropertyBinder - MetadataSourceProcessor property productCount with lazy=false
17:17:34.933 [main] DEBUG org.hibernate.cfg.AbstractPropertyHolder - Attempting to locate auto-apply AttributeConverter for property [com.shoppingbackend.model.CartLine:productCount]
17:17:34.933 [main] DEBUG org.hibernate.cfg.annotations.SimpleValueBinder - building SimpleValue for productCount
17:17:34.933 [main] DEBUG org.hibernate.cfg.annotations.PropertyBinder - Building property productCount
17:17:34.933 [main] DEBUG org.hibernate.cfg.Ejb3Column - Binding column: Ejb3Column{table=org.hibernate.mapping.Table(cart_line), mappingColumn=total, insertable=true, updatable=true, unique=false}
17:17:34.933 [main] DEBUG org.hibernate.cfg.annotations.PropertyBinder - MetadataSourceProcessor property total with lazy=false
17:17:34.933 [main] DEBUG org.hibernate.cfg.AbstractPropertyHolder - Attempting to locate auto-apply AttributeConverter for property [com.shoppingbackend.model.CartLine:total]
17:17:34.933 [main] DEBUG org.hibernate.cfg.annotations.SimpleValueBinder - building SimpleValue for total
17:17:34.933 [main] DEBUG org.hibernate.cfg.annotations.PropertyBinder - Building property total
17:17:34.933 [main] DEBUG org.hibernate.cfg.AnnotationBinder - Binding entity from annotated class: com.shoppingbackend.model.Category
17:17:34.934 [main] DEBUG org.hibernate.cfg.Ejb3Column - Binding column: Ejb3DiscriminatorColumn{logicalColumnName&apos;DTYPE&apos;, discriminatorTypeName=&apos;string&apos;}
17:17:34.934 [main] DEBUG org.hibernate.cfg.annotations.EntityBinder - Import with entity name Category
17:17:34.934 [main] DEBUG org.hibernate.cfg.annotations.EntityBinder - Bind entity com.shoppingbackend.model.Category on table Category
17:17:34.936 [main] DEBUG org.hibernate.cfg.Ejb3Column - Binding column: Ejb3Column{table=org.hibernate.mapping.Table(Category), mappingColumn=id, insertable=true, updatable=true, unique=false}
17:17:34.936 [main] DEBUG org.hibernate.cfg.annotations.PropertyBinder - MetadataSourceProcessor property id with lazy=false
17:17:34.936 [main] DEBUG org.hibernate.cfg.AbstractPropertyHolder - Attempting to locate auto-apply AttributeConverter for property [com.shoppingbackend.model.Category:id]
17:17:34.936 [main] DEBUG org.hibernate.cfg.annotations.SimpleValueBinder - building SimpleValue for id
17:17:34.936 [main] DEBUG org.hibernate.cfg.annotations.PropertyBinder - Building property id
17:17:34.937 [main] DEBUG org.hibernate.cfg.Ejb3Column - Binding column: Ejb3Column{table=org.hibernate.mapping.Table(Category), mappingColumn=is_active, insertable=true, updatable=true, unique=false}
17:17:34.937 [main] DEBUG org.hibernate.cfg.annotations.PropertyBinder - MetadataSourceProcessor property active with lazy=false
17:17:34.937 [main] DEBUG org.hibernate.cfg.AbstractPropertyHolder - Attempting to locate auto-apply AttributeConverter for property [com.shoppingbackend.model.Category:active]
17:17:34.937 [main] DEBUG org.hibernate.cfg.annotations.SimpleValueBinder - building SimpleValue for active
17:17:34.937 [main] DEBUG org.hibernate.cfg.annotations.PropertyBinder - Building property active
17:17:34.937 [main] DEBUG org.hibernate.cfg.Ejb3Column - Binding column: Ejb3Column{table=org.hibernate.mapping.Table(Category), mappingColumn=description, insertable=true, updatable=true, unique=false}
17:17:34.937 [main] DEBUG org.hibernate.cfg.annotations.PropertyBinder - MetadataSourceProcessor property description with lazy=false
17:17:34.937 [main] DEBUG org.hibernate.cfg.AbstractPropertyHolder - Attempting to locate auto-apply AttributeConverter for property [com.shoppingbackend.model.Category:description]
17:17:34.937 [main] DEBUG org.hibernate.cfg.annotations.SimpleValueBinder - building SimpleValue for description
17:17:34.938 [main] DEBUG org.hibernate.cfg.annotations.PropertyBinder - Building property description
17:17:34.938 [main] DEBUG org.hibernate.cfg.Ejb3Column - Binding column: Ejb3Column{table=org.hibernate.mapping.Table(Category), mappingColumn=image_url, insertable=true, updatable=true, unique=false}
17:17:34.938 [main] DEBUG org.hibernate.cfg.annotations.PropertyBinder - MetadataSourceProcessor property imageURL with lazy=false
17:17:34.938 [main] DEBUG org.hibernate.cfg.AbstractPropertyHolder - Attempting to locate auto-apply AttributeConverter for property [com.shoppingbackend.model.Category:imageURL]
17:17:34.938 [main] DEBUG org.hibernate.cfg.annotations.SimpleValueBinder - building SimpleValue for imageURL
17:17:34.938 [main] DEBUG org.hibernate.cfg.annotations.PropertyBinder - Building property imageURL
17:17:34.938 [main] DEBUG org.hibernate.cfg.Ejb3Column - Binding column: Ejb3Column{table=org.hibernate.mapping.Table(Category), mappingColumn=name, insertable=true, updatable=true, unique=false}
17:17:34.938 [main] DEBUG org.hibernate.cfg.annotations.PropertyBinder - MetadataSourceProcessor property name with lazy=false
17:17:34.938 [main] DEBUG org.hibernate.cfg.AbstractPropertyHolder - Attempting to locate auto-apply AttributeConverter for property [com.shoppingbackend.model.Category:name]
17:17:34.938 [main] DEBUG org.hibernate.cfg.annotations.SimpleValueBinder - building SimpleValue for name
17:17:34.938 [main] DEBUG org.hibernate.cfg.annotations.PropertyBinder - Building property name
17:17:34.939 [main] DEBUG org.hibernate.cfg.AnnotationBinder - Binding entity from annotated class: com.shoppingbackend.model.OrderDetail
17:17:34.939 [main] DEBUG org.hibernate.cfg.Ejb3Column - Binding column: Ejb3DiscriminatorColumn{logicalColumnName&apos;DTYPE&apos;, discriminatorTypeName=&apos;string&apos;}
17:17:34.939 [main] DEBUG org.hibernate.cfg.annotations.EntityBinder - Import with entity name OrderDetail
17:17:34.939 [main] DEBUG org.hibernate.cfg.annotations.EntityBinder - Bind entity com.shoppingbackend.model.OrderDetail on table order_detail
17:17:34.940 [main] DEBUG org.hibernate.cfg.Ejb3Column - Binding column: Ejb3Column{table=org.hibernate.mapping.Table(order_detail), mappingColumn=id, insertable=true, updatable=true, unique=false}
17:17:34.941 [main] DEBUG org.hibernate.cfg.annotations.PropertyBinder - MetadataSourceProcessor property id with lazy=false
17:17:34.941 [main] DEBUG org.hibernate.cfg.AbstractPropertyHolder - Attempting to locate auto-apply AttributeConverter for property [com.shoppingbackend.model.OrderDetail:id]
17:17:34.941 [main] DEBUG org.hibernate.cfg.annotations.SimpleValueBinder - building SimpleValue for id
17:17:34.941 [main] DEBUG org.hibernate.cfg.annotations.PropertyBinder - Building property id
17:17:34.941 [main] DEBUG org.hibernate.cfg.Ejb3Column - Binding column: Ejb3JoinColumn{logicalColumnName=&apos;null&apos;, referencedColumn=&apos;null&apos;, mappedBy=&apos;null&apos;}
17:17:34.941 [main] DEBUG org.hibernate.cfg.Ejb3Column - Binding column: Ejb3Column{table=org.hibernate.mapping.Table(order_detail), mappingColumn=billing, insertable=true, updatable=true, unique=false}
17:17:34.941 [main] DEBUG org.hibernate.cfg.annotations.PropertyBinder - Building property billing
17:17:34.941 [main] DEBUG org.hibernate.cfg.Ejb3Column - Binding column: Ejb3Column{table=org.hibernate.mapping.Table(order_detail), mappingColumn=order_count, insertable=true, updatable=true, unique=false}
17:17:34.942 [main] DEBUG org.hibernate.cfg.annotations.PropertyBinder - MetadataSourceProcessor property orderCount with lazy=false
17:17:34.942 [main] DEBUG org.hibernate.cfg.AbstractPropertyHolder - Attempting to locate auto-apply AttributeConverter for property [com.shoppingbackend.model.OrderDetail:orderCount]
17:17:34.987 [main] DEBUG org.hibernate.cfg.annotations.SimpleValueBinder - building SimpleValue for orderCount
17:17:34.987 [main] DEBUG org.hibernate.cfg.annotations.PropertyBinder - Building property orderCount
17:17:34.987 [main] DEBUG org.hibernate.cfg.Ejb3Column - Binding column: Ejb3Column{table=org.hibernate.mapping.Table(order_detail), mappingColumn=order_date, insertable=true, updatable=true, unique=false}
17:17:34.987 [main] DEBUG org.hibernate.cfg.annotations.PropertyBinder - MetadataSourceProcessor property orderDate with lazy=false
17:17:34.988 [main] DEBUG org.hibernate.cfg.AbstractPropertyHolder - Attempting to locate auto-apply AttributeConverter for property [com.shoppingbackend.model.OrderDetail:orderDate]
17:17:34.988 [main] DEBUG org.hibernate.cfg.annotations.SimpleValueBinder - building SimpleValue for orderDate
17:17:34.988 [main] DEBUG org.hibernate.cfg.annotations.PropertyBinder - Building property orderDate
17:17:34.988 [main] DEBUG org.hibernate.cfg.Ejb3Column - Binding column: Ejb3JoinColumn{logicalColumnName=&apos;null&apos;, referencedColumn=&apos;null&apos;, mappedBy=&apos;orderDetail&apos;}
17:17:34.988 [main] DEBUG org.hibernate.cfg.Ejb3Column - Binding column: Ejb3Column{table=org.hibernate.mapping.Table(order_detail), mappingColumn=orderItems, insertable=true, updatable=true, unique=false}
17:17:34.989 [main] DEBUG org.hibernate.cfg.Ejb3Column - Binding column: Ejb3Column{table=org.hibernate.mapping.Table(order_detail), mappingColumn=null, insertable=true, updatable=true, unique=false}
17:17:34.990 [main] DEBUG org.hibernate.cfg.Ejb3Column - Binding column: Ejb3Column{table=org.hibernate.mapping.Table(order_detail), mappingColumn=element, insertable=true, updatable=true, unique=false}
17:17:34.990 [main] DEBUG org.hibernate.cfg.Ejb3Column - Binding column: Ejb3Column{table=org.hibernate.mapping.Table(order_detail), mappingColumn=orderItems_KEY, insertable=true, updatable=true, unique=false}
17:17:34.990 [main] DEBUG org.hibernate.cfg.Ejb3Column - Binding column: Ejb3JoinColumn{logicalColumnName=&apos;orderItems_KEY&apos;, referencedColumn=&apos;null&apos;, mappedBy=&apos;null&apos;}
17:17:34.991 [main] DEBUG org.hibernate.cfg.Ejb3Column - Binding column: Ejb3JoinColumn{logicalColumnName=&apos;null&apos;, referencedColumn=&apos;null&apos;, mappedBy=&apos;orderDetail&apos;}
17:17:34.991 [main] DEBUG org.hibernate.cfg.Ejb3Column - Binding column: Ejb3JoinColumn{logicalColumnName=&apos;null&apos;, referencedColumn=&apos;null&apos;, mappedBy=&apos;orderDetail&apos;}
17:17:34.991 [main] DEBUG org.hibernate.cfg.annotations.CollectionBinder - Collection role: com.shoppingbackend.model.OrderDetail.orderItems
17:17:34.991 [main] DEBUG org.hibernate.cfg.annotations.PropertyBinder - Building property orderItems
17:17:34.992 [main] DEBUG org.hibernate.cfg.Ejb3Column - Binding column: Ejb3Column{table=org.hibernate.mapping.Table(order_detail), mappingColumn=order_total, insertable=true, updatable=true, unique=false}
17:17:34.992 [main] DEBUG org.hibernate.cfg.annotations.PropertyBinder - MetadataSourceProcessor property orderTotal with lazy=false
17:17:34.992 [main] DEBUG org.hibernate.cfg.AbstractPropertyHolder - Attempting to locate auto-apply AttributeConverter for property [com.shoppingbackend.model.OrderDetail:orderTotal]
17:17:34.996 [main] DEBUG org.hibernate.cfg.annotations.SimpleValueBinder - building SimpleValue for orderTotal
17:17:34.999 [main] DEBUG org.hibernate.cfg.annotations.PropertyBinder - Building property orderTotal
17:17:35.000 [main] DEBUG org.hibernate.cfg.Ejb3Column - Binding column: Ejb3JoinColumn{logicalColumnName=&apos;null&apos;, referencedColumn=&apos;null&apos;, mappedBy=&apos;null&apos;}
17:17:35.000 [main] DEBUG org.hibernate.cfg.Ejb3Column - Binding column: Ejb3Column{table=org.hibernate.mapping.Table(order_detail), mappingColumn=shipping, insertable=true, updatable=true, unique=false}
17:17:35.000 [main] DEBUG org.hibernate.cfg.annotations.PropertyBinder - Building property shipping
17:17:35.001 [main] DEBUG org.hibernate.cfg.Ejb3Column - Binding column: Ejb3JoinColumn{logicalColumnName=&apos;user_id&apos;, referencedColumn=&apos;&apos;, mappedBy=&apos;&apos;}
17:17:35.001 [main] DEBUG org.hibernate.cfg.Ejb3Column - Binding column: Ejb3Column{table=org.hibernate.mapping.Table(order_detail), mappingColumn=user, insertable=true, updatable=true, unique=false}
17:17:35.001 [main] DEBUG org.hibernate.cfg.annotations.PropertyBinder - Building property user
17:17:35.001 [main] DEBUG org.hibernate.cfg.AnnotationBinder - Binding entity from annotated class: com.shoppingbackend.model.OrderItem
17:17:35.001 [main] DEBUG org.hibernate.cfg.Ejb3Column - Binding column: Ejb3DiscriminatorColumn{logicalColumnName&apos;DTYPE&apos;, discriminatorTypeName=&apos;string&apos;}
17:17:35.002 [main] DEBUG org.hibernate.cfg.annotations.EntityBinder - Import with entity name OrderItem
17:17:35.002 [main] DEBUG org.hibernate.cfg.annotations.EntityBinder - Bind entity com.shoppingbackend.model.OrderItem on table order_item
17:17:35.003 [main] DEBUG org.hibernate.cfg.Ejb3Column - Binding column: Ejb3Column{table=org.hibernate.mapping.Table(order_item), mappingColumn=id, insertable=true, updatable=true, unique=false}
17:17:35.003 [main] DEBUG org.hibernate.cfg.annotations.PropertyBinder - MetadataSourceProcessor property id with lazy=false
17:17:35.004 [main] DEBUG org.hibernate.cfg.AbstractPropertyHolder - Attempting to locate auto-apply AttributeConverter for property [com.shoppingbackend.model.OrderItem:id]
17:17:35.004 [main] DEBUG org.hibernate.cfg.annotations.SimpleValueBinder - building SimpleValue for id
17:17:35.004 [main] DEBUG org.hibernate.cfg.annotations.PropertyBinder - Building property id
17:17:35.004 [main] DEBUG org.hibernate.cfg.Ejb3Column - Binding column: Ejb3Column{table=org.hibernate.mapping.Table(order_item), mappingColumn=buying_price, insertable=true, updatable=true, unique=false}
17:17:35.005 [main] DEBUG org.hibernate.cfg.annotations.PropertyBinder - MetadataSourceProcessor property buyingPrice with lazy=false
17:17:35.005 [main] DEBUG org.hibernate.cfg.AbstractPropertyHolder - Attempting to locate auto-apply AttributeConverter for property [com.shoppingbackend.model.OrderItem:buyingPrice]
17:17:35.005 [main] DEBUG org.hibernate.cfg.annotations.SimpleValueBinder - building SimpleValue for buyingPrice
17:17:35.005 [main] DEBUG org.hibernate.cfg.annotations.PropertyBinder - Building property buyingPrice
17:17:35.005 [main] DEBUG org.hibernate.cfg.Ejb3Column - Binding column: Ejb3JoinColumn{logicalColumnName=&apos;order_id&apos;, referencedColumn=&apos;&apos;, mappedBy=&apos;&apos;}
17:17:35.006 [main] DEBUG org.hibernate.cfg.Ejb3Column - Binding column: Ejb3Column{table=org.hibernate.mapping.Table(order_item), mappingColumn=orderDetail, insertable=true, updatable=true, unique=false}
17:17:35.006 [main] DEBUG org.hibernate.cfg.annotations.PropertyBinder - Building property orderDetail
17:17:35.006 [main] DEBUG org.hibernate.cfg.Ejb3Column - Binding column: Ejb3JoinColumn{logicalColumnName=&apos;null&apos;, referencedColumn=&apos;null&apos;, mappedBy=&apos;&apos;}
17:17:35.006 [main] DEBUG org.hibernate.cfg.Ejb3Column - Binding column: Ejb3Column{table=org.hibernate.mapping.Table(order_item), mappingColumn=product, insertable=true, updatable=true, unique=false}
17:17:35.007 [main] DEBUG org.hibernate.cfg.annotations.PropertyBinder - Building property product
17:17:35.007 [main] DEBUG org.hibernate.cfg.Ejb3Column - Binding column: Ejb3Column{table=org.hibernate.mapping.Table(order_item), mappingColumn=product_count, insertable=true, updatable=true, unique=false}
17:17:35.007 [main] DEBUG org.hibernate.cfg.annotations.PropertyBinder - MetadataSourceProcessor property productCount with lazy=false
17:17:35.007 [main] DEBUG org.hibernate.cfg.AbstractPropertyHolder - Attempting to locate auto-apply AttributeConverter for property [com.shoppingbackend.model.OrderItem:productCount]
17:17:35.007 [main] DEBUG org.hibernate.cfg.annotations.SimpleValueBinder - building SimpleValue for productCount
17:17:35.008 [main] DEBUG org.hibernate.cfg.annotations.PropertyBinder - Building property productCount
17:17:35.008 [main] DEBUG org.hibernate.cfg.Ejb3Column - Binding column: Ejb3Column{table=org.hibernate.mapping.Table(order_item), mappingColumn=total, insertable=true, updatable=true, unique=false}
17:17:35.008 [main] DEBUG org.hibernate.cfg.annotations.PropertyBinder - MetadataSourceProcessor property total with lazy=false
17:17:35.008 [main] DEBUG org.hibernate.cfg.AbstractPropertyHolder - Attempting to locate auto-apply AttributeConverter for property [com.shoppingbackend.model.OrderItem:total]
17:17:35.008 [main] DEBUG org.hibernate.cfg.annotations.SimpleValueBinder - building SimpleValue for total
17:17:35.009 [main] DEBUG org.hibernate.cfg.annotations.PropertyBinder - Building property total
17:17:35.009 [main] DEBUG org.hibernate.cfg.AnnotationBinder - Binding entity from annotated class: com.shoppingbackend.model.Product
17:17:35.009 [main] DEBUG org.hibernate.cfg.Ejb3Column - Binding column: Ejb3DiscriminatorColumn{logicalColumnName&apos;DTYPE&apos;, discriminatorTypeName=&apos;string&apos;}
17:17:35.009 [main] DEBUG org.hibernate.cfg.annotations.EntityBinder - Import with entity name Product
17:17:35.009 [main] DEBUG org.hibernate.cfg.annotations.EntityBinder - Bind entity com.shoppingbackend.model.Product on table Product
17:17:35.015 [main] DEBUG org.hibernate.cfg.Ejb3Column - Binding column: Ejb3Column{table=org.hibernate.mapping.Table(Product), mappingColumn=id, insertable=true, updatable=true, unique=false}
17:17:35.015 [main] DEBUG org.hibernate.cfg.annotations.PropertyBinder - MetadataSourceProcessor property id with lazy=false
17:17:35.015 [main] DEBUG org.hibernate.cfg.AbstractPropertyHolder - Attempting to locate auto-apply AttributeConverter for property [com.shoppingbackend.model.Product:id]
17:17:35.015 [main] DEBUG org.hibernate.cfg.annotations.SimpleValueBinder - building SimpleValue for id
17:17:35.016 [main] DEBUG org.hibernate.cfg.annotations.PropertyBinder - Building property id
17:17:35.019 [main] DEBUG org.hibernate.cfg.Ejb3Column - Binding column: Ejb3Column{table=org.hibernate.mapping.Table(Product), mappingColumn=is_active, insertable=true, updatable=true, unique=false}
17:17:35.019 [main] DEBUG org.hibernate.cfg.annotations.PropertyBinder - MetadataSourceProcessor property active with lazy=false
17:17:35.019 [main] DEBUG org.hibernate.cfg.AbstractPropertyHolder - Attempting to locate auto-apply AttributeConverter for property [com.shoppingbackend.model.Product:active]
17:17:35.020 [main] DEBUG org.hibernate.cfg.annotations.SimpleValueBinder - building SimpleValue for active
17:17:35.020 [main] DEBUG org.hibernate.cfg.annotations.PropertyBinder - Building property active
17:17:35.020 [main] DEBUG org.hibernate.cfg.Ejb3Column - Binding column: Ejb3Column{table=org.hibernate.mapping.Table(Product), mappingColumn=brand, insertable=true, updatable=true, unique=false}
17:17:35.020 [main] DEBUG org.hibernate.cfg.annotations.PropertyBinder - MetadataSourceProcessor property brand with lazy=false
17:17:35.020 [main] DEBUG org.hibernate.cfg.AbstractPropertyHolder - Attempting to locate auto-apply AttributeConverter for property [com.shoppingbackend.model.Product:brand]
17:17:35.021 [main] DEBUG org.hibernate.cfg.annotations.SimpleValueBinder - building SimpleValue for brand
17:17:35.021 [main] DEBUG org.hibernate.cfg.annotations.PropertyBinder - Building property brand
17:17:35.021 [main] DEBUG org.hibernate.cfg.Ejb3Column - Binding column: Ejb3Column{table=org.hibernate.mapping.Table(Product), mappingColumn=category_id, insertable=true, updatable=true, unique=false}
17:17:35.021 [main] DEBUG org.hibernate.cfg.annotations.PropertyBinder - MetadataSourceProcessor property categoryId with lazy=false
17:17:35.022 [main] DEBUG org.hibernate.cfg.AbstractPropertyHolder - Attempting to locate auto-apply AttributeConverter for property [com.shoppingbackend.model.Product:categoryId]
17:17:35.022 [main] DEBUG org.hibernate.cfg.annotations.SimpleValueBinder - building SimpleValue for categoryId
17:17:35.022 [main] DEBUG org.hibernate.cfg.annotations.PropertyBinder - Building property categoryId
17:17:35.022 [main] DEBUG org.hibernate.cfg.Ejb3Column - Binding column: Ejb3Column{table=org.hibernate.mapping.Table(Product), mappingColumn=code, insertable=true, updatable=true, unique=false}
17:17:35.022 [main] DEBUG org.hibernate.cfg.annotations.PropertyBinder - MetadataSourceProcessor property code with lazy=false
17:17:35.023 [main] DEBUG org.hibernate.cfg.AbstractPropertyHolder - Attempting to locate auto-apply AttributeConverter for property [com.shoppingbackend.model.Product:code]
17:17:35.023 [main] DEBUG org.hibernate.cfg.annotations.SimpleValueBinder - building SimpleValue for code
17:17:35.023 [main] DEBUG org.hibernate.cfg.annotations.PropertyBinder - Building property code
17:17:35.023 [main] DEBUG org.hibernate.cfg.Ejb3Column - Binding column: Ejb3Column{table=org.hibernate.mapping.Table(Product), mappingColumn=description, insertable=true, updatable=true, unique=false}
17:17:35.023 [main] DEBUG org.hibernate.cfg.annotations.PropertyBinder - MetadataSourceProcessor property description with lazy=false
17:17:35.023 [main] DEBUG org.hibernate.cfg.AbstractPropertyHolder - Attempting to locate auto-apply AttributeConverter for property [com.shoppingbackend.model.Product:description]
17:17:35.024 [main] DEBUG org.hibernate.cfg.annotations.SimpleValueBinder - building SimpleValue for description
17:17:35.024 [main] DEBUG org.hibernate.cfg.annotations.PropertyBinder - Building property description
17:17:35.025 [main] DEBUG org.hibernate.cfg.Ejb3Column - Binding column: Ejb3Column{table=org.hibernate.mapping.Table(Product), mappingColumn=name, insertable=true, updatable=true, unique=false}
17:17:35.025 [main] DEBUG org.hibernate.cfg.annotations.PropertyBinder - MetadataSourceProcessor property name with lazy=false
17:17:35.025 [main] DEBUG org.hibernate.cfg.AbstractPropertyHolder - Attempting to locate auto-apply AttributeConverter for property [com.shoppingbackend.model.Product:name]
17:17:35.025 [main] DEBUG org.hibernate.cfg.annotations.SimpleValueBinder - building SimpleValue for name
17:17:35.026 [main] DEBUG org.hibernate.cfg.annotations.PropertyBinder - Building property name
17:17:35.026 [main] DEBUG org.hibernate.cfg.Ejb3Column - Binding column: Ejb3Column{table=org.hibernate.mapping.Table(Product), mappingColumn=purchases, insertable=true, updatable=true, unique=false}
17:17:35.026 [main] DEBUG org.hibernate.cfg.annotations.PropertyBinder - MetadataSourceProcessor property purchases with lazy=false
17:17:35.029 [main] DEBUG org.hibernate.cfg.AbstractPropertyHolder - Attempting to locate auto-apply AttributeConverter for property [com.shoppingbackend.model.Product:purchases]
17:17:35.029 [main] DEBUG org.hibernate.cfg.annotations.SimpleValueBinder - building SimpleValue for purchases
17:17:35.029 [main] DEBUG org.hibernate.cfg.annotations.PropertyBinder - Building property purchases
17:17:35.031 [main] DEBUG org.hibernate.cfg.Ejb3Column - Binding column: Ejb3Column{table=org.hibernate.mapping.Table(Product), mappingColumn=quantity, insertable=true, updatable=true, unique=false}
17:17:35.032 [main] DEBUG org.hibernate.cfg.annotations.PropertyBinder - MetadataSourceProcessor property quantity with lazy=false
17:17:35.032 [main] DEBUG org.hibernate.cfg.AbstractPropertyHolder - Attempting to locate auto-apply AttributeConverter for property [com.shoppingbackend.model.Product:quantity]
17:17:35.032 [main] DEBUG org.hibernate.cfg.annotations.SimpleValueBinder - building SimpleValue for quantity
17:17:35.032 [main] DEBUG org.hibernate.cfg.annotations.PropertyBinder - Building property quantity
17:17:35.033 [main] DEBUG org.hibernate.cfg.Ejb3Column - Binding column: Ejb3Column{table=org.hibernate.mapping.Table(Product), mappingColumn=supplier_id, insertable=true, updatable=true, unique=false}
17:17:35.033 [main] DEBUG org.hibernate.cfg.annotations.PropertyBinder - MetadataSourceProcessor property supplierId with lazy=false
17:17:35.033 [main] DEBUG org.hibernate.cfg.AbstractPropertyHolder - Attempting to locate auto-apply AttributeConverter for property [com.shoppingbackend.model.Product:supplierId]
17:17:35.033 [main] DEBUG org.hibernate.cfg.annotations.SimpleValueBinder - building SimpleValue for supplierId
17:17:35.034 [main] DEBUG org.hibernate.cfg.annotations.PropertyBinder - Building property supplierId
17:17:35.034 [main] DEBUG org.hibernate.cfg.Ejb3Column - Binding column: Ejb3Column{table=org.hibernate.mapping.Table(Product), mappingColumn=unit_price, insertable=true, updatable=true, unique=false}
17:17:35.035 [main] DEBUG org.hibernate.cfg.annotations.PropertyBinder - MetadataSourceProcessor property unitPrice with lazy=false
17:17:35.035 [main] DEBUG org.hibernate.cfg.AbstractPropertyHolder - Attempting to locate auto-apply AttributeConverter for property [com.shoppingbackend.model.Product:unitPrice]
17:17:35.035 [main] DEBUG org.hibernate.cfg.annotations.SimpleValueBinder - building SimpleValue for unitPrice
17:17:35.035 [main] DEBUG org.hibernate.cfg.annotations.PropertyBinder - Building property unitPrice
17:17:35.035 [main] DEBUG org.hibernate.cfg.Ejb3Column - Binding column: Ejb3Column{table=org.hibernate.mapping.Table(Product), mappingColumn=views, insertable=true, updatable=true, unique=false}
17:17:35.036 [main] DEBUG org.hibernate.cfg.annotations.PropertyBinder - MetadataSourceProcessor property views with lazy=false
17:17:35.036 [main] DEBUG org.hibernate.cfg.AbstractPropertyHolder - Attempting to locate auto-apply AttributeConverter for property [com.shoppingbackend.model.Product:views]
17:17:35.036 [main] DEBUG org.hibernate.cfg.annotations.SimpleValueBinder - building SimpleValue for views
17:17:35.036 [main] DEBUG org.hibernate.cfg.annotations.PropertyBinder - Building property views
17:17:35.036 [main] DEBUG org.hibernate.cfg.AnnotationBinder - Binding entity from annotated class: com.shoppingbackend.model.Supplier
17:17:35.037 [main] DEBUG org.hibernate.cfg.Ejb3Column - Binding column: Ejb3DiscriminatorColumn{logicalColumnName&apos;DTYPE&apos;, discriminatorTypeName=&apos;string&apos;}
17:17:35.037 [main] DEBUG org.hibernate.cfg.annotations.EntityBinder - Import with entity name Supplier
17:17:35.037 [main] DEBUG org.hibernate.cfg.annotations.EntityBinder - Bind entity com.shoppingbackend.model.Supplier on table supplier
17:17:35.038 [main] DEBUG org.hibernate.cfg.Ejb3Column - Binding column: Ejb3Column{table=org.hibernate.mapping.Table(supplier), mappingColumn=sid, insertable=true, updatable=true, unique=false}
17:17:35.039 [main] DEBUG org.hibernate.cfg.annotations.PropertyBinder - MetadataSourceProcessor property sid with lazy=false
17:17:35.039 [main] DEBUG org.hibernate.cfg.AbstractPropertyHolder - Attempting to locate auto-apply AttributeConverter for property [com.shoppingbackend.model.Supplier:sid]
17:17:35.039 [main] DEBUG org.hibernate.cfg.annotations.SimpleValueBinder - building SimpleValue for sid
17:17:35.040 [main] DEBUG org.hibernate.cfg.annotations.PropertyBinder - Building property sid
17:17:35.040 [main] DEBUG org.hibernate.cfg.Ejb3Column - Binding column: Ejb3Column{table=org.hibernate.mapping.Table(supplier), mappingColumn=supplier_name, insertable=true, updatable=true, unique=false}
17:17:35.040 [main] DEBUG org.hibernate.cfg.annotations.PropertyBinder - MetadataSourceProcessor property supplierName with lazy=false
17:17:35.041 [main] DEBUG org.hibernate.cfg.AbstractPropertyHolder - Attempting to locate auto-apply AttributeConverter for property [com.shoppingbackend.model.Supplier:supplierName]
17:17:35.041 [main] DEBUG org.hibernate.cfg.annotations.SimpleValueBinder - building SimpleValue for supplierName
17:17:35.041 [main] DEBUG org.hibernate.cfg.annotations.PropertyBinder - Building property supplierName
17:17:35.042 [main] DEBUG org.hibernate.cfg.AnnotationBinder - Binding entity from annotated class: com.shoppingbackend.model.User
17:17:35.042 [main] DEBUG org.hibernate.cfg.Ejb3Column - Binding column: Ejb3DiscriminatorColumn{logicalColumnName&apos;DTYPE&apos;, discriminatorTypeName=&apos;string&apos;}
17:17:35.042 [main] DEBUG org.hibernate.cfg.annotations.EntityBinder - Import with entity name User
17:17:35.043 [main] DEBUG org.hibernate.cfg.annotations.EntityBinder - Bind entity com.shoppingbackend.model.User on table user_detail
17:17:35.055 [main] DEBUG org.hibernate.cfg.Ejb3Column - Binding column: Ejb3Column{table=org.hibernate.mapping.Table(user_detail), mappingColumn=id, insertable=true, updatable=true, unique=false}
17:17:35.055 [main] DEBUG org.hibernate.cfg.annotations.PropertyBinder - MetadataSourceProcessor property id with lazy=false
17:17:35.055 [main] DEBUG org.hibernate.cfg.AbstractPropertyHolder - Attempting to locate auto-apply AttributeConverter for property [com.shoppingbackend.model.User:id]
17:17:35.055 [main] DEBUG org.hibernate.cfg.annotations.SimpleValueBinder - building SimpleValue for id
17:17:35.059 [main] DEBUG org.hibernate.cfg.annotations.PropertyBinder - Building property id
17:17:35.060 [main] DEBUG org.hibernate.cfg.Ejb3Column - Binding column: Ejb3JoinColumn{logicalColumnName=&apos;null&apos;, referencedColumn=&apos;null&apos;, mappedBy=&apos;user&apos;}
17:17:35.060 [main] DEBUG org.hibernate.cfg.Ejb3Column - Binding column: Ejb3Column{table=org.hibernate.mapping.Table(user_detail), mappingColumn=cart, insertable=true, updatable=true, unique=false}
17:17:35.060 [main] DEBUG org.hibernate.cfg.Ejb3Column - Binding column: Ejb3Column{table=org.hibernate.mapping.Table(user_detail), mappingColumn=contact_number, insertable=true, updatable=true, unique=false}
17:17:35.061 [main] DEBUG org.hibernate.cfg.annotations.PropertyBinder - MetadataSourceProcessor property contactNumber with lazy=false
17:17:35.061 [main] DEBUG org.hibernate.cfg.AbstractPropertyHolder - Attempting to locate auto-apply AttributeConverter for property [com.shoppingbackend.model.User:contactNumber]
17:17:35.061 [main] DEBUG org.hibernate.cfg.annotations.SimpleValueBinder - building SimpleValue for contactNumber
17:17:35.061 [main] DEBUG org.hibernate.cfg.annotations.PropertyBinder - Building property contactNumber
17:17:35.062 [main] DEBUG org.hibernate.cfg.Ejb3Column - Binding column: Ejb3Column{table=org.hibernate.mapping.Table(user_detail), mappingColumn=email, insertable=true, updatable=true, unique=false}
17:17:35.062 [main] DEBUG org.hibernate.cfg.annotations.PropertyBinder - MetadataSourceProcessor property email with lazy=false
17:17:35.062 [main] DEBUG org.hibernate.cfg.AbstractPropertyHolder - Attempting to locate auto-apply AttributeConverter for property [com.shoppingbackend.model.User:email]
17:17:35.062 [main] DEBUG org.hibernate.cfg.annotations.SimpleValueBinder - building SimpleValue for email
17:17:35.065 [main] DEBUG org.hibernate.cfg.annotations.PropertyBinder - Building property email
17:17:35.066 [main] DEBUG org.hibernate.cfg.Ejb3Column - Binding column: Ejb3Column{table=org.hibernate.mapping.Table(user_detail), mappingColumn=enabled, insertable=true, updatable=true, unique=false}
17:17:35.066 [main] DEBUG org.hibernate.cfg.annotations.PropertyBinder - MetadataSourceProcessor property enabled with lazy=false
17:17:35.066 [main] DEBUG org.hibernate.cfg.AbstractPropertyHolder - Attempting to locate auto-apply AttributeConverter for property [com.shoppingbackend.model.User:enabled]
17:17:35.066 [main] DEBUG org.hibernate.cfg.annotations.SimpleValueBinder - building SimpleValue for enabled
17:17:35.067 [main] DEBUG org.hibernate.cfg.annotations.PropertyBinder - Building property enabled
17:17:35.067 [main] DEBUG org.hibernate.cfg.Ejb3Column - Binding column: Ejb3Column{table=org.hibernate.mapping.Table(user_detail), mappingColumn=first_name, insertable=true, updatable=true, unique=false}
17:17:35.067 [main] DEBUG org.hibernate.cfg.annotations.PropertyBinder - MetadataSourceProcessor property firstName with lazy=false
17:17:35.067 [main] DEBUG org.hibernate.cfg.AbstractPropertyHolder - Attempting to locate auto-apply AttributeConverter for property [com.shoppingbackend.model.User:firstName]
17:17:35.067 [main] DEBUG org.hibernate.cfg.annotations.SimpleValueBinder - building SimpleValue for firstName
17:17:35.068 [main] DEBUG org.hibernate.cfg.annotations.PropertyBinder - Building property firstName
17:17:35.068 [main] DEBUG org.hibernate.cfg.Ejb3Column - Binding column: Ejb3Column{table=org.hibernate.mapping.Table(user_detail), mappingColumn=last_name, insertable=true, updatable=true, unique=false}
17:17:35.068 [main] DEBUG org.hibernate.cfg.annotations.PropertyBinder - MetadataSourceProcessor property lastName with lazy=false
17:17:35.068 [main] DEBUG org.hibernate.cfg.AbstractPropertyHolder - Attempting to locate auto-apply AttributeConverter for property [com.shoppingbackend.model.User:lastName]
17:17:35.068 [main] DEBUG org.hibernate.cfg.annotations.SimpleValueBinder - building SimpleValue for lastName
17:17:35.069 [main] DEBUG org.hibernate.cfg.annotations.PropertyBinder - Building property lastName
17:17:35.069 [main] DEBUG org.hibernate.cfg.Ejb3Column - Binding column: Ejb3Column{table=org.hibernate.mapping.Table(user_detail), mappingColumn=password, insertable=true, updatable=true, unique=false}
17:17:35.069 [main] DEBUG org.hibernate.cfg.annotations.PropertyBinder - MetadataSourceProcessor property password with lazy=false
17:17:35.070 [main] DEBUG org.hibernate.cfg.AbstractPropertyHolder - Attempting to locate auto-apply AttributeConverter for property [com.shoppingbackend.model.User:password]
17:17:35.070 [main] DEBUG org.hibernate.cfg.annotations.SimpleValueBinder - building SimpleValue for password
17:17:35.070 [main] DEBUG org.hibernate.cfg.annotations.PropertyBinder - Building property password
17:17:35.070 [main] DEBUG org.hibernate.cfg.Ejb3Column - Binding column: Ejb3Column{table=org.hibernate.mapping.Table(user_detail), mappingColumn=role, insertable=true, updatable=true, unique=false}
17:17:35.071 [main] DEBUG org.hibernate.cfg.annotations.PropertyBinder - MetadataSourceProcessor property role with lazy=false
17:17:35.071 [main] DEBUG org.hibernate.cfg.AbstractPropertyHolder - Attempting to locate auto-apply AttributeConverter for property [com.shoppingbackend.model.User:role]
17:17:35.071 [main] DEBUG org.hibernate.cfg.annotations.SimpleValueBinder - building SimpleValue for role
17:17:35.233 [main] DEBUG org.hibernate.cfg.annotations.PropertyBinder - Building property role
17:17:35.234 [main] DEBUG org.hibernate.cfg.annotations.SimpleValueBinder - Starting fillSimpleValue for id
17:17:35.235 [main] DEBUG org.hibernate.cfg.annotations.SimpleValueBinder - Starting fillSimpleValue for addressLineOne
17:17:35.236 [main] DEBUG org.hibernate.cfg.annotations.SimpleValueBinder - Starting fillSimpleValue for addressLineTwo
17:17:35.236 [main] DEBUG org.hibernate.cfg.annotations.SimpleValueBinder - Starting fillSimpleValue for billing
17:17:35.236 [main] DEBUG org.hibernate.cfg.annotations.SimpleValueBinder - Starting fillSimpleValue for city
17:17:35.236 [main] DEBUG org.hibernate.cfg.annotations.SimpleValueBinder - Starting fillSimpleValue for country
17:17:35.238 [main] DEBUG org.hibernate.cfg.annotations.SimpleValueBinder - Starting fillSimpleValue for postalCode
17:17:35.238 [main] DEBUG org.hibernate.cfg.annotations.SimpleValueBinder - Starting fillSimpleValue for shipping
17:17:35.238 [main] DEBUG org.hibernate.cfg.annotations.SimpleValueBinder - Starting fillSimpleValue for state
17:17:35.239 [main] DEBUG org.hibernate.cfg.annotations.SimpleValueBinder - Starting fillSimpleValue for userId
17:17:35.239 [main] DEBUG org.hibernate.cfg.annotations.SimpleValueBinder - Starting fillSimpleValue for id
17:17:35.239 [main] DEBUG org.hibernate.cfg.annotations.SimpleValueBinder - Starting fillSimpleValue for cartLines
17:17:35.239 [main] DEBUG org.hibernate.cfg.annotations.SimpleValueBinder - Starting fillSimpleValue for grandTotal
17:17:35.240 [main] DEBUG org.hibernate.cfg.annotations.SimpleValueBinder - Starting fillSimpleValue for id
17:17:35.240 [main] DEBUG org.hibernate.cfg.annotations.SimpleValueBinder - Starting fillSimpleValue for available
17:17:35.240 [main] DEBUG org.hibernate.cfg.annotations.SimpleValueBinder - Starting fillSimpleValue for buyingPrice
17:17:35.240 [main] DEBUG org.hibernate.cfg.annotations.SimpleValueBinder - Starting fillSimpleValue for cartId
17:17:35.241 [main] DEBUG org.hibernate.cfg.annotations.SimpleValueBinder - Starting fillSimpleValue for productCount
17:17:35.241 [main] DEBUG org.hibernate.cfg.annotations.SimpleValueBinder - Starting fillSimpleValue for total
17:17:35.241 [main] DEBUG org.hibernate.cfg.annotations.SimpleValueBinder - Starting fillSimpleValue for id
17:17:35.241 [main] DEBUG org.hibernate.cfg.annotations.SimpleValueBinder - Starting fillSimpleValue for active
17:17:35.242 [main] DEBUG org.hibernate.cfg.annotations.SimpleValueBinder - Starting fillSimpleValue for description
17:17:35.242 [main] DEBUG org.hibernate.cfg.annotations.SimpleValueBinder - Starting fillSimpleValue for imageURL
17:17:35.242 [main] DEBUG org.hibernate.cfg.annotations.SimpleValueBinder - Starting fillSimpleValue for name
17:17:35.242 [main] DEBUG org.hibernate.cfg.annotations.SimpleValueBinder - Starting fillSimpleValue for id
17:17:35.243 [main] DEBUG org.hibernate.cfg.annotations.SimpleValueBinder - Starting fillSimpleValue for orderCount
17:17:35.243 [main] DEBUG org.hibernate.cfg.annotations.SimpleValueBinder - Starting fillSimpleValue for orderDate
17:17:35.245 [main] DEBUG org.hibernate.cfg.annotations.SimpleValueBinder - Starting fillSimpleValue for orderTotal
17:17:35.254 [main] DEBUG org.hibernate.cfg.annotations.SimpleValueBinder - Starting fillSimpleValue for id
17:17:35.255 [main] DEBUG org.hibernate.cfg.annotations.SimpleValueBinder - Starting fillSimpleValue for buyingPrice
17:17:35.255 [main] DEBUG org.hibernate.cfg.annotations.SimpleValueBinder - Starting fillSimpleValue for productCount
17:17:35.255 [main] DEBUG org.hibernate.cfg.annotations.SimpleValueBinder - Starting fillSimpleValue for total
17:17:35.255 [main] DEBUG org.hibernate.cfg.annotations.SimpleValueBinder - Starting fillSimpleValue for id
17:17:35.256 [main] DEBUG org.hibernate.cfg.annotations.SimpleValueBinder - Starting fillSimpleValue for active
17:17:35.256 [main] DEBUG org.hibernate.cfg.annotations.SimpleValueBinder - Starting fillSimpleValue for brand
17:17:35.256 [main] DEBUG org.hibernate.cfg.annotations.SimpleValueBinder - Starting fillSimpleValue for categoryId
17:17:35.256 [main] DEBUG org.hibernate.cfg.annotations.SimpleValueBinder - Starting fillSimpleValue for code
17:17:35.257 [main] DEBUG org.hibernate.cfg.annotations.SimpleValueBinder - Starting fillSimpleValue for description
17:17:35.257 [main] DEBUG org.hibernate.cfg.annotations.SimpleValueBinder - Starting fillSimpleValue for name
17:17:35.257 [main] DEBUG org.hibernate.cfg.annotations.SimpleValueBinder - Starting fillSimpleValue for purchases
17:17:35.258 [main] DEBUG org.hibernate.cfg.annotations.SimpleValueBinder - Starting fillSimpleValue for quantity
17:17:35.258 [main] DEBUG org.hibernate.cfg.annotations.SimpleValueBinder - Starting fillSimpleValue for supplierId
17:17:35.258 [main] DEBUG org.hibernate.cfg.annotations.SimpleValueBinder - Starting fillSimpleValue for unitPrice
17:17:35.258 [main] DEBUG org.hibernate.cfg.annotations.SimpleValueBinder - Starting fillSimpleValue for views
17:17:35.259 [main] DEBUG org.hibernate.cfg.annotations.SimpleValueBinder - Starting fillSimpleValue for sid
17:17:35.259 [main] DEBUG org.hibernate.cfg.annotations.SimpleValueBinder - Starting fillSimpleValue for supplierName
17:17:35.261 [main] DEBUG org.hibernate.cfg.annotations.SimpleValueBinder - Starting fillSimpleValue for id
17:17:35.261 [main] DEBUG org.hibernate.cfg.annotations.SimpleValueBinder - Starting fillSimpleValue for contactNumber
17:17:35.261 [main] DEBUG org.hibernate.cfg.annotations.SimpleValueBinder - Starting fillSimpleValue for email
17:17:35.262 [main] DEBUG org.hibernate.cfg.annotations.SimpleValueBinder - Starting fillSimpleValue for enabled
17:17:35.262 [main] DEBUG org.hibernate.cfg.annotations.SimpleValueBinder - Starting fillSimpleValue for firstName
17:17:35.263 [main] DEBUG org.hibernate.cfg.annotations.SimpleValueBinder - Starting fillSimpleValue for lastName
17:17:35.263 [main] DEBUG org.hibernate.cfg.annotations.SimpleValueBinder - Starting fillSimpleValue for password
17:17:35.263 [main] DEBUG org.hibernate.cfg.annotations.SimpleValueBinder - Starting fillSimpleValue for role
17:17:35.265 [main] DEBUG org.hibernate.mapping.PrimaryKey - Forcing column [id] to be non-null as it is part of the primary key for table [address]
17:17:35.265 [main] DEBUG org.hibernate.mapping.PrimaryKey - Forcing column [id] to be non-null as it is part of the primary key for table [cart]
17:17:35.265 [main] DEBUG org.hibernate.mapping.PrimaryKey - Forcing column [id] to be non-null as it is part of the primary key for table [cart_line]
17:17:35.266 [main] DEBUG org.hibernate.mapping.PrimaryKey - Forcing column [id] to be non-null as it is part of the primary key for table [category]
17:17:35.266 [main] DEBUG org.hibernate.mapping.PrimaryKey - Forcing column [id] to be non-null as it is part of the primary key for table [order_detail]
17:17:35.266 [main] DEBUG org.hibernate.mapping.PrimaryKey - Forcing column [id] to be non-null as it is part of the primary key for table [order_item]
17:17:35.266 [main] DEBUG org.hibernate.mapping.PrimaryKey - Forcing column [id] to be non-null as it is part of the primary key for table [product]
17:17:35.267 [main] DEBUG org.hibernate.mapping.PrimaryKey - Forcing column [sid] to be non-null as it is part of the primary key for table [supplier]
17:17:35.267 [main] DEBUG org.hibernate.mapping.PrimaryKey - Forcing column [id] to be non-null as it is part of the primary key for table [user_detail]
17:17:35.267 [main] DEBUG org.hibernate.cfg.CollectionSecondPass - Second pass for collection: com.shoppingbackend.model.OrderDetail.orderItems
17:17:35.267 [main] DEBUG org.hibernate.cfg.annotations.CollectionBinder - Binding a OneToMany: com.shoppingbackend.model.OrderDetail.orderItems through a foreign key
17:17:35.269 [main] DEBUG org.hibernate.cfg.annotations.CollectionBinder - Mapping collection: com.shoppingbackend.model.OrderDetail.orderItems -&gt; order_item
17:17:35.270 [main] DEBUG org.hibernate.cfg.annotations.TableBinder - Retrieving property com.shoppingbackend.model.OrderItem.orderDetail
17:17:35.270 [main] DEBUG org.hibernate.cfg.CollectionSecondPass - Mapped collection key: order_id, one-to-many: com.shoppingbackend.model.OrderItem
17:17:35.270 [main] DEBUG org.hibernate.cfg.annotations.PropertyBinder - Building property cart
17:17:35.270 [main] DEBUG org.hibernate.boot.internal.InFlightMetadataCollectorImpl - Processing association property references
17:17:35.271 [main] DEBUG org.hibernate.boot.internal.InFlightMetadataCollectorImpl - Resolving reference to class: com.shoppingbackend.model.User
17:17:35.271 [main] DEBUG org.hibernate.boot.internal.InFlightMetadataCollectorImpl - Resolving reference to class: com.shoppingbackend.model.Product
17:17:35.272 [main] DEBUG org.hibernate.boot.internal.InFlightMetadataCollectorImpl - Resolving reference to class: com.shoppingbackend.model.Address
17:17:35.272 [main] DEBUG org.hibernate.boot.internal.InFlightMetadataCollectorImpl - Resolving reference to class: com.shoppingbackend.model.Address
17:17:35.274 [main] DEBUG org.hibernate.boot.internal.InFlightMetadataCollectorImpl - Resolving reference to class: com.shoppingbackend.model.User
17:17:35.275 [main] DEBUG org.hibernate.boot.internal.InFlightMetadataCollectorImpl - Resolving reference to class: com.shoppingbackend.model.OrderDetail
17:17:35.275 [main] DEBUG org.hibernate.boot.internal.InFlightMetadataCollectorImpl - Resolving reference to class: com.shoppingbackend.model.Product
17:17:35.277 [main] DEBUG org.hibernate.boot.internal.InFlightMetadataCollectorImpl - Processing association property references
17:17:35.277 [main] DEBUG org.hibernate.boot.internal.InFlightMetadataCollectorImpl - Resolving reference to class: com.shoppingbackend.model.User
17:17:35.278 [main] DEBUG org.hibernate.boot.internal.InFlightMetadataCollectorImpl - Resolving reference to class: com.shoppingbackend.model.Product
17:17:35.278 [main] DEBUG org.hibernate.boot.internal.InFlightMetadataCollectorImpl - Resolving reference to class: com.shoppingbackend.model.Address
17:17:35.278 [main] DEBUG org.hibernate.boot.internal.InFlightMetadataCollectorImpl - Resolving reference to class: com.shoppingbackend.model.Address
17:17:35.278 [main] DEBUG org.hibernate.boot.internal.InFlightMetadataCollectorImpl - Resolving reference to class: com.shoppingbackend.model.User
17:17:35.279 [main] DEBUG org.hibernate.boot.internal.InFlightMetadataCollectorImpl - Resolving reference to class: com.shoppingbackend.model.OrderDetail
17:17:35.279 [main] DEBUG org.hibernate.boot.internal.InFlightMetadataCollectorImpl - Resolving reference to class: com.shoppingbackend.model.Product
17:17:35.283 [main] DEBUG org.hibernate.internal.SessionFactoryImpl - Building session factory
17:17:35.284 [main] DEBUG org.hibernate.cfg.Settings - SessionFactory name : null
17:17:35.284 [main] DEBUG org.hibernate.cfg.Settings - Automatic flush during beforeCompletion(): enabled
17:17:35.284 [main] DEBUG org.hibernate.cfg.Settings - Automatic session close at end of transaction: disabled
17:17:35.285 [main] DEBUG org.hibernate.cfg.Settings - Statistics: disabled
17:17:35.285 [main] DEBUG org.hibernate.cfg.Settings - Deleted entity synthetic identifier rollback: disabled
17:17:35.285 [main] DEBUG org.hibernate.cfg.Settings - Default entity-mode: pojo
17:17:35.286 [main] DEBUG org.hibernate.cfg.Settings - Check Nullability in Core (should be disabled when Bean Validation is on): enabled
17:17:35.286 [main] DEBUG org.hibernate.cfg.Settings - Allow initialization of lazy state outside session : disabled
17:17:35.286 [main] DEBUG org.hibernate.cfg.Settings - Using BatchFetchStyle : LEGACY
17:17:35.286 [main] DEBUG org.hibernate.cfg.Settings - Default batch fetch size: -1
17:17:35.287 [main] DEBUG org.hibernate.cfg.Settings - Maximum outer join fetch depth: null
17:17:35.287 [main] DEBUG org.hibernate.cfg.Settings - Default null ordering: NONE
17:17:35.287 [main] DEBUG org.hibernate.cfg.Settings - Order SQL updates by primary key: disabled
17:17:35.287 [main] DEBUG org.hibernate.cfg.Settings - Order SQL inserts for batching: disabled
17:17:35.287 [main] DEBUG org.hibernate.cfg.Settings - multi-tenancy strategy : NONE
17:17:35.288 [main] DEBUG org.hibernate.cfg.Settings - JTA Track by Thread: enabled
17:17:35.288 [main] DEBUG org.hibernate.cfg.Settings - Query language substitutions: {}
17:17:35.288 [main] DEBUG org.hibernate.cfg.Settings - JPA query language strict compliance: disabled
17:17:35.288 [main] DEBUG org.hibernate.cfg.Settings - Named query checking : enabled
17:17:35.289 [main] DEBUG org.hibernate.cfg.Settings - Second-level cache: enabled
17:17:35.289 [main] DEBUG org.hibernate.cfg.Settings - Second-level query cache: disabled
17:17:35.289 [main] DEBUG org.hibernate.cfg.Settings - Second-level query cache factory: org.hibernate.cache.internal.StandardQueryCacheFactory@fd46303
17:17:35.289 [main] DEBUG org.hibernate.cfg.Settings - Second-level cache region prefix: null
17:17:35.289 [main] DEBUG org.hibernate.cfg.Settings - Optimize second-level cache for minimal puts: disabled
17:17:35.290 [main] DEBUG org.hibernate.cfg.Settings - Structured second-level cache entries: disabled
17:17:35.290 [main] DEBUG org.hibernate.cfg.Settings - Second-level cache direct-reference entries: disabled
17:17:35.290 [main] DEBUG org.hibernate.cfg.Settings - Automatic eviction of collection cache: disabled
17:17:35.290 [main] DEBUG org.hibernate.cfg.Settings - JDBC batch size: 15
17:17:35.291 [main] DEBUG org.hibernate.cfg.Settings - JDBC batch updates for versioned data: enabled
17:17:35.291 [main] DEBUG org.hibernate.cfg.Settings - Scrollable result sets: enabled
17:17:35.291 [main] DEBUG org.hibernate.cfg.Settings - Wrap result sets: disabled
17:17:35.291 [main] DEBUG org.hibernate.cfg.Settings - JDBC3 getGeneratedKeys(): enabled
17:17:35.292 [main] DEBUG org.hibernate.cfg.Settings - JDBC result set fetch size: null
17:17:35.292 [main] DEBUG org.hibernate.cfg.Settings - Connection release mode: ON_CLOSE
17:17:35.292 [main] DEBUG org.hibernate.cfg.Settings - Generate SQL with comments: disabled
17:17:35.297 [main] DEBUG org.hibernate.internal.SessionFactoryImpl - Session factory constructed with filter configurations : {}
17:17:35.297 [main] DEBUG org.hibernate.internal.SessionFactoryImpl - Instantiating session factory with properties: {sun.desktop=windows, hibernate.format_sql=true, awt.toolkit=sun.awt.windows.WToolkit, file.encoding.pkg=sun.io, java.specification.version=1.8, hibernate.connection.handling_mode=DELAYED_ACQUISITION_AND_HOLD, sun.cpu.isalist=amd64, sun.jnu.encoding=Cp1252, hibernate.dialect=org.hibernate.dialect.H2Dialect, java.class.path=C:\Users\bhano\virtual-Tranning\shoppingbackend\target\test-classes;C:\Users\bhano\virtual-Tranning\shoppingbackend\target\classes;C:\Users\bhano\.m2\repository\junit\junit\4.12\junit-4.12.jar;C:\Users\bhano\.m2\repository\org\hamcrest\hamcrest-core\1.3\hamcrest-core-1.3.jar;C:\Users\bhano\.m2\repository\org\springframework\spring-core\4.3.6.RELEASE\spring-core-4.3.6.RELEASE.jar;C:\Users\bhano\.m2\repository\org\springframework\spring-context\4.3.6.RELEASE\spring-context-4.3.6.RELEASE.jar;C:\Users\bhano\.m2\repository\org\springframework\spring-aop\4.3.6.RELEASE\spring-aop-4.3.6.RELEASE.jar;C:\Users\bhano\.m2\repository\org\springframework\spring-beans\4.3.6.RELEASE\spring-beans-4.3.6.RELEASE.jar;C:\Users\bhano\.m2\repository\org\springframework\spring-expression\4.3.6.RELEASE\spring-expression-4.3.6.RELEASE.jar;C:\Users\bhano\.m2\repository\org\springframework\spring-web\4.3.6.RELEASE\spring-web-4.3.6.RELEASE.jar;C:\Users\bhano\.m2\repository\org\springframework\spring-orm\4.3.6.RELEASE\spring-orm-4.3.6.RELEASE.jar;C:\Users\bhano\.m2\repository\org\springframework\spring-jdbc\4.3.6.RELEASE\spring-jdbc-4.3.6.RELEASE.jar;C:\Users\bhano\.m2\repository\org\springframework\spring-tx\4.3.6.RELEASE\spring-tx-4.3.6.RELEASE.jar;C:\Users\bhano\.m2\repository\com\h2database\h2\1.4.196\h2-1.4.196.jar;C:\Users\bhano\.m2\repository\org\hibernate\hibernate-core\5.2.7.Final\hibernate-core-5.2.7.Final.jar;C:\Users\bhano\.m2\repository\org\jboss\logging\jboss-logging\3.3.0.Final\jboss-logging-3.3.0.Final.jar;C:\Users\bhano\.m2\repository\org\hibernate\javax\persistence\hibernate-jpa-2.1-api\1.0.0.Final\hibernate-jpa-2.1-api-1.0.0.Final.jar;C:\Users\bhano\.m2\repository\org\javassist\javassist\3.20.0-GA\javassist-3.20.0-GA.jar;C:\Users\bhano\.m2\repository\antlr\antlr\2.7.7\antlr-2.7.7.jar;C:\Users\bhano\.m2\repository\org\apache\geronimo\specs\geronimo-jta_1.1_spec\1.1.1\geronimo-jta_1.1_spec-1.1.1.jar;C:\Users\bhano\.m2\repository\org\jboss\jandex\2.0.3.Final\jandex-2.0.3.Final.jar;C:\Users\bhano\.m2\repository\com\fasterxml\classmate\1.3.0\classmate-1.3.0.jar;C:\Users\bhano\.m2\repository\dom4j\dom4j\1.6.1\dom4j-1.6.1.jar;C:\Users\bhano\.m2\repository\org\hibernate\common\hibernate-commons-annotations\5.0.1.Final\hibernate-commons-annotations-5.0.1.Final.jar;C:\Users\bhano\.m2\repository\org\apache\commons\commons-dbcp2\2.1.1\commons-dbcp2-2.1.1.jar;C:\Users\bhano\.m2\repository\org\apache\commons\commons-pool2\2.4.2\commons-pool2-2.4.2.jar;C:\Users\bhano\.m2\repository\com\fasterxml\jackson\core\jackson-databind\2.8.7\jackson-databind-2.8.7.jar;C:\Users\bhano\.m2\repository\com\fasterxml\jackson\core\jackson-core\2.8.7\jackson-core-2.8.7.jar;C:\Users\bhano\.m2\repository\com\fasterxml\jackson\core\jackson-annotations\2.8.7\jackson-annotations-2.8.7.jar;C:\Users\bhano\.m2\repository\ch\qos\logback\logback-classic\1.2.1\logback-classic-1.2.1.jar;C:\Users\bhano\.m2\repository\ch\qos\logback\logback-core\1.2.1\logback-core-1.2.1.jar;C:\Users\bhano\.m2\repository\org\slf4j\slf4j-api\1.7.22\slf4j-api-1.7.22.jar;C:\Users\bhano\.m2\repository\org\slf4j\jcl-over-slf4j\1.7.24\jcl-over-slf4j-1.7.24.jar;C:\Users\bhano\.m2\repository\org\hibernate\hibernate-validator\5.4.1.Final\hibernate-validator-5.4.1.Final.jar;C:\Users\bhano\.m2\repository\javax\validation\validation-api\1.1.0.Final\validation-api-1.1.0.Final.jar;, java.vm.vendor=Oracle Corporation, sun.arch.data.model=64, user.variant=, java.vendor.url=http://java.oracle.com/, user.timezone=Asia/Calcutta, os.name=Windows 10, java.vm.specification.version=1.8, user.country=IN, sun.java.launcher=SUN_STANDARD, sun.boot.library.path=C:\Program Files\Java\jdk1.8.0_144\jre\bin, sun.java.command=C:\Users\bhano\virtual-Tranning\shoppingbackend\target\surefire\surefirebooter5415582433932137996.jar C:\Users\bhano\virtual-Tranning\shoppingbackend\target\surefire\surefire445001539194256770tmp C:\Users\bhano\virtual-Tranning\shoppingbackend\target\surefire\surefire_06405598147403303386tmp, surefire.test.class.path=C:\Users\bhano\virtual-Tranning\shoppingbackend\target\test-classes;C:\Users\bhano\virtual-Tranning\shoppingbackend\target\classes;C:\Users\bhano\.m2\repository\junit\junit\4.12\junit-4.12.jar;C:\Users\bhano\.m2\repository\org\hamcrest\hamcrest-core\1.3\hamcrest-core-1.3.jar;C:\Users\bhano\.m2\repository\org\springframework\spring-core\4.3.6.RELEASE\spring-core-4.3.6.RELEASE.jar;C:\Users\bhano\.m2\repository\org\springframework\spring-context\4.3.6.RELEASE\spring-context-4.3.6.RELEASE.jar;C:\Users\bhano\.m2\repository\org\springframework\spring-aop\4.3.6.RELEASE\spring-aop-4.3.6.RELEASE.jar;C:\Users\bhano\.m2\repository\org\springframework\spring-beans\4.3.6.RELEASE\spring-beans-4.3.6.RELEASE.jar;C:\Users\bhano\.m2\repository\org\springframework\spring-expression\4.3.6.RELEASE\spring-expression-4.3.6.RELEASE.jar;C:\Users\bhano\.m2\repository\org\springframework\spring-web\4.3.6.RELEASE\spring-web-4.3.6.RELEASE.jar;C:\Users\bhano\.m2\repository\org\springframework\spring-orm\4.3.6.RELEASE\spring-orm-4.3.6.RELEASE.jar;C:\Users\bhano\.m2\repository\org\springframework\spring-jdbc\4.3.6.RELEASE\spring-jdbc-4.3.6.RELEASE.jar;C:\Users\bhano\.m2\repository\org\springframework\spring-tx\4.3.6.RELEASE\spring-tx-4.3.6.RELEASE.jar;C:\Users\bhano\.m2\repository\com\h2database\h2\1.4.196\h2-1.4.196.jar;C:\Users\bhano\.m2\repository\org\hibernate\hibernate-core\5.2.7.Final\hibernate-core-5.2.7.Final.jar;C:\Users\bhano\.m2\repository\org\jboss\logging\jboss-logging\3.3.0.Final\jboss-logging-3.3.0.Final.jar;C:\Users\bhano\.m2\repository\org\hibernate\javax\persistence\hibernate-jpa-2.1-api\1.0.0.Final\hibernate-jpa-2.1-api-1.0.0.Final.jar;C:\Users\bhano\.m2\repository\org\javassist\javassist\3.20.0-GA\javassist-3.20.0-GA.jar;C:\Users\bhano\.m2\repository\antlr\antlr\2.7.7\antlr-2.7.7.jar;C:\Users\bhano\.m2\repository\org\apache\geronimo\specs\geronimo-jta_1.1_spec\1.1.1\geronimo-jta_1.1_spec-1.1.1.jar;C:\Users\bhano\.m2\repository\org\jboss\jandex\2.0.3.Final\jandex-2.0.3.Final.jar;C:\Users\bhano\.m2\repository\com\fasterxml\classmate\1.3.0\classmate-1.3.0.jar;C:\Users\bhano\.m2\repository\dom4j\dom4j\1.6.1\dom4j-1.6.1.jar;C:\Users\bhano\.m2\repository\org\hibernate\common\hibernate-commons-annotations\5.0.1.Final\hibernate-commons-annotations-5.0.1.Final.jar;C:\Users\bhano\.m2\repository\org\apache\commons\commons-dbcp2\2.1.1\commons-dbcp2-2.1.1.jar;C:\Users\bhano\.m2\repository\org\apache\commons\commons-pool2\2.4.2\commons-pool2-2.4.2.jar;C:\Users\bhano\.m2\repository\com\fasterxml\jackson\core\jackson-databind\2.8.7\jackson-databind-2.8.7.jar;C:\Users\bhano\.m2\repository\com\fasterxml\jackson\core\jackson-core\2.8.7\jackson-core-2.8.7.jar;C:\Users\bhano\.m2\repository\com\fasterxml\jackson\core\jackson-annotations\2.8.7\jackson-annotations-2.8.7.jar;C:\Users\bhano\.m2\repository\ch\qos\logback\logback-classic\1.2.1\logback-classic-1.2.1.jar;C:\Users\bhano\.m2\repository\ch\qos\logback\logback-core\1.2.1\logback-core-1.2.1.jar;C:\Users\bhano\.m2\repository\org\slf4j\slf4j-api\1.7.22\slf4j-api-1.7.22.jar;C:\Users\bhano\.m2\repository\org\slf4j\jcl-over-slf4j\1.7.24\jcl-over-slf4j-1.7.24.jar;C:\Users\bhano\.m2\repository\org\hibernate\hibernate-validator\5.4.1.Final\hibernate-validator-5.4.1.Final.jar;C:\Users\bhano\.m2\repository\javax\validation\validation-api\1.1.0.Final\validation-api-1.1.0.Final.jar;, sun.cpu.endian=little, user.home=C:\Users\bhano, user.language=en, java.specification.vendor=Oracle Corporation, java.home=C:\Program Files\Java\jdk1.8.0_144\jre, basedir=C:\Users\bhano\virtual-Tranning\shoppingbackend, file.separator=\, line.separator=
, java.vm.specification.vendor=Oracle Corporation, java.specification.name=Java Platform API Specification, java.awt.graphicsenv=sun.awt.Win32GraphicsEnvironment, surefire.real.class.path=C:\Users\bhano\virtual-Tranning\shoppingbackend\target\surefire\surefirebooter5415582433932137996.jar, sun.boot.class.path=C:\Program Files\Java\jdk1.8.0_144\jre\lib\resources.jar;C:\Program Files\Java\jdk1.8.0_144\jre\lib\rt.jar;C:\Program Files\Java\jdk1.8.0_144\jre\lib\sunrsasign.jar;C:\Program Files\Java\jdk1.8.0_144\jre\lib\jsse.jar;C:\Program Files\Java\jdk1.8.0_144\jre\lib\jce.jar;C:\Program Files\Java\jdk1.8.0_144\jre\lib\charsets.jar;C:\Program Files\Java\jdk1.8.0_144\jre\lib\jfr.jar;C:\Program Files\Java\jdk1.8.0_144\jre\classes, hibernate.hbm2ddl.auto=update, user.script=, sun.management.compiler=HotSpot 64-Bit Tiered Compilers, java.runtime.version=1.8.0_144-b01, user.name=bhano, path.separator=;, os.version=10.0, java.endorsed.dirs=C:\Program Files\Java\jdk1.8.0_144\jre\lib\endorsed, java.runtime.name=Java(TM) SE Runtime Environment, file.encoding=Cp1252, java.vm.name=Java HotSpot(TM) 64-Bit Server VM, hibernate.show_sql=true, hibernate.classLoaders=[sun.misc.Launcher$AppClassLoader@6bc7c054], hibernate.current_session_context_class=org.springframework.orm.hibernate5.SpringSessionContext, localRepository=C:\Users\bhano\.m2\repository, java.vendor.url.bug=http://bugreport.sun.com/bugreport/, java.io.tmpdir=C:\Users\bhano\AppData\Local\Temp\, java.version=1.8.0_144, user.dir=C:\Users\bhano\virtual-Tranning\shoppingbackend, os.arch=amd64, java.vm.specification.name=Java Virtual Machine Specification, java.awt.printerjob=sun.awt.windows.WPrinterJob, sun.os.patch.level=, hibernate.boot.CfgXmlAccessService.key=org.hibernate.boot.cfgxml.spi.LoadedConfig@4d7aaca2, java.library.path=C:\Program Files\Java\jdk1.8.0_144\jre\bin;C:\WINDOWS\Sun\Java\bin;C:\WINDOWS\system32;C:\WINDOWS;C:/Program Files/Java/jdk1.8.0_144/bin/../jre/bin/server;C:/Program Files/Java/jdk1.8.0_144/bin/../jre/bin;C:/Program Files/Java/jdk1.8.0_144/bin/../jre/lib/amd64;E:\app\bhano\virtual\product\12.2.0\dbhome_1\bin;E:\app\bhanoo\virtual\product\12.2.0\dbhome_1\bin;E:\app\bhano\product\11.2.0\dbhome_1\bin;C:\WINDOWS\system32;C:\WINDOWS;C:\WINDOWS\System32\Wbem;C:\WINDOWS\System32\WindowsPowerShell\v1.0\;C:\software-1\apache-maven-3.5.0-bin\apache-maven-3.5.0\bin;C:\Program Files (x86)\H2\bin;C:\Program Files\Java\jdk1.8.0_144\bin\;E:\app\bhano\virtual;C:\Program Files (x86)\Common Files\lenovo\easyplussdk\bin;E:\angular\nodejs\;C:\Program Files\Git\bin;C:\Users\bhano\AppData\Local\Microsoft\WindowsApps;;C:\Program Files\Microsoft VS Code\bin;C:\Users\bhano\AppData\Roaming\npm;F:\2016 soft\eclipse-jee-oxygen-R-win32-x86_64 (2)\eclipse;;., java.vm.info=mixed mode, java.vendor=Oracle Corporation, java.vm.version=25.144-b01, hibernate.bytecode.use_reflection_optimizer=false, hibernate.connection.datasource=org.apache.commons.dbcp2.BasicDataSource@627d8516, java.ext.dirs=C:\Program Files\Java\jdk1.8.0_144\jre\lib\ext;C:\WINDOWS\Sun\Java\lib\ext, sun.io.unicode.encoding=UnicodeLittle, java.class.version=52.0}
17:17:35.301 [main] DEBUG org.hibernate.validator.internal.engine.resolver.DefaultTraversableResolver - Found javax.persistence.Persistence on classpath containing &apos;getPersistenceUtil&apos;. Assuming JPA 2 environment. Trying to instantiate JPA aware TraversableResolver
17:17:35.301 [main] DEBUG org.hibernate.validator.internal.engine.resolver.DefaultTraversableResolver - Instantiated JPA aware TraversableResolver of type org.hibernate.validator.internal.engine.resolver.JPATraversableResolver.
17:17:35.302 [main] DEBUG org.hibernate.validator.internal.xml.ValidationXmlParser - Trying to load META-INF/validation.xml for XML based Validator configuration.
17:17:35.302 [main] DEBUG org.hibernate.validator.internal.xml.ResourceLoaderHelper - Trying to load META-INF/validation.xml via TCCL
17:17:35.303 [main] DEBUG org.hibernate.validator.internal.xml.ResourceLoaderHelper - Trying to load META-INF/validation.xml via Hibernate Validator&apos;s class loader
17:17:35.303 [main] DEBUG org.hibernate.validator.internal.xml.ValidationXmlParser - No META-INF/validation.xml found. Using annotation based configuration only.
17:17:35.304 [main] DEBUG org.hibernate.cfg.beanvalidation.TypeSafeActivator - Unable to acquire Bean Validation ValidatorFactory, skipping activation
17:17:35.304 [main] DEBUG org.hibernate.secure.spi.JaccIntegrator - Skipping JACC integration as it was not enabled
17:17:35.305 [main] DEBUG org.hibernate.internal.SessionFactoryImpl - Instantiated session factory
17:17:35.305 [main] DEBUG org.hibernate.boot.internal.ClassLoaderAccessImpl - Not known whether passed class name [com.shoppingbackend.model.OrderDetail] is safe
17:17:35.305 [main] DEBUG org.hibernate.boot.internal.ClassLoaderAccessImpl - No temp ClassLoader provided; using live ClassLoader for loading potentially unsafe class : com.shoppingbackend.model.OrderDetail
17:17:35.306 [main] DEBUG org.hibernate.boot.internal.ClassLoaderAccessImpl - Not known whether passed class name [com.shoppingbackend.model.OrderDetail] is safe
17:17:35.306 [main] DEBUG org.hibernate.boot.internal.ClassLoaderAccessImpl - No temp ClassLoader provided; using live ClassLoader for loading potentially unsafe class : com.shoppingbackend.model.OrderDetail
17:17:35.318 [main] DEBUG org.hibernate.boot.internal.ClassLoaderAccessImpl - Not known whether passed class name [com.shoppingbackend.model.CartLine] is safe
17:17:35.319 [main] DEBUG org.hibernate.boot.internal.ClassLoaderAccessImpl - No temp ClassLoader provided; using live ClassLoader for loading potentially unsafe class : com.shoppingbackend.model.CartLine
17:17:35.320 [main] DEBUG org.hibernate.boot.internal.ClassLoaderAccessImpl - Not known whether passed class name [com.shoppingbackend.model.CartLine] is safe
17:17:35.321 [main] DEBUG org.hibernate.boot.internal.ClassLoaderAccessImpl - No temp ClassLoader provided; using live ClassLoader for loading potentially unsafe class : com.shoppingbackend.model.CartLine
17:17:35.326 [main] DEBUG org.hibernate.boot.internal.ClassLoaderAccessImpl - Not known whether passed class name [com.shoppingbackend.model.OrderItem] is safe
17:17:35.326 [main] DEBUG org.hibernate.boot.internal.ClassLoaderAccessImpl - No temp ClassLoader provided; using live ClassLoader for loading potentially unsafe class : com.shoppingbackend.model.OrderItem
17:17:35.327 [main] DEBUG org.hibernate.boot.internal.ClassLoaderAccessImpl - Not known whether passed class name [com.shoppingbackend.model.OrderItem] is safe
17:17:35.481 [main] DEBUG org.hibernate.boot.internal.ClassLoaderAccessImpl - No temp ClassLoader provided; using live ClassLoader for loading potentially unsafe class : com.shoppingbackend.model.OrderItem
17:17:35.490 [main] DEBUG org.hibernate.boot.internal.ClassLoaderAccessImpl - Not known whether passed class name [com.shoppingbackend.model.Supplier] is safe
17:17:35.491 [main] DEBUG org.hibernate.boot.internal.ClassLoaderAccessImpl - No temp ClassLoader provided; using live ClassLoader for loading potentially unsafe class : com.shoppingbackend.model.Supplier
17:17:35.491 [main] DEBUG org.hibernate.boot.internal.ClassLoaderAccessImpl - Not known whether passed class name [com.shoppingbackend.model.Supplier] is safe
17:17:35.492 [main] DEBUG org.hibernate.boot.internal.ClassLoaderAccessImpl - No temp ClassLoader provided; using live ClassLoader for loading potentially unsafe class : com.shoppingbackend.model.Supplier
17:17:35.494 [main] DEBUG org.hibernate.boot.internal.ClassLoaderAccessImpl - Not known whether passed class name [com.shoppingbackend.model.User] is safe
17:17:35.494 [main] DEBUG org.hibernate.boot.internal.ClassLoaderAccessImpl - No temp ClassLoader provided; using live ClassLoader for loading potentially unsafe class : com.shoppingbackend.model.User
17:17:35.495 [main] DEBUG org.hibernate.boot.internal.ClassLoaderAccessImpl - Not known whether passed class name [com.shoppingbackend.model.User] is safe
17:17:35.496 [main] DEBUG org.hibernate.boot.internal.ClassLoaderAccessImpl - No temp ClassLoader provided; using live ClassLoader for loading potentially unsafe class : com.shoppingbackend.model.User
17:17:35.500 [main] DEBUG org.hibernate.boot.internal.ClassLoaderAccessImpl - Not known whether passed class name [com.shoppingbackend.model.Cart] is safe
17:17:35.500 [main] DEBUG org.hibernate.boot.internal.ClassLoaderAccessImpl - No temp ClassLoader provided; using live ClassLoader for loading potentially unsafe class : com.shoppingbackend.model.Cart
17:17:35.502 [main] DEBUG org.hibernate.boot.internal.ClassLoaderAccessImpl - Not known whether passed class name [com.shoppingbackend.model.Cart] is safe
17:17:35.503 [main] DEBUG org.hibernate.boot.internal.ClassLoaderAccessImpl - No temp ClassLoader provided; using live ClassLoader for loading potentially unsafe class : com.shoppingbackend.model.Cart
17:17:35.508 [main] DEBUG org.hibernate.boot.internal.ClassLoaderAccessImpl - Not known whether passed class name [com.shoppingbackend.model.Category] is safe
17:17:35.509 [main] DEBUG org.hibernate.boot.internal.ClassLoaderAccessImpl - No temp ClassLoader provided; using live ClassLoader for loading potentially unsafe class : com.shoppingbackend.model.Category
17:17:35.509 [main] DEBUG org.hibernate.boot.internal.ClassLoaderAccessImpl - Not known whether passed class name [com.shoppingbackend.model.Category] is safe
17:17:35.510 [main] DEBUG org.hibernate.boot.internal.ClassLoaderAccessImpl - No temp ClassLoader provided; using live ClassLoader for loading potentially unsafe class : com.shoppingbackend.model.Category
17:17:35.515 [main] DEBUG org.hibernate.boot.internal.ClassLoaderAccessImpl - Not known whether passed class name [com.shoppingbackend.model.Address] is safe
17:17:35.516 [main] DEBUG org.hibernate.boot.internal.ClassLoaderAccessImpl - No temp ClassLoader provided; using live ClassLoader for loading potentially unsafe class : com.shoppingbackend.model.Address
17:17:35.516 [main] DEBUG org.hibernate.boot.internal.ClassLoaderAccessImpl - Not known whether passed class name [com.shoppingbackend.model.Address] is safe
17:17:35.517 [main] DEBUG org.hibernate.boot.internal.ClassLoaderAccessImpl - No temp ClassLoader provided; using live ClassLoader for loading potentially unsafe class : com.shoppingbackend.model.Address
17:17:35.523 [main] DEBUG org.hibernate.boot.internal.ClassLoaderAccessImpl - Not known whether passed class name [com.shoppingbackend.model.Product] is safe
17:17:35.523 [main] DEBUG org.hibernate.boot.internal.ClassLoaderAccessImpl - No temp ClassLoader provided; using live ClassLoader for loading potentially unsafe class : com.shoppingbackend.model.Product
17:17:35.525 [main] DEBUG org.hibernate.boot.internal.ClassLoaderAccessImpl - Not known whether passed class name [com.shoppingbackend.model.Product] is safe
17:17:35.525 [main] DEBUG org.hibernate.boot.internal.ClassLoaderAccessImpl - No temp ClassLoader provided; using live ClassLoader for loading potentially unsafe class : com.shoppingbackend.model.Product
17:17:35.528 [main] DEBUG org.hibernate.persister.collection.AbstractCollectionPersister - Static SQL for collection: com.shoppingbackend.model.OrderDetail.orderItems
17:17:35.528 [main] DEBUG org.hibernate.persister.collection.AbstractCollectionPersister -  Row insert: update order_item set order_id=? where id=?
17:17:35.529 [main] DEBUG org.hibernate.persister.collection.AbstractCollectionPersister -  Row update: update order_item set  where id=?
17:17:35.529 [main] DEBUG org.hibernate.persister.collection.AbstractCollectionPersister -  Row delete: update order_item set order_id=null where order_id=? and id=?
17:17:35.529 [main] DEBUG org.hibernate.persister.collection.AbstractCollectionPersister -  One-shot delete: update order_item set order_id=null where order_id=?
17:17:35.530 [main] DEBUG org.hibernate.persister.entity.AbstractEntityPersister - Static SQL for entity: com.shoppingbackend.model.OrderDetail
17:17:35.530 [main] DEBUG org.hibernate.persister.entity.AbstractEntityPersister -  Version select: select id from order_detail where id =?
17:17:35.530 [main] DEBUG org.hibernate.persister.entity.AbstractEntityPersister -  Snapshot select: select orderdetai_.id, orderdetai_.billing_id as billing_5_4_, orderdetai_.order_count as order_co2_4_, orderdetai_.order_date as order_da3_4_, orderdetai_.order_total as order_to4_4_, orderdetai_.shipping_id as shipping6_4_, orderdetai_.user_id as user_id7_4_ from order_detail orderdetai_ where orderdetai_.id=?
17:17:35.531 [main] DEBUG org.hibernate.persister.entity.AbstractEntityPersister -  Insert 0: insert into order_detail (billing_id, order_count, order_date, order_total, shipping_id, user_id, id) values (?, ?, ?, ?, ?, ?, ?)
17:17:35.531 [main] DEBUG org.hibernate.persister.entity.AbstractEntityPersister -  Update 0: update order_detail set billing_id=?, order_count=?, order_date=?, order_total=?, shipping_id=?, user_id=? where id=?
17:17:35.531 [main] DEBUG org.hibernate.persister.entity.AbstractEntityPersister -  Delete 0: delete from order_detail where id=?
17:17:35.531 [main] DEBUG org.hibernate.persister.entity.AbstractEntityPersister -  Identity insert: insert into order_detail (id, billing_id, order_count, order_date, order_total, shipping_id, user_id) values (null, ?, ?, ?, ?, ?, ?)
17:17:35.532 [main] DEBUG org.hibernate.loader.plan.build.internal.spaces.QuerySpacesImpl - Adding QuerySpace : uid = &lt;gen:0&gt; -&gt; org.hibernate.loader.plan.build.internal.spaces.EntityQuerySpaceImpl@116a2108]
17:17:35.532 [main] DEBUG org.hibernate.persister.walking.spi.MetamodelGraphWalker - Visiting attribute path : billing
17:17:35.533 [main] DEBUG org.hibernate.loader.plan.build.internal.spaces.QuerySpacesImpl - Adding QuerySpace : uid = &lt;gen:1&gt; -&gt; org.hibernate.loader.plan.build.internal.spaces.EntityQuerySpaceImpl@7c1c5936]
17:17:35.533 [main] DEBUG org.hibernate.persister.walking.spi.MetamodelGraphWalker - Visiting attribute path : billing.addressLineOne
17:17:35.534 [main] DEBUG org.hibernate.persister.walking.spi.MetamodelGraphWalker - Visiting attribute path : billing.addressLineTwo
17:17:35.534 [main] DEBUG org.hibernate.persister.walking.spi.MetamodelGraphWalker - Visiting attribute path : billing.billing
17:17:35.534 [main] DEBUG org.hibernate.persister.walking.spi.MetamodelGraphWalker - Visiting attribute path : billing.city
17:17:35.534 [main] DEBUG org.hibernate.persister.walking.spi.MetamodelGraphWalker - Visiting attribute path : billing.country
17:17:35.534 [main] DEBUG org.hibernate.persister.walking.spi.MetamodelGraphWalker - Visiting attribute path : billing.postalCode
17:17:35.535 [main] DEBUG org.hibernate.persister.walking.spi.MetamodelGraphWalker - Visiting attribute path : billing.shipping
17:17:35.535 [main] DEBUG org.hibernate.persister.walking.spi.MetamodelGraphWalker - Visiting attribute path : billing.state
17:17:35.535 [main] DEBUG org.hibernate.persister.walking.spi.MetamodelGraphWalker - Visiting attribute path : billing.userId
17:17:35.535 [main] DEBUG org.hibernate.persister.walking.spi.MetamodelGraphWalker - Visiting attribute path : orderCount
17:17:35.536 [main] DEBUG org.hibernate.persister.walking.spi.MetamodelGraphWalker - Visiting attribute path : orderDate
17:17:35.536 [main] DEBUG org.hibernate.persister.walking.spi.MetamodelGraphWalker - Visiting attribute path : orderItems
17:17:35.537 [main] DEBUG org.hibernate.loader.plan.build.internal.spaces.QuerySpacesImpl - Adding QuerySpace : uid = &lt;gen:2&gt; -&gt; org.hibernate.loader.plan.build.internal.spaces.CollectionQuerySpaceImpl@3ac8cf9b]
17:17:35.537 [main] DEBUG org.hibernate.loader.plan.build.internal.spaces.QuerySpacesImpl - Adding QuerySpace : uid = &lt;gen:3&gt; -&gt; org.hibernate.loader.plan.build.internal.spaces.EntityQuerySpaceImpl@55ec556]
17:17:35.538 [main] DEBUG org.hibernate.persister.walking.spi.MetamodelGraphWalker - Visiting attribute path : orderItems.buyingPrice
17:17:35.538 [main] DEBUG org.hibernate.persister.walking.spi.MetamodelGraphWalker - Visiting attribute path : orderItems.orderDetail
17:17:35.538 [main] DEBUG org.hibernate.persister.walking.spi.MetamodelGraphWalker - Property path deemed to be circular : orderItems.orderDetail
17:17:35.539 [main] DEBUG org.hibernate.persister.walking.spi.MetamodelGraphWalker - Visiting attribute path : orderItems.product
17:17:35.540 [main] DEBUG org.hibernate.loader.plan.build.internal.spaces.QuerySpacesImpl - Adding QuerySpace : uid = &lt;gen:4&gt; -&gt; org.hibernate.loader.plan.build.internal.spaces.EntityQuerySpaceImpl@4b869331]
17:17:35.540 [main] DEBUG org.hibernate.persister.walking.spi.MetamodelGraphWalker - Visiting attribute path : orderItems.product.active
17:17:35.540 [main] DEBUG org.hibernate.persister.walking.spi.MetamodelGraphWalker - Visiting attribute path : orderItems.product.brand
17:17:35.541 [main] DEBUG org.hibernate.persister.walking.spi.MetamodelGraphWalker - Visiting attribute path : orderItems.product.categoryId
17:17:35.541 [main] DEBUG org.hibernate.persister.walking.spi.MetamodelGraphWalker - Visiting attribute path : orderItems.product.code
17:17:35.541 [main] DEBUG org.hibernate.persister.walking.spi.MetamodelGraphWalker - Visiting attribute path : orderItems.product.description
17:17:35.541 [main] DEBUG org.hibernate.persister.walking.spi.MetamodelGraphWalker - Visiting attribute path : orderItems.product.name
17:17:35.541 [main] DEBUG org.hibernate.persister.walking.spi.MetamodelGraphWalker - Visiting attribute path : orderItems.product.purchases
17:17:35.542 [main] DEBUG org.hibernate.persister.walking.spi.MetamodelGraphWalker - Visiting attribute path : orderItems.product.quantity
17:17:35.542 [main] DEBUG org.hibernate.persister.walking.spi.MetamodelGraphWalker - Visiting attribute path : orderItems.product.supplierId
17:17:35.542 [main] DEBUG org.hibernate.persister.walking.spi.MetamodelGraphWalker - Visiting attribute path : orderItems.product.unitPrice
17:17:35.543 [main] DEBUG org.hibernate.persister.walking.spi.MetamodelGraphWalker - Visiting attribute path : orderItems.product.views
17:17:35.544 [main] DEBUG org.hibernate.persister.walking.spi.MetamodelGraphWalker - Visiting attribute path : orderItems.productCount
17:17:35.545 [main] DEBUG org.hibernate.persister.walking.spi.MetamodelGraphWalker - Visiting attribute path : orderItems.total
17:17:35.545 [main] DEBUG org.hibernate.persister.walking.spi.MetamodelGraphWalker - Visiting attribute path : orderTotal
17:17:35.545 [main] DEBUG org.hibernate.persister.walking.spi.MetamodelGraphWalker - Visiting attribute path : shipping
17:17:35.546 [main] DEBUG org.hibernate.loader.plan.build.internal.spaces.QuerySpacesImpl - Adding QuerySpace : uid = &lt;gen:5&gt; -&gt; org.hibernate.loader.plan.build.internal.spaces.EntityQuerySpaceImpl@ce9b9a9]
17:17:35.546 [main] DEBUG org.hibernate.persister.walking.spi.MetamodelGraphWalker - Visiting attribute path : shipping.addressLineOne
17:17:35.546 [main] DEBUG org.hibernate.persister.walking.spi.MetamodelGraphWalker - Visiting attribute path : shipping.addressLineTwo
17:17:35.547 [main] DEBUG org.hibernate.persister.walking.spi.MetamodelGraphWalker - Visiting attribute path : shipping.billing
17:17:35.547 [main] DEBUG org.hibernate.persister.walking.spi.MetamodelGraphWalker - Visiting attribute path : shipping.city
17:17:35.547 [main] DEBUG org.hibernate.persister.walking.spi.MetamodelGraphWalker - Visiting attribute path : shipping.country
17:17:35.547 [main] DEBUG org.hibernate.persister.walking.spi.MetamodelGraphWalker - Visiting attribute path : shipping.postalCode
17:17:35.547 [main] DEBUG org.hibernate.persister.walking.spi.MetamodelGraphWalker - Visiting attribute path : shipping.shipping
17:17:35.548 [main] DEBUG org.hibernate.persister.walking.spi.MetamodelGraphWalker - Visiting attribute path : shipping.state
17:17:35.548 [main] DEBUG org.hibernate.persister.walking.spi.MetamodelGraphWalker - Visiting attribute path : shipping.userId
17:17:35.548 [main] DEBUG org.hibernate.persister.walking.spi.MetamodelGraphWalker - Visiting attribute path : user
17:17:35.549 [main] DEBUG org.hibernate.loader.plan.build.internal.spaces.QuerySpacesImpl - Adding QuerySpace : uid = &lt;gen:6&gt; -&gt; org.hibernate.loader.plan.build.internal.spaces.EntityQuerySpaceImpl@3533df16]
17:17:35.550 [main] DEBUG org.hibernate.persister.walking.spi.MetamodelGraphWalker - Visiting attribute path : user.contactNumber
17:17:35.550 [main] DEBUG org.hibernate.persister.walking.spi.MetamodelGraphWalker - Visiting attribute path : user.email
17:17:35.551 [main] DEBUG org.hibernate.persister.walking.spi.MetamodelGraphWalker - Visiting attribute path : user.enabled
17:17:35.551 [main] DEBUG org.hibernate.persister.walking.spi.MetamodelGraphWalker - Visiting attribute path : user.firstName
17:17:35.551 [main] DEBUG org.hibernate.persister.walking.spi.MetamodelGraphWalker - Visiting attribute path : user.lastName
17:17:35.551 [main] DEBUG org.hibernate.persister.walking.spi.MetamodelGraphWalker - Visiting attribute path : user.password
17:17:35.551 [main] DEBUG org.hibernate.persister.walking.spi.MetamodelGraphWalker - Visiting attribute path : user.role
17:17:35.552 [main] DEBUG org.hibernate.persister.walking.spi.MetamodelGraphWalker - Visiting attribute path : user.cart
17:17:35.552 [main] DEBUG org.hibernate.loader.plan.build.internal.spaces.QuerySpacesImpl - Adding QuerySpace : uid = &lt;gen:7&gt; -&gt; org.hibernate.loader.plan.build.internal.spaces.EntityQuerySpaceImpl@4038cd3a]
17:17:35.553 [main] DEBUG org.hibernate.persister.walking.spi.MetamodelGraphWalker - Visiting attribute path : user.cart.cartLines
17:17:35.553 [main] DEBUG org.hibernate.persister.walking.spi.MetamodelGraphWalker - Visiting attribute path : user.cart.grandTotal
17:17:35.553 [main] DEBUG org.hibernate.persister.walking.spi.MetamodelGraphWalker - Visiting attribute path : user.cart.user
17:17:35.554 [main] DEBUG org.hibernate.persister.walking.spi.MetamodelGraphWalker - Property path deemed to be circular : user.cart.user
17:17:35.554 [main] DEBUG org.hibernate.loader.plan.build.internal.FetchStyleLoadPlanBuildingAssociationVisitationStrategy - Building LoadPlan...
17:17:35.554 [main] DEBUG org.hibernate.loader.plan.exec.internal.LoadQueryJoinAndFetchProcessor - processing queryspace &lt;gen:0&gt;
17:17:35.557 [main] DEBUG org.hibernate.loader.plan.build.spi.LoadPlanTreePrinter - LoadPlan(entity=com.shoppingbackend.model.OrderDetail)
    - Returns
       - EntityReturnImpl(entity=com.shoppingbackend.model.OrderDetail, querySpaceUid=&lt;gen:0&gt;, path=com.shoppingbackend.model.OrderDetail)
          - EntityAttributeFetchImpl(entity=com.shoppingbackend.model.Address, querySpaceUid=&lt;gen:1&gt;, path=com.shoppingbackend.model.OrderDetail.billing)
          - CollectionAttributeFetchImpl(collection=com.shoppingbackend.model.OrderDetail.orderItems, querySpaceUid=&lt;gen:2&gt;, path=com.shoppingbackend.model.OrderDetail.orderItems)
             - (collection element) CollectionFetchableElementEntityGraph(entity=com.shoppingbackend.model.OrderItem, querySpaceUid=&lt;gen:3&gt;, path=com.shoppingbackend.model.OrderDetail.orderItems.&lt;elements&gt;)
                - EntityAttributeFetchImpl(entity=com.shoppingbackend.model.Product, querySpaceUid=&lt;gen:4&gt;, path=com.shoppingbackend.model.OrderDetail.orderItems.&lt;elements&gt;.product)
          - EntityAttributeFetchImpl(entity=com.shoppingbackend.model.Address, querySpaceUid=&lt;gen:5&gt;, path=com.shoppingbackend.model.OrderDetail.shipping)
          - EntityAttributeFetchImpl(entity=com.shoppingbackend.model.User, querySpaceUid=&lt;gen:6&gt;, path=com.shoppingbackend.model.OrderDetail.user)
             - EntityAttributeFetchImpl(entity=com.shoppingbackend.model.Cart, querySpaceUid=&lt;gen:7&gt;, path=com.shoppingbackend.model.OrderDetail.user.cart)
    - QuerySpaces
       - EntityQuerySpaceImpl(uid=&lt;gen:0&gt;, entity=com.shoppingbackend.model.OrderDetail)
          - SQL table alias mapping - orderdetai0_
          - alias suffix - 0_
          - suffixed key columns - {id1_4_0_}
          - JOIN (JoinDefinedByMetadata(billing)) : &lt;gen:0&gt; -&gt; &lt;gen:1&gt;
             - EntityQuerySpaceImpl(uid=&lt;gen:1&gt;, entity=com.shoppingbackend.model.Address)
                - SQL table alias mapping - address1_
                - alias suffix - 1_
                - suffixed key columns - {id1_0_1_}
          - JOIN (JoinDefinedByMetadata(orderItems)) : &lt;gen:0&gt; -&gt; &lt;gen:2&gt;
             - CollectionQuerySpaceImpl(uid=&lt;gen:2&gt;, collection=com.shoppingbackend.model.OrderDetail.orderItems)
                - SQL table alias mapping - orderitems2_
                - alias suffix - 2_
                - suffixed key columns - {order_id5_5_2_}
                - entity-element alias suffix - 3_
                - 3_entity-element suffixed key columns - id1_5_3_
                - JOIN (JoinDefinedByMetadata(elements)) : &lt;gen:2&gt; -&gt; &lt;gen:3&gt;
                   - EntityQuerySpaceImpl(uid=&lt;gen:3&gt;, entity=com.shoppingbackend.model.OrderItem)
                      - SQL table alias mapping - orderitems2_
                      - alias suffix - 3_
                      - suffixed key columns - {id1_5_3_}
                      - JOIN (JoinDefinedByMetadata(product)) : &lt;gen:3&gt; -&gt; &lt;gen:4&gt;
                         - EntityQuerySpaceImpl(uid=&lt;gen:4&gt;, entity=com.shoppingbackend.model.Product)
                            - SQL table alias mapping - product3_
                            - alias suffix - 4_
                            - suffixed key columns - {id1_6_4_}
          - JOIN (JoinDefinedByMetadata(shipping)) : &lt;gen:0&gt; -&gt; &lt;gen:5&gt;
             - EntityQuerySpaceImpl(uid=&lt;gen:5&gt;, entity=com.shoppingbackend.model.Address)
                - SQL table alias mapping - address4_
                - alias suffix - 5_
                - suffixed key columns - {id1_0_5_}
          - JOIN (JoinDefinedByMetadata(user)) : &lt;gen:0&gt; -&gt; &lt;gen:6&gt;
             - EntityQuerySpaceImpl(uid=&lt;gen:6&gt;, entity=com.shoppingbackend.model.User)
                - SQL table alias mapping - user5_
                - alias suffix - 6_
                - suffixed key columns - {id1_8_6_}
                - JOIN (JoinDefinedByMetadata(cart)) : &lt;gen:6&gt; -&gt; &lt;gen:7&gt;
                   - EntityQuerySpaceImpl(uid=&lt;gen:7&gt;, entity=com.shoppingbackend.model.Cart)
                      - SQL table alias mapping - cart6_
                      - alias suffix - 7_
                      - suffixed key columns - {id1_1_7_}

17:17:35.558 [main] DEBUG org.hibernate.loader.entity.plan.EntityLoader - Static select for entity com.shoppingbackend.model.OrderDetail [NONE]: select orderdetai0_.id as id1_4_0_, orderdetai0_.billing_id as billing_5_4_0_, orderdetai0_.order_count as order_co2_4_0_, orderdetai0_.order_date as order_da3_4_0_, orderdetai0_.order_total as order_to4_4_0_, orderdetai0_.shipping_id as shipping6_4_0_, orderdetai0_.user_id as user_id7_4_0_, address1_.id as id1_0_1_, address1_.address_line_one as address_2_0_1_, address1_.address_line_two as address_3_0_1_, address1_.is_billing as is_billi4_0_1_, address1_.city as city5_0_1_, address1_.country as country6_0_1_, address1_.postal_code as postal_c7_0_1_, address1_.is_shipping as is_shipp8_0_1_, address1_.state as state9_0_1_, address1_.user_id as user_id10_0_1_, orderitems2_.order_id as order_id5_5_2_, orderitems2_.id as id1_5_2_, orderitems2_.id as id1_5_3_, orderitems2_.buying_price as buying_p2_5_3_, orderitems2_.order_id as order_id5_5_3_, orderitems2_.product_id as product_6_5_3_, orderitems2_.product_count as product_3_5_3_, orderitems2_.total as total4_5_3_, product3_.id as id1_6_4_, product3_.is_active as is_activ2_6_4_, product3_.brand as brand3_6_4_, product3_.category_id as category4_6_4_, product3_.code as code5_6_4_, product3_.description as descript6_6_4_, product3_.name as name7_6_4_, product3_.purchases as purchase8_6_4_, product3_.quantity as quantity9_6_4_, product3_.supplier_id as supplie10_6_4_, product3_.unit_price as unit_pr11_6_4_, product3_.views as views12_6_4_, address4_.id as id1_0_5_, address4_.address_line_one as address_2_0_5_, address4_.address_line_two as address_3_0_5_, address4_.is_billing as is_billi4_0_5_, address4_.city as city5_0_5_, address4_.country as country6_0_5_, address4_.postal_code as postal_c7_0_5_, address4_.is_shipping as is_shipp8_0_5_, address4_.state as state9_0_5_, address4_.user_id as user_id10_0_5_, user5_.id as id1_8_6_, user5_.contact_number as contact_2_8_6_, user5_.email as email3_8_6_, user5_.enabled as enabled4_8_6_, user5_.first_name as first_na5_8_6_, user5_.last_name as last_nam6_8_6_, user5_.password as password7_8_6_, user5_.role as role8_8_6_, cart6_.id as id1_1_7_, cart6_.cart_lines as cart_lin2_1_7_, cart6_.grand_total as grand_to3_1_7_, cart6_.user_id as user_id4_1_7_ from order_detail orderdetai0_ left outer join Address address1_ on orderdetai0_.billing_id=address1_.id left outer join order_item orderitems2_ on orderdetai0_.id=orderitems2_.order_id left outer join Product product3_ on orderitems2_.product_id=product3_.id left outer join Address address4_ on orderdetai0_.shipping_id=address4_.id left outer join user_detail user5_ on orderdetai0_.user_id=user5_.id left outer join Cart cart6_ on user5_.id=cart6_.user_id where orderdetai0_.id=?
17:17:35.558 [main] DEBUG org.hibernate.loader.plan.build.internal.spaces.QuerySpacesImpl - Adding QuerySpace : uid = &lt;gen:0&gt; -&gt; org.hibernate.loader.plan.build.internal.spaces.EntityQuerySpaceImpl@3f4cd155]
17:17:35.559 [main] DEBUG org.hibernate.persister.walking.spi.MetamodelGraphWalker - Visiting attribute path : billing
17:17:35.559 [main] DEBUG org.hibernate.loader.plan.build.internal.spaces.QuerySpacesImpl - Adding QuerySpace : uid = &lt;gen:1&gt; -&gt; org.hibernate.loader.plan.build.internal.spaces.EntityQuerySpaceImpl@506dcf55]
17:17:35.559 [main] DEBUG org.hibernate.persister.walking.spi.MetamodelGraphWalker - Visiting attribute path : billing.addressLineOne
17:17:35.560 [main] DEBUG org.hibernate.persister.walking.spi.MetamodelGraphWalker - Visiting attribute path : billing.addressLineTwo
17:17:35.560 [main] DEBUG org.hibernate.persister.walking.spi.MetamodelGraphWalker - Visiting attribute path : billing.billing
17:17:35.560 [main] DEBUG org.hibernate.persister.walking.spi.MetamodelGraphWalker - Visiting attribute path : billing.city
17:17:35.560 [main] DEBUG org.hibernate.persister.walking.spi.MetamodelGraphWalker - Visiting attribute path : billing.country
17:17:35.561 [main] DEBUG org.hibernate.persister.walking.spi.MetamodelGraphWalker - Visiting attribute path : billing.postalCode
17:17:35.561 [main] DEBUG org.hibernate.persister.walking.spi.MetamodelGraphWalker - Visiting attribute path : billing.shipping
17:17:35.561 [main] DEBUG org.hibernate.persister.walking.spi.MetamodelGraphWalker - Visiting attribute path : billing.state
17:17:35.561 [main] DEBUG org.hibernate.persister.walking.spi.MetamodelGraphWalker - Visiting attribute path : billing.userId
17:17:35.561 [main] DEBUG org.hibernate.persister.walking.spi.MetamodelGraphWalker - Visiting attribute path : orderCount
17:17:35.562 [main] DEBUG org.hibernate.persister.walking.spi.MetamodelGraphWalker - Visiting attribute path : orderDate
17:17:35.562 [main] DEBUG org.hibernate.persister.walking.spi.MetamodelGraphWalker - Visiting attribute path : orderItems
17:17:35.562 [main] DEBUG org.hibernate.loader.plan.build.internal.spaces.QuerySpacesImpl - Adding QuerySpace : uid = &lt;gen:2&gt; -&gt; org.hibernate.loader.plan.build.internal.spaces.CollectionQuerySpaceImpl@7e94d093]
17:17:35.562 [main] DEBUG org.hibernate.loader.plan.build.internal.spaces.QuerySpacesImpl - Adding QuerySpace : uid = &lt;gen:3&gt; -&gt; org.hibernate.loader.plan.build.internal.spaces.EntityQuerySpaceImpl@7c6189d5]
17:17:35.563 [main] DEBUG org.hibernate.persister.walking.spi.MetamodelGraphWalker - Visiting attribute path : orderItems.buyingPrice
17:17:35.563 [main] DEBUG org.hibernate.persister.walking.spi.MetamodelGraphWalker - Visiting attribute path : orderItems.orderDetail
17:17:35.564 [main] DEBUG org.hibernate.persister.walking.spi.MetamodelGraphWalker - Property path deemed to be circular : orderItems.orderDetail
17:17:35.564 [main] DEBUG org.hibernate.persister.walking.spi.MetamodelGraphWalker - Visiting attribute path : orderItems.product
17:17:35.564 [main] DEBUG org.hibernate.loader.plan.build.internal.spaces.QuerySpacesImpl - Adding QuerySpace : uid = &lt;gen:4&gt; -&gt; org.hibernate.loader.plan.build.internal.spaces.EntityQuerySpaceImpl@66ad7bf0]
17:17:35.565 [main] DEBUG org.hibernate.persister.walking.spi.MetamodelGraphWalker - Visiting attribute path : orderItems.product.active
17:17:35.565 [main] DEBUG org.hibernate.persister.walking.spi.MetamodelGraphWalker - Visiting attribute path : orderItems.product.brand
17:17:35.625 [main] DEBUG org.hibernate.persister.walking.spi.MetamodelGraphWalker - Visiting attribute path : orderItems.product.categoryId
17:17:35.625 [main] DEBUG org.hibernate.persister.walking.spi.MetamodelGraphWalker - Visiting attribute path : orderItems.product.code
17:17:35.625 [main] DEBUG org.hibernate.persister.walking.spi.MetamodelGraphWalker - Visiting attribute path : orderItems.product.description
17:17:35.625 [main] DEBUG org.hibernate.persister.walking.spi.MetamodelGraphWalker - Visiting attribute path : orderItems.product.name
17:17:35.625 [main] DEBUG org.hibernate.persister.walking.spi.MetamodelGraphWalker - Visiting attribute path : orderItems.product.purchases
17:17:35.625 [main] DEBUG org.hibernate.persister.walking.spi.MetamodelGraphWalker - Visiting attribute path : orderItems.product.quantity
17:17:35.625 [main] DEBUG org.hibernate.persister.walking.spi.MetamodelGraphWalker - Visiting attribute path : orderItems.product.supplierId
17:17:35.625 [main] DEBUG org.hibernate.persister.walking.spi.MetamodelGraphWalker - Visiting attribute path : orderItems.product.unitPrice
17:17:35.625 [main] DEBUG org.hibernate.persister.walking.spi.MetamodelGraphWalker - Visiting attribute path : orderItems.product.views
17:17:35.626 [main] DEBUG org.hibernate.persister.walking.spi.MetamodelGraphWalker - Visiting attribute path : orderItems.productCount
17:17:35.626 [main] DEBUG org.hibernate.persister.walking.spi.MetamodelGraphWalker - Visiting attribute path : orderItems.total
17:17:35.626 [main] DEBUG org.hibernate.persister.walking.spi.MetamodelGraphWalker - Visiting attribute path : orderTotal
17:17:35.626 [main] DEBUG org.hibernate.persister.walking.spi.MetamodelGraphWalker - Visiting attribute path : shipping
17:17:35.627 [main] DEBUG org.hibernate.loader.plan.build.internal.spaces.QuerySpacesImpl - Adding QuerySpace : uid = &lt;gen:5&gt; -&gt; org.hibernate.loader.plan.build.internal.spaces.EntityQuerySpaceImpl@138caeca]
17:17:35.629 [main] DEBUG org.hibernate.persister.walking.spi.MetamodelGraphWalker - Visiting attribute path : shipping.addressLineOne
17:17:35.629 [main] DEBUG org.hibernate.persister.walking.spi.MetamodelGraphWalker - Visiting attribute path : shipping.addressLineTwo
17:17:35.630 [main] DEBUG org.hibernate.persister.walking.spi.MetamodelGraphWalker - Visiting attribute path : shipping.billing
17:17:35.630 [main] DEBUG org.hibernate.persister.walking.spi.MetamodelGraphWalker - Visiting attribute path : shipping.city
17:17:35.630 [main] DEBUG org.hibernate.persister.walking.spi.MetamodelGraphWalker - Visiting attribute path : shipping.country
17:17:35.630 [main] DEBUG org.hibernate.persister.walking.spi.MetamodelGraphWalker - Visiting attribute path : shipping.postalCode
17:17:35.630 [main] DEBUG org.hibernate.persister.walking.spi.MetamodelGraphWalker - Visiting attribute path : shipping.shipping
17:17:35.631 [main] DEBUG org.hibernate.persister.walking.spi.MetamodelGraphWalker - Visiting attribute path : shipping.state
17:17:35.631 [main] DEBUG org.hibernate.persister.walking.spi.MetamodelGraphWalker - Visiting attribute path : shipping.userId
17:17:35.631 [main] DEBUG org.hibernate.persister.walking.spi.MetamodelGraphWalker - Visiting attribute path : user
17:17:35.632 [main] DEBUG org.hibernate.loader.plan.build.internal.spaces.QuerySpacesImpl - Adding QuerySpace : uid = &lt;gen:6&gt; -&gt; org.hibernate.loader.plan.build.internal.spaces.EntityQuerySpaceImpl@9a6fbc0]
17:17:35.633 [main] DEBUG org.hibernate.persister.walking.spi.MetamodelGraphWalker - Visiting attribute path : user.contactNumber
17:17:35.633 [main] DEBUG org.hibernate.persister.walking.spi.MetamodelGraphWalker - Visiting attribute path : user.email
17:17:35.633 [main] DEBUG org.hibernate.persister.walking.spi.MetamodelGraphWalker - Visiting attribute path : user.enabled
17:17:35.633 [main] DEBUG org.hibernate.persister.walking.spi.MetamodelGraphWalker - Visiting attribute path : user.firstName
17:17:35.633 [main] DEBUG org.hibernate.persister.walking.spi.MetamodelGraphWalker - Visiting attribute path : user.lastName
17:17:35.634 [main] DEBUG org.hibernate.persister.walking.spi.MetamodelGraphWalker - Visiting attribute path : user.password
17:17:35.634 [main] DEBUG org.hibernate.persister.walking.spi.MetamodelGraphWalker - Visiting attribute path : user.role
17:17:35.634 [main] DEBUG org.hibernate.persister.walking.spi.MetamodelGraphWalker - Visiting attribute path : user.cart
17:17:35.634 [main] DEBUG org.hibernate.loader.plan.build.internal.spaces.QuerySpacesImpl - Adding QuerySpace : uid = &lt;gen:7&gt; -&gt; org.hibernate.loader.plan.build.internal.spaces.EntityQuerySpaceImpl@7a93b263]
17:17:35.634 [main] DEBUG org.hibernate.persister.walking.spi.MetamodelGraphWalker - Visiting attribute path : user.cart.cartLines
17:17:35.635 [main] DEBUG org.hibernate.persister.walking.spi.MetamodelGraphWalker - Visiting attribute path : user.cart.grandTotal
17:17:35.635 [main] DEBUG org.hibernate.persister.walking.spi.MetamodelGraphWalker - Visiting attribute path : user.cart.user
17:17:35.635 [main] DEBUG org.hibernate.persister.walking.spi.MetamodelGraphWalker - Property path deemed to be circular : user.cart.user
17:17:35.637 [main] DEBUG org.hibernate.loader.plan.build.internal.FetchStyleLoadPlanBuildingAssociationVisitationStrategy - Building LoadPlan...
17:17:35.638 [main] DEBUG org.hibernate.loader.plan.exec.internal.LoadQueryJoinAndFetchProcessor - processing queryspace &lt;gen:0&gt;
17:17:35.640 [main] DEBUG org.hibernate.loader.plan.build.spi.LoadPlanTreePrinter - LoadPlan(entity=com.shoppingbackend.model.OrderDetail)
    - Returns
       - EntityReturnImpl(entity=com.shoppingbackend.model.OrderDetail, querySpaceUid=&lt;gen:0&gt;, path=com.shoppingbackend.model.OrderDetail)
          - EntityAttributeFetchImpl(entity=com.shoppingbackend.model.Address, querySpaceUid=&lt;gen:1&gt;, path=com.shoppingbackend.model.OrderDetail.billing)
          - CollectionAttributeFetchImpl(collection=com.shoppingbackend.model.OrderDetail.orderItems, querySpaceUid=&lt;gen:2&gt;, path=com.shoppingbackend.model.OrderDetail.orderItems)
             - (collection element) CollectionFetchableElementEntityGraph(entity=com.shoppingbackend.model.OrderItem, querySpaceUid=&lt;gen:3&gt;, path=com.shoppingbackend.model.OrderDetail.orderItems.&lt;elements&gt;)
                - EntityAttributeFetchImpl(entity=com.shoppingbackend.model.Product, querySpaceUid=&lt;gen:4&gt;, path=com.shoppingbackend.model.OrderDetail.orderItems.&lt;elements&gt;.product)
          - EntityAttributeFetchImpl(entity=com.shoppingbackend.model.Address, querySpaceUid=&lt;gen:5&gt;, path=com.shoppingbackend.model.OrderDetail.shipping)
          - EntityAttributeFetchImpl(entity=com.shoppingbackend.model.User, querySpaceUid=&lt;gen:6&gt;, path=com.shoppingbackend.model.OrderDetail.user)
             - EntityAttributeFetchImpl(entity=com.shoppingbackend.model.Cart, querySpaceUid=&lt;gen:7&gt;, path=com.shoppingbackend.model.OrderDetail.user.cart)
    - QuerySpaces
       - EntityQuerySpaceImpl(uid=&lt;gen:0&gt;, entity=com.shoppingbackend.model.OrderDetail)
          - SQL table alias mapping - orderdetai0_
          - alias suffix - 0_
          - suffixed key columns - {id1_4_0_}
          - JOIN (JoinDefinedByMetadata(billing)) : &lt;gen:0&gt; -&gt; &lt;gen:1&gt;
             - EntityQuerySpaceImpl(uid=&lt;gen:1&gt;, entity=com.shoppingbackend.model.Address)
                - SQL table alias mapping - address1_
                - alias suffix - 1_
                - suffixed key columns - {id1_0_1_}
          - JOIN (JoinDefinedByMetadata(orderItems)) : &lt;gen:0&gt; -&gt; &lt;gen:2&gt;
             - CollectionQuerySpaceImpl(uid=&lt;gen:2&gt;, collection=com.shoppingbackend.model.OrderDetail.orderItems)
                - SQL table alias mapping - orderitems2_
                - alias suffix - 2_
                - suffixed key columns - {order_id5_5_2_}
                - entity-element alias suffix - 3_
                - 3_entity-element suffixed key columns - id1_5_3_
                - JOIN (JoinDefinedByMetadata(elements)) : &lt;gen:2&gt; -&gt; &lt;gen:3&gt;
                   - EntityQuerySpaceImpl(uid=&lt;gen:3&gt;, entity=com.shoppingbackend.model.OrderItem)
                      - SQL table alias mapping - orderitems2_
                      - alias suffix - 3_
                      - suffixed key columns - {id1_5_3_}
                      - JOIN (JoinDefinedByMetadata(product)) : &lt;gen:3&gt; -&gt; &lt;gen:4&gt;
                         - EntityQuerySpaceImpl(uid=&lt;gen:4&gt;, entity=com.shoppingbackend.model.Product)
                            - SQL table alias mapping - product3_
                            - alias suffix - 4_
                            - suffixed key columns - {id1_6_4_}
          - JOIN (JoinDefinedByMetadata(shipping)) : &lt;gen:0&gt; -&gt; &lt;gen:5&gt;
             - EntityQuerySpaceImpl(uid=&lt;gen:5&gt;, entity=com.shoppingbackend.model.Address)
                - SQL table alias mapping - address4_
                - alias suffix - 5_
                - suffixed key columns - {id1_0_5_}
          - JOIN (JoinDefinedByMetadata(user)) : &lt;gen:0&gt; -&gt; &lt;gen:6&gt;
             - EntityQuerySpaceImpl(uid=&lt;gen:6&gt;, entity=com.shoppingbackend.model.User)
                - SQL table alias mapping - user5_
                - alias suffix - 6_
                - suffixed key columns - {id1_8_6_}
                - JOIN (JoinDefinedByMetadata(cart)) : &lt;gen:6&gt; -&gt; &lt;gen:7&gt;
                   - EntityQuerySpaceImpl(uid=&lt;gen:7&gt;, entity=com.shoppingbackend.model.Cart)
                      - SQL table alias mapping - cart6_
                      - alias suffix - 7_
                      - suffixed key columns - {id1_1_7_}

17:17:35.640 [main] DEBUG org.hibernate.loader.entity.plan.EntityLoader - Static select for entity com.shoppingbackend.model.OrderDetail [READ]: select orderdetai0_.id as id1_4_0_, orderdetai0_.billing_id as billing_5_4_0_, orderdetai0_.order_count as order_co2_4_0_, orderdetai0_.order_date as order_da3_4_0_, orderdetai0_.order_total as order_to4_4_0_, orderdetai0_.shipping_id as shipping6_4_0_, orderdetai0_.user_id as user_id7_4_0_, address1_.id as id1_0_1_, address1_.address_line_one as address_2_0_1_, address1_.address_line_two as address_3_0_1_, address1_.is_billing as is_billi4_0_1_, address1_.city as city5_0_1_, address1_.country as country6_0_1_, address1_.postal_code as postal_c7_0_1_, address1_.is_shipping as is_shipp8_0_1_, address1_.state as state9_0_1_, address1_.user_id as user_id10_0_1_, orderitems2_.order_id as order_id5_5_2_, orderitems2_.id as id1_5_2_, orderitems2_.id as id1_5_3_, orderitems2_.buying_price as buying_p2_5_3_, orderitems2_.order_id as order_id5_5_3_, orderitems2_.product_id as product_6_5_3_, orderitems2_.product_count as product_3_5_3_, orderitems2_.total as total4_5_3_, product3_.id as id1_6_4_, product3_.is_active as is_activ2_6_4_, product3_.brand as brand3_6_4_, product3_.category_id as category4_6_4_, product3_.code as code5_6_4_, product3_.description as descript6_6_4_, product3_.name as name7_6_4_, product3_.purchases as purchase8_6_4_, product3_.quantity as quantity9_6_4_, product3_.supplier_id as supplie10_6_4_, product3_.unit_price as unit_pr11_6_4_, product3_.views as views12_6_4_, address4_.id as id1_0_5_, address4_.address_line_one as address_2_0_5_, address4_.address_line_two as address_3_0_5_, address4_.is_billing as is_billi4_0_5_, address4_.city as city5_0_5_, address4_.country as country6_0_5_, address4_.postal_code as postal_c7_0_5_, address4_.is_shipping as is_shipp8_0_5_, address4_.state as state9_0_5_, address4_.user_id as user_id10_0_5_, user5_.id as id1_8_6_, user5_.contact_number as contact_2_8_6_, user5_.email as email3_8_6_, user5_.enabled as enabled4_8_6_, user5_.first_name as first_na5_8_6_, user5_.last_name as last_nam6_8_6_, user5_.password as password7_8_6_, user5_.role as role8_8_6_, cart6_.id as id1_1_7_, cart6_.cart_lines as cart_lin2_1_7_, cart6_.grand_total as grand_to3_1_7_, cart6_.user_id as user_id4_1_7_ from order_detail orderdetai0_ left outer join Address address1_ on orderdetai0_.billing_id=address1_.id left outer join order_item orderitems2_ on orderdetai0_.id=orderitems2_.order_id left outer join Product product3_ on orderitems2_.product_id=product3_.id left outer join Address address4_ on orderdetai0_.shipping_id=address4_.id left outer join user_detail user5_ on orderdetai0_.user_id=user5_.id left outer join Cart cart6_ on user5_.id=cart6_.user_id where orderdetai0_.id=?
17:17:35.675 [main] DEBUG org.hibernate.loader.plan.build.internal.spaces.QuerySpacesImpl - Adding QuerySpace : uid = &lt;gen:0&gt; -&gt; org.hibernate.loader.plan.build.internal.spaces.EntityQuerySpaceImpl@bd1111a]
17:17:35.675 [main] DEBUG org.hibernate.persister.walking.spi.MetamodelGraphWalker - Visiting attribute path : billing
17:17:35.675 [main] DEBUG org.hibernate.loader.plan.build.internal.spaces.QuerySpacesImpl - Adding QuerySpace : uid = &lt;gen:1&gt; -&gt; org.hibernate.loader.plan.build.internal.spaces.EntityQuerySpaceImpl@1de6932a]
17:17:35.675 [main] DEBUG org.hibernate.persister.walking.spi.MetamodelGraphWalker - Visiting attribute path : orderCount
17:17:35.675 [main] DEBUG org.hibernate.persister.walking.spi.MetamodelGraphWalker - Visiting attribute path : orderDate
17:17:35.675 [main] DEBUG org.hibernate.persister.walking.spi.MetamodelGraphWalker - Visiting attribute path : orderItems
17:17:35.676 [main] DEBUG org.hibernate.loader.plan.build.internal.spaces.QuerySpacesImpl - Adding QuerySpace : uid = &lt;gen:2&gt; -&gt; org.hibernate.loader.plan.build.internal.spaces.CollectionQuerySpaceImpl@14dc3f89]
17:17:35.677 [main] DEBUG org.hibernate.loader.plan.build.internal.spaces.QuerySpacesImpl - Adding QuerySpace : uid = &lt;gen:3&gt; -&gt; org.hibernate.loader.plan.build.internal.spaces.EntityQuerySpaceImpl@1706a5c9]
17:17:35.677 [main] DEBUG org.hibernate.persister.walking.spi.MetamodelGraphWalker - Visiting attribute path : orderTotal
17:17:35.677 [main] DEBUG org.hibernate.persister.walking.spi.MetamodelGraphWalker - Visiting attribute path : shipping
17:17:35.677 [main] DEBUG org.hibernate.loader.plan.build.internal.spaces.QuerySpacesImpl - Adding QuerySpace : uid = &lt;gen:4&gt; -&gt; org.hibernate.loader.plan.build.internal.spaces.EntityQuerySpaceImpl@64412d34]
17:17:35.677 [main] DEBUG org.hibernate.persister.walking.spi.MetamodelGraphWalker - Visiting attribute path : user
17:17:35.678 [main] DEBUG org.hibernate.loader.plan.build.internal.spaces.QuerySpacesImpl - Adding QuerySpace : uid = &lt;gen:5&gt; -&gt; org.hibernate.loader.plan.build.internal.spaces.EntityQuerySpaceImpl@4d178d55]
17:17:35.678 [main] DEBUG org.hibernate.loader.plan.build.internal.FetchStyleLoadPlanBuildingAssociationVisitationStrategy - Building LoadPlan...
17:17:35.678 [main] DEBUG org.hibernate.loader.plan.exec.internal.LoadQueryJoinAndFetchProcessor - processing queryspace &lt;gen:0&gt;
17:17:35.679 [main] DEBUG org.hibernate.loader.plan.build.spi.LoadPlanTreePrinter - LoadPlan(entity=com.shoppingbackend.model.OrderDetail)
    - Returns
       - EntityReturnImpl(entity=com.shoppingbackend.model.OrderDetail, querySpaceUid=&lt;gen:0&gt;, path=com.shoppingbackend.model.OrderDetail)
          - EntityAttributeFetchImpl(entity=com.shoppingbackend.model.Address, querySpaceUid=&lt;gen:1&gt;, path=com.shoppingbackend.model.OrderDetail.billing)
          - CollectionAttributeFetchImpl(collection=com.shoppingbackend.model.OrderDetail.orderItems, querySpaceUid=&lt;gen:2&gt;, path=com.shoppingbackend.model.OrderDetail.orderItems)
             - (collection element) CollectionFetchableElementEntityGraph(entity=com.shoppingbackend.model.OrderItem, querySpaceUid=&lt;gen:3&gt;, path=com.shoppingbackend.model.OrderDetail.orderItems.&lt;elements&gt;)
          - EntityAttributeFetchImpl(entity=com.shoppingbackend.model.Address, querySpaceUid=&lt;gen:4&gt;, path=com.shoppingbackend.model.OrderDetail.shipping)
          - EntityAttributeFetchImpl(entity=com.shoppingbackend.model.User, querySpaceUid=&lt;gen:5&gt;, path=com.shoppingbackend.model.OrderDetail.user)
    - QuerySpaces
       - EntityQuerySpaceImpl(uid=&lt;gen:0&gt;, entity=com.shoppingbackend.model.OrderDetail)
          - SQL table alias mapping - orderdetai0_
          - alias suffix - 0_
          - suffixed key columns - {id1_4_0_}

17:17:35.679 [main] DEBUG org.hibernate.loader.entity.plan.EntityLoader - Static select for entity com.shoppingbackend.model.OrderDetail [UPGRADE]: select orderdetai0_.id as id1_4_0_, orderdetai0_.billing_id as billing_5_4_0_, orderdetai0_.order_count as order_co2_4_0_, orderdetai0_.order_date as order_da3_4_0_, orderdetai0_.order_total as order_to4_4_0_, orderdetai0_.shipping_id as shipping6_4_0_, orderdetai0_.user_id as user_id7_4_0_ from order_detail orderdetai0_ where orderdetai0_.id=? for update
17:17:35.679 [main] DEBUG org.hibernate.loader.plan.build.internal.spaces.QuerySpacesImpl - Adding QuerySpace : uid = &lt;gen:0&gt; -&gt; org.hibernate.loader.plan.build.internal.spaces.EntityQuerySpaceImpl@38c2c309]
17:17:35.680 [main] DEBUG org.hibernate.persister.walking.spi.MetamodelGraphWalker - Visiting attribute path : billing
17:17:35.680 [main] DEBUG org.hibernate.loader.plan.build.internal.spaces.QuerySpacesImpl - Adding QuerySpace : uid = &lt;gen:1&gt; -&gt; org.hibernate.loader.plan.build.internal.spaces.EntityQuerySpaceImpl@778db7c5]
17:17:35.680 [main] DEBUG org.hibernate.persister.walking.spi.MetamodelGraphWalker - Visiting attribute path : orderCount
17:17:35.680 [main] DEBUG org.hibernate.persister.walking.spi.MetamodelGraphWalker - Visiting attribute path : orderDate
17:17:35.680 [main] DEBUG org.hibernate.persister.walking.spi.MetamodelGraphWalker - Visiting attribute path : orderItems
17:17:35.681 [main] DEBUG org.hibernate.loader.plan.build.internal.spaces.QuerySpacesImpl - Adding QuerySpace : uid = &lt;gen:2&gt; -&gt; org.hibernate.loader.plan.build.internal.spaces.CollectionQuerySpaceImpl@681e144]
17:17:35.681 [main] DEBUG org.hibernate.loader.plan.build.internal.spaces.QuerySpacesImpl - Adding QuerySpace : uid = &lt;gen:3&gt; -&gt; org.hibernate.loader.plan.build.internal.spaces.EntityQuerySpaceImpl@2875b016]
17:17:35.681 [main] DEBUG org.hibernate.persister.walking.spi.MetamodelGraphWalker - Visiting attribute path : orderTotal
17:17:35.681 [main] DEBUG org.hibernate.persister.walking.spi.MetamodelGraphWalker - Visiting attribute path : shipping
17:17:35.681 [main] DEBUG org.hibernate.loader.plan.build.internal.spaces.QuerySpacesImpl - Adding QuerySpace : uid = &lt;gen:4&gt; -&gt; org.hibernate.loader.plan.build.internal.spaces.EntityQuerySpaceImpl@72ee5d84]
17:17:35.681 [main] DEBUG org.hibernate.persister.walking.spi.MetamodelGraphWalker - Visiting attribute path : user
17:17:35.682 [main] DEBUG org.hibernate.loader.plan.build.internal.spaces.QuerySpacesImpl - Adding QuerySpace : uid = &lt;gen:5&gt; -&gt; org.hibernate.loader.plan.build.internal.spaces.EntityQuerySpaceImpl@68c7ef83]
17:17:35.684 [main] DEBUG org.hibernate.loader.plan.build.internal.FetchStyleLoadPlanBuildingAssociationVisitationStrategy - Building LoadPlan...
17:17:35.685 [main] DEBUG org.hibernate.loader.plan.exec.internal.LoadQueryJoinAndFetchProcessor - processing queryspace &lt;gen:0&gt;
17:17:35.689 [main] DEBUG org.hibernate.loader.plan.build.spi.LoadPlanTreePrinter - LoadPlan(entity=com.shoppingbackend.model.OrderDetail)
    - Returns
       - EntityReturnImpl(entity=com.shoppingbackend.model.OrderDetail, querySpaceUid=&lt;gen:0&gt;, path=com.shoppingbackend.model.OrderDetail)
          - EntityAttributeFetchImpl(entity=com.shoppingbackend.model.Address, querySpaceUid=&lt;gen:1&gt;, path=com.shoppingbackend.model.OrderDetail.billing)
          - CollectionAttributeFetchImpl(collection=com.shoppingbackend.model.OrderDetail.orderItems, querySpaceUid=&lt;gen:2&gt;, path=com.shoppingbackend.model.OrderDetail.orderItems)
             - (collection element) CollectionFetchableElementEntityGraph(entity=com.shoppingbackend.model.OrderItem, querySpaceUid=&lt;gen:3&gt;, path=com.shoppingbackend.model.OrderDetail.orderItems.&lt;elements&gt;)
          - EntityAttributeFetchImpl(entity=com.shoppingbackend.model.Address, querySpaceUid=&lt;gen:4&gt;, path=com.shoppingbackend.model.OrderDetail.shipping)
          - EntityAttributeFetchImpl(entity=com.shoppingbackend.model.User, querySpaceUid=&lt;gen:5&gt;, path=com.shoppingbackend.model.OrderDetail.user)
    - QuerySpaces
       - EntityQuerySpaceImpl(uid=&lt;gen:0&gt;, entity=com.shoppingbackend.model.OrderDetail)
          - SQL table alias mapping - orderdetai0_
          - alias suffix - 0_
          - suffixed key columns - {id1_4_0_}

17:17:35.690 [main] DEBUG org.hibernate.loader.entity.plan.EntityLoader - Static select for entity com.shoppingbackend.model.OrderDetail [UPGRADE_NOWAIT]: select orderdetai0_.id as id1_4_0_, orderdetai0_.billing_id as billing_5_4_0_, orderdetai0_.order_count as order_co2_4_0_, orderdetai0_.order_date as order_da3_4_0_, orderdetai0_.order_total as order_to4_4_0_, orderdetai0_.shipping_id as shipping6_4_0_, orderdetai0_.user_id as user_id7_4_0_ from order_detail orderdetai0_ where orderdetai0_.id=? for update
17:17:35.691 [main] DEBUG org.hibernate.loader.plan.build.internal.spaces.QuerySpacesImpl - Adding QuerySpace : uid = &lt;gen:0&gt; -&gt; org.hibernate.loader.plan.build.internal.spaces.EntityQuerySpaceImpl@6145b81e]
17:17:35.691 [main] DEBUG org.hibernate.persister.walking.spi.MetamodelGraphWalker - Visiting attribute path : billing
17:17:35.691 [main] DEBUG org.hibernate.loader.plan.build.internal.spaces.QuerySpacesImpl - Adding QuerySpace : uid = &lt;gen:1&gt; -&gt; org.hibernate.loader.plan.build.internal.spaces.EntityQuerySpaceImpl@64b7225f]
17:17:35.691 [main] DEBUG org.hibernate.persister.walking.spi.MetamodelGraphWalker - Visiting attribute path : orderCount
17:17:35.691 [main] DEBUG org.hibernate.persister.walking.spi.MetamodelGraphWalker - Visiting attribute path : orderDate
17:17:35.691 [main] DEBUG org.hibernate.persister.walking.spi.MetamodelGraphWalker - Visiting attribute path : orderItems
17:17:35.691 [main] DEBUG org.hibernate.loader.plan.build.internal.spaces.QuerySpacesImpl - Adding QuerySpace : uid = &lt;gen:2&gt; -&gt; org.hibernate.loader.plan.build.internal.spaces.CollectionQuerySpaceImpl@33db72bd]
17:17:35.691 [main] DEBUG org.hibernate.loader.plan.build.internal.spaces.QuerySpacesImpl - Adding QuerySpace : uid = &lt;gen:3&gt; -&gt; org.hibernate.loader.plan.build.internal.spaces.EntityQuerySpaceImpl@7f92b990]
17:17:35.692 [main] DEBUG org.hibernate.persister.walking.spi.MetamodelGraphWalker - Visiting attribute path : orderTotal
17:17:35.692 [main] DEBUG org.hibernate.persister.walking.spi.MetamodelGraphWalker - Visiting attribute path : shipping
17:17:35.692 [main] DEBUG org.hibernate.loader.plan.build.internal.spaces.QuerySpacesImpl - Adding QuerySpace : uid = &lt;gen:4&gt; -&gt; org.hibernate.loader.plan.build.internal.spaces.EntityQuerySpaceImpl@31e04b13]
17:17:35.692 [main] DEBUG org.hibernate.persister.walking.spi.MetamodelGraphWalker - Visiting attribute path : user
17:17:35.692 [main] DEBUG org.hibernate.loader.plan.build.internal.spaces.QuerySpacesImpl - Adding QuerySpace : uid = &lt;gen:5&gt; -&gt; org.hibernate.loader.plan.build.internal.spaces.EntityQuerySpaceImpl@6c1832aa]
17:17:35.692 [main] DEBUG org.hibernate.loader.plan.build.internal.FetchStyleLoadPlanBuildingAssociationVisitationStrategy - Building LoadPlan...
17:17:35.693 [main] DEBUG org.hibernate.loader.plan.exec.internal.LoadQueryJoinAndFetchProcessor - processing queryspace &lt;gen:0&gt;
17:17:35.693 [main] DEBUG org.hibernate.loader.plan.build.spi.LoadPlanTreePrinter - LoadPlan(entity=com.shoppingbackend.model.OrderDetail)
    - Returns
       - EntityReturnImpl(entity=com.shoppingbackend.model.OrderDetail, querySpaceUid=&lt;gen:0&gt;, path=com.shoppingbackend.model.OrderDetail)
          - EntityAttributeFetchImpl(entity=com.shoppingbackend.model.Address, querySpaceUid=&lt;gen:1&gt;, path=com.shoppingbackend.model.OrderDetail.billing)
          - CollectionAttributeFetchImpl(collection=com.shoppingbackend.model.OrderDetail.orderItems, querySpaceUid=&lt;gen:2&gt;, path=com.shoppingbackend.model.OrderDetail.orderItems)
             - (collection element) CollectionFetchableElementEntityGraph(entity=com.shoppingbackend.model.OrderItem, querySpaceUid=&lt;gen:3&gt;, path=com.shoppingbackend.model.OrderDetail.orderItems.&lt;elements&gt;)
          - EntityAttributeFetchImpl(entity=com.shoppingbackend.model.Address, querySpaceUid=&lt;gen:4&gt;, path=com.shoppingbackend.model.OrderDetail.shipping)
          - EntityAttributeFetchImpl(entity=com.shoppingbackend.model.User, querySpaceUid=&lt;gen:5&gt;, path=com.shoppingbackend.model.OrderDetail.user)
    - QuerySpaces
       - EntityQuerySpaceImpl(uid=&lt;gen:0&gt;, entity=com.shoppingbackend.model.OrderDetail)
          - SQL table alias mapping - orderdetai0_
          - alias suffix - 0_
          - suffixed key columns - {id1_4_0_}

17:17:35.693 [main] DEBUG org.hibernate.loader.entity.plan.EntityLoader - Static select for entity com.shoppingbackend.model.OrderDetail [UPGRADE_SKIPLOCKED]: select orderdetai0_.id as id1_4_0_, orderdetai0_.billing_id as billing_5_4_0_, orderdetai0_.order_count as order_co2_4_0_, orderdetai0_.order_date as order_da3_4_0_, orderdetai0_.order_total as order_to4_4_0_, orderdetai0_.shipping_id as shipping6_4_0_, orderdetai0_.user_id as user_id7_4_0_ from order_detail orderdetai0_ where orderdetai0_.id=? for update
17:17:35.694 [main] DEBUG org.hibernate.loader.plan.build.internal.spaces.QuerySpacesImpl - Adding QuerySpace : uid = &lt;gen:0&gt; -&gt; org.hibernate.loader.plan.build.internal.spaces.EntityQuerySpaceImpl@4beeb0e]
17:17:35.694 [main] DEBUG org.hibernate.persister.walking.spi.MetamodelGraphWalker - Visiting attribute path : billing
17:17:35.694 [main] DEBUG org.hibernate.loader.plan.build.internal.spaces.QuerySpacesImpl - Adding QuerySpace : uid = &lt;gen:1&gt; -&gt; org.hibernate.loader.plan.build.internal.spaces.EntityQuerySpaceImpl@5d01ea21]
17:17:35.694 [main] DEBUG org.hibernate.persister.walking.spi.MetamodelGraphWalker - Visiting attribute path : orderCount
17:17:35.694 [main] DEBUG org.hibernate.persister.walking.spi.MetamodelGraphWalker - Visiting attribute path : orderDate
17:17:35.694 [main] DEBUG org.hibernate.persister.walking.spi.MetamodelGraphWalker - Visiting attribute path : orderItems
17:17:35.694 [main] DEBUG org.hibernate.loader.plan.build.internal.spaces.QuerySpacesImpl - Adding QuerySpace : uid = &lt;gen:2&gt; -&gt; org.hibernate.loader.plan.build.internal.spaces.CollectionQuerySpaceImpl@70211e49]
17:17:35.694 [main] DEBUG org.hibernate.loader.plan.build.internal.spaces.QuerySpacesImpl - Adding QuerySpace : uid = &lt;gen:3&gt; -&gt; org.hibernate.loader.plan.build.internal.spaces.EntityQuerySpaceImpl@3b46dd8]
17:17:35.694 [main] DEBUG org.hibernate.persister.walking.spi.MetamodelGraphWalker - Visiting attribute path : orderTotal
17:17:35.694 [main] DEBUG org.hibernate.persister.walking.spi.MetamodelGraphWalker - Visiting attribute path : shipping
17:17:35.694 [main] DEBUG org.hibernate.loader.plan.build.internal.spaces.QuerySpacesImpl - Adding QuerySpace : uid = &lt;gen:4&gt; -&gt; org.hibernate.loader.plan.build.internal.spaces.EntityQuerySpaceImpl@39651a82]
17:17:35.694 [main] DEBUG org.hibernate.persister.walking.spi.MetamodelGraphWalker - Visiting attribute path : user
17:17:35.694 [main] DEBUG org.hibernate.loader.plan.build.internal.spaces.QuerySpacesImpl - Adding QuerySpace : uid = &lt;gen:5&gt; -&gt; org.hibernate.loader.plan.build.internal.spaces.EntityQuerySpaceImpl@6be7bf6d]
17:17:35.694 [main] DEBUG org.hibernate.loader.plan.build.internal.FetchStyleLoadPlanBuildingAssociationVisitationStrategy - Building LoadPlan...
17:17:35.695 [main] DEBUG org.hibernate.loader.plan.exec.internal.LoadQueryJoinAndFetchProcessor - processing queryspace &lt;gen:0&gt;
17:17:35.695 [main] DEBUG org.hibernate.loader.plan.build.spi.LoadPlanTreePrinter - LoadPlan(entity=com.shoppingbackend.model.OrderDetail)
    - Returns
       - EntityReturnImpl(entity=com.shoppingbackend.model.OrderDetail, querySpaceUid=&lt;gen:0&gt;, path=com.shoppingbackend.model.OrderDetail)
          - EntityAttributeFetchImpl(entity=com.shoppingbackend.model.Address, querySpaceUid=&lt;gen:1&gt;, path=com.shoppingbackend.model.OrderDetail.billing)
          - CollectionAttributeFetchImpl(collection=com.shoppingbackend.model.OrderDetail.orderItems, querySpaceUid=&lt;gen:2&gt;, path=com.shoppingbackend.model.OrderDetail.orderItems)
             - (collection element) CollectionFetchableElementEntityGraph(entity=com.shoppingbackend.model.OrderItem, querySpaceUid=&lt;gen:3&gt;, path=com.shoppingbackend.model.OrderDetail.orderItems.&lt;elements&gt;)
          - EntityAttributeFetchImpl(entity=com.shoppingbackend.model.Address, querySpaceUid=&lt;gen:4&gt;, path=com.shoppingbackend.model.OrderDetail.shipping)
          - EntityAttributeFetchImpl(entity=com.shoppingbackend.model.User, querySpaceUid=&lt;gen:5&gt;, path=com.shoppingbackend.model.OrderDetail.user)
    - QuerySpaces
       - EntityQuerySpaceImpl(uid=&lt;gen:0&gt;, entity=com.shoppingbackend.model.OrderDetail)
          - SQL table alias mapping - orderdetai0_
          - alias suffix - 0_
          - suffixed key columns - {id1_4_0_}

17:17:35.695 [main] DEBUG org.hibernate.loader.entity.plan.EntityLoader - Static select for entity com.shoppingbackend.model.OrderDetail [FORCE]: select orderdetai0_.id as id1_4_0_, orderdetai0_.billing_id as billing_5_4_0_, orderdetai0_.order_count as order_co2_4_0_, orderdetai0_.order_date as order_da3_4_0_, orderdetai0_.order_total as order_to4_4_0_, orderdetai0_.shipping_id as shipping6_4_0_, orderdetai0_.user_id as user_id7_4_0_ from order_detail orderdetai0_ where orderdetai0_.id=? for update
17:17:35.695 [main] DEBUG org.hibernate.loader.plan.build.internal.spaces.QuerySpacesImpl - Adding QuerySpace : uid = &lt;gen:0&gt; -&gt; org.hibernate.loader.plan.build.internal.spaces.EntityQuerySpaceImpl@134c370e]
17:17:35.696 [main] DEBUG org.hibernate.persister.walking.spi.MetamodelGraphWalker - Visiting attribute path : billing
17:17:35.696 [main] DEBUG org.hibernate.loader.plan.build.internal.spaces.QuerySpacesImpl - Adding QuerySpace : uid = &lt;gen:1&gt; -&gt; org.hibernate.loader.plan.build.internal.spaces.EntityQuerySpaceImpl@2216effc]
17:17:35.696 [main] DEBUG org.hibernate.persister.walking.spi.MetamodelGraphWalker - Visiting attribute path : orderCount
17:17:35.696 [main] DEBUG org.hibernate.persister.walking.spi.MetamodelGraphWalker - Visiting attribute path : orderDate
17:17:35.696 [main] DEBUG org.hibernate.persister.walking.spi.MetamodelGraphWalker - Visiting attribute path : orderItems
17:17:35.696 [main] DEBUG org.hibernate.loader.plan.build.internal.spaces.QuerySpacesImpl - Adding QuerySpace : uid = &lt;gen:2&gt; -&gt; org.hibernate.loader.plan.build.internal.spaces.CollectionQuerySpaceImpl@745c2004]
17:17:35.696 [main] DEBUG org.hibernate.loader.plan.build.internal.spaces.QuerySpacesImpl - Adding QuerySpace : uid = &lt;gen:3&gt; -&gt; org.hibernate.loader.plan.build.internal.spaces.EntityQuerySpaceImpl@6da9dc6]
17:17:35.696 [main] DEBUG org.hibernate.persister.walking.spi.MetamodelGraphWalker - Visiting attribute path : orderTotal
17:17:35.696 [main] DEBUG org.hibernate.persister.walking.spi.MetamodelGraphWalker - Visiting attribute path : shipping
17:17:35.696 [main] DEBUG org.hibernate.loader.plan.build.internal.spaces.QuerySpacesImpl - Adding QuerySpace : uid = &lt;gen:4&gt; -&gt; org.hibernate.loader.plan.build.internal.spaces.EntityQuerySpaceImpl@7fd69dd]
17:17:35.696 [main] DEBUG org.hibernate.persister.walking.spi.MetamodelGraphWalker - Visiting attribute path : user
17:17:35.697 [main] DEBUG org.hibernate.loader.plan.build.internal.spaces.QuerySpacesImpl - Adding QuerySpace : uid = &lt;gen:5&gt; -&gt; org.hibernate.loader.plan.build.internal.spaces.EntityQuerySpaceImpl@12010fd1]
17:17:35.697 [main] DEBUG org.hibernate.loader.plan.build.internal.FetchStyleLoadPlanBuildingAssociationVisitationStrategy - Building LoadPlan...
17:17:35.697 [main] DEBUG org.hibernate.loader.plan.exec.internal.LoadQueryJoinAndFetchProcessor - processing queryspace &lt;gen:0&gt;
17:17:35.697 [main] DEBUG org.hibernate.loader.plan.build.spi.LoadPlanTreePrinter - LoadPlan(entity=com.shoppingbackend.model.OrderDetail)
    - Returns
       - EntityReturnImpl(entity=com.shoppingbackend.model.OrderDetail, querySpaceUid=&lt;gen:0&gt;, path=com.shoppingbackend.model.OrderDetail)
          - EntityAttributeFetchImpl(entity=com.shoppingbackend.model.Address, querySpaceUid=&lt;gen:1&gt;, path=com.shoppingbackend.model.OrderDetail.billing)
          - CollectionAttributeFetchImpl(collection=com.shoppingbackend.model.OrderDetail.orderItems, querySpaceUid=&lt;gen:2&gt;, path=com.shoppingbackend.model.OrderDetail.orderItems)
             - (collection element) CollectionFetchableElementEntityGraph(entity=com.shoppingbackend.model.OrderItem, querySpaceUid=&lt;gen:3&gt;, path=com.shoppingbackend.model.OrderDetail.orderItems.&lt;elements&gt;)
          - EntityAttributeFetchImpl(entity=com.shoppingbackend.model.Address, querySpaceUid=&lt;gen:4&gt;, path=com.shoppingbackend.model.OrderDetail.shipping)
          - EntityAttributeFetchImpl(entity=com.shoppingbackend.model.User, querySpaceUid=&lt;gen:5&gt;, path=com.shoppingbackend.model.OrderDetail.user)
    - QuerySpaces
       - EntityQuerySpaceImpl(uid=&lt;gen:0&gt;, entity=com.shoppingbackend.model.OrderDetail)
          - SQL table alias mapping - orderdetai0_
          - alias suffix - 0_
          - suffixed key columns - {id1_4_0_}

17:17:35.698 [main] DEBUG org.hibernate.loader.entity.plan.EntityLoader - Static select for entity com.shoppingbackend.model.OrderDetail [PESSIMISTIC_READ]: select orderdetai0_.id as id1_4_0_, orderdetai0_.billing_id as billing_5_4_0_, orderdetai0_.order_count as order_co2_4_0_, orderdetai0_.order_date as order_da3_4_0_, orderdetai0_.order_total as order_to4_4_0_, orderdetai0_.shipping_id as shipping6_4_0_, orderdetai0_.user_id as user_id7_4_0_ from order_detail orderdetai0_ where orderdetai0_.id=? for update
17:17:35.698 [main] DEBUG org.hibernate.loader.plan.build.internal.spaces.QuerySpacesImpl - Adding QuerySpace : uid = &lt;gen:0&gt; -&gt; org.hibernate.loader.plan.build.internal.spaces.EntityQuerySpaceImpl@7c84195]
17:17:35.698 [main] DEBUG org.hibernate.persister.walking.spi.MetamodelGraphWalker - Visiting attribute path : billing
17:17:35.698 [main] DEBUG org.hibernate.loader.plan.build.internal.spaces.QuerySpacesImpl - Adding QuerySpace : uid = &lt;gen:1&gt; -&gt; org.hibernate.loader.plan.build.internal.spaces.EntityQuerySpaceImpl@3971f0fe]
17:17:35.699 [main] DEBUG org.hibernate.persister.walking.spi.MetamodelGraphWalker - Visiting attribute path : orderCount
17:17:35.699 [main] DEBUG org.hibernate.persister.walking.spi.MetamodelGraphWalker - Visiting attribute path : orderDate
17:17:35.699 [main] DEBUG org.hibernate.persister.walking.spi.MetamodelGraphWalker - Visiting attribute path : orderItems
17:17:35.699 [main] DEBUG org.hibernate.loader.plan.build.internal.spaces.QuerySpacesImpl - Adding QuerySpace : uid = &lt;gen:2&gt; -&gt; org.hibernate.loader.plan.build.internal.spaces.CollectionQuerySpaceImpl@23940f86]
17:17:35.699 [main] DEBUG org.hibernate.loader.plan.build.internal.spaces.QuerySpacesImpl - Adding QuerySpace : uid = &lt;gen:3&gt; -&gt; org.hibernate.loader.plan.build.internal.spaces.EntityQuerySpaceImpl@66153688]
17:17:35.699 [main] DEBUG org.hibernate.persister.walking.spi.MetamodelGraphWalker - Visiting attribute path : orderTotal
17:17:35.700 [main] DEBUG org.hibernate.persister.walking.spi.MetamodelGraphWalker - Visiting attribute path : shipping
17:17:35.700 [main] DEBUG org.hibernate.loader.plan.build.internal.spaces.QuerySpacesImpl - Adding QuerySpace : uid = &lt;gen:4&gt; -&gt; org.hibernate.loader.plan.build.internal.spaces.EntityQuerySpaceImpl@455824ad]
17:17:35.700 [main] DEBUG org.hibernate.persister.walking.spi.MetamodelGraphWalker - Visiting attribute path : user
17:17:35.701 [main] DEBUG org.hibernate.loader.plan.build.internal.spaces.QuerySpacesImpl - Adding QuerySpace : uid = &lt;gen:5&gt; -&gt; org.hibernate.loader.plan.build.internal.spaces.EntityQuerySpaceImpl@7318daf8]
17:17:35.703 [main] DEBUG org.hibernate.loader.plan.build.internal.FetchStyleLoadPlanBuildingAssociationVisitationStrategy - Building LoadPlan...
17:17:35.704 [main] DEBUG org.hibernate.loader.plan.exec.internal.LoadQueryJoinAndFetchProcessor - processing queryspace &lt;gen:0&gt;
17:17:35.704 [main] DEBUG org.hibernate.loader.plan.build.spi.LoadPlanTreePrinter - LoadPlan(entity=com.shoppingbackend.model.OrderDetail)
    - Returns
       - EntityReturnImpl(entity=com.shoppingbackend.model.OrderDetail, querySpaceUid=&lt;gen:0&gt;, path=com.shoppingbackend.model.OrderDetail)
          - EntityAttributeFetchImpl(entity=com.shoppingbackend.model.Address, querySpaceUid=&lt;gen:1&gt;, path=com.shoppingbackend.model.OrderDetail.billing)
          - CollectionAttributeFetchImpl(collection=com.shoppingbackend.model.OrderDetail.orderItems, querySpaceUid=&lt;gen:2&gt;, path=com.shoppingbackend.model.OrderDetail.orderItems)
             - (collection element) CollectionFetchableElementEntityGraph(entity=com.shoppingbackend.model.OrderItem, querySpaceUid=&lt;gen:3&gt;, path=com.shoppingbackend.model.OrderDetail.orderItems.&lt;elements&gt;)
          - EntityAttributeFetchImpl(entity=com.shoppingbackend.model.Address, querySpaceUid=&lt;gen:4&gt;, path=com.shoppingbackend.model.OrderDetail.shipping)
          - EntityAttributeFetchImpl(entity=com.shoppingbackend.model.User, querySpaceUid=&lt;gen:5&gt;, path=com.shoppingbackend.model.OrderDetail.user)
    - QuerySpaces
       - EntityQuerySpaceImpl(uid=&lt;gen:0&gt;, entity=com.shoppingbackend.model.OrderDetail)
          - SQL table alias mapping - orderdetai0_
          - alias suffix - 0_
          - suffixed key columns - {id1_4_0_}

17:17:35.705 [main] DEBUG org.hibernate.loader.entity.plan.EntityLoader - Static select for entity com.shoppingbackend.model.OrderDetail [PESSIMISTIC_WRITE]: select orderdetai0_.id as id1_4_0_, orderdetai0_.billing_id as billing_5_4_0_, orderdetai0_.order_count as order_co2_4_0_, orderdetai0_.order_date as order_da3_4_0_, orderdetai0_.order_total as order_to4_4_0_, orderdetai0_.shipping_id as shipping6_4_0_, orderdetai0_.user_id as user_id7_4_0_ from order_detail orderdetai0_ where orderdetai0_.id=? for update
17:17:35.705 [main] DEBUG org.hibernate.loader.plan.build.internal.spaces.QuerySpacesImpl - Adding QuerySpace : uid = &lt;gen:0&gt; -&gt; org.hibernate.loader.plan.build.internal.spaces.EntityQuerySpaceImpl@70f31322]
17:17:35.705 [main] DEBUG org.hibernate.persister.walking.spi.MetamodelGraphWalker - Visiting attribute path : billing
17:17:35.705 [main] DEBUG org.hibernate.loader.plan.build.internal.spaces.QuerySpacesImpl - Adding QuerySpace : uid = &lt;gen:1&gt; -&gt; org.hibernate.loader.plan.build.internal.spaces.EntityQuerySpaceImpl@3be4fcc0]
17:17:35.706 [main] DEBUG org.hibernate.persister.walking.spi.MetamodelGraphWalker - Visiting attribute path : orderCount
17:17:35.706 [main] DEBUG org.hibernate.persister.walking.spi.MetamodelGraphWalker - Visiting attribute path : orderDate
17:17:35.706 [main] DEBUG org.hibernate.persister.walking.spi.MetamodelGraphWalker - Visiting attribute path : orderItems
17:17:35.706 [main] DEBUG org.hibernate.loader.plan.build.internal.spaces.QuerySpacesImpl - Adding QuerySpace : uid = &lt;gen:2&gt; -&gt; org.hibernate.loader.plan.build.internal.spaces.CollectionQuerySpaceImpl@e1e2e5e]
17:17:35.706 [main] DEBUG org.hibernate.loader.plan.build.internal.spaces.QuerySpacesImpl - Adding QuerySpace : uid = &lt;gen:3&gt; -&gt; org.hibernate.loader.plan.build.internal.spaces.EntityQuerySpaceImpl@661c46bc]
17:17:35.706 [main] DEBUG org.hibernate.persister.walking.spi.MetamodelGraphWalker - Visiting attribute path : orderTotal
17:17:35.706 [main] DEBUG org.hibernate.persister.walking.spi.MetamodelGraphWalker - Visiting attribute path : shipping
17:17:35.707 [main] DEBUG org.hibernate.loader.plan.build.internal.spaces.QuerySpacesImpl - Adding QuerySpace : uid = &lt;gen:4&gt; -&gt; org.hibernate.loader.plan.build.internal.spaces.EntityQuerySpaceImpl@37864b77]
17:17:35.707 [main] DEBUG org.hibernate.persister.walking.spi.MetamodelGraphWalker - Visiting attribute path : user
17:17:35.707 [main] DEBUG org.hibernate.loader.plan.build.internal.spaces.QuerySpacesImpl - Adding QuerySpace : uid = &lt;gen:5&gt; -&gt; org.hibernate.loader.plan.build.internal.spaces.EntityQuerySpaceImpl@2b98b3bb]
17:17:35.707 [main] DEBUG org.hibernate.loader.plan.build.internal.FetchStyleLoadPlanBuildingAssociationVisitationStrategy - Building LoadPlan...
17:17:35.707 [main] DEBUG org.hibernate.loader.plan.exec.internal.LoadQueryJoinAndFetchProcessor - processing queryspace &lt;gen:0&gt;
17:17:35.709 [main] DEBUG org.hibernate.loader.plan.build.spi.LoadPlanTreePrinter - LoadPlan(entity=com.shoppingbackend.model.OrderDetail)
    - Returns
       - EntityReturnImpl(entity=com.shoppingbackend.model.OrderDetail, querySpaceUid=&lt;gen:0&gt;, path=com.shoppingbackend.model.OrderDetail)
          - EntityAttributeFetchImpl(entity=com.shoppingbackend.model.Address, querySpaceUid=&lt;gen:1&gt;, path=com.shoppingbackend.model.OrderDetail.billing)
          - CollectionAttributeFetchImpl(collection=com.shoppingbackend.model.OrderDetail.orderItems, querySpaceUid=&lt;gen:2&gt;, path=com.shoppingbackend.model.OrderDetail.orderItems)
             - (collection element) CollectionFetchableElementEntityGraph(entity=com.shoppingbackend.model.OrderItem, querySpaceUid=&lt;gen:3&gt;, path=com.shoppingbackend.model.OrderDetail.orderItems.&lt;elements&gt;)
          - EntityAttributeFetchImpl(entity=com.shoppingbackend.model.Address, querySpaceUid=&lt;gen:4&gt;, path=com.shoppingbackend.model.OrderDetail.shipping)
          - EntityAttributeFetchImpl(entity=com.shoppingbackend.model.User, querySpaceUid=&lt;gen:5&gt;, path=com.shoppingbackend.model.OrderDetail.user)
    - QuerySpaces
       - EntityQuerySpaceImpl(uid=&lt;gen:0&gt;, entity=com.shoppingbackend.model.OrderDetail)
          - SQL table alias mapping - orderdetai0_
          - alias suffix - 0_
          - suffixed key columns - {id1_4_0_}

17:17:35.709 [main] DEBUG org.hibernate.loader.entity.plan.EntityLoader - Static select for entity com.shoppingbackend.model.OrderDetail [PESSIMISTIC_FORCE_INCREMENT]: select orderdetai0_.id as id1_4_0_, orderdetai0_.billing_id as billing_5_4_0_, orderdetai0_.order_count as order_co2_4_0_, orderdetai0_.order_date as order_da3_4_0_, orderdetai0_.order_total as order_to4_4_0_, orderdetai0_.shipping_id as shipping6_4_0_, orderdetai0_.user_id as user_id7_4_0_ from order_detail orderdetai0_ where orderdetai0_.id=? for update
17:17:35.710 [main] DEBUG org.hibernate.loader.plan.build.internal.spaces.QuerySpacesImpl - Adding QuerySpace : uid = &lt;gen:0&gt; -&gt; org.hibernate.loader.plan.build.internal.spaces.EntityQuerySpaceImpl@540b0448]
17:17:35.710 [main] DEBUG org.hibernate.persister.walking.spi.MetamodelGraphWalker - Visiting attribute path : billing
17:17:35.710 [main] DEBUG org.hibernate.loader.plan.build.internal.spaces.QuerySpacesImpl - Adding QuerySpace : uid = &lt;gen:1&gt; -&gt; org.hibernate.loader.plan.build.internal.spaces.EntityQuerySpaceImpl@557eb543]
17:17:35.710 [main] DEBUG org.hibernate.persister.walking.spi.MetamodelGraphWalker - Visiting attribute path : orderCount
17:17:35.710 [main] DEBUG org.hibernate.persister.walking.spi.MetamodelGraphWalker - Visiting attribute path : orderDate
17:17:35.710 [main] DEBUG org.hibernate.persister.walking.spi.MetamodelGraphWalker - Visiting attribute path : orderItems
17:17:35.710 [main] DEBUG org.hibernate.loader.plan.build.internal.spaces.QuerySpacesImpl - Adding QuerySpace : uid = &lt;gen:2&gt; -&gt; org.hibernate.loader.plan.build.internal.spaces.CollectionQuerySpaceImpl@3b95d13c]
17:17:35.710 [main] DEBUG org.hibernate.loader.plan.build.internal.spaces.QuerySpacesImpl - Adding QuerySpace : uid = &lt;gen:3&gt; -&gt; org.hibernate.loader.plan.build.internal.spaces.EntityQuerySpaceImpl@3730ab42]
17:17:35.710 [main] DEBUG org.hibernate.persister.walking.spi.MetamodelGraphWalker - Visiting attribute path : orderTotal
17:17:35.710 [main] DEBUG org.hibernate.persister.walking.spi.MetamodelGraphWalker - Visiting attribute path : shipping
17:17:35.711 [main] DEBUG org.hibernate.loader.plan.build.internal.spaces.QuerySpacesImpl - Adding QuerySpace : uid = &lt;gen:4&gt; -&gt; org.hibernate.loader.plan.build.internal.spaces.EntityQuerySpaceImpl@537c8c7e]
17:17:35.711 [main] DEBUG org.hibernate.persister.walking.spi.MetamodelGraphWalker - Visiting attribute path : user
17:17:35.711 [main] DEBUG org.hibernate.loader.plan.build.internal.spaces.QuerySpacesImpl - Adding QuerySpace : uid = &lt;gen:5&gt; -&gt; org.hibernate.loader.plan.build.internal.spaces.EntityQuerySpaceImpl@7308ffff]
17:17:35.711 [main] DEBUG org.hibernate.loader.plan.build.internal.FetchStyleLoadPlanBuildingAssociationVisitationStrategy - Building LoadPlan...
17:17:35.711 [main] DEBUG org.hibernate.loader.plan.exec.internal.LoadQueryJoinAndFetchProcessor - processing queryspace &lt;gen:0&gt;
17:17:35.712 [main] DEBUG org.hibernate.loader.plan.build.spi.LoadPlanTreePrinter - LoadPlan(entity=com.shoppingbackend.model.OrderDetail)
    - Returns
       - EntityReturnImpl(entity=com.shoppingbackend.model.OrderDetail, querySpaceUid=&lt;gen:0&gt;, path=com.shoppingbackend.model.OrderDetail)
          - EntityAttributeFetchImpl(entity=com.shoppingbackend.model.Address, querySpaceUid=&lt;gen:1&gt;, path=com.shoppingbackend.model.OrderDetail.billing)
          - CollectionAttributeFetchImpl(collection=com.shoppingbackend.model.OrderDetail.orderItems, querySpaceUid=&lt;gen:2&gt;, path=com.shoppingbackend.model.OrderDetail.orderItems)
             - (collection element) CollectionFetchableElementEntityGraph(entity=com.shoppingbackend.model.OrderItem, querySpaceUid=&lt;gen:3&gt;, path=com.shoppingbackend.model.OrderDetail.orderItems.&lt;elements&gt;)
          - EntityAttributeFetchImpl(entity=com.shoppingbackend.model.Address, querySpaceUid=&lt;gen:4&gt;, path=com.shoppingbackend.model.OrderDetail.shipping)
          - EntityAttributeFetchImpl(entity=com.shoppingbackend.model.User, querySpaceUid=&lt;gen:5&gt;, path=com.shoppingbackend.model.OrderDetail.user)
    - QuerySpaces
       - EntityQuerySpaceImpl(uid=&lt;gen:0&gt;, entity=com.shoppingbackend.model.OrderDetail)
          - SQL table alias mapping - orderdetai0_
          - alias suffix - 0_
          - suffixed key columns - {id1_4_0_}

17:17:35.712 [main] DEBUG org.hibernate.loader.entity.plan.EntityLoader - Static select for entity com.shoppingbackend.model.OrderDetail [OPTIMISTIC]: select orderdetai0_.id as id1_4_0_, orderdetai0_.billing_id as billing_5_4_0_, orderdetai0_.order_count as order_co2_4_0_, orderdetai0_.order_date as order_da3_4_0_, orderdetai0_.order_total as order_to4_4_0_, orderdetai0_.shipping_id as shipping6_4_0_, orderdetai0_.user_id as user_id7_4_0_ from order_detail orderdetai0_ where orderdetai0_.id=?
17:17:35.712 [main] DEBUG org.hibernate.loader.plan.build.internal.spaces.QuerySpacesImpl - Adding QuerySpace : uid = &lt;gen:0&gt; -&gt; org.hibernate.loader.plan.build.internal.spaces.EntityQuerySpaceImpl@6601cc93]
17:17:35.713 [main] DEBUG org.hibernate.persister.walking.spi.MetamodelGraphWalker - Visiting attribute path : billing
17:17:35.713 [main] DEBUG org.hibernate.loader.plan.build.internal.spaces.QuerySpacesImpl - Adding QuerySpace : uid = &lt;gen:1&gt; -&gt; org.hibernate.loader.plan.build.internal.spaces.EntityQuerySpaceImpl@63716833]
17:17:35.713 [main] DEBUG org.hibernate.persister.walking.spi.MetamodelGraphWalker - Visiting attribute path : orderCount
17:17:35.713 [main] DEBUG org.hibernate.persister.walking.spi.MetamodelGraphWalker - Visiting attribute path : orderDate
17:17:35.713 [main] DEBUG org.hibernate.persister.walking.spi.MetamodelGraphWalker - Visiting attribute path : orderItems
17:17:35.713 [main] DEBUG org.hibernate.loader.plan.build.internal.spaces.QuerySpacesImpl - Adding QuerySpace : uid = &lt;gen:2&gt; -&gt; org.hibernate.loader.plan.build.internal.spaces.CollectionQuerySpaceImpl@573284a5]
17:17:35.714 [main] DEBUG org.hibernate.loader.plan.build.internal.spaces.QuerySpacesImpl - Adding QuerySpace : uid = &lt;gen:3&gt; -&gt; org.hibernate.loader.plan.build.internal.spaces.EntityQuerySpaceImpl@3fbfbf84]
17:17:35.714 [main] DEBUG org.hibernate.persister.walking.spi.MetamodelGraphWalker - Visiting attribute path : orderTotal
17:17:35.714 [main] DEBUG org.hibernate.persister.walking.spi.MetamodelGraphWalker - Visiting attribute path : shipping
17:17:35.714 [main] DEBUG org.hibernate.loader.plan.build.internal.spaces.QuerySpacesImpl - Adding QuerySpace : uid = &lt;gen:4&gt; -&gt; org.hibernate.loader.plan.build.internal.spaces.EntityQuerySpaceImpl@23f72d88]
17:17:35.714 [main] DEBUG org.hibernate.persister.walking.spi.MetamodelGraphWalker - Visiting attribute path : user
17:17:35.714 [main] DEBUG org.hibernate.loader.plan.build.internal.spaces.QuerySpacesImpl - Adding QuerySpace : uid = &lt;gen:5&gt; -&gt; org.hibernate.loader.plan.build.internal.spaces.EntityQuerySpaceImpl@4bafe935]
17:17:35.714 [main] DEBUG org.hibernate.loader.plan.build.internal.FetchStyleLoadPlanBuildingAssociationVisitationStrategy - Building LoadPlan...
17:17:35.715 [main] DEBUG org.hibernate.loader.plan.exec.internal.LoadQueryJoinAndFetchProcessor - processing queryspace &lt;gen:0&gt;
17:17:35.716 [main] DEBUG org.hibernate.loader.plan.build.spi.LoadPlanTreePrinter - LoadPlan(entity=com.shoppingbackend.model.OrderDetail)
    - Returns
       - EntityReturnImpl(entity=com.shoppingbackend.model.OrderDetail, querySpaceUid=&lt;gen:0&gt;, path=com.shoppingbackend.model.OrderDetail)
          - EntityAttributeFetchImpl(entity=com.shoppingbackend.model.Address, querySpaceUid=&lt;gen:1&gt;, path=com.shoppingbackend.model.OrderDetail.billing)
          - CollectionAttributeFetchImpl(collection=com.shoppingbackend.model.OrderDetail.orderItems, querySpaceUid=&lt;gen:2&gt;, path=com.shoppingbackend.model.OrderDetail.orderItems)
             - (collection element) CollectionFetchableElementEntityGraph(entity=com.shoppingbackend.model.OrderItem, querySpaceUid=&lt;gen:3&gt;, path=com.shoppingbackend.model.OrderDetail.orderItems.&lt;elements&gt;)
          - EntityAttributeFetchImpl(entity=com.shoppingbackend.model.Address, querySpaceUid=&lt;gen:4&gt;, path=com.shoppingbackend.model.OrderDetail.shipping)
          - EntityAttributeFetchImpl(entity=com.shoppingbackend.model.User, querySpaceUid=&lt;gen:5&gt;, path=com.shoppingbackend.model.OrderDetail.user)
    - QuerySpaces
       - EntityQuerySpaceImpl(uid=&lt;gen:0&gt;, entity=com.shoppingbackend.model.OrderDetail)
          - SQL table alias mapping - orderdetai0_
          - alias suffix - 0_
          - suffixed key columns - {id1_4_0_}

17:17:35.716 [main] DEBUG org.hibernate.loader.entity.plan.EntityLoader - Static select for entity com.shoppingbackend.model.OrderDetail [OPTIMISTIC_FORCE_INCREMENT]: select orderdetai0_.id as id1_4_0_, orderdetai0_.billing_id as billing_5_4_0_, orderdetai0_.order_count as order_co2_4_0_, orderdetai0_.order_date as order_da3_4_0_, orderdetai0_.order_total as order_to4_4_0_, orderdetai0_.shipping_id as shipping6_4_0_, orderdetai0_.user_id as user_id7_4_0_ from order_detail orderdetai0_ where orderdetai0_.id=?
17:17:35.717 [main] DEBUG org.hibernate.loader.Loader - Static select for action ACTION_MERGE on entity com.shoppingbackend.model.OrderDetail: select orderdetai0_.id as id1_4_1_, orderdetai0_.billing_id as billing_5_4_1_, orderdetai0_.order_count as order_co2_4_1_, orderdetai0_.order_date as order_da3_4_1_, orderdetai0_.order_total as order_to4_4_1_, orderdetai0_.shipping_id as shipping6_4_1_, orderdetai0_.user_id as user_id7_4_1_, orderitems1_.order_id as order_id5_5_3_, orderitems1_.id as id1_5_3_, orderitems1_.id as id1_5_0_, orderitems1_.buying_price as buying_p2_5_0_, orderitems1_.order_id as order_id5_5_0_, orderitems1_.product_id as product_6_5_0_, orderitems1_.product_count as product_3_5_0_, orderitems1_.total as total4_5_0_ from order_detail orderdetai0_ left outer join order_item orderitems1_ on orderdetai0_.id=orderitems1_.order_id where orderdetai0_.id=?
17:17:35.718 [main] DEBUG org.hibernate.loader.Loader - Static select for action ACTION_REFRESH on entity com.shoppingbackend.model.OrderDetail: select orderdetai0_.id as id1_4_1_, orderdetai0_.billing_id as billing_5_4_1_, orderdetai0_.order_count as order_co2_4_1_, orderdetai0_.order_date as order_da3_4_1_, orderdetai0_.order_total as order_to4_4_1_, orderdetai0_.shipping_id as shipping6_4_1_, orderdetai0_.user_id as user_id7_4_1_, orderitems1_.order_id as order_id5_5_3_, orderitems1_.id as id1_5_3_, orderitems1_.id as id1_5_0_, orderitems1_.buying_price as buying_p2_5_0_, orderitems1_.order_id as order_id5_5_0_, orderitems1_.product_id as product_6_5_0_, orderitems1_.product_count as product_3_5_0_, orderitems1_.total as total4_5_0_ from order_detail orderdetai0_ left outer join order_item orderitems1_ on orderdetai0_.id=orderitems1_.order_id where orderdetai0_.id=?
17:17:35.721 [main] DEBUG org.hibernate.persister.entity.AbstractEntityPersister - Static SQL for entity: com.shoppingbackend.model.CartLine
17:17:35.722 [main] DEBUG org.hibernate.persister.entity.AbstractEntityPersister -  Version select: select id from cart_line where id =?
17:17:35.722 [main] DEBUG org.hibernate.persister.entity.AbstractEntityPersister -  Snapshot select: select cartline_.id, cartline_.is_available as is_avail2_2_, cartline_.buying_price as buying_p3_2_, cartline_.cart_id as cart_id4_2_, cartline_.product_id as product_7_2_, cartline_.product_count as product_5_2_, cartline_.total as total6_2_ from cart_line cartline_ where cartline_.id=?
17:17:35.722 [main] DEBUG org.hibernate.persister.entity.AbstractEntityPersister -  Insert 0: insert into cart_line (is_available, buying_price, cart_id, product_id, product_count, total, id) values (?, ?, ?, ?, ?, ?, ?)
17:17:35.722 [main] DEBUG org.hibernate.persister.entity.AbstractEntityPersister -  Update 0: update cart_line set is_available=?, buying_price=?, cart_id=?, product_id=?, product_count=?, total=? where id=?
17:17:35.722 [main] DEBUG org.hibernate.persister.entity.AbstractEntityPersister -  Delete 0: delete from cart_line where id=?
17:17:35.722 [main] DEBUG org.hibernate.persister.entity.AbstractEntityPersister -  Identity insert: insert into cart_line (id, is_available, buying_price, cart_id, product_id, product_count, total) values (null, ?, ?, ?, ?, ?, ?)
17:17:35.726 [main] DEBUG org.hibernate.loader.plan.build.internal.spaces.QuerySpacesImpl - Adding QuerySpace : uid = &lt;gen:0&gt; -&gt; org.hibernate.loader.plan.build.internal.spaces.EntityQuerySpaceImpl@87b5b49]
17:17:35.728 [main] DEBUG org.hibernate.persister.walking.spi.MetamodelGraphWalker - Visiting attribute path : available
17:17:35.728 [main] DEBUG org.hibernate.persister.walking.spi.MetamodelGraphWalker - Visiting attribute path : buyingPrice
17:17:35.728 [main] DEBUG org.hibernate.persister.walking.spi.MetamodelGraphWalker - Visiting attribute path : cartId
17:17:35.728 [main] DEBUG org.hibernate.persister.walking.spi.MetamodelGraphWalker - Visiting attribute path : product
17:17:35.729 [main] DEBUG org.hibernate.loader.plan.build.internal.spaces.QuerySpacesImpl - Adding QuerySpace : uid = &lt;gen:1&gt; -&gt; org.hibernate.loader.plan.build.internal.spaces.EntityQuerySpaceImpl@507b79f7]
17:17:35.729 [main] DEBUG org.hibernate.persister.walking.spi.MetamodelGraphWalker - Visiting attribute path : product.active
17:17:35.729 [main] DEBUG org.hibernate.persister.walking.spi.MetamodelGraphWalker - Visiting attribute path : product.brand
17:17:35.729 [main] DEBUG org.hibernate.persister.walking.spi.MetamodelGraphWalker - Visiting attribute path : product.categoryId
17:17:35.730 [main] DEBUG org.hibernate.persister.walking.spi.MetamodelGraphWalker - Visiting attribute path : product.code
17:17:35.730 [main] DEBUG org.hibernate.persister.walking.spi.MetamodelGraphWalker - Visiting attribute path : product.description
17:17:35.730 [main] DEBUG org.hibernate.persister.walking.spi.MetamodelGraphWalker - Visiting attribute path : product.name
17:17:35.730 [main] DEBUG org.hibernate.persister.walking.spi.MetamodelGraphWalker - Visiting attribute path : product.purchases
17:17:35.730 [main] DEBUG org.hibernate.persister.walking.spi.MetamodelGraphWalker - Visiting attribute path : product.quantity
17:17:35.731 [main] DEBUG org.hibernate.persister.walking.spi.MetamodelGraphWalker - Visiting attribute path : product.supplierId
17:17:35.731 [main] DEBUG org.hibernate.persister.walking.spi.MetamodelGraphWalker - Visiting attribute path : product.unitPrice
17:17:35.731 [main] DEBUG org.hibernate.persister.walking.spi.MetamodelGraphWalker - Visiting attribute path : product.views
17:17:35.731 [main] DEBUG org.hibernate.persister.walking.spi.MetamodelGraphWalker - Visiting attribute path : productCount
17:17:35.731 [main] DEBUG org.hibernate.persister.walking.spi.MetamodelGraphWalker - Visiting attribute path : total
17:17:35.732 [main] DEBUG org.hibernate.loader.plan.build.internal.FetchStyleLoadPlanBuildingAssociationVisitationStrategy - Building LoadPlan...
17:17:35.732 [main] DEBUG org.hibernate.loader.plan.exec.internal.LoadQueryJoinAndFetchProcessor - processing queryspace &lt;gen:0&gt;
17:17:35.734 [main] DEBUG org.hibernate.loader.plan.build.spi.LoadPlanTreePrinter - LoadPlan(entity=com.shoppingbackend.model.CartLine)
    - Returns
       - EntityReturnImpl(entity=com.shoppingbackend.model.CartLine, querySpaceUid=&lt;gen:0&gt;, path=com.shoppingbackend.model.CartLine)
          - EntityAttributeFetchImpl(entity=com.shoppingbackend.model.Product, querySpaceUid=&lt;gen:1&gt;, path=com.shoppingbackend.model.CartLine.product)
    - QuerySpaces
       - EntityQuerySpaceImpl(uid=&lt;gen:0&gt;, entity=com.shoppingbackend.model.CartLine)
          - SQL table alias mapping - cartline0_
          - alias suffix - 0_
          - suffixed key columns - {id1_2_0_}
          - JOIN (JoinDefinedByMetadata(product)) : &lt;gen:0&gt; -&gt; &lt;gen:1&gt;
             - EntityQuerySpaceImpl(uid=&lt;gen:1&gt;, entity=com.shoppingbackend.model.Product)
                - SQL table alias mapping - product1_
                - alias suffix - 1_
                - suffixed key columns - {id1_6_1_}

17:17:35.735 [main] DEBUG org.hibernate.loader.entity.plan.EntityLoader - Static select for entity com.shoppingbackend.model.CartLine [NONE]: select cartline0_.id as id1_2_0_, cartline0_.is_available as is_avail2_2_0_, cartline0_.buying_price as buying_p3_2_0_, cartline0_.cart_id as cart_id4_2_0_, cartline0_.product_id as product_7_2_0_, cartline0_.product_count as product_5_2_0_, cartline0_.total as total6_2_0_, product1_.id as id1_6_1_, product1_.is_active as is_activ2_6_1_, product1_.brand as brand3_6_1_, product1_.category_id as category4_6_1_, product1_.code as code5_6_1_, product1_.description as descript6_6_1_, product1_.name as name7_6_1_, product1_.purchases as purchase8_6_1_, product1_.quantity as quantity9_6_1_, product1_.supplier_id as supplie10_6_1_, product1_.unit_price as unit_pr11_6_1_, product1_.views as views12_6_1_ from cart_line cartline0_ left outer join Product product1_ on cartline0_.product_id=product1_.id where cartline0_.id=?
17:17:35.735 [main] DEBUG org.hibernate.loader.plan.build.internal.spaces.QuerySpacesImpl - Adding QuerySpace : uid = &lt;gen:0&gt; -&gt; org.hibernate.loader.plan.build.internal.spaces.EntityQuerySpaceImpl@365a6a43]
17:17:35.735 [main] DEBUG org.hibernate.persister.walking.spi.MetamodelGraphWalker - Visiting attribute path : available
17:17:35.736 [main] DEBUG org.hibernate.persister.walking.spi.MetamodelGraphWalker - Visiting attribute path : buyingPrice
17:17:35.737 [main] DEBUG org.hibernate.persister.walking.spi.MetamodelGraphWalker - Visiting attribute path : cartId
17:17:35.737 [main] DEBUG org.hibernate.persister.walking.spi.MetamodelGraphWalker - Visiting attribute path : product
17:17:35.737 [main] DEBUG org.hibernate.loader.plan.build.internal.spaces.QuerySpacesImpl - Adding QuerySpace : uid = &lt;gen:1&gt; -&gt; org.hibernate.loader.plan.build.internal.spaces.EntityQuerySpaceImpl@23b3aa8c]
17:17:35.737 [main] DEBUG org.hibernate.persister.walking.spi.MetamodelGraphWalker - Visiting attribute path : product.active
17:17:35.738 [main] DEBUG org.hibernate.persister.walking.spi.MetamodelGraphWalker - Visiting attribute path : product.brand
17:17:35.738 [main] DEBUG org.hibernate.persister.walking.spi.MetamodelGraphWalker - Visiting attribute path : product.categoryId
17:17:35.738 [main] DEBUG org.hibernate.persister.walking.spi.MetamodelGraphWalker - Visiting attribute path : product.code
17:17:35.738 [main] DEBUG org.hibernate.persister.walking.spi.MetamodelGraphWalker - Visiting attribute path : product.description
17:17:35.738 [main] DEBUG org.hibernate.persister.walking.spi.MetamodelGraphWalker - Visiting attribute path : product.name
17:17:35.739 [main] DEBUG org.hibernate.persister.walking.spi.MetamodelGraphWalker - Visiting attribute path : product.purchases
17:17:35.739 [main] DEBUG org.hibernate.persister.walking.spi.MetamodelGraphWalker - Visiting attribute path : product.quantity
17:17:35.739 [main] DEBUG org.hibernate.persister.walking.spi.MetamodelGraphWalker - Visiting attribute path : product.supplierId
17:17:35.739 [main] DEBUG org.hibernate.persister.walking.spi.MetamodelGraphWalker - Visiting attribute path : product.unitPrice
17:17:35.739 [main] DEBUG org.hibernate.persister.walking.spi.MetamodelGraphWalker - Visiting attribute path : product.views
17:17:35.743 [main] DEBUG org.hibernate.persister.walking.spi.MetamodelGraphWalker - Visiting attribute path : productCount
17:17:35.743 [main] DEBUG org.hibernate.persister.walking.spi.MetamodelGraphWalker - Visiting attribute path : total
17:17:35.743 [main] DEBUG org.hibernate.loader.plan.build.internal.FetchStyleLoadPlanBuildingAssociationVisitationStrategy - Building LoadPlan...
17:17:35.771 [main] DEBUG org.hibernate.loader.plan.exec.internal.LoadQueryJoinAndFetchProcessor - processing queryspace &lt;gen:0&gt;
17:17:35.772 [main] DEBUG org.hibernate.loader.plan.build.spi.LoadPlanTreePrinter - LoadPlan(entity=com.shoppingbackend.model.CartLine)
    - Returns
       - EntityReturnImpl(entity=com.shoppingbackend.model.CartLine, querySpaceUid=&lt;gen:0&gt;, path=com.shoppingbackend.model.CartLine)
          - EntityAttributeFetchImpl(entity=com.shoppingbackend.model.Product, querySpaceUid=&lt;gen:1&gt;, path=com.shoppingbackend.model.CartLine.product)
    - QuerySpaces
       - EntityQuerySpaceImpl(uid=&lt;gen:0&gt;, entity=com.shoppingbackend.model.CartLine)
          - SQL table alias mapping - cartline0_
          - alias suffix - 0_
          - suffixed key columns - {id1_2_0_}
          - JOIN (JoinDefinedByMetadata(product)) : &lt;gen:0&gt; -&gt; &lt;gen:1&gt;
             - EntityQuerySpaceImpl(uid=&lt;gen:1&gt;, entity=com.shoppingbackend.model.Product)
                - SQL table alias mapping - product1_
                - alias suffix - 1_
                - suffixed key columns - {id1_6_1_}

17:17:35.774 [main] DEBUG org.hibernate.loader.entity.plan.EntityLoader - Static select for entity com.shoppingbackend.model.CartLine [READ]: select cartline0_.id as id1_2_0_, cartline0_.is_available as is_avail2_2_0_, cartline0_.buying_price as buying_p3_2_0_, cartline0_.cart_id as cart_id4_2_0_, cartline0_.product_id as product_7_2_0_, cartline0_.product_count as product_5_2_0_, cartline0_.total as total6_2_0_, product1_.id as id1_6_1_, product1_.is_active as is_activ2_6_1_, product1_.brand as brand3_6_1_, product1_.category_id as category4_6_1_, product1_.code as code5_6_1_, product1_.description as descript6_6_1_, product1_.name as name7_6_1_, product1_.purchases as purchase8_6_1_, product1_.quantity as quantity9_6_1_, product1_.supplier_id as supplie10_6_1_, product1_.unit_price as unit_pr11_6_1_, product1_.views as views12_6_1_ from cart_line cartline0_ left outer join Product product1_ on cartline0_.product_id=product1_.id where cartline0_.id=?
17:17:35.775 [main] DEBUG org.hibernate.loader.plan.build.internal.spaces.QuerySpacesImpl - Adding QuerySpace : uid = &lt;gen:0&gt; -&gt; org.hibernate.loader.plan.build.internal.spaces.EntityQuerySpaceImpl@6c796cc1]
17:17:35.775 [main] DEBUG org.hibernate.persister.walking.spi.MetamodelGraphWalker - Visiting attribute path : available
17:17:35.776 [main] DEBUG org.hibernate.persister.walking.spi.MetamodelGraphWalker - Visiting attribute path : buyingPrice
17:17:35.776 [main] DEBUG org.hibernate.persister.walking.spi.MetamodelGraphWalker - Visiting attribute path : cartId
17:17:35.776 [main] DEBUG org.hibernate.persister.walking.spi.MetamodelGraphWalker - Visiting attribute path : product
17:17:35.776 [main] DEBUG org.hibernate.loader.plan.build.internal.spaces.QuerySpacesImpl - Adding QuerySpace : uid = &lt;gen:1&gt; -&gt; org.hibernate.loader.plan.build.internal.spaces.EntityQuerySpaceImpl@1cb7936c]
17:17:35.777 [main] DEBUG org.hibernate.persister.walking.spi.MetamodelGraphWalker - Visiting attribute path : productCount
17:17:35.777 [main] DEBUG org.hibernate.persister.walking.spi.MetamodelGraphWalker - Visiting attribute path : total
17:17:35.777 [main] DEBUG org.hibernate.loader.plan.build.internal.FetchStyleLoadPlanBuildingAssociationVisitationStrategy - Building LoadPlan...
17:17:35.778 [main] DEBUG org.hibernate.loader.plan.exec.internal.LoadQueryJoinAndFetchProcessor - processing queryspace &lt;gen:0&gt;
17:17:35.779 [main] DEBUG org.hibernate.loader.plan.build.spi.LoadPlanTreePrinter - LoadPlan(entity=com.shoppingbackend.model.CartLine)
    - Returns
       - EntityReturnImpl(entity=com.shoppingbackend.model.CartLine, querySpaceUid=&lt;gen:0&gt;, path=com.shoppingbackend.model.CartLine)
          - EntityAttributeFetchImpl(entity=com.shoppingbackend.model.Product, querySpaceUid=&lt;gen:1&gt;, path=com.shoppingbackend.model.CartLine.product)
    - QuerySpaces
       - EntityQuerySpaceImpl(uid=&lt;gen:0&gt;, entity=com.shoppingbackend.model.CartLine)
          - SQL table alias mapping - cartline0_
          - alias suffix - 0_
          - suffixed key columns - {id1_2_0_}

17:17:35.779 [main] DEBUG org.hibernate.loader.entity.plan.EntityLoader - Static select for entity com.shoppingbackend.model.CartLine [UPGRADE]: select cartline0_.id as id1_2_0_, cartline0_.is_available as is_avail2_2_0_, cartline0_.buying_price as buying_p3_2_0_, cartline0_.cart_id as cart_id4_2_0_, cartline0_.product_id as product_7_2_0_, cartline0_.product_count as product_5_2_0_, cartline0_.total as total6_2_0_ from cart_line cartline0_ where cartline0_.id=? for update
17:17:35.779 [main] DEBUG org.hibernate.loader.plan.build.internal.spaces.QuerySpacesImpl - Adding QuerySpace : uid = &lt;gen:0&gt; -&gt; org.hibernate.loader.plan.build.internal.spaces.EntityQuerySpaceImpl@35342d2f]
17:17:35.780 [main] DEBUG org.hibernate.persister.walking.spi.MetamodelGraphWalker - Visiting attribute path : available
17:17:35.780 [main] DEBUG org.hibernate.persister.walking.spi.MetamodelGraphWalker - Visiting attribute path : buyingPrice
17:17:35.780 [main] DEBUG org.hibernate.persister.walking.spi.MetamodelGraphWalker - Visiting attribute path : cartId
17:17:35.780 [main] DEBUG org.hibernate.persister.walking.spi.MetamodelGraphWalker - Visiting attribute path : product
17:17:35.781 [main] DEBUG org.hibernate.loader.plan.build.internal.spaces.QuerySpacesImpl - Adding QuerySpace : uid = &lt;gen:1&gt; -&gt; org.hibernate.loader.plan.build.internal.spaces.EntityQuerySpaceImpl@45667d98]
17:17:35.782 [main] DEBUG org.hibernate.persister.walking.spi.MetamodelGraphWalker - Visiting attribute path : productCount
17:17:35.782 [main] DEBUG org.hibernate.persister.walking.spi.MetamodelGraphWalker - Visiting attribute path : total
17:17:35.782 [main] DEBUG org.hibernate.loader.plan.build.internal.FetchStyleLoadPlanBuildingAssociationVisitationStrategy - Building LoadPlan...
17:17:35.782 [main] DEBUG org.hibernate.loader.plan.exec.internal.LoadQueryJoinAndFetchProcessor - processing queryspace &lt;gen:0&gt;
17:17:35.787 [main] DEBUG org.hibernate.loader.plan.build.spi.LoadPlanTreePrinter - LoadPlan(entity=com.shoppingbackend.model.CartLine)
    - Returns
       - EntityReturnImpl(entity=com.shoppingbackend.model.CartLine, querySpaceUid=&lt;gen:0&gt;, path=com.shoppingbackend.model.CartLine)
          - EntityAttributeFetchImpl(entity=com.shoppingbackend.model.Product, querySpaceUid=&lt;gen:1&gt;, path=com.shoppingbackend.model.CartLine.product)
    - QuerySpaces
       - EntityQuerySpaceImpl(uid=&lt;gen:0&gt;, entity=com.shoppingbackend.model.CartLine)
          - SQL table alias mapping - cartline0_
          - alias suffix - 0_
          - suffixed key columns - {id1_2_0_}

17:17:35.788 [main] DEBUG org.hibernate.loader.entity.plan.EntityLoader - Static select for entity com.shoppingbackend.model.CartLine [UPGRADE_NOWAIT]: select cartline0_.id as id1_2_0_, cartline0_.is_available as is_avail2_2_0_, cartline0_.buying_price as buying_p3_2_0_, cartline0_.cart_id as cart_id4_2_0_, cartline0_.product_id as product_7_2_0_, cartline0_.product_count as product_5_2_0_, cartline0_.total as total6_2_0_ from cart_line cartline0_ where cartline0_.id=? for update
17:17:35.788 [main] DEBUG org.hibernate.loader.plan.build.internal.spaces.QuerySpacesImpl - Adding QuerySpace : uid = &lt;gen:0&gt; -&gt; org.hibernate.loader.plan.build.internal.spaces.EntityQuerySpaceImpl@65eabaab]
17:17:35.789 [main] DEBUG org.hibernate.persister.walking.spi.MetamodelGraphWalker - Visiting attribute path : available
17:17:35.789 [main] DEBUG org.hibernate.persister.walking.spi.MetamodelGraphWalker - Visiting attribute path : buyingPrice
17:17:35.789 [main] DEBUG org.hibernate.persister.walking.spi.MetamodelGraphWalker - Visiting attribute path : cartId
17:17:35.789 [main] DEBUG org.hibernate.persister.walking.spi.MetamodelGraphWalker - Visiting attribute path : product
17:17:35.790 [main] DEBUG org.hibernate.loader.plan.build.internal.spaces.QuerySpacesImpl - Adding QuerySpace : uid = &lt;gen:1&gt; -&gt; org.hibernate.loader.plan.build.internal.spaces.EntityQuerySpaceImpl@1de9d54]
17:17:35.790 [main] DEBUG org.hibernate.persister.walking.spi.MetamodelGraphWalker - Visiting attribute path : productCount
17:17:35.790 [main] DEBUG org.hibernate.persister.walking.spi.MetamodelGraphWalker - Visiting attribute path : total
17:17:35.790 [main] DEBUG org.hibernate.loader.plan.build.internal.FetchStyleLoadPlanBuildingAssociationVisitationStrategy - Building LoadPlan...
17:17:35.791 [main] DEBUG org.hibernate.loader.plan.exec.internal.LoadQueryJoinAndFetchProcessor - processing queryspace &lt;gen:0&gt;
17:17:35.792 [main] DEBUG org.hibernate.loader.plan.build.spi.LoadPlanTreePrinter - LoadPlan(entity=com.shoppingbackend.model.CartLine)
    - Returns
       - EntityReturnImpl(entity=com.shoppingbackend.model.CartLine, querySpaceUid=&lt;gen:0&gt;, path=com.shoppingbackend.model.CartLine)
          - EntityAttributeFetchImpl(entity=com.shoppingbackend.model.Product, querySpaceUid=&lt;gen:1&gt;, path=com.shoppingbackend.model.CartLine.product)
    - QuerySpaces
       - EntityQuerySpaceImpl(uid=&lt;gen:0&gt;, entity=com.shoppingbackend.model.CartLine)
          - SQL table alias mapping - cartline0_
          - alias suffix - 0_
          - suffixed key columns - {id1_2_0_}

17:17:35.792 [main] DEBUG org.hibernate.loader.entity.plan.EntityLoader - Static select for entity com.shoppingbackend.model.CartLine [UPGRADE_SKIPLOCKED]: select cartline0_.id as id1_2_0_, cartline0_.is_available as is_avail2_2_0_, cartline0_.buying_price as buying_p3_2_0_, cartline0_.cart_id as cart_id4_2_0_, cartline0_.product_id as product_7_2_0_, cartline0_.product_count as product_5_2_0_, cartline0_.total as total6_2_0_ from cart_line cartline0_ where cartline0_.id=? for update
17:17:35.793 [main] DEBUG org.hibernate.loader.plan.build.internal.spaces.QuerySpacesImpl - Adding QuerySpace : uid = &lt;gen:0&gt; -&gt; org.hibernate.loader.plan.build.internal.spaces.EntityQuerySpaceImpl@77a2aa4a]
17:17:35.793 [main] DEBUG org.hibernate.persister.walking.spi.MetamodelGraphWalker - Visiting attribute path : available
17:17:35.793 [main] DEBUG org.hibernate.persister.walking.spi.MetamodelGraphWalker - Visiting attribute path : buyingPrice
17:17:35.793 [main] DEBUG org.hibernate.persister.walking.spi.MetamodelGraphWalker - Visiting attribute path : cartId
17:17:35.794 [main] DEBUG org.hibernate.persister.walking.spi.MetamodelGraphWalker - Visiting attribute path : product
17:17:35.794 [main] DEBUG org.hibernate.loader.plan.build.internal.spaces.QuerySpacesImpl - Adding QuerySpace : uid = &lt;gen:1&gt; -&gt; org.hibernate.loader.plan.build.internal.spaces.EntityQuerySpaceImpl@2b917fb0]
17:17:35.794 [main] DEBUG org.hibernate.persister.walking.spi.MetamodelGraphWalker - Visiting attribute path : productCount
17:17:35.795 [main] DEBUG org.hibernate.persister.walking.spi.MetamodelGraphWalker - Visiting attribute path : total
17:17:35.795 [main] DEBUG org.hibernate.loader.plan.build.internal.FetchStyleLoadPlanBuildingAssociationVisitationStrategy - Building LoadPlan...
17:17:35.795 [main] DEBUG org.hibernate.loader.plan.exec.internal.LoadQueryJoinAndFetchProcessor - processing queryspace &lt;gen:0&gt;
17:17:35.796 [main] DEBUG org.hibernate.loader.plan.build.spi.LoadPlanTreePrinter - LoadPlan(entity=com.shoppingbackend.model.CartLine)
    - Returns
       - EntityReturnImpl(entity=com.shoppingbackend.model.CartLine, querySpaceUid=&lt;gen:0&gt;, path=com.shoppingbackend.model.CartLine)
          - EntityAttributeFetchImpl(entity=com.shoppingbackend.model.Product, querySpaceUid=&lt;gen:1&gt;, path=com.shoppingbackend.model.CartLine.product)
    - QuerySpaces
       - EntityQuerySpaceImpl(uid=&lt;gen:0&gt;, entity=com.shoppingbackend.model.CartLine)
          - SQL table alias mapping - cartline0_
          - alias suffix - 0_
          - suffixed key columns - {id1_2_0_}

17:17:35.798 [main] DEBUG org.hibernate.loader.entity.plan.EntityLoader - Static select for entity com.shoppingbackend.model.CartLine [FORCE]: select cartline0_.id as id1_2_0_, cartline0_.is_available as is_avail2_2_0_, cartline0_.buying_price as buying_p3_2_0_, cartline0_.cart_id as cart_id4_2_0_, cartline0_.product_id as product_7_2_0_, cartline0_.product_count as product_5_2_0_, cartline0_.total as total6_2_0_ from cart_line cartline0_ where cartline0_.id=? for update
17:17:35.798 [main] DEBUG org.hibernate.loader.plan.build.internal.spaces.QuerySpacesImpl - Adding QuerySpace : uid = &lt;gen:0&gt; -&gt; org.hibernate.loader.plan.build.internal.spaces.EntityQuerySpaceImpl@5e5073ab]
17:17:35.801 [main] DEBUG org.hibernate.persister.walking.spi.MetamodelGraphWalker - Visiting attribute path : available
17:17:35.801 [main] DEBUG org.hibernate.persister.walking.spi.MetamodelGraphWalker - Visiting attribute path : buyingPrice
17:17:35.801 [main] DEBUG org.hibernate.persister.walking.spi.MetamodelGraphWalker - Visiting attribute path : cartId
17:17:35.802 [main] DEBUG org.hibernate.persister.walking.spi.MetamodelGraphWalker - Visiting attribute path : product
17:17:35.802 [main] DEBUG org.hibernate.loader.plan.build.internal.spaces.QuerySpacesImpl - Adding QuerySpace : uid = &lt;gen:1&gt; -&gt; org.hibernate.loader.plan.build.internal.spaces.EntityQuerySpaceImpl@100c567f]
17:17:35.804 [main] DEBUG org.hibernate.persister.walking.spi.MetamodelGraphWalker - Visiting attribute path : productCount
17:17:35.804 [main] DEBUG org.hibernate.persister.walking.spi.MetamodelGraphWalker - Visiting attribute path : total
17:17:35.804 [main] DEBUG org.hibernate.loader.plan.build.internal.FetchStyleLoadPlanBuildingAssociationVisitationStrategy - Building LoadPlan...
17:17:35.805 [main] DEBUG org.hibernate.loader.plan.exec.internal.LoadQueryJoinAndFetchProcessor - processing queryspace &lt;gen:0&gt;
17:17:35.805 [main] DEBUG org.hibernate.loader.plan.build.spi.LoadPlanTreePrinter - LoadPlan(entity=com.shoppingbackend.model.CartLine)
    - Returns
       - EntityReturnImpl(entity=com.shoppingbackend.model.CartLine, querySpaceUid=&lt;gen:0&gt;, path=com.shoppingbackend.model.CartLine)
          - EntityAttributeFetchImpl(entity=com.shoppingbackend.model.Product, querySpaceUid=&lt;gen:1&gt;, path=com.shoppingbackend.model.CartLine.product)
    - QuerySpaces
       - EntityQuerySpaceImpl(uid=&lt;gen:0&gt;, entity=com.shoppingbackend.model.CartLine)
          - SQL table alias mapping - cartline0_
          - alias suffix - 0_
          - suffixed key columns - {id1_2_0_}

17:17:35.806 [main] DEBUG org.hibernate.loader.entity.plan.EntityLoader - Static select for entity com.shoppingbackend.model.CartLine [PESSIMISTIC_READ]: select cartline0_.id as id1_2_0_, cartline0_.is_available as is_avail2_2_0_, cartline0_.buying_price as buying_p3_2_0_, cartline0_.cart_id as cart_id4_2_0_, cartline0_.product_id as product_7_2_0_, cartline0_.product_count as product_5_2_0_, cartline0_.total as total6_2_0_ from cart_line cartline0_ where cartline0_.id=? for update
17:17:35.806 [main] DEBUG org.hibernate.loader.plan.build.internal.spaces.QuerySpacesImpl - Adding QuerySpace : uid = &lt;gen:0&gt; -&gt; org.hibernate.loader.plan.build.internal.spaces.EntityQuerySpaceImpl@30c0d731]
17:17:35.806 [main] DEBUG org.hibernate.persister.walking.spi.MetamodelGraphWalker - Visiting attribute path : available
17:17:35.807 [main] DEBUG org.hibernate.persister.walking.spi.MetamodelGraphWalker - Visiting attribute path : buyingPrice
17:17:35.807 [main] DEBUG org.hibernate.persister.walking.spi.MetamodelGraphWalker - Visiting attribute path : cartId
17:17:35.807 [main] DEBUG org.hibernate.persister.walking.spi.MetamodelGraphWalker - Visiting attribute path : product
17:17:35.812 [main] DEBUG org.hibernate.loader.plan.build.internal.spaces.QuerySpacesImpl - Adding QuerySpace : uid = &lt;gen:1&gt; -&gt; org.hibernate.loader.plan.build.internal.spaces.EntityQuerySpaceImpl@422b8438]
17:17:35.812 [main] DEBUG org.hibernate.persister.walking.spi.MetamodelGraphWalker - Visiting attribute path : productCount
17:17:35.813 [main] DEBUG org.hibernate.persister.walking.spi.MetamodelGraphWalker - Visiting attribute path : total
17:17:35.813 [main] DEBUG org.hibernate.loader.plan.build.internal.FetchStyleLoadPlanBuildingAssociationVisitationStrategy - Building LoadPlan...
17:17:35.813 [main] DEBUG org.hibernate.loader.plan.exec.internal.LoadQueryJoinAndFetchProcessor - processing queryspace &lt;gen:0&gt;
17:17:35.814 [main] DEBUG org.hibernate.loader.plan.build.spi.LoadPlanTreePrinter - LoadPlan(entity=com.shoppingbackend.model.CartLine)
    - Returns
       - EntityReturnImpl(entity=com.shoppingbackend.model.CartLine, querySpaceUid=&lt;gen:0&gt;, path=com.shoppingbackend.model.CartLine)
          - EntityAttributeFetchImpl(entity=com.shoppingbackend.model.Product, querySpaceUid=&lt;gen:1&gt;, path=com.shoppingbackend.model.CartLine.product)
    - QuerySpaces
       - EntityQuerySpaceImpl(uid=&lt;gen:0&gt;, entity=com.shoppingbackend.model.CartLine)
          - SQL table alias mapping - cartline0_
          - alias suffix - 0_
          - suffixed key columns - {id1_2_0_}

17:17:35.814 [main] DEBUG org.hibernate.loader.entity.plan.EntityLoader - Static select for entity com.shoppingbackend.model.CartLine [PESSIMISTIC_WRITE]: select cartline0_.id as id1_2_0_, cartline0_.is_available as is_avail2_2_0_, cartline0_.buying_price as buying_p3_2_0_, cartline0_.cart_id as cart_id4_2_0_, cartline0_.product_id as product_7_2_0_, cartline0_.product_count as product_5_2_0_, cartline0_.total as total6_2_0_ from cart_line cartline0_ where cartline0_.id=? for update
17:17:35.815 [main] DEBUG org.hibernate.loader.plan.build.internal.spaces.QuerySpacesImpl - Adding QuerySpace : uid = &lt;gen:0&gt; -&gt; org.hibernate.loader.plan.build.internal.spaces.EntityQuerySpaceImpl@30669dac]
17:17:35.815 [main] DEBUG org.hibernate.persister.walking.spi.MetamodelGraphWalker - Visiting attribute path : available
17:17:35.815 [main] DEBUG org.hibernate.persister.walking.spi.MetamodelGraphWalker - Visiting attribute path : buyingPrice
17:17:35.825 [main] DEBUG org.hibernate.persister.walking.spi.MetamodelGraphWalker - Visiting attribute path : cartId
17:17:35.825 [main] DEBUG org.hibernate.persister.walking.spi.MetamodelGraphWalker - Visiting attribute path : product
17:17:35.827 [main] DEBUG org.hibernate.loader.plan.build.internal.spaces.QuerySpacesImpl - Adding QuerySpace : uid = &lt;gen:1&gt; -&gt; org.hibernate.loader.plan.build.internal.spaces.EntityQuerySpaceImpl@6a282fdd]
17:17:35.827 [main] DEBUG org.hibernate.persister.walking.spi.MetamodelGraphWalker - Visiting attribute path : productCount
17:17:35.828 [main] DEBUG org.hibernate.persister.walking.spi.MetamodelGraphWalker - Visiting attribute path : total
17:17:35.828 [main] DEBUG org.hibernate.loader.plan.build.internal.FetchStyleLoadPlanBuildingAssociationVisitationStrategy - Building LoadPlan...
17:17:35.828 [main] DEBUG org.hibernate.loader.plan.exec.internal.LoadQueryJoinAndFetchProcessor - processing queryspace &lt;gen:0&gt;
17:17:35.829 [main] DEBUG org.hibernate.loader.plan.build.spi.LoadPlanTreePrinter - LoadPlan(entity=com.shoppingbackend.model.CartLine)
    - Returns
       - EntityReturnImpl(entity=com.shoppingbackend.model.CartLine, querySpaceUid=&lt;gen:0&gt;, path=com.shoppingbackend.model.CartLine)
          - EntityAttributeFetchImpl(entity=com.shoppingbackend.model.Product, querySpaceUid=&lt;gen:1&gt;, path=com.shoppingbackend.model.CartLine.product)
    - QuerySpaces
       - EntityQuerySpaceImpl(uid=&lt;gen:0&gt;, entity=com.shoppingbackend.model.CartLine)
          - SQL table alias mapping - cartline0_
          - alias suffix - 0_
          - suffixed key columns - {id1_2_0_}

17:17:35.829 [main] DEBUG org.hibernate.loader.entity.plan.EntityLoader - Static select for entity com.shoppingbackend.model.CartLine [PESSIMISTIC_FORCE_INCREMENT]: select cartline0_.id as id1_2_0_, cartline0_.is_available as is_avail2_2_0_, cartline0_.buying_price as buying_p3_2_0_, cartline0_.cart_id as cart_id4_2_0_, cartline0_.product_id as product_7_2_0_, cartline0_.product_count as product_5_2_0_, cartline0_.total as total6_2_0_ from cart_line cartline0_ where cartline0_.id=? for update
17:17:35.832 [main] DEBUG org.hibernate.loader.plan.build.internal.spaces.QuerySpacesImpl - Adding QuerySpace : uid = &lt;gen:0&gt; -&gt; org.hibernate.loader.plan.build.internal.spaces.EntityQuerySpaceImpl@743c6ce4]
17:17:35.833 [main] DEBUG org.hibernate.persister.walking.spi.MetamodelGraphWalker - Visiting attribute path : available
17:17:35.833 [main] DEBUG org.hibernate.persister.walking.spi.MetamodelGraphWalker - Visiting attribute path : buyingPrice
17:17:35.833 [main] DEBUG org.hibernate.persister.walking.spi.MetamodelGraphWalker - Visiting attribute path : cartId
17:17:35.833 [main] DEBUG org.hibernate.persister.walking.spi.MetamodelGraphWalker - Visiting attribute path : product
17:17:35.834 [main] DEBUG org.hibernate.loader.plan.build.internal.spaces.QuerySpacesImpl - Adding QuerySpace : uid = &lt;gen:1&gt; -&gt; org.hibernate.loader.plan.build.internal.spaces.EntityQuerySpaceImpl@3bbf9027]
17:17:35.834 [main] DEBUG org.hibernate.persister.walking.spi.MetamodelGraphWalker - Visiting attribute path : productCount
17:17:35.837 [main] DEBUG org.hibernate.persister.walking.spi.MetamodelGraphWalker - Visiting attribute path : total
17:17:35.838 [main] DEBUG org.hibernate.loader.plan.build.internal.FetchStyleLoadPlanBuildingAssociationVisitationStrategy - Building LoadPlan...
17:17:35.838 [main] DEBUG org.hibernate.loader.plan.exec.internal.LoadQueryJoinAndFetchProcessor - processing queryspace &lt;gen:0&gt;
17:17:35.854 [main] DEBUG org.hibernate.loader.plan.build.spi.LoadPlanTreePrinter - LoadPlan(entity=com.shoppingbackend.model.CartLine)
    - Returns
       - EntityReturnImpl(entity=com.shoppingbackend.model.CartLine, querySpaceUid=&lt;gen:0&gt;, path=com.shoppingbackend.model.CartLine)
          - EntityAttributeFetchImpl(entity=com.shoppingbackend.model.Product, querySpaceUid=&lt;gen:1&gt;, path=com.shoppingbackend.model.CartLine.product)
    - QuerySpaces
       - EntityQuerySpaceImpl(uid=&lt;gen:0&gt;, entity=com.shoppingbackend.model.CartLine)
          - SQL table alias mapping - cartline0_
          - alias suffix - 0_
          - suffixed key columns - {id1_2_0_}

17:17:35.855 [main] DEBUG org.hibernate.loader.entity.plan.EntityLoader - Static select for entity com.shoppingbackend.model.CartLine [OPTIMISTIC]: select cartline0_.id as id1_2_0_, cartline0_.is_available as is_avail2_2_0_, cartline0_.buying_price as buying_p3_2_0_, cartline0_.cart_id as cart_id4_2_0_, cartline0_.product_id as product_7_2_0_, cartline0_.product_count as product_5_2_0_, cartline0_.total as total6_2_0_ from cart_line cartline0_ where cartline0_.id=?
17:17:35.855 [main] DEBUG org.hibernate.loader.plan.build.internal.spaces.QuerySpacesImpl - Adding QuerySpace : uid = &lt;gen:0&gt; -&gt; org.hibernate.loader.plan.build.internal.spaces.EntityQuerySpaceImpl@10c2064a]
17:17:35.855 [main] DEBUG org.hibernate.persister.walking.spi.MetamodelGraphWalker - Visiting attribute path : available
17:17:35.856 [main] DEBUG org.hibernate.persister.walking.spi.MetamodelGraphWalker - Visiting attribute path : buyingPrice
17:17:35.856 [main] DEBUG org.hibernate.persister.walking.spi.MetamodelGraphWalker - Visiting attribute path : cartId
17:17:35.856 [main] DEBUG org.hibernate.persister.walking.spi.MetamodelGraphWalker - Visiting attribute path : product
17:17:35.856 [main] DEBUG org.hibernate.loader.plan.build.internal.spaces.QuerySpacesImpl - Adding QuerySpace : uid = &lt;gen:1&gt; -&gt; org.hibernate.loader.plan.build.internal.spaces.EntityQuerySpaceImpl@6ff415ad]
17:17:35.857 [main] DEBUG org.hibernate.persister.walking.spi.MetamodelGraphWalker - Visiting attribute path : productCount
17:17:35.857 [main] DEBUG org.hibernate.persister.walking.spi.MetamodelGraphWalker - Visiting attribute path : total
17:17:35.857 [main] DEBUG org.hibernate.loader.plan.build.internal.FetchStyleLoadPlanBuildingAssociationVisitationStrategy - Building LoadPlan...
17:17:35.857 [main] DEBUG org.hibernate.loader.plan.exec.internal.LoadQueryJoinAndFetchProcessor - processing queryspace &lt;gen:0&gt;
17:17:35.858 [main] DEBUG org.hibernate.loader.plan.build.spi.LoadPlanTreePrinter - LoadPlan(entity=com.shoppingbackend.model.CartLine)
    - Returns
       - EntityReturnImpl(entity=com.shoppingbackend.model.CartLine, querySpaceUid=&lt;gen:0&gt;, path=com.shoppingbackend.model.CartLine)
          - EntityAttributeFetchImpl(entity=com.shoppingbackend.model.Product, querySpaceUid=&lt;gen:1&gt;, path=com.shoppingbackend.model.CartLine.product)
    - QuerySpaces
       - EntityQuerySpaceImpl(uid=&lt;gen:0&gt;, entity=com.shoppingbackend.model.CartLine)
          - SQL table alias mapping - cartline0_
          - alias suffix - 0_
          - suffixed key columns - {id1_2_0_}

17:17:35.859 [main] DEBUG org.hibernate.loader.entity.plan.EntityLoader - Static select for entity com.shoppingbackend.model.CartLine [OPTIMISTIC_FORCE_INCREMENT]: select cartline0_.id as id1_2_0_, cartline0_.is_available as is_avail2_2_0_, cartline0_.buying_price as buying_p3_2_0_, cartline0_.cart_id as cart_id4_2_0_, cartline0_.product_id as product_7_2_0_, cartline0_.product_count as product_5_2_0_, cartline0_.total as total6_2_0_ from cart_line cartline0_ where cartline0_.id=?
17:17:35.859 [main] DEBUG org.hibernate.loader.Loader - Static select for action ACTION_MERGE on entity com.shoppingbackend.model.CartLine: select cartline0_.id as id1_2_0_, cartline0_.is_available as is_avail2_2_0_, cartline0_.buying_price as buying_p3_2_0_, cartline0_.cart_id as cart_id4_2_0_, cartline0_.product_id as product_7_2_0_, cartline0_.product_count as product_5_2_0_, cartline0_.total as total6_2_0_ from cart_line cartline0_ where cartline0_.id=?
17:17:35.860 [main] DEBUG org.hibernate.loader.Loader - Static select for action ACTION_REFRESH on entity com.shoppingbackend.model.CartLine: select cartline0_.id as id1_2_0_, cartline0_.is_available as is_avail2_2_0_, cartline0_.buying_price as buying_p3_2_0_, cartline0_.cart_id as cart_id4_2_0_, cartline0_.product_id as product_7_2_0_, cartline0_.product_count as product_5_2_0_, cartline0_.total as total6_2_0_ from cart_line cartline0_ where cartline0_.id=?
17:17:35.864 [main] DEBUG org.hibernate.persister.entity.AbstractEntityPersister - Static SQL for entity: com.shoppingbackend.model.OrderItem
17:17:35.864 [main] DEBUG org.hibernate.persister.entity.AbstractEntityPersister -  Version select: select id from order_item where id =?
17:17:35.864 [main] DEBUG org.hibernate.persister.entity.AbstractEntityPersister -  Snapshot select: select orderitem_.id, orderitem_.buying_price as buying_p2_5_, orderitem_.order_id as order_id5_5_, orderitem_.product_id as product_6_5_, orderitem_.product_count as product_3_5_, orderitem_.total as total4_5_ from order_item orderitem_ where orderitem_.id=?
17:17:35.864 [main] DEBUG org.hibernate.persister.entity.AbstractEntityPersister -  Insert 0: insert into order_item (buying_price, order_id, product_id, product_count, total, id) values (?, ?, ?, ?, ?, ?)
17:17:35.864 [main] DEBUG org.hibernate.persister.entity.AbstractEntityPersister -  Update 0: update order_item set buying_price=?, order_id=?, product_id=?, product_count=?, total=? where id=?
17:17:35.864 [main] DEBUG org.hibernate.persister.entity.AbstractEntityPersister -  Delete 0: delete from order_item where id=?
17:17:35.864 [main] DEBUG org.hibernate.persister.entity.AbstractEntityPersister -  Identity insert: insert into order_item (id, buying_price, order_id, product_id, product_count, total) values (null, ?, ?, ?, ?, ?)
17:17:35.865 [main] DEBUG org.hibernate.loader.plan.build.internal.spaces.QuerySpacesImpl - Adding QuerySpace : uid = &lt;gen:0&gt; -&gt; org.hibernate.loader.plan.build.internal.spaces.EntityQuerySpaceImpl@280d9edc]
17:17:35.865 [main] DEBUG org.hibernate.persister.walking.spi.MetamodelGraphWalker - Visiting attribute path : buyingPrice
17:17:35.865 [main] DEBUG org.hibernate.persister.walking.spi.MetamodelGraphWalker - Visiting attribute path : orderDetail
17:17:35.865 [main] DEBUG org.hibernate.loader.plan.build.internal.spaces.QuerySpacesImpl - Adding QuerySpace : uid = &lt;gen:1&gt; -&gt; org.hibernate.loader.plan.build.internal.spaces.EntityQuerySpaceImpl@5f9b6ae7]
17:17:35.866 [main] DEBUG org.hibernate.persister.walking.spi.MetamodelGraphWalker - Visiting attribute path : orderDetail.billing
17:17:35.866 [main] DEBUG org.hibernate.loader.plan.build.internal.spaces.QuerySpacesImpl - Adding QuerySpace : uid = &lt;gen:2&gt; -&gt; org.hibernate.loader.plan.build.internal.spaces.EntityQuerySpaceImpl@5432c277]
17:17:35.866 [main] DEBUG org.hibernate.persister.walking.spi.MetamodelGraphWalker - Visiting attribute path : orderDetail.billing.addressLineOne
17:17:35.867 [main] DEBUG org.hibernate.persister.walking.spi.MetamodelGraphWalker - Visiting attribute path : orderDetail.billing.addressLineTwo
17:17:35.867 [main] DEBUG org.hibernate.persister.walking.spi.MetamodelGraphWalker - Visiting attribute path : orderDetail.billing.billing
17:17:35.867 [main] DEBUG org.hibernate.persister.walking.spi.MetamodelGraphWalker - Visiting attribute path : orderDetail.billing.city
17:17:35.867 [main] DEBUG org.hibernate.persister.walking.spi.MetamodelGraphWalker - Visiting attribute path : orderDetail.billing.country
17:17:35.867 [main] DEBUG org.hibernate.persister.walking.spi.MetamodelGraphWalker - Visiting attribute path : orderDetail.billing.postalCode
17:17:35.868 [main] DEBUG org.hibernate.persister.walking.spi.MetamodelGraphWalker - Visiting attribute path : orderDetail.billing.shipping
17:17:35.868 [main] DEBUG org.hibernate.persister.walking.spi.MetamodelGraphWalker - Visiting attribute path : orderDetail.billing.state
17:17:35.868 [main] DEBUG org.hibernate.persister.walking.spi.MetamodelGraphWalker - Visiting attribute path : orderDetail.billing.userId
17:17:35.868 [main] DEBUG org.hibernate.persister.walking.spi.MetamodelGraphWalker - Visiting attribute path : orderDetail.orderCount
17:17:35.869 [main] DEBUG org.hibernate.persister.walking.spi.MetamodelGraphWalker - Visiting attribute path : orderDetail.orderDate
17:17:35.870 [main] DEBUG org.hibernate.persister.walking.spi.MetamodelGraphWalker - Visiting attribute path : orderDetail.orderItems
17:17:35.870 [main] DEBUG org.hibernate.persister.walking.spi.MetamodelGraphWalker - Property path deemed to be circular : orderDetail.orderItems
17:17:35.871 [main] DEBUG org.hibernate.persister.walking.spi.MetamodelGraphWalker - Visiting attribute path : orderDetail.orderTotal
17:17:35.871 [main] DEBUG org.hibernate.persister.walking.spi.MetamodelGraphWalker - Visiting attribute path : orderDetail.shipping
17:17:35.871 [main] DEBUG org.hibernate.loader.plan.build.internal.spaces.QuerySpacesImpl - Adding QuerySpace : uid = &lt;gen:3&gt; -&gt; org.hibernate.loader.plan.build.internal.spaces.EntityQuerySpaceImpl@1128620c]
17:17:35.871 [main] DEBUG org.hibernate.persister.walking.spi.MetamodelGraphWalker - Visiting attribute path : orderDetail.shipping.addressLineOne
17:17:35.872 [main] DEBUG org.hibernate.persister.walking.spi.MetamodelGraphWalker - Visiting attribute path : orderDetail.shipping.addressLineTwo
17:17:35.872 [main] DEBUG org.hibernate.persister.walking.spi.MetamodelGraphWalker - Visiting attribute path : orderDetail.shipping.billing
17:17:35.872 [main] DEBUG org.hibernate.persister.walking.spi.MetamodelGraphWalker - Visiting attribute path : orderDetail.shipping.city
17:17:35.872 [main] DEBUG org.hibernate.persister.walking.spi.MetamodelGraphWalker - Visiting attribute path : orderDetail.shipping.country
17:17:35.872 [main] DEBUG org.hibernate.persister.walking.spi.MetamodelGraphWalker - Visiting attribute path : orderDetail.shipping.postalCode
17:17:35.872 [main] DEBUG org.hibernate.persister.walking.spi.MetamodelGraphWalker - Visiting attribute path : orderDetail.shipping.shipping
17:17:35.873 [main] DEBUG org.hibernate.persister.walking.spi.MetamodelGraphWalker - Visiting attribute path : orderDetail.shipping.state
17:17:35.873 [main] DEBUG org.hibernate.persister.walking.spi.MetamodelGraphWalker - Visiting attribute path : orderDetail.shipping.userId
17:17:35.873 [main] DEBUG org.hibernate.persister.walking.spi.MetamodelGraphWalker - Visiting attribute path : orderDetail.user
17:17:35.873 [main] DEBUG org.hibernate.loader.plan.build.internal.spaces.QuerySpacesImpl - Adding QuerySpace : uid = &lt;gen:4&gt; -&gt; org.hibernate.loader.plan.build.internal.spaces.EntityQuerySpaceImpl@299270eb]
17:17:35.873 [main] DEBUG org.hibernate.persister.walking.spi.MetamodelGraphWalker - Visiting attribute path : orderDetail.user.contactNumber
17:17:35.874 [main] DEBUG org.hibernate.persister.walking.spi.MetamodelGraphWalker - Visiting attribute path : orderDetail.user.email
17:17:35.874 [main] DEBUG org.hibernate.persister.walking.spi.MetamodelGraphWalker - Visiting attribute path : orderDetail.user.enabled
17:17:35.874 [main] DEBUG org.hibernate.persister.walking.spi.MetamodelGraphWalker - Visiting attribute path : orderDetail.user.firstName
17:17:35.874 [main] DEBUG org.hibernate.persister.walking.spi.MetamodelGraphWalker - Visiting attribute path : orderDetail.user.lastName
17:17:35.874 [main] DEBUG org.hibernate.persister.walking.spi.MetamodelGraphWalker - Visiting attribute path : orderDetail.user.password
17:17:35.875 [main] DEBUG org.hibernate.persister.walking.spi.MetamodelGraphWalker - Visiting attribute path : orderDetail.user.role
17:17:35.875 [main] DEBUG org.hibernate.persister.walking.spi.MetamodelGraphWalker - Visiting attribute path : orderDetail.user.cart
17:17:35.876 [main] DEBUG org.hibernate.loader.plan.build.internal.spaces.QuerySpacesImpl - Adding QuerySpace : uid = &lt;gen:5&gt; -&gt; org.hibernate.loader.plan.build.internal.spaces.EntityQuerySpaceImpl@69fa8e76]
17:17:35.876 [main] DEBUG org.hibernate.persister.walking.spi.MetamodelGraphWalker - Visiting attribute path : orderDetail.user.cart.cartLines
17:17:35.876 [main] DEBUG org.hibernate.persister.walking.spi.MetamodelGraphWalker - Visiting attribute path : orderDetail.user.cart.grandTotal
17:17:35.877 [main] DEBUG org.hibernate.persister.walking.spi.MetamodelGraphWalker - Visiting attribute path : orderDetail.user.cart.user
17:17:35.878 [main] DEBUG org.hibernate.persister.walking.spi.MetamodelGraphWalker - Property path deemed to be circular : orderDetail.user.cart.user
17:17:35.878 [main] DEBUG org.hibernate.persister.walking.spi.MetamodelGraphWalker - Visiting attribute path : product
17:17:35.879 [main] DEBUG org.hibernate.loader.plan.build.internal.spaces.QuerySpacesImpl - Adding QuerySpace : uid = &lt;gen:6&gt; -&gt; org.hibernate.loader.plan.build.internal.spaces.EntityQuerySpaceImpl@31f20c9f]
17:17:35.879 [main] DEBUG org.hibernate.persister.walking.spi.MetamodelGraphWalker - Visiting attribute path : product.active
17:17:35.879 [main] DEBUG org.hibernate.persister.walking.spi.MetamodelGraphWalker - Visiting attribute path : product.brand
17:17:35.879 [main] DEBUG org.hibernate.persister.walking.spi.MetamodelGraphWalker - Visiting attribute path : product.categoryId
17:17:35.880 [main] DEBUG org.hibernate.persister.walking.spi.MetamodelGraphWalker - Visiting attribute path : product.code
17:17:35.880 [main] DEBUG org.hibernate.persister.walking.spi.MetamodelGraphWalker - Visiting attribute path : product.description
17:17:35.880 [main] DEBUG org.hibernate.persister.walking.spi.MetamodelGraphWalker - Visiting attribute path : product.name
17:17:35.880 [main] DEBUG org.hibernate.persister.walking.spi.MetamodelGraphWalker - Visiting attribute path : product.purchases
17:17:35.880 [main] DEBUG org.hibernate.persister.walking.spi.MetamodelGraphWalker - Visiting attribute path : product.quantity
17:17:35.880 [main] DEBUG org.hibernate.persister.walking.spi.MetamodelGraphWalker - Visiting attribute path : product.supplierId
17:17:35.880 [main] DEBUG org.hibernate.persister.walking.spi.MetamodelGraphWalker - Visiting attribute path : product.unitPrice
17:17:35.880 [main] DEBUG org.hibernate.persister.walking.spi.MetamodelGraphWalker - Visiting attribute path : product.views
17:17:35.880 [main] DEBUG org.hibernate.persister.walking.spi.MetamodelGraphWalker - Visiting attribute path : productCount
17:17:35.880 [main] DEBUG org.hibernate.persister.walking.spi.MetamodelGraphWalker - Visiting attribute path : total
17:17:35.880 [main] DEBUG org.hibernate.loader.plan.build.internal.FetchStyleLoadPlanBuildingAssociationVisitationStrategy - Building LoadPlan...
17:17:35.881 [main] DEBUG org.hibernate.loader.plan.exec.internal.LoadQueryJoinAndFetchProcessor - processing queryspace &lt;gen:0&gt;
17:17:35.883 [main] DEBUG org.hibernate.loader.plan.build.spi.LoadPlanTreePrinter - LoadPlan(entity=com.shoppingbackend.model.OrderItem)
    - Returns
       - EntityReturnImpl(entity=com.shoppingbackend.model.OrderItem, querySpaceUid=&lt;gen:0&gt;, path=com.shoppingbackend.model.OrderItem)
          - EntityAttributeFetchImpl(entity=com.shoppingbackend.model.OrderDetail, querySpaceUid=&lt;gen:1&gt;, path=com.shoppingbackend.model.OrderItem.orderDetail)
             - EntityAttributeFetchImpl(entity=com.shoppingbackend.model.Address, querySpaceUid=&lt;gen:2&gt;, path=com.shoppingbackend.model.OrderItem.orderDetail.billing)
             - EntityAttributeFetchImpl(entity=com.shoppingbackend.model.Address, querySpaceUid=&lt;gen:3&gt;, path=com.shoppingbackend.model.OrderItem.orderDetail.shipping)
             - EntityAttributeFetchImpl(entity=com.shoppingbackend.model.User, querySpaceUid=&lt;gen:4&gt;, path=com.shoppingbackend.model.OrderItem.orderDetail.user)
                - EntityAttributeFetchImpl(entity=com.shoppingbackend.model.Cart, querySpaceUid=&lt;gen:5&gt;, path=com.shoppingbackend.model.OrderItem.orderDetail.user.cart)
          - EntityAttributeFetchImpl(entity=com.shoppingbackend.model.Product, querySpaceUid=&lt;gen:6&gt;, path=com.shoppingbackend.model.OrderItem.product)
    - QuerySpaces
       - EntityQuerySpaceImpl(uid=&lt;gen:0&gt;, entity=com.shoppingbackend.model.OrderItem)
          - SQL table alias mapping - orderitem0_
          - alias suffix - 0_
          - suffixed key columns - {id1_5_0_}
          - JOIN (JoinDefinedByMetadata(orderDetail)) : &lt;gen:0&gt; -&gt; &lt;gen:1&gt;
             - EntityQuerySpaceImpl(uid=&lt;gen:1&gt;, entity=com.shoppingbackend.model.OrderDetail)
                - SQL table alias mapping - orderdetai1_
                - alias suffix - 1_
                - suffixed key columns - {id1_4_1_}
                - JOIN (JoinDefinedByMetadata(billing)) : &lt;gen:1&gt; -&gt; &lt;gen:2&gt;
                   - EntityQuerySpaceImpl(uid=&lt;gen:2&gt;, entity=com.shoppingbackend.model.Address)
                      - SQL table alias mapping - address2_
                      - alias suffix - 2_
                      - suffixed key columns - {id1_0_2_}
                - JOIN (JoinDefinedByMetadata(shipping)) : &lt;gen:1&gt; -&gt; &lt;gen:3&gt;
                   - EntityQuerySpaceImpl(uid=&lt;gen:3&gt;, entity=com.shoppingbackend.model.Address)
                      - SQL table alias mapping - address3_
                      - alias suffix - 3_
                      - suffixed key columns - {id1_0_3_}
                - JOIN (JoinDefinedByMetadata(user)) : &lt;gen:1&gt; -&gt; &lt;gen:4&gt;
                   - EntityQuerySpaceImpl(uid=&lt;gen:4&gt;, entity=com.shoppingbackend.model.User)
                      - SQL table alias mapping - user4_
                      - alias suffix - 4_
                      - suffixed key columns - {id1_8_4_}
                      - JOIN (JoinDefinedByMetadata(cart)) : &lt;gen:4&gt; -&gt; &lt;gen:5&gt;
                         - EntityQuerySpaceImpl(uid=&lt;gen:5&gt;, entity=com.shoppingbackend.model.Cart)
                            - SQL table alias mapping - cart5_
                            - alias suffix - 5_
                            - suffixed key columns - {id1_1_5_}
          - JOIN (JoinDefinedByMetadata(product)) : &lt;gen:0&gt; -&gt; &lt;gen:6&gt;
             - EntityQuerySpaceImpl(uid=&lt;gen:6&gt;, entity=com.shoppingbackend.model.Product)
                - SQL table alias mapping - product6_
                - alias suffix - 6_
                - suffixed key columns - {id1_6_6_}

17:17:35.884 [main] DEBUG org.hibernate.loader.entity.plan.EntityLoader - Static select for entity com.shoppingbackend.model.OrderItem [NONE]: select orderitem0_.id as id1_5_0_, orderitem0_.buying_price as buying_p2_5_0_, orderitem0_.order_id as order_id5_5_0_, orderitem0_.product_id as product_6_5_0_, orderitem0_.product_count as product_3_5_0_, orderitem0_.total as total4_5_0_, orderdetai1_.id as id1_4_1_, orderdetai1_.billing_id as billing_5_4_1_, orderdetai1_.order_count as order_co2_4_1_, orderdetai1_.order_date as order_da3_4_1_, orderdetai1_.order_total as order_to4_4_1_, orderdetai1_.shipping_id as shipping6_4_1_, orderdetai1_.user_id as user_id7_4_1_, address2_.id as id1_0_2_, address2_.address_line_one as address_2_0_2_, address2_.address_line_two as address_3_0_2_, address2_.is_billing as is_billi4_0_2_, address2_.city as city5_0_2_, address2_.country as country6_0_2_, address2_.postal_code as postal_c7_0_2_, address2_.is_shipping as is_shipp8_0_2_, address2_.state as state9_0_2_, address2_.user_id as user_id10_0_2_, address3_.id as id1_0_3_, address3_.address_line_one as address_2_0_3_, address3_.address_line_two as address_3_0_3_, address3_.is_billing as is_billi4_0_3_, address3_.city as city5_0_3_, address3_.country as country6_0_3_, address3_.postal_code as postal_c7_0_3_, address3_.is_shipping as is_shipp8_0_3_, address3_.state as state9_0_3_, address3_.user_id as user_id10_0_3_, user4_.id as id1_8_4_, user4_.contact_number as contact_2_8_4_, user4_.email as email3_8_4_, user4_.enabled as enabled4_8_4_, user4_.first_name as first_na5_8_4_, user4_.last_name as last_nam6_8_4_, user4_.password as password7_8_4_, user4_.role as role8_8_4_, cart5_.id as id1_1_5_, cart5_.cart_lines as cart_lin2_1_5_, cart5_.grand_total as grand_to3_1_5_, cart5_.user_id as user_id4_1_5_, product6_.id as id1_6_6_, product6_.is_active as is_activ2_6_6_, product6_.brand as brand3_6_6_, product6_.category_id as category4_6_6_, product6_.code as code5_6_6_, product6_.description as descript6_6_6_, product6_.name as name7_6_6_, product6_.purchases as purchase8_6_6_, product6_.quantity as quantity9_6_6_, product6_.supplier_id as supplie10_6_6_, product6_.unit_price as unit_pr11_6_6_, product6_.views as views12_6_6_ from order_item orderitem0_ left outer join order_detail orderdetai1_ on orderitem0_.order_id=orderdetai1_.id left outer join Address address2_ on orderdetai1_.billing_id=address2_.id left outer join Address address3_ on orderdetai1_.shipping_id=address3_.id left outer join user_detail user4_ on orderdetai1_.user_id=user4_.id left outer join Cart cart5_ on user4_.id=cart5_.user_id left outer join Product product6_ on orderitem0_.product_id=product6_.id where orderitem0_.id=?
17:17:35.884 [main] DEBUG org.hibernate.loader.plan.build.internal.spaces.QuerySpacesImpl - Adding QuerySpace : uid = &lt;gen:0&gt; -&gt; org.hibernate.loader.plan.build.internal.spaces.EntityQuerySpaceImpl@32f0c7f8]
17:17:35.884 [main] DEBUG org.hibernate.persister.walking.spi.MetamodelGraphWalker - Visiting attribute path : buyingPrice
17:17:35.884 [main] DEBUG org.hibernate.persister.walking.spi.MetamodelGraphWalker - Visiting attribute path : orderDetail
17:17:35.884 [main] DEBUG org.hibernate.loader.plan.build.internal.spaces.QuerySpacesImpl - Adding QuerySpace : uid = &lt;gen:1&gt; -&gt; org.hibernate.loader.plan.build.internal.spaces.EntityQuerySpaceImpl@71f96dfb]
17:17:35.885 [main] DEBUG org.hibernate.persister.walking.spi.MetamodelGraphWalker - Visiting attribute path : orderDetail.billing
17:17:35.885 [main] DEBUG org.hibernate.loader.plan.build.internal.spaces.QuerySpacesImpl - Adding QuerySpace : uid = &lt;gen:2&gt; -&gt; org.hibernate.loader.plan.build.internal.spaces.EntityQuerySpaceImpl@69e05f61]
17:17:35.885 [main] DEBUG org.hibernate.persister.walking.spi.MetamodelGraphWalker - Visiting attribute path : orderDetail.billing.addressLineOne
17:17:35.885 [main] DEBUG org.hibernate.persister.walking.spi.MetamodelGraphWalker - Visiting attribute path : orderDetail.billing.addressLineTwo
17:17:35.885 [main] DEBUG org.hibernate.persister.walking.spi.MetamodelGraphWalker - Visiting attribute path : orderDetail.billing.billing
17:17:35.886 [main] DEBUG org.hibernate.persister.walking.spi.MetamodelGraphWalker - Visiting attribute path : orderDetail.billing.city
17:17:35.886 [main] DEBUG org.hibernate.persister.walking.spi.MetamodelGraphWalker - Visiting attribute path : orderDetail.billing.country
17:17:35.886 [main] DEBUG org.hibernate.persister.walking.spi.MetamodelGraphWalker - Visiting attribute path : orderDetail.billing.postalCode
17:17:35.886 [main] DEBUG org.hibernate.persister.walking.spi.MetamodelGraphWalker - Visiting attribute path : orderDetail.billing.shipping
17:17:35.886 [main] DEBUG org.hibernate.persister.walking.spi.MetamodelGraphWalker - Visiting attribute path : orderDetail.billing.state
17:17:35.887 [main] DEBUG org.hibernate.persister.walking.spi.MetamodelGraphWalker - Visiting attribute path : orderDetail.billing.userId
17:17:35.887 [main] DEBUG org.hibernate.persister.walking.spi.MetamodelGraphWalker - Visiting attribute path : orderDetail.orderCount
17:17:35.887 [main] DEBUG org.hibernate.persister.walking.spi.MetamodelGraphWalker - Visiting attribute path : orderDetail.orderDate
17:17:35.887 [main] DEBUG org.hibernate.persister.walking.spi.MetamodelGraphWalker - Visiting attribute path : orderDetail.orderItems
17:17:35.887 [main] DEBUG org.hibernate.persister.walking.spi.MetamodelGraphWalker - Property path deemed to be circular : orderDetail.orderItems
17:17:35.887 [main] DEBUG org.hibernate.persister.walking.spi.MetamodelGraphWalker - Visiting attribute path : orderDetail.orderTotal
17:17:35.887 [main] DEBUG org.hibernate.persister.walking.spi.MetamodelGraphWalker - Visiting attribute path : orderDetail.shipping
17:17:35.888 [main] DEBUG org.hibernate.loader.plan.build.internal.spaces.QuerySpacesImpl - Adding QuerySpace : uid = &lt;gen:3&gt; -&gt; org.hibernate.loader.plan.build.internal.spaces.EntityQuerySpaceImpl@730e5763]
17:17:35.888 [main] DEBUG org.hibernate.persister.walking.spi.MetamodelGraphWalker - Visiting attribute path : orderDetail.shipping.addressLineOne
17:17:35.888 [main] DEBUG org.hibernate.persister.walking.spi.MetamodelGraphWalker - Visiting attribute path : orderDetail.shipping.addressLineTwo
17:17:35.888 [main] DEBUG org.hibernate.persister.walking.spi.MetamodelGraphWalker - Visiting attribute path : orderDetail.shipping.billing
17:17:35.888 [main] DEBUG org.hibernate.persister.walking.spi.MetamodelGraphWalker - Visiting attribute path : orderDetail.shipping.city
17:17:35.888 [main] DEBUG org.hibernate.persister.walking.spi.MetamodelGraphWalker - Visiting attribute path : orderDetail.shipping.country
17:17:35.888 [main] DEBUG org.hibernate.persister.walking.spi.MetamodelGraphWalker - Visiting attribute path : orderDetail.shipping.postalCode
17:17:35.889 [main] DEBUG org.hibernate.persister.walking.spi.MetamodelGraphWalker - Visiting attribute path : orderDetail.shipping.shipping
17:17:35.889 [main] DEBUG org.hibernate.persister.walking.spi.MetamodelGraphWalker - Visiting attribute path : orderDetail.shipping.state
17:17:35.889 [main] DEBUG org.hibernate.persister.walking.spi.MetamodelGraphWalker - Visiting attribute path : orderDetail.shipping.userId
17:17:35.889 [main] DEBUG org.hibernate.persister.walking.spi.MetamodelGraphWalker - Visiting attribute path : orderDetail.user
17:17:35.889 [main] DEBUG org.hibernate.loader.plan.build.internal.spaces.QuerySpacesImpl - Adding QuerySpace : uid = &lt;gen:4&gt; -&gt; org.hibernate.loader.plan.build.internal.spaces.EntityQuerySpaceImpl@19058533]
17:17:35.889 [main] DEBUG org.hibernate.persister.walking.spi.MetamodelGraphWalker - Visiting attribute path : orderDetail.user.contactNumber
17:17:35.889 [main] DEBUG org.hibernate.persister.walking.spi.MetamodelGraphWalker - Visiting attribute path : orderDetail.user.email
17:17:35.890 [main] DEBUG org.hibernate.persister.walking.spi.MetamodelGraphWalker - Visiting attribute path : orderDetail.user.enabled
17:17:35.890 [main] DEBUG org.hibernate.persister.walking.spi.MetamodelGraphWalker - Visiting attribute path : orderDetail.user.firstName
17:17:35.890 [main] DEBUG org.hibernate.persister.walking.spi.MetamodelGraphWalker - Visiting attribute path : orderDetail.user.lastName
17:17:35.890 [main] DEBUG org.hibernate.persister.walking.spi.MetamodelGraphWalker - Visiting attribute path : orderDetail.user.password
17:17:35.890 [main] DEBUG org.hibernate.persister.walking.spi.MetamodelGraphWalker - Visiting attribute path : orderDetail.user.role
17:17:35.890 [main] DEBUG org.hibernate.persister.walking.spi.MetamodelGraphWalker - Visiting attribute path : orderDetail.user.cart
17:17:35.890 [main] DEBUG org.hibernate.loader.plan.build.internal.spaces.QuerySpacesImpl - Adding QuerySpace : uid = &lt;gen:5&gt; -&gt; org.hibernate.loader.plan.build.internal.spaces.EntityQuerySpaceImpl@42210be1]
17:17:35.890 [main] DEBUG org.hibernate.persister.walking.spi.MetamodelGraphWalker - Visiting attribute path : orderDetail.user.cart.cartLines
17:17:35.891 [main] DEBUG org.hibernate.persister.walking.spi.MetamodelGraphWalker - Visiting attribute path : orderDetail.user.cart.grandTotal
17:17:35.891 [main] DEBUG org.hibernate.persister.walking.spi.MetamodelGraphWalker - Visiting attribute path : orderDetail.user.cart.user
17:17:35.891 [main] DEBUG org.hibernate.persister.walking.spi.MetamodelGraphWalker - Property path deemed to be circular : orderDetail.user.cart.user
17:17:35.891 [main] DEBUG org.hibernate.persister.walking.spi.MetamodelGraphWalker - Visiting attribute path : product
17:17:35.891 [main] DEBUG org.hibernate.loader.plan.build.internal.spaces.QuerySpacesImpl - Adding QuerySpace : uid = &lt;gen:6&gt; -&gt; org.hibernate.loader.plan.build.internal.spaces.EntityQuerySpaceImpl@2babf189]
17:17:35.891 [main] DEBUG org.hibernate.persister.walking.spi.MetamodelGraphWalker - Visiting attribute path : product.active
17:17:35.891 [main] DEBUG org.hibernate.persister.walking.spi.MetamodelGraphWalker - Visiting attribute path : product.brand
17:17:35.892 [main] DEBUG org.hibernate.persister.walking.spi.MetamodelGraphWalker - Visiting attribute path : product.categoryId
17:17:35.892 [main] DEBUG org.hibernate.persister.walking.spi.MetamodelGraphWalker - Visiting attribute path : product.code
17:17:35.892 [main] DEBUG org.hibernate.persister.walking.spi.MetamodelGraphWalker - Visiting attribute path : product.description
17:17:35.892 [main] DEBUG org.hibernate.persister.walking.spi.MetamodelGraphWalker - Visiting attribute path : product.name
17:17:35.892 [main] DEBUG org.hibernate.persister.walking.spi.MetamodelGraphWalker - Visiting attribute path : product.purchases
17:17:35.892 [main] DEBUG org.hibernate.persister.walking.spi.MetamodelGraphWalker - Visiting attribute path : product.quantity
17:17:35.892 [main] DEBUG org.hibernate.persister.walking.spi.MetamodelGraphWalker - Visiting attribute path : product.supplierId
17:17:35.892 [main] DEBUG org.hibernate.persister.walking.spi.MetamodelGraphWalker - Visiting attribute path : product.unitPrice
17:17:35.892 [main] DEBUG org.hibernate.persister.walking.spi.MetamodelGraphWalker - Visiting attribute path : product.views
17:17:35.893 [main] DEBUG org.hibernate.persister.walking.spi.MetamodelGraphWalker - Visiting attribute path : productCount
17:17:35.893 [main] DEBUG org.hibernate.persister.walking.spi.MetamodelGraphWalker - Visiting attribute path : total
17:17:35.893 [main] DEBUG org.hibernate.loader.plan.build.internal.FetchStyleLoadPlanBuildingAssociationVisitationStrategy - Building LoadPlan...
17:17:35.893 [main] DEBUG org.hibernate.loader.plan.exec.internal.LoadQueryJoinAndFetchProcessor - processing queryspace &lt;gen:0&gt;
17:17:35.896 [main] DEBUG org.hibernate.loader.plan.build.spi.LoadPlanTreePrinter - LoadPlan(entity=com.shoppingbackend.model.OrderItem)
    - Returns
       - EntityReturnImpl(entity=com.shoppingbackend.model.OrderItem, querySpaceUid=&lt;gen:0&gt;, path=com.shoppingbackend.model.OrderItem)
          - EntityAttributeFetchImpl(entity=com.shoppingbackend.model.OrderDetail, querySpaceUid=&lt;gen:1&gt;, path=com.shoppingbackend.model.OrderItem.orderDetail)
             - EntityAttributeFetchImpl(entity=com.shoppingbackend.model.Address, querySpaceUid=&lt;gen:2&gt;, path=com.shoppingbackend.model.OrderItem.orderDetail.billing)
             - EntityAttributeFetchImpl(entity=com.shoppingbackend.model.Address, querySpaceUid=&lt;gen:3&gt;, path=com.shoppingbackend.model.OrderItem.orderDetail.shipping)
             - EntityAttributeFetchImpl(entity=com.shoppingbackend.model.User, querySpaceUid=&lt;gen:4&gt;, path=com.shoppingbackend.model.OrderItem.orderDetail.user)
                - EntityAttributeFetchImpl(entity=com.shoppingbackend.model.Cart, querySpaceUid=&lt;gen:5&gt;, path=com.shoppingbackend.model.OrderItem.orderDetail.user.cart)
          - EntityAttributeFetchImpl(entity=com.shoppingbackend.model.Product, querySpaceUid=&lt;gen:6&gt;, path=com.shoppingbackend.model.OrderItem.product)
    - QuerySpaces
       - EntityQuerySpaceImpl(uid=&lt;gen:0&gt;, entity=com.shoppingbackend.model.OrderItem)
          - SQL table alias mapping - orderitem0_
          - alias suffix - 0_
          - suffixed key columns - {id1_5_0_}
          - JOIN (JoinDefinedByMetadata(orderDetail)) : &lt;gen:0&gt; -&gt; &lt;gen:1&gt;
             - EntityQuerySpaceImpl(uid=&lt;gen:1&gt;, entity=com.shoppingbackend.model.OrderDetail)
                - SQL table alias mapping - orderdetai1_
                - alias suffix - 1_
                - suffixed key columns - {id1_4_1_}
                - JOIN (JoinDefinedByMetadata(billing)) : &lt;gen:1&gt; -&gt; &lt;gen:2&gt;
                   - EntityQuerySpaceImpl(uid=&lt;gen:2&gt;, entity=com.shoppingbackend.model.Address)
                      - SQL table alias mapping - address2_
                      - alias suffix - 2_
                      - suffixed key columns - {id1_0_2_}
                - JOIN (JoinDefinedByMetadata(shipping)) : &lt;gen:1&gt; -&gt; &lt;gen:3&gt;
                   - EntityQuerySpaceImpl(uid=&lt;gen:3&gt;, entity=com.shoppingbackend.model.Address)
                      - SQL table alias mapping - address3_
                      - alias suffix - 3_
                      - suffixed key columns - {id1_0_3_}
                - JOIN (JoinDefinedByMetadata(user)) : &lt;gen:1&gt; -&gt; &lt;gen:4&gt;
                   - EntityQuerySpaceImpl(uid=&lt;gen:4&gt;, entity=com.shoppingbackend.model.User)
                      - SQL table alias mapping - user4_
                      - alias suffix - 4_
                      - suffixed key columns - {id1_8_4_}
                      - JOIN (JoinDefinedByMetadata(cart)) : &lt;gen:4&gt; -&gt; &lt;gen:5&gt;
                         - EntityQuerySpaceImpl(uid=&lt;gen:5&gt;, entity=com.shoppingbackend.model.Cart)
                            - SQL table alias mapping - cart5_
                            - alias suffix - 5_
                            - suffixed key columns - {id1_1_5_}
          - JOIN (JoinDefinedByMetadata(product)) : &lt;gen:0&gt; -&gt; &lt;gen:6&gt;
             - EntityQuerySpaceImpl(uid=&lt;gen:6&gt;, entity=com.shoppingbackend.model.Product)
                - SQL table alias mapping - product6_
                - alias suffix - 6_
                - suffixed key columns - {id1_6_6_}

17:17:35.897 [main] DEBUG org.hibernate.loader.entity.plan.EntityLoader - Static select for entity com.shoppingbackend.model.OrderItem [READ]: select orderitem0_.id as id1_5_0_, orderitem0_.buying_price as buying_p2_5_0_, orderitem0_.order_id as order_id5_5_0_, orderitem0_.product_id as product_6_5_0_, orderitem0_.product_count as product_3_5_0_, orderitem0_.total as total4_5_0_, orderdetai1_.id as id1_4_1_, orderdetai1_.billing_id as billing_5_4_1_, orderdetai1_.order_count as order_co2_4_1_, orderdetai1_.order_date as order_da3_4_1_, orderdetai1_.order_total as order_to4_4_1_, orderdetai1_.shipping_id as shipping6_4_1_, orderdetai1_.user_id as user_id7_4_1_, address2_.id as id1_0_2_, address2_.address_line_one as address_2_0_2_, address2_.address_line_two as address_3_0_2_, address2_.is_billing as is_billi4_0_2_, address2_.city as city5_0_2_, address2_.country as country6_0_2_, address2_.postal_code as postal_c7_0_2_, address2_.is_shipping as is_shipp8_0_2_, address2_.state as state9_0_2_, address2_.user_id as user_id10_0_2_, address3_.id as id1_0_3_, address3_.address_line_one as address_2_0_3_, address3_.address_line_two as address_3_0_3_, address3_.is_billing as is_billi4_0_3_, address3_.city as city5_0_3_, address3_.country as country6_0_3_, address3_.postal_code as postal_c7_0_3_, address3_.is_shipping as is_shipp8_0_3_, address3_.state as state9_0_3_, address3_.user_id as user_id10_0_3_, user4_.id as id1_8_4_, user4_.contact_number as contact_2_8_4_, user4_.email as email3_8_4_, user4_.enabled as enabled4_8_4_, user4_.first_name as first_na5_8_4_, user4_.last_name as last_nam6_8_4_, user4_.password as password7_8_4_, user4_.role as role8_8_4_, cart5_.id as id1_1_5_, cart5_.cart_lines as cart_lin2_1_5_, cart5_.grand_total as grand_to3_1_5_, cart5_.user_id as user_id4_1_5_, product6_.id as id1_6_6_, product6_.is_active as is_activ2_6_6_, product6_.brand as brand3_6_6_, product6_.category_id as category4_6_6_, product6_.code as code5_6_6_, product6_.description as descript6_6_6_, product6_.name as name7_6_6_, product6_.purchases as purchase8_6_6_, product6_.quantity as quantity9_6_6_, product6_.supplier_id as supplie10_6_6_, product6_.unit_price as unit_pr11_6_6_, product6_.views as views12_6_6_ from order_item orderitem0_ left outer join order_detail orderdetai1_ on orderitem0_.order_id=orderdetai1_.id left outer join Address address2_ on orderdetai1_.billing_id=address2_.id left outer join Address address3_ on orderdetai1_.shipping_id=address3_.id left outer join user_detail user4_ on orderdetai1_.user_id=user4_.id left outer join Cart cart5_ on user4_.id=cart5_.user_id left outer join Product product6_ on orderitem0_.product_id=product6_.id where orderitem0_.id=?
17:17:35.897 [main] DEBUG org.hibernate.loader.plan.build.internal.spaces.QuerySpacesImpl - Adding QuerySpace : uid = &lt;gen:0&gt; -&gt; org.hibernate.loader.plan.build.internal.spaces.EntityQuerySpaceImpl@dab48d3]
17:17:35.897 [main] DEBUG org.hibernate.persister.walking.spi.MetamodelGraphWalker - Visiting attribute path : buyingPrice
17:17:35.897 [main] DEBUG org.hibernate.persister.walking.spi.MetamodelGraphWalker - Visiting attribute path : orderDetail
17:17:35.897 [main] DEBUG org.hibernate.loader.plan.build.internal.spaces.QuerySpacesImpl - Adding QuerySpace : uid = &lt;gen:1&gt; -&gt; org.hibernate.loader.plan.build.internal.spaces.EntityQuerySpaceImpl@7159a5cd]
17:17:35.898 [main] DEBUG org.hibernate.persister.walking.spi.MetamodelGraphWalker - Visiting attribute path : product
17:17:35.898 [main] DEBUG org.hibernate.loader.plan.build.internal.spaces.QuerySpacesImpl - Adding QuerySpace : uid = &lt;gen:2&gt; -&gt; org.hibernate.loader.plan.build.internal.spaces.EntityQuerySpaceImpl@4f966719]
17:17:35.898 [main] DEBUG org.hibernate.persister.walking.spi.MetamodelGraphWalker - Visiting attribute path : productCount
17:17:35.898 [main] DEBUG org.hibernate.persister.walking.spi.MetamodelGraphWalker - Visiting attribute path : total
17:17:35.898 [main] DEBUG org.hibernate.loader.plan.build.internal.FetchStyleLoadPlanBuildingAssociationVisitationStrategy - Building LoadPlan...
17:17:35.898 [main] DEBUG org.hibernate.loader.plan.exec.internal.LoadQueryJoinAndFetchProcessor - processing queryspace &lt;gen:0&gt;
17:17:35.900 [main] DEBUG org.hibernate.loader.plan.build.spi.LoadPlanTreePrinter - LoadPlan(entity=com.shoppingbackend.model.OrderItem)
    - Returns
       - EntityReturnImpl(entity=com.shoppingbackend.model.OrderItem, querySpaceUid=&lt;gen:0&gt;, path=com.shoppingbackend.model.OrderItem)
          - EntityAttributeFetchImpl(entity=com.shoppingbackend.model.OrderDetail, querySpaceUid=&lt;gen:1&gt;, path=com.shoppingbackend.model.OrderItem.orderDetail)
          - EntityAttributeFetchImpl(entity=com.shoppingbackend.model.Product, querySpaceUid=&lt;gen:2&gt;, path=com.shoppingbackend.model.OrderItem.product)
    - QuerySpaces
       - EntityQuerySpaceImpl(uid=&lt;gen:0&gt;, entity=com.shoppingbackend.model.OrderItem)
          - SQL table alias mapping - orderitem0_
          - alias suffix - 0_
          - suffixed key columns - {id1_5_0_}

17:17:35.900 [main] DEBUG org.hibernate.loader.entity.plan.EntityLoader - Static select for entity com.shoppingbackend.model.OrderItem [UPGRADE]: select orderitem0_.id as id1_5_0_, orderitem0_.buying_price as buying_p2_5_0_, orderitem0_.order_id as order_id5_5_0_, orderitem0_.product_id as product_6_5_0_, orderitem0_.product_count as product_3_5_0_, orderitem0_.total as total4_5_0_ from order_item orderitem0_ where orderitem0_.id=? for update
17:17:35.900 [main] DEBUG org.hibernate.loader.plan.build.internal.spaces.QuerySpacesImpl - Adding QuerySpace : uid = &lt;gen:0&gt; -&gt; org.hibernate.loader.plan.build.internal.spaces.EntityQuerySpaceImpl@18ac53e8]
17:17:35.901 [main] DEBUG org.hibernate.persister.walking.spi.MetamodelGraphWalker - Visiting attribute path : buyingPrice
17:17:35.901 [main] DEBUG org.hibernate.persister.walking.spi.MetamodelGraphWalker - Visiting attribute path : orderDetail
17:17:35.901 [main] DEBUG org.hibernate.loader.plan.build.internal.spaces.QuerySpacesImpl - Adding QuerySpace : uid = &lt;gen:1&gt; -&gt; org.hibernate.loader.plan.build.internal.spaces.EntityQuerySpaceImpl@7063686f]
17:17:35.901 [main] DEBUG org.hibernate.persister.walking.spi.MetamodelGraphWalker - Visiting attribute path : product
17:17:35.901 [main] DEBUG org.hibernate.loader.plan.build.internal.spaces.QuerySpacesImpl - Adding QuerySpace : uid = &lt;gen:2&gt; -&gt; org.hibernate.loader.plan.build.internal.spaces.EntityQuerySpaceImpl@c3177d5]
17:17:35.901 [main] DEBUG org.hibernate.persister.walking.spi.MetamodelGraphWalker - Visiting attribute path : productCount
17:17:35.902 [main] DEBUG org.hibernate.persister.walking.spi.MetamodelGraphWalker - Visiting attribute path : total
17:17:35.902 [main] DEBUG org.hibernate.loader.plan.build.internal.FetchStyleLoadPlanBuildingAssociationVisitationStrategy - Building LoadPlan...
17:17:35.902 [main] DEBUG org.hibernate.loader.plan.exec.internal.LoadQueryJoinAndFetchProcessor - processing queryspace &lt;gen:0&gt;
17:17:35.903 [main] DEBUG org.hibernate.loader.plan.build.spi.LoadPlanTreePrinter - LoadPlan(entity=com.shoppingbackend.model.OrderItem)
    - Returns
       - EntityReturnImpl(entity=com.shoppingbackend.model.OrderItem, querySpaceUid=&lt;gen:0&gt;, path=com.shoppingbackend.model.OrderItem)
          - EntityAttributeFetchImpl(entity=com.shoppingbackend.model.OrderDetail, querySpaceUid=&lt;gen:1&gt;, path=com.shoppingbackend.model.OrderItem.orderDetail)
          - EntityAttributeFetchImpl(entity=com.shoppingbackend.model.Product, querySpaceUid=&lt;gen:2&gt;, path=com.shoppingbackend.model.OrderItem.product)
    - QuerySpaces
       - EntityQuerySpaceImpl(uid=&lt;gen:0&gt;, entity=com.shoppingbackend.model.OrderItem)
          - SQL table alias mapping - orderitem0_
          - alias suffix - 0_
          - suffixed key columns - {id1_5_0_}

17:17:35.903 [main] DEBUG org.hibernate.loader.entity.plan.EntityLoader - Static select for entity com.shoppingbackend.model.OrderItem [UPGRADE_NOWAIT]: select orderitem0_.id as id1_5_0_, orderitem0_.buying_price as buying_p2_5_0_, orderitem0_.order_id as order_id5_5_0_, orderitem0_.product_id as product_6_5_0_, orderitem0_.product_count as product_3_5_0_, orderitem0_.total as total4_5_0_ from order_item orderitem0_ where orderitem0_.id=? for update
17:17:35.904 [main] DEBUG org.hibernate.loader.plan.build.internal.spaces.QuerySpacesImpl - Adding QuerySpace : uid = &lt;gen:0&gt; -&gt; org.hibernate.loader.plan.build.internal.spaces.EntityQuerySpaceImpl@76f856a8]
17:17:35.904 [main] DEBUG org.hibernate.persister.walking.spi.MetamodelGraphWalker - Visiting attribute path : buyingPrice
17:17:35.904 [main] DEBUG org.hibernate.persister.walking.spi.MetamodelGraphWalker - Visiting attribute path : orderDetail
17:17:35.904 [main] DEBUG org.hibernate.loader.plan.build.internal.spaces.QuerySpacesImpl - Adding QuerySpace : uid = &lt;gen:1&gt; -&gt; org.hibernate.loader.plan.build.internal.spaces.EntityQuerySpaceImpl@174e1b69]
17:17:35.904 [main] DEBUG org.hibernate.persister.walking.spi.MetamodelGraphWalker - Visiting attribute path : product
17:17:35.904 [main] DEBUG org.hibernate.loader.plan.build.internal.spaces.QuerySpacesImpl - Adding QuerySpace : uid = &lt;gen:2&gt; -&gt; org.hibernate.loader.plan.build.internal.spaces.EntityQuerySpaceImpl@1046498a]
17:17:35.904 [main] DEBUG org.hibernate.persister.walking.spi.MetamodelGraphWalker - Visiting attribute path : productCount
17:17:35.904 [main] DEBUG org.hibernate.persister.walking.spi.MetamodelGraphWalker - Visiting attribute path : total
17:17:35.905 [main] DEBUG org.hibernate.loader.plan.build.internal.FetchStyleLoadPlanBuildingAssociationVisitationStrategy - Building LoadPlan...
17:17:35.905 [main] DEBUG org.hibernate.loader.plan.exec.internal.LoadQueryJoinAndFetchProcessor - processing queryspace &lt;gen:0&gt;
17:17:35.905 [main] DEBUG org.hibernate.loader.plan.build.spi.LoadPlanTreePrinter - LoadPlan(entity=com.shoppingbackend.model.OrderItem)
    - Returns
       - EntityReturnImpl(entity=com.shoppingbackend.model.OrderItem, querySpaceUid=&lt;gen:0&gt;, path=com.shoppingbackend.model.OrderItem)
          - EntityAttributeFetchImpl(entity=com.shoppingbackend.model.OrderDetail, querySpaceUid=&lt;gen:1&gt;, path=com.shoppingbackend.model.OrderItem.orderDetail)
          - EntityAttributeFetchImpl(entity=com.shoppingbackend.model.Product, querySpaceUid=&lt;gen:2&gt;, path=com.shoppingbackend.model.OrderItem.product)
    - QuerySpaces
       - EntityQuerySpaceImpl(uid=&lt;gen:0&gt;, entity=com.shoppingbackend.model.OrderItem)
          - SQL table alias mapping - orderitem0_
          - alias suffix - 0_
          - suffixed key columns - {id1_5_0_}

17:17:35.912 [main] DEBUG org.hibernate.loader.entity.plan.EntityLoader - Static select for entity com.shoppingbackend.model.OrderItem [UPGRADE_SKIPLOCKED]: select orderitem0_.id as id1_5_0_, orderitem0_.buying_price as buying_p2_5_0_, orderitem0_.order_id as order_id5_5_0_, orderitem0_.product_id as product_6_5_0_, orderitem0_.product_count as product_3_5_0_, orderitem0_.total as total4_5_0_ from order_item orderitem0_ where orderitem0_.id=? for update
17:17:35.912 [main] DEBUG org.hibernate.loader.plan.build.internal.spaces.QuerySpacesImpl - Adding QuerySpace : uid = &lt;gen:0&gt; -&gt; org.hibernate.loader.plan.build.internal.spaces.EntityQuerySpaceImpl@243f003c]
17:17:35.913 [main] DEBUG org.hibernate.persister.walking.spi.MetamodelGraphWalker - Visiting attribute path : buyingPrice
17:17:35.913 [main] DEBUG org.hibernate.persister.walking.spi.MetamodelGraphWalker - Visiting attribute path : orderDetail
17:17:35.913 [main] DEBUG org.hibernate.loader.plan.build.internal.spaces.QuerySpacesImpl - Adding QuerySpace : uid = &lt;gen:1&gt; -&gt; org.hibernate.loader.plan.build.internal.spaces.EntityQuerySpaceImpl@1639f93a]
17:17:35.913 [main] DEBUG org.hibernate.persister.walking.spi.MetamodelGraphWalker - Visiting attribute path : product
17:17:35.914 [main] DEBUG org.hibernate.loader.plan.build.internal.spaces.QuerySpacesImpl - Adding QuerySpace : uid = &lt;gen:2&gt; -&gt; org.hibernate.loader.plan.build.internal.spaces.EntityQuerySpaceImpl@3491e86e]
17:17:35.914 [main] DEBUG org.hibernate.persister.walking.spi.MetamodelGraphWalker - Visiting attribute path : productCount
17:17:35.915 [main] DEBUG org.hibernate.persister.walking.spi.MetamodelGraphWalker - Visiting attribute path : total
17:17:35.915 [main] DEBUG org.hibernate.loader.plan.build.internal.FetchStyleLoadPlanBuildingAssociationVisitationStrategy - Building LoadPlan...
17:17:35.916 [main] DEBUG org.hibernate.loader.plan.exec.internal.LoadQueryJoinAndFetchProcessor - processing queryspace &lt;gen:0&gt;
17:17:35.918 [main] DEBUG org.hibernate.loader.plan.build.spi.LoadPlanTreePrinter - LoadPlan(entity=com.shoppingbackend.model.OrderItem)
    - Returns
       - EntityReturnImpl(entity=com.shoppingbackend.model.OrderItem, querySpaceUid=&lt;gen:0&gt;, path=com.shoppingbackend.model.OrderItem)
          - EntityAttributeFetchImpl(entity=com.shoppingbackend.model.OrderDetail, querySpaceUid=&lt;gen:1&gt;, path=com.shoppingbackend.model.OrderItem.orderDetail)
          - EntityAttributeFetchImpl(entity=com.shoppingbackend.model.Product, querySpaceUid=&lt;gen:2&gt;, path=com.shoppingbackend.model.OrderItem.product)
    - QuerySpaces
       - EntityQuerySpaceImpl(uid=&lt;gen:0&gt;, entity=com.shoppingbackend.model.OrderItem)
          - SQL table alias mapping - orderitem0_
          - alias suffix - 0_
          - suffixed key columns - {id1_5_0_}

17:17:35.920 [main] DEBUG org.hibernate.loader.entity.plan.EntityLoader - Static select for entity com.shoppingbackend.model.OrderItem [FORCE]: select orderitem0_.id as id1_5_0_, orderitem0_.buying_price as buying_p2_5_0_, orderitem0_.order_id as order_id5_5_0_, orderitem0_.product_id as product_6_5_0_, orderitem0_.product_count as product_3_5_0_, orderitem0_.total as total4_5_0_ from order_item orderitem0_ where orderitem0_.id=? for update
17:17:35.921 [main] DEBUG org.hibernate.loader.plan.build.internal.spaces.QuerySpacesImpl - Adding QuerySpace : uid = &lt;gen:0&gt; -&gt; org.hibernate.loader.plan.build.internal.spaces.EntityQuerySpaceImpl@68f32020]
17:17:35.921 [main] DEBUG org.hibernate.persister.walking.spi.MetamodelGraphWalker - Visiting attribute path : buyingPrice
17:17:35.922 [main] DEBUG org.hibernate.persister.walking.spi.MetamodelGraphWalker - Visiting attribute path : orderDetail
17:17:35.922 [main] DEBUG org.hibernate.loader.plan.build.internal.spaces.QuerySpacesImpl - Adding QuerySpace : uid = &lt;gen:1&gt; -&gt; org.hibernate.loader.plan.build.internal.spaces.EntityQuerySpaceImpl@19b047fe]
17:17:35.922 [main] DEBUG org.hibernate.persister.walking.spi.MetamodelGraphWalker - Visiting attribute path : product
17:17:35.923 [main] DEBUG org.hibernate.loader.plan.build.internal.spaces.QuerySpacesImpl - Adding QuerySpace : uid = &lt;gen:2&gt; -&gt; org.hibernate.loader.plan.build.internal.spaces.EntityQuerySpaceImpl@22590e3e]
17:17:35.923 [main] DEBUG org.hibernate.persister.walking.spi.MetamodelGraphWalker - Visiting attribute path : productCount
17:17:35.923 [main] DEBUG org.hibernate.persister.walking.spi.MetamodelGraphWalker - Visiting attribute path : total
17:17:35.924 [main] DEBUG org.hibernate.loader.plan.build.internal.FetchStyleLoadPlanBuildingAssociationVisitationStrategy - Building LoadPlan...
17:17:35.924 [main] DEBUG org.hibernate.loader.plan.exec.internal.LoadQueryJoinAndFetchProcessor - processing queryspace &lt;gen:0&gt;
17:17:35.925 [main] DEBUG org.hibernate.loader.plan.build.spi.LoadPlanTreePrinter - LoadPlan(entity=com.shoppingbackend.model.OrderItem)
    - Returns
       - EntityReturnImpl(entity=com.shoppingbackend.model.OrderItem, querySpaceUid=&lt;gen:0&gt;, path=com.shoppingbackend.model.OrderItem)
          - EntityAttributeFetchImpl(entity=com.shoppingbackend.model.OrderDetail, querySpaceUid=&lt;gen:1&gt;, path=com.shoppingbackend.model.OrderItem.orderDetail)
          - EntityAttributeFetchImpl(entity=com.shoppingbackend.model.Product, querySpaceUid=&lt;gen:2&gt;, path=com.shoppingbackend.model.OrderItem.product)
    - QuerySpaces
       - EntityQuerySpaceImpl(uid=&lt;gen:0&gt;, entity=com.shoppingbackend.model.OrderItem)
          - SQL table alias mapping - orderitem0_
          - alias suffix - 0_
          - suffixed key columns - {id1_5_0_}

17:17:35.926 [main] DEBUG org.hibernate.loader.entity.plan.EntityLoader - Static select for entity com.shoppingbackend.model.OrderItem [PESSIMISTIC_READ]: select orderitem0_.id as id1_5_0_, orderitem0_.buying_price as buying_p2_5_0_, orderitem0_.order_id as order_id5_5_0_, orderitem0_.product_id as product_6_5_0_, orderitem0_.product_count as product_3_5_0_, orderitem0_.total as total4_5_0_ from order_item orderitem0_ where orderitem0_.id=? for update
17:17:35.927 [main] DEBUG org.hibernate.loader.plan.build.internal.spaces.QuerySpacesImpl - Adding QuerySpace : uid = &lt;gen:0&gt; -&gt; org.hibernate.loader.plan.build.internal.spaces.EntityQuerySpaceImpl@53dad875]
17:17:35.927 [main] DEBUG org.hibernate.persister.walking.spi.MetamodelGraphWalker - Visiting attribute path : buyingPrice
17:17:35.928 [main] DEBUG org.hibernate.persister.walking.spi.MetamodelGraphWalker - Visiting attribute path : orderDetail
17:17:35.928 [main] DEBUG org.hibernate.loader.plan.build.internal.spaces.QuerySpacesImpl - Adding QuerySpace : uid = &lt;gen:1&gt; -&gt; org.hibernate.loader.plan.build.internal.spaces.EntityQuerySpaceImpl@446c3920]
17:17:35.928 [main] DEBUG org.hibernate.persister.walking.spi.MetamodelGraphWalker - Visiting attribute path : product
17:17:35.929 [main] DEBUG org.hibernate.loader.plan.build.internal.spaces.QuerySpacesImpl - Adding QuerySpace : uid = &lt;gen:2&gt; -&gt; org.hibernate.loader.plan.build.internal.spaces.EntityQuerySpaceImpl@2eaef76d]
17:17:35.929 [main] DEBUG org.hibernate.persister.walking.spi.MetamodelGraphWalker - Visiting attribute path : productCount
17:17:35.929 [main] DEBUG org.hibernate.persister.walking.spi.MetamodelGraphWalker - Visiting attribute path : total
17:17:35.929 [main] DEBUG org.hibernate.loader.plan.build.internal.FetchStyleLoadPlanBuildingAssociationVisitationStrategy - Building LoadPlan...
17:17:35.930 [main] DEBUG org.hibernate.loader.plan.exec.internal.LoadQueryJoinAndFetchProcessor - processing queryspace &lt;gen:0&gt;
17:17:35.930 [main] DEBUG org.hibernate.loader.plan.build.spi.LoadPlanTreePrinter - LoadPlan(entity=com.shoppingbackend.model.OrderItem)
    - Returns
       - EntityReturnImpl(entity=com.shoppingbackend.model.OrderItem, querySpaceUid=&lt;gen:0&gt;, path=com.shoppingbackend.model.OrderItem)
          - EntityAttributeFetchImpl(entity=com.shoppingbackend.model.OrderDetail, querySpaceUid=&lt;gen:1&gt;, path=com.shoppingbackend.model.OrderItem.orderDetail)
          - EntityAttributeFetchImpl(entity=com.shoppingbackend.model.Product, querySpaceUid=&lt;gen:2&gt;, path=com.shoppingbackend.model.OrderItem.product)
    - QuerySpaces
       - EntityQuerySpaceImpl(uid=&lt;gen:0&gt;, entity=com.shoppingbackend.model.OrderItem)
          - SQL table alias mapping - orderitem0_
          - alias suffix - 0_
          - suffixed key columns - {id1_5_0_}

17:17:35.931 [main] DEBUG org.hibernate.loader.entity.plan.EntityLoader - Static select for entity com.shoppingbackend.model.OrderItem [PESSIMISTIC_WRITE]: select orderitem0_.id as id1_5_0_, orderitem0_.buying_price as buying_p2_5_0_, orderitem0_.order_id as order_id5_5_0_, orderitem0_.product_id as product_6_5_0_, orderitem0_.product_count as product_3_5_0_, orderitem0_.total as total4_5_0_ from order_item orderitem0_ where orderitem0_.id=? for update
17:17:35.931 [main] DEBUG org.hibernate.loader.plan.build.internal.spaces.QuerySpacesImpl - Adding QuerySpace : uid = &lt;gen:0&gt; -&gt; org.hibernate.loader.plan.build.internal.spaces.EntityQuerySpaceImpl@2b329bbd]
17:17:35.931 [main] DEBUG org.hibernate.persister.walking.spi.MetamodelGraphWalker - Visiting attribute path : buyingPrice
17:17:35.932 [main] DEBUG org.hibernate.persister.walking.spi.MetamodelGraphWalker - Visiting attribute path : orderDetail
17:17:35.932 [main] DEBUG org.hibernate.loader.plan.build.internal.spaces.QuerySpacesImpl - Adding QuerySpace : uid = &lt;gen:1&gt; -&gt; org.hibernate.loader.plan.build.internal.spaces.EntityQuerySpaceImpl@118102ee]
17:17:35.932 [main] DEBUG org.hibernate.persister.walking.spi.MetamodelGraphWalker - Visiting attribute path : product
17:17:35.932 [main] DEBUG org.hibernate.loader.plan.build.internal.spaces.QuerySpacesImpl - Adding QuerySpace : uid = &lt;gen:2&gt; -&gt; org.hibernate.loader.plan.build.internal.spaces.EntityQuerySpaceImpl@48cd9a2c]
17:17:35.934 [main] DEBUG org.hibernate.persister.walking.spi.MetamodelGraphWalker - Visiting attribute path : productCount
17:17:35.935 [main] DEBUG org.hibernate.persister.walking.spi.MetamodelGraphWalker - Visiting attribute path : total
17:17:35.935 [main] DEBUG org.hibernate.loader.plan.build.internal.FetchStyleLoadPlanBuildingAssociationVisitationStrategy - Building LoadPlan...
17:17:35.935 [main] DEBUG org.hibernate.loader.plan.exec.internal.LoadQueryJoinAndFetchProcessor - processing queryspace &lt;gen:0&gt;
17:17:35.937 [main] DEBUG org.hibernate.loader.plan.build.spi.LoadPlanTreePrinter - LoadPlan(entity=com.shoppingbackend.model.OrderItem)
    - Returns
       - EntityReturnImpl(entity=com.shoppingbackend.model.OrderItem, querySpaceUid=&lt;gen:0&gt;, path=com.shoppingbackend.model.OrderItem)
          - EntityAttributeFetchImpl(entity=com.shoppingbackend.model.OrderDetail, querySpaceUid=&lt;gen:1&gt;, path=com.shoppingbackend.model.OrderItem.orderDetail)
          - EntityAttributeFetchImpl(entity=com.shoppingbackend.model.Product, querySpaceUid=&lt;gen:2&gt;, path=com.shoppingbackend.model.OrderItem.product)
    - QuerySpaces
       - EntityQuerySpaceImpl(uid=&lt;gen:0&gt;, entity=com.shoppingbackend.model.OrderItem)
          - SQL table alias mapping - orderitem0_
          - alias suffix - 0_
          - suffixed key columns - {id1_5_0_}

17:17:35.947 [main] DEBUG org.hibernate.loader.entity.plan.EntityLoader - Static select for entity com.shoppingbackend.model.OrderItem [PESSIMISTIC_FORCE_INCREMENT]: select orderitem0_.id as id1_5_0_, orderitem0_.buying_price as buying_p2_5_0_, orderitem0_.order_id as order_id5_5_0_, orderitem0_.product_id as product_6_5_0_, orderitem0_.product_count as product_3_5_0_, orderitem0_.total as total4_5_0_ from order_item orderitem0_ where orderitem0_.id=? for update
17:17:35.947 [main] DEBUG org.hibernate.loader.plan.build.internal.spaces.QuerySpacesImpl - Adding QuerySpace : uid = &lt;gen:0&gt; -&gt; org.hibernate.loader.plan.build.internal.spaces.EntityQuerySpaceImpl@771d1ffb]
17:17:35.948 [main] DEBUG org.hibernate.persister.walking.spi.MetamodelGraphWalker - Visiting attribute path : buyingPrice
17:17:35.948 [main] DEBUG org.hibernate.persister.walking.spi.MetamodelGraphWalker - Visiting attribute path : orderDetail
17:17:35.948 [main] DEBUG org.hibernate.loader.plan.build.internal.spaces.QuerySpacesImpl - Adding QuerySpace : uid = &lt;gen:1&gt; -&gt; org.hibernate.loader.plan.build.internal.spaces.EntityQuerySpaceImpl@56681eaf]
17:17:35.948 [main] DEBUG org.hibernate.persister.walking.spi.MetamodelGraphWalker - Visiting attribute path : product
17:17:35.949 [main] DEBUG org.hibernate.loader.plan.build.internal.spaces.QuerySpacesImpl - Adding QuerySpace : uid = &lt;gen:2&gt; -&gt; org.hibernate.loader.plan.build.internal.spaces.EntityQuerySpaceImpl@72d0f2b4]
17:17:35.949 [main] DEBUG org.hibernate.persister.walking.spi.MetamodelGraphWalker - Visiting attribute path : productCount
17:17:35.949 [main] DEBUG org.hibernate.persister.walking.spi.MetamodelGraphWalker - Visiting attribute path : total
17:17:35.949 [main] DEBUG org.hibernate.loader.plan.build.internal.FetchStyleLoadPlanBuildingAssociationVisitationStrategy - Building LoadPlan...
17:17:35.950 [main] DEBUG org.hibernate.loader.plan.exec.internal.LoadQueryJoinAndFetchProcessor - processing queryspace &lt;gen:0&gt;
17:17:35.950 [main] DEBUG org.hibernate.loader.plan.build.spi.LoadPlanTreePrinter - LoadPlan(entity=com.shoppingbackend.model.OrderItem)
    - Returns
       - EntityReturnImpl(entity=com.shoppingbackend.model.OrderItem, querySpaceUid=&lt;gen:0&gt;, path=com.shoppingbackend.model.OrderItem)
          - EntityAttributeFetchImpl(entity=com.shoppingbackend.model.OrderDetail, querySpaceUid=&lt;gen:1&gt;, path=com.shoppingbackend.model.OrderItem.orderDetail)
          - EntityAttributeFetchImpl(entity=com.shoppingbackend.model.Product, querySpaceUid=&lt;gen:2&gt;, path=com.shoppingbackend.model.OrderItem.product)
    - QuerySpaces
       - EntityQuerySpaceImpl(uid=&lt;gen:0&gt;, entity=com.shoppingbackend.model.OrderItem)
          - SQL table alias mapping - orderitem0_
          - alias suffix - 0_
          - suffixed key columns - {id1_5_0_}

17:17:35.951 [main] DEBUG org.hibernate.loader.entity.plan.EntityLoader - Static select for entity com.shoppingbackend.model.OrderItem [OPTIMISTIC]: select orderitem0_.id as id1_5_0_, orderitem0_.buying_price as buying_p2_5_0_, orderitem0_.order_id as order_id5_5_0_, orderitem0_.product_id as product_6_5_0_, orderitem0_.product_count as product_3_5_0_, orderitem0_.total as total4_5_0_ from order_item orderitem0_ where orderitem0_.id=?
17:17:35.954 [main] DEBUG org.hibernate.loader.plan.build.internal.spaces.QuerySpacesImpl - Adding QuerySpace : uid = &lt;gen:0&gt; -&gt; org.hibernate.loader.plan.build.internal.spaces.EntityQuerySpaceImpl@6d2dc9d2]
17:17:35.954 [main] DEBUG org.hibernate.persister.walking.spi.MetamodelGraphWalker - Visiting attribute path : buyingPrice
17:17:35.954 [main] DEBUG org.hibernate.persister.walking.spi.MetamodelGraphWalker - Visiting attribute path : orderDetail
17:17:35.954 [main] DEBUG org.hibernate.loader.plan.build.internal.spaces.QuerySpacesImpl - Adding QuerySpace : uid = &lt;gen:1&gt; -&gt; org.hibernate.loader.plan.build.internal.spaces.EntityQuerySpaceImpl@b2f4ece]
17:17:35.955 [main] DEBUG org.hibernate.persister.walking.spi.MetamodelGraphWalker - Visiting attribute path : product
17:17:35.955 [main] DEBUG org.hibernate.loader.plan.build.internal.spaces.QuerySpacesImpl - Adding QuerySpace : uid = &lt;gen:2&gt; -&gt; org.hibernate.loader.plan.build.internal.spaces.EntityQuerySpaceImpl@7e1f584d]
17:17:35.955 [main] DEBUG org.hibernate.persister.walking.spi.MetamodelGraphWalker - Visiting attribute path : productCount
17:17:35.955 [main] DEBUG org.hibernate.persister.walking.spi.MetamodelGraphWalker - Visiting attribute path : total
17:17:35.956 [main] DEBUG org.hibernate.loader.plan.build.internal.FetchStyleLoadPlanBuildingAssociationVisitationStrategy - Building LoadPlan...
17:17:35.956 [main] DEBUG org.hibernate.loader.plan.exec.internal.LoadQueryJoinAndFetchProcessor - processing queryspace &lt;gen:0&gt;
17:17:35.957 [main] DEBUG org.hibernate.loader.plan.build.spi.LoadPlanTreePrinter - LoadPlan(entity=com.shoppingbackend.model.OrderItem)
    - Returns
       - EntityReturnImpl(entity=com.shoppingbackend.model.OrderItem, querySpaceUid=&lt;gen:0&gt;, path=com.shoppingbackend.model.OrderItem)
          - EntityAttributeFetchImpl(entity=com.shoppingbackend.model.OrderDetail, querySpaceUid=&lt;gen:1&gt;, path=com.shoppingbackend.model.OrderItem.orderDetail)
          - EntityAttributeFetchImpl(entity=com.shoppingbackend.model.Product, querySpaceUid=&lt;gen:2&gt;, path=com.shoppingbackend.model.OrderItem.product)
    - QuerySpaces
       - EntityQuerySpaceImpl(uid=&lt;gen:0&gt;, entity=com.shoppingbackend.model.OrderItem)
          - SQL table alias mapping - orderitem0_
          - alias suffix - 0_
          - suffixed key columns - {id1_5_0_}

17:17:35.957 [main] DEBUG org.hibernate.loader.entity.plan.EntityLoader - Static select for entity com.shoppingbackend.model.OrderItem [OPTIMISTIC_FORCE_INCREMENT]: select orderitem0_.id as id1_5_0_, orderitem0_.buying_price as buying_p2_5_0_, orderitem0_.order_id as order_id5_5_0_, orderitem0_.product_id as product_6_5_0_, orderitem0_.product_count as product_3_5_0_, orderitem0_.total as total4_5_0_ from order_item orderitem0_ where orderitem0_.id=?
17:17:35.957 [main] DEBUG org.hibernate.loader.Loader - Static select for action ACTION_MERGE on entity com.shoppingbackend.model.OrderItem: select orderitem0_.id as id1_5_0_, orderitem0_.buying_price as buying_p2_5_0_, orderitem0_.order_id as order_id5_5_0_, orderitem0_.product_id as product_6_5_0_, orderitem0_.product_count as product_3_5_0_, orderitem0_.total as total4_5_0_ from order_item orderitem0_ where orderitem0_.id=?
17:17:35.958 [main] DEBUG org.hibernate.loader.Loader - Static select for action ACTION_REFRESH on entity com.shoppingbackend.model.OrderItem: select orderitem0_.id as id1_5_0_, orderitem0_.buying_price as buying_p2_5_0_, orderitem0_.order_id as order_id5_5_0_, orderitem0_.product_id as product_6_5_0_, orderitem0_.product_count as product_3_5_0_, orderitem0_.total as total4_5_0_ from order_item orderitem0_ where orderitem0_.id=?
17:17:35.958 [main] DEBUG org.hibernate.persister.entity.AbstractEntityPersister - Static SQL for entity: com.shoppingbackend.model.Supplier
17:17:35.959 [main] DEBUG org.hibernate.persister.entity.AbstractEntityPersister -  Version select: select sid from supplier where sid =?
17:17:35.959 [main] DEBUG org.hibernate.persister.entity.AbstractEntityPersister -  Snapshot select: select supplier_.sid, supplier_.supplier_name as supplier2_7_ from supplier supplier_ where supplier_.sid=?
17:17:35.959 [main] DEBUG org.hibernate.persister.entity.AbstractEntityPersister -  Insert 0: insert into supplier (supplier_name, sid) values (?, ?)
17:17:35.959 [main] DEBUG org.hibernate.persister.entity.AbstractEntityPersister -  Update 0: update supplier set supplier_name=? where sid=?
17:17:35.960 [main] DEBUG org.hibernate.persister.entity.AbstractEntityPersister -  Delete 0: delete from supplier where sid=?
17:17:35.960 [main] DEBUG org.hibernate.persister.entity.AbstractEntityPersister -  Identity insert: insert into supplier (sid, supplier_name) values (null, ?)
17:17:35.960 [main] DEBUG org.hibernate.loader.plan.build.internal.spaces.QuerySpacesImpl - Adding QuerySpace : uid = &lt;gen:0&gt; -&gt; org.hibernate.loader.plan.build.internal.spaces.EntityQuerySpaceImpl@7dff6d05]
17:17:35.960 [main] DEBUG org.hibernate.persister.walking.spi.MetamodelGraphWalker - Visiting attribute path : supplierName
17:17:35.961 [main] DEBUG org.hibernate.loader.plan.build.internal.FetchStyleLoadPlanBuildingAssociationVisitationStrategy - Building LoadPlan...
17:17:35.961 [main] DEBUG org.hibernate.loader.plan.exec.internal.LoadQueryJoinAndFetchProcessor - processing queryspace &lt;gen:0&gt;
17:17:35.961 [main] DEBUG org.hibernate.loader.plan.build.spi.LoadPlanTreePrinter - LoadPlan(entity=com.shoppingbackend.model.Supplier)
    - Returns
       - EntityReturnImpl(entity=com.shoppingbackend.model.Supplier, querySpaceUid=&lt;gen:0&gt;, path=com.shoppingbackend.model.Supplier)
    - QuerySpaces
       - EntityQuerySpaceImpl(uid=&lt;gen:0&gt;, entity=com.shoppingbackend.model.Supplier)
          - SQL table alias mapping - supplier0_
          - alias suffix - 0_
          - suffixed key columns - {sid1_7_0_}

17:17:35.962 [main] DEBUG org.hibernate.loader.entity.plan.EntityLoader - Static select for entity com.shoppingbackend.model.Supplier [NONE]: select supplier0_.sid as sid1_7_0_, supplier0_.supplier_name as supplier2_7_0_ from supplier supplier0_ where supplier0_.sid=?
17:17:35.962 [main] DEBUG org.hibernate.loader.plan.build.internal.spaces.QuerySpacesImpl - Adding QuerySpace : uid = &lt;gen:0&gt; -&gt; org.hibernate.loader.plan.build.internal.spaces.EntityQuerySpaceImpl@34fe326d]
17:17:35.962 [main] DEBUG org.hibernate.persister.walking.spi.MetamodelGraphWalker - Visiting attribute path : supplierName
17:17:35.963 [main] DEBUG org.hibernate.loader.plan.build.internal.FetchStyleLoadPlanBuildingAssociationVisitationStrategy - Building LoadPlan...
17:17:35.963 [main] DEBUG org.hibernate.loader.plan.exec.internal.LoadQueryJoinAndFetchProcessor - processing queryspace &lt;gen:0&gt;
17:17:35.964 [main] DEBUG org.hibernate.loader.plan.build.spi.LoadPlanTreePrinter - LoadPlan(entity=com.shoppingbackend.model.Supplier)
    - Returns
       - EntityReturnImpl(entity=com.shoppingbackend.model.Supplier, querySpaceUid=&lt;gen:0&gt;, path=com.shoppingbackend.model.Supplier)
    - QuerySpaces
       - EntityQuerySpaceImpl(uid=&lt;gen:0&gt;, entity=com.shoppingbackend.model.Supplier)
          - SQL table alias mapping - supplier0_
          - alias suffix - 0_
          - suffixed key columns - {sid1_7_0_}

17:17:35.964 [main] DEBUG org.hibernate.loader.entity.plan.EntityLoader - Static select for entity com.shoppingbackend.model.Supplier [READ]: select supplier0_.sid as sid1_7_0_, supplier0_.supplier_name as supplier2_7_0_ from supplier supplier0_ where supplier0_.sid=?
17:17:35.964 [main] DEBUG org.hibernate.loader.plan.build.internal.spaces.QuerySpacesImpl - Adding QuerySpace : uid = &lt;gen:0&gt; -&gt; org.hibernate.loader.plan.build.internal.spaces.EntityQuerySpaceImpl@36361ddb]
17:17:35.965 [main] DEBUG org.hibernate.persister.walking.spi.MetamodelGraphWalker - Visiting attribute path : supplierName
17:17:35.965 [main] DEBUG org.hibernate.loader.plan.build.internal.FetchStyleLoadPlanBuildingAssociationVisitationStrategy - Building LoadPlan...
17:17:35.965 [main] DEBUG org.hibernate.loader.plan.exec.internal.LoadQueryJoinAndFetchProcessor - processing queryspace &lt;gen:0&gt;
17:17:35.968 [main] DEBUG org.hibernate.loader.plan.build.spi.LoadPlanTreePrinter - LoadPlan(entity=com.shoppingbackend.model.Supplier)
    - Returns
       - EntityReturnImpl(entity=com.shoppingbackend.model.Supplier, querySpaceUid=&lt;gen:0&gt;, path=com.shoppingbackend.model.Supplier)
    - QuerySpaces
       - EntityQuerySpaceImpl(uid=&lt;gen:0&gt;, entity=com.shoppingbackend.model.Supplier)
          - SQL table alias mapping - supplier0_
          - alias suffix - 0_
          - suffixed key columns - {sid1_7_0_}

17:17:35.968 [main] DEBUG org.hibernate.loader.entity.plan.EntityLoader - Static select for entity com.shoppingbackend.model.Supplier [UPGRADE]: select supplier0_.sid as sid1_7_0_, supplier0_.supplier_name as supplier2_7_0_ from supplier supplier0_ where supplier0_.sid=? for update
17:17:35.970 [main] DEBUG org.hibernate.loader.plan.build.internal.spaces.QuerySpacesImpl - Adding QuerySpace : uid = &lt;gen:0&gt; -&gt; org.hibernate.loader.plan.build.internal.spaces.EntityQuerySpaceImpl@4d6ee47]
17:17:35.970 [main] DEBUG org.hibernate.persister.walking.spi.MetamodelGraphWalker - Visiting attribute path : supplierName
17:17:35.971 [main] DEBUG org.hibernate.loader.plan.build.internal.FetchStyleLoadPlanBuildingAssociationVisitationStrategy - Building LoadPlan...
17:17:35.971 [main] DEBUG org.hibernate.loader.plan.exec.internal.LoadQueryJoinAndFetchProcessor - processing queryspace &lt;gen:0&gt;
17:17:35.972 [main] DEBUG org.hibernate.loader.plan.build.spi.LoadPlanTreePrinter - LoadPlan(entity=com.shoppingbackend.model.Supplier)
    - Returns
       - EntityReturnImpl(entity=com.shoppingbackend.model.Supplier, querySpaceUid=&lt;gen:0&gt;, path=com.shoppingbackend.model.Supplier)
    - QuerySpaces
       - EntityQuerySpaceImpl(uid=&lt;gen:0&gt;, entity=com.shoppingbackend.model.Supplier)
          - SQL table alias mapping - supplier0_
          - alias suffix - 0_
          - suffixed key columns - {sid1_7_0_}

17:17:35.972 [main] DEBUG org.hibernate.loader.entity.plan.EntityLoader - Static select for entity com.shoppingbackend.model.Supplier [UPGRADE_NOWAIT]: select supplier0_.sid as sid1_7_0_, supplier0_.supplier_name as supplier2_7_0_ from supplier supplier0_ where supplier0_.sid=? for update
17:17:35.972 [main] DEBUG org.hibernate.loader.plan.build.internal.spaces.QuerySpacesImpl - Adding QuerySpace : uid = &lt;gen:0&gt; -&gt; org.hibernate.loader.plan.build.internal.spaces.EntityQuerySpaceImpl@c6da8bb]
17:17:35.972 [main] DEBUG org.hibernate.persister.walking.spi.MetamodelGraphWalker - Visiting attribute path : supplierName
17:17:35.972 [main] DEBUG org.hibernate.loader.plan.build.internal.FetchStyleLoadPlanBuildingAssociationVisitationStrategy - Building LoadPlan...
17:17:35.972 [main] DEBUG org.hibernate.loader.plan.exec.internal.LoadQueryJoinAndFetchProcessor - processing queryspace &lt;gen:0&gt;
17:17:35.972 [main] DEBUG org.hibernate.loader.plan.build.spi.LoadPlanTreePrinter - LoadPlan(entity=com.shoppingbackend.model.Supplier)
    - Returns
       - EntityReturnImpl(entity=com.shoppingbackend.model.Supplier, querySpaceUid=&lt;gen:0&gt;, path=com.shoppingbackend.model.Supplier)
    - QuerySpaces
       - EntityQuerySpaceImpl(uid=&lt;gen:0&gt;, entity=com.shoppingbackend.model.Supplier)
          - SQL table alias mapping - supplier0_
          - alias suffix - 0_
          - suffixed key columns - {sid1_7_0_}

17:17:35.972 [main] DEBUG org.hibernate.loader.entity.plan.EntityLoader - Static select for entity com.shoppingbackend.model.Supplier [UPGRADE_SKIPLOCKED]: select supplier0_.sid as sid1_7_0_, supplier0_.supplier_name as supplier2_7_0_ from supplier supplier0_ where supplier0_.sid=? for update
17:17:35.981 [main] DEBUG org.hibernate.loader.plan.build.internal.spaces.QuerySpacesImpl - Adding QuerySpace : uid = &lt;gen:0&gt; -&gt; org.hibernate.loader.plan.build.internal.spaces.EntityQuerySpaceImpl@8b91134]
17:17:35.982 [main] DEBUG org.hibernate.persister.walking.spi.MetamodelGraphWalker - Visiting attribute path : supplierName
17:17:35.982 [main] DEBUG org.hibernate.loader.plan.build.internal.FetchStyleLoadPlanBuildingAssociationVisitationStrategy - Building LoadPlan...
17:17:35.983 [main] DEBUG org.hibernate.loader.plan.exec.internal.LoadQueryJoinAndFetchProcessor - processing queryspace &lt;gen:0&gt;
17:17:35.983 [main] DEBUG org.hibernate.loader.plan.build.spi.LoadPlanTreePrinter - LoadPlan(entity=com.shoppingbackend.model.Supplier)
    - Returns
       - EntityReturnImpl(entity=com.shoppingbackend.model.Supplier, querySpaceUid=&lt;gen:0&gt;, path=com.shoppingbackend.model.Supplier)
    - QuerySpaces
       - EntityQuerySpaceImpl(uid=&lt;gen:0&gt;, entity=com.shoppingbackend.model.Supplier)
          - SQL table alias mapping - supplier0_
          - alias suffix - 0_
          - suffixed key columns - {sid1_7_0_}

17:17:35.983 [main] DEBUG org.hibernate.loader.entity.plan.EntityLoader - Static select for entity com.shoppingbackend.model.Supplier [FORCE]: select supplier0_.sid as sid1_7_0_, supplier0_.supplier_name as supplier2_7_0_ from supplier supplier0_ where supplier0_.sid=? for update
17:17:35.984 [main] DEBUG org.hibernate.loader.plan.build.internal.spaces.QuerySpacesImpl - Adding QuerySpace : uid = &lt;gen:0&gt; -&gt; org.hibernate.loader.plan.build.internal.spaces.EntityQuerySpaceImpl@7e736350]
17:17:35.984 [main] DEBUG org.hibernate.persister.walking.spi.MetamodelGraphWalker - Visiting attribute path : supplierName
17:17:35.984 [main] DEBUG org.hibernate.loader.plan.build.internal.FetchStyleLoadPlanBuildingAssociationVisitationStrategy - Building LoadPlan...
17:17:35.985 [main] DEBUG org.hibernate.loader.plan.exec.internal.LoadQueryJoinAndFetchProcessor - processing queryspace &lt;gen:0&gt;
17:17:35.985 [main] DEBUG org.hibernate.loader.plan.build.spi.LoadPlanTreePrinter - LoadPlan(entity=com.shoppingbackend.model.Supplier)
    - Returns
       - EntityReturnImpl(entity=com.shoppingbackend.model.Supplier, querySpaceUid=&lt;gen:0&gt;, path=com.shoppingbackend.model.Supplier)
    - QuerySpaces
       - EntityQuerySpaceImpl(uid=&lt;gen:0&gt;, entity=com.shoppingbackend.model.Supplier)
          - SQL table alias mapping - supplier0_
          - alias suffix - 0_
          - suffixed key columns - {sid1_7_0_}

17:17:35.985 [main] DEBUG org.hibernate.loader.entity.plan.EntityLoader - Static select for entity com.shoppingbackend.model.Supplier [PESSIMISTIC_READ]: select supplier0_.sid as sid1_7_0_, supplier0_.supplier_name as supplier2_7_0_ from supplier supplier0_ where supplier0_.sid=? for update
17:17:35.985 [main] DEBUG org.hibernate.loader.plan.build.internal.spaces.QuerySpacesImpl - Adding QuerySpace : uid = &lt;gen:0&gt; -&gt; org.hibernate.loader.plan.build.internal.spaces.EntityQuerySpaceImpl@76c387f9]
17:17:35.986 [main] DEBUG org.hibernate.persister.walking.spi.MetamodelGraphWalker - Visiting attribute path : supplierName
17:17:35.986 [main] DEBUG org.hibernate.loader.plan.build.internal.FetchStyleLoadPlanBuildingAssociationVisitationStrategy - Building LoadPlan...
17:17:35.987 [main] DEBUG org.hibernate.loader.plan.exec.internal.LoadQueryJoinAndFetchProcessor - processing queryspace &lt;gen:0&gt;
17:17:35.987 [main] DEBUG org.hibernate.loader.plan.build.spi.LoadPlanTreePrinter - LoadPlan(entity=com.shoppingbackend.model.Supplier)
    - Returns
       - EntityReturnImpl(entity=com.shoppingbackend.model.Supplier, querySpaceUid=&lt;gen:0&gt;, path=com.shoppingbackend.model.Supplier)
    - QuerySpaces
       - EntityQuerySpaceImpl(uid=&lt;gen:0&gt;, entity=com.shoppingbackend.model.Supplier)
          - SQL table alias mapping - supplier0_
          - alias suffix - 0_
          - suffixed key columns - {sid1_7_0_}

17:17:35.987 [main] DEBUG org.hibernate.loader.entity.plan.EntityLoader - Static select for entity com.shoppingbackend.model.Supplier [PESSIMISTIC_WRITE]: select supplier0_.sid as sid1_7_0_, supplier0_.supplier_name as supplier2_7_0_ from supplier supplier0_ where supplier0_.sid=? for update
17:17:35.988 [main] DEBUG org.hibernate.loader.plan.build.internal.spaces.QuerySpacesImpl - Adding QuerySpace : uid = &lt;gen:0&gt; -&gt; org.hibernate.loader.plan.build.internal.spaces.EntityQuerySpaceImpl@5d7835a8]
17:17:35.988 [main] DEBUG org.hibernate.persister.walking.spi.MetamodelGraphWalker - Visiting attribute path : supplierName
17:17:35.988 [main] DEBUG org.hibernate.loader.plan.build.internal.FetchStyleLoadPlanBuildingAssociationVisitationStrategy - Building LoadPlan...
17:17:35.989 [main] DEBUG org.hibernate.loader.plan.exec.internal.LoadQueryJoinAndFetchProcessor - processing queryspace &lt;gen:0&gt;
17:17:35.989 [main] DEBUG org.hibernate.loader.plan.build.spi.LoadPlanTreePrinter - LoadPlan(entity=com.shoppingbackend.model.Supplier)
    - Returns
       - EntityReturnImpl(entity=com.shoppingbackend.model.Supplier, querySpaceUid=&lt;gen:0&gt;, path=com.shoppingbackend.model.Supplier)
    - QuerySpaces
       - EntityQuerySpaceImpl(uid=&lt;gen:0&gt;, entity=com.shoppingbackend.model.Supplier)
          - SQL table alias mapping - supplier0_
          - alias suffix - 0_
          - suffixed key columns - {sid1_7_0_}

17:17:35.989 [main] DEBUG org.hibernate.loader.entity.plan.EntityLoader - Static select for entity com.shoppingbackend.model.Supplier [PESSIMISTIC_FORCE_INCREMENT]: select supplier0_.sid as sid1_7_0_, supplier0_.supplier_name as supplier2_7_0_ from supplier supplier0_ where supplier0_.sid=? for update
17:17:35.989 [main] DEBUG org.hibernate.loader.plan.build.internal.spaces.QuerySpacesImpl - Adding QuerySpace : uid = &lt;gen:0&gt; -&gt; org.hibernate.loader.plan.build.internal.spaces.EntityQuerySpaceImpl@1976f537]
17:17:35.991 [main] DEBUG org.hibernate.persister.walking.spi.MetamodelGraphWalker - Visiting attribute path : supplierName
17:17:35.993 [main] DEBUG org.hibernate.loader.plan.build.internal.FetchStyleLoadPlanBuildingAssociationVisitationStrategy - Building LoadPlan...
17:17:35.993 [main] DEBUG org.hibernate.loader.plan.exec.internal.LoadQueryJoinAndFetchProcessor - processing queryspace &lt;gen:0&gt;
17:17:35.994 [main] DEBUG org.hibernate.loader.plan.build.spi.LoadPlanTreePrinter - LoadPlan(entity=com.shoppingbackend.model.Supplier)
    - Returns
       - EntityReturnImpl(entity=com.shoppingbackend.model.Supplier, querySpaceUid=&lt;gen:0&gt;, path=com.shoppingbackend.model.Supplier)
    - QuerySpaces
       - EntityQuerySpaceImpl(uid=&lt;gen:0&gt;, entity=com.shoppingbackend.model.Supplier)
          - SQL table alias mapping - supplier0_
          - alias suffix - 0_
          - suffixed key columns - {sid1_7_0_}

17:17:35.994 [main] DEBUG org.hibernate.loader.entity.plan.EntityLoader - Static select for entity com.shoppingbackend.model.Supplier [OPTIMISTIC]: select supplier0_.sid as sid1_7_0_, supplier0_.supplier_name as supplier2_7_0_ from supplier supplier0_ where supplier0_.sid=?
17:17:35.994 [main] DEBUG org.hibernate.loader.plan.build.internal.spaces.QuerySpacesImpl - Adding QuerySpace : uid = &lt;gen:0&gt; -&gt; org.hibernate.loader.plan.build.internal.spaces.EntityQuerySpaceImpl@1816e24a]
17:17:35.994 [main] DEBUG org.hibernate.persister.walking.spi.MetamodelGraphWalker - Visiting attribute path : supplierName
17:17:35.995 [main] DEBUG org.hibernate.loader.plan.build.internal.FetchStyleLoadPlanBuildingAssociationVisitationStrategy - Building LoadPlan...
17:17:35.995 [main] DEBUG org.hibernate.loader.plan.exec.internal.LoadQueryJoinAndFetchProcessor - processing queryspace &lt;gen:0&gt;
17:17:35.995 [main] DEBUG org.hibernate.loader.plan.build.spi.LoadPlanTreePrinter - LoadPlan(entity=com.shoppingbackend.model.Supplier)
    - Returns
       - EntityReturnImpl(entity=com.shoppingbackend.model.Supplier, querySpaceUid=&lt;gen:0&gt;, path=com.shoppingbackend.model.Supplier)
    - QuerySpaces
       - EntityQuerySpaceImpl(uid=&lt;gen:0&gt;, entity=com.shoppingbackend.model.Supplier)
          - SQL table alias mapping - supplier0_
          - alias suffix - 0_
          - suffixed key columns - {sid1_7_0_}

17:17:35.996 [main] DEBUG org.hibernate.loader.entity.plan.EntityLoader - Static select for entity com.shoppingbackend.model.Supplier [OPTIMISTIC_FORCE_INCREMENT]: select supplier0_.sid as sid1_7_0_, supplier0_.supplier_name as supplier2_7_0_ from supplier supplier0_ where supplier0_.sid=?
17:17:35.996 [main] DEBUG org.hibernate.loader.Loader - Static select for action ACTION_MERGE on entity com.shoppingbackend.model.Supplier: select supplier0_.sid as sid1_7_0_, supplier0_.supplier_name as supplier2_7_0_ from supplier supplier0_ where supplier0_.sid=?
17:17:35.996 [main] DEBUG org.hibernate.loader.Loader - Static select for action ACTION_REFRESH on entity com.shoppingbackend.model.Supplier: select supplier0_.sid as sid1_7_0_, supplier0_.supplier_name as supplier2_7_0_ from supplier supplier0_ where supplier0_.sid=?
17:17:35.997 [main] DEBUG org.hibernate.persister.entity.AbstractEntityPersister - Static SQL for entity: com.shoppingbackend.model.User
17:17:35.997 [main] DEBUG org.hibernate.persister.entity.AbstractEntityPersister -  Version select: select id from user_detail where id =?
17:17:35.998 [main] DEBUG org.hibernate.persister.entity.AbstractEntityPersister -  Snapshot select: select user_.id, user_.contact_number as contact_2_8_, user_.email as email3_8_, user_.enabled as enabled4_8_, user_.first_name as first_na5_8_, user_.last_name as last_nam6_8_, user_.password as password7_8_, user_.role as role8_8_ from user_detail user_ where user_.id=?
17:17:35.998 [main] DEBUG org.hibernate.persister.entity.AbstractEntityPersister -  Insert 0: insert into user_detail (contact_number, email, enabled, first_name, last_name, password, role, id) values (?, ?, ?, ?, ?, ?, ?, ?)
17:17:35.998 [main] DEBUG org.hibernate.persister.entity.AbstractEntityPersister -  Update 0: update user_detail set contact_number=?, email=?, enabled=?, first_name=?, last_name=?, password=?, role=? where id=?
17:17:35.998 [main] DEBUG org.hibernate.persister.entity.AbstractEntityPersister -  Delete 0: delete from user_detail where id=?
17:17:35.999 [main] DEBUG org.hibernate.persister.entity.AbstractEntityPersister -  Identity insert: insert into user_detail (id, contact_number, email, enabled, first_name, last_name, password, role) values (null, ?, ?, ?, ?, ?, ?, ?)
17:17:36.027 [main] DEBUG org.hibernate.loader.plan.build.internal.spaces.QuerySpacesImpl - Adding QuerySpace : uid = &lt;gen:0&gt; -&gt; org.hibernate.loader.plan.build.internal.spaces.EntityQuerySpaceImpl@47b179d7]
17:17:36.027 [main] DEBUG org.hibernate.persister.walking.spi.MetamodelGraphWalker - Visiting attribute path : contactNumber
17:17:36.028 [main] DEBUG org.hibernate.persister.walking.spi.MetamodelGraphWalker - Visiting attribute path : email
17:17:36.028 [main] DEBUG org.hibernate.persister.walking.spi.MetamodelGraphWalker - Visiting attribute path : enabled
17:17:36.028 [main] DEBUG org.hibernate.persister.walking.spi.MetamodelGraphWalker - Visiting attribute path : firstName
17:17:36.028 [main] DEBUG org.hibernate.persister.walking.spi.MetamodelGraphWalker - Visiting attribute path : lastName
17:17:36.028 [main] DEBUG org.hibernate.persister.walking.spi.MetamodelGraphWalker - Visiting attribute path : password
17:17:36.029 [main] DEBUG org.hibernate.persister.walking.spi.MetamodelGraphWalker - Visiting attribute path : role
17:17:36.029 [main] DEBUG org.hibernate.persister.walking.spi.MetamodelGraphWalker - Visiting attribute path : cart
17:17:36.029 [main] DEBUG org.hibernate.loader.plan.build.internal.spaces.QuerySpacesImpl - Adding QuerySpace : uid = &lt;gen:1&gt; -&gt; org.hibernate.loader.plan.build.internal.spaces.EntityQuerySpaceImpl@162b3d47]
17:17:36.029 [main] DEBUG org.hibernate.persister.walking.spi.MetamodelGraphWalker - Visiting attribute path : cart.cartLines
17:17:36.030 [main] DEBUG org.hibernate.persister.walking.spi.MetamodelGraphWalker - Visiting attribute path : cart.grandTotal
17:17:36.030 [main] DEBUG org.hibernate.persister.walking.spi.MetamodelGraphWalker - Visiting attribute path : cart.user
17:17:36.030 [main] DEBUG org.hibernate.persister.walking.spi.MetamodelGraphWalker - Property path deemed to be circular : cart.user
17:17:36.030 [main] DEBUG org.hibernate.loader.plan.build.internal.FetchStyleLoadPlanBuildingAssociationVisitationStrategy - Building LoadPlan...
17:17:36.031 [main] DEBUG org.hibernate.loader.plan.exec.internal.LoadQueryJoinAndFetchProcessor - processing queryspace &lt;gen:0&gt;
17:17:36.032 [main] DEBUG org.hibernate.loader.plan.build.spi.LoadPlanTreePrinter - LoadPlan(entity=com.shoppingbackend.model.User)
    - Returns
       - EntityReturnImpl(entity=com.shoppingbackend.model.User, querySpaceUid=&lt;gen:0&gt;, path=com.shoppingbackend.model.User)
          - EntityAttributeFetchImpl(entity=com.shoppingbackend.model.Cart, querySpaceUid=&lt;gen:1&gt;, path=com.shoppingbackend.model.User.cart)
    - QuerySpaces
       - EntityQuerySpaceImpl(uid=&lt;gen:0&gt;, entity=com.shoppingbackend.model.User)
          - SQL table alias mapping - user0_
          - alias suffix - 0_
          - suffixed key columns - {id1_8_0_}
          - JOIN (JoinDefinedByMetadata(cart)) : &lt;gen:0&gt; -&gt; &lt;gen:1&gt;
             - EntityQuerySpaceImpl(uid=&lt;gen:1&gt;, entity=com.shoppingbackend.model.Cart)
                - SQL table alias mapping - cart1_
                - alias suffix - 1_
                - suffixed key columns - {id1_1_1_}

17:17:36.032 [main] DEBUG org.hibernate.loader.entity.plan.EntityLoader - Static select for entity com.shoppingbackend.model.User [NONE]: select user0_.id as id1_8_0_, user0_.contact_number as contact_2_8_0_, user0_.email as email3_8_0_, user0_.enabled as enabled4_8_0_, user0_.first_name as first_na5_8_0_, user0_.last_name as last_nam6_8_0_, user0_.password as password7_8_0_, user0_.role as role8_8_0_, cart1_.id as id1_1_1_, cart1_.cart_lines as cart_lin2_1_1_, cart1_.grand_total as grand_to3_1_1_, cart1_.user_id as user_id4_1_1_ from user_detail user0_ left outer join Cart cart1_ on user0_.id=cart1_.user_id where user0_.id=?
17:17:36.032 [main] DEBUG org.hibernate.loader.plan.build.internal.spaces.QuerySpacesImpl - Adding QuerySpace : uid = &lt;gen:0&gt; -&gt; org.hibernate.loader.plan.build.internal.spaces.EntityQuerySpaceImpl@3402b4c9]
17:17:36.033 [main] DEBUG org.hibernate.persister.walking.spi.MetamodelGraphWalker - Visiting attribute path : contactNumber
17:17:36.033 [main] DEBUG org.hibernate.persister.walking.spi.MetamodelGraphWalker - Visiting attribute path : email
17:17:36.033 [main] DEBUG org.hibernate.persister.walking.spi.MetamodelGraphWalker - Visiting attribute path : enabled
17:17:36.033 [main] DEBUG org.hibernate.persister.walking.spi.MetamodelGraphWalker - Visiting attribute path : firstName
17:17:36.034 [main] DEBUG org.hibernate.persister.walking.spi.MetamodelGraphWalker - Visiting attribute path : lastName
17:17:36.034 [main] DEBUG org.hibernate.persister.walking.spi.MetamodelGraphWalker - Visiting attribute path : password
17:17:36.034 [main] DEBUG org.hibernate.persister.walking.spi.MetamodelGraphWalker - Visiting attribute path : role
17:17:36.034 [main] DEBUG org.hibernate.persister.walking.spi.MetamodelGraphWalker - Visiting attribute path : cart
17:17:36.034 [main] DEBUG org.hibernate.loader.plan.build.internal.spaces.QuerySpacesImpl - Adding QuerySpace : uid = &lt;gen:1&gt; -&gt; org.hibernate.loader.plan.build.internal.spaces.EntityQuerySpaceImpl@46d567cb]
17:17:36.035 [main] DEBUG org.hibernate.persister.walking.spi.MetamodelGraphWalker - Visiting attribute path : cart.cartLines
17:17:36.035 [main] DEBUG org.hibernate.persister.walking.spi.MetamodelGraphWalker - Visiting attribute path : cart.grandTotal
17:17:36.035 [main] DEBUG org.hibernate.persister.walking.spi.MetamodelGraphWalker - Visiting attribute path : cart.user
17:17:36.036 [main] DEBUG org.hibernate.persister.walking.spi.MetamodelGraphWalker - Property path deemed to be circular : cart.user
17:17:36.036 [main] DEBUG org.hibernate.loader.plan.build.internal.FetchStyleLoadPlanBuildingAssociationVisitationStrategy - Building LoadPlan...
17:17:36.098 [main] DEBUG org.hibernate.loader.plan.exec.internal.LoadQueryJoinAndFetchProcessor - processing queryspace &lt;gen:0&gt;
17:17:36.100 [main] DEBUG org.hibernate.loader.plan.build.spi.LoadPlanTreePrinter - LoadPlan(entity=com.shoppingbackend.model.User)
    - Returns
       - EntityReturnImpl(entity=com.shoppingbackend.model.User, querySpaceUid=&lt;gen:0&gt;, path=com.shoppingbackend.model.User)
          - EntityAttributeFetchImpl(entity=com.shoppingbackend.model.Cart, querySpaceUid=&lt;gen:1&gt;, path=com.shoppingbackend.model.User.cart)
    - QuerySpaces
       - EntityQuerySpaceImpl(uid=&lt;gen:0&gt;, entity=com.shoppingbackend.model.User)
          - SQL table alias mapping - user0_
          - alias suffix - 0_
          - suffixed key columns - {id1_8_0_}
          - JOIN (JoinDefinedByMetadata(cart)) : &lt;gen:0&gt; -&gt; &lt;gen:1&gt;
             - EntityQuerySpaceImpl(uid=&lt;gen:1&gt;, entity=com.shoppingbackend.model.Cart)
                - SQL table alias mapping - cart1_
                - alias suffix - 1_
                - suffixed key columns - {id1_1_1_}

17:17:36.100 [main] DEBUG org.hibernate.loader.entity.plan.EntityLoader - Static select for entity com.shoppingbackend.model.User [READ]: select user0_.id as id1_8_0_, user0_.contact_number as contact_2_8_0_, user0_.email as email3_8_0_, user0_.enabled as enabled4_8_0_, user0_.first_name as first_na5_8_0_, user0_.last_name as last_nam6_8_0_, user0_.password as password7_8_0_, user0_.role as role8_8_0_, cart1_.id as id1_1_1_, cart1_.cart_lines as cart_lin2_1_1_, cart1_.grand_total as grand_to3_1_1_, cart1_.user_id as user_id4_1_1_ from user_detail user0_ left outer join Cart cart1_ on user0_.id=cart1_.user_id where user0_.id=?
17:17:36.101 [main] DEBUG org.hibernate.loader.plan.build.internal.spaces.QuerySpacesImpl - Adding QuerySpace : uid = &lt;gen:0&gt; -&gt; org.hibernate.loader.plan.build.internal.spaces.EntityQuerySpaceImpl@173f73e7]
17:17:36.101 [main] DEBUG org.hibernate.persister.walking.spi.MetamodelGraphWalker - Visiting attribute path : contactNumber
17:17:36.102 [main] DEBUG org.hibernate.persister.walking.spi.MetamodelGraphWalker - Visiting attribute path : email
17:17:36.104 [main] DEBUG org.hibernate.persister.walking.spi.MetamodelGraphWalker - Visiting attribute path : enabled
17:17:36.104 [main] DEBUG org.hibernate.persister.walking.spi.MetamodelGraphWalker - Visiting attribute path : firstName
17:17:36.105 [main] DEBUG org.hibernate.persister.walking.spi.MetamodelGraphWalker - Visiting attribute path : lastName
17:17:36.105 [main] DEBUG org.hibernate.persister.walking.spi.MetamodelGraphWalker - Visiting attribute path : password
17:17:36.105 [main] DEBUG org.hibernate.persister.walking.spi.MetamodelGraphWalker - Visiting attribute path : role
17:17:36.105 [main] DEBUG org.hibernate.persister.walking.spi.MetamodelGraphWalker - Visiting attribute path : cart
17:17:36.106 [main] DEBUG org.hibernate.loader.plan.build.internal.spaces.QuerySpacesImpl - Adding QuerySpace : uid = &lt;gen:1&gt; -&gt; org.hibernate.loader.plan.build.internal.spaces.EntityQuerySpaceImpl@2e23c180]
17:17:36.106 [main] DEBUG org.hibernate.loader.plan.build.internal.FetchStyleLoadPlanBuildingAssociationVisitationStrategy - Building LoadPlan...
17:17:36.107 [main] DEBUG org.hibernate.loader.plan.exec.internal.LoadQueryJoinAndFetchProcessor - processing queryspace &lt;gen:0&gt;
17:17:36.107 [main] DEBUG org.hibernate.loader.plan.build.spi.LoadPlanTreePrinter - LoadPlan(entity=com.shoppingbackend.model.User)
    - Returns
       - EntityReturnImpl(entity=com.shoppingbackend.model.User, querySpaceUid=&lt;gen:0&gt;, path=com.shoppingbackend.model.User)
          - EntityAttributeFetchImpl(entity=com.shoppingbackend.model.Cart, querySpaceUid=&lt;gen:1&gt;, path=com.shoppingbackend.model.User.cart)
    - QuerySpaces
       - EntityQuerySpaceImpl(uid=&lt;gen:0&gt;, entity=com.shoppingbackend.model.User)
          - SQL table alias mapping - user0_
          - alias suffix - 0_
          - suffixed key columns - {id1_8_0_}

17:17:36.108 [main] DEBUG org.hibernate.loader.entity.plan.EntityLoader - Static select for entity com.shoppingbackend.model.User [UPGRADE]: select user0_.id as id1_8_0_, user0_.contact_number as contact_2_8_0_, user0_.email as email3_8_0_, user0_.enabled as enabled4_8_0_, user0_.first_name as first_na5_8_0_, user0_.last_name as last_nam6_8_0_, user0_.password as password7_8_0_, user0_.role as role8_8_0_ from user_detail user0_ where user0_.id=? for update
17:17:36.108 [main] DEBUG org.hibernate.loader.plan.build.internal.spaces.QuerySpacesImpl - Adding QuerySpace : uid = &lt;gen:0&gt; -&gt; org.hibernate.loader.plan.build.internal.spaces.EntityQuerySpaceImpl@499683c4]
17:17:36.109 [main] DEBUG org.hibernate.persister.walking.spi.MetamodelGraphWalker - Visiting attribute path : contactNumber
17:17:36.109 [main] DEBUG org.hibernate.persister.walking.spi.MetamodelGraphWalker - Visiting attribute path : email
17:17:36.109 [main] DEBUG org.hibernate.persister.walking.spi.MetamodelGraphWalker - Visiting attribute path : enabled
17:17:36.109 [main] DEBUG org.hibernate.persister.walking.spi.MetamodelGraphWalker - Visiting attribute path : firstName
17:17:36.109 [main] DEBUG org.hibernate.persister.walking.spi.MetamodelGraphWalker - Visiting attribute path : lastName
17:17:36.110 [main] DEBUG org.hibernate.persister.walking.spi.MetamodelGraphWalker - Visiting attribute path : password
17:17:36.110 [main] DEBUG org.hibernate.persister.walking.spi.MetamodelGraphWalker - Visiting attribute path : role
17:17:36.110 [main] DEBUG org.hibernate.persister.walking.spi.MetamodelGraphWalker - Visiting attribute path : cart
17:17:36.110 [main] DEBUG org.hibernate.loader.plan.build.internal.spaces.QuerySpacesImpl - Adding QuerySpace : uid = &lt;gen:1&gt; -&gt; org.hibernate.loader.plan.build.internal.spaces.EntityQuerySpaceImpl@4efc25fc]
17:17:36.111 [main] DEBUG org.hibernate.loader.plan.build.internal.FetchStyleLoadPlanBuildingAssociationVisitationStrategy - Building LoadPlan...
17:17:36.111 [main] DEBUG org.hibernate.loader.plan.exec.internal.LoadQueryJoinAndFetchProcessor - processing queryspace &lt;gen:0&gt;
17:17:36.112 [main] DEBUG org.hibernate.loader.plan.build.spi.LoadPlanTreePrinter - LoadPlan(entity=com.shoppingbackend.model.User)
    - Returns
       - EntityReturnImpl(entity=com.shoppingbackend.model.User, querySpaceUid=&lt;gen:0&gt;, path=com.shoppingbackend.model.User)
          - EntityAttributeFetchImpl(entity=com.shoppingbackend.model.Cart, querySpaceUid=&lt;gen:1&gt;, path=com.shoppingbackend.model.User.cart)
    - QuerySpaces
       - EntityQuerySpaceImpl(uid=&lt;gen:0&gt;, entity=com.shoppingbackend.model.User)
          - SQL table alias mapping - user0_
          - alias suffix - 0_
          - suffixed key columns - {id1_8_0_}

17:17:36.112 [main] DEBUG org.hibernate.loader.entity.plan.EntityLoader - Static select for entity com.shoppingbackend.model.User [UPGRADE_NOWAIT]: select user0_.id as id1_8_0_, user0_.contact_number as contact_2_8_0_, user0_.email as email3_8_0_, user0_.enabled as enabled4_8_0_, user0_.first_name as first_na5_8_0_, user0_.last_name as last_nam6_8_0_, user0_.password as password7_8_0_, user0_.role as role8_8_0_ from user_detail user0_ where user0_.id=? for update
17:17:36.113 [main] DEBUG org.hibernate.loader.plan.build.internal.spaces.QuerySpacesImpl - Adding QuerySpace : uid = &lt;gen:0&gt; -&gt; org.hibernate.loader.plan.build.internal.spaces.EntityQuerySpaceImpl@7ee3d262]
17:17:36.113 [main] DEBUG org.hibernate.persister.walking.spi.MetamodelGraphWalker - Visiting attribute path : contactNumber
17:17:36.113 [main] DEBUG org.hibernate.persister.walking.spi.MetamodelGraphWalker - Visiting attribute path : email
17:17:36.114 [main] DEBUG org.hibernate.persister.walking.spi.MetamodelGraphWalker - Visiting attribute path : enabled
17:17:36.114 [main] DEBUG org.hibernate.persister.walking.spi.MetamodelGraphWalker - Visiting attribute path : firstName
17:17:36.114 [main] DEBUG org.hibernate.persister.walking.spi.MetamodelGraphWalker - Visiting attribute path : lastName
17:17:36.114 [main] DEBUG org.hibernate.persister.walking.spi.MetamodelGraphWalker - Visiting attribute path : password
17:17:36.114 [main] DEBUG org.hibernate.persister.walking.spi.MetamodelGraphWalker - Visiting attribute path : role
17:17:36.115 [main] DEBUG org.hibernate.persister.walking.spi.MetamodelGraphWalker - Visiting attribute path : cart
17:17:36.115 [main] DEBUG org.hibernate.loader.plan.build.internal.spaces.QuerySpacesImpl - Adding QuerySpace : uid = &lt;gen:1&gt; -&gt; org.hibernate.loader.plan.build.internal.spaces.EntityQuerySpaceImpl@75308740]
17:17:36.115 [main] DEBUG org.hibernate.loader.plan.build.internal.FetchStyleLoadPlanBuildingAssociationVisitationStrategy - Building LoadPlan...
17:17:36.116 [main] DEBUG org.hibernate.loader.plan.exec.internal.LoadQueryJoinAndFetchProcessor - processing queryspace &lt;gen:0&gt;
17:17:36.117 [main] DEBUG org.hibernate.loader.plan.build.spi.LoadPlanTreePrinter - LoadPlan(entity=com.shoppingbackend.model.User)
    - Returns
       - EntityReturnImpl(entity=com.shoppingbackend.model.User, querySpaceUid=&lt;gen:0&gt;, path=com.shoppingbackend.model.User)
          - EntityAttributeFetchImpl(entity=com.shoppingbackend.model.Cart, querySpaceUid=&lt;gen:1&gt;, path=com.shoppingbackend.model.User.cart)
    - QuerySpaces
       - EntityQuerySpaceImpl(uid=&lt;gen:0&gt;, entity=com.shoppingbackend.model.User)
          - SQL table alias mapping - user0_
          - alias suffix - 0_
          - suffixed key columns - {id1_8_0_}

17:17:36.117 [main] DEBUG org.hibernate.loader.entity.plan.EntityLoader - Static select for entity com.shoppingbackend.model.User [UPGRADE_SKIPLOCKED]: select user0_.id as id1_8_0_, user0_.contact_number as contact_2_8_0_, user0_.email as email3_8_0_, user0_.enabled as enabled4_8_0_, user0_.first_name as first_na5_8_0_, user0_.last_name as last_nam6_8_0_, user0_.password as password7_8_0_, user0_.role as role8_8_0_ from user_detail user0_ where user0_.id=? for update
17:17:36.118 [main] DEBUG org.hibernate.loader.plan.build.internal.spaces.QuerySpacesImpl - Adding QuerySpace : uid = &lt;gen:0&gt; -&gt; org.hibernate.loader.plan.build.internal.spaces.EntityQuerySpaceImpl@5acc9fdf]
17:17:36.118 [main] DEBUG org.hibernate.persister.walking.spi.MetamodelGraphWalker - Visiting attribute path : contactNumber
17:17:36.118 [main] DEBUG org.hibernate.persister.walking.spi.MetamodelGraphWalker - Visiting attribute path : email
17:17:36.118 [main] DEBUG org.hibernate.persister.walking.spi.MetamodelGraphWalker - Visiting attribute path : enabled
17:17:36.118 [main] DEBUG org.hibernate.persister.walking.spi.MetamodelGraphWalker - Visiting attribute path : firstName
17:17:36.120 [main] DEBUG org.hibernate.persister.walking.spi.MetamodelGraphWalker - Visiting attribute path : lastName
17:17:36.120 [main] DEBUG org.hibernate.persister.walking.spi.MetamodelGraphWalker - Visiting attribute path : password
17:17:36.121 [main] DEBUG org.hibernate.persister.walking.spi.MetamodelGraphWalker - Visiting attribute path : role
17:17:36.121 [main] DEBUG org.hibernate.persister.walking.spi.MetamodelGraphWalker - Visiting attribute path : cart
17:17:36.121 [main] DEBUG org.hibernate.loader.plan.build.internal.spaces.QuerySpacesImpl - Adding QuerySpace : uid = &lt;gen:1&gt; -&gt; org.hibernate.loader.plan.build.internal.spaces.EntityQuerySpaceImpl@e48bf9a]
17:17:36.121 [main] DEBUG org.hibernate.loader.plan.build.internal.FetchStyleLoadPlanBuildingAssociationVisitationStrategy - Building LoadPlan...
17:17:36.122 [main] DEBUG org.hibernate.loader.plan.exec.internal.LoadQueryJoinAndFetchProcessor - processing queryspace &lt;gen:0&gt;
17:17:36.124 [main] DEBUG org.hibernate.loader.plan.build.spi.LoadPlanTreePrinter - LoadPlan(entity=com.shoppingbackend.model.User)
    - Returns
       - EntityReturnImpl(entity=com.shoppingbackend.model.User, querySpaceUid=&lt;gen:0&gt;, path=com.shoppingbackend.model.User)
          - EntityAttributeFetchImpl(entity=com.shoppingbackend.model.Cart, querySpaceUid=&lt;gen:1&gt;, path=com.shoppingbackend.model.User.cart)
    - QuerySpaces
       - EntityQuerySpaceImpl(uid=&lt;gen:0&gt;, entity=com.shoppingbackend.model.User)
          - SQL table alias mapping - user0_
          - alias suffix - 0_
          - suffixed key columns - {id1_8_0_}

17:17:36.124 [main] DEBUG org.hibernate.loader.entity.plan.EntityLoader - Static select for entity com.shoppingbackend.model.User [FORCE]: select user0_.id as id1_8_0_, user0_.contact_number as contact_2_8_0_, user0_.email as email3_8_0_, user0_.enabled as enabled4_8_0_, user0_.first_name as first_na5_8_0_, user0_.last_name as last_nam6_8_0_, user0_.password as password7_8_0_, user0_.role as role8_8_0_ from user_detail user0_ where user0_.id=? for update
17:17:36.125 [main] DEBUG org.hibernate.loader.plan.build.internal.spaces.QuerySpacesImpl - Adding QuerySpace : uid = &lt;gen:0&gt; -&gt; org.hibernate.loader.plan.build.internal.spaces.EntityQuerySpaceImpl@7fb33394]
17:17:36.125 [main] DEBUG org.hibernate.persister.walking.spi.MetamodelGraphWalker - Visiting attribute path : contactNumber
17:17:36.125 [main] DEBUG org.hibernate.persister.walking.spi.MetamodelGraphWalker - Visiting attribute path : email
17:17:36.125 [main] DEBUG org.hibernate.persister.walking.spi.MetamodelGraphWalker - Visiting attribute path : enabled
17:17:36.125 [main] DEBUG org.hibernate.persister.walking.spi.MetamodelGraphWalker - Visiting attribute path : firstName
17:17:36.126 [main] DEBUG org.hibernate.persister.walking.spi.MetamodelGraphWalker - Visiting attribute path : lastName
17:17:36.126 [main] DEBUG org.hibernate.persister.walking.spi.MetamodelGraphWalker - Visiting attribute path : password
17:17:36.126 [main] DEBUG org.hibernate.persister.walking.spi.MetamodelGraphWalker - Visiting attribute path : role
17:17:36.126 [main] DEBUG org.hibernate.persister.walking.spi.MetamodelGraphWalker - Visiting attribute path : cart
17:17:36.126 [main] DEBUG org.hibernate.loader.plan.build.internal.spaces.QuerySpacesImpl - Adding QuerySpace : uid = &lt;gen:1&gt; -&gt; org.hibernate.loader.plan.build.internal.spaces.EntityQuerySpaceImpl@1a891add]
17:17:36.127 [main] DEBUG org.hibernate.loader.plan.build.internal.FetchStyleLoadPlanBuildingAssociationVisitationStrategy - Building LoadPlan...
17:17:36.127 [main] DEBUG org.hibernate.loader.plan.exec.internal.LoadQueryJoinAndFetchProcessor - processing queryspace &lt;gen:0&gt;
17:17:36.128 [main] DEBUG org.hibernate.loader.plan.build.spi.LoadPlanTreePrinter - LoadPlan(entity=com.shoppingbackend.model.User)
    - Returns
       - EntityReturnImpl(entity=com.shoppingbackend.model.User, querySpaceUid=&lt;gen:0&gt;, path=com.shoppingbackend.model.User)
          - EntityAttributeFetchImpl(entity=com.shoppingbackend.model.Cart, querySpaceUid=&lt;gen:1&gt;, path=com.shoppingbackend.model.User.cart)
    - QuerySpaces
       - EntityQuerySpaceImpl(uid=&lt;gen:0&gt;, entity=com.shoppingbackend.model.User)
          - SQL table alias mapping - user0_
          - alias suffix - 0_
          - suffixed key columns - {id1_8_0_}

17:17:36.129 [main] DEBUG org.hibernate.loader.entity.plan.EntityLoader - Static select for entity com.shoppingbackend.model.User [PESSIMISTIC_READ]: select user0_.id as id1_8_0_, user0_.contact_number as contact_2_8_0_, user0_.email as email3_8_0_, user0_.enabled as enabled4_8_0_, user0_.first_name as first_na5_8_0_, user0_.last_name as last_nam6_8_0_, user0_.password as password7_8_0_, user0_.role as role8_8_0_ from user_detail user0_ where user0_.id=? for update
17:17:36.129 [main] DEBUG org.hibernate.loader.plan.build.internal.spaces.QuerySpacesImpl - Adding QuerySpace : uid = &lt;gen:0&gt; -&gt; org.hibernate.loader.plan.build.internal.spaces.EntityQuerySpaceImpl@5176d279]
17:17:36.129 [main] DEBUG org.hibernate.persister.walking.spi.MetamodelGraphWalker - Visiting attribute path : contactNumber
17:17:36.130 [main] DEBUG org.hibernate.persister.walking.spi.MetamodelGraphWalker - Visiting attribute path : email
17:17:36.130 [main] DEBUG org.hibernate.persister.walking.spi.MetamodelGraphWalker - Visiting attribute path : enabled
17:17:36.130 [main] DEBUG org.hibernate.persister.walking.spi.MetamodelGraphWalker - Visiting attribute path : firstName
17:17:36.130 [main] DEBUG org.hibernate.persister.walking.spi.MetamodelGraphWalker - Visiting attribute path : lastName
17:17:36.130 [main] DEBUG org.hibernate.persister.walking.spi.MetamodelGraphWalker - Visiting attribute path : password
17:17:36.131 [main] DEBUG org.hibernate.persister.walking.spi.MetamodelGraphWalker - Visiting attribute path : role
17:17:36.131 [main] DEBUG org.hibernate.persister.walking.spi.MetamodelGraphWalker - Visiting attribute path : cart
17:17:36.131 [main] DEBUG org.hibernate.loader.plan.build.internal.spaces.QuerySpacesImpl - Adding QuerySpace : uid = &lt;gen:1&gt; -&gt; org.hibernate.loader.plan.build.internal.spaces.EntityQuerySpaceImpl@d74bac4]
17:17:36.132 [main] DEBUG org.hibernate.loader.plan.build.internal.FetchStyleLoadPlanBuildingAssociationVisitationStrategy - Building LoadPlan...
17:17:36.132 [main] DEBUG org.hibernate.loader.plan.exec.internal.LoadQueryJoinAndFetchProcessor - processing queryspace &lt;gen:0&gt;
17:17:36.133 [main] DEBUG org.hibernate.loader.plan.build.spi.LoadPlanTreePrinter - LoadPlan(entity=com.shoppingbackend.model.User)
    - Returns
       - EntityReturnImpl(entity=com.shoppingbackend.model.User, querySpaceUid=&lt;gen:0&gt;, path=com.shoppingbackend.model.User)
          - EntityAttributeFetchImpl(entity=com.shoppingbackend.model.Cart, querySpaceUid=&lt;gen:1&gt;, path=com.shoppingbackend.model.User.cart)
    - QuerySpaces
       - EntityQuerySpaceImpl(uid=&lt;gen:0&gt;, entity=com.shoppingbackend.model.User)
          - SQL table alias mapping - user0_
          - alias suffix - 0_
          - suffixed key columns - {id1_8_0_}

17:17:36.133 [main] DEBUG org.hibernate.loader.entity.plan.EntityLoader - Static select for entity com.shoppingbackend.model.User [PESSIMISTIC_WRITE]: select user0_.id as id1_8_0_, user0_.contact_number as contact_2_8_0_, user0_.email as email3_8_0_, user0_.enabled as enabled4_8_0_, user0_.first_name as first_na5_8_0_, user0_.last_name as last_nam6_8_0_, user0_.password as password7_8_0_, user0_.role as role8_8_0_ from user_detail user0_ where user0_.id=? for update
17:17:36.133 [main] DEBUG org.hibernate.loader.plan.build.internal.spaces.QuerySpacesImpl - Adding QuerySpace : uid = &lt;gen:0&gt; -&gt; org.hibernate.loader.plan.build.internal.spaces.EntityQuerySpaceImpl@5ff90645]
17:17:36.134 [main] DEBUG org.hibernate.persister.walking.spi.MetamodelGraphWalker - Visiting attribute path : contactNumber
17:17:36.134 [main] DEBUG org.hibernate.persister.walking.spi.MetamodelGraphWalker - Visiting attribute path : email
17:17:36.134 [main] DEBUG org.hibernate.persister.walking.spi.MetamodelGraphWalker - Visiting attribute path : enabled
17:17:36.135 [main] DEBUG org.hibernate.persister.walking.spi.MetamodelGraphWalker - Visiting attribute path : firstName
17:17:36.135 [main] DEBUG org.hibernate.persister.walking.spi.MetamodelGraphWalker - Visiting attribute path : lastName
17:17:36.136 [main] DEBUG org.hibernate.persister.walking.spi.MetamodelGraphWalker - Visiting attribute path : password
17:17:36.136 [main] DEBUG org.hibernate.persister.walking.spi.MetamodelGraphWalker - Visiting attribute path : role
17:17:36.137 [main] DEBUG org.hibernate.persister.walking.spi.MetamodelGraphWalker - Visiting attribute path : cart
17:17:36.137 [main] DEBUG org.hibernate.loader.plan.build.internal.spaces.QuerySpacesImpl - Adding QuerySpace : uid = &lt;gen:1&gt; -&gt; org.hibernate.loader.plan.build.internal.spaces.EntityQuerySpaceImpl@74aa9c72]
17:17:36.137 [main] DEBUG org.hibernate.loader.plan.build.internal.FetchStyleLoadPlanBuildingAssociationVisitationStrategy - Building LoadPlan...
17:17:36.138 [main] DEBUG org.hibernate.loader.plan.exec.internal.LoadQueryJoinAndFetchProcessor - processing queryspace &lt;gen:0&gt;
17:17:36.138 [main] DEBUG org.hibernate.loader.plan.build.spi.LoadPlanTreePrinter - LoadPlan(entity=com.shoppingbackend.model.User)
    - Returns
       - EntityReturnImpl(entity=com.shoppingbackend.model.User, querySpaceUid=&lt;gen:0&gt;, path=com.shoppingbackend.model.User)
          - EntityAttributeFetchImpl(entity=com.shoppingbackend.model.Cart, querySpaceUid=&lt;gen:1&gt;, path=com.shoppingbackend.model.User.cart)
    - QuerySpaces
       - EntityQuerySpaceImpl(uid=&lt;gen:0&gt;, entity=com.shoppingbackend.model.User)
          - SQL table alias mapping - user0_
          - alias suffix - 0_
          - suffixed key columns - {id1_8_0_}

17:17:36.139 [main] DEBUG org.hibernate.loader.entity.plan.EntityLoader - Static select for entity com.shoppingbackend.model.User [PESSIMISTIC_FORCE_INCREMENT]: select user0_.id as id1_8_0_, user0_.contact_number as contact_2_8_0_, user0_.email as email3_8_0_, user0_.enabled as enabled4_8_0_, user0_.first_name as first_na5_8_0_, user0_.last_name as last_nam6_8_0_, user0_.password as password7_8_0_, user0_.role as role8_8_0_ from user_detail user0_ where user0_.id=? for update
17:17:36.139 [main] DEBUG org.hibernate.loader.plan.build.internal.spaces.QuerySpacesImpl - Adding QuerySpace : uid = &lt;gen:0&gt; -&gt; org.hibernate.loader.plan.build.internal.spaces.EntityQuerySpaceImpl@5c20aab9]
17:17:36.140 [main] DEBUG org.hibernate.persister.walking.spi.MetamodelGraphWalker - Visiting attribute path : contactNumber
17:17:36.140 [main] DEBUG org.hibernate.persister.walking.spi.MetamodelGraphWalker - Visiting attribute path : email
17:17:36.140 [main] DEBUG org.hibernate.persister.walking.spi.MetamodelGraphWalker - Visiting attribute path : enabled
17:17:36.140 [main] DEBUG org.hibernate.persister.walking.spi.MetamodelGraphWalker - Visiting attribute path : firstName
17:17:36.140 [main] DEBUG org.hibernate.persister.walking.spi.MetamodelGraphWalker - Visiting attribute path : lastName
17:17:36.140 [main] DEBUG org.hibernate.persister.walking.spi.MetamodelGraphWalker - Visiting attribute path : password
17:17:36.141 [main] DEBUG org.hibernate.persister.walking.spi.MetamodelGraphWalker - Visiting attribute path : role
17:17:36.141 [main] DEBUG org.hibernate.persister.walking.spi.MetamodelGraphWalker - Visiting attribute path : cart
17:17:36.141 [main] DEBUG org.hibernate.loader.plan.build.internal.spaces.QuerySpacesImpl - Adding QuerySpace : uid = &lt;gen:1&gt; -&gt; org.hibernate.loader.plan.build.internal.spaces.EntityQuerySpaceImpl@2c768ada]
17:17:36.142 [main] DEBUG org.hibernate.loader.plan.build.internal.FetchStyleLoadPlanBuildingAssociationVisitationStrategy - Building LoadPlan...
17:17:36.143 [main] DEBUG org.hibernate.loader.plan.exec.internal.LoadQueryJoinAndFetchProcessor - processing queryspace &lt;gen:0&gt;
17:17:36.144 [main] DEBUG org.hibernate.loader.plan.build.spi.LoadPlanTreePrinter - LoadPlan(entity=com.shoppingbackend.model.User)
    - Returns
       - EntityReturnImpl(entity=com.shoppingbackend.model.User, querySpaceUid=&lt;gen:0&gt;, path=com.shoppingbackend.model.User)
          - EntityAttributeFetchImpl(entity=com.shoppingbackend.model.Cart, querySpaceUid=&lt;gen:1&gt;, path=com.shoppingbackend.model.User.cart)
    - QuerySpaces
       - EntityQuerySpaceImpl(uid=&lt;gen:0&gt;, entity=com.shoppingbackend.model.User)
          - SQL table alias mapping - user0_
          - alias suffix - 0_
          - suffixed key columns - {id1_8_0_}

17:17:36.144 [main] DEBUG org.hibernate.loader.entity.plan.EntityLoader - Static select for entity com.shoppingbackend.model.User [OPTIMISTIC]: select user0_.id as id1_8_0_, user0_.contact_number as contact_2_8_0_, user0_.email as email3_8_0_, user0_.enabled as enabled4_8_0_, user0_.first_name as first_na5_8_0_, user0_.last_name as last_nam6_8_0_, user0_.password as password7_8_0_, user0_.role as role8_8_0_ from user_detail user0_ where user0_.id=?
17:17:36.145 [main] DEBUG org.hibernate.loader.plan.build.internal.spaces.QuerySpacesImpl - Adding QuerySpace : uid = &lt;gen:0&gt; -&gt; org.hibernate.loader.plan.build.internal.spaces.EntityQuerySpaceImpl@c1fca2a]
17:17:36.145 [main] DEBUG org.hibernate.persister.walking.spi.MetamodelGraphWalker - Visiting attribute path : contactNumber
17:17:36.145 [main] DEBUG org.hibernate.persister.walking.spi.MetamodelGraphWalker - Visiting attribute path : email
17:17:36.145 [main] DEBUG org.hibernate.persister.walking.spi.MetamodelGraphWalker - Visiting attribute path : enabled
17:17:36.146 [main] DEBUG org.hibernate.persister.walking.spi.MetamodelGraphWalker - Visiting attribute path : firstName
17:17:36.146 [main] DEBUG org.hibernate.persister.walking.spi.MetamodelGraphWalker - Visiting attribute path : lastName
17:17:36.146 [main] DEBUG org.hibernate.persister.walking.spi.MetamodelGraphWalker - Visiting attribute path : password
17:17:36.146 [main] DEBUG org.hibernate.persister.walking.spi.MetamodelGraphWalker - Visiting attribute path : role
17:17:36.146 [main] DEBUG org.hibernate.persister.walking.spi.MetamodelGraphWalker - Visiting attribute path : cart
17:17:36.147 [main] DEBUG org.hibernate.loader.plan.build.internal.spaces.QuerySpacesImpl - Adding QuerySpace : uid = &lt;gen:1&gt; -&gt; org.hibernate.loader.plan.build.internal.spaces.EntityQuerySpaceImpl@7c447c76]
17:17:36.147 [main] DEBUG org.hibernate.loader.plan.build.internal.FetchStyleLoadPlanBuildingAssociationVisitationStrategy - Building LoadPlan...
17:17:36.147 [main] DEBUG org.hibernate.loader.plan.exec.internal.LoadQueryJoinAndFetchProcessor - processing queryspace &lt;gen:0&gt;
17:17:36.148 [main] DEBUG org.hibernate.loader.plan.build.spi.LoadPlanTreePrinter - LoadPlan(entity=com.shoppingbackend.model.User)
    - Returns
       - EntityReturnImpl(entity=com.shoppingbackend.model.User, querySpaceUid=&lt;gen:0&gt;, path=com.shoppingbackend.model.User)
          - EntityAttributeFetchImpl(entity=com.shoppingbackend.model.Cart, querySpaceUid=&lt;gen:1&gt;, path=com.shoppingbackend.model.User.cart)
    - QuerySpaces
       - EntityQuerySpaceImpl(uid=&lt;gen:0&gt;, entity=com.shoppingbackend.model.User)
          - SQL table alias mapping - user0_
          - alias suffix - 0_
          - suffixed key columns - {id1_8_0_}

17:17:36.148 [main] DEBUG org.hibernate.loader.entity.plan.EntityLoader - Static select for entity com.shoppingbackend.model.User [OPTIMISTIC_FORCE_INCREMENT]: select user0_.id as id1_8_0_, user0_.contact_number as contact_2_8_0_, user0_.email as email3_8_0_, user0_.enabled as enabled4_8_0_, user0_.first_name as first_na5_8_0_, user0_.last_name as last_nam6_8_0_, user0_.password as password7_8_0_, user0_.role as role8_8_0_ from user_detail user0_ where user0_.id=?
17:17:36.149 [main] DEBUG org.hibernate.loader.Loader - Static select for action ACTION_MERGE on entity com.shoppingbackend.model.User: select user0_.id as id1_8_1_, user0_.contact_number as contact_2_8_1_, user0_.email as email3_8_1_, user0_.enabled as enabled4_8_1_, user0_.first_name as first_na5_8_1_, user0_.last_name as last_nam6_8_1_, user0_.password as password7_8_1_, user0_.role as role8_8_1_, cart1_.id as id1_1_0_, cart1_.cart_lines as cart_lin2_1_0_, cart1_.grand_total as grand_to3_1_0_, cart1_.user_id as user_id4_1_0_ from user_detail user0_ left outer join Cart cart1_ on user0_.id=cart1_.user_id where user0_.id=?
17:17:36.150 [main] DEBUG org.hibernate.loader.Loader - Static select for action ACTION_REFRESH on entity com.shoppingbackend.model.User: select user0_.id as id1_8_1_, user0_.contact_number as contact_2_8_1_, user0_.email as email3_8_1_, user0_.enabled as enabled4_8_1_, user0_.first_name as first_na5_8_1_, user0_.last_name as last_nam6_8_1_, user0_.password as password7_8_1_, user0_.role as role8_8_1_, cart1_.id as id1_1_0_, cart1_.cart_lines as cart_lin2_1_0_, cart1_.grand_total as grand_to3_1_0_, cart1_.user_id as user_id4_1_0_ from user_detail user0_ left outer join Cart cart1_ on user0_.id=cart1_.user_id where user0_.id=?
17:17:36.244 [main] DEBUG org.hibernate.persister.entity.AbstractEntityPersister - Static SQL for entity: com.shoppingbackend.model.Cart
17:17:36.244 [main] DEBUG org.hibernate.persister.entity.AbstractEntityPersister -  Version select: select id from Cart where id =?
17:17:36.244 [main] DEBUG org.hibernate.persister.entity.AbstractEntityPersister -  Snapshot select: select cart_.id, cart_.cart_lines as cart_lin2_1_, cart_.grand_total as grand_to3_1_, cart_.user_id as user_id4_1_ from Cart cart_ where cart_.id=?
17:17:36.244 [main] DEBUG org.hibernate.persister.entity.AbstractEntityPersister -  Insert 0: insert into Cart (cart_lines, grand_total, user_id, id) values (?, ?, ?, ?)
17:17:36.245 [main] DEBUG org.hibernate.persister.entity.AbstractEntityPersister -  Update 0: update Cart set cart_lines=?, grand_total=?, user_id=? where id=?
17:17:36.245 [main] DEBUG org.hibernate.persister.entity.AbstractEntityPersister -  Delete 0: delete from Cart where id=?
17:17:36.245 [main] DEBUG org.hibernate.persister.entity.AbstractEntityPersister -  Identity insert: insert into Cart (id, cart_lines, grand_total, user_id) values (null, ?, ?, ?)
17:17:36.245 [main] DEBUG org.hibernate.loader.plan.build.internal.spaces.QuerySpacesImpl - Adding QuerySpace : uid = &lt;gen:0&gt; -&gt; org.hibernate.loader.plan.build.internal.spaces.EntityQuerySpaceImpl@64fc097e]
17:17:36.246 [main] DEBUG org.hibernate.persister.walking.spi.MetamodelGraphWalker - Visiting attribute path : cartLines
17:17:36.246 [main] DEBUG org.hibernate.persister.walking.spi.MetamodelGraphWalker - Visiting attribute path : grandTotal
17:17:36.246 [main] DEBUG org.hibernate.persister.walking.spi.MetamodelGraphWalker - Visiting attribute path : user
17:17:36.246 [main] DEBUG org.hibernate.loader.plan.build.internal.spaces.QuerySpacesImpl - Adding QuerySpace : uid = &lt;gen:1&gt; -&gt; org.hibernate.loader.plan.build.internal.spaces.EntityQuerySpaceImpl@5d5b5fa7]
17:17:36.247 [main] DEBUG org.hibernate.persister.walking.spi.MetamodelGraphWalker - Visiting attribute path : user.contactNumber
17:17:36.247 [main] DEBUG org.hibernate.persister.walking.spi.MetamodelGraphWalker - Visiting attribute path : user.email
17:17:36.247 [main] DEBUG org.hibernate.persister.walking.spi.MetamodelGraphWalker - Visiting attribute path : user.enabled
17:17:36.247 [main] DEBUG org.hibernate.persister.walking.spi.MetamodelGraphWalker - Visiting attribute path : user.firstName
17:17:36.247 [main] DEBUG org.hibernate.persister.walking.spi.MetamodelGraphWalker - Visiting attribute path : user.lastName
17:17:36.248 [main] DEBUG org.hibernate.persister.walking.spi.MetamodelGraphWalker - Visiting attribute path : user.password
17:17:36.248 [main] DEBUG org.hibernate.persister.walking.spi.MetamodelGraphWalker - Visiting attribute path : user.role
17:17:36.260 [main] DEBUG org.hibernate.persister.walking.spi.MetamodelGraphWalker - Visiting attribute path : user.cart
17:17:36.260 [main] DEBUG org.hibernate.persister.walking.spi.MetamodelGraphWalker - Property path deemed to be circular : user.cart
17:17:36.261 [main] DEBUG org.hibernate.loader.plan.build.internal.FetchStyleLoadPlanBuildingAssociationVisitationStrategy - Building LoadPlan...
17:17:36.262 [main] DEBUG org.hibernate.loader.plan.exec.internal.LoadQueryJoinAndFetchProcessor - processing queryspace &lt;gen:0&gt;
17:17:36.263 [main] DEBUG org.hibernate.loader.plan.build.spi.LoadPlanTreePrinter - LoadPlan(entity=com.shoppingbackend.model.Cart)
    - Returns
       - EntityReturnImpl(entity=com.shoppingbackend.model.Cart, querySpaceUid=&lt;gen:0&gt;, path=com.shoppingbackend.model.Cart)
          - EntityAttributeFetchImpl(entity=com.shoppingbackend.model.User, querySpaceUid=&lt;gen:1&gt;, path=com.shoppingbackend.model.Cart.user)
    - QuerySpaces
       - EntityQuerySpaceImpl(uid=&lt;gen:0&gt;, entity=com.shoppingbackend.model.Cart)
          - SQL table alias mapping - cart0_
          - alias suffix - 0_
          - suffixed key columns - {id1_1_0_}
          - JOIN (JoinDefinedByMetadata(user)) : &lt;gen:0&gt; -&gt; &lt;gen:1&gt;
             - EntityQuerySpaceImpl(uid=&lt;gen:1&gt;, entity=com.shoppingbackend.model.User)
                - SQL table alias mapping - user1_
                - alias suffix - 1_
                - suffixed key columns - {id1_8_1_}

17:17:36.264 [main] DEBUG org.hibernate.loader.entity.plan.EntityLoader - Static select for entity com.shoppingbackend.model.Cart [NONE]: select cart0_.id as id1_1_0_, cart0_.cart_lines as cart_lin2_1_0_, cart0_.grand_total as grand_to3_1_0_, cart0_.user_id as user_id4_1_0_, user1_.id as id1_8_1_, user1_.contact_number as contact_2_8_1_, user1_.email as email3_8_1_, user1_.enabled as enabled4_8_1_, user1_.first_name as first_na5_8_1_, user1_.last_name as last_nam6_8_1_, user1_.password as password7_8_1_, user1_.role as role8_8_1_ from Cart cart0_ left outer join user_detail user1_ on cart0_.user_id=user1_.id where cart0_.id=?
17:17:36.264 [main] DEBUG org.hibernate.loader.plan.build.internal.spaces.QuerySpacesImpl - Adding QuerySpace : uid = &lt;gen:0&gt; -&gt; org.hibernate.loader.plan.build.internal.spaces.EntityQuerySpaceImpl@6107165]
17:17:36.264 [main] DEBUG org.hibernate.persister.walking.spi.MetamodelGraphWalker - Visiting attribute path : cartLines
17:17:36.265 [main] DEBUG org.hibernate.persister.walking.spi.MetamodelGraphWalker - Visiting attribute path : grandTotal
17:17:36.265 [main] DEBUG org.hibernate.persister.walking.spi.MetamodelGraphWalker - Visiting attribute path : user
17:17:36.265 [main] DEBUG org.hibernate.loader.plan.build.internal.spaces.QuerySpacesImpl - Adding QuerySpace : uid = &lt;gen:1&gt; -&gt; org.hibernate.loader.plan.build.internal.spaces.EntityQuerySpaceImpl@11ebb1b6]
17:17:36.265 [main] DEBUG org.hibernate.persister.walking.spi.MetamodelGraphWalker - Visiting attribute path : user.contactNumber
17:17:36.265 [main] DEBUG org.hibernate.persister.walking.spi.MetamodelGraphWalker - Visiting attribute path : user.email
17:17:36.266 [main] DEBUG org.hibernate.persister.walking.spi.MetamodelGraphWalker - Visiting attribute path : user.enabled
17:17:36.266 [main] DEBUG org.hibernate.persister.walking.spi.MetamodelGraphWalker - Visiting attribute path : user.firstName
17:17:36.266 [main] DEBUG org.hibernate.persister.walking.spi.MetamodelGraphWalker - Visiting attribute path : user.lastName
17:17:36.266 [main] DEBUG org.hibernate.persister.walking.spi.MetamodelGraphWalker - Visiting attribute path : user.password
17:17:36.266 [main] DEBUG org.hibernate.persister.walking.spi.MetamodelGraphWalker - Visiting attribute path : user.role
17:17:36.266 [main] DEBUG org.hibernate.persister.walking.spi.MetamodelGraphWalker - Visiting attribute path : user.cart
17:17:36.266 [main] DEBUG org.hibernate.persister.walking.spi.MetamodelGraphWalker - Property path deemed to be circular : user.cart
17:17:36.267 [main] DEBUG org.hibernate.loader.plan.build.internal.FetchStyleLoadPlanBuildingAssociationVisitationStrategy - Building LoadPlan...
17:17:36.267 [main] DEBUG org.hibernate.loader.plan.exec.internal.LoadQueryJoinAndFetchProcessor - processing queryspace &lt;gen:0&gt;
17:17:36.268 [main] DEBUG org.hibernate.loader.plan.build.spi.LoadPlanTreePrinter - LoadPlan(entity=com.shoppingbackend.model.Cart)
    - Returns
       - EntityReturnImpl(entity=com.shoppingbackend.model.Cart, querySpaceUid=&lt;gen:0&gt;, path=com.shoppingbackend.model.Cart)
          - EntityAttributeFetchImpl(entity=com.shoppingbackend.model.User, querySpaceUid=&lt;gen:1&gt;, path=com.shoppingbackend.model.Cart.user)
    - QuerySpaces
       - EntityQuerySpaceImpl(uid=&lt;gen:0&gt;, entity=com.shoppingbackend.model.Cart)
          - SQL table alias mapping - cart0_
          - alias suffix - 0_
          - suffixed key columns - {id1_1_0_}
          - JOIN (JoinDefinedByMetadata(user)) : &lt;gen:0&gt; -&gt; &lt;gen:1&gt;
             - EntityQuerySpaceImpl(uid=&lt;gen:1&gt;, entity=com.shoppingbackend.model.User)
                - SQL table alias mapping - user1_
                - alias suffix - 1_
                - suffixed key columns - {id1_8_1_}

17:17:36.272 [main] DEBUG org.hibernate.loader.entity.plan.EntityLoader - Static select for entity com.shoppingbackend.model.Cart [READ]: select cart0_.id as id1_1_0_, cart0_.cart_lines as cart_lin2_1_0_, cart0_.grand_total as grand_to3_1_0_, cart0_.user_id as user_id4_1_0_, user1_.id as id1_8_1_, user1_.contact_number as contact_2_8_1_, user1_.email as email3_8_1_, user1_.enabled as enabled4_8_1_, user1_.first_name as first_na5_8_1_, user1_.last_name as last_nam6_8_1_, user1_.password as password7_8_1_, user1_.role as role8_8_1_ from Cart cart0_ left outer join user_detail user1_ on cart0_.user_id=user1_.id where cart0_.id=?
17:17:36.272 [main] DEBUG org.hibernate.loader.plan.build.internal.spaces.QuerySpacesImpl - Adding QuerySpace : uid = &lt;gen:0&gt; -&gt; org.hibernate.loader.plan.build.internal.spaces.EntityQuerySpaceImpl@f3021cb]
17:17:36.272 [main] DEBUG org.hibernate.persister.walking.spi.MetamodelGraphWalker - Visiting attribute path : cartLines
17:17:36.273 [main] DEBUG org.hibernate.persister.walking.spi.MetamodelGraphWalker - Visiting attribute path : grandTotal
17:17:36.273 [main] DEBUG org.hibernate.persister.walking.spi.MetamodelGraphWalker - Visiting attribute path : user
17:17:36.273 [main] DEBUG org.hibernate.loader.plan.build.internal.spaces.QuerySpacesImpl - Adding QuerySpace : uid = &lt;gen:1&gt; -&gt; org.hibernate.loader.plan.build.internal.spaces.EntityQuerySpaceImpl@6009bea]
17:17:36.273 [main] DEBUG org.hibernate.loader.plan.build.internal.FetchStyleLoadPlanBuildingAssociationVisitationStrategy - Building LoadPlan...
17:17:36.274 [main] DEBUG org.hibernate.loader.plan.exec.internal.LoadQueryJoinAndFetchProcessor - processing queryspace &lt;gen:0&gt;
17:17:36.275 [main] DEBUG org.hibernate.loader.plan.build.spi.LoadPlanTreePrinter - LoadPlan(entity=com.shoppingbackend.model.Cart)
    - Returns
       - EntityReturnImpl(entity=com.shoppingbackend.model.Cart, querySpaceUid=&lt;gen:0&gt;, path=com.shoppingbackend.model.Cart)
          - EntityAttributeFetchImpl(entity=com.shoppingbackend.model.User, querySpaceUid=&lt;gen:1&gt;, path=com.shoppingbackend.model.Cart.user)
    - QuerySpaces
       - EntityQuerySpaceImpl(uid=&lt;gen:0&gt;, entity=com.shoppingbackend.model.Cart)
          - SQL table alias mapping - cart0_
          - alias suffix - 0_
          - suffixed key columns - {id1_1_0_}

17:17:36.275 [main] DEBUG org.hibernate.loader.entity.plan.EntityLoader - Static select for entity com.shoppingbackend.model.Cart [UPGRADE]: select cart0_.id as id1_1_0_, cart0_.cart_lines as cart_lin2_1_0_, cart0_.grand_total as grand_to3_1_0_, cart0_.user_id as user_id4_1_0_ from Cart cart0_ where cart0_.id=? for update
17:17:36.276 [main] DEBUG org.hibernate.loader.plan.build.internal.spaces.QuerySpacesImpl - Adding QuerySpace : uid = &lt;gen:0&gt; -&gt; org.hibernate.loader.plan.build.internal.spaces.EntityQuerySpaceImpl@7bc6d27a]
17:17:36.276 [main] DEBUG org.hibernate.persister.walking.spi.MetamodelGraphWalker - Visiting attribute path : cartLines
17:17:36.276 [main] DEBUG org.hibernate.persister.walking.spi.MetamodelGraphWalker - Visiting attribute path : grandTotal
17:17:36.276 [main] DEBUG org.hibernate.persister.walking.spi.MetamodelGraphWalker - Visiting attribute path : user
17:17:36.277 [main] DEBUG org.hibernate.loader.plan.build.internal.spaces.QuerySpacesImpl - Adding QuerySpace : uid = &lt;gen:1&gt; -&gt; org.hibernate.loader.plan.build.internal.spaces.EntityQuerySpaceImpl@6869a3b3]
17:17:36.278 [main] DEBUG org.hibernate.loader.plan.build.internal.FetchStyleLoadPlanBuildingAssociationVisitationStrategy - Building LoadPlan...
17:17:36.278 [main] DEBUG org.hibernate.loader.plan.exec.internal.LoadQueryJoinAndFetchProcessor - processing queryspace &lt;gen:0&gt;
17:17:36.279 [main] DEBUG org.hibernate.loader.plan.build.spi.LoadPlanTreePrinter - LoadPlan(entity=com.shoppingbackend.model.Cart)
    - Returns
       - EntityReturnImpl(entity=com.shoppingbackend.model.Cart, querySpaceUid=&lt;gen:0&gt;, path=com.shoppingbackend.model.Cart)
          - EntityAttributeFetchImpl(entity=com.shoppingbackend.model.User, querySpaceUid=&lt;gen:1&gt;, path=com.shoppingbackend.model.Cart.user)
    - QuerySpaces
       - EntityQuerySpaceImpl(uid=&lt;gen:0&gt;, entity=com.shoppingbackend.model.Cart)
          - SQL table alias mapping - cart0_
          - alias suffix - 0_
          - suffixed key columns - {id1_1_0_}

17:17:36.279 [main] DEBUG org.hibernate.loader.entity.plan.EntityLoader - Static select for entity com.shoppingbackend.model.Cart [UPGRADE_NOWAIT]: select cart0_.id as id1_1_0_, cart0_.cart_lines as cart_lin2_1_0_, cart0_.grand_total as grand_to3_1_0_, cart0_.user_id as user_id4_1_0_ from Cart cart0_ where cart0_.id=? for update
17:17:36.279 [main] DEBUG org.hibernate.loader.plan.build.internal.spaces.QuerySpacesImpl - Adding QuerySpace : uid = &lt;gen:0&gt; -&gt; org.hibernate.loader.plan.build.internal.spaces.EntityQuerySpaceImpl@6ab4ba9f]
17:17:36.280 [main] DEBUG org.hibernate.persister.walking.spi.MetamodelGraphWalker - Visiting attribute path : cartLines
17:17:36.280 [main] DEBUG org.hibernate.persister.walking.spi.MetamodelGraphWalker - Visiting attribute path : grandTotal
17:17:36.280 [main] DEBUG org.hibernate.persister.walking.spi.MetamodelGraphWalker - Visiting attribute path : user
17:17:36.280 [main] DEBUG org.hibernate.loader.plan.build.internal.spaces.QuerySpacesImpl - Adding QuerySpace : uid = &lt;gen:1&gt; -&gt; org.hibernate.loader.plan.build.internal.spaces.EntityQuerySpaceImpl@664e5dee]
17:17:36.280 [main] DEBUG org.hibernate.loader.plan.build.internal.FetchStyleLoadPlanBuildingAssociationVisitationStrategy - Building LoadPlan...
17:17:36.281 [main] DEBUG org.hibernate.loader.plan.exec.internal.LoadQueryJoinAndFetchProcessor - processing queryspace &lt;gen:0&gt;
17:17:36.281 [main] DEBUG org.hibernate.loader.plan.build.spi.LoadPlanTreePrinter - LoadPlan(entity=com.shoppingbackend.model.Cart)
    - Returns
       - EntityReturnImpl(entity=com.shoppingbackend.model.Cart, querySpaceUid=&lt;gen:0&gt;, path=com.shoppingbackend.model.Cart)
          - EntityAttributeFetchImpl(entity=com.shoppingbackend.model.User, querySpaceUid=&lt;gen:1&gt;, path=com.shoppingbackend.model.Cart.user)
    - QuerySpaces
       - EntityQuerySpaceImpl(uid=&lt;gen:0&gt;, entity=com.shoppingbackend.model.Cart)
          - SQL table alias mapping - cart0_
          - alias suffix - 0_
          - suffixed key columns - {id1_1_0_}

17:17:36.281 [main] DEBUG org.hibernate.loader.entity.plan.EntityLoader - Static select for entity com.shoppingbackend.model.Cart [UPGRADE_SKIPLOCKED]: select cart0_.id as id1_1_0_, cart0_.cart_lines as cart_lin2_1_0_, cart0_.grand_total as grand_to3_1_0_, cart0_.user_id as user_id4_1_0_ from Cart cart0_ where cart0_.id=? for update
17:17:36.315 [main] DEBUG org.hibernate.loader.plan.build.internal.spaces.QuerySpacesImpl - Adding QuerySpace : uid = &lt;gen:0&gt; -&gt; org.hibernate.loader.plan.build.internal.spaces.EntityQuerySpaceImpl@431f1eaf]
17:17:36.316 [main] DEBUG org.hibernate.persister.walking.spi.MetamodelGraphWalker - Visiting attribute path : cartLines
17:17:36.316 [main] DEBUG org.hibernate.persister.walking.spi.MetamodelGraphWalker - Visiting attribute path : grandTotal
17:17:36.316 [main] DEBUG org.hibernate.persister.walking.spi.MetamodelGraphWalker - Visiting attribute path : user
17:17:36.316 [main] DEBUG org.hibernate.loader.plan.build.internal.spaces.QuerySpacesImpl - Adding QuerySpace : uid = &lt;gen:1&gt; -&gt; org.hibernate.loader.plan.build.internal.spaces.EntityQuerySpaceImpl@4c59e45e]
17:17:36.317 [main] DEBUG org.hibernate.loader.plan.build.internal.FetchStyleLoadPlanBuildingAssociationVisitationStrategy - Building LoadPlan...
17:17:36.321 [main] DEBUG org.hibernate.loader.plan.exec.internal.LoadQueryJoinAndFetchProcessor - processing queryspace &lt;gen:0&gt;
17:17:36.322 [main] DEBUG org.hibernate.loader.plan.build.spi.LoadPlanTreePrinter - LoadPlan(entity=com.shoppingbackend.model.Cart)
    - Returns
       - EntityReturnImpl(entity=com.shoppingbackend.model.Cart, querySpaceUid=&lt;gen:0&gt;, path=com.shoppingbackend.model.Cart)
          - EntityAttributeFetchImpl(entity=com.shoppingbackend.model.User, querySpaceUid=&lt;gen:1&gt;, path=com.shoppingbackend.model.Cart.user)
    - QuerySpaces
       - EntityQuerySpaceImpl(uid=&lt;gen:0&gt;, entity=com.shoppingbackend.model.Cart)
          - SQL table alias mapping - cart0_
          - alias suffix - 0_
          - suffixed key columns - {id1_1_0_}

17:17:36.323 [main] DEBUG org.hibernate.loader.entity.plan.EntityLoader - Static select for entity com.shoppingbackend.model.Cart [FORCE]: select cart0_.id as id1_1_0_, cart0_.cart_lines as cart_lin2_1_0_, cart0_.grand_total as grand_to3_1_0_, cart0_.user_id as user_id4_1_0_ from Cart cart0_ where cart0_.id=? for update
17:17:36.324 [main] DEBUG org.hibernate.loader.plan.build.internal.spaces.QuerySpacesImpl - Adding QuerySpace : uid = &lt;gen:0&gt; -&gt; org.hibernate.loader.plan.build.internal.spaces.EntityQuerySpaceImpl@58ec7116]
17:17:36.325 [main] DEBUG org.hibernate.persister.walking.spi.MetamodelGraphWalker - Visiting attribute path : cartLines
17:17:36.325 [main] DEBUG org.hibernate.persister.walking.spi.MetamodelGraphWalker - Visiting attribute path : grandTotal
17:17:36.325 [main] DEBUG org.hibernate.persister.walking.spi.MetamodelGraphWalker - Visiting attribute path : user
17:17:36.326 [main] DEBUG org.hibernate.loader.plan.build.internal.spaces.QuerySpacesImpl - Adding QuerySpace : uid = &lt;gen:1&gt; -&gt; org.hibernate.loader.plan.build.internal.spaces.EntityQuerySpaceImpl@6ea04618]
17:17:36.326 [main] DEBUG org.hibernate.loader.plan.build.internal.FetchStyleLoadPlanBuildingAssociationVisitationStrategy - Building LoadPlan...
17:17:36.326 [main] DEBUG org.hibernate.loader.plan.exec.internal.LoadQueryJoinAndFetchProcessor - processing queryspace &lt;gen:0&gt;
17:17:36.327 [main] DEBUG org.hibernate.loader.plan.build.spi.LoadPlanTreePrinter - LoadPlan(entity=com.shoppingbackend.model.Cart)
    - Returns
       - EntityReturnImpl(entity=com.shoppingbackend.model.Cart, querySpaceUid=&lt;gen:0&gt;, path=com.shoppingbackend.model.Cart)
          - EntityAttributeFetchImpl(entity=com.shoppingbackend.model.User, querySpaceUid=&lt;gen:1&gt;, path=com.shoppingbackend.model.Cart.user)
    - QuerySpaces
       - EntityQuerySpaceImpl(uid=&lt;gen:0&gt;, entity=com.shoppingbackend.model.Cart)
          - SQL table alias mapping - cart0_
          - alias suffix - 0_
          - suffixed key columns - {id1_1_0_}

17:17:36.327 [main] DEBUG org.hibernate.loader.entity.plan.EntityLoader - Static select for entity com.shoppingbackend.model.Cart [PESSIMISTIC_READ]: select cart0_.id as id1_1_0_, cart0_.cart_lines as cart_lin2_1_0_, cart0_.grand_total as grand_to3_1_0_, cart0_.user_id as user_id4_1_0_ from Cart cart0_ where cart0_.id=? for update
17:17:36.328 [main] DEBUG org.hibernate.loader.plan.build.internal.spaces.QuerySpacesImpl - Adding QuerySpace : uid = &lt;gen:0&gt; -&gt; org.hibernate.loader.plan.build.internal.spaces.EntityQuerySpaceImpl@6dd82486]
17:17:36.328 [main] DEBUG org.hibernate.persister.walking.spi.MetamodelGraphWalker - Visiting attribute path : cartLines
17:17:36.329 [main] DEBUG org.hibernate.persister.walking.spi.MetamodelGraphWalker - Visiting attribute path : grandTotal
17:17:36.329 [main] DEBUG org.hibernate.persister.walking.spi.MetamodelGraphWalker - Visiting attribute path : user
17:17:36.329 [main] DEBUG org.hibernate.loader.plan.build.internal.spaces.QuerySpacesImpl - Adding QuerySpace : uid = &lt;gen:1&gt; -&gt; org.hibernate.loader.plan.build.internal.spaces.EntityQuerySpaceImpl@5a00eb1e]
17:17:36.329 [main] DEBUG org.hibernate.loader.plan.build.internal.FetchStyleLoadPlanBuildingAssociationVisitationStrategy - Building LoadPlan...
17:17:36.332 [main] DEBUG org.hibernate.loader.plan.exec.internal.LoadQueryJoinAndFetchProcessor - processing queryspace &lt;gen:0&gt;
17:17:36.333 [main] DEBUG org.hibernate.loader.plan.build.spi.LoadPlanTreePrinter - LoadPlan(entity=com.shoppingbackend.model.Cart)
    - Returns
       - EntityReturnImpl(entity=com.shoppingbackend.model.Cart, querySpaceUid=&lt;gen:0&gt;, path=com.shoppingbackend.model.Cart)
          - EntityAttributeFetchImpl(entity=com.shoppingbackend.model.User, querySpaceUid=&lt;gen:1&gt;, path=com.shoppingbackend.model.Cart.user)
    - QuerySpaces
       - EntityQuerySpaceImpl(uid=&lt;gen:0&gt;, entity=com.shoppingbackend.model.Cart)
          - SQL table alias mapping - cart0_
          - alias suffix - 0_
          - suffixed key columns - {id1_1_0_}

17:17:36.333 [main] DEBUG org.hibernate.loader.entity.plan.EntityLoader - Static select for entity com.shoppingbackend.model.Cart [PESSIMISTIC_WRITE]: select cart0_.id as id1_1_0_, cart0_.cart_lines as cart_lin2_1_0_, cart0_.grand_total as grand_to3_1_0_, cart0_.user_id as user_id4_1_0_ from Cart cart0_ where cart0_.id=? for update
17:17:36.333 [main] DEBUG org.hibernate.loader.plan.build.internal.spaces.QuerySpacesImpl - Adding QuerySpace : uid = &lt;gen:0&gt; -&gt; org.hibernate.loader.plan.build.internal.spaces.EntityQuerySpaceImpl@36fcf6c0]
17:17:36.333 [main] DEBUG org.hibernate.persister.walking.spi.MetamodelGraphWalker - Visiting attribute path : cartLines
17:17:36.334 [main] DEBUG org.hibernate.persister.walking.spi.MetamodelGraphWalker - Visiting attribute path : grandTotal
17:17:36.334 [main] DEBUG org.hibernate.persister.walking.spi.MetamodelGraphWalker - Visiting attribute path : user
17:17:36.334 [main] DEBUG org.hibernate.loader.plan.build.internal.spaces.QuerySpacesImpl - Adding QuerySpace : uid = &lt;gen:1&gt; -&gt; org.hibernate.loader.plan.build.internal.spaces.EntityQuerySpaceImpl@7026b7ee]
17:17:36.334 [main] DEBUG org.hibernate.loader.plan.build.internal.FetchStyleLoadPlanBuildingAssociationVisitationStrategy - Building LoadPlan...
17:17:36.334 [main] DEBUG org.hibernate.loader.plan.exec.internal.LoadQueryJoinAndFetchProcessor - processing queryspace &lt;gen:0&gt;
17:17:36.335 [main] DEBUG org.hibernate.loader.plan.build.spi.LoadPlanTreePrinter - LoadPlan(entity=com.shoppingbackend.model.Cart)
    - Returns
       - EntityReturnImpl(entity=com.shoppingbackend.model.Cart, querySpaceUid=&lt;gen:0&gt;, path=com.shoppingbackend.model.Cart)
          - EntityAttributeFetchImpl(entity=com.shoppingbackend.model.User, querySpaceUid=&lt;gen:1&gt;, path=com.shoppingbackend.model.Cart.user)
    - QuerySpaces
       - EntityQuerySpaceImpl(uid=&lt;gen:0&gt;, entity=com.shoppingbackend.model.Cart)
          - SQL table alias mapping - cart0_
          - alias suffix - 0_
          - suffixed key columns - {id1_1_0_}

17:17:36.335 [main] DEBUG org.hibernate.loader.entity.plan.EntityLoader - Static select for entity com.shoppingbackend.model.Cart [PESSIMISTIC_FORCE_INCREMENT]: select cart0_.id as id1_1_0_, cart0_.cart_lines as cart_lin2_1_0_, cart0_.grand_total as grand_to3_1_0_, cart0_.user_id as user_id4_1_0_ from Cart cart0_ where cart0_.id=? for update
17:17:36.335 [main] DEBUG org.hibernate.loader.plan.build.internal.spaces.QuerySpacesImpl - Adding QuerySpace : uid = &lt;gen:0&gt; -&gt; org.hibernate.loader.plan.build.internal.spaces.EntityQuerySpaceImpl@2d23faef]
17:17:36.336 [main] DEBUG org.hibernate.persister.walking.spi.MetamodelGraphWalker - Visiting attribute path : cartLines
17:17:36.336 [main] DEBUG org.hibernate.persister.walking.spi.MetamodelGraphWalker - Visiting attribute path : grandTotal
17:17:36.336 [main] DEBUG org.hibernate.persister.walking.spi.MetamodelGraphWalker - Visiting attribute path : user
17:17:36.337 [main] DEBUG org.hibernate.loader.plan.build.internal.spaces.QuerySpacesImpl - Adding QuerySpace : uid = &lt;gen:1&gt; -&gt; org.hibernate.loader.plan.build.internal.spaces.EntityQuerySpaceImpl@62a4417]
17:17:36.337 [main] DEBUG org.hibernate.loader.plan.build.internal.FetchStyleLoadPlanBuildingAssociationVisitationStrategy - Building LoadPlan...
17:17:36.338 [main] DEBUG org.hibernate.loader.plan.exec.internal.LoadQueryJoinAndFetchProcessor - processing queryspace &lt;gen:0&gt;
17:17:36.338 [main] DEBUG org.hibernate.loader.plan.build.spi.LoadPlanTreePrinter - LoadPlan(entity=com.shoppingbackend.model.Cart)
    - Returns
       - EntityReturnImpl(entity=com.shoppingbackend.model.Cart, querySpaceUid=&lt;gen:0&gt;, path=com.shoppingbackend.model.Cart)
          - EntityAttributeFetchImpl(entity=com.shoppingbackend.model.User, querySpaceUid=&lt;gen:1&gt;, path=com.shoppingbackend.model.Cart.user)
    - QuerySpaces
       - EntityQuerySpaceImpl(uid=&lt;gen:0&gt;, entity=com.shoppingbackend.model.Cart)
          - SQL table alias mapping - cart0_
          - alias suffix - 0_
          - suffixed key columns - {id1_1_0_}

17:17:36.338 [main] DEBUG org.hibernate.loader.entity.plan.EntityLoader - Static select for entity com.shoppingbackend.model.Cart [OPTIMISTIC]: select cart0_.id as id1_1_0_, cart0_.cart_lines as cart_lin2_1_0_, cart0_.grand_total as grand_to3_1_0_, cart0_.user_id as user_id4_1_0_ from Cart cart0_ where cart0_.id=?
17:17:36.338 [main] DEBUG org.hibernate.loader.plan.build.internal.spaces.QuerySpacesImpl - Adding QuerySpace : uid = &lt;gen:0&gt; -&gt; org.hibernate.loader.plan.build.internal.spaces.EntityQuerySpaceImpl@43f61afb]
17:17:36.338 [main] DEBUG org.hibernate.persister.walking.spi.MetamodelGraphWalker - Visiting attribute path : cartLines
17:17:36.338 [main] DEBUG org.hibernate.persister.walking.spi.MetamodelGraphWalker - Visiting attribute path : grandTotal
17:17:36.339 [main] DEBUG org.hibernate.persister.walking.spi.MetamodelGraphWalker - Visiting attribute path : user
17:17:36.339 [main] DEBUG org.hibernate.loader.plan.build.internal.spaces.QuerySpacesImpl - Adding QuerySpace : uid = &lt;gen:1&gt; -&gt; org.hibernate.loader.plan.build.internal.spaces.EntityQuerySpaceImpl@4fad6218]
17:17:36.339 [main] DEBUG org.hibernate.loader.plan.build.internal.FetchStyleLoadPlanBuildingAssociationVisitationStrategy - Building LoadPlan...
17:17:36.339 [main] DEBUG org.hibernate.loader.plan.exec.internal.LoadQueryJoinAndFetchProcessor - processing queryspace &lt;gen:0&gt;
17:17:36.343 [main] DEBUG org.hibernate.loader.plan.build.spi.LoadPlanTreePrinter - LoadPlan(entity=com.shoppingbackend.model.Cart)
    - Returns
       - EntityReturnImpl(entity=com.shoppingbackend.model.Cart, querySpaceUid=&lt;gen:0&gt;, path=com.shoppingbackend.model.Cart)
          - EntityAttributeFetchImpl(entity=com.shoppingbackend.model.User, querySpaceUid=&lt;gen:1&gt;, path=com.shoppingbackend.model.Cart.user)
    - QuerySpaces
       - EntityQuerySpaceImpl(uid=&lt;gen:0&gt;, entity=com.shoppingbackend.model.Cart)
          - SQL table alias mapping - cart0_
          - alias suffix - 0_
          - suffixed key columns - {id1_1_0_}

17:17:36.344 [main] DEBUG org.hibernate.loader.entity.plan.EntityLoader - Static select for entity com.shoppingbackend.model.Cart [OPTIMISTIC_FORCE_INCREMENT]: select cart0_.id as id1_1_0_, cart0_.cart_lines as cart_lin2_1_0_, cart0_.grand_total as grand_to3_1_0_, cart0_.user_id as user_id4_1_0_ from Cart cart0_ where cart0_.id=?
17:17:36.344 [main] DEBUG org.hibernate.loader.Loader - Static select for action ACTION_MERGE on entity com.shoppingbackend.model.Cart: select cart0_.id as id1_1_0_, cart0_.cart_lines as cart_lin2_1_0_, cart0_.grand_total as grand_to3_1_0_, cart0_.user_id as user_id4_1_0_ from Cart cart0_ where cart0_.id=?
17:17:36.345 [main] DEBUG org.hibernate.loader.Loader - Static select for action ACTION_REFRESH on entity com.shoppingbackend.model.Cart: select cart0_.id as id1_1_0_, cart0_.cart_lines as cart_lin2_1_0_, cart0_.grand_total as grand_to3_1_0_, cart0_.user_id as user_id4_1_0_ from Cart cart0_ where cart0_.id=?
17:17:36.347 [main] DEBUG org.hibernate.loader.Loader - Static select for entity com.shoppingbackend.model.Cart [NONE]: select cart0_.id as id1_1_1_, cart0_.cart_lines as cart_lin2_1_1_, cart0_.grand_total as grand_to3_1_1_, cart0_.user_id as user_id4_1_1_, user1_.id as id1_8_0_, user1_.contact_number as contact_2_8_0_, user1_.email as email3_8_0_, user1_.enabled as enabled4_8_0_, user1_.first_name as first_na5_8_0_, user1_.last_name as last_nam6_8_0_, user1_.password as password7_8_0_, user1_.role as role8_8_0_ from Cart cart0_ left outer join user_detail user1_ on cart0_.user_id=user1_.id where cart0_.user_id=?
17:17:36.488 [main] DEBUG org.hibernate.persister.entity.AbstractEntityPersister - Static SQL for entity: com.shoppingbackend.model.Category
17:17:36.488 [main] DEBUG org.hibernate.persister.entity.AbstractEntityPersister -  Version select: select id from Category where id =?
17:17:36.489 [main] DEBUG org.hibernate.persister.entity.AbstractEntityPersister -  Snapshot select: select category_.id, category_.is_active as is_activ2_3_, category_.description as descript3_3_, category_.image_url as image_ur4_3_, category_.name as name5_3_ from Category category_ where category_.id=?
17:17:36.489 [main] DEBUG org.hibernate.persister.entity.AbstractEntityPersister -  Insert 0: insert into Category (is_active, description, image_url, name, id) values (?, ?, ?, ?, ?)
17:17:36.489 [main] DEBUG org.hibernate.persister.entity.AbstractEntityPersister -  Update 0: update Category set is_active=?, description=?, image_url=?, name=? where id=?
17:17:36.490 [main] DEBUG org.hibernate.persister.entity.AbstractEntityPersister -  Delete 0: delete from Category where id=?
17:17:36.490 [main] DEBUG org.hibernate.persister.entity.AbstractEntityPersister -  Identity insert: insert into Category (id, is_active, description, image_url, name) values (null, ?, ?, ?, ?)
17:17:36.490 [main] DEBUG org.hibernate.loader.plan.build.internal.spaces.QuerySpacesImpl - Adding QuerySpace : uid = &lt;gen:0&gt; -&gt; org.hibernate.loader.plan.build.internal.spaces.EntityQuerySpaceImpl@1bf39d06]
17:17:36.491 [main] DEBUG org.hibernate.persister.walking.spi.MetamodelGraphWalker - Visiting attribute path : active
17:17:36.491 [main] DEBUG org.hibernate.persister.walking.spi.MetamodelGraphWalker - Visiting attribute path : description
17:17:36.491 [main] DEBUG org.hibernate.persister.walking.spi.MetamodelGraphWalker - Visiting attribute path : imageURL
17:17:36.491 [main] DEBUG org.hibernate.persister.walking.spi.MetamodelGraphWalker - Visiting attribute path : name
17:17:36.492 [main] DEBUG org.hibernate.loader.plan.build.internal.FetchStyleLoadPlanBuildingAssociationVisitationStrategy - Building LoadPlan...
17:17:36.492 [main] DEBUG org.hibernate.loader.plan.exec.internal.LoadQueryJoinAndFetchProcessor - processing queryspace &lt;gen:0&gt;
17:17:36.492 [main] DEBUG org.hibernate.loader.plan.build.spi.LoadPlanTreePrinter - LoadPlan(entity=com.shoppingbackend.model.Category)
    - Returns
       - EntityReturnImpl(entity=com.shoppingbackend.model.Category, querySpaceUid=&lt;gen:0&gt;, path=com.shoppingbackend.model.Category)
    - QuerySpaces
       - EntityQuerySpaceImpl(uid=&lt;gen:0&gt;, entity=com.shoppingbackend.model.Category)
          - SQL table alias mapping - category0_
          - alias suffix - 0_
          - suffixed key columns - {id1_3_0_}

17:17:36.493 [main] DEBUG org.hibernate.loader.entity.plan.EntityLoader - Static select for entity com.shoppingbackend.model.Category [NONE]: select category0_.id as id1_3_0_, category0_.is_active as is_activ2_3_0_, category0_.description as descript3_3_0_, category0_.image_url as image_ur4_3_0_, category0_.name as name5_3_0_ from Category category0_ where category0_.id=?
17:17:36.493 [main] DEBUG org.hibernate.loader.plan.build.internal.spaces.QuerySpacesImpl - Adding QuerySpace : uid = &lt;gen:0&gt; -&gt; org.hibernate.loader.plan.build.internal.spaces.EntityQuerySpaceImpl@1ac45389]
17:17:36.493 [main] DEBUG org.hibernate.persister.walking.spi.MetamodelGraphWalker - Visiting attribute path : active
17:17:36.494 [main] DEBUG org.hibernate.persister.walking.spi.MetamodelGraphWalker - Visiting attribute path : description
17:17:36.494 [main] DEBUG org.hibernate.persister.walking.spi.MetamodelGraphWalker - Visiting attribute path : imageURL
17:17:36.494 [main] DEBUG org.hibernate.persister.walking.spi.MetamodelGraphWalker - Visiting attribute path : name
17:17:36.496 [main] DEBUG org.hibernate.loader.plan.build.internal.FetchStyleLoadPlanBuildingAssociationVisitationStrategy - Building LoadPlan...
17:17:36.496 [main] DEBUG org.hibernate.loader.plan.exec.internal.LoadQueryJoinAndFetchProcessor - processing queryspace &lt;gen:0&gt;
17:17:36.497 [main] DEBUG org.hibernate.loader.plan.build.spi.LoadPlanTreePrinter - LoadPlan(entity=com.shoppingbackend.model.Category)
    - Returns
       - EntityReturnImpl(entity=com.shoppingbackend.model.Category, querySpaceUid=&lt;gen:0&gt;, path=com.shoppingbackend.model.Category)
    - QuerySpaces
       - EntityQuerySpaceImpl(uid=&lt;gen:0&gt;, entity=com.shoppingbackend.model.Category)
          - SQL table alias mapping - category0_
          - alias suffix - 0_
          - suffixed key columns - {id1_3_0_}

17:17:36.497 [main] DEBUG org.hibernate.loader.entity.plan.EntityLoader - Static select for entity com.shoppingbackend.model.Category [READ]: select category0_.id as id1_3_0_, category0_.is_active as is_activ2_3_0_, category0_.description as descript3_3_0_, category0_.image_url as image_ur4_3_0_, category0_.name as name5_3_0_ from Category category0_ where category0_.id=?
17:17:36.498 [main] DEBUG org.hibernate.loader.plan.build.internal.spaces.QuerySpacesImpl - Adding QuerySpace : uid = &lt;gen:0&gt; -&gt; org.hibernate.loader.plan.build.internal.spaces.EntityQuerySpaceImpl@39c1fe0b]
17:17:36.498 [main] DEBUG org.hibernate.persister.walking.spi.MetamodelGraphWalker - Visiting attribute path : active
17:17:36.498 [main] DEBUG org.hibernate.persister.walking.spi.MetamodelGraphWalker - Visiting attribute path : description
17:17:36.498 [main] DEBUG org.hibernate.persister.walking.spi.MetamodelGraphWalker - Visiting attribute path : imageURL
17:17:36.498 [main] DEBUG org.hibernate.persister.walking.spi.MetamodelGraphWalker - Visiting attribute path : name
17:17:36.499 [main] DEBUG org.hibernate.loader.plan.build.internal.FetchStyleLoadPlanBuildingAssociationVisitationStrategy - Building LoadPlan...
17:17:36.499 [main] DEBUG org.hibernate.loader.plan.exec.internal.LoadQueryJoinAndFetchProcessor - processing queryspace &lt;gen:0&gt;
17:17:36.500 [main] DEBUG org.hibernate.loader.plan.build.spi.LoadPlanTreePrinter - LoadPlan(entity=com.shoppingbackend.model.Category)
    - Returns
       - EntityReturnImpl(entity=com.shoppingbackend.model.Category, querySpaceUid=&lt;gen:0&gt;, path=com.shoppingbackend.model.Category)
    - QuerySpaces
       - EntityQuerySpaceImpl(uid=&lt;gen:0&gt;, entity=com.shoppingbackend.model.Category)
          - SQL table alias mapping - category0_
          - alias suffix - 0_
          - suffixed key columns - {id1_3_0_}

17:17:36.500 [main] DEBUG org.hibernate.loader.entity.plan.EntityLoader - Static select for entity com.shoppingbackend.model.Category [UPGRADE]: select category0_.id as id1_3_0_, category0_.is_active as is_activ2_3_0_, category0_.description as descript3_3_0_, category0_.image_url as image_ur4_3_0_, category0_.name as name5_3_0_ from Category category0_ where category0_.id=? for update
17:17:36.500 [main] DEBUG org.hibernate.loader.plan.build.internal.spaces.QuerySpacesImpl - Adding QuerySpace : uid = &lt;gen:0&gt; -&gt; org.hibernate.loader.plan.build.internal.spaces.EntityQuerySpaceImpl@62891fc8]
17:17:36.501 [main] DEBUG org.hibernate.persister.walking.spi.MetamodelGraphWalker - Visiting attribute path : active
17:17:36.501 [main] DEBUG org.hibernate.persister.walking.spi.MetamodelGraphWalker - Visiting attribute path : description
17:17:36.501 [main] DEBUG org.hibernate.persister.walking.spi.MetamodelGraphWalker - Visiting attribute path : imageURL
17:17:36.501 [main] DEBUG org.hibernate.persister.walking.spi.MetamodelGraphWalker - Visiting attribute path : name
17:17:36.501 [main] DEBUG org.hibernate.loader.plan.build.internal.FetchStyleLoadPlanBuildingAssociationVisitationStrategy - Building LoadPlan...
17:17:36.502 [main] DEBUG org.hibernate.loader.plan.exec.internal.LoadQueryJoinAndFetchProcessor - processing queryspace &lt;gen:0&gt;
17:17:36.504 [main] DEBUG org.hibernate.loader.plan.build.spi.LoadPlanTreePrinter - LoadPlan(entity=com.shoppingbackend.model.Category)
    - Returns
       - EntityReturnImpl(entity=com.shoppingbackend.model.Category, querySpaceUid=&lt;gen:0&gt;, path=com.shoppingbackend.model.Category)
    - QuerySpaces
       - EntityQuerySpaceImpl(uid=&lt;gen:0&gt;, entity=com.shoppingbackend.model.Category)
          - SQL table alias mapping - category0_
          - alias suffix - 0_
          - suffixed key columns - {id1_3_0_}

17:17:36.504 [main] DEBUG org.hibernate.loader.entity.plan.EntityLoader - Static select for entity com.shoppingbackend.model.Category [UPGRADE_NOWAIT]: select category0_.id as id1_3_0_, category0_.is_active as is_activ2_3_0_, category0_.description as descript3_3_0_, category0_.image_url as image_ur4_3_0_, category0_.name as name5_3_0_ from Category category0_ where category0_.id=? for update
17:17:36.505 [main] DEBUG org.hibernate.loader.plan.build.internal.spaces.QuerySpacesImpl - Adding QuerySpace : uid = &lt;gen:0&gt; -&gt; org.hibernate.loader.plan.build.internal.spaces.EntityQuerySpaceImpl@fca387]
17:17:36.505 [main] DEBUG org.hibernate.persister.walking.spi.MetamodelGraphWalker - Visiting attribute path : active
17:17:36.505 [main] DEBUG org.hibernate.persister.walking.spi.MetamodelGraphWalker - Visiting attribute path : description
17:17:36.505 [main] DEBUG org.hibernate.persister.walking.spi.MetamodelGraphWalker - Visiting attribute path : imageURL
17:17:36.506 [main] DEBUG org.hibernate.persister.walking.spi.MetamodelGraphWalker - Visiting attribute path : name
17:17:36.506 [main] DEBUG org.hibernate.loader.plan.build.internal.FetchStyleLoadPlanBuildingAssociationVisitationStrategy - Building LoadPlan...
17:17:36.506 [main] DEBUG org.hibernate.loader.plan.exec.internal.LoadQueryJoinAndFetchProcessor - processing queryspace &lt;gen:0&gt;
17:17:36.507 [main] DEBUG org.hibernate.loader.plan.build.spi.LoadPlanTreePrinter - LoadPlan(entity=com.shoppingbackend.model.Category)
    - Returns
       - EntityReturnImpl(entity=com.shoppingbackend.model.Category, querySpaceUid=&lt;gen:0&gt;, path=com.shoppingbackend.model.Category)
    - QuerySpaces
       - EntityQuerySpaceImpl(uid=&lt;gen:0&gt;, entity=com.shoppingbackend.model.Category)
          - SQL table alias mapping - category0_
          - alias suffix - 0_
          - suffixed key columns - {id1_3_0_}

17:17:36.507 [main] DEBUG org.hibernate.loader.entity.plan.EntityLoader - Static select for entity com.shoppingbackend.model.Category [UPGRADE_SKIPLOCKED]: select category0_.id as id1_3_0_, category0_.is_active as is_activ2_3_0_, category0_.description as descript3_3_0_, category0_.image_url as image_ur4_3_0_, category0_.name as name5_3_0_ from Category category0_ where category0_.id=? for update
17:17:36.507 [main] DEBUG org.hibernate.loader.plan.build.internal.spaces.QuerySpacesImpl - Adding QuerySpace : uid = &lt;gen:0&gt; -&gt; org.hibernate.loader.plan.build.internal.spaces.EntityQuerySpaceImpl@3ae0b770]
17:17:36.508 [main] DEBUG org.hibernate.persister.walking.spi.MetamodelGraphWalker - Visiting attribute path : active
17:17:36.508 [main] DEBUG org.hibernate.persister.walking.spi.MetamodelGraphWalker - Visiting attribute path : description
17:17:36.508 [main] DEBUG org.hibernate.persister.walking.spi.MetamodelGraphWalker - Visiting attribute path : imageURL
17:17:36.508 [main] DEBUG org.hibernate.persister.walking.spi.MetamodelGraphWalker - Visiting attribute path : name
17:17:36.509 [main] DEBUG org.hibernate.loader.plan.build.internal.FetchStyleLoadPlanBuildingAssociationVisitationStrategy - Building LoadPlan...
17:17:36.509 [main] DEBUG org.hibernate.loader.plan.exec.internal.LoadQueryJoinAndFetchProcessor - processing queryspace &lt;gen:0&gt;
17:17:36.510 [main] DEBUG org.hibernate.loader.plan.build.spi.LoadPlanTreePrinter - LoadPlan(entity=com.shoppingbackend.model.Category)
    - Returns
       - EntityReturnImpl(entity=com.shoppingbackend.model.Category, querySpaceUid=&lt;gen:0&gt;, path=com.shoppingbackend.model.Category)
    - QuerySpaces
       - EntityQuerySpaceImpl(uid=&lt;gen:0&gt;, entity=com.shoppingbackend.model.Category)
          - SQL table alias mapping - category0_
          - alias suffix - 0_
          - suffixed key columns - {id1_3_0_}

17:17:36.510 [main] DEBUG org.hibernate.loader.entity.plan.EntityLoader - Static select for entity com.shoppingbackend.model.Category [FORCE]: select category0_.id as id1_3_0_, category0_.is_active as is_activ2_3_0_, category0_.description as descript3_3_0_, category0_.image_url as image_ur4_3_0_, category0_.name as name5_3_0_ from Category category0_ where category0_.id=? for update
17:17:36.510 [main] DEBUG org.hibernate.loader.plan.build.internal.spaces.QuerySpacesImpl - Adding QuerySpace : uid = &lt;gen:0&gt; -&gt; org.hibernate.loader.plan.build.internal.spaces.EntityQuerySpaceImpl@30e6a763]
17:17:36.510 [main] DEBUG org.hibernate.persister.walking.spi.MetamodelGraphWalker - Visiting attribute path : active
17:17:36.511 [main] DEBUG org.hibernate.persister.walking.spi.MetamodelGraphWalker - Visiting attribute path : description
17:17:36.511 [main] DEBUG org.hibernate.persister.walking.spi.MetamodelGraphWalker - Visiting attribute path : imageURL
17:17:36.511 [main] DEBUG org.hibernate.persister.walking.spi.MetamodelGraphWalker - Visiting attribute path : name
17:17:36.511 [main] DEBUG org.hibernate.loader.plan.build.internal.FetchStyleLoadPlanBuildingAssociationVisitationStrategy - Building LoadPlan...
17:17:36.512 [main] DEBUG org.hibernate.loader.plan.exec.internal.LoadQueryJoinAndFetchProcessor - processing queryspace &lt;gen:0&gt;
17:17:36.513 [main] DEBUG org.hibernate.loader.plan.build.spi.LoadPlanTreePrinter - LoadPlan(entity=com.shoppingbackend.model.Category)
    - Returns
       - EntityReturnImpl(entity=com.shoppingbackend.model.Category, querySpaceUid=&lt;gen:0&gt;, path=com.shoppingbackend.model.Category)
    - QuerySpaces
       - EntityQuerySpaceImpl(uid=&lt;gen:0&gt;, entity=com.shoppingbackend.model.Category)
          - SQL table alias mapping - category0_
          - alias suffix - 0_
          - suffixed key columns - {id1_3_0_}

17:17:36.535 [main] DEBUG org.hibernate.loader.entity.plan.EntityLoader - Static select for entity com.shoppingbackend.model.Category [PESSIMISTIC_READ]: select category0_.id as id1_3_0_, category0_.is_active as is_activ2_3_0_, category0_.description as descript3_3_0_, category0_.image_url as image_ur4_3_0_, category0_.name as name5_3_0_ from Category category0_ where category0_.id=? for update
17:17:36.535 [main] DEBUG org.hibernate.loader.plan.build.internal.spaces.QuerySpacesImpl - Adding QuerySpace : uid = &lt;gen:0&gt; -&gt; org.hibernate.loader.plan.build.internal.spaces.EntityQuerySpaceImpl@732c9b5c]
17:17:36.536 [main] DEBUG org.hibernate.persister.walking.spi.MetamodelGraphWalker - Visiting attribute path : active
17:17:36.536 [main] DEBUG org.hibernate.persister.walking.spi.MetamodelGraphWalker - Visiting attribute path : description
17:17:36.537 [main] DEBUG org.hibernate.persister.walking.spi.MetamodelGraphWalker - Visiting attribute path : imageURL
17:17:36.537 [main] DEBUG org.hibernate.persister.walking.spi.MetamodelGraphWalker - Visiting attribute path : name
17:17:36.537 [main] DEBUG org.hibernate.loader.plan.build.internal.FetchStyleLoadPlanBuildingAssociationVisitationStrategy - Building LoadPlan...
17:17:36.537 [main] DEBUG org.hibernate.loader.plan.exec.internal.LoadQueryJoinAndFetchProcessor - processing queryspace &lt;gen:0&gt;
17:17:36.538 [main] DEBUG org.hibernate.loader.plan.build.spi.LoadPlanTreePrinter - LoadPlan(entity=com.shoppingbackend.model.Category)
    - Returns
       - EntityReturnImpl(entity=com.shoppingbackend.model.Category, querySpaceUid=&lt;gen:0&gt;, path=com.shoppingbackend.model.Category)
    - QuerySpaces
       - EntityQuerySpaceImpl(uid=&lt;gen:0&gt;, entity=com.shoppingbackend.model.Category)
          - SQL table alias mapping - category0_
          - alias suffix - 0_
          - suffixed key columns - {id1_3_0_}

17:17:36.538 [main] DEBUG org.hibernate.loader.entity.plan.EntityLoader - Static select for entity com.shoppingbackend.model.Category [PESSIMISTIC_WRITE]: select category0_.id as id1_3_0_, category0_.is_active as is_activ2_3_0_, category0_.description as descript3_3_0_, category0_.image_url as image_ur4_3_0_, category0_.name as name5_3_0_ from Category category0_ where category0_.id=? for update
17:17:36.538 [main] DEBUG org.hibernate.loader.plan.build.internal.spaces.QuerySpacesImpl - Adding QuerySpace : uid = &lt;gen:0&gt; -&gt; org.hibernate.loader.plan.build.internal.spaces.EntityQuerySpaceImpl@3d6a6bee]
17:17:36.539 [main] DEBUG org.hibernate.persister.walking.spi.MetamodelGraphWalker - Visiting attribute path : active
17:17:36.539 [main] DEBUG org.hibernate.persister.walking.spi.MetamodelGraphWalker - Visiting attribute path : description
17:17:36.540 [main] DEBUG org.hibernate.persister.walking.spi.MetamodelGraphWalker - Visiting attribute path : imageURL
17:17:36.540 [main] DEBUG org.hibernate.persister.walking.spi.MetamodelGraphWalker - Visiting attribute path : name
17:17:36.540 [main] DEBUG org.hibernate.loader.plan.build.internal.FetchStyleLoadPlanBuildingAssociationVisitationStrategy - Building LoadPlan...
17:17:36.541 [main] DEBUG org.hibernate.loader.plan.exec.internal.LoadQueryJoinAndFetchProcessor - processing queryspace &lt;gen:0&gt;
17:17:36.541 [main] DEBUG org.hibernate.loader.plan.build.spi.LoadPlanTreePrinter - LoadPlan(entity=com.shoppingbackend.model.Category)
    - Returns
       - EntityReturnImpl(entity=com.shoppingbackend.model.Category, querySpaceUid=&lt;gen:0&gt;, path=com.shoppingbackend.model.Category)
    - QuerySpaces
       - EntityQuerySpaceImpl(uid=&lt;gen:0&gt;, entity=com.shoppingbackend.model.Category)
          - SQL table alias mapping - category0_
          - alias suffix - 0_
          - suffixed key columns - {id1_3_0_}

17:17:36.541 [main] DEBUG org.hibernate.loader.entity.plan.EntityLoader - Static select for entity com.shoppingbackend.model.Category [PESSIMISTIC_FORCE_INCREMENT]: select category0_.id as id1_3_0_, category0_.is_active as is_activ2_3_0_, category0_.description as descript3_3_0_, category0_.image_url as image_ur4_3_0_, category0_.name as name5_3_0_ from Category category0_ where category0_.id=? for update
17:17:36.542 [main] DEBUG org.hibernate.loader.plan.build.internal.spaces.QuerySpacesImpl - Adding QuerySpace : uid = &lt;gen:0&gt; -&gt; org.hibernate.loader.plan.build.internal.spaces.EntityQuerySpaceImpl@213c3543]
17:17:36.542 [main] DEBUG org.hibernate.persister.walking.spi.MetamodelGraphWalker - Visiting attribute path : active
17:17:36.542 [main] DEBUG org.hibernate.persister.walking.spi.MetamodelGraphWalker - Visiting attribute path : description
17:17:36.542 [main] DEBUG org.hibernate.persister.walking.spi.MetamodelGraphWalker - Visiting attribute path : imageURL
17:17:36.543 [main] DEBUG org.hibernate.persister.walking.spi.MetamodelGraphWalker - Visiting attribute path : name
17:17:36.543 [main] DEBUG org.hibernate.loader.plan.build.internal.FetchStyleLoadPlanBuildingAssociationVisitationStrategy - Building LoadPlan...
17:17:36.543 [main] DEBUG org.hibernate.loader.plan.exec.internal.LoadQueryJoinAndFetchProcessor - processing queryspace &lt;gen:0&gt;
17:17:36.547 [main] DEBUG org.hibernate.loader.plan.build.spi.LoadPlanTreePrinter - LoadPlan(entity=com.shoppingbackend.model.Category)
    - Returns
       - EntityReturnImpl(entity=com.shoppingbackend.model.Category, querySpaceUid=&lt;gen:0&gt;, path=com.shoppingbackend.model.Category)
    - QuerySpaces
       - EntityQuerySpaceImpl(uid=&lt;gen:0&gt;, entity=com.shoppingbackend.model.Category)
          - SQL table alias mapping - category0_
          - alias suffix - 0_
          - suffixed key columns - {id1_3_0_}

17:17:36.547 [main] DEBUG org.hibernate.loader.entity.plan.EntityLoader - Static select for entity com.shoppingbackend.model.Category [OPTIMISTIC]: select category0_.id as id1_3_0_, category0_.is_active as is_activ2_3_0_, category0_.description as descript3_3_0_, category0_.image_url as image_ur4_3_0_, category0_.name as name5_3_0_ from Category category0_ where category0_.id=?
17:17:36.547 [main] DEBUG org.hibernate.loader.plan.build.internal.spaces.QuerySpacesImpl - Adding QuerySpace : uid = &lt;gen:0&gt; -&gt; org.hibernate.loader.plan.build.internal.spaces.EntityQuerySpaceImpl@670ce331]
17:17:36.548 [main] DEBUG org.hibernate.persister.walking.spi.MetamodelGraphWalker - Visiting attribute path : active
17:17:36.548 [main] DEBUG org.hibernate.persister.walking.spi.MetamodelGraphWalker - Visiting attribute path : description
17:17:36.548 [main] DEBUG org.hibernate.persister.walking.spi.MetamodelGraphWalker - Visiting attribute path : imageURL
17:17:36.548 [main] DEBUG org.hibernate.persister.walking.spi.MetamodelGraphWalker - Visiting attribute path : name
17:17:36.548 [main] DEBUG org.hibernate.loader.plan.build.internal.FetchStyleLoadPlanBuildingAssociationVisitationStrategy - Building LoadPlan...
17:17:36.548 [main] DEBUG org.hibernate.loader.plan.exec.internal.LoadQueryJoinAndFetchProcessor - processing queryspace &lt;gen:0&gt;
17:17:36.548 [main] DEBUG org.hibernate.loader.plan.build.spi.LoadPlanTreePrinter - LoadPlan(entity=com.shoppingbackend.model.Category)
    - Returns
       - EntityReturnImpl(entity=com.shoppingbackend.model.Category, querySpaceUid=&lt;gen:0&gt;, path=com.shoppingbackend.model.Category)
    - QuerySpaces
       - EntityQuerySpaceImpl(uid=&lt;gen:0&gt;, entity=com.shoppingbackend.model.Category)
          - SQL table alias mapping - category0_
          - alias suffix - 0_
          - suffixed key columns - {id1_3_0_}

17:17:36.549 [main] DEBUG org.hibernate.loader.entity.plan.EntityLoader - Static select for entity com.shoppingbackend.model.Category [OPTIMISTIC_FORCE_INCREMENT]: select category0_.id as id1_3_0_, category0_.is_active as is_activ2_3_0_, category0_.description as descript3_3_0_, category0_.image_url as image_ur4_3_0_, category0_.name as name5_3_0_ from Category category0_ where category0_.id=?
17:17:36.549 [main] DEBUG org.hibernate.loader.Loader - Static select for action ACTION_MERGE on entity com.shoppingbackend.model.Category: select category0_.id as id1_3_0_, category0_.is_active as is_activ2_3_0_, category0_.description as descript3_3_0_, category0_.image_url as image_ur4_3_0_, category0_.name as name5_3_0_ from Category category0_ where category0_.id=?
17:17:36.550 [main] DEBUG org.hibernate.loader.Loader - Static select for action ACTION_REFRESH on entity com.shoppingbackend.model.Category: select category0_.id as id1_3_0_, category0_.is_active as is_activ2_3_0_, category0_.description as descript3_3_0_, category0_.image_url as image_ur4_3_0_, category0_.name as name5_3_0_ from Category category0_ where category0_.id=?
17:17:36.551 [main] DEBUG org.hibernate.persister.entity.AbstractEntityPersister - Static SQL for entity: com.shoppingbackend.model.Address
17:17:36.551 [main] DEBUG org.hibernate.persister.entity.AbstractEntityPersister -  Version select: select id from Address where id =?
17:17:36.551 [main] DEBUG org.hibernate.persister.entity.AbstractEntityPersister -  Snapshot select: select address_.id, address_.address_line_one as address_2_0_, address_.address_line_two as address_3_0_, address_.is_billing as is_billi4_0_, address_.city as city5_0_, address_.country as country6_0_, address_.postal_code as postal_c7_0_, address_.is_shipping as is_shipp8_0_, address_.state as state9_0_, address_.user_id as user_id10_0_ from Address address_ where address_.id=?
17:17:36.551 [main] DEBUG org.hibernate.persister.entity.AbstractEntityPersister -  Insert 0: insert into Address (address_line_one, address_line_two, is_billing, city, country, postal_code, is_shipping, state, user_id, id) values (?, ?, ?, ?, ?, ?, ?, ?, ?, ?)
17:17:36.552 [main] DEBUG org.hibernate.persister.entity.AbstractEntityPersister -  Update 0: update Address set address_line_one=?, address_line_two=?, is_billing=?, city=?, country=?, postal_code=?, is_shipping=?, state=?, user_id=? where id=?
17:17:36.552 [main] DEBUG org.hibernate.persister.entity.AbstractEntityPersister -  Delete 0: delete from Address where id=?
17:17:36.552 [main] DEBUG org.hibernate.persister.entity.AbstractEntityPersister -  Identity insert: insert into Address (id, address_line_one, address_line_two, is_billing, city, country, postal_code, is_shipping, state, user_id) values (null, ?, ?, ?, ?, ?, ?, ?, ?, ?)
17:17:36.552 [main] DEBUG org.hibernate.loader.plan.build.internal.spaces.QuerySpacesImpl - Adding QuerySpace : uid = &lt;gen:0&gt; -&gt; org.hibernate.loader.plan.build.internal.spaces.EntityQuerySpaceImpl@7c29adc8]
17:17:36.553 [main] DEBUG org.hibernate.persister.walking.spi.MetamodelGraphWalker - Visiting attribute path : addressLineOne
17:17:36.553 [main] DEBUG org.hibernate.persister.walking.spi.MetamodelGraphWalker - Visiting attribute path : addressLineTwo
17:17:36.553 [main] DEBUG org.hibernate.persister.walking.spi.MetamodelGraphWalker - Visiting attribute path : billing
17:17:36.553 [main] DEBUG org.hibernate.persister.walking.spi.MetamodelGraphWalker - Visiting attribute path : city
17:17:36.554 [main] DEBUG org.hibernate.persister.walking.spi.MetamodelGraphWalker - Visiting attribute path : country
17:17:36.554 [main] DEBUG org.hibernate.persister.walking.spi.MetamodelGraphWalker - Visiting attribute path : postalCode
17:17:36.554 [main] DEBUG org.hibernate.persister.walking.spi.MetamodelGraphWalker - Visiting attribute path : shipping
17:17:36.554 [main] DEBUG org.hibernate.persister.walking.spi.MetamodelGraphWalker - Visiting attribute path : state
17:17:36.554 [main] DEBUG org.hibernate.persister.walking.spi.MetamodelGraphWalker - Visiting attribute path : userId
17:17:36.554 [main] DEBUG org.hibernate.loader.plan.build.internal.FetchStyleLoadPlanBuildingAssociationVisitationStrategy - Building LoadPlan...
17:17:36.554 [main] DEBUG org.hibernate.loader.plan.exec.internal.LoadQueryJoinAndFetchProcessor - processing queryspace &lt;gen:0&gt;
17:17:36.555 [main] DEBUG org.hibernate.loader.plan.build.spi.LoadPlanTreePrinter - LoadPlan(entity=com.shoppingbackend.model.Address)
    - Returns
       - EntityReturnImpl(entity=com.shoppingbackend.model.Address, querySpaceUid=&lt;gen:0&gt;, path=com.shoppingbackend.model.Address)
    - QuerySpaces
       - EntityQuerySpaceImpl(uid=&lt;gen:0&gt;, entity=com.shoppingbackend.model.Address)
          - SQL table alias mapping - address0_
          - alias suffix - 0_
          - suffixed key columns - {id1_0_0_}

17:17:36.555 [main] DEBUG org.hibernate.loader.entity.plan.EntityLoader - Static select for entity com.shoppingbackend.model.Address [NONE]: select address0_.id as id1_0_0_, address0_.address_line_one as address_2_0_0_, address0_.address_line_two as address_3_0_0_, address0_.is_billing as is_billi4_0_0_, address0_.city as city5_0_0_, address0_.country as country6_0_0_, address0_.postal_code as postal_c7_0_0_, address0_.is_shipping as is_shipp8_0_0_, address0_.state as state9_0_0_, address0_.user_id as user_id10_0_0_ from Address address0_ where address0_.id=?
17:17:36.555 [main] DEBUG org.hibernate.loader.plan.build.internal.spaces.QuerySpacesImpl - Adding QuerySpace : uid = &lt;gen:0&gt; -&gt; org.hibernate.loader.plan.build.internal.spaces.EntityQuerySpaceImpl@4bbb49b0]
17:17:36.555 [main] DEBUG org.hibernate.persister.walking.spi.MetamodelGraphWalker - Visiting attribute path : addressLineOne
17:17:36.556 [main] DEBUG org.hibernate.persister.walking.spi.MetamodelGraphWalker - Visiting attribute path : addressLineTwo
17:17:36.556 [main] DEBUG org.hibernate.persister.walking.spi.MetamodelGraphWalker - Visiting attribute path : billing
17:17:36.556 [main] DEBUG org.hibernate.persister.walking.spi.MetamodelGraphWalker - Visiting attribute path : city
17:17:36.556 [main] DEBUG org.hibernate.persister.walking.spi.MetamodelGraphWalker - Visiting attribute path : country
17:17:36.556 [main] DEBUG org.hibernate.persister.walking.spi.MetamodelGraphWalker - Visiting attribute path : postalCode
17:17:36.557 [main] DEBUG org.hibernate.persister.walking.spi.MetamodelGraphWalker - Visiting attribute path : shipping
17:17:36.557 [main] DEBUG org.hibernate.persister.walking.spi.MetamodelGraphWalker - Visiting attribute path : state
17:17:36.557 [main] DEBUG org.hibernate.persister.walking.spi.MetamodelGraphWalker - Visiting attribute path : userId
17:17:36.558 [main] DEBUG org.hibernate.loader.plan.build.internal.FetchStyleLoadPlanBuildingAssociationVisitationStrategy - Building LoadPlan...
17:17:36.558 [main] DEBUG org.hibernate.loader.plan.exec.internal.LoadQueryJoinAndFetchProcessor - processing queryspace &lt;gen:0&gt;
17:17:36.559 [main] DEBUG org.hibernate.loader.plan.build.spi.LoadPlanTreePrinter - LoadPlan(entity=com.shoppingbackend.model.Address)
    - Returns
       - EntityReturnImpl(entity=com.shoppingbackend.model.Address, querySpaceUid=&lt;gen:0&gt;, path=com.shoppingbackend.model.Address)
    - QuerySpaces
       - EntityQuerySpaceImpl(uid=&lt;gen:0&gt;, entity=com.shoppingbackend.model.Address)
          - SQL table alias mapping - address0_
          - alias suffix - 0_
          - suffixed key columns - {id1_0_0_}

17:17:36.559 [main] DEBUG org.hibernate.loader.entity.plan.EntityLoader - Static select for entity com.shoppingbackend.model.Address [READ]: select address0_.id as id1_0_0_, address0_.address_line_one as address_2_0_0_, address0_.address_line_two as address_3_0_0_, address0_.is_billing as is_billi4_0_0_, address0_.city as city5_0_0_, address0_.country as country6_0_0_, address0_.postal_code as postal_c7_0_0_, address0_.is_shipping as is_shipp8_0_0_, address0_.state as state9_0_0_, address0_.user_id as user_id10_0_0_ from Address address0_ where address0_.id=?
17:17:36.559 [main] DEBUG org.hibernate.loader.plan.build.internal.spaces.QuerySpacesImpl - Adding QuerySpace : uid = &lt;gen:0&gt; -&gt; org.hibernate.loader.plan.build.internal.spaces.EntityQuerySpaceImpl@3effd4f3]
17:17:36.559 [main] DEBUG org.hibernate.persister.walking.spi.MetamodelGraphWalker - Visiting attribute path : addressLineOne
17:17:36.560 [main] DEBUG org.hibernate.persister.walking.spi.MetamodelGraphWalker - Visiting attribute path : addressLineTwo
17:17:36.560 [main] DEBUG org.hibernate.persister.walking.spi.MetamodelGraphWalker - Visiting attribute path : billing
17:17:36.560 [main] DEBUG org.hibernate.persister.walking.spi.MetamodelGraphWalker - Visiting attribute path : city
17:17:36.560 [main] DEBUG org.hibernate.persister.walking.spi.MetamodelGraphWalker - Visiting attribute path : country
17:17:36.560 [main] DEBUG org.hibernate.persister.walking.spi.MetamodelGraphWalker - Visiting attribute path : postalCode
17:17:36.561 [main] DEBUG org.hibernate.persister.walking.spi.MetamodelGraphWalker - Visiting attribute path : shipping
17:17:36.561 [main] DEBUG org.hibernate.persister.walking.spi.MetamodelGraphWalker - Visiting attribute path : state
17:17:36.561 [main] DEBUG org.hibernate.persister.walking.spi.MetamodelGraphWalker - Visiting attribute path : userId
17:17:36.561 [main] DEBUG org.hibernate.loader.plan.build.internal.FetchStyleLoadPlanBuildingAssociationVisitationStrategy - Building LoadPlan...
17:17:36.562 [main] DEBUG org.hibernate.loader.plan.exec.internal.LoadQueryJoinAndFetchProcessor - processing queryspace &lt;gen:0&gt;
17:17:36.562 [main] DEBUG org.hibernate.loader.plan.build.spi.LoadPlanTreePrinter - LoadPlan(entity=com.shoppingbackend.model.Address)
    - Returns
       - EntityReturnImpl(entity=com.shoppingbackend.model.Address, querySpaceUid=&lt;gen:0&gt;, path=com.shoppingbackend.model.Address)
    - QuerySpaces
       - EntityQuerySpaceImpl(uid=&lt;gen:0&gt;, entity=com.shoppingbackend.model.Address)
          - SQL table alias mapping - address0_
          - alias suffix - 0_
          - suffixed key columns - {id1_0_0_}

17:17:36.563 [main] DEBUG org.hibernate.loader.entity.plan.EntityLoader - Static select for entity com.shoppingbackend.model.Address [UPGRADE]: select address0_.id as id1_0_0_, address0_.address_line_one as address_2_0_0_, address0_.address_line_two as address_3_0_0_, address0_.is_billing as is_billi4_0_0_, address0_.city as city5_0_0_, address0_.country as country6_0_0_, address0_.postal_code as postal_c7_0_0_, address0_.is_shipping as is_shipp8_0_0_, address0_.state as state9_0_0_, address0_.user_id as user_id10_0_0_ from Address address0_ where address0_.id=? for update
17:17:36.563 [main] DEBUG org.hibernate.loader.plan.build.internal.spaces.QuerySpacesImpl - Adding QuerySpace : uid = &lt;gen:0&gt; -&gt; org.hibernate.loader.plan.build.internal.spaces.EntityQuerySpaceImpl@15f8701f]
17:17:36.563 [main] DEBUG org.hibernate.persister.walking.spi.MetamodelGraphWalker - Visiting attribute path : addressLineOne
17:17:36.563 [main] DEBUG org.hibernate.persister.walking.spi.MetamodelGraphWalker - Visiting attribute path : addressLineTwo
17:17:36.564 [main] DEBUG org.hibernate.persister.walking.spi.MetamodelGraphWalker - Visiting attribute path : billing
17:17:36.564 [main] DEBUG org.hibernate.persister.walking.spi.MetamodelGraphWalker - Visiting attribute path : city
17:17:36.564 [main] DEBUG org.hibernate.persister.walking.spi.MetamodelGraphWalker - Visiting attribute path : country
17:17:36.564 [main] DEBUG org.hibernate.persister.walking.spi.MetamodelGraphWalker - Visiting attribute path : postalCode
17:17:36.564 [main] DEBUG org.hibernate.persister.walking.spi.MetamodelGraphWalker - Visiting attribute path : shipping
17:17:36.564 [main] DEBUG org.hibernate.persister.walking.spi.MetamodelGraphWalker - Visiting attribute path : state
17:17:36.564 [main] DEBUG org.hibernate.persister.walking.spi.MetamodelGraphWalker - Visiting attribute path : userId
17:17:36.564 [main] DEBUG org.hibernate.loader.plan.build.internal.FetchStyleLoadPlanBuildingAssociationVisitationStrategy - Building LoadPlan...
17:17:36.565 [main] DEBUG org.hibernate.loader.plan.exec.internal.LoadQueryJoinAndFetchProcessor - processing queryspace &lt;gen:0&gt;
17:17:36.565 [main] DEBUG org.hibernate.loader.plan.build.spi.LoadPlanTreePrinter - LoadPlan(entity=com.shoppingbackend.model.Address)
    - Returns
       - EntityReturnImpl(entity=com.shoppingbackend.model.Address, querySpaceUid=&lt;gen:0&gt;, path=com.shoppingbackend.model.Address)
    - QuerySpaces
       - EntityQuerySpaceImpl(uid=&lt;gen:0&gt;, entity=com.shoppingbackend.model.Address)
          - SQL table alias mapping - address0_
          - alias suffix - 0_
          - suffixed key columns - {id1_0_0_}

17:17:36.565 [main] DEBUG org.hibernate.loader.entity.plan.EntityLoader - Static select for entity com.shoppingbackend.model.Address [UPGRADE_NOWAIT]: select address0_.id as id1_0_0_, address0_.address_line_one as address_2_0_0_, address0_.address_line_two as address_3_0_0_, address0_.is_billing as is_billi4_0_0_, address0_.city as city5_0_0_, address0_.country as country6_0_0_, address0_.postal_code as postal_c7_0_0_, address0_.is_shipping as is_shipp8_0_0_, address0_.state as state9_0_0_, address0_.user_id as user_id10_0_0_ from Address address0_ where address0_.id=? for update
17:17:36.566 [main] DEBUG org.hibernate.loader.plan.build.internal.spaces.QuerySpacesImpl - Adding QuerySpace : uid = &lt;gen:0&gt; -&gt; org.hibernate.loader.plan.build.internal.spaces.EntityQuerySpaceImpl@11d4dbd6]
17:17:36.566 [main] DEBUG org.hibernate.persister.walking.spi.MetamodelGraphWalker - Visiting attribute path : addressLineOne
17:17:36.566 [main] DEBUG org.hibernate.persister.walking.spi.MetamodelGraphWalker - Visiting attribute path : addressLineTwo
17:17:36.566 [main] DEBUG org.hibernate.persister.walking.spi.MetamodelGraphWalker - Visiting attribute path : billing
17:17:36.566 [main] DEBUG org.hibernate.persister.walking.spi.MetamodelGraphWalker - Visiting attribute path : city
17:17:36.566 [main] DEBUG org.hibernate.persister.walking.spi.MetamodelGraphWalker - Visiting attribute path : country
17:17:36.566 [main] DEBUG org.hibernate.persister.walking.spi.MetamodelGraphWalker - Visiting attribute path : postalCode
17:17:36.566 [main] DEBUG org.hibernate.persister.walking.spi.MetamodelGraphWalker - Visiting attribute path : shipping
17:17:36.566 [main] DEBUG org.hibernate.persister.walking.spi.MetamodelGraphWalker - Visiting attribute path : state
17:17:36.566 [main] DEBUG org.hibernate.persister.walking.spi.MetamodelGraphWalker - Visiting attribute path : userId
17:17:36.566 [main] DEBUG org.hibernate.loader.plan.build.internal.FetchStyleLoadPlanBuildingAssociationVisitationStrategy - Building LoadPlan...
17:17:36.567 [main] DEBUG org.hibernate.loader.plan.exec.internal.LoadQueryJoinAndFetchProcessor - processing queryspace &lt;gen:0&gt;
17:17:36.567 [main] DEBUG org.hibernate.loader.plan.build.spi.LoadPlanTreePrinter - LoadPlan(entity=com.shoppingbackend.model.Address)
    - Returns
       - EntityReturnImpl(entity=com.shoppingbackend.model.Address, querySpaceUid=&lt;gen:0&gt;, path=com.shoppingbackend.model.Address)
    - QuerySpaces
       - EntityQuerySpaceImpl(uid=&lt;gen:0&gt;, entity=com.shoppingbackend.model.Address)
          - SQL table alias mapping - address0_
          - alias suffix - 0_
          - suffixed key columns - {id1_0_0_}

17:17:36.567 [main] DEBUG org.hibernate.loader.entity.plan.EntityLoader - Static select for entity com.shoppingbackend.model.Address [UPGRADE_SKIPLOCKED]: select address0_.id as id1_0_0_, address0_.address_line_one as address_2_0_0_, address0_.address_line_two as address_3_0_0_, address0_.is_billing as is_billi4_0_0_, address0_.city as city5_0_0_, address0_.country as country6_0_0_, address0_.postal_code as postal_c7_0_0_, address0_.is_shipping as is_shipp8_0_0_, address0_.state as state9_0_0_, address0_.user_id as user_id10_0_0_ from Address address0_ where address0_.id=? for update
17:17:36.567 [main] DEBUG org.hibernate.loader.plan.build.internal.spaces.QuerySpacesImpl - Adding QuerySpace : uid = &lt;gen:0&gt; -&gt; org.hibernate.loader.plan.build.internal.spaces.EntityQuerySpaceImpl@39e43310]
17:17:36.567 [main] DEBUG org.hibernate.persister.walking.spi.MetamodelGraphWalker - Visiting attribute path : addressLineOne
17:17:36.567 [main] DEBUG org.hibernate.persister.walking.spi.MetamodelGraphWalker - Visiting attribute path : addressLineTwo
17:17:36.568 [main] DEBUG org.hibernate.persister.walking.spi.MetamodelGraphWalker - Visiting attribute path : billing
17:17:36.568 [main] DEBUG org.hibernate.persister.walking.spi.MetamodelGraphWalker - Visiting attribute path : city
17:17:36.568 [main] DEBUG org.hibernate.persister.walking.spi.MetamodelGraphWalker - Visiting attribute path : country
17:17:36.569 [main] DEBUG org.hibernate.persister.walking.spi.MetamodelGraphWalker - Visiting attribute path : postalCode
17:17:36.569 [main] DEBUG org.hibernate.persister.walking.spi.MetamodelGraphWalker - Visiting attribute path : shipping
17:17:36.570 [main] DEBUG org.hibernate.persister.walking.spi.MetamodelGraphWalker - Visiting attribute path : state
17:17:36.571 [main] DEBUG org.hibernate.persister.walking.spi.MetamodelGraphWalker - Visiting attribute path : userId
17:17:36.571 [main] DEBUG org.hibernate.loader.plan.build.internal.FetchStyleLoadPlanBuildingAssociationVisitationStrategy - Building LoadPlan...
17:17:36.572 [main] DEBUG org.hibernate.loader.plan.exec.internal.LoadQueryJoinAndFetchProcessor - processing queryspace &lt;gen:0&gt;
17:17:36.572 [main] DEBUG org.hibernate.loader.plan.build.spi.LoadPlanTreePrinter - LoadPlan(entity=com.shoppingbackend.model.Address)
    - Returns
       - EntityReturnImpl(entity=com.shoppingbackend.model.Address, querySpaceUid=&lt;gen:0&gt;, path=com.shoppingbackend.model.Address)
    - QuerySpaces
       - EntityQuerySpaceImpl(uid=&lt;gen:0&gt;, entity=com.shoppingbackend.model.Address)
          - SQL table alias mapping - address0_
          - alias suffix - 0_
          - suffixed key columns - {id1_0_0_}

17:17:36.572 [main] DEBUG org.hibernate.loader.entity.plan.EntityLoader - Static select for entity com.shoppingbackend.model.Address [FORCE]: select address0_.id as id1_0_0_, address0_.address_line_one as address_2_0_0_, address0_.address_line_two as address_3_0_0_, address0_.is_billing as is_billi4_0_0_, address0_.city as city5_0_0_, address0_.country as country6_0_0_, address0_.postal_code as postal_c7_0_0_, address0_.is_shipping as is_shipp8_0_0_, address0_.state as state9_0_0_, address0_.user_id as user_id10_0_0_ from Address address0_ where address0_.id=? for update
17:17:36.573 [main] DEBUG org.hibernate.loader.plan.build.internal.spaces.QuerySpacesImpl - Adding QuerySpace : uid = &lt;gen:0&gt; -&gt; org.hibernate.loader.plan.build.internal.spaces.EntityQuerySpaceImpl@390877d2]
17:17:36.573 [main] DEBUG org.hibernate.persister.walking.spi.MetamodelGraphWalker - Visiting attribute path : addressLineOne
17:17:36.573 [main] DEBUG org.hibernate.persister.walking.spi.MetamodelGraphWalker - Visiting attribute path : addressLineTwo
17:17:36.573 [main] DEBUG org.hibernate.persister.walking.spi.MetamodelGraphWalker - Visiting attribute path : billing
17:17:36.574 [main] DEBUG org.hibernate.persister.walking.spi.MetamodelGraphWalker - Visiting attribute path : city
17:17:36.574 [main] DEBUG org.hibernate.persister.walking.spi.MetamodelGraphWalker - Visiting attribute path : country
17:17:36.574 [main] DEBUG org.hibernate.persister.walking.spi.MetamodelGraphWalker - Visiting attribute path : postalCode
17:17:36.574 [main] DEBUG org.hibernate.persister.walking.spi.MetamodelGraphWalker - Visiting attribute path : shipping
17:17:36.574 [main] DEBUG org.hibernate.persister.walking.spi.MetamodelGraphWalker - Visiting attribute path : state
17:17:36.574 [main] DEBUG org.hibernate.persister.walking.spi.MetamodelGraphWalker - Visiting attribute path : userId
17:17:36.575 [main] DEBUG org.hibernate.loader.plan.build.internal.FetchStyleLoadPlanBuildingAssociationVisitationStrategy - Building LoadPlan...
17:17:36.575 [main] DEBUG org.hibernate.loader.plan.exec.internal.LoadQueryJoinAndFetchProcessor - processing queryspace &lt;gen:0&gt;
17:17:36.576 [main] DEBUG org.hibernate.loader.plan.build.spi.LoadPlanTreePrinter - LoadPlan(entity=com.shoppingbackend.model.Address)
    - Returns
       - EntityReturnImpl(entity=com.shoppingbackend.model.Address, querySpaceUid=&lt;gen:0&gt;, path=com.shoppingbackend.model.Address)
    - QuerySpaces
       - EntityQuerySpaceImpl(uid=&lt;gen:0&gt;, entity=com.shoppingbackend.model.Address)
          - SQL table alias mapping - address0_
          - alias suffix - 0_
          - suffixed key columns - {id1_0_0_}

17:17:36.576 [main] DEBUG org.hibernate.loader.entity.plan.EntityLoader - Static select for entity com.shoppingbackend.model.Address [PESSIMISTIC_READ]: select address0_.id as id1_0_0_, address0_.address_line_one as address_2_0_0_, address0_.address_line_two as address_3_0_0_, address0_.is_billing as is_billi4_0_0_, address0_.city as city5_0_0_, address0_.country as country6_0_0_, address0_.postal_code as postal_c7_0_0_, address0_.is_shipping as is_shipp8_0_0_, address0_.state as state9_0_0_, address0_.user_id as user_id10_0_0_ from Address address0_ where address0_.id=? for update
17:17:36.576 [main] DEBUG org.hibernate.loader.plan.build.internal.spaces.QuerySpacesImpl - Adding QuerySpace : uid = &lt;gen:0&gt; -&gt; org.hibernate.loader.plan.build.internal.spaces.EntityQuerySpaceImpl@186cb891]
17:17:36.576 [main] DEBUG org.hibernate.persister.walking.spi.MetamodelGraphWalker - Visiting attribute path : addressLineOne
17:17:36.576 [main] DEBUG org.hibernate.persister.walking.spi.MetamodelGraphWalker - Visiting attribute path : addressLineTwo
17:17:36.576 [main] DEBUG org.hibernate.persister.walking.spi.MetamodelGraphWalker - Visiting attribute path : billing
17:17:36.576 [main] DEBUG org.hibernate.persister.walking.spi.MetamodelGraphWalker - Visiting attribute path : city
17:17:36.576 [main] DEBUG org.hibernate.persister.walking.spi.MetamodelGraphWalker - Visiting attribute path : country
17:17:36.576 [main] DEBUG org.hibernate.persister.walking.spi.MetamodelGraphWalker - Visiting attribute path : postalCode
17:17:36.576 [main] DEBUG org.hibernate.persister.walking.spi.MetamodelGraphWalker - Visiting attribute path : shipping
17:17:36.577 [main] DEBUG org.hibernate.persister.walking.spi.MetamodelGraphWalker - Visiting attribute path : state
17:17:36.578 [main] DEBUG org.hibernate.persister.walking.spi.MetamodelGraphWalker - Visiting attribute path : userId
17:17:36.578 [main] DEBUG org.hibernate.loader.plan.build.internal.FetchStyleLoadPlanBuildingAssociationVisitationStrategy - Building LoadPlan...
17:17:36.578 [main] DEBUG org.hibernate.loader.plan.exec.internal.LoadQueryJoinAndFetchProcessor - processing queryspace &lt;gen:0&gt;
17:17:36.579 [main] DEBUG org.hibernate.loader.plan.build.spi.LoadPlanTreePrinter - LoadPlan(entity=com.shoppingbackend.model.Address)
    - Returns
       - EntityReturnImpl(entity=com.shoppingbackend.model.Address, querySpaceUid=&lt;gen:0&gt;, path=com.shoppingbackend.model.Address)
    - QuerySpaces
       - EntityQuerySpaceImpl(uid=&lt;gen:0&gt;, entity=com.shoppingbackend.model.Address)
          - SQL table alias mapping - address0_
          - alias suffix - 0_
          - suffixed key columns - {id1_0_0_}

17:17:36.579 [main] DEBUG org.hibernate.loader.entity.plan.EntityLoader - Static select for entity com.shoppingbackend.model.Address [PESSIMISTIC_WRITE]: select address0_.id as id1_0_0_, address0_.address_line_one as address_2_0_0_, address0_.address_line_two as address_3_0_0_, address0_.is_billing as is_billi4_0_0_, address0_.city as city5_0_0_, address0_.country as country6_0_0_, address0_.postal_code as postal_c7_0_0_, address0_.is_shipping as is_shipp8_0_0_, address0_.state as state9_0_0_, address0_.user_id as user_id10_0_0_ from Address address0_ where address0_.id=? for update
17:17:36.579 [main] DEBUG org.hibernate.loader.plan.build.internal.spaces.QuerySpacesImpl - Adding QuerySpace : uid = &lt;gen:0&gt; -&gt; org.hibernate.loader.plan.build.internal.spaces.EntityQuerySpaceImpl@440eaa07]
17:17:36.580 [main] DEBUG org.hibernate.persister.walking.spi.MetamodelGraphWalker - Visiting attribute path : addressLineOne
17:17:36.580 [main] DEBUG org.hibernate.persister.walking.spi.MetamodelGraphWalker - Visiting attribute path : addressLineTwo
17:17:36.580 [main] DEBUG org.hibernate.persister.walking.spi.MetamodelGraphWalker - Visiting attribute path : billing
17:17:36.580 [main] DEBUG org.hibernate.persister.walking.spi.MetamodelGraphWalker - Visiting attribute path : city
17:17:36.580 [main] DEBUG org.hibernate.persister.walking.spi.MetamodelGraphWalker - Visiting attribute path : country
17:17:36.581 [main] DEBUG org.hibernate.persister.walking.spi.MetamodelGraphWalker - Visiting attribute path : postalCode
17:17:36.581 [main] DEBUG org.hibernate.persister.walking.spi.MetamodelGraphWalker - Visiting attribute path : shipping
17:17:36.581 [main] DEBUG org.hibernate.persister.walking.spi.MetamodelGraphWalker - Visiting attribute path : state
17:17:36.581 [main] DEBUG org.hibernate.persister.walking.spi.MetamodelGraphWalker - Visiting attribute path : userId
17:17:36.581 [main] DEBUG org.hibernate.loader.plan.build.internal.FetchStyleLoadPlanBuildingAssociationVisitationStrategy - Building LoadPlan...
17:17:36.582 [main] DEBUG org.hibernate.loader.plan.exec.internal.LoadQueryJoinAndFetchProcessor - processing queryspace &lt;gen:0&gt;
17:17:36.583 [main] DEBUG org.hibernate.loader.plan.build.spi.LoadPlanTreePrinter - LoadPlan(entity=com.shoppingbackend.model.Address)
    - Returns
       - EntityReturnImpl(entity=com.shoppingbackend.model.Address, querySpaceUid=&lt;gen:0&gt;, path=com.shoppingbackend.model.Address)
    - QuerySpaces
       - EntityQuerySpaceImpl(uid=&lt;gen:0&gt;, entity=com.shoppingbackend.model.Address)
          - SQL table alias mapping - address0_
          - alias suffix - 0_
          - suffixed key columns - {id1_0_0_}

17:17:36.583 [main] DEBUG org.hibernate.loader.entity.plan.EntityLoader - Static select for entity com.shoppingbackend.model.Address [PESSIMISTIC_FORCE_INCREMENT]: select address0_.id as id1_0_0_, address0_.address_line_one as address_2_0_0_, address0_.address_line_two as address_3_0_0_, address0_.is_billing as is_billi4_0_0_, address0_.city as city5_0_0_, address0_.country as country6_0_0_, address0_.postal_code as postal_c7_0_0_, address0_.is_shipping as is_shipp8_0_0_, address0_.state as state9_0_0_, address0_.user_id as user_id10_0_0_ from Address address0_ where address0_.id=? for update
17:17:36.583 [main] DEBUG org.hibernate.loader.plan.build.internal.spaces.QuerySpacesImpl - Adding QuerySpace : uid = &lt;gen:0&gt; -&gt; org.hibernate.loader.plan.build.internal.spaces.EntityQuerySpaceImpl@7aa9e414]
17:17:36.585 [main] DEBUG org.hibernate.persister.walking.spi.MetamodelGraphWalker - Visiting attribute path : addressLineOne
17:17:36.585 [main] DEBUG org.hibernate.persister.walking.spi.MetamodelGraphWalker - Visiting attribute path : addressLineTwo
17:17:36.585 [main] DEBUG org.hibernate.persister.walking.spi.MetamodelGraphWalker - Visiting attribute path : billing
17:17:36.585 [main] DEBUG org.hibernate.persister.walking.spi.MetamodelGraphWalker - Visiting attribute path : city
17:17:36.585 [main] DEBUG org.hibernate.persister.walking.spi.MetamodelGraphWalker - Visiting attribute path : country
17:17:36.585 [main] DEBUG org.hibernate.persister.walking.spi.MetamodelGraphWalker - Visiting attribute path : postalCode
17:17:36.585 [main] DEBUG org.hibernate.persister.walking.spi.MetamodelGraphWalker - Visiting attribute path : shipping
17:17:36.585 [main] DEBUG org.hibernate.persister.walking.spi.MetamodelGraphWalker - Visiting attribute path : state
17:17:36.585 [main] DEBUG org.hibernate.persister.walking.spi.MetamodelGraphWalker - Visiting attribute path : userId
17:17:36.585 [main] DEBUG org.hibernate.loader.plan.build.internal.FetchStyleLoadPlanBuildingAssociationVisitationStrategy - Building LoadPlan...
17:17:36.585 [main] DEBUG org.hibernate.loader.plan.exec.internal.LoadQueryJoinAndFetchProcessor - processing queryspace &lt;gen:0&gt;
17:17:36.586 [main] DEBUG org.hibernate.loader.plan.build.spi.LoadPlanTreePrinter - LoadPlan(entity=com.shoppingbackend.model.Address)
    - Returns
       - EntityReturnImpl(entity=com.shoppingbackend.model.Address, querySpaceUid=&lt;gen:0&gt;, path=com.shoppingbackend.model.Address)
    - QuerySpaces
       - EntityQuerySpaceImpl(uid=&lt;gen:0&gt;, entity=com.shoppingbackend.model.Address)
          - SQL table alias mapping - address0_
          - alias suffix - 0_
          - suffixed key columns - {id1_0_0_}

17:17:36.586 [main] DEBUG org.hibernate.loader.entity.plan.EntityLoader - Static select for entity com.shoppingbackend.model.Address [OPTIMISTIC]: select address0_.id as id1_0_0_, address0_.address_line_one as address_2_0_0_, address0_.address_line_two as address_3_0_0_, address0_.is_billing as is_billi4_0_0_, address0_.city as city5_0_0_, address0_.country as country6_0_0_, address0_.postal_code as postal_c7_0_0_, address0_.is_shipping as is_shipp8_0_0_, address0_.state as state9_0_0_, address0_.user_id as user_id10_0_0_ from Address address0_ where address0_.id=?
17:17:36.587 [main] DEBUG org.hibernate.loader.plan.build.internal.spaces.QuerySpacesImpl - Adding QuerySpace : uid = &lt;gen:0&gt; -&gt; org.hibernate.loader.plan.build.internal.spaces.EntityQuerySpaceImpl@624a24f6]
17:17:36.587 [main] DEBUG org.hibernate.persister.walking.spi.MetamodelGraphWalker - Visiting attribute path : addressLineOne
17:17:36.587 [main] DEBUG org.hibernate.persister.walking.spi.MetamodelGraphWalker - Visiting attribute path : addressLineTwo
17:17:36.587 [main] DEBUG org.hibernate.persister.walking.spi.MetamodelGraphWalker - Visiting attribute path : billing
17:17:36.587 [main] DEBUG org.hibernate.persister.walking.spi.MetamodelGraphWalker - Visiting attribute path : city
17:17:36.587 [main] DEBUG org.hibernate.persister.walking.spi.MetamodelGraphWalker - Visiting attribute path : country
17:17:36.587 [main] DEBUG org.hibernate.persister.walking.spi.MetamodelGraphWalker - Visiting attribute path : postalCode
17:17:36.587 [main] DEBUG org.hibernate.persister.walking.spi.MetamodelGraphWalker - Visiting attribute path : shipping
17:17:36.587 [main] DEBUG org.hibernate.persister.walking.spi.MetamodelGraphWalker - Visiting attribute path : state
17:17:36.587 [main] DEBUG org.hibernate.persister.walking.spi.MetamodelGraphWalker - Visiting attribute path : userId
17:17:36.587 [main] DEBUG org.hibernate.loader.plan.build.internal.FetchStyleLoadPlanBuildingAssociationVisitationStrategy - Building LoadPlan...
17:17:36.588 [main] DEBUG org.hibernate.loader.plan.exec.internal.LoadQueryJoinAndFetchProcessor - processing queryspace &lt;gen:0&gt;
17:17:36.591 [main] DEBUG org.hibernate.loader.plan.build.spi.LoadPlanTreePrinter - LoadPlan(entity=com.shoppingbackend.model.Address)
    - Returns
       - EntityReturnImpl(entity=com.shoppingbackend.model.Address, querySpaceUid=&lt;gen:0&gt;, path=com.shoppingbackend.model.Address)
    - QuerySpaces
       - EntityQuerySpaceImpl(uid=&lt;gen:0&gt;, entity=com.shoppingbackend.model.Address)
          - SQL table alias mapping - address0_
          - alias suffix - 0_
          - suffixed key columns - {id1_0_0_}

17:17:36.591 [main] DEBUG org.hibernate.loader.entity.plan.EntityLoader - Static select for entity com.shoppingbackend.model.Address [OPTIMISTIC_FORCE_INCREMENT]: select address0_.id as id1_0_0_, address0_.address_line_one as address_2_0_0_, address0_.address_line_two as address_3_0_0_, address0_.is_billing as is_billi4_0_0_, address0_.city as city5_0_0_, address0_.country as country6_0_0_, address0_.postal_code as postal_c7_0_0_, address0_.is_shipping as is_shipp8_0_0_, address0_.state as state9_0_0_, address0_.user_id as user_id10_0_0_ from Address address0_ where address0_.id=?
17:17:36.591 [main] DEBUG org.hibernate.loader.Loader - Static select for action ACTION_MERGE on entity com.shoppingbackend.model.Address: select address0_.id as id1_0_0_, address0_.address_line_one as address_2_0_0_, address0_.address_line_two as address_3_0_0_, address0_.is_billing as is_billi4_0_0_, address0_.city as city5_0_0_, address0_.country as country6_0_0_, address0_.postal_code as postal_c7_0_0_, address0_.is_shipping as is_shipp8_0_0_, address0_.state as state9_0_0_, address0_.user_id as user_id10_0_0_ from Address address0_ where address0_.id=?
17:17:36.592 [main] DEBUG org.hibernate.loader.Loader - Static select for action ACTION_REFRESH on entity com.shoppingbackend.model.Address: select address0_.id as id1_0_0_, address0_.address_line_one as address_2_0_0_, address0_.address_line_two as address_3_0_0_, address0_.is_billing as is_billi4_0_0_, address0_.city as city5_0_0_, address0_.country as country6_0_0_, address0_.postal_code as postal_c7_0_0_, address0_.is_shipping as is_shipp8_0_0_, address0_.state as state9_0_0_, address0_.user_id as user_id10_0_0_ from Address address0_ where address0_.id=?
17:17:36.592 [main] DEBUG org.hibernate.persister.entity.AbstractEntityPersister - Static SQL for entity: com.shoppingbackend.model.Product
17:17:36.593 [main] DEBUG org.hibernate.persister.entity.AbstractEntityPersister -  Version select: select id from Product where id =?
17:17:36.593 [main] DEBUG org.hibernate.persister.entity.AbstractEntityPersister -  Snapshot select: select product_.id, product_.is_active as is_activ2_6_, product_.brand as brand3_6_, product_.category_id as category4_6_, product_.code as code5_6_, product_.description as descript6_6_, product_.name as name7_6_, product_.purchases as purchase8_6_, product_.quantity as quantity9_6_, product_.supplier_id as supplie10_6_, product_.unit_price as unit_pr11_6_, product_.views as views12_6_ from Product product_ where product_.id=?
17:17:36.594 [main] DEBUG org.hibernate.persister.entity.AbstractEntityPersister -  Insert 0: insert into Product (is_active, brand, category_id, code, description, name, purchases, quantity, supplier_id, unit_price, views, id) values (?, ?, ?, ?, ?, ?, ?, ?, ?, ?, ?, ?)
17:17:36.594 [main] DEBUG org.hibernate.persister.entity.AbstractEntityPersister -  Update 0: update Product set is_active=?, brand=?, category_id=?, code=?, description=?, name=?, purchases=?, quantity=?, supplier_id=?, unit_price=?, views=? where id=?
17:17:36.594 [main] DEBUG org.hibernate.persister.entity.AbstractEntityPersister -  Delete 0: delete from Product where id=?
17:17:36.594 [main] DEBUG org.hibernate.persister.entity.AbstractEntityPersister -  Identity insert: insert into Product (id, is_active, brand, category_id, code, description, name, purchases, quantity, supplier_id, unit_price, views) values (null, ?, ?, ?, ?, ?, ?, ?, ?, ?, ?, ?)
17:17:36.594 [main] DEBUG org.hibernate.loader.plan.build.internal.spaces.QuerySpacesImpl - Adding QuerySpace : uid = &lt;gen:0&gt; -&gt; org.hibernate.loader.plan.build.internal.spaces.EntityQuerySpaceImpl@338cc75f]
17:17:36.595 [main] DEBUG org.hibernate.persister.walking.spi.MetamodelGraphWalker - Visiting attribute path : active
17:17:36.595 [main] DEBUG org.hibernate.persister.walking.spi.MetamodelGraphWalker - Visiting attribute path : brand
17:17:36.595 [main] DEBUG org.hibernate.persister.walking.spi.MetamodelGraphWalker - Visiting attribute path : categoryId
17:17:36.595 [main] DEBUG org.hibernate.persister.walking.spi.MetamodelGraphWalker - Visiting attribute path : code
17:17:36.595 [main] DEBUG org.hibernate.persister.walking.spi.MetamodelGraphWalker - Visiting attribute path : description
17:17:36.596 [main] DEBUG org.hibernate.persister.walking.spi.MetamodelGraphWalker - Visiting attribute path : name
17:17:36.596 [main] DEBUG org.hibernate.persister.walking.spi.MetamodelGraphWalker - Visiting attribute path : purchases
17:17:36.596 [main] DEBUG org.hibernate.persister.walking.spi.MetamodelGraphWalker - Visiting attribute path : quantity
17:17:36.596 [main] DEBUG org.hibernate.persister.walking.spi.MetamodelGraphWalker - Visiting attribute path : supplierId
17:17:36.596 [main] DEBUG org.hibernate.persister.walking.spi.MetamodelGraphWalker - Visiting attribute path : unitPrice
17:17:36.597 [main] DEBUG org.hibernate.persister.walking.spi.MetamodelGraphWalker - Visiting attribute path : views
17:17:36.597 [main] DEBUG org.hibernate.loader.plan.build.internal.FetchStyleLoadPlanBuildingAssociationVisitationStrategy - Building LoadPlan...
17:17:36.597 [main] DEBUG org.hibernate.loader.plan.exec.internal.LoadQueryJoinAndFetchProcessor - processing queryspace &lt;gen:0&gt;
17:17:36.597 [main] DEBUG org.hibernate.loader.plan.build.spi.LoadPlanTreePrinter - LoadPlan(entity=com.shoppingbackend.model.Product)
    - Returns
       - EntityReturnImpl(entity=com.shoppingbackend.model.Product, querySpaceUid=&lt;gen:0&gt;, path=com.shoppingbackend.model.Product)
    - QuerySpaces
       - EntityQuerySpaceImpl(uid=&lt;gen:0&gt;, entity=com.shoppingbackend.model.Product)
          - SQL table alias mapping - product0_
          - alias suffix - 0_
          - suffixed key columns - {id1_6_0_}

17:17:36.598 [main] DEBUG org.hibernate.loader.entity.plan.EntityLoader - Static select for entity com.shoppingbackend.model.Product [NONE]: select product0_.id as id1_6_0_, product0_.is_active as is_activ2_6_0_, product0_.brand as brand3_6_0_, product0_.category_id as category4_6_0_, product0_.code as code5_6_0_, product0_.description as descript6_6_0_, product0_.name as name7_6_0_, product0_.purchases as purchase8_6_0_, product0_.quantity as quantity9_6_0_, product0_.supplier_id as supplie10_6_0_, product0_.unit_price as unit_pr11_6_0_, product0_.views as views12_6_0_ from Product product0_ where product0_.id=?
17:17:36.598 [main] DEBUG org.hibernate.loader.plan.build.internal.spaces.QuerySpacesImpl - Adding QuerySpace : uid = &lt;gen:0&gt; -&gt; org.hibernate.loader.plan.build.internal.spaces.EntityQuerySpaceImpl@7c9bdee9]
17:17:36.599 [main] DEBUG org.hibernate.persister.walking.spi.MetamodelGraphWalker - Visiting attribute path : active
17:17:36.599 [main] DEBUG org.hibernate.persister.walking.spi.MetamodelGraphWalker - Visiting attribute path : brand
17:17:36.599 [main] DEBUG org.hibernate.persister.walking.spi.MetamodelGraphWalker - Visiting attribute path : categoryId
17:17:36.599 [main] DEBUG org.hibernate.persister.walking.spi.MetamodelGraphWalker - Visiting attribute path : code
17:17:36.599 [main] DEBUG org.hibernate.persister.walking.spi.MetamodelGraphWalker - Visiting attribute path : description
17:17:36.599 [main] DEBUG org.hibernate.persister.walking.spi.MetamodelGraphWalker - Visiting attribute path : name
17:17:36.599 [main] DEBUG org.hibernate.persister.walking.spi.MetamodelGraphWalker - Visiting attribute path : purchases
17:17:36.599 [main] DEBUG org.hibernate.persister.walking.spi.MetamodelGraphWalker - Visiting attribute path : quantity
17:17:36.599 [main] DEBUG org.hibernate.persister.walking.spi.MetamodelGraphWalker - Visiting attribute path : supplierId
17:17:36.599 [main] DEBUG org.hibernate.persister.walking.spi.MetamodelGraphWalker - Visiting attribute path : unitPrice
17:17:36.599 [main] DEBUG org.hibernate.persister.walking.spi.MetamodelGraphWalker - Visiting attribute path : views
17:17:36.599 [main] DEBUG org.hibernate.loader.plan.build.internal.FetchStyleLoadPlanBuildingAssociationVisitationStrategy - Building LoadPlan...
17:17:36.600 [main] DEBUG org.hibernate.loader.plan.exec.internal.LoadQueryJoinAndFetchProcessor - processing queryspace &lt;gen:0&gt;
17:17:36.600 [main] DEBUG org.hibernate.loader.plan.build.spi.LoadPlanTreePrinter - LoadPlan(entity=com.shoppingbackend.model.Product)
    - Returns
       - EntityReturnImpl(entity=com.shoppingbackend.model.Product, querySpaceUid=&lt;gen:0&gt;, path=com.shoppingbackend.model.Product)
    - QuerySpaces
       - EntityQuerySpaceImpl(uid=&lt;gen:0&gt;, entity=com.shoppingbackend.model.Product)
          - SQL table alias mapping - product0_
          - alias suffix - 0_
          - suffixed key columns - {id1_6_0_}

17:17:36.601 [main] DEBUG org.hibernate.loader.entity.plan.EntityLoader - Static select for entity com.shoppingbackend.model.Product [READ]: select product0_.id as id1_6_0_, product0_.is_active as is_activ2_6_0_, product0_.brand as brand3_6_0_, product0_.category_id as category4_6_0_, product0_.code as code5_6_0_, product0_.description as descript6_6_0_, product0_.name as name7_6_0_, product0_.purchases as purchase8_6_0_, product0_.quantity as quantity9_6_0_, product0_.supplier_id as supplie10_6_0_, product0_.unit_price as unit_pr11_6_0_, product0_.views as views12_6_0_ from Product product0_ where product0_.id=?
17:17:36.601 [main] DEBUG org.hibernate.loader.plan.build.internal.spaces.QuerySpacesImpl - Adding QuerySpace : uid = &lt;gen:0&gt; -&gt; org.hibernate.loader.plan.build.internal.spaces.EntityQuerySpaceImpl@2f98635e]
17:17:36.601 [main] DEBUG org.hibernate.persister.walking.spi.MetamodelGraphWalker - Visiting attribute path : active
17:17:36.601 [main] DEBUG org.hibernate.persister.walking.spi.MetamodelGraphWalker - Visiting attribute path : brand
17:17:36.602 [main] DEBUG org.hibernate.persister.walking.spi.MetamodelGraphWalker - Visiting attribute path : categoryId
17:17:36.602 [main] DEBUG org.hibernate.persister.walking.spi.MetamodelGraphWalker - Visiting attribute path : code
17:17:36.602 [main] DEBUG org.hibernate.persister.walking.spi.MetamodelGraphWalker - Visiting attribute path : description
17:17:36.603 [main] DEBUG org.hibernate.persister.walking.spi.MetamodelGraphWalker - Visiting attribute path : name
17:17:36.604 [main] DEBUG org.hibernate.persister.walking.spi.MetamodelGraphWalker - Visiting attribute path : purchases
17:17:36.604 [main] DEBUG org.hibernate.persister.walking.spi.MetamodelGraphWalker - Visiting attribute path : quantity
17:17:36.604 [main] DEBUG org.hibernate.persister.walking.spi.MetamodelGraphWalker - Visiting attribute path : supplierId
17:17:36.604 [main] DEBUG org.hibernate.persister.walking.spi.MetamodelGraphWalker - Visiting attribute path : unitPrice
17:17:36.604 [main] DEBUG org.hibernate.persister.walking.spi.MetamodelGraphWalker - Visiting attribute path : views
17:17:36.605 [main] DEBUG org.hibernate.loader.plan.build.internal.FetchStyleLoadPlanBuildingAssociationVisitationStrategy - Building LoadPlan...
17:17:36.605 [main] DEBUG org.hibernate.loader.plan.exec.internal.LoadQueryJoinAndFetchProcessor - processing queryspace &lt;gen:0&gt;
17:17:36.606 [main] DEBUG org.hibernate.loader.plan.build.spi.LoadPlanTreePrinter - LoadPlan(entity=com.shoppingbackend.model.Product)
    - Returns
       - EntityReturnImpl(entity=com.shoppingbackend.model.Product, querySpaceUid=&lt;gen:0&gt;, path=com.shoppingbackend.model.Product)
    - QuerySpaces
       - EntityQuerySpaceImpl(uid=&lt;gen:0&gt;, entity=com.shoppingbackend.model.Product)
          - SQL table alias mapping - product0_
          - alias suffix - 0_
          - suffixed key columns - {id1_6_0_}

17:17:36.606 [main] DEBUG org.hibernate.loader.entity.plan.EntityLoader - Static select for entity com.shoppingbackend.model.Product [UPGRADE]: select product0_.id as id1_6_0_, product0_.is_active as is_activ2_6_0_, product0_.brand as brand3_6_0_, product0_.category_id as category4_6_0_, product0_.code as code5_6_0_, product0_.description as descript6_6_0_, product0_.name as name7_6_0_, product0_.purchases as purchase8_6_0_, product0_.quantity as quantity9_6_0_, product0_.supplier_id as supplie10_6_0_, product0_.unit_price as unit_pr11_6_0_, product0_.views as views12_6_0_ from Product product0_ where product0_.id=? for update
17:17:36.606 [main] DEBUG org.hibernate.loader.plan.build.internal.spaces.QuerySpacesImpl - Adding QuerySpace : uid = &lt;gen:0&gt; -&gt; org.hibernate.loader.plan.build.internal.spaces.EntityQuerySpaceImpl@6b0615ae]
17:17:36.606 [main] DEBUG org.hibernate.persister.walking.spi.MetamodelGraphWalker - Visiting attribute path : active
17:17:36.607 [main] DEBUG org.hibernate.persister.walking.spi.MetamodelGraphWalker - Visiting attribute path : brand
17:17:36.607 [main] DEBUG org.hibernate.persister.walking.spi.MetamodelGraphWalker - Visiting attribute path : categoryId
17:17:36.607 [main] DEBUG org.hibernate.persister.walking.spi.MetamodelGraphWalker - Visiting attribute path : code
17:17:36.607 [main] DEBUG org.hibernate.persister.walking.spi.MetamodelGraphWalker - Visiting attribute path : description
17:17:36.607 [main] DEBUG org.hibernate.persister.walking.spi.MetamodelGraphWalker - Visiting attribute path : name
17:17:36.608 [main] DEBUG org.hibernate.persister.walking.spi.MetamodelGraphWalker - Visiting attribute path : purchases
17:17:36.608 [main] DEBUG org.hibernate.persister.walking.spi.MetamodelGraphWalker - Visiting attribute path : quantity
17:17:36.608 [main] DEBUG org.hibernate.persister.walking.spi.MetamodelGraphWalker - Visiting attribute path : supplierId
17:17:36.608 [main] DEBUG org.hibernate.persister.walking.spi.MetamodelGraphWalker - Visiting attribute path : unitPrice
17:17:36.608 [main] DEBUG org.hibernate.persister.walking.spi.MetamodelGraphWalker - Visiting attribute path : views
17:17:36.609 [main] DEBUG org.hibernate.loader.plan.build.internal.FetchStyleLoadPlanBuildingAssociationVisitationStrategy - Building LoadPlan...
17:17:36.609 [main] DEBUG org.hibernate.loader.plan.exec.internal.LoadQueryJoinAndFetchProcessor - processing queryspace &lt;gen:0&gt;
17:17:36.610 [main] DEBUG org.hibernate.loader.plan.build.spi.LoadPlanTreePrinter - LoadPlan(entity=com.shoppingbackend.model.Product)
    - Returns
       - EntityReturnImpl(entity=com.shoppingbackend.model.Product, querySpaceUid=&lt;gen:0&gt;, path=com.shoppingbackend.model.Product)
    - QuerySpaces
       - EntityQuerySpaceImpl(uid=&lt;gen:0&gt;, entity=com.shoppingbackend.model.Product)
          - SQL table alias mapping - product0_
          - alias suffix - 0_
          - suffixed key columns - {id1_6_0_}

17:17:36.610 [main] DEBUG org.hibernate.loader.entity.plan.EntityLoader - Static select for entity com.shoppingbackend.model.Product [UPGRADE_NOWAIT]: select product0_.id as id1_6_0_, product0_.is_active as is_activ2_6_0_, product0_.brand as brand3_6_0_, product0_.category_id as category4_6_0_, product0_.code as code5_6_0_, product0_.description as descript6_6_0_, product0_.name as name7_6_0_, product0_.purchases as purchase8_6_0_, product0_.quantity as quantity9_6_0_, product0_.supplier_id as supplie10_6_0_, product0_.unit_price as unit_pr11_6_0_, product0_.views as views12_6_0_ from Product product0_ where product0_.id=? for update
17:17:36.610 [main] DEBUG org.hibernate.loader.plan.build.internal.spaces.QuerySpacesImpl - Adding QuerySpace : uid = &lt;gen:0&gt; -&gt; org.hibernate.loader.plan.build.internal.spaces.EntityQuerySpaceImpl@221dad51]
17:17:36.610 [main] DEBUG org.hibernate.persister.walking.spi.MetamodelGraphWalker - Visiting attribute path : active
17:17:36.611 [main] DEBUG org.hibernate.persister.walking.spi.MetamodelGraphWalker - Visiting attribute path : brand
17:17:36.611 [main] DEBUG org.hibernate.persister.walking.spi.MetamodelGraphWalker - Visiting attribute path : categoryId
17:17:36.611 [main] DEBUG org.hibernate.persister.walking.spi.MetamodelGraphWalker - Visiting attribute path : code
17:17:36.611 [main] DEBUG org.hibernate.persister.walking.spi.MetamodelGraphWalker - Visiting attribute path : description
17:17:36.611 [main] DEBUG org.hibernate.persister.walking.spi.MetamodelGraphWalker - Visiting attribute path : name
17:17:36.611 [main] DEBUG org.hibernate.persister.walking.spi.MetamodelGraphWalker - Visiting attribute path : purchases
17:17:36.611 [main] DEBUG org.hibernate.persister.walking.spi.MetamodelGraphWalker - Visiting attribute path : quantity
17:17:36.611 [main] DEBUG org.hibernate.persister.walking.spi.MetamodelGraphWalker - Visiting attribute path : supplierId
17:17:36.611 [main] DEBUG org.hibernate.persister.walking.spi.MetamodelGraphWalker - Visiting attribute path : unitPrice
17:17:36.611 [main] DEBUG org.hibernate.persister.walking.spi.MetamodelGraphWalker - Visiting attribute path : views
17:17:36.611 [main] DEBUG org.hibernate.loader.plan.build.internal.FetchStyleLoadPlanBuildingAssociationVisitationStrategy - Building LoadPlan...
17:17:36.612 [main] DEBUG org.hibernate.loader.plan.exec.internal.LoadQueryJoinAndFetchProcessor - processing queryspace &lt;gen:0&gt;
17:17:36.613 [main] DEBUG org.hibernate.loader.plan.build.spi.LoadPlanTreePrinter - LoadPlan(entity=com.shoppingbackend.model.Product)
    - Returns
       - EntityReturnImpl(entity=com.shoppingbackend.model.Product, querySpaceUid=&lt;gen:0&gt;, path=com.shoppingbackend.model.Product)
    - QuerySpaces
       - EntityQuerySpaceImpl(uid=&lt;gen:0&gt;, entity=com.shoppingbackend.model.Product)
          - SQL table alias mapping - product0_
          - alias suffix - 0_
          - suffixed key columns - {id1_6_0_}

17:17:36.613 [main] DEBUG org.hibernate.loader.entity.plan.EntityLoader - Static select for entity com.shoppingbackend.model.Product [UPGRADE_SKIPLOCKED]: select product0_.id as id1_6_0_, product0_.is_active as is_activ2_6_0_, product0_.brand as brand3_6_0_, product0_.category_id as category4_6_0_, product0_.code as code5_6_0_, product0_.description as descript6_6_0_, product0_.name as name7_6_0_, product0_.purchases as purchase8_6_0_, product0_.quantity as quantity9_6_0_, product0_.supplier_id as supplie10_6_0_, product0_.unit_price as unit_pr11_6_0_, product0_.views as views12_6_0_ from Product product0_ where product0_.id=? for update
17:17:36.613 [main] DEBUG org.hibernate.loader.plan.build.internal.spaces.QuerySpacesImpl - Adding QuerySpace : uid = &lt;gen:0&gt; -&gt; org.hibernate.loader.plan.build.internal.spaces.EntityQuerySpaceImpl@771cbb1a]
17:17:36.614 [main] DEBUG org.hibernate.persister.walking.spi.MetamodelGraphWalker - Visiting attribute path : active
17:17:36.614 [main] DEBUG org.hibernate.persister.walking.spi.MetamodelGraphWalker - Visiting attribute path : brand
17:17:36.614 [main] DEBUG org.hibernate.persister.walking.spi.MetamodelGraphWalker - Visiting attribute path : categoryId
17:17:36.614 [main] DEBUG org.hibernate.persister.walking.spi.MetamodelGraphWalker - Visiting attribute path : code
17:17:36.614 [main] DEBUG org.hibernate.persister.walking.spi.MetamodelGraphWalker - Visiting attribute path : description
17:17:36.614 [main] DEBUG org.hibernate.persister.walking.spi.MetamodelGraphWalker - Visiting attribute path : name
17:17:36.615 [main] DEBUG org.hibernate.persister.walking.spi.MetamodelGraphWalker - Visiting attribute path : purchases
17:17:36.615 [main] DEBUG org.hibernate.persister.walking.spi.MetamodelGraphWalker - Visiting attribute path : quantity
17:17:36.615 [main] DEBUG org.hibernate.persister.walking.spi.MetamodelGraphWalker - Visiting attribute path : supplierId
17:17:36.615 [main] DEBUG org.hibernate.persister.walking.spi.MetamodelGraphWalker - Visiting attribute path : unitPrice
17:17:36.615 [main] DEBUG org.hibernate.persister.walking.spi.MetamodelGraphWalker - Visiting attribute path : views
17:17:36.616 [main] DEBUG org.hibernate.loader.plan.build.internal.FetchStyleLoadPlanBuildingAssociationVisitationStrategy - Building LoadPlan...
17:17:36.616 [main] DEBUG org.hibernate.loader.plan.exec.internal.LoadQueryJoinAndFetchProcessor - processing queryspace &lt;gen:0&gt;
17:17:36.616 [main] DEBUG org.hibernate.loader.plan.build.spi.LoadPlanTreePrinter - LoadPlan(entity=com.shoppingbackend.model.Product)
    - Returns
       - EntityReturnImpl(entity=com.shoppingbackend.model.Product, querySpaceUid=&lt;gen:0&gt;, path=com.shoppingbackend.model.Product)
    - QuerySpaces
       - EntityQuerySpaceImpl(uid=&lt;gen:0&gt;, entity=com.shoppingbackend.model.Product)
          - SQL table alias mapping - product0_
          - alias suffix - 0_
          - suffixed key columns - {id1_6_0_}

17:17:36.617 [main] DEBUG org.hibernate.loader.entity.plan.EntityLoader - Static select for entity com.shoppingbackend.model.Product [FORCE]: select product0_.id as id1_6_0_, product0_.is_active as is_activ2_6_0_, product0_.brand as brand3_6_0_, product0_.category_id as category4_6_0_, product0_.code as code5_6_0_, product0_.description as descript6_6_0_, product0_.name as name7_6_0_, product0_.purchases as purchase8_6_0_, product0_.quantity as quantity9_6_0_, product0_.supplier_id as supplie10_6_0_, product0_.unit_price as unit_pr11_6_0_, product0_.views as views12_6_0_ from Product product0_ where product0_.id=? for update
17:17:36.617 [main] DEBUG org.hibernate.loader.plan.build.internal.spaces.QuerySpacesImpl - Adding QuerySpace : uid = &lt;gen:0&gt; -&gt; org.hibernate.loader.plan.build.internal.spaces.EntityQuerySpaceImpl@6b2e0f78]
17:17:36.617 [main] DEBUG org.hibernate.persister.walking.spi.MetamodelGraphWalker - Visiting attribute path : active
17:17:36.617 [main] DEBUG org.hibernate.persister.walking.spi.MetamodelGraphWalker - Visiting attribute path : brand
17:17:36.618 [main] DEBUG org.hibernate.persister.walking.spi.MetamodelGraphWalker - Visiting attribute path : categoryId
17:17:36.618 [main] DEBUG org.hibernate.persister.walking.spi.MetamodelGraphWalker - Visiting attribute path : code
17:17:36.618 [main] DEBUG org.hibernate.persister.walking.spi.MetamodelGraphWalker - Visiting attribute path : description
17:17:36.618 [main] DEBUG org.hibernate.persister.walking.spi.MetamodelGraphWalker - Visiting attribute path : name
17:17:36.618 [main] DEBUG org.hibernate.persister.walking.spi.MetamodelGraphWalker - Visiting attribute path : purchases
17:17:36.619 [main] DEBUG org.hibernate.persister.walking.spi.MetamodelGraphWalker - Visiting attribute path : quantity
17:17:36.619 [main] DEBUG org.hibernate.persister.walking.spi.MetamodelGraphWalker - Visiting attribute path : supplierId
17:17:36.620 [main] DEBUG org.hibernate.persister.walking.spi.MetamodelGraphWalker - Visiting attribute path : unitPrice
17:17:36.620 [main] DEBUG org.hibernate.persister.walking.spi.MetamodelGraphWalker - Visiting attribute path : views
17:17:36.620 [main] DEBUG org.hibernate.loader.plan.build.internal.FetchStyleLoadPlanBuildingAssociationVisitationStrategy - Building LoadPlan...
17:17:36.621 [main] DEBUG org.hibernate.loader.plan.exec.internal.LoadQueryJoinAndFetchProcessor - processing queryspace &lt;gen:0&gt;
17:17:36.621 [main] DEBUG org.hibernate.loader.plan.build.spi.LoadPlanTreePrinter - LoadPlan(entity=com.shoppingbackend.model.Product)
    - Returns
       - EntityReturnImpl(entity=com.shoppingbackend.model.Product, querySpaceUid=&lt;gen:0&gt;, path=com.shoppingbackend.model.Product)
    - QuerySpaces
       - EntityQuerySpaceImpl(uid=&lt;gen:0&gt;, entity=com.shoppingbackend.model.Product)
          - SQL table alias mapping - product0_
          - alias suffix - 0_
          - suffixed key columns - {id1_6_0_}

17:17:36.622 [main] DEBUG org.hibernate.loader.entity.plan.EntityLoader - Static select for entity com.shoppingbackend.model.Product [PESSIMISTIC_READ]: select product0_.id as id1_6_0_, product0_.is_active as is_activ2_6_0_, product0_.brand as brand3_6_0_, product0_.category_id as category4_6_0_, product0_.code as code5_6_0_, product0_.description as descript6_6_0_, product0_.name as name7_6_0_, product0_.purchases as purchase8_6_0_, product0_.quantity as quantity9_6_0_, product0_.supplier_id as supplie10_6_0_, product0_.unit_price as unit_pr11_6_0_, product0_.views as views12_6_0_ from Product product0_ where product0_.id=? for update
17:17:36.622 [main] DEBUG org.hibernate.loader.plan.build.internal.spaces.QuerySpacesImpl - Adding QuerySpace : uid = &lt;gen:0&gt; -&gt; org.hibernate.loader.plan.build.internal.spaces.EntityQuerySpaceImpl@3659d7b1]
17:17:36.623 [main] DEBUG org.hibernate.persister.walking.spi.MetamodelGraphWalker - Visiting attribute path : active
17:17:36.623 [main] DEBUG org.hibernate.persister.walking.spi.MetamodelGraphWalker - Visiting attribute path : brand
17:17:36.623 [main] DEBUG org.hibernate.persister.walking.spi.MetamodelGraphWalker - Visiting attribute path : categoryId
17:17:36.623 [main] DEBUG org.hibernate.persister.walking.spi.MetamodelGraphWalker - Visiting attribute path : code
17:17:36.623 [main] DEBUG org.hibernate.persister.walking.spi.MetamodelGraphWalker - Visiting attribute path : description
17:17:36.623 [main] DEBUG org.hibernate.persister.walking.spi.MetamodelGraphWalker - Visiting attribute path : name
17:17:36.624 [main] DEBUG org.hibernate.persister.walking.spi.MetamodelGraphWalker - Visiting attribute path : purchases
17:17:36.624 [main] DEBUG org.hibernate.persister.walking.spi.MetamodelGraphWalker - Visiting attribute path : quantity
17:17:36.624 [main] DEBUG org.hibernate.persister.walking.spi.MetamodelGraphWalker - Visiting attribute path : supplierId
17:17:36.624 [main] DEBUG org.hibernate.persister.walking.spi.MetamodelGraphWalker - Visiting attribute path : unitPrice
17:17:36.624 [main] DEBUG org.hibernate.persister.walking.spi.MetamodelGraphWalker - Visiting attribute path : views
17:17:36.625 [main] DEBUG org.hibernate.loader.plan.build.internal.FetchStyleLoadPlanBuildingAssociationVisitationStrategy - Building LoadPlan...
17:17:36.626 [main] DEBUG org.hibernate.loader.plan.exec.internal.LoadQueryJoinAndFetchProcessor - processing queryspace &lt;gen:0&gt;
17:17:36.626 [main] DEBUG org.hibernate.loader.plan.build.spi.LoadPlanTreePrinter - LoadPlan(entity=com.shoppingbackend.model.Product)
    - Returns
       - EntityReturnImpl(entity=com.shoppingbackend.model.Product, querySpaceUid=&lt;gen:0&gt;, path=com.shoppingbackend.model.Product)
    - QuerySpaces
       - EntityQuerySpaceImpl(uid=&lt;gen:0&gt;, entity=com.shoppingbackend.model.Product)
          - SQL table alias mapping - product0_
          - alias suffix - 0_
          - suffixed key columns - {id1_6_0_}

17:17:36.627 [main] DEBUG org.hibernate.loader.entity.plan.EntityLoader - Static select for entity com.shoppingbackend.model.Product [PESSIMISTIC_WRITE]: select product0_.id as id1_6_0_, product0_.is_active as is_activ2_6_0_, product0_.brand as brand3_6_0_, product0_.category_id as category4_6_0_, product0_.code as code5_6_0_, product0_.description as descript6_6_0_, product0_.name as name7_6_0_, product0_.purchases as purchase8_6_0_, product0_.quantity as quantity9_6_0_, product0_.supplier_id as supplie10_6_0_, product0_.unit_price as unit_pr11_6_0_, product0_.views as views12_6_0_ from Product product0_ where product0_.id=? for update
17:17:36.627 [main] DEBUG org.hibernate.loader.plan.build.internal.spaces.QuerySpacesImpl - Adding QuerySpace : uid = &lt;gen:0&gt; -&gt; org.hibernate.loader.plan.build.internal.spaces.EntityQuerySpaceImpl@3bdb2c78]
17:17:36.627 [main] DEBUG org.hibernate.persister.walking.spi.MetamodelGraphWalker - Visiting attribute path : active
17:17:36.627 [main] DEBUG org.hibernate.persister.walking.spi.MetamodelGraphWalker - Visiting attribute path : brand
17:17:36.628 [main] DEBUG org.hibernate.persister.walking.spi.MetamodelGraphWalker - Visiting attribute path : categoryId
17:17:36.628 [main] DEBUG org.hibernate.persister.walking.spi.MetamodelGraphWalker - Visiting attribute path : code
17:17:36.628 [main] DEBUG org.hibernate.persister.walking.spi.MetamodelGraphWalker - Visiting attribute path : description
17:17:36.628 [main] DEBUG org.hibernate.persister.walking.spi.MetamodelGraphWalker - Visiting attribute path : name
17:17:36.628 [main] DEBUG org.hibernate.persister.walking.spi.MetamodelGraphWalker - Visiting attribute path : purchases
17:17:36.629 [main] DEBUG org.hibernate.persister.walking.spi.MetamodelGraphWalker - Visiting attribute path : quantity
17:17:36.629 [main] DEBUG org.hibernate.persister.walking.spi.MetamodelGraphWalker - Visiting attribute path : supplierId
17:17:36.629 [main] DEBUG org.hibernate.persister.walking.spi.MetamodelGraphWalker - Visiting attribute path : unitPrice
17:17:36.629 [main] DEBUG org.hibernate.persister.walking.spi.MetamodelGraphWalker - Visiting attribute path : views
17:17:36.629 [main] DEBUG org.hibernate.loader.plan.build.internal.FetchStyleLoadPlanBuildingAssociationVisitationStrategy - Building LoadPlan...
17:17:36.630 [main] DEBUG org.hibernate.loader.plan.exec.internal.LoadQueryJoinAndFetchProcessor - processing queryspace &lt;gen:0&gt;
17:17:36.630 [main] DEBUG org.hibernate.loader.plan.build.spi.LoadPlanTreePrinter - LoadPlan(entity=com.shoppingbackend.model.Product)
    - Returns
       - EntityReturnImpl(entity=com.shoppingbackend.model.Product, querySpaceUid=&lt;gen:0&gt;, path=com.shoppingbackend.model.Product)
    - QuerySpaces
       - EntityQuerySpaceImpl(uid=&lt;gen:0&gt;, entity=com.shoppingbackend.model.Product)
          - SQL table alias mapping - product0_
          - alias suffix - 0_
          - suffixed key columns - {id1_6_0_}

17:17:36.631 [main] DEBUG org.hibernate.loader.entity.plan.EntityLoader - Static select for entity com.shoppingbackend.model.Product [PESSIMISTIC_FORCE_INCREMENT]: select product0_.id as id1_6_0_, product0_.is_active as is_activ2_6_0_, product0_.brand as brand3_6_0_, product0_.category_id as category4_6_0_, product0_.code as code5_6_0_, product0_.description as descript6_6_0_, product0_.name as name7_6_0_, product0_.purchases as purchase8_6_0_, product0_.quantity as quantity9_6_0_, product0_.supplier_id as supplie10_6_0_, product0_.unit_price as unit_pr11_6_0_, product0_.views as views12_6_0_ from Product product0_ where product0_.id=? for update
17:17:36.631 [main] DEBUG org.hibernate.loader.plan.build.internal.spaces.QuerySpacesImpl - Adding QuerySpace : uid = &lt;gen:0&gt; -&gt; org.hibernate.loader.plan.build.internal.spaces.EntityQuerySpaceImpl@1c758545]
17:17:36.631 [main] DEBUG org.hibernate.persister.walking.spi.MetamodelGraphWalker - Visiting attribute path : active
17:17:36.631 [main] DEBUG org.hibernate.persister.walking.spi.MetamodelGraphWalker - Visiting attribute path : brand
17:17:36.632 [main] DEBUG org.hibernate.persister.walking.spi.MetamodelGraphWalker - Visiting attribute path : categoryId
17:17:36.632 [main] DEBUG org.hibernate.persister.walking.spi.MetamodelGraphWalker - Visiting attribute path : code
17:17:36.632 [main] DEBUG org.hibernate.persister.walking.spi.MetamodelGraphWalker - Visiting attribute path : description
17:17:36.632 [main] DEBUG org.hibernate.persister.walking.spi.MetamodelGraphWalker - Visiting attribute path : name
17:17:36.632 [main] DEBUG org.hibernate.persister.walking.spi.MetamodelGraphWalker - Visiting attribute path : purchases
17:17:36.632 [main] DEBUG org.hibernate.persister.walking.spi.MetamodelGraphWalker - Visiting attribute path : quantity
17:17:36.633 [main] DEBUG org.hibernate.persister.walking.spi.MetamodelGraphWalker - Visiting attribute path : supplierId
17:17:36.633 [main] DEBUG org.hibernate.persister.walking.spi.MetamodelGraphWalker - Visiting attribute path : unitPrice
17:17:36.633 [main] DEBUG org.hibernate.persister.walking.spi.MetamodelGraphWalker - Visiting attribute path : views
17:17:36.633 [main] DEBUG org.hibernate.loader.plan.build.internal.FetchStyleLoadPlanBuildingAssociationVisitationStrategy - Building LoadPlan...
17:17:36.633 [main] DEBUG org.hibernate.loader.plan.exec.internal.LoadQueryJoinAndFetchProcessor - processing queryspace &lt;gen:0&gt;
17:17:36.634 [main] DEBUG org.hibernate.loader.plan.build.spi.LoadPlanTreePrinter - LoadPlan(entity=com.shoppingbackend.model.Product)
    - Returns
       - EntityReturnImpl(entity=com.shoppingbackend.model.Product, querySpaceUid=&lt;gen:0&gt;, path=com.shoppingbackend.model.Product)
    - QuerySpaces
       - EntityQuerySpaceImpl(uid=&lt;gen:0&gt;, entity=com.shoppingbackend.model.Product)
          - SQL table alias mapping - product0_
          - alias suffix - 0_
          - suffixed key columns - {id1_6_0_}

17:17:36.634 [main] DEBUG org.hibernate.loader.entity.plan.EntityLoader - Static select for entity com.shoppingbackend.model.Product [OPTIMISTIC]: select product0_.id as id1_6_0_, product0_.is_active as is_activ2_6_0_, product0_.brand as brand3_6_0_, product0_.category_id as category4_6_0_, product0_.code as code5_6_0_, product0_.description as descript6_6_0_, product0_.name as name7_6_0_, product0_.purchases as purchase8_6_0_, product0_.quantity as quantity9_6_0_, product0_.supplier_id as supplie10_6_0_, product0_.unit_price as unit_pr11_6_0_, product0_.views as views12_6_0_ from Product product0_ where product0_.id=?
17:17:36.634 [main] DEBUG org.hibernate.loader.plan.build.internal.spaces.QuerySpacesImpl - Adding QuerySpace : uid = &lt;gen:0&gt; -&gt; org.hibernate.loader.plan.build.internal.spaces.EntityQuerySpaceImpl@73a19967]
17:17:36.634 [main] DEBUG org.hibernate.persister.walking.spi.MetamodelGraphWalker - Visiting attribute path : active
17:17:36.634 [main] DEBUG org.hibernate.persister.walking.spi.MetamodelGraphWalker - Visiting attribute path : brand
17:17:36.635 [main] DEBUG org.hibernate.persister.walking.spi.MetamodelGraphWalker - Visiting attribute path : categoryId
17:17:36.635 [main] DEBUG org.hibernate.persister.walking.spi.MetamodelGraphWalker - Visiting attribute path : code
17:17:36.635 [main] DEBUG org.hibernate.persister.walking.spi.MetamodelGraphWalker - Visiting attribute path : description
17:17:36.635 [main] DEBUG org.hibernate.persister.walking.spi.MetamodelGraphWalker - Visiting attribute path : name
17:17:36.635 [main] DEBUG org.hibernate.persister.walking.spi.MetamodelGraphWalker - Visiting attribute path : purchases
17:17:36.635 [main] DEBUG org.hibernate.persister.walking.spi.MetamodelGraphWalker - Visiting attribute path : quantity
17:17:36.635 [main] DEBUG org.hibernate.persister.walking.spi.MetamodelGraphWalker - Visiting attribute path : supplierId
17:17:36.635 [main] DEBUG org.hibernate.persister.walking.spi.MetamodelGraphWalker - Visiting attribute path : unitPrice
17:17:36.635 [main] DEBUG org.hibernate.persister.walking.spi.MetamodelGraphWalker - Visiting attribute path : views
17:17:36.635 [main] DEBUG org.hibernate.loader.plan.build.internal.FetchStyleLoadPlanBuildingAssociationVisitationStrategy - Building LoadPlan...
17:17:36.636 [main] DEBUG org.hibernate.loader.plan.exec.internal.LoadQueryJoinAndFetchProcessor - processing queryspace &lt;gen:0&gt;
17:17:36.636 [main] DEBUG org.hibernate.loader.plan.build.spi.LoadPlanTreePrinter - LoadPlan(entity=com.shoppingbackend.model.Product)
    - Returns
       - EntityReturnImpl(entity=com.shoppingbackend.model.Product, querySpaceUid=&lt;gen:0&gt;, path=com.shoppingbackend.model.Product)
    - QuerySpaces
       - EntityQuerySpaceImpl(uid=&lt;gen:0&gt;, entity=com.shoppingbackend.model.Product)
          - SQL table alias mapping - product0_
          - alias suffix - 0_
          - suffixed key columns - {id1_6_0_}

17:17:36.636 [main] DEBUG org.hibernate.loader.entity.plan.EntityLoader - Static select for entity com.shoppingbackend.model.Product [OPTIMISTIC_FORCE_INCREMENT]: select product0_.id as id1_6_0_, product0_.is_active as is_activ2_6_0_, product0_.brand as brand3_6_0_, product0_.category_id as category4_6_0_, product0_.code as code5_6_0_, product0_.description as descript6_6_0_, product0_.name as name7_6_0_, product0_.purchases as purchase8_6_0_, product0_.quantity as quantity9_6_0_, product0_.supplier_id as supplie10_6_0_, product0_.unit_price as unit_pr11_6_0_, product0_.views as views12_6_0_ from Product product0_ where product0_.id=?
17:17:36.637 [main] DEBUG org.hibernate.loader.Loader - Static select for action ACTION_MERGE on entity com.shoppingbackend.model.Product: select product0_.id as id1_6_0_, product0_.is_active as is_activ2_6_0_, product0_.brand as brand3_6_0_, product0_.category_id as category4_6_0_, product0_.code as code5_6_0_, product0_.description as descript6_6_0_, product0_.name as name7_6_0_, product0_.purchases as purchase8_6_0_, product0_.quantity as quantity9_6_0_, product0_.supplier_id as supplie10_6_0_, product0_.unit_price as unit_pr11_6_0_, product0_.views as views12_6_0_ from Product product0_ where product0_.id=?
17:17:36.637 [main] DEBUG org.hibernate.loader.Loader - Static select for action ACTION_REFRESH on entity com.shoppingbackend.model.Product: select product0_.id as id1_6_0_, product0_.is_active as is_activ2_6_0_, product0_.brand as brand3_6_0_, product0_.category_id as category4_6_0_, product0_.code as code5_6_0_, product0_.description as descript6_6_0_, product0_.name as name7_6_0_, product0_.purchases as purchase8_6_0_, product0_.quantity as quantity9_6_0_, product0_.supplier_id as supplie10_6_0_, product0_.unit_price as unit_pr11_6_0_, product0_.views as views12_6_0_ from Product product0_ where product0_.id=?
17:17:36.638 [main] DEBUG org.hibernate.loader.plan.build.internal.spaces.QuerySpacesImpl - Adding QuerySpace : uid = &lt;gen:0&gt; -&gt; org.hibernate.loader.plan.build.internal.spaces.CollectionQuerySpaceImpl@6e1b9411]
17:17:36.638 [main] DEBUG org.hibernate.loader.plan.build.internal.spaces.QuerySpacesImpl - Adding QuerySpace : uid = &lt;gen:1&gt; -&gt; org.hibernate.loader.plan.build.internal.spaces.EntityQuerySpaceImpl@21d1b321]
17:17:36.638 [main] DEBUG org.hibernate.persister.walking.spi.MetamodelGraphWalker - Visiting attribute path : buyingPrice
17:17:36.638 [main] DEBUG org.hibernate.persister.walking.spi.MetamodelGraphWalker - Visiting attribute path : orderDetail
17:17:36.639 [main] DEBUG org.hibernate.persister.walking.spi.MetamodelGraphWalker - Property path deemed to be circular : orderDetail
17:17:36.639 [main] DEBUG org.hibernate.persister.walking.spi.MetamodelGraphWalker - Visiting attribute path : product
17:17:36.639 [main] DEBUG org.hibernate.loader.plan.build.internal.spaces.QuerySpacesImpl - Adding QuerySpace : uid = &lt;gen:2&gt; -&gt; org.hibernate.loader.plan.build.internal.spaces.EntityQuerySpaceImpl@112d1c8e]
17:17:36.639 [main] DEBUG org.hibernate.persister.walking.spi.MetamodelGraphWalker - Visiting attribute path : product.active
17:17:36.639 [main] DEBUG org.hibernate.persister.walking.spi.MetamodelGraphWalker - Visiting attribute path : product.brand
17:17:36.639 [main] DEBUG org.hibernate.persister.walking.spi.MetamodelGraphWalker - Visiting attribute path : product.categoryId
17:17:36.640 [main] DEBUG org.hibernate.persister.walking.spi.MetamodelGraphWalker - Visiting attribute path : product.code
17:17:36.640 [main] DEBUG org.hibernate.persister.walking.spi.MetamodelGraphWalker - Visiting attribute path : product.description
17:17:36.640 [main] DEBUG org.hibernate.persister.walking.spi.MetamodelGraphWalker - Visiting attribute path : product.name
17:17:36.640 [main] DEBUG org.hibernate.persister.walking.spi.MetamodelGraphWalker - Visiting attribute path : product.purchases
17:17:36.640 [main] DEBUG org.hibernate.persister.walking.spi.MetamodelGraphWalker - Visiting attribute path : product.quantity
17:17:36.641 [main] DEBUG org.hibernate.persister.walking.spi.MetamodelGraphWalker - Visiting attribute path : product.supplierId
17:17:36.641 [main] DEBUG org.hibernate.persister.walking.spi.MetamodelGraphWalker - Visiting attribute path : product.unitPrice
17:17:36.641 [main] DEBUG org.hibernate.persister.walking.spi.MetamodelGraphWalker - Visiting attribute path : product.views
17:17:36.641 [main] DEBUG org.hibernate.persister.walking.spi.MetamodelGraphWalker - Visiting attribute path : productCount
17:17:36.641 [main] DEBUG org.hibernate.persister.walking.spi.MetamodelGraphWalker - Visiting attribute path : total
17:17:36.642 [main] DEBUG org.hibernate.loader.plan.build.internal.FetchStyleLoadPlanBuildingAssociationVisitationStrategy - Building LoadPlan...
17:17:36.644 [main] DEBUG org.hibernate.loader.plan.exec.internal.LoadQueryJoinAndFetchProcessor - processing queryspace &lt;gen:0&gt;
17:17:36.645 [main] DEBUG org.hibernate.loader.plan.build.spi.LoadPlanTreePrinter - LoadPlan(collection=com.shoppingbackend.model.OrderDetail.orderItems)
    - Returns
       - CollectionReturnImpl(collection=com.shoppingbackend.model.OrderDetail.orderItems, querySpaceUid=&lt;gen:0&gt;, path=[com.shoppingbackend.model.OrderDetail.orderItems])
          - (collection element) CollectionFetchableElementEntityGraph(entity=com.shoppingbackend.model.OrderItem, querySpaceUid=&lt;gen:1&gt;, path=[com.shoppingbackend.model.OrderDetail.orderItems].&lt;elements&gt;)
             - EntityAttributeFetchImpl(entity=com.shoppingbackend.model.Product, querySpaceUid=&lt;gen:2&gt;, path=[com.shoppingbackend.model.OrderDetail.orderItems].&lt;elements&gt;.product)
    - QuerySpaces
       - CollectionQuerySpaceImpl(uid=&lt;gen:0&gt;, collection=com.shoppingbackend.model.OrderDetail.orderItems)
          - SQL table alias mapping - orderitems0_
          - alias suffix - 0_
          - suffixed key columns - {order_id5_5_0_}
          - entity-element alias suffix - 1_
          - 1_entity-element suffixed key columns - id1_5_1_
          - JOIN (JoinDefinedByMetadata(elements)) : &lt;gen:0&gt; -&gt; &lt;gen:1&gt;
             - EntityQuerySpaceImpl(uid=&lt;gen:1&gt;, entity=com.shoppingbackend.model.OrderItem)
                - SQL table alias mapping - orderitems0_
                - alias suffix - 1_
                - suffixed key columns - {id1_5_1_}
                - JOIN (JoinDefinedByMetadata(product)) : &lt;gen:1&gt; -&gt; &lt;gen:2&gt;
                   - EntityQuerySpaceImpl(uid=&lt;gen:2&gt;, entity=com.shoppingbackend.model.Product)
                      - SQL table alias mapping - product1_
                      - alias suffix - 2_
                      - suffixed key columns - {id1_6_2_}

17:17:36.645 [main] DEBUG org.hibernate.loader.collection.plan.CollectionLoader - Static select for collection com.shoppingbackend.model.OrderDetail.orderItems: select orderitems0_.order_id as order_id5_5_0_, orderitems0_.id as id1_5_0_, orderitems0_.id as id1_5_1_, orderitems0_.buying_price as buying_p2_5_1_, orderitems0_.order_id as order_id5_5_1_, orderitems0_.product_id as product_6_5_1_, orderitems0_.product_count as product_3_5_1_, orderitems0_.total as total4_5_1_, product1_.id as id1_6_2_, product1_.is_active as is_activ2_6_2_, product1_.brand as brand3_6_2_, product1_.category_id as category4_6_2_, product1_.code as code5_6_2_, product1_.description as descript6_6_2_, product1_.name as name7_6_2_, product1_.purchases as purchase8_6_2_, product1_.quantity as quantity9_6_2_, product1_.supplier_id as supplie10_6_2_, product1_.unit_price as unit_pr11_6_2_, product1_.views as views12_6_2_ from order_item orderitems0_ left outer join Product product1_ on orderitems0_.product_id=product1_.id where orderitems0_.order_id=?
17:17:36.762 [main] DEBUG org.hibernate.mapping.Table - No alter strings for table : Address
17:17:36.763 [main] DEBUG org.hibernate.mapping.Table - No alter strings for table : Cart
17:17:36.763 [main] DEBUG org.hibernate.mapping.Table - No alter strings for table : cart_line
17:17:36.763 [main] DEBUG org.hibernate.mapping.Table - No alter strings for table : Category
17:17:36.763 [main] DEBUG org.hibernate.mapping.Table - No alter strings for table : order_detail
17:17:36.763 [main] DEBUG org.hibernate.mapping.Table - No alter strings for table : order_item
17:17:36.763 [main] DEBUG org.hibernate.mapping.Table - No alter strings for table : Product
17:17:36.764 [main] DEBUG org.hibernate.mapping.Table - No alter strings for table : supplier
17:17:36.764 [main] DEBUG org.hibernate.mapping.Table - No alter strings for table : user_detail
17:17:36.854 [main] DEBUG org.hibernate.engine.transaction.jta.platform.internal.JtaPlatformInitiator - No JtaPlatform was specified, checking resolver
17:17:36.854 [main] DEBUG org.hibernate.engine.transaction.jta.platform.internal.JtaPlatformResolverInitiator - No JtaPlatformResolver was specified, using default [org.hibernate.engine.transaction.jta.platform.internal.StandardJtaPlatformResolver]
17:17:36.864 [main] DEBUG org.hibernate.engine.transaction.jta.platform.internal.StandardJtaPlatformResolver - Could not resolve JtaPlatform, using default [org.hibernate.engine.transaction.jta.platform.internal.NoJtaPlatform]
17:17:36.864 [main] DEBUG org.hibernate.query.spi.NamedQueryRepository - Checking 0 named HQL queries
17:17:36.864 [main] DEBUG org.hibernate.query.spi.NamedQueryRepository - Checking 0 named SQL queries
17:17:36.865 [main] DEBUG org.hibernate.internal.SessionFactoryRegistry - Registering SessionFactory: d5ec9fc5-79d5-4775-a54c-cd67d62b5e8b (&lt;unnamed&gt;)
17:17:36.865 [main] DEBUG org.hibernate.internal.SessionFactoryRegistry - Not binding SessionFactory to JNDI, no JNDI name configured
17:17:36.870 [main] DEBUG org.springframework.beans.factory.support.DefaultListableBeanFactory - Eagerly caching bean &apos;getSessionFactory&apos; to allow for resolving potential circular references
17:17:36.876 [main] DEBUG org.springframework.beans.factory.support.DefaultListableBeanFactory - Returning cached instance of singleton bean &apos;org.springframework.transaction.config.internalTransactionAdvisor&apos;
17:17:36.881 [main] DEBUG org.springframework.beans.factory.support.DefaultListableBeanFactory - Finished creating instance of bean &apos;getSessionFactory&apos;
17:17:36.881 [main] DEBUG org.springframework.beans.factory.annotation.AutowiredAnnotationBeanPostProcessor - Autowiring by type from bean name &apos;cartLineDAO&apos; to bean named &apos;getSessionFactory&apos;
17:17:36.881 [main] DEBUG org.springframework.beans.factory.support.DefaultListableBeanFactory - Returning cached instance of singleton bean &apos;org.springframework.transaction.config.internalTransactionAdvisor&apos;
17:17:36.882 [main] DEBUG org.springframework.transaction.annotation.AnnotationTransactionAttributeSource - Adding transactional method &apos;com.shoppingbackend.dao.daoimpl.CartLineDAOImpl.add&apos; with attribute: PROPAGATION_REQUIRED,ISOLATION_DEFAULT; &apos;&apos;
17:17:36.882 [main] DEBUG org.springframework.aop.framework.autoproxy.InfrastructureAdvisorAutoProxyCreator - Creating implicit proxy for bean &apos;cartLineDAO&apos; with 0 common interceptors and 1 specific interceptors
17:17:36.882 [main] DEBUG org.springframework.aop.framework.JdkDynamicAopProxy - Creating JDK dynamic proxy: target source is SingletonTargetSource for target object [com.shoppingbackend.dao.daoimpl.CartLineDAOImpl@6fca5907]
17:17:36.882 [main] DEBUG org.springframework.beans.factory.support.DefaultListableBeanFactory - Finished creating instance of bean &apos;cartLineDAO&apos;
17:17:36.883 [main] DEBUG org.springframework.beans.factory.support.DefaultListableBeanFactory - Creating shared instance of singleton bean &apos;categoryDAO&apos;
17:17:36.883 [main] DEBUG org.springframework.beans.factory.support.DefaultListableBeanFactory - Creating instance of bean &apos;categoryDAO&apos;
17:17:36.883 [main] DEBUG org.springframework.beans.factory.annotation.InjectionMetadata - Registered injected element on class [com.shoppingbackend.dao.daoimpl.CategoryDAOImpl]: AutowiredFieldElement for private org.hibernate.SessionFactory com.shoppingbackend.dao.daoimpl.CategoryDAOImpl.sessionFactory
17:17:36.883 [main] DEBUG org.springframework.beans.factory.support.DefaultListableBeanFactory - Eagerly caching bean &apos;categoryDAO&apos; to allow for resolving potential circular references
17:17:36.885 [main] DEBUG org.springframework.beans.factory.annotation.InjectionMetadata - Processing injected element of bean &apos;categoryDAO&apos;: AutowiredFieldElement for private org.hibernate.SessionFactory com.shoppingbackend.dao.daoimpl.CategoryDAOImpl.sessionFactory
17:17:36.885 [main] DEBUG org.springframework.beans.factory.support.DefaultListableBeanFactory - Returning cached instance of singleton bean &apos;getSessionFactory&apos;
17:17:36.885 [main] DEBUG org.springframework.beans.factory.annotation.AutowiredAnnotationBeanPostProcessor - Autowiring by type from bean name &apos;categoryDAO&apos; to bean named &apos;getSessionFactory&apos;
17:17:36.885 [main] DEBUG org.springframework.beans.factory.support.DefaultListableBeanFactory - Returning cached instance of singleton bean &apos;org.springframework.transaction.config.internalTransactionAdvisor&apos;
17:17:36.886 [main] DEBUG org.springframework.transaction.annotation.AnnotationTransactionAttributeSource - Adding transactional method &apos;com.shoppingbackend.dao.daoimpl.CategoryDAOImpl.add&apos; with attribute: PROPAGATION_REQUIRED,ISOLATION_DEFAULT; &apos;&apos;
17:17:36.889 [main] DEBUG org.springframework.aop.framework.autoproxy.InfrastructureAdvisorAutoProxyCreator - Creating implicit proxy for bean &apos;categoryDAO&apos; with 0 common interceptors and 1 specific interceptors
17:17:36.890 [main] DEBUG org.springframework.aop.framework.JdkDynamicAopProxy - Creating JDK dynamic proxy: target source is SingletonTargetSource for target object [com.shoppingbackend.dao.daoimpl.CategoryDAOImpl@7bebcd65]
17:17:36.890 [main] DEBUG org.springframework.beans.factory.support.DefaultListableBeanFactory - Finished creating instance of bean &apos;categoryDAO&apos;
17:17:36.891 [main] DEBUG org.springframework.beans.factory.support.DefaultListableBeanFactory - Creating shared instance of singleton bean &apos;productDAO&apos;
17:17:36.891 [main] DEBUG org.springframework.beans.factory.support.DefaultListableBeanFactory - Creating instance of bean &apos;productDAO&apos;
17:17:36.891 [main] DEBUG org.springframework.beans.factory.annotation.InjectionMetadata - Registered injected element on class [com.shoppingbackend.dao.daoimpl.ProductDAOImpl]: AutowiredFieldElement for private org.hibernate.SessionFactory com.shoppingbackend.dao.daoimpl.ProductDAOImpl.sessionFactory
17:17:36.891 [main] DEBUG org.springframework.beans.factory.support.DefaultListableBeanFactory - Eagerly caching bean &apos;productDAO&apos; to allow for resolving potential circular references
17:17:36.896 [main] DEBUG org.springframework.beans.factory.annotation.InjectionMetadata - Processing injected element of bean &apos;productDAO&apos;: AutowiredFieldElement for private org.hibernate.SessionFactory com.shoppingbackend.dao.daoimpl.ProductDAOImpl.sessionFactory
17:17:36.896 [main] DEBUG org.springframework.beans.factory.support.DefaultListableBeanFactory - Returning cached instance of singleton bean &apos;getSessionFactory&apos;
17:17:36.896 [main] DEBUG org.springframework.beans.factory.annotation.AutowiredAnnotationBeanPostProcessor - Autowiring by type from bean name &apos;productDAO&apos; to bean named &apos;getSessionFactory&apos;
17:17:36.896 [main] DEBUG org.springframework.beans.factory.support.DefaultListableBeanFactory - Returning cached instance of singleton bean &apos;org.springframework.transaction.config.internalTransactionAdvisor&apos;
17:17:36.898 [main] DEBUG org.springframework.transaction.annotation.AnnotationTransactionAttributeSource - Adding transactional method &apos;com.shoppingbackend.dao.daoimpl.ProductDAOImpl.add&apos; with attribute: PROPAGATION_REQUIRED,ISOLATION_DEFAULT; &apos;&apos;
17:17:36.898 [main] DEBUG org.springframework.aop.framework.autoproxy.InfrastructureAdvisorAutoProxyCreator - Creating implicit proxy for bean &apos;productDAO&apos; with 0 common interceptors and 1 specific interceptors
17:17:36.898 [main] DEBUG org.springframework.aop.framework.JdkDynamicAopProxy - Creating JDK dynamic proxy: target source is SingletonTargetSource for target object [com.shoppingbackend.dao.daoimpl.ProductDAOImpl@7afb1741]
17:17:36.900 [main] DEBUG org.springframework.beans.factory.support.DefaultListableBeanFactory - Finished creating instance of bean &apos;productDAO&apos;
17:17:36.901 [main] DEBUG org.springframework.beans.factory.support.DefaultListableBeanFactory - Creating shared instance of singleton bean &apos;supplierDAO&apos;
17:17:36.901 [main] DEBUG org.springframework.beans.factory.support.DefaultListableBeanFactory - Creating instance of bean &apos;supplierDAO&apos;
17:17:36.902 [main] DEBUG org.springframework.beans.factory.annotation.InjectionMetadata - Registered injected element on class [com.shoppingbackend.dao.daoimpl.SupplierDAOImpl]: AutowiredFieldElement for private org.hibernate.SessionFactory com.shoppingbackend.dao.daoimpl.SupplierDAOImpl.sessionFactory
17:17:36.903 [main] DEBUG org.springframework.beans.factory.support.DefaultListableBeanFactory - Eagerly caching bean &apos;supplierDAO&apos; to allow for resolving potential circular references
17:17:36.906 [main] DEBUG org.springframework.beans.factory.annotation.InjectionMetadata - Processing injected element of bean &apos;supplierDAO&apos;: AutowiredFieldElement for private org.hibernate.SessionFactory com.shoppingbackend.dao.daoimpl.SupplierDAOImpl.sessionFactory
17:17:36.906 [main] DEBUG org.springframework.beans.factory.support.DefaultListableBeanFactory - Returning cached instance of singleton bean &apos;getSessionFactory&apos;
17:17:36.906 [main] DEBUG org.springframework.beans.factory.annotation.AutowiredAnnotationBeanPostProcessor - Autowiring by type from bean name &apos;supplierDAO&apos; to bean named &apos;getSessionFactory&apos;
17:17:36.907 [main] DEBUG org.springframework.beans.factory.support.DefaultListableBeanFactory - Returning cached instance of singleton bean &apos;org.springframework.transaction.config.internalTransactionAdvisor&apos;
17:17:36.907 [main] DEBUG org.springframework.transaction.annotation.AnnotationTransactionAttributeSource - Adding transactional method &apos;com.shoppingbackend.dao.daoimpl.SupplierDAOImpl.updateSupp&apos; with attribute: PROPAGATION_REQUIRED,ISOLATION_DEFAULT; &apos;&apos;
17:17:36.908 [main] DEBUG org.springframework.aop.framework.autoproxy.InfrastructureAdvisorAutoProxyCreator - Creating implicit proxy for bean &apos;supplierDAO&apos; with 0 common interceptors and 1 specific interceptors
17:17:36.908 [main] DEBUG org.springframework.aop.framework.JdkDynamicAopProxy - Creating JDK dynamic proxy: target source is SingletonTargetSource for target object [com.shoppingbackend.dao.daoimpl.SupplierDAOImpl@31edeac]
17:17:36.909 [main] DEBUG org.springframework.beans.factory.support.DefaultListableBeanFactory - Finished creating instance of bean &apos;supplierDAO&apos;
17:17:36.910 [main] DEBUG org.springframework.beans.factory.support.DefaultListableBeanFactory - Creating shared instance of singleton bean &apos;userDAO&apos;
17:17:36.910 [main] DEBUG org.springframework.beans.factory.support.DefaultListableBeanFactory - Creating instance of bean &apos;userDAO&apos;
17:17:36.911 [main] DEBUG org.springframework.beans.factory.annotation.InjectionMetadata - Registered injected element on class [com.shoppingbackend.dao.daoimpl.UserDAOImpl]: AutowiredFieldElement for private org.hibernate.SessionFactory com.shoppingbackend.dao.daoimpl.UserDAOImpl.sessionFactory
17:17:36.911 [main] DEBUG org.springframework.beans.factory.support.DefaultListableBeanFactory - Eagerly caching bean &apos;userDAO&apos; to allow for resolving potential circular references
17:17:36.913 [main] DEBUG org.springframework.beans.factory.annotation.InjectionMetadata - Processing injected element of bean &apos;userDAO&apos;: AutowiredFieldElement for private org.hibernate.SessionFactory com.shoppingbackend.dao.daoimpl.UserDAOImpl.sessionFactory
17:17:36.913 [main] DEBUG org.springframework.beans.factory.support.DefaultListableBeanFactory - Returning cached instance of singleton bean &apos;getSessionFactory&apos;
17:17:36.913 [main] DEBUG org.springframework.beans.factory.annotation.AutowiredAnnotationBeanPostProcessor - Autowiring by type from bean name &apos;userDAO&apos; to bean named &apos;getSessionFactory&apos;
17:17:36.914 [main] DEBUG org.springframework.beans.factory.support.DefaultListableBeanFactory - Returning cached instance of singleton bean &apos;org.springframework.transaction.config.internalTransactionAdvisor&apos;
17:17:36.914 [main] DEBUG org.springframework.transaction.annotation.AnnotationTransactionAttributeSource - Adding transactional method &apos;com.shoppingbackend.dao.daoimpl.UserDAOImpl.add&apos; with attribute: PROPAGATION_REQUIRED,ISOLATION_DEFAULT; &apos;&apos;
17:17:36.914 [main] DEBUG org.springframework.aop.framework.autoproxy.InfrastructureAdvisorAutoProxyCreator - Creating implicit proxy for bean &apos;userDAO&apos; with 0 common interceptors and 1 specific interceptors
17:17:36.915 [main] DEBUG org.springframework.aop.framework.JdkDynamicAopProxy - Creating JDK dynamic proxy: target source is SingletonTargetSource for target object [com.shoppingbackend.dao.daoimpl.UserDAOImpl@45bb2aa1]
17:17:36.915 [main] DEBUG org.springframework.beans.factory.support.DefaultListableBeanFactory - Finished creating instance of bean &apos;userDAO&apos;
17:17:36.919 [main] DEBUG org.springframework.beans.factory.support.DefaultListableBeanFactory - Creating shared instance of singleton bean &apos;product&apos;
17:17:36.919 [main] DEBUG org.springframework.beans.factory.support.DefaultListableBeanFactory - Creating instance of bean &apos;product&apos;
17:17:36.921 [main] DEBUG org.springframework.beans.factory.support.DefaultListableBeanFactory - Eagerly caching bean &apos;product&apos; to allow for resolving potential circular references
17:17:36.923 [main] DEBUG org.springframework.beans.factory.support.DefaultListableBeanFactory - Returning cached instance of singleton bean &apos;org.springframework.transaction.config.internalTransactionAdvisor&apos;
17:17:36.925 [main] DEBUG org.springframework.beans.factory.support.DefaultListableBeanFactory - Finished creating instance of bean &apos;product&apos;
17:17:36.925 [main] DEBUG org.springframework.beans.factory.support.DefaultListableBeanFactory - Returning cached instance of singleton bean &apos;org.springframework.transaction.annotation.ProxyTransactionManagementConfiguration&apos;
17:17:36.925 [main] DEBUG org.springframework.beans.factory.support.DefaultListableBeanFactory - Returning cached instance of singleton bean &apos;org.springframework.transaction.config.internalTransactionAdvisor&apos;
17:17:36.925 [main] DEBUG org.springframework.beans.factory.support.DefaultListableBeanFactory - Returning cached instance of singleton bean &apos;transactionAttributeSource&apos;
17:17:36.925 [main] DEBUG org.springframework.beans.factory.support.DefaultListableBeanFactory - Returning cached instance of singleton bean &apos;transactionInterceptor&apos;
17:17:36.926 [main] DEBUG org.springframework.beans.factory.support.DefaultListableBeanFactory - Creating shared instance of singleton bean &apos;org.springframework.transaction.config.internalTransactionalEventListenerFactory&apos;
17:17:36.926 [main] DEBUG org.springframework.beans.factory.support.DefaultListableBeanFactory - Creating instance of bean &apos;org.springframework.transaction.config.internalTransactionalEventListenerFactory&apos;
17:17:36.926 [main] DEBUG org.springframework.beans.factory.support.DefaultListableBeanFactory - Returning cached instance of singleton bean &apos;org.springframework.transaction.annotation.ProxyTransactionManagementConfiguration&apos;
17:17:36.928 [main] DEBUG org.springframework.beans.factory.support.DefaultListableBeanFactory - Eagerly caching bean &apos;org.springframework.transaction.config.internalTransactionalEventListenerFactory&apos; to allow for resolving potential circular references
17:17:36.930 [main] DEBUG org.springframework.beans.factory.support.DefaultListableBeanFactory - Returning cached instance of singleton bean &apos;org.springframework.transaction.config.internalTransactionAdvisor&apos;
17:17:36.935 [main] DEBUG org.springframework.beans.factory.support.DefaultListableBeanFactory - Finished creating instance of bean &apos;org.springframework.transaction.config.internalTransactionalEventListenerFactory&apos;
17:17:36.935 [main] DEBUG org.springframework.beans.factory.support.DefaultListableBeanFactory - Returning cached instance of singleton bean &apos;dataSource&apos;
17:17:36.935 [main] DEBUG org.springframework.beans.factory.support.DefaultListableBeanFactory - Returning cached instance of singleton bean &apos;getSessionFactory&apos;
17:17:36.936 [main] DEBUG org.springframework.beans.factory.support.DefaultListableBeanFactory - Creating shared instance of singleton bean &apos;getTransactionManager&apos;
17:17:36.937 [main] DEBUG org.springframework.beans.factory.support.DefaultListableBeanFactory - Creating instance of bean &apos;getTransactionManager&apos;
17:17:36.937 [main] DEBUG org.springframework.beans.factory.support.DefaultListableBeanFactory - Returning cached instance of singleton bean &apos;hibernateConfig&apos;
17:17:36.937 [main] DEBUG org.springframework.beans.factory.support.DefaultListableBeanFactory - Returning cached instance of singleton bean &apos;getSessionFactory&apos;
17:17:36.938 [main] DEBUG org.springframework.beans.factory.support.DefaultListableBeanFactory - Autowiring by type from bean name &apos;getTransactionManager&apos; via factory method to bean named &apos;getSessionFactory&apos;
17:17:36.938 [main] INFO org.springframework.orm.hibernate5.HibernateTransactionManager - Using DataSource [org.apache.commons.dbcp2.BasicDataSource@627d8516] of Hibernate SessionFactory for HibernateTransactionManager
17:17:36.938 [main] DEBUG org.springframework.beans.factory.support.DefaultListableBeanFactory - Eagerly caching bean &apos;getTransactionManager&apos; to allow for resolving potential circular references
17:17:36.943 [main] DEBUG org.springframework.beans.factory.support.DefaultListableBeanFactory - Invoking afterPropertiesSet() on bean with name &apos;getTransactionManager&apos;
17:17:36.943 [main] DEBUG org.springframework.beans.factory.support.DefaultListableBeanFactory - Returning cached instance of singleton bean &apos;org.springframework.transaction.config.internalTransactionAdvisor&apos;
17:17:36.945 [main] DEBUG org.springframework.beans.factory.support.DefaultListableBeanFactory - Finished creating instance of bean &apos;getTransactionManager&apos;
17:17:36.945 [main] DEBUG org.springframework.beans.factory.support.DefaultListableBeanFactory - Returning cached instance of singleton bean &apos;org.springframework.aop.config.internalAutoProxyCreator&apos;
17:17:36.948 [main] DEBUG org.springframework.beans.factory.support.DefaultListableBeanFactory - Returning cached instance of singleton bean &apos;org.springframework.context.event.internalEventListenerFactory&apos;
17:17:36.948 [main] DEBUG org.springframework.beans.factory.support.DefaultListableBeanFactory - Returning cached instance of singleton bean &apos;org.springframework.transaction.config.internalTransactionalEventListenerFactory&apos;
17:17:37.062 [main] DEBUG org.springframework.context.annotation.AnnotationConfigApplicationContext - Unable to locate LifecycleProcessor with name &apos;lifecycleProcessor&apos;: using default [org.springframework.context.support.DefaultLifecycleProcessor@74db12c2]
17:17:37.062 [main] DEBUG org.springframework.beans.factory.support.DefaultListableBeanFactory - Returning cached instance of singleton bean &apos;lifecycleProcessor&apos;
17:17:37.062 [main] DEBUG org.springframework.core.env.PropertySourcesPropertyResolver - Could not find key &apos;spring.liveBeansView.mbeanDomain&apos; in any property source
17:17:37.065 [main] DEBUG org.springframework.beans.factory.support.DefaultListableBeanFactory - Returning cached instance of singleton bean &apos;supplierDAO&apos;
</system-out>
  </testcase>
  <testcase classname="com.shoppingbackend.test.SupplierTestCase" name="testDeleteSupplier" time="2.684">
    <skipped/>
  </testcase>
  <testcase classname="com.shoppingbackend.test.SupplierTestCase" name="testAddSupplier" time="0.002"/>
</testsuite>