<?xml version="1.0" encoding="UTF-8" ?>
<testsuite tests="3" failures="0" name="com.shoppingbackend.test.SupplierTestCase" time="6.857" errors="0" skipped="2">
  <properties>
    <property name="java.runtime.name" value="Java(TM) SE Runtime Environment"/>
    <property name="sun.boot.library.path" value="C:\Program Files\Java\jdk1.8.0_144\jre\bin"/>
    <property name="java.vm.version" value="25.144-b01"/>
    <property name="java.vm.vendor" value="Oracle Corporation"/>
    <property name="maven.multiModuleProjectDirectory" value="C:\Users\bhano\virtual-Tranning\shoppingbackend"/>
    <property name="java.vendor.url" value="http://java.oracle.com/"/>
    <property name="path.separator" value=";"/>
    <property name="guice.disable.misplaced.annotation.check" value="true"/>
    <property name="java.vm.name" value="Java HotSpot(TM) 64-Bit Server VM"/>
    <property name="file.encoding.pkg" value="sun.io"/>
    <property name="user.script" value=""/>
    <property name="user.country" value="IN"/>
    <property name="sun.java.launcher" value="SUN_STANDARD"/>
    <property name="sun.os.patch.level" value=""/>
    <property name="java.vm.specification.name" value="Java Virtual Machine Specification"/>
    <property name="user.dir" value="C:\Users\bhano\virtual-Tranning\shoppingbackend"/>
    <property name="java.runtime.version" value="1.8.0_144-b01"/>
    <property name="java.awt.graphicsenv" value="sun.awt.Win32GraphicsEnvironment"/>
    <property name="java.endorsed.dirs" value="C:\Program Files\Java\jdk1.8.0_144\jre\lib\endorsed"/>
    <property name="os.arch" value="amd64"/>
    <property name="java.io.tmpdir" value="C:\Users\bhano\AppData\Local\Temp\"/>
    <property name="line.separator" value="
"/>
    <property name="java.vm.specification.vendor" value="Oracle Corporation"/>
    <property name="user.variant" value=""/>
    <property name="os.name" value="Windows 10"/>
    <property name="classworlds.conf" value="C:\Users\bhano\virtual-Tranning\.metadata\.plugins\org.eclipse.m2e.launching\launches\m2conf8471149991501477012.tmp"/>
    <property name="sun.jnu.encoding" value="Cp1252"/>
    <property name="java.library.path" value="C:\Program Files\Java\jdk1.8.0_144\bin;C:\WINDOWS\Sun\Java\bin;C:\WINDOWS\system32;C:\WINDOWS;C:/Program Files/Java/jdk1.8.0_144/bin/../jre/bin/server;C:/Program Files/Java/jdk1.8.0_144/bin/../jre/bin;C:/Program Files/Java/jdk1.8.0_144/bin/../jre/lib/amd64;E:\app\bhano\virtual\product\12.2.0\dbhome_1\bin;E:\app\bhanoo\virtual\product\12.2.0\dbhome_1\bin;E:\app\bhano\product\11.2.0\dbhome_1\bin;C:\WINDOWS\system32;C:\WINDOWS;C:\WINDOWS\System32\Wbem;C:\WINDOWS\System32\WindowsPowerShell\v1.0\;C:\software-1\apache-maven-3.5.0-bin\apache-maven-3.5.0\bin;C:\Program Files (x86)\H2\bin;C:\Program Files\Java\jdk1.8.0_144\bin\;E:\app\bhano\virtual;C:\Program Files (x86)\Common Files\lenovo\easyplussdk\bin;E:\angular\nodejs\;C:\Program Files\Git\bin;C:\Users\bhano\AppData\Local\Microsoft\WindowsApps;;C:\Program Files\Microsoft VS Code\bin;C:\Users\bhano\AppData\Roaming\npm;F:\2016 soft\eclipse-jee-oxygen-R-win32-x86_64 (2)\eclipse;;."/>
    <property name="java.specification.name" value="Java Platform API Specification"/>
    <property name="java.class.version" value="52.0"/>
    <property name="sun.management.compiler" value="HotSpot 64-Bit Tiered Compilers"/>
    <property name="os.version" value="10.0"/>
    <property name="user.home" value="C:\Users\bhano"/>
    <property name="user.timezone" value="Asia/Calcutta"/>
    <property name="java.awt.printerjob" value="sun.awt.windows.WPrinterJob"/>
    <property name="java.specification.version" value="1.8"/>
    <property name="file.encoding" value="Cp1252"/>
    <property name="user.name" value="bhano"/>
    <property name="java.class.path" value="F:\2016 soft\eclipse-jee-oxygen-R-win32-x86_64 (2)\eclipse\plugins\org.eclipse.m2e.maven.runtime_1.8.2.20171007-0216\jars\plexus-classworlds-2.5.2.jar"/>
    <property name="java.vm.specification.version" value="1.8"/>
    <property name="sun.arch.data.model" value="64"/>
    <property name="java.home" value="C:\Program Files\Java\jdk1.8.0_144\jre"/>
    <property name="sun.java.command" value="org.codehaus.plexus.classworlds.launcher.Launcher -B clean install"/>
    <property name="java.specification.vendor" value="Oracle Corporation"/>
    <property name="user.language" value="en"/>
    <property name="awt.toolkit" value="sun.awt.windows.WToolkit"/>
    <property name="java.vm.info" value="mixed mode"/>
    <property name="java.version" value="1.8.0_144"/>
    <property name="java.ext.dirs" value="C:\Program Files\Java\jdk1.8.0_144\jre\lib\ext;C:\WINDOWS\Sun\Java\lib\ext"/>
    <property name="sun.boot.class.path" value="C:\Program Files\Java\jdk1.8.0_144\jre\lib\resources.jar;C:\Program Files\Java\jdk1.8.0_144\jre\lib\rt.jar;C:\Program Files\Java\jdk1.8.0_144\jre\lib\sunrsasign.jar;C:\Program Files\Java\jdk1.8.0_144\jre\lib\jsse.jar;C:\Program Files\Java\jdk1.8.0_144\jre\lib\jce.jar;C:\Program Files\Java\jdk1.8.0_144\jre\lib\charsets.jar;C:\Program Files\Java\jdk1.8.0_144\jre\lib\jfr.jar;C:\Program Files\Java\jdk1.8.0_144\jre\classes"/>
    <property name="java.vendor" value="Oracle Corporation"/>
    <property name="maven.home" value="C:\Users\bhano\virtual-Tranning\shoppingbackend\EMBEDDED"/>
    <property name="file.separator" value="\"/>
    <property name="java.vendor.url.bug" value="http://bugreport.sun.com/bugreport/"/>
    <property name="sun.cpu.endian" value="little"/>
    <property name="sun.io.unicode.encoding" value="UnicodeLittle"/>
    <property name="sun.desktop" value="windows"/>
    <property name="sun.cpu.isalist" value="amd64"/>
  </properties>
  <testcase classname="com.shoppingbackend.test.SupplierTestCase" name="testUpdateSupplier" time="3.422">
    <skipped/>
    <system-out>21:22:33.397 [main] DEBUG org.springframework.core.env.StandardEnvironment - Adding [systemProperties] PropertySource with lowest search precedence
21:22:33.397 [main] DEBUG org.springframework.core.env.StandardEnvironment - Adding [systemEnvironment] PropertySource with lowest search precedence
21:22:33.397 [main] DEBUG org.springframework.core.env.StandardEnvironment - Initialized StandardEnvironment with PropertySources [systemProperties,systemEnvironment]
21:22:33.413 [main] DEBUG org.springframework.core.io.support.PathMatchingResourcePatternResolver - Resolved classpath location [com/shoppingbackend/] to resources [URL [file:/C:/Users/bhano/virtual-Tranning/shoppingbackend/target/test-classes/com/shoppingbackend/], URL [file:/C:/Users/bhano/virtual-Tranning/shoppingbackend/target/classes/com/shoppingbackend/]]
21:22:33.428 [main] DEBUG org.springframework.core.io.support.PathMatchingResourcePatternResolver - Looking for matching resources in directory tree [C:\Users\bhano\virtual-Tranning\shoppingbackend\target\test-classes\com\shoppingbackend]
21:22:33.428 [main] DEBUG org.springframework.core.io.support.PathMatchingResourcePatternResolver - Searching directory [C:\Users\bhano\virtual-Tranning\shoppingbackend\target\test-classes\com\shoppingbackend] for files matching pattern [C:/Users/bhano/virtual-Tranning/shoppingbackend/target/test-classes/com/shoppingbackend/**/*.class]
21:22:33.428 [main] DEBUG org.springframework.core.io.support.PathMatchingResourcePatternResolver - Searching directory [C:\Users\bhano\virtual-Tranning\shoppingbackend\target\test-classes\com\shoppingbackend\test] for files matching pattern [C:/Users/bhano/virtual-Tranning/shoppingbackend/target/test-classes/com/shoppingbackend/**/*.class]
21:22:33.428 [main] DEBUG org.springframework.core.io.support.PathMatchingResourcePatternResolver - Looking for matching resources in directory tree [C:\Users\bhano\virtual-Tranning\shoppingbackend\target\classes\com\shoppingbackend]
21:22:33.428 [main] DEBUG org.springframework.core.io.support.PathMatchingResourcePatternResolver - Searching directory [C:\Users\bhano\virtual-Tranning\shoppingbackend\target\classes\com\shoppingbackend] for files matching pattern [C:/Users/bhano/virtual-Tranning/shoppingbackend/target/classes/com/shoppingbackend/**/*.class]
21:22:33.428 [main] DEBUG org.springframework.core.io.support.PathMatchingResourcePatternResolver - Searching directory [C:\Users\bhano\virtual-Tranning\shoppingbackend\target\classes\com\shoppingbackend\config] for files matching pattern [C:/Users/bhano/virtual-Tranning/shoppingbackend/target/classes/com/shoppingbackend/**/*.class]
21:22:33.428 [main] DEBUG org.springframework.core.io.support.PathMatchingResourcePatternResolver - Searching directory [C:\Users\bhano\virtual-Tranning\shoppingbackend\target\classes\com\shoppingbackend\dao] for files matching pattern [C:/Users/bhano/virtual-Tranning/shoppingbackend/target/classes/com/shoppingbackend/**/*.class]
21:22:33.428 [main] DEBUG org.springframework.core.io.support.PathMatchingResourcePatternResolver - Searching directory [C:\Users\bhano\virtual-Tranning\shoppingbackend\target\classes\com\shoppingbackend\dao\daoimpl] for files matching pattern [C:/Users/bhano/virtual-Tranning/shoppingbackend/target/classes/com/shoppingbackend/**/*.class]
21:22:33.444 [main] DEBUG org.springframework.core.io.support.PathMatchingResourcePatternResolver - Searching directory [C:\Users\bhano\virtual-Tranning\shoppingbackend\target\classes\com\shoppingbackend\model] for files matching pattern [C:/Users/bhano/virtual-Tranning/shoppingbackend/target/classes/com/shoppingbackend/**/*.class]
21:22:33.444 [main] DEBUG org.springframework.core.io.support.PathMatchingResourcePatternResolver - Resolved location pattern [classpath*:com/shoppingbackend/**/*.class] to resources [file [C:\Users\bhano\virtual-Tranning\shoppingbackend\target\test-classes\com\shoppingbackend\AppTest.class], file [C:\Users\bhano\virtual-Tranning\shoppingbackend\target\test-classes\com\shoppingbackend\test\CartLineTestCase.class], file [C:\Users\bhano\virtual-Tranning\shoppingbackend\target\test-classes\com\shoppingbackend\test\CategoryTestCase.class], file [C:\Users\bhano\virtual-Tranning\shoppingbackend\target\test-classes\com\shoppingbackend\test\ProductTestCase.class], file [C:\Users\bhano\virtual-Tranning\shoppingbackend\target\test-classes\com\shoppingbackend\test\SupplierTestCase.class], file [C:\Users\bhano\virtual-Tranning\shoppingbackend\target\test-classes\com\shoppingbackend\test\UserTestCase.class], file [C:\Users\bhano\virtual-Tranning\shoppingbackend\target\classes\com\shoppingbackend\App.class], file [C:\Users\bhano\virtual-Tranning\shoppingbackend\target\classes\com\shoppingbackend\config\HibernateConfig.class], file [C:\Users\bhano\virtual-Tranning\shoppingbackend\target\classes\com\shoppingbackend\dao\CartLineDAO.class], file [C:\Users\bhano\virtual-Tranning\shoppingbackend\target\classes\com\shoppingbackend\dao\CategoryDAO.class], file [C:\Users\bhano\virtual-Tranning\shoppingbackend\target\classes\com\shoppingbackend\dao\daoimpl\CartLineDAOImpl.class], file [C:\Users\bhano\virtual-Tranning\shoppingbackend\target\classes\com\shoppingbackend\dao\daoimpl\CategoryDAOImpl.class], file [C:\Users\bhano\virtual-Tranning\shoppingbackend\target\classes\com\shoppingbackend\dao\daoimpl\ProductDAOImpl.class], file [C:\Users\bhano\virtual-Tranning\shoppingbackend\target\classes\com\shoppingbackend\dao\daoimpl\SupplierDAOImpl.class], file [C:\Users\bhano\virtual-Tranning\shoppingbackend\target\classes\com\shoppingbackend\dao\daoimpl\UserDAOImpl.class], file [C:\Users\bhano\virtual-Tranning\shoppingbackend\target\classes\com\shoppingbackend\dao\ProductDAO.class], file [C:\Users\bhano\virtual-Tranning\shoppingbackend\target\classes\com\shoppingbackend\dao\SupplierDAO.class], file [C:\Users\bhano\virtual-Tranning\shoppingbackend\target\classes\com\shoppingbackend\dao\UserDAO.class], file [C:\Users\bhano\virtual-Tranning\shoppingbackend\target\classes\com\shoppingbackend\model\Address.class], file [C:\Users\bhano\virtual-Tranning\shoppingbackend\target\classes\com\shoppingbackend\model\Cart.class], file [C:\Users\bhano\virtual-Tranning\shoppingbackend\target\classes\com\shoppingbackend\model\CartLine.class], file [C:\Users\bhano\virtual-Tranning\shoppingbackend\target\classes\com\shoppingbackend\model\Category.class], file [C:\Users\bhano\virtual-Tranning\shoppingbackend\target\classes\com\shoppingbackend\model\OrderDetail.class], file [C:\Users\bhano\virtual-Tranning\shoppingbackend\target\classes\com\shoppingbackend\model\OrderItem.class], file [C:\Users\bhano\virtual-Tranning\shoppingbackend\target\classes\com\shoppingbackend\model\Product.class], file [C:\Users\bhano\virtual-Tranning\shoppingbackend\target\classes\com\shoppingbackend\model\Supplier.class], file [C:\Users\bhano\virtual-Tranning\shoppingbackend\target\classes\com\shoppingbackend\model\User.class]]
21:22:33.444 [main] DEBUG org.springframework.context.annotation.ClassPathBeanDefinitionScanner - Identified candidate component class: file [C:\Users\bhano\virtual-Tranning\shoppingbackend\target\classes\com\shoppingbackend\config\HibernateConfig.class]
21:22:33.475 [main] DEBUG org.springframework.context.annotation.ClassPathBeanDefinitionScanner - Identified candidate component class: file [C:\Users\bhano\virtual-Tranning\shoppingbackend\target\classes\com\shoppingbackend\dao\daoimpl\CartLineDAOImpl.class]
21:22:33.475 [main] DEBUG org.springframework.context.annotation.ClassPathBeanDefinitionScanner - Identified candidate component class: file [C:\Users\bhano\virtual-Tranning\shoppingbackend\target\classes\com\shoppingbackend\dao\daoimpl\CategoryDAOImpl.class]
21:22:33.475 [main] DEBUG org.springframework.context.annotation.ClassPathBeanDefinitionScanner - Identified candidate component class: file [C:\Users\bhano\virtual-Tranning\shoppingbackend\target\classes\com\shoppingbackend\dao\daoimpl\ProductDAOImpl.class]
21:22:33.475 [main] DEBUG org.springframework.context.annotation.ClassPathBeanDefinitionScanner - Identified candidate component class: file [C:\Users\bhano\virtual-Tranning\shoppingbackend\target\classes\com\shoppingbackend\dao\daoimpl\SupplierDAOImpl.class]
21:22:33.475 [main] DEBUG org.springframework.context.annotation.ClassPathBeanDefinitionScanner - Identified candidate component class: file [C:\Users\bhano\virtual-Tranning\shoppingbackend\target\classes\com\shoppingbackend\dao\daoimpl\UserDAOImpl.class]
21:22:33.522 [main] DEBUG org.springframework.context.annotation.ClassPathBeanDefinitionScanner - Identified candidate component class: file [C:\Users\bhano\virtual-Tranning\shoppingbackend\target\classes\com\shoppingbackend\model\Product.class]
21:22:33.553 [main] INFO org.springframework.context.annotation.AnnotationConfigApplicationContext - Refreshing org.springframework.context.annotation.AnnotationConfigApplicationContext@76c52298: startup date [Sat Feb 17 21:22:33 IST 2018]; root of context hierarchy
21:22:33.553 [main] DEBUG org.springframework.context.annotation.AnnotationConfigApplicationContext - Bean factory for org.springframework.context.annotation.AnnotationConfigApplicationContext@76c52298: org.springframework.beans.factory.support.DefaultListableBeanFactory@5ff60a8c: defining beans [org.springframework.context.annotation.internalConfigurationAnnotationProcessor,org.springframework.context.annotation.internalAutowiredAnnotationProcessor,org.springframework.context.annotation.internalRequiredAnnotationProcessor,org.springframework.context.annotation.internalCommonAnnotationProcessor,org.springframework.context.annotation.internalPersistenceAnnotationProcessor,org.springframework.context.event.internalEventListenerProcessor,org.springframework.context.event.internalEventListenerFactory,hibernateConfig,cartLineDAO,categoryDAO,productDAO,supplierDAO,userDAO,product]; root of factory hierarchy
21:22:33.553 [main] DEBUG org.springframework.beans.factory.support.DefaultListableBeanFactory - Creating shared instance of singleton bean &apos;org.springframework.context.annotation.internalConfigurationAnnotationProcessor&apos;
21:22:33.553 [main] DEBUG org.springframework.beans.factory.support.DefaultListableBeanFactory - Creating instance of bean &apos;org.springframework.context.annotation.internalConfigurationAnnotationProcessor&apos;
21:22:33.553 [main] DEBUG org.springframework.beans.factory.support.DefaultListableBeanFactory - Eagerly caching bean &apos;org.springframework.context.annotation.internalConfigurationAnnotationProcessor&apos; to allow for resolving potential circular references
21:22:33.553 [main] DEBUG org.springframework.beans.factory.support.DefaultListableBeanFactory - Finished creating instance of bean &apos;org.springframework.context.annotation.internalConfigurationAnnotationProcessor&apos;
21:22:33.569 [main] DEBUG org.springframework.core.io.support.PathMatchingResourcePatternResolver - Resolved classpath location [com/shoppingbackend/model/] to resources [URL [file:/C:/Users/bhano/virtual-Tranning/shoppingbackend/target/classes/com/shoppingbackend/model/]]
21:22:33.569 [main] DEBUG org.springframework.core.io.support.PathMatchingResourcePatternResolver - Looking for matching resources in directory tree [C:\Users\bhano\virtual-Tranning\shoppingbackend\target\classes\com\shoppingbackend\model]
21:22:33.569 [main] DEBUG org.springframework.core.io.support.PathMatchingResourcePatternResolver - Searching directory [C:\Users\bhano\virtual-Tranning\shoppingbackend\target\classes\com\shoppingbackend\model] for files matching pattern [C:/Users/bhano/virtual-Tranning/shoppingbackend/target/classes/com/shoppingbackend/model/**/*.class]
21:22:33.569 [main] DEBUG org.springframework.core.io.support.PathMatchingResourcePatternResolver - Resolved location pattern [classpath*:com/shoppingbackend/model/**/*.class] to resources [file [C:\Users\bhano\virtual-Tranning\shoppingbackend\target\classes\com\shoppingbackend\model\Address.class], file [C:\Users\bhano\virtual-Tranning\shoppingbackend\target\classes\com\shoppingbackend\model\Cart.class], file [C:\Users\bhano\virtual-Tranning\shoppingbackend\target\classes\com\shoppingbackend\model\CartLine.class], file [C:\Users\bhano\virtual-Tranning\shoppingbackend\target\classes\com\shoppingbackend\model\Category.class], file [C:\Users\bhano\virtual-Tranning\shoppingbackend\target\classes\com\shoppingbackend\model\OrderDetail.class], file [C:\Users\bhano\virtual-Tranning\shoppingbackend\target\classes\com\shoppingbackend\model\OrderItem.class], file [C:\Users\bhano\virtual-Tranning\shoppingbackend\target\classes\com\shoppingbackend\model\Product.class], file [C:\Users\bhano\virtual-Tranning\shoppingbackend\target\classes\com\shoppingbackend\model\Supplier.class], file [C:\Users\bhano\virtual-Tranning\shoppingbackend\target\classes\com\shoppingbackend\model\User.class]]
21:22:33.569 [main] DEBUG org.springframework.context.annotation.ClassPathBeanDefinitionScanner - Identified candidate component class: file [C:\Users\bhano\virtual-Tranning\shoppingbackend\target\classes\com\shoppingbackend\model\Product.class]
21:22:33.741 [main] DEBUG org.springframework.context.annotation.ConfigurationClassBeanDefinitionReader - Registered bean definition for imported class &apos;org.springframework.transaction.annotation.ProxyTransactionManagementConfiguration&apos;
21:22:33.741 [main] DEBUG org.springframework.context.annotation.ConfigurationClassBeanDefinitionReader - Registering bean definition for @Bean method org.springframework.transaction.annotation.ProxyTransactionManagementConfiguration.org.springframework.transaction.config.internalTransactionAdvisor()
21:22:33.741 [main] DEBUG org.springframework.context.annotation.ConfigurationClassBeanDefinitionReader - Registering bean definition for @Bean method org.springframework.transaction.annotation.ProxyTransactionManagementConfiguration.transactionAttributeSource()
21:22:33.741 [main] DEBUG org.springframework.context.annotation.ConfigurationClassBeanDefinitionReader - Registering bean definition for @Bean method org.springframework.transaction.annotation.ProxyTransactionManagementConfiguration.transactionInterceptor()
21:22:33.741 [main] DEBUG org.springframework.context.annotation.ConfigurationClassBeanDefinitionReader - Registering bean definition for @Bean method org.springframework.transaction.annotation.ProxyTransactionManagementConfiguration.org.springframework.transaction.config.internalTransactionalEventListenerFactory()
21:22:33.741 [main] DEBUG org.springframework.context.annotation.ConfigurationClassBeanDefinitionReader - Registering bean definition for @Bean method com.shoppingbackend.config.HibernateConfig.dataSource()
21:22:33.741 [main] DEBUG org.springframework.context.annotation.ConfigurationClassBeanDefinitionReader - Registering bean definition for @Bean method com.shoppingbackend.config.HibernateConfig.getSessionFactory()
21:22:33.741 [main] DEBUG org.springframework.context.annotation.ConfigurationClassBeanDefinitionReader - Registering bean definition for @Bean method com.shoppingbackend.config.HibernateConfig.getTransactionManager()
21:22:33.757 [main] DEBUG org.springframework.context.annotation.ConfigurationClassEnhancer - Successfully enhanced com.shoppingbackend.config.HibernateConfig; enhanced class name is: com.shoppingbackend.config.HibernateConfig$$EnhancerBySpringCGLIB$$7bf358ee
21:22:33.757 [main] DEBUG org.springframework.context.annotation.ConfigurationClassPostProcessor - Replacing bean definition &apos;hibernateConfig&apos; existing class &apos;com.shoppingbackend.config.HibernateConfig&apos; with enhanced class &apos;com.shoppingbackend.config.HibernateConfig$$EnhancerBySpringCGLIB$$7bf358ee&apos;
21:22:33.757 [main] DEBUG org.springframework.context.annotation.ConfigurationClassEnhancer - Successfully enhanced org.springframework.transaction.annotation.ProxyTransactionManagementConfiguration; enhanced class name is: org.springframework.transaction.annotation.ProxyTransactionManagementConfiguration$$EnhancerBySpringCGLIB$$c4398932
21:22:33.757 [main] DEBUG org.springframework.context.annotation.ConfigurationClassPostProcessor - Replacing bean definition &apos;org.springframework.transaction.annotation.ProxyTransactionManagementConfiguration&apos; existing class &apos;org.springframework.transaction.annotation.ProxyTransactionManagementConfiguration&apos; with enhanced class &apos;org.springframework.transaction.annotation.ProxyTransactionManagementConfiguration$$EnhancerBySpringCGLIB$$c4398932&apos;
21:22:33.772 [main] DEBUG org.springframework.beans.factory.support.DefaultListableBeanFactory - Creating shared instance of singleton bean &apos;org.springframework.context.annotation.internalAutowiredAnnotationProcessor&apos;
21:22:33.772 [main] DEBUG org.springframework.beans.factory.support.DefaultListableBeanFactory - Creating instance of bean &apos;org.springframework.context.annotation.internalAutowiredAnnotationProcessor&apos;
21:22:33.772 [main] DEBUG org.springframework.beans.factory.support.DefaultListableBeanFactory - Eagerly caching bean &apos;org.springframework.context.annotation.internalAutowiredAnnotationProcessor&apos; to allow for resolving potential circular references
21:22:33.772 [main] DEBUG org.springframework.beans.factory.support.DefaultListableBeanFactory - Finished creating instance of bean &apos;org.springframework.context.annotation.internalAutowiredAnnotationProcessor&apos;
21:22:33.772 [main] DEBUG org.springframework.beans.factory.support.DefaultListableBeanFactory - Creating shared instance of singleton bean &apos;org.springframework.context.annotation.internalRequiredAnnotationProcessor&apos;
21:22:33.772 [main] DEBUG org.springframework.beans.factory.support.DefaultListableBeanFactory - Creating instance of bean &apos;org.springframework.context.annotation.internalRequiredAnnotationProcessor&apos;
21:22:33.772 [main] DEBUG org.springframework.beans.factory.support.DefaultListableBeanFactory - Eagerly caching bean &apos;org.springframework.context.annotation.internalRequiredAnnotationProcessor&apos; to allow for resolving potential circular references
21:22:33.772 [main] DEBUG org.springframework.beans.factory.support.DefaultListableBeanFactory - Finished creating instance of bean &apos;org.springframework.context.annotation.internalRequiredAnnotationProcessor&apos;
21:22:33.788 [main] DEBUG org.springframework.beans.factory.support.DefaultListableBeanFactory - Creating shared instance of singleton bean &apos;org.springframework.context.annotation.internalCommonAnnotationProcessor&apos;
21:22:33.788 [main] DEBUG org.springframework.beans.factory.support.DefaultListableBeanFactory - Creating instance of bean &apos;org.springframework.context.annotation.internalCommonAnnotationProcessor&apos;
21:22:33.788 [main] DEBUG org.springframework.beans.factory.support.DefaultListableBeanFactory - Eagerly caching bean &apos;org.springframework.context.annotation.internalCommonAnnotationProcessor&apos; to allow for resolving potential circular references
21:22:33.788 [main] DEBUG org.springframework.beans.factory.support.DefaultListableBeanFactory - Finished creating instance of bean &apos;org.springframework.context.annotation.internalCommonAnnotationProcessor&apos;
21:22:33.788 [main] DEBUG org.springframework.beans.factory.support.DefaultListableBeanFactory - Creating shared instance of singleton bean &apos;org.springframework.context.annotation.internalPersistenceAnnotationProcessor&apos;
21:22:33.788 [main] DEBUG org.springframework.beans.factory.support.DefaultListableBeanFactory - Creating instance of bean &apos;org.springframework.context.annotation.internalPersistenceAnnotationProcessor&apos;
21:22:33.788 [main] DEBUG org.springframework.beans.factory.support.DefaultListableBeanFactory - Eagerly caching bean &apos;org.springframework.context.annotation.internalPersistenceAnnotationProcessor&apos; to allow for resolving potential circular references
21:22:33.804 [main] DEBUG org.springframework.beans.factory.support.DefaultListableBeanFactory - Finished creating instance of bean &apos;org.springframework.context.annotation.internalPersistenceAnnotationProcessor&apos;
21:22:33.804 [main] DEBUG org.springframework.beans.factory.support.DefaultListableBeanFactory - Creating shared instance of singleton bean &apos;org.springframework.aop.config.internalAutoProxyCreator&apos;
21:22:33.804 [main] DEBUG org.springframework.beans.factory.support.DefaultListableBeanFactory - Creating instance of bean &apos;org.springframework.aop.config.internalAutoProxyCreator&apos;
21:22:33.804 [main] DEBUG org.springframework.beans.factory.support.DefaultListableBeanFactory - Eagerly caching bean &apos;org.springframework.aop.config.internalAutoProxyCreator&apos; to allow for resolving potential circular references
21:22:33.850 [main] DEBUG org.springframework.beans.factory.support.DefaultListableBeanFactory - Finished creating instance of bean &apos;org.springframework.aop.config.internalAutoProxyCreator&apos;
21:22:33.850 [main] DEBUG org.springframework.context.annotation.AnnotationConfigApplicationContext - Unable to locate MessageSource with name &apos;messageSource&apos;: using default [org.springframework.context.support.DelegatingMessageSource@1bd0b0e5]
21:22:33.850 [main] DEBUG org.springframework.context.annotation.AnnotationConfigApplicationContext - Unable to locate ApplicationEventMulticaster with name &apos;applicationEventMulticaster&apos;: using default [org.springframework.context.event.SimpleApplicationEventMulticaster@dc7b462]
21:22:33.866 [main] DEBUG org.springframework.beans.factory.support.DefaultListableBeanFactory - Pre-instantiating singletons in org.springframework.beans.factory.support.DefaultListableBeanFactory@5ff60a8c: defining beans [org.springframework.context.annotation.internalConfigurationAnnotationProcessor,org.springframework.context.annotation.internalAutowiredAnnotationProcessor,org.springframework.context.annotation.internalRequiredAnnotationProcessor,org.springframework.context.annotation.internalCommonAnnotationProcessor,org.springframework.context.annotation.internalPersistenceAnnotationProcessor,org.springframework.context.event.internalEventListenerProcessor,org.springframework.context.event.internalEventListenerFactory,hibernateConfig,cartLineDAO,categoryDAO,productDAO,supplierDAO,userDAO,product,org.springframework.transaction.annotation.ProxyTransactionManagementConfiguration,org.springframework.transaction.config.internalTransactionAdvisor,transactionAttributeSource,transactionInterceptor,org.springframework.transaction.config.internalTransactionalEventListenerFactory,dataSource,getSessionFactory,getTransactionManager,org.springframework.aop.config.internalAutoProxyCreator]; root of factory hierarchy
21:22:33.866 [main] DEBUG org.springframework.beans.factory.support.DefaultListableBeanFactory - Returning cached instance of singleton bean &apos;org.springframework.context.annotation.internalConfigurationAnnotationProcessor&apos;
21:22:33.866 [main] DEBUG org.springframework.beans.factory.support.DefaultListableBeanFactory - Returning cached instance of singleton bean &apos;org.springframework.context.annotation.internalAutowiredAnnotationProcessor&apos;
21:22:33.866 [main] DEBUG org.springframework.beans.factory.support.DefaultListableBeanFactory - Returning cached instance of singleton bean &apos;org.springframework.context.annotation.internalRequiredAnnotationProcessor&apos;
21:22:33.866 [main] DEBUG org.springframework.beans.factory.support.DefaultListableBeanFactory - Returning cached instance of singleton bean &apos;org.springframework.context.annotation.internalCommonAnnotationProcessor&apos;
21:22:33.866 [main] DEBUG org.springframework.beans.factory.support.DefaultListableBeanFactory - Returning cached instance of singleton bean &apos;org.springframework.context.annotation.internalPersistenceAnnotationProcessor&apos;
21:22:33.866 [main] DEBUG org.springframework.beans.factory.support.DefaultListableBeanFactory - Creating shared instance of singleton bean &apos;org.springframework.context.event.internalEventListenerProcessor&apos;
21:22:33.866 [main] DEBUG org.springframework.beans.factory.support.DefaultListableBeanFactory - Creating instance of bean &apos;org.springframework.context.event.internalEventListenerProcessor&apos;
21:22:33.866 [main] DEBUG org.springframework.beans.factory.support.DefaultListableBeanFactory - Eagerly caching bean &apos;org.springframework.context.event.internalEventListenerProcessor&apos; to allow for resolving potential circular references
21:22:33.866 [main] DEBUG org.springframework.beans.factory.support.DefaultListableBeanFactory - Creating shared instance of singleton bean &apos;org.springframework.transaction.config.internalTransactionAdvisor&apos;
21:22:33.866 [main] DEBUG org.springframework.beans.factory.support.DefaultListableBeanFactory - Creating instance of bean &apos;org.springframework.transaction.config.internalTransactionAdvisor&apos;
21:22:33.866 [main] DEBUG org.springframework.beans.factory.support.DefaultListableBeanFactory - Creating shared instance of singleton bean &apos;org.springframework.transaction.annotation.ProxyTransactionManagementConfiguration&apos;
21:22:33.866 [main] DEBUG org.springframework.beans.factory.support.DefaultListableBeanFactory - Creating instance of bean &apos;org.springframework.transaction.annotation.ProxyTransactionManagementConfiguration&apos;
21:22:33.913 [main] DEBUG org.springframework.beans.factory.annotation.InjectionMetadata - Registered injected element on class [org.springframework.transaction.annotation.ProxyTransactionManagementConfiguration$$EnhancerBySpringCGLIB$$c4398932]: AutowiredMethodElement for void org.springframework.transaction.annotation.AbstractTransactionManagementConfiguration.setConfigurers(java.util.Collection)
21:22:33.913 [main] DEBUG org.springframework.beans.factory.support.DefaultListableBeanFactory - Eagerly caching bean &apos;org.springframework.transaction.annotation.ProxyTransactionManagementConfiguration&apos; to allow for resolving potential circular references
21:22:33.913 [main] DEBUG org.springframework.beans.factory.annotation.InjectionMetadata - Processing injected element of bean &apos;org.springframework.transaction.annotation.ProxyTransactionManagementConfiguration&apos;: AutowiredMethodElement for void org.springframework.transaction.annotation.AbstractTransactionManagementConfiguration.setConfigurers(java.util.Collection)
21:22:33.913 [main] DEBUG org.springframework.beans.factory.support.DefaultListableBeanFactory - Returning cached instance of singleton bean &apos;org.springframework.context.annotation.ConfigurationClassPostProcessor.importRegistry&apos;
21:22:33.913 [main] DEBUG org.springframework.aop.framework.autoproxy.BeanFactoryAdvisorRetrievalHelper - Skipping currently created advisor &apos;org.springframework.transaction.config.internalTransactionAdvisor&apos;
21:22:33.913 [main] DEBUG org.springframework.beans.factory.support.DefaultListableBeanFactory - Finished creating instance of bean &apos;org.springframework.transaction.annotation.ProxyTransactionManagementConfiguration&apos;
21:22:33.913 [main] DEBUG org.springframework.beans.factory.support.DefaultListableBeanFactory - Creating shared instance of singleton bean &apos;transactionAttributeSource&apos;
21:22:33.913 [main] DEBUG org.springframework.beans.factory.support.DefaultListableBeanFactory - Creating instance of bean &apos;transactionAttributeSource&apos;
21:22:33.913 [main] DEBUG org.springframework.beans.factory.support.DefaultListableBeanFactory - Returning cached instance of singleton bean &apos;org.springframework.transaction.annotation.ProxyTransactionManagementConfiguration&apos;
21:22:33.929 [main] DEBUG org.springframework.beans.factory.support.DefaultListableBeanFactory - Eagerly caching bean &apos;transactionAttributeSource&apos; to allow for resolving potential circular references
21:22:33.929 [main] DEBUG org.springframework.aop.framework.autoproxy.BeanFactoryAdvisorRetrievalHelper - Skipping currently created advisor &apos;org.springframework.transaction.config.internalTransactionAdvisor&apos;
21:22:33.929 [main] DEBUG org.springframework.beans.factory.support.DefaultListableBeanFactory - Finished creating instance of bean &apos;transactionAttributeSource&apos;
21:22:33.929 [main] DEBUG org.springframework.beans.factory.support.DefaultListableBeanFactory - Creating shared instance of singleton bean &apos;transactionInterceptor&apos;
21:22:33.929 [main] DEBUG org.springframework.beans.factory.support.DefaultListableBeanFactory - Creating instance of bean &apos;transactionInterceptor&apos;
21:22:33.929 [main] DEBUG org.springframework.beans.factory.support.DefaultListableBeanFactory - Returning cached instance of singleton bean &apos;org.springframework.transaction.annotation.ProxyTransactionManagementConfiguration&apos;
21:22:33.929 [main] DEBUG org.springframework.beans.factory.support.DefaultListableBeanFactory - Returning cached instance of singleton bean &apos;transactionAttributeSource&apos;
21:22:33.929 [main] DEBUG org.springframework.beans.factory.support.DefaultListableBeanFactory - Eagerly caching bean &apos;transactionInterceptor&apos; to allow for resolving potential circular references
21:22:33.929 [main] DEBUG org.springframework.beans.factory.support.DefaultListableBeanFactory - Invoking afterPropertiesSet() on bean with name &apos;transactionInterceptor&apos;
21:22:33.992 [main] DEBUG org.springframework.beans.factory.support.DefaultListableBeanFactory - Finished creating instance of bean &apos;transactionInterceptor&apos;
21:22:33.993 [main] DEBUG org.springframework.beans.factory.support.DefaultListableBeanFactory - Eagerly caching bean &apos;org.springframework.transaction.config.internalTransactionAdvisor&apos; to allow for resolving potential circular references
21:22:33.994 [main] DEBUG org.springframework.beans.factory.support.DefaultListableBeanFactory - Finished creating instance of bean &apos;org.springframework.transaction.config.internalTransactionAdvisor&apos;
21:22:33.994 [main] DEBUG org.springframework.beans.factory.support.DefaultListableBeanFactory - Finished creating instance of bean &apos;org.springframework.context.event.internalEventListenerProcessor&apos;
21:22:33.994 [main] DEBUG org.springframework.beans.factory.support.DefaultListableBeanFactory - Creating shared instance of singleton bean &apos;org.springframework.context.event.internalEventListenerFactory&apos;
21:22:33.994 [main] DEBUG org.springframework.beans.factory.support.DefaultListableBeanFactory - Creating instance of bean &apos;org.springframework.context.event.internalEventListenerFactory&apos;
21:22:33.994 [main] DEBUG org.springframework.beans.factory.support.DefaultListableBeanFactory - Eagerly caching bean &apos;org.springframework.context.event.internalEventListenerFactory&apos; to allow for resolving potential circular references
21:22:33.994 [main] DEBUG org.springframework.beans.factory.support.DefaultListableBeanFactory - Returning cached instance of singleton bean &apos;org.springframework.transaction.config.internalTransactionAdvisor&apos;
21:22:33.994 [main] DEBUG org.springframework.beans.factory.support.DefaultListableBeanFactory - Finished creating instance of bean &apos;org.springframework.context.event.internalEventListenerFactory&apos;
21:22:33.994 [main] DEBUG org.springframework.beans.factory.support.DefaultListableBeanFactory - Creating shared instance of singleton bean &apos;hibernateConfig&apos;
21:22:33.994 [main] DEBUG org.springframework.beans.factory.support.DefaultListableBeanFactory - Creating instance of bean &apos;hibernateConfig&apos;
21:22:33.994 [main] DEBUG org.springframework.beans.factory.support.DefaultListableBeanFactory - Eagerly caching bean &apos;hibernateConfig&apos; to allow for resolving potential circular references
21:22:34.010 [main] DEBUG org.springframework.beans.factory.support.DefaultListableBeanFactory - Returning cached instance of singleton bean &apos;org.springframework.transaction.config.internalTransactionAdvisor&apos;
21:22:34.010 [main] DEBUG org.springframework.beans.factory.support.DefaultListableBeanFactory - Finished creating instance of bean &apos;hibernateConfig&apos;
21:22:34.010 [main] DEBUG org.springframework.beans.factory.support.DefaultListableBeanFactory - Creating shared instance of singleton bean &apos;cartLineDAO&apos;
21:22:34.010 [main] DEBUG org.springframework.beans.factory.support.DefaultListableBeanFactory - Creating instance of bean &apos;cartLineDAO&apos;
21:22:34.010 [main] DEBUG org.springframework.beans.factory.annotation.InjectionMetadata - Registered injected element on class [com.shoppingbackend.dao.daoimpl.CartLineDAOImpl]: AutowiredFieldElement for private org.hibernate.SessionFactory com.shoppingbackend.dao.daoimpl.CartLineDAOImpl.sessionFactory
21:22:34.010 [main] DEBUG org.springframework.beans.factory.support.DefaultListableBeanFactory - Eagerly caching bean &apos;cartLineDAO&apos; to allow for resolving potential circular references
21:22:34.010 [main] DEBUG org.springframework.beans.factory.annotation.InjectionMetadata - Processing injected element of bean &apos;cartLineDAO&apos;: AutowiredFieldElement for private org.hibernate.SessionFactory com.shoppingbackend.dao.daoimpl.CartLineDAOImpl.sessionFactory
21:22:34.010 [main] DEBUG org.springframework.beans.factory.support.DefaultListableBeanFactory - Creating shared instance of singleton bean &apos;getSessionFactory&apos;
21:22:34.010 [main] DEBUG org.springframework.beans.factory.support.DefaultListableBeanFactory - Creating instance of bean &apos;getSessionFactory&apos;
21:22:34.010 [main] DEBUG org.springframework.beans.factory.support.DefaultListableBeanFactory - Returning cached instance of singleton bean &apos;hibernateConfig&apos;
21:22:34.010 [main] DEBUG org.springframework.beans.factory.support.DefaultListableBeanFactory - Creating shared instance of singleton bean &apos;dataSource&apos;
21:22:34.010 [main] DEBUG org.springframework.beans.factory.support.DefaultListableBeanFactory - Creating instance of bean &apos;dataSource&apos;
21:22:34.026 [main] DEBUG org.springframework.beans.factory.support.DefaultListableBeanFactory - Returning cached instance of singleton bean &apos;hibernateConfig&apos;
21:22:34.026 [main] DEBUG org.springframework.beans.factory.support.DefaultListableBeanFactory - Eagerly caching bean &apos;dataSource&apos; to allow for resolving potential circular references
21:22:34.026 [main] DEBUG org.springframework.beans.factory.support.DefaultListableBeanFactory - Returning cached instance of singleton bean &apos;org.springframework.transaction.config.internalTransactionAdvisor&apos;
21:22:34.026 [main] DEBUG org.springframework.beans.factory.support.DefaultListableBeanFactory - Finished creating instance of bean &apos;dataSource&apos;
21:22:34.026 [main] DEBUG org.springframework.beans.factory.support.DefaultListableBeanFactory - Autowiring by type from bean name &apos;getSessionFactory&apos; via factory method to bean named &apos;dataSource&apos;
21:22:34.041 [main] DEBUG org.hibernate.integrator.internal.IntegratorServiceImpl - Adding Integrator [org.hibernate.cfg.beanvalidation.BeanValidationIntegrator].
21:22:34.041 [main] DEBUG org.hibernate.integrator.internal.IntegratorServiceImpl - Adding Integrator [org.hibernate.secure.spi.JaccIntegrator].
21:22:34.041 [main] DEBUG org.hibernate.integrator.internal.IntegratorServiceImpl - Adding Integrator [org.hibernate.cache.internal.CollectionCacheInvalidator].
21:22:34.104 [main] DEBUG org.springframework.core.io.support.PathMatchingResourcePatternResolver - Resolved classpath location [com/shoppingbackend/model/] to resources [URL [file:/C:/Users/bhano/virtual-Tranning/shoppingbackend/target/classes/com/shoppingbackend/model/]]
21:22:34.104 [main] DEBUG org.springframework.core.io.support.PathMatchingResourcePatternResolver - Looking for matching resources in directory tree [C:\Users\bhano\virtual-Tranning\shoppingbackend\target\classes\com\shoppingbackend\model]
21:22:34.104 [main] DEBUG org.springframework.core.io.support.PathMatchingResourcePatternResolver - Searching directory [C:\Users\bhano\virtual-Tranning\shoppingbackend\target\classes\com\shoppingbackend\model] for files matching pattern [C:/Users/bhano/virtual-Tranning/shoppingbackend/target/classes/com/shoppingbackend/model/**/*.class]
21:22:34.119 [main] DEBUG org.springframework.core.io.support.PathMatchingResourcePatternResolver - Resolved location pattern [classpath*:com/shoppingbackend/model/**/*.class] to resources [file [C:\Users\bhano\virtual-Tranning\shoppingbackend\target\classes\com\shoppingbackend\model\Address.class], file [C:\Users\bhano\virtual-Tranning\shoppingbackend\target\classes\com\shoppingbackend\model\Cart.class], file [C:\Users\bhano\virtual-Tranning\shoppingbackend\target\classes\com\shoppingbackend\model\CartLine.class], file [C:\Users\bhano\virtual-Tranning\shoppingbackend\target\classes\com\shoppingbackend\model\Category.class], file [C:\Users\bhano\virtual-Tranning\shoppingbackend\target\classes\com\shoppingbackend\model\OrderDetail.class], file [C:\Users\bhano\virtual-Tranning\shoppingbackend\target\classes\com\shoppingbackend\model\OrderItem.class], file [C:\Users\bhano\virtual-Tranning\shoppingbackend\target\classes\com\shoppingbackend\model\Product.class], file [C:\Users\bhano\virtual-Tranning\shoppingbackend\target\classes\com\shoppingbackend\model\Supplier.class], file [C:\Users\bhano\virtual-Tranning\shoppingbackend\target\classes\com\shoppingbackend\model\User.class]]
21:22:34.119 [main] DEBUG org.hibernate.cfg.Configuration - Building session factory using internal StandardServiceRegistryBuilder
21:22:34.119 [main] DEBUG org.hibernate.service.spi.ServiceBinding - Overriding existing service binding [org.hibernate.secure.spi.JaccService]
21:22:34.135 [main] DEBUG org.hibernate.cfg.Configuration - Building session factory using provided StandardServiceRegistry
21:22:34.135 [main] DEBUG org.hibernate.cache.internal.RegionFactoryInitiator - Cache region factory : org.hibernate.cache.internal.NoCachingRegionFactory
21:22:34.135 [main] DEBUG org.hibernate.type.BasicTypeRegistry - Adding type registration boolean -&gt; org.hibernate.type.BooleanType@60db1c0e
21:22:34.135 [main] DEBUG org.hibernate.type.BasicTypeRegistry - Adding type registration boolean -&gt; org.hibernate.type.BooleanType@60db1c0e
21:22:34.135 [main] DEBUG org.hibernate.type.BasicTypeRegistry - Adding type registration java.lang.Boolean -&gt; org.hibernate.type.BooleanType@60db1c0e
21:22:34.135 [main] DEBUG org.hibernate.type.BasicTypeRegistry - Adding type registration numeric_boolean -&gt; org.hibernate.type.NumericBooleanType@2438dcd
21:22:34.135 [main] DEBUG org.hibernate.type.BasicTypeRegistry - Adding type registration true_false -&gt; org.hibernate.type.TrueFalseType@e3b3b2f
21:22:34.135 [main] DEBUG org.hibernate.type.BasicTypeRegistry - Adding type registration yes_no -&gt; org.hibernate.type.YesNoType@7f2cfe3f
21:22:34.135 [main] DEBUG org.hibernate.type.BasicTypeRegistry - Adding type registration byte -&gt; org.hibernate.type.ByteType@45efd90f
21:22:34.135 [main] DEBUG org.hibernate.type.BasicTypeRegistry - Adding type registration byte -&gt; org.hibernate.type.ByteType@45efd90f
21:22:34.135 [main] DEBUG org.hibernate.type.BasicTypeRegistry - Adding type registration java.lang.Byte -&gt; org.hibernate.type.ByteType@45efd90f
21:22:34.135 [main] DEBUG org.hibernate.type.BasicTypeRegistry - Adding type registration character -&gt; org.hibernate.type.CharacterType@4a07d605
21:22:34.135 [main] DEBUG org.hibernate.type.BasicTypeRegistry - Adding type registration char -&gt; org.hibernate.type.CharacterType@4a07d605
21:22:34.135 [main] DEBUG org.hibernate.type.BasicTypeRegistry - Adding type registration java.lang.Character -&gt; org.hibernate.type.CharacterType@4a07d605
21:22:34.135 [main] DEBUG org.hibernate.type.BasicTypeRegistry - Adding type registration short -&gt; org.hibernate.type.ShortType@68878f6d
21:22:34.135 [main] DEBUG org.hibernate.type.BasicTypeRegistry - Adding type registration short -&gt; org.hibernate.type.ShortType@68878f6d
21:22:34.135 [main] DEBUG org.hibernate.type.BasicTypeRegistry - Adding type registration java.lang.Short -&gt; org.hibernate.type.ShortType@68878f6d
21:22:34.135 [main] DEBUG org.hibernate.type.BasicTypeRegistry - Adding type registration integer -&gt; org.hibernate.type.IntegerType@7fd7a283
21:22:34.135 [main] DEBUG org.hibernate.type.BasicTypeRegistry - Adding type registration int -&gt; org.hibernate.type.IntegerType@7fd7a283
21:22:34.135 [main] DEBUG org.hibernate.type.BasicTypeRegistry - Adding type registration java.lang.Integer -&gt; org.hibernate.type.IntegerType@7fd7a283
21:22:34.135 [main] DEBUG org.hibernate.type.BasicTypeRegistry - Adding type registration long -&gt; org.hibernate.type.LongType@18317edc
21:22:34.135 [main] DEBUG org.hibernate.type.BasicTypeRegistry - Adding type registration long -&gt; org.hibernate.type.LongType@18317edc
21:22:34.135 [main] DEBUG org.hibernate.type.BasicTypeRegistry - Adding type registration java.lang.Long -&gt; org.hibernate.type.LongType@18317edc
21:22:34.135 [main] DEBUG org.hibernate.type.BasicTypeRegistry - Adding type registration float -&gt; org.hibernate.type.FloatType@376a0d86
21:22:34.135 [main] DEBUG org.hibernate.type.BasicTypeRegistry - Adding type registration float -&gt; org.hibernate.type.FloatType@376a0d86
21:22:34.135 [main] DEBUG org.hibernate.type.BasicTypeRegistry - Adding type registration java.lang.Float -&gt; org.hibernate.type.FloatType@376a0d86
21:22:34.151 [main] DEBUG org.hibernate.type.BasicTypeRegistry - Adding type registration double -&gt; org.hibernate.type.DoubleType@6c7a164b
21:22:34.151 [main] DEBUG org.hibernate.type.BasicTypeRegistry - Adding type registration double -&gt; org.hibernate.type.DoubleType@6c7a164b
21:22:34.151 [main] DEBUG org.hibernate.type.BasicTypeRegistry - Adding type registration java.lang.Double -&gt; org.hibernate.type.DoubleType@6c7a164b
21:22:34.151 [main] DEBUG org.hibernate.type.BasicTypeRegistry - Adding type registration big_decimal -&gt; org.hibernate.type.BigDecimalType@47c81abf
21:22:34.151 [main] DEBUG org.hibernate.type.BasicTypeRegistry - Adding type registration java.math.BigDecimal -&gt; org.hibernate.type.BigDecimalType@47c81abf
21:22:34.151 [main] DEBUG org.hibernate.type.BasicTypeRegistry - Adding type registration big_integer -&gt; org.hibernate.type.BigIntegerType@3cce57c7
21:22:34.151 [main] DEBUG org.hibernate.type.BasicTypeRegistry - Adding type registration java.math.BigInteger -&gt; org.hibernate.type.BigIntegerType@3cce57c7
21:22:34.151 [main] DEBUG org.hibernate.type.BasicTypeRegistry - Adding type registration string -&gt; org.hibernate.type.StringType@3576ddc2
21:22:34.151 [main] DEBUG org.hibernate.type.BasicTypeRegistry - Adding type registration java.lang.String -&gt; org.hibernate.type.StringType@3576ddc2
21:22:34.151 [main] DEBUG org.hibernate.type.BasicTypeRegistry - Adding type registration nstring -&gt; org.hibernate.type.StringNVarcharType@747f281
21:22:34.151 [main] DEBUG org.hibernate.type.BasicTypeRegistry - Adding type registration ncharacter -&gt; org.hibernate.type.CharacterNCharType@2ca923bb
21:22:34.151 [main] DEBUG org.hibernate.type.BasicTypeRegistry - Adding type registration url -&gt; org.hibernate.type.UrlType@7de62196
21:22:34.151 [main] DEBUG org.hibernate.type.BasicTypeRegistry - Adding type registration java.net.URL -&gt; org.hibernate.type.UrlType@7de62196
21:22:34.151 [main] DEBUG org.hibernate.type.BasicTypeRegistry - Adding type registration Duration -&gt; org.hibernate.type.DurationType@389b0789
21:22:34.151 [main] DEBUG org.hibernate.type.BasicTypeRegistry - Adding type registration java.time.Duration -&gt; org.hibernate.type.DurationType@389b0789
21:22:34.151 [main] DEBUG org.hibernate.type.BasicTypeRegistry - Adding type registration Instant -&gt; org.hibernate.type.InstantType@2dc9b0f5
21:22:34.151 [main] DEBUG org.hibernate.type.BasicTypeRegistry - Adding type registration java.time.Instant -&gt; org.hibernate.type.InstantType@2dc9b0f5
21:22:34.151 [main] DEBUG org.hibernate.type.BasicTypeRegistry - Adding type registration LocalDateTime -&gt; org.hibernate.type.LocalDateTimeType@56dc1551
21:22:34.151 [main] DEBUG org.hibernate.type.BasicTypeRegistry - Adding type registration java.time.LocalDateTime -&gt; org.hibernate.type.LocalDateTimeType@56dc1551
21:22:34.151 [main] DEBUG org.hibernate.type.BasicTypeRegistry - Adding type registration LocalDate -&gt; org.hibernate.type.LocalDateType@4bbf6d0e
21:22:34.151 [main] DEBUG org.hibernate.type.BasicTypeRegistry - Adding type registration java.time.LocalDate -&gt; org.hibernate.type.LocalDateType@4bbf6d0e
21:22:34.151 [main] DEBUG org.hibernate.type.BasicTypeRegistry - Adding type registration LocalTime -&gt; org.hibernate.type.LocalTimeType@93081b6
21:22:34.151 [main] DEBUG org.hibernate.type.BasicTypeRegistry - Adding type registration java.time.LocalTime -&gt; org.hibernate.type.LocalTimeType@93081b6
21:22:34.151 [main] DEBUG org.hibernate.type.BasicTypeRegistry - Adding type registration OffsetDateTime -&gt; org.hibernate.type.OffsetDateTimeType@16c069df
21:22:34.151 [main] DEBUG org.hibernate.type.BasicTypeRegistry - Adding type registration java.time.OffsetDateTime -&gt; org.hibernate.type.OffsetDateTimeType@16c069df
21:22:34.151 [main] DEBUG org.hibernate.type.BasicTypeRegistry - Adding type registration OffsetTime -&gt; org.hibernate.type.OffsetTimeType@7c3fdb62
21:22:34.151 [main] DEBUG org.hibernate.type.BasicTypeRegistry - Adding type registration java.time.OffsetTime -&gt; org.hibernate.type.OffsetTimeType@7c3fdb62
21:22:34.151 [main] DEBUG org.hibernate.type.BasicTypeRegistry - Adding type registration ZonedDateTime -&gt; org.hibernate.type.ZonedDateTimeType@72ade7e3
21:22:34.151 [main] DEBUG org.hibernate.type.BasicTypeRegistry - Adding type registration java.time.ZonedDateTime -&gt; org.hibernate.type.ZonedDateTimeType@72ade7e3
21:22:34.151 [main] DEBUG org.hibernate.type.BasicTypeRegistry - Adding type registration date -&gt; org.hibernate.type.DateType@23202fce
21:22:34.151 [main] DEBUG org.hibernate.type.BasicTypeRegistry - Adding type registration java.sql.Date -&gt; org.hibernate.type.DateType@23202fce
21:22:34.151 [main] DEBUG org.hibernate.type.BasicTypeRegistry - Adding type registration time -&gt; org.hibernate.type.TimeType@7f284218
21:22:34.151 [main] DEBUG org.hibernate.type.BasicTypeRegistry - Adding type registration java.sql.Time -&gt; org.hibernate.type.TimeType@7f284218
21:22:34.151 [main] DEBUG org.hibernate.type.BasicTypeRegistry - Adding type registration timestamp -&gt; org.hibernate.type.TimestampType@2cb2fc20
21:22:34.151 [main] DEBUG org.hibernate.type.BasicTypeRegistry - Adding type registration java.sql.Timestamp -&gt; org.hibernate.type.TimestampType@2cb2fc20
21:22:34.151 [main] DEBUG org.hibernate.type.BasicTypeRegistry - Adding type registration java.util.Date -&gt; org.hibernate.type.TimestampType@2cb2fc20
21:22:34.166 [main] DEBUG org.hibernate.type.BasicTypeRegistry - Adding type registration dbtimestamp -&gt; org.hibernate.type.DbTimestampType@5f0fd5a0
21:22:34.182 [main] DEBUG org.hibernate.type.BasicTypeRegistry - Adding type registration calendar -&gt; org.hibernate.type.CalendarType@3116c353
21:22:34.182 [main] DEBUG org.hibernate.type.BasicTypeRegistry - Adding type registration java.util.Calendar -&gt; org.hibernate.type.CalendarType@3116c353
21:22:34.182 [main] DEBUG org.hibernate.type.BasicTypeRegistry - Adding type registration java.util.GregorianCalendar -&gt; org.hibernate.type.CalendarType@3116c353
21:22:34.182 [main] DEBUG org.hibernate.type.BasicTypeRegistry - Adding type registration calendar_date -&gt; org.hibernate.type.CalendarDateType@352ff4da
21:22:34.182 [main] DEBUG org.hibernate.type.BasicTypeRegistry - Adding type registration locale -&gt; org.hibernate.type.LocaleType@295cf707
21:22:34.182 [main] DEBUG org.hibernate.type.BasicTypeRegistry - Adding type registration java.util.Locale -&gt; org.hibernate.type.LocaleType@295cf707
21:22:34.182 [main] DEBUG org.hibernate.type.BasicTypeRegistry - Adding type registration currency -&gt; org.hibernate.type.CurrencyType@1b266842
21:22:34.182 [main] DEBUG org.hibernate.type.BasicTypeRegistry - Adding type registration java.util.Currency -&gt; org.hibernate.type.CurrencyType@1b266842
21:22:34.182 [main] DEBUG org.hibernate.type.BasicTypeRegistry - Adding type registration timezone -&gt; org.hibernate.type.TimeZoneType@bb9e6dc
21:22:34.182 [main] DEBUG org.hibernate.type.BasicTypeRegistry - Adding type registration java.util.TimeZone -&gt; org.hibernate.type.TimeZoneType@bb9e6dc
21:22:34.182 [main] DEBUG org.hibernate.type.BasicTypeRegistry - Adding type registration class -&gt; org.hibernate.type.ClassType@39d76cb5
21:22:34.182 [main] DEBUG org.hibernate.type.BasicTypeRegistry - Adding type registration java.lang.Class -&gt; org.hibernate.type.ClassType@39d76cb5
21:22:34.182 [main] DEBUG org.hibernate.type.BasicTypeRegistry - Adding type registration uuid-binary -&gt; org.hibernate.type.UUIDBinaryType@4bd31064
21:22:34.182 [main] DEBUG org.hibernate.type.BasicTypeRegistry - Adding type registration java.util.UUID -&gt; org.hibernate.type.UUIDBinaryType@4bd31064
21:22:34.182 [main] DEBUG org.hibernate.type.BasicTypeRegistry - Adding type registration uuid-char -&gt; org.hibernate.type.UUIDCharType@7354b8c5
21:22:34.182 [main] DEBUG org.hibernate.type.BasicTypeRegistry - Adding type registration binary -&gt; org.hibernate.type.BinaryType@59e2d8e3
21:22:34.182 [main] DEBUG org.hibernate.type.BasicTypeRegistry - Adding type registration byte[] -&gt; org.hibernate.type.BinaryType@59e2d8e3
21:22:34.182 [main] DEBUG org.hibernate.type.BasicTypeRegistry - Adding type registration [B -&gt; org.hibernate.type.BinaryType@59e2d8e3
21:22:34.182 [main] DEBUG org.hibernate.type.BasicTypeRegistry - Adding type registration wrapper-binary -&gt; org.hibernate.type.WrapperBinaryType@2fba3fc4
21:22:34.182 [main] DEBUG org.hibernate.type.BasicTypeRegistry - Adding type registration Byte[] -&gt; org.hibernate.type.WrapperBinaryType@2fba3fc4
21:22:34.182 [main] DEBUG org.hibernate.type.BasicTypeRegistry - Adding type registration [Ljava.lang.Byte; -&gt; org.hibernate.type.WrapperBinaryType@2fba3fc4
21:22:34.182 [main] DEBUG org.hibernate.type.BasicTypeRegistry - Adding type registration row_version -&gt; org.hibernate.type.RowVersionType@1c852c0f
21:22:34.182 [main] DEBUG org.hibernate.type.BasicTypeRegistry - Adding type registration image -&gt; org.hibernate.type.ImageType@24c4ddae
21:22:34.182 [main] DEBUG org.hibernate.type.BasicTypeRegistry - Adding type registration characters -&gt; org.hibernate.type.CharArrayType@6a57ae10
21:22:34.182 [main] DEBUG org.hibernate.type.BasicTypeRegistry - Adding type registration char[] -&gt; org.hibernate.type.CharArrayType@6a57ae10
21:22:34.182 [main] DEBUG org.hibernate.type.BasicTypeRegistry - Adding type registration [C -&gt; org.hibernate.type.CharArrayType@6a57ae10
21:22:34.182 [main] DEBUG org.hibernate.type.BasicTypeRegistry - Adding type registration wrapper-characters -&gt; org.hibernate.type.CharacterArrayType@3b79fd76
21:22:34.182 [main] DEBUG org.hibernate.type.BasicTypeRegistry - Adding type registration [Ljava.lang.Character; -&gt; org.hibernate.type.CharacterArrayType@3b79fd76
21:22:34.182 [main] DEBUG org.hibernate.type.BasicTypeRegistry - Adding type registration Character[] -&gt; org.hibernate.type.CharacterArrayType@3b79fd76
21:22:34.182 [main] DEBUG org.hibernate.type.BasicTypeRegistry - Adding type registration text -&gt; org.hibernate.type.TextType@1863d2fe
21:22:34.182 [main] DEBUG org.hibernate.type.BasicTypeRegistry - Adding type registration ntext -&gt; org.hibernate.type.NTextType@797b0699
21:22:34.182 [main] DEBUG org.hibernate.type.BasicTypeRegistry - Adding type registration blob -&gt; org.hibernate.type.BlobType@6e01f9b0
21:22:34.182 [main] DEBUG org.hibernate.type.BasicTypeRegistry - Adding type registration java.sql.Blob -&gt; org.hibernate.type.BlobType@6e01f9b0
21:22:34.182 [main] DEBUG org.hibernate.type.BasicTypeRegistry - Adding type registration materialized_blob -&gt; org.hibernate.type.MaterializedBlobType@658c5a19
21:22:34.182 [main] DEBUG org.hibernate.type.BasicTypeRegistry - Adding type registration clob -&gt; org.hibernate.type.ClobType@68f1b17f
21:22:34.182 [main] DEBUG org.hibernate.type.BasicTypeRegistry - Adding type registration java.sql.Clob -&gt; org.hibernate.type.ClobType@68f1b17f
21:22:34.182 [main] DEBUG org.hibernate.type.BasicTypeRegistry - Adding type registration nclob -&gt; org.hibernate.type.NClobType@6fa34d52
21:22:34.182 [main] DEBUG org.hibernate.type.BasicTypeRegistry - Adding type registration java.sql.NClob -&gt; org.hibernate.type.NClobType@6fa34d52
21:22:34.182 [main] DEBUG org.hibernate.type.BasicTypeRegistry - Adding type registration materialized_clob -&gt; org.hibernate.type.MaterializedClobType@67b9b51a
21:22:34.197 [main] DEBUG org.hibernate.type.BasicTypeRegistry - Adding type registration materialized_nclob -&gt; org.hibernate.type.MaterializedNClobType@490caf5f
21:22:34.197 [main] DEBUG org.hibernate.type.BasicTypeRegistry - Adding type registration serializable -&gt; org.hibernate.type.SerializableType@934b6cb
21:22:34.197 [main] DEBUG org.hibernate.type.BasicTypeRegistry - Adding type registration object -&gt; org.hibernate.type.ObjectType@5cdec700
21:22:34.197 [main] DEBUG org.hibernate.type.BasicTypeRegistry - Adding type registration java.lang.Object -&gt; org.hibernate.type.ObjectType@5cdec700
21:22:34.197 [main] DEBUG org.hibernate.type.BasicTypeRegistry - Adding type registration imm_date -&gt; org.hibernate.type.AdaptedImmutableType@61e3cf4d
21:22:34.197 [main] DEBUG org.hibernate.type.BasicTypeRegistry - Adding type registration imm_time -&gt; org.hibernate.type.AdaptedImmutableType@3cec79d3
21:22:34.197 [main] DEBUG org.hibernate.type.BasicTypeRegistry - Adding type registration imm_timestamp -&gt; org.hibernate.type.AdaptedImmutableType@64b70919
21:22:34.197 [main] DEBUG org.hibernate.type.BasicTypeRegistry - Adding type registration imm_dbtimestamp -&gt; org.hibernate.type.AdaptedImmutableType@4e31c3ec
21:22:34.197 [main] DEBUG org.hibernate.type.BasicTypeRegistry - Adding type registration imm_calendar -&gt; org.hibernate.type.AdaptedImmutableType@3157e4c0
21:22:34.197 [main] DEBUG org.hibernate.type.BasicTypeRegistry - Adding type registration imm_calendar_date -&gt; org.hibernate.type.AdaptedImmutableType@6eaa21d8
21:22:34.197 [main] DEBUG org.hibernate.type.BasicTypeRegistry - Adding type registration imm_binary -&gt; org.hibernate.type.AdaptedImmutableType@328902d5
21:22:34.197 [main] DEBUG org.hibernate.type.BasicTypeRegistry - Adding type registration imm_serializable -&gt; org.hibernate.type.AdaptedImmutableType@72e789cb
21:22:34.322 [main] DEBUG org.hibernate.engine.jdbc.env.internal.JdbcEnvironmentInitiator - Database -&gt;
       name : H2
    version : 1.4.196 (2017-06-10)
      major : 1
      minor : 4
21:22:34.322 [main] DEBUG org.hibernate.engine.jdbc.env.internal.JdbcEnvironmentInitiator - Driver -&gt;
       name : H2 JDBC Driver
    version : 1.4.196 (2017-06-10)
      major : 1
      minor : 4
21:22:34.322 [main] DEBUG org.hibernate.engine.jdbc.env.internal.JdbcEnvironmentInitiator - JDBC version : 4.0
21:22:34.322 [main] INFO org.hibernate.dialect.Dialect - HHH000400: Using dialect: org.hibernate.dialect.H2Dialect
21:22:34.338 [main] DEBUG org.hibernate.id.factory.internal.DefaultIdentifierGeneratorFactory - Registering IdentifierGenerator strategy [uuid2] -&gt; [org.hibernate.id.UUIDGenerator]
21:22:34.338 [main] DEBUG org.hibernate.id.factory.internal.DefaultIdentifierGeneratorFactory - Registering IdentifierGenerator strategy [guid] -&gt; [org.hibernate.id.GUIDGenerator]
21:22:34.338 [main] DEBUG org.hibernate.id.factory.internal.DefaultIdentifierGeneratorFactory - Registering IdentifierGenerator strategy [uuid] -&gt; [org.hibernate.id.UUIDHexGenerator]
21:22:34.338 [main] DEBUG org.hibernate.id.factory.internal.DefaultIdentifierGeneratorFactory - Registering IdentifierGenerator strategy [uuid.hex] -&gt; [org.hibernate.id.UUIDHexGenerator]
21:22:34.338 [main] DEBUG org.hibernate.id.factory.internal.DefaultIdentifierGeneratorFactory - Registering IdentifierGenerator strategy [assigned] -&gt; [org.hibernate.id.Assigned]
21:22:34.338 [main] DEBUG org.hibernate.id.factory.internal.DefaultIdentifierGeneratorFactory - Registering IdentifierGenerator strategy [identity] -&gt; [org.hibernate.id.IdentityGenerator]
21:22:34.338 [main] DEBUG org.hibernate.id.factory.internal.DefaultIdentifierGeneratorFactory - Registering IdentifierGenerator strategy [select] -&gt; [org.hibernate.id.SelectGenerator]
21:22:34.338 [main] DEBUG org.hibernate.id.factory.internal.DefaultIdentifierGeneratorFactory - Registering IdentifierGenerator strategy [sequence] -&gt; [org.hibernate.id.enhanced.SequenceStyleGenerator]
21:22:34.338 [main] DEBUG org.hibernate.id.factory.internal.DefaultIdentifierGeneratorFactory - Registering IdentifierGenerator strategy [seqhilo] -&gt; [org.hibernate.id.SequenceHiLoGenerator]
21:22:34.338 [main] DEBUG org.hibernate.id.factory.internal.DefaultIdentifierGeneratorFactory - Registering IdentifierGenerator strategy [increment] -&gt; [org.hibernate.id.IncrementGenerator]
21:22:34.338 [main] DEBUG org.hibernate.id.factory.internal.DefaultIdentifierGeneratorFactory - Registering IdentifierGenerator strategy [foreign] -&gt; [org.hibernate.id.ForeignGenerator]
21:22:34.338 [main] DEBUG org.hibernate.id.factory.internal.DefaultIdentifierGeneratorFactory - Registering IdentifierGenerator strategy [sequence-identity] -&gt; [org.hibernate.id.SequenceIdentityGenerator]
21:22:34.338 [main] DEBUG org.hibernate.id.factory.internal.DefaultIdentifierGeneratorFactory - Registering IdentifierGenerator strategy [enhanced-sequence] -&gt; [org.hibernate.id.enhanced.SequenceStyleGenerator]
21:22:34.338 [main] DEBUG org.hibernate.id.factory.internal.DefaultIdentifierGeneratorFactory - Registering IdentifierGenerator strategy [enhanced-table] -&gt; [org.hibernate.id.enhanced.TableGenerator]
21:22:34.338 [main] DEBUG org.hibernate.boot.model.relational.Namespace - Created database namespace [logicalName=Name{catalog=null, schema=null}, physicalName=Name{catalog=null, schema=null}]
21:22:34.338 [main] DEBUG org.hibernate.cfg.AnnotationBinder - Binding entity from annotated class: com.shoppingbackend.model.Address
21:22:34.338 [main] DEBUG org.hibernate.cfg.Ejb3Column - Binding column: Ejb3DiscriminatorColumn{logicalColumnName&apos;DTYPE&apos;, discriminatorTypeName=&apos;string&apos;}
21:22:34.338 [main] DEBUG org.hibernate.cfg.annotations.EntityBinder - Import with entity name Address
21:22:34.338 [main] DEBUG org.hibernate.cfg.annotations.EntityBinder - Bind entity com.shoppingbackend.model.Address on table Address
21:22:34.354 [main] DEBUG org.hibernate.cfg.Ejb3Column - Binding column: Ejb3Column{table=org.hibernate.mapping.Table(Address), mappingColumn=id, insertable=true, updatable=true, unique=false}
21:22:34.354 [main] DEBUG org.hibernate.cfg.annotations.PropertyBinder - MetadataSourceProcessor property id with lazy=false
21:22:34.354 [main] DEBUG org.hibernate.cfg.AbstractPropertyHolder - Attempting to locate auto-apply AttributeConverter for property [com.shoppingbackend.model.Address:id]
21:22:34.354 [main] DEBUG org.hibernate.cfg.annotations.SimpleValueBinder - building SimpleValue for id
21:22:34.354 [main] DEBUG org.hibernate.cfg.annotations.PropertyBinder - Building property id
21:22:34.354 [main] DEBUG org.hibernate.cfg.Ejb3Column - Binding column: Ejb3Column{table=org.hibernate.mapping.Table(Address), mappingColumn=address_line_one, insertable=true, updatable=true, unique=false}
21:22:34.354 [main] DEBUG org.hibernate.cfg.annotations.PropertyBinder - MetadataSourceProcessor property addressLineOne with lazy=false
21:22:34.354 [main] DEBUG org.hibernate.cfg.AbstractPropertyHolder - Attempting to locate auto-apply AttributeConverter for property [com.shoppingbackend.model.Address:addressLineOne]
21:22:34.354 [main] DEBUG org.hibernate.cfg.annotations.SimpleValueBinder - building SimpleValue for addressLineOne
21:22:34.354 [main] DEBUG org.hibernate.cfg.annotations.PropertyBinder - Building property addressLineOne
21:22:34.354 [main] DEBUG org.hibernate.cfg.Ejb3Column - Binding column: Ejb3Column{table=org.hibernate.mapping.Table(Address), mappingColumn=address_line_two, insertable=true, updatable=true, unique=false}
21:22:34.354 [main] DEBUG org.hibernate.cfg.annotations.PropertyBinder - MetadataSourceProcessor property addressLineTwo with lazy=false
21:22:34.354 [main] DEBUG org.hibernate.cfg.AbstractPropertyHolder - Attempting to locate auto-apply AttributeConverter for property [com.shoppingbackend.model.Address:addressLineTwo]
21:22:34.354 [main] DEBUG org.hibernate.cfg.annotations.SimpleValueBinder - building SimpleValue for addressLineTwo
21:22:34.354 [main] DEBUG org.hibernate.cfg.annotations.PropertyBinder - Building property addressLineTwo
21:22:34.354 [main] DEBUG org.hibernate.cfg.Ejb3Column - Binding column: Ejb3Column{table=org.hibernate.mapping.Table(Address), mappingColumn=is_billing, insertable=true, updatable=true, unique=false}
21:22:34.354 [main] DEBUG org.hibernate.cfg.annotations.PropertyBinder - MetadataSourceProcessor property billing with lazy=false
21:22:34.354 [main] DEBUG org.hibernate.cfg.AbstractPropertyHolder - Attempting to locate auto-apply AttributeConverter for property [com.shoppingbackend.model.Address:billing]
21:22:34.354 [main] DEBUG org.hibernate.cfg.annotations.SimpleValueBinder - building SimpleValue for billing
21:22:34.354 [main] DEBUG org.hibernate.cfg.annotations.PropertyBinder - Building property billing
21:22:34.354 [main] DEBUG org.hibernate.cfg.Ejb3Column - Binding column: Ejb3Column{table=org.hibernate.mapping.Table(Address), mappingColumn=city, insertable=true, updatable=true, unique=false}
21:22:34.354 [main] DEBUG org.hibernate.cfg.annotations.PropertyBinder - MetadataSourceProcessor property city with lazy=false
21:22:34.354 [main] DEBUG org.hibernate.cfg.AbstractPropertyHolder - Attempting to locate auto-apply AttributeConverter for property [com.shoppingbackend.model.Address:city]
21:22:34.354 [main] DEBUG org.hibernate.cfg.annotations.SimpleValueBinder - building SimpleValue for city
21:22:34.354 [main] DEBUG org.hibernate.cfg.annotations.PropertyBinder - Building property city
21:22:34.354 [main] DEBUG org.hibernate.cfg.Ejb3Column - Binding column: Ejb3Column{table=org.hibernate.mapping.Table(Address), mappingColumn=country, insertable=true, updatable=true, unique=false}
21:22:34.354 [main] DEBUG org.hibernate.cfg.annotations.PropertyBinder - MetadataSourceProcessor property country with lazy=false
21:22:34.354 [main] DEBUG org.hibernate.cfg.AbstractPropertyHolder - Attempting to locate auto-apply AttributeConverter for property [com.shoppingbackend.model.Address:country]
21:22:34.354 [main] DEBUG org.hibernate.cfg.annotations.SimpleValueBinder - building SimpleValue for country
21:22:34.354 [main] DEBUG org.hibernate.cfg.annotations.PropertyBinder - Building property country
21:22:34.354 [main] DEBUG org.hibernate.cfg.Ejb3Column - Binding column: Ejb3Column{table=org.hibernate.mapping.Table(Address), mappingColumn=postal_code, insertable=true, updatable=true, unique=false}
21:22:34.354 [main] DEBUG org.hibernate.cfg.annotations.PropertyBinder - MetadataSourceProcessor property postalCode with lazy=false
21:22:34.354 [main] DEBUG org.hibernate.cfg.AbstractPropertyHolder - Attempting to locate auto-apply AttributeConverter for property [com.shoppingbackend.model.Address:postalCode]
21:22:34.354 [main] DEBUG org.hibernate.cfg.annotations.SimpleValueBinder - building SimpleValue for postalCode
21:22:34.354 [main] DEBUG org.hibernate.cfg.annotations.PropertyBinder - Building property postalCode
21:22:34.354 [main] DEBUG org.hibernate.cfg.Ejb3Column - Binding column: Ejb3Column{table=org.hibernate.mapping.Table(Address), mappingColumn=is_shipping, insertable=true, updatable=true, unique=false}
21:22:34.354 [main] DEBUG org.hibernate.cfg.annotations.PropertyBinder - MetadataSourceProcessor property shipping with lazy=false
21:22:34.354 [main] DEBUG org.hibernate.cfg.AbstractPropertyHolder - Attempting to locate auto-apply AttributeConverter for property [com.shoppingbackend.model.Address:shipping]
21:22:34.354 [main] DEBUG org.hibernate.cfg.annotations.SimpleValueBinder - building SimpleValue for shipping
21:22:34.354 [main] DEBUG org.hibernate.cfg.annotations.PropertyBinder - Building property shipping
21:22:34.354 [main] DEBUG org.hibernate.cfg.Ejb3Column - Binding column: Ejb3Column{table=org.hibernate.mapping.Table(Address), mappingColumn=state, insertable=true, updatable=true, unique=false}
21:22:34.354 [main] DEBUG org.hibernate.cfg.annotations.PropertyBinder - MetadataSourceProcessor property state with lazy=false
21:22:34.354 [main] DEBUG org.hibernate.cfg.AbstractPropertyHolder - Attempting to locate auto-apply AttributeConverter for property [com.shoppingbackend.model.Address:state]
21:22:34.354 [main] DEBUG org.hibernate.cfg.annotations.SimpleValueBinder - building SimpleValue for state
21:22:34.354 [main] DEBUG org.hibernate.cfg.annotations.PropertyBinder - Building property state
21:22:34.354 [main] DEBUG org.hibernate.cfg.Ejb3Column - Binding column: Ejb3Column{table=org.hibernate.mapping.Table(Address), mappingColumn=user_id, insertable=true, updatable=true, unique=false}
21:22:34.354 [main] DEBUG org.hibernate.cfg.annotations.PropertyBinder - MetadataSourceProcessor property userId with lazy=false
21:22:34.354 [main] DEBUG org.hibernate.cfg.AbstractPropertyHolder - Attempting to locate auto-apply AttributeConverter for property [com.shoppingbackend.model.Address:userId]
21:22:34.354 [main] DEBUG org.hibernate.cfg.annotations.SimpleValueBinder - building SimpleValue for userId
21:22:34.354 [main] DEBUG org.hibernate.cfg.annotations.PropertyBinder - Building property userId
21:22:34.354 [main] DEBUG org.hibernate.cfg.AnnotationBinder - Binding entity from annotated class: com.shoppingbackend.model.Cart
21:22:34.354 [main] DEBUG org.hibernate.cfg.Ejb3Column - Binding column: Ejb3DiscriminatorColumn{logicalColumnName&apos;DTYPE&apos;, discriminatorTypeName=&apos;string&apos;}
21:22:34.354 [main] DEBUG org.hibernate.cfg.annotations.EntityBinder - Import with entity name Cart
21:22:34.354 [main] DEBUG org.hibernate.cfg.annotations.EntityBinder - Bind entity com.shoppingbackend.model.Cart on table Cart
21:22:34.354 [main] DEBUG org.hibernate.cfg.Ejb3Column - Binding column: Ejb3Column{table=org.hibernate.mapping.Table(Cart), mappingColumn=id, insertable=true, updatable=true, unique=false}
21:22:34.354 [main] DEBUG org.hibernate.cfg.annotations.PropertyBinder - MetadataSourceProcessor property id with lazy=false
21:22:34.354 [main] DEBUG org.hibernate.cfg.AbstractPropertyHolder - Attempting to locate auto-apply AttributeConverter for property [com.shoppingbackend.model.Cart:id]
21:22:34.354 [main] DEBUG org.hibernate.cfg.annotations.SimpleValueBinder - building SimpleValue for id
21:22:34.354 [main] DEBUG org.hibernate.cfg.annotations.PropertyBinder - Building property id
21:22:34.354 [main] DEBUG org.hibernate.cfg.Ejb3Column - Binding column: Ejb3Column{table=org.hibernate.mapping.Table(Cart), mappingColumn=cart_lines, insertable=true, updatable=true, unique=false}
21:22:34.354 [main] DEBUG org.hibernate.cfg.annotations.PropertyBinder - MetadataSourceProcessor property cartLines with lazy=false
21:22:34.354 [main] DEBUG org.hibernate.cfg.AbstractPropertyHolder - Attempting to locate auto-apply AttributeConverter for property [com.shoppingbackend.model.Cart:cartLines]
21:22:34.354 [main] DEBUG org.hibernate.cfg.annotations.SimpleValueBinder - building SimpleValue for cartLines
21:22:34.354 [main] DEBUG org.hibernate.cfg.annotations.PropertyBinder - Building property cartLines
21:22:34.354 [main] DEBUG org.hibernate.cfg.Ejb3Column - Binding column: Ejb3Column{table=org.hibernate.mapping.Table(Cart), mappingColumn=grand_total, insertable=true, updatable=true, unique=false}
21:22:34.354 [main] DEBUG org.hibernate.cfg.annotations.PropertyBinder - MetadataSourceProcessor property grandTotal with lazy=false
21:22:34.354 [main] DEBUG org.hibernate.cfg.AbstractPropertyHolder - Attempting to locate auto-apply AttributeConverter for property [com.shoppingbackend.model.Cart:grandTotal]
21:22:34.369 [main] DEBUG org.hibernate.cfg.annotations.SimpleValueBinder - building SimpleValue for grandTotal
21:22:34.369 [main] DEBUG org.hibernate.cfg.annotations.PropertyBinder - Building property grandTotal
21:22:34.369 [main] DEBUG org.hibernate.cfg.Ejb3Column - Binding column: Ejb3JoinColumn{logicalColumnName=&apos;null&apos;, referencedColumn=&apos;null&apos;, mappedBy=&apos;&apos;}
21:22:34.369 [main] DEBUG org.hibernate.cfg.Ejb3Column - Binding column: Ejb3Column{table=org.hibernate.mapping.Table(Cart), mappingColumn=user, insertable=true, updatable=true, unique=false}
21:22:34.369 [main] DEBUG org.hibernate.cfg.annotations.PropertyBinder - Building property user
21:22:34.369 [main] DEBUG org.hibernate.cfg.AnnotationBinder - Binding entity from annotated class: com.shoppingbackend.model.CartLine
21:22:34.369 [main] DEBUG org.hibernate.cfg.Ejb3Column - Binding column: Ejb3DiscriminatorColumn{logicalColumnName&apos;DTYPE&apos;, discriminatorTypeName=&apos;string&apos;}
21:22:34.369 [main] DEBUG org.hibernate.cfg.annotations.EntityBinder - Import with entity name CartLine
21:22:34.369 [main] DEBUG org.hibernate.cfg.annotations.EntityBinder - Bind entity com.shoppingbackend.model.CartLine on table cart_line
21:22:34.369 [main] DEBUG org.hibernate.cfg.Ejb3Column - Binding column: Ejb3Column{table=org.hibernate.mapping.Table(cart_line), mappingColumn=id, insertable=true, updatable=true, unique=false}
21:22:34.369 [main] DEBUG org.hibernate.cfg.annotations.PropertyBinder - MetadataSourceProcessor property id with lazy=false
21:22:34.369 [main] DEBUG org.hibernate.cfg.AbstractPropertyHolder - Attempting to locate auto-apply AttributeConverter for property [com.shoppingbackend.model.CartLine:id]
21:22:34.369 [main] DEBUG org.hibernate.cfg.annotations.SimpleValueBinder - building SimpleValue for id
21:22:34.369 [main] DEBUG org.hibernate.cfg.annotations.PropertyBinder - Building property id
21:22:34.369 [main] DEBUG org.hibernate.cfg.Ejb3Column - Binding column: Ejb3Column{table=org.hibernate.mapping.Table(cart_line), mappingColumn=is_available, insertable=true, updatable=true, unique=false}
21:22:34.369 [main] DEBUG org.hibernate.cfg.annotations.PropertyBinder - MetadataSourceProcessor property available with lazy=false
21:22:34.369 [main] DEBUG org.hibernate.cfg.AbstractPropertyHolder - Attempting to locate auto-apply AttributeConverter for property [com.shoppingbackend.model.CartLine:available]
21:22:34.369 [main] DEBUG org.hibernate.cfg.annotations.SimpleValueBinder - building SimpleValue for available
21:22:34.369 [main] DEBUG org.hibernate.cfg.annotations.PropertyBinder - Building property available
21:22:34.369 [main] DEBUG org.hibernate.cfg.Ejb3Column - Binding column: Ejb3Column{table=org.hibernate.mapping.Table(cart_line), mappingColumn=buying_price, insertable=true, updatable=true, unique=false}
21:22:34.369 [main] DEBUG org.hibernate.cfg.annotations.PropertyBinder - MetadataSourceProcessor property buyingPrice with lazy=false
21:22:34.369 [main] DEBUG org.hibernate.cfg.AbstractPropertyHolder - Attempting to locate auto-apply AttributeConverter for property [com.shoppingbackend.model.CartLine:buyingPrice]
21:22:34.369 [main] DEBUG org.hibernate.cfg.annotations.SimpleValueBinder - building SimpleValue for buyingPrice
21:22:34.369 [main] DEBUG org.hibernate.cfg.annotations.PropertyBinder - Building property buyingPrice
21:22:34.369 [main] DEBUG org.hibernate.cfg.Ejb3Column - Binding column: Ejb3Column{table=org.hibernate.mapping.Table(cart_line), mappingColumn=cart_id, insertable=true, updatable=true, unique=false}
21:22:34.369 [main] DEBUG org.hibernate.cfg.annotations.PropertyBinder - MetadataSourceProcessor property cartId with lazy=false
21:22:34.369 [main] DEBUG org.hibernate.cfg.AbstractPropertyHolder - Attempting to locate auto-apply AttributeConverter for property [com.shoppingbackend.model.CartLine:cartId]
21:22:34.369 [main] DEBUG org.hibernate.cfg.annotations.SimpleValueBinder - building SimpleValue for cartId
21:22:34.369 [main] DEBUG org.hibernate.cfg.annotations.PropertyBinder - Building property cartId
21:22:34.369 [main] DEBUG org.hibernate.cfg.Ejb3Column - Binding column: Ejb3JoinColumn{logicalColumnName=&apos;null&apos;, referencedColumn=&apos;null&apos;, mappedBy=&apos;&apos;}
21:22:34.369 [main] DEBUG org.hibernate.cfg.Ejb3Column - Binding column: Ejb3Column{table=org.hibernate.mapping.Table(cart_line), mappingColumn=product, insertable=true, updatable=true, unique=false}
21:22:34.369 [main] DEBUG org.hibernate.cfg.annotations.PropertyBinder - Building property product
21:22:34.369 [main] DEBUG org.hibernate.cfg.Ejb3Column - Binding column: Ejb3Column{table=org.hibernate.mapping.Table(cart_line), mappingColumn=product_count, insertable=true, updatable=true, unique=false}
21:22:34.369 [main] DEBUG org.hibernate.cfg.annotations.PropertyBinder - MetadataSourceProcessor property productCount with lazy=false
21:22:34.369 [main] DEBUG org.hibernate.cfg.AbstractPropertyHolder - Attempting to locate auto-apply AttributeConverter for property [com.shoppingbackend.model.CartLine:productCount]
21:22:34.369 [main] DEBUG org.hibernate.cfg.annotations.SimpleValueBinder - building SimpleValue for productCount
21:22:34.369 [main] DEBUG org.hibernate.cfg.annotations.PropertyBinder - Building property productCount
21:22:34.369 [main] DEBUG org.hibernate.cfg.Ejb3Column - Binding column: Ejb3Column{table=org.hibernate.mapping.Table(cart_line), mappingColumn=total, insertable=true, updatable=true, unique=false}
21:22:34.369 [main] DEBUG org.hibernate.cfg.annotations.PropertyBinder - MetadataSourceProcessor property total with lazy=false
21:22:34.369 [main] DEBUG org.hibernate.cfg.AbstractPropertyHolder - Attempting to locate auto-apply AttributeConverter for property [com.shoppingbackend.model.CartLine:total]
21:22:34.369 [main] DEBUG org.hibernate.cfg.annotations.SimpleValueBinder - building SimpleValue for total
21:22:34.369 [main] DEBUG org.hibernate.cfg.annotations.PropertyBinder - Building property total
21:22:34.369 [main] DEBUG org.hibernate.cfg.AnnotationBinder - Binding entity from annotated class: com.shoppingbackend.model.Category
21:22:34.369 [main] DEBUG org.hibernate.cfg.Ejb3Column - Binding column: Ejb3DiscriminatorColumn{logicalColumnName&apos;DTYPE&apos;, discriminatorTypeName=&apos;string&apos;}
21:22:34.369 [main] DEBUG org.hibernate.cfg.annotations.EntityBinder - Import with entity name Category
21:22:34.369 [main] DEBUG org.hibernate.cfg.annotations.EntityBinder - Bind entity com.shoppingbackend.model.Category on table Category
21:22:34.369 [main] DEBUG org.hibernate.cfg.Ejb3Column - Binding column: Ejb3Column{table=org.hibernate.mapping.Table(Category), mappingColumn=id, insertable=true, updatable=true, unique=false}
21:22:34.369 [main] DEBUG org.hibernate.cfg.annotations.PropertyBinder - MetadataSourceProcessor property id with lazy=false
21:22:34.369 [main] DEBUG org.hibernate.cfg.AbstractPropertyHolder - Attempting to locate auto-apply AttributeConverter for property [com.shoppingbackend.model.Category:id]
21:22:34.369 [main] DEBUG org.hibernate.cfg.annotations.SimpleValueBinder - building SimpleValue for id
21:22:34.369 [main] DEBUG org.hibernate.cfg.annotations.PropertyBinder - Building property id
21:22:34.369 [main] DEBUG org.hibernate.cfg.Ejb3Column - Binding column: Ejb3Column{table=org.hibernate.mapping.Table(Category), mappingColumn=is_active, insertable=true, updatable=true, unique=false}
21:22:34.369 [main] DEBUG org.hibernate.cfg.annotations.PropertyBinder - MetadataSourceProcessor property active with lazy=false
21:22:34.369 [main] DEBUG org.hibernate.cfg.AbstractPropertyHolder - Attempting to locate auto-apply AttributeConverter for property [com.shoppingbackend.model.Category:active]
21:22:34.369 [main] DEBUG org.hibernate.cfg.annotations.SimpleValueBinder - building SimpleValue for active
21:22:34.369 [main] DEBUG org.hibernate.cfg.annotations.PropertyBinder - Building property active
21:22:34.369 [main] DEBUG org.hibernate.cfg.Ejb3Column - Binding column: Ejb3Column{table=org.hibernate.mapping.Table(Category), mappingColumn=description, insertable=true, updatable=true, unique=false}
21:22:34.369 [main] DEBUG org.hibernate.cfg.annotations.PropertyBinder - MetadataSourceProcessor property description with lazy=false
21:22:34.369 [main] DEBUG org.hibernate.cfg.AbstractPropertyHolder - Attempting to locate auto-apply AttributeConverter for property [com.shoppingbackend.model.Category:description]
21:22:34.369 [main] DEBUG org.hibernate.cfg.annotations.SimpleValueBinder - building SimpleValue for description
21:22:34.369 [main] DEBUG org.hibernate.cfg.annotations.PropertyBinder - Building property description
21:22:34.369 [main] DEBUG org.hibernate.cfg.Ejb3Column - Binding column: Ejb3Column{table=org.hibernate.mapping.Table(Category), mappingColumn=name, insertable=true, updatable=true, unique=false}
21:22:34.369 [main] DEBUG org.hibernate.cfg.annotations.PropertyBinder - MetadataSourceProcessor property name with lazy=false
21:22:34.369 [main] DEBUG org.hibernate.cfg.AbstractPropertyHolder - Attempting to locate auto-apply AttributeConverter for property [com.shoppingbackend.model.Category:name]
21:22:34.369 [main] DEBUG org.hibernate.cfg.annotations.SimpleValueBinder - building SimpleValue for name
21:22:34.369 [main] DEBUG org.hibernate.cfg.annotations.PropertyBinder - Building property name
21:22:34.369 [main] DEBUG org.hibernate.cfg.AnnotationBinder - Binding entity from annotated class: com.shoppingbackend.model.OrderDetail
21:22:34.369 [main] DEBUG org.hibernate.cfg.Ejb3Column - Binding column: Ejb3DiscriminatorColumn{logicalColumnName&apos;DTYPE&apos;, discriminatorTypeName=&apos;string&apos;}
21:22:34.369 [main] DEBUG org.hibernate.cfg.annotations.EntityBinder - Import with entity name OrderDetail
21:22:34.369 [main] DEBUG org.hibernate.cfg.annotations.EntityBinder - Bind entity com.shoppingbackend.model.OrderDetail on table order_detail
21:22:34.369 [main] DEBUG org.hibernate.cfg.Ejb3Column - Binding column: Ejb3Column{table=org.hibernate.mapping.Table(order_detail), mappingColumn=id, insertable=true, updatable=true, unique=false}
21:22:34.369 [main] DEBUG org.hibernate.cfg.annotations.PropertyBinder - MetadataSourceProcessor property id with lazy=false
21:22:34.369 [main] DEBUG org.hibernate.cfg.AbstractPropertyHolder - Attempting to locate auto-apply AttributeConverter for property [com.shoppingbackend.model.OrderDetail:id]
21:22:34.369 [main] DEBUG org.hibernate.cfg.annotations.SimpleValueBinder - building SimpleValue for id
21:22:34.369 [main] DEBUG org.hibernate.cfg.annotations.PropertyBinder - Building property id
21:22:34.369 [main] DEBUG org.hibernate.cfg.Ejb3Column - Binding column: Ejb3JoinColumn{logicalColumnName=&apos;null&apos;, referencedColumn=&apos;null&apos;, mappedBy=&apos;null&apos;}
21:22:34.369 [main] DEBUG org.hibernate.cfg.Ejb3Column - Binding column: Ejb3Column{table=org.hibernate.mapping.Table(order_detail), mappingColumn=billing, insertable=true, updatable=true, unique=false}
21:22:34.369 [main] DEBUG org.hibernate.cfg.annotations.PropertyBinder - Building property billing
21:22:34.369 [main] DEBUG org.hibernate.cfg.Ejb3Column - Binding column: Ejb3Column{table=org.hibernate.mapping.Table(order_detail), mappingColumn=order_count, insertable=true, updatable=true, unique=false}
21:22:34.385 [main] DEBUG org.hibernate.cfg.annotations.PropertyBinder - MetadataSourceProcessor property orderCount with lazy=false
21:22:34.385 [main] DEBUG org.hibernate.cfg.AbstractPropertyHolder - Attempting to locate auto-apply AttributeConverter for property [com.shoppingbackend.model.OrderDetail:orderCount]
21:22:34.385 [main] DEBUG org.hibernate.cfg.annotations.SimpleValueBinder - building SimpleValue for orderCount
21:22:34.385 [main] DEBUG org.hibernate.cfg.annotations.PropertyBinder - Building property orderCount
21:22:34.385 [main] DEBUG org.hibernate.cfg.Ejb3Column - Binding column: Ejb3Column{table=org.hibernate.mapping.Table(order_detail), mappingColumn=order_date, insertable=true, updatable=true, unique=false}
21:22:34.385 [main] DEBUG org.hibernate.cfg.annotations.PropertyBinder - MetadataSourceProcessor property orderDate with lazy=false
21:22:34.385 [main] DEBUG org.hibernate.cfg.AbstractPropertyHolder - Attempting to locate auto-apply AttributeConverter for property [com.shoppingbackend.model.OrderDetail:orderDate]
21:22:34.385 [main] DEBUG org.hibernate.cfg.annotations.SimpleValueBinder - building SimpleValue for orderDate
21:22:34.385 [main] DEBUG org.hibernate.cfg.annotations.PropertyBinder - Building property orderDate
21:22:34.385 [main] DEBUG org.hibernate.cfg.Ejb3Column - Binding column: Ejb3JoinColumn{logicalColumnName=&apos;null&apos;, referencedColumn=&apos;null&apos;, mappedBy=&apos;orderDetail&apos;}
21:22:34.385 [main] DEBUG org.hibernate.cfg.Ejb3Column - Binding column: Ejb3Column{table=org.hibernate.mapping.Table(order_detail), mappingColumn=orderItems, insertable=true, updatable=true, unique=false}
21:22:34.385 [main] DEBUG org.hibernate.cfg.Ejb3Column - Binding column: Ejb3Column{table=org.hibernate.mapping.Table(order_detail), mappingColumn=null, insertable=true, updatable=true, unique=false}
21:22:34.385 [main] DEBUG org.hibernate.cfg.Ejb3Column - Binding column: Ejb3Column{table=org.hibernate.mapping.Table(order_detail), mappingColumn=element, insertable=true, updatable=true, unique=false}
21:22:34.385 [main] DEBUG org.hibernate.cfg.Ejb3Column - Binding column: Ejb3Column{table=org.hibernate.mapping.Table(order_detail), mappingColumn=orderItems_KEY, insertable=true, updatable=true, unique=false}
21:22:34.385 [main] DEBUG org.hibernate.cfg.Ejb3Column - Binding column: Ejb3JoinColumn{logicalColumnName=&apos;orderItems_KEY&apos;, referencedColumn=&apos;null&apos;, mappedBy=&apos;null&apos;}
21:22:34.385 [main] DEBUG org.hibernate.cfg.Ejb3Column - Binding column: Ejb3JoinColumn{logicalColumnName=&apos;null&apos;, referencedColumn=&apos;null&apos;, mappedBy=&apos;orderDetail&apos;}
21:22:34.385 [main] DEBUG org.hibernate.cfg.Ejb3Column - Binding column: Ejb3JoinColumn{logicalColumnName=&apos;null&apos;, referencedColumn=&apos;null&apos;, mappedBy=&apos;orderDetail&apos;}
21:22:34.385 [main] DEBUG org.hibernate.cfg.annotations.CollectionBinder - Collection role: com.shoppingbackend.model.OrderDetail.orderItems
21:22:34.385 [main] DEBUG org.hibernate.cfg.annotations.PropertyBinder - Building property orderItems
21:22:34.385 [main] DEBUG org.hibernate.cfg.Ejb3Column - Binding column: Ejb3Column{table=org.hibernate.mapping.Table(order_detail), mappingColumn=order_total, insertable=true, updatable=true, unique=false}
21:22:34.385 [main] DEBUG org.hibernate.cfg.annotations.PropertyBinder - MetadataSourceProcessor property orderTotal with lazy=false
21:22:34.385 [main] DEBUG org.hibernate.cfg.AbstractPropertyHolder - Attempting to locate auto-apply AttributeConverter for property [com.shoppingbackend.model.OrderDetail:orderTotal]
21:22:34.385 [main] DEBUG org.hibernate.cfg.annotations.SimpleValueBinder - building SimpleValue for orderTotal
21:22:34.385 [main] DEBUG org.hibernate.cfg.annotations.PropertyBinder - Building property orderTotal
21:22:34.385 [main] DEBUG org.hibernate.cfg.Ejb3Column - Binding column: Ejb3JoinColumn{logicalColumnName=&apos;null&apos;, referencedColumn=&apos;null&apos;, mappedBy=&apos;null&apos;}
21:22:34.385 [main] DEBUG org.hibernate.cfg.Ejb3Column - Binding column: Ejb3Column{table=org.hibernate.mapping.Table(order_detail), mappingColumn=shipping, insertable=true, updatable=true, unique=false}
21:22:34.385 [main] DEBUG org.hibernate.cfg.annotations.PropertyBinder - Building property shipping
21:22:34.385 [main] DEBUG org.hibernate.cfg.Ejb3Column - Binding column: Ejb3JoinColumn{logicalColumnName=&apos;user_id&apos;, referencedColumn=&apos;&apos;, mappedBy=&apos;&apos;}
21:22:34.385 [main] DEBUG org.hibernate.cfg.Ejb3Column - Binding column: Ejb3Column{table=org.hibernate.mapping.Table(order_detail), mappingColumn=user, insertable=true, updatable=true, unique=false}
21:22:34.385 [main] DEBUG org.hibernate.cfg.annotations.PropertyBinder - Building property user
21:22:34.385 [main] DEBUG org.hibernate.cfg.AnnotationBinder - Binding entity from annotated class: com.shoppingbackend.model.OrderItem
21:22:34.385 [main] DEBUG org.hibernate.cfg.Ejb3Column - Binding column: Ejb3DiscriminatorColumn{logicalColumnName&apos;DTYPE&apos;, discriminatorTypeName=&apos;string&apos;}
21:22:34.385 [main] DEBUG org.hibernate.cfg.annotations.EntityBinder - Import with entity name OrderItem
21:22:34.385 [main] DEBUG org.hibernate.cfg.annotations.EntityBinder - Bind entity com.shoppingbackend.model.OrderItem on table order_item
21:22:34.385 [main] DEBUG org.hibernate.cfg.Ejb3Column - Binding column: Ejb3Column{table=org.hibernate.mapping.Table(order_item), mappingColumn=id, insertable=true, updatable=true, unique=false}
21:22:34.385 [main] DEBUG org.hibernate.cfg.annotations.PropertyBinder - MetadataSourceProcessor property id with lazy=false
21:22:34.385 [main] DEBUG org.hibernate.cfg.AbstractPropertyHolder - Attempting to locate auto-apply AttributeConverter for property [com.shoppingbackend.model.OrderItem:id]
21:22:34.385 [main] DEBUG org.hibernate.cfg.annotations.SimpleValueBinder - building SimpleValue for id
21:22:34.385 [main] DEBUG org.hibernate.cfg.annotations.PropertyBinder - Building property id
21:22:34.385 [main] DEBUG org.hibernate.cfg.Ejb3Column - Binding column: Ejb3Column{table=org.hibernate.mapping.Table(order_item), mappingColumn=buying_price, insertable=true, updatable=true, unique=false}
21:22:34.385 [main] DEBUG org.hibernate.cfg.annotations.PropertyBinder - MetadataSourceProcessor property buyingPrice with lazy=false
21:22:34.385 [main] DEBUG org.hibernate.cfg.AbstractPropertyHolder - Attempting to locate auto-apply AttributeConverter for property [com.shoppingbackend.model.OrderItem:buyingPrice]
21:22:34.385 [main] DEBUG org.hibernate.cfg.annotations.SimpleValueBinder - building SimpleValue for buyingPrice
21:22:34.385 [main] DEBUG org.hibernate.cfg.annotations.PropertyBinder - Building property buyingPrice
21:22:34.385 [main] DEBUG org.hibernate.cfg.Ejb3Column - Binding column: Ejb3JoinColumn{logicalColumnName=&apos;order_id&apos;, referencedColumn=&apos;&apos;, mappedBy=&apos;&apos;}
21:22:34.385 [main] DEBUG org.hibernate.cfg.Ejb3Column - Binding column: Ejb3Column{table=org.hibernate.mapping.Table(order_item), mappingColumn=orderDetail, insertable=true, updatable=true, unique=false}
21:22:34.385 [main] DEBUG org.hibernate.cfg.annotations.PropertyBinder - Building property orderDetail
21:22:34.385 [main] DEBUG org.hibernate.cfg.Ejb3Column - Binding column: Ejb3JoinColumn{logicalColumnName=&apos;null&apos;, referencedColumn=&apos;null&apos;, mappedBy=&apos;&apos;}
21:22:34.385 [main] DEBUG org.hibernate.cfg.Ejb3Column - Binding column: Ejb3Column{table=org.hibernate.mapping.Table(order_item), mappingColumn=product, insertable=true, updatable=true, unique=false}
21:22:34.385 [main] DEBUG org.hibernate.cfg.annotations.PropertyBinder - Building property product
21:22:34.401 [main] DEBUG org.hibernate.cfg.Ejb3Column - Binding column: Ejb3Column{table=org.hibernate.mapping.Table(order_item), mappingColumn=product_count, insertable=true, updatable=true, unique=false}
21:22:34.401 [main] DEBUG org.hibernate.cfg.annotations.PropertyBinder - MetadataSourceProcessor property productCount with lazy=false
21:22:34.401 [main] DEBUG org.hibernate.cfg.AbstractPropertyHolder - Attempting to locate auto-apply AttributeConverter for property [com.shoppingbackend.model.OrderItem:productCount]
21:22:34.401 [main] DEBUG org.hibernate.cfg.annotations.SimpleValueBinder - building SimpleValue for productCount
21:22:34.401 [main] DEBUG org.hibernate.cfg.annotations.PropertyBinder - Building property productCount
21:22:34.401 [main] DEBUG org.hibernate.cfg.Ejb3Column - Binding column: Ejb3Column{table=org.hibernate.mapping.Table(order_item), mappingColumn=total, insertable=true, updatable=true, unique=false}
21:22:34.401 [main] DEBUG org.hibernate.cfg.annotations.PropertyBinder - MetadataSourceProcessor property total with lazy=false
21:22:34.401 [main] DEBUG org.hibernate.cfg.AbstractPropertyHolder - Attempting to locate auto-apply AttributeConverter for property [com.shoppingbackend.model.OrderItem:total]
21:22:34.401 [main] DEBUG org.hibernate.cfg.annotations.SimpleValueBinder - building SimpleValue for total
21:22:34.401 [main] DEBUG org.hibernate.cfg.annotations.PropertyBinder - Building property total
21:22:34.401 [main] DEBUG org.hibernate.cfg.AnnotationBinder - Binding entity from annotated class: com.shoppingbackend.model.Product
21:22:34.401 [main] DEBUG org.hibernate.cfg.Ejb3Column - Binding column: Ejb3DiscriminatorColumn{logicalColumnName&apos;DTYPE&apos;, discriminatorTypeName=&apos;string&apos;}
21:22:34.401 [main] DEBUG org.hibernate.cfg.annotations.EntityBinder - Import with entity name Product
21:22:34.401 [main] DEBUG org.hibernate.cfg.annotations.EntityBinder - Bind entity com.shoppingbackend.model.Product on table Product
21:22:34.401 [main] DEBUG org.hibernate.cfg.Ejb3Column - Binding column: Ejb3Column{table=org.hibernate.mapping.Table(Product), mappingColumn=id, insertable=true, updatable=true, unique=false}
21:22:34.401 [main] DEBUG org.hibernate.cfg.annotations.PropertyBinder - MetadataSourceProcessor property id with lazy=false
21:22:34.401 [main] DEBUG org.hibernate.cfg.AbstractPropertyHolder - Attempting to locate auto-apply AttributeConverter for property [com.shoppingbackend.model.Product:id]
21:22:34.401 [main] DEBUG org.hibernate.cfg.annotations.SimpleValueBinder - building SimpleValue for id
21:22:34.401 [main] DEBUG org.hibernate.cfg.annotations.PropertyBinder - Building property id
21:22:34.416 [main] DEBUG org.hibernate.cfg.Ejb3Column - Binding column: Ejb3Column{table=org.hibernate.mapping.Table(Product), mappingColumn=is_active, insertable=true, updatable=true, unique=false}
21:22:34.416 [main] DEBUG org.hibernate.cfg.annotations.PropertyBinder - MetadataSourceProcessor property active with lazy=false
21:22:34.416 [main] DEBUG org.hibernate.cfg.AbstractPropertyHolder - Attempting to locate auto-apply AttributeConverter for property [com.shoppingbackend.model.Product:active]
21:22:34.416 [main] DEBUG org.hibernate.cfg.annotations.SimpleValueBinder - building SimpleValue for active
21:22:34.416 [main] DEBUG org.hibernate.cfg.annotations.PropertyBinder - Building property active
21:22:34.416 [main] DEBUG org.hibernate.cfg.Ejb3Column - Binding column: Ejb3Column{table=org.hibernate.mapping.Table(Product), mappingColumn=brand, insertable=true, updatable=true, unique=false}
21:22:34.416 [main] DEBUG org.hibernate.cfg.annotations.PropertyBinder - MetadataSourceProcessor property brand with lazy=false
21:22:34.416 [main] DEBUG org.hibernate.cfg.AbstractPropertyHolder - Attempting to locate auto-apply AttributeConverter for property [com.shoppingbackend.model.Product:brand]
21:22:34.416 [main] DEBUG org.hibernate.cfg.annotations.SimpleValueBinder - building SimpleValue for brand
21:22:34.416 [main] DEBUG org.hibernate.cfg.annotations.PropertyBinder - Building property brand
21:22:34.416 [main] DEBUG org.hibernate.cfg.Ejb3Column - Binding column: Ejb3Column{table=org.hibernate.mapping.Table(Product), mappingColumn=category_id, insertable=true, updatable=true, unique=false}
21:22:34.416 [main] DEBUG org.hibernate.cfg.annotations.PropertyBinder - MetadataSourceProcessor property categoryId with lazy=false
21:22:34.416 [main] DEBUG org.hibernate.cfg.AbstractPropertyHolder - Attempting to locate auto-apply AttributeConverter for property [com.shoppingbackend.model.Product:categoryId]
21:22:34.416 [main] DEBUG org.hibernate.cfg.annotations.SimpleValueBinder - building SimpleValue for categoryId
21:22:34.416 [main] DEBUG org.hibernate.cfg.annotations.PropertyBinder - Building property categoryId
21:22:34.416 [main] DEBUG org.hibernate.cfg.Ejb3Column - Binding column: Ejb3Column{table=org.hibernate.mapping.Table(Product), mappingColumn=code, insertable=true, updatable=true, unique=false}
21:22:34.416 [main] DEBUG org.hibernate.cfg.annotations.PropertyBinder - MetadataSourceProcessor property code with lazy=false
21:22:34.416 [main] DEBUG org.hibernate.cfg.AbstractPropertyHolder - Attempting to locate auto-apply AttributeConverter for property [com.shoppingbackend.model.Product:code]
21:22:34.416 [main] DEBUG org.hibernate.cfg.annotations.SimpleValueBinder - building SimpleValue for code
21:22:34.416 [main] DEBUG org.hibernate.cfg.annotations.PropertyBinder - Building property code
21:22:34.416 [main] DEBUG org.hibernate.cfg.Ejb3Column - Binding column: Ejb3Column{table=org.hibernate.mapping.Table(Product), mappingColumn=description, insertable=true, updatable=true, unique=false}
21:22:34.416 [main] DEBUG org.hibernate.cfg.annotations.PropertyBinder - MetadataSourceProcessor property description with lazy=false
21:22:34.416 [main] DEBUG org.hibernate.cfg.AbstractPropertyHolder - Attempting to locate auto-apply AttributeConverter for property [com.shoppingbackend.model.Product:description]
21:22:34.416 [main] DEBUG org.hibernate.cfg.annotations.SimpleValueBinder - building SimpleValue for description
21:22:34.416 [main] DEBUG org.hibernate.cfg.annotations.PropertyBinder - Building property description
21:22:34.416 [main] DEBUG org.hibernate.cfg.Ejb3Column - Binding column: Ejb3Column{table=org.hibernate.mapping.Table(Product), mappingColumn=name, insertable=true, updatable=true, unique=false}
21:22:34.416 [main] DEBUG org.hibernate.cfg.annotations.PropertyBinder - MetadataSourceProcessor property name with lazy=false
21:22:34.416 [main] DEBUG org.hibernate.cfg.AbstractPropertyHolder - Attempting to locate auto-apply AttributeConverter for property [com.shoppingbackend.model.Product:name]
21:22:34.416 [main] DEBUG org.hibernate.cfg.annotations.SimpleValueBinder - building SimpleValue for name
21:22:34.416 [main] DEBUG org.hibernate.cfg.annotations.PropertyBinder - Building property name
21:22:34.416 [main] DEBUG org.hibernate.cfg.Ejb3Column - Binding column: Ejb3Column{table=org.hibernate.mapping.Table(Product), mappingColumn=purchases, insertable=true, updatable=true, unique=false}
21:22:34.416 [main] DEBUG org.hibernate.cfg.annotations.PropertyBinder - MetadataSourceProcessor property purchases with lazy=false
21:22:34.416 [main] DEBUG org.hibernate.cfg.AbstractPropertyHolder - Attempting to locate auto-apply AttributeConverter for property [com.shoppingbackend.model.Product:purchases]
21:22:34.416 [main] DEBUG org.hibernate.cfg.annotations.SimpleValueBinder - building SimpleValue for purchases
21:22:34.416 [main] DEBUG org.hibernate.cfg.annotations.PropertyBinder - Building property purchases
21:22:34.416 [main] DEBUG org.hibernate.cfg.Ejb3Column - Binding column: Ejb3Column{table=org.hibernate.mapping.Table(Product), mappingColumn=quantity, insertable=true, updatable=true, unique=false}
21:22:34.416 [main] DEBUG org.hibernate.cfg.annotations.PropertyBinder - MetadataSourceProcessor property quantity with lazy=false
21:22:34.416 [main] DEBUG org.hibernate.cfg.AbstractPropertyHolder - Attempting to locate auto-apply AttributeConverter for property [com.shoppingbackend.model.Product:quantity]
21:22:34.416 [main] DEBUG org.hibernate.cfg.annotations.SimpleValueBinder - building SimpleValue for quantity
21:22:34.416 [main] DEBUG org.hibernate.cfg.annotations.PropertyBinder - Building property quantity
21:22:34.416 [main] DEBUG org.hibernate.cfg.Ejb3Column - Binding column: Ejb3Column{table=org.hibernate.mapping.Table(Product), mappingColumn=supplier_id, insertable=true, updatable=true, unique=false}
21:22:34.416 [main] DEBUG org.hibernate.cfg.annotations.PropertyBinder - MetadataSourceProcessor property supplierId with lazy=false
21:22:34.416 [main] DEBUG org.hibernate.cfg.AbstractPropertyHolder - Attempting to locate auto-apply AttributeConverter for property [com.shoppingbackend.model.Product:supplierId]
21:22:34.416 [main] DEBUG org.hibernate.cfg.annotations.SimpleValueBinder - building SimpleValue for supplierId
21:22:34.416 [main] DEBUG org.hibernate.cfg.annotations.PropertyBinder - Building property supplierId
21:22:34.416 [main] DEBUG org.hibernate.cfg.Ejb3Column - Binding column: Ejb3Column{table=org.hibernate.mapping.Table(Product), mappingColumn=unit_price, insertable=true, updatable=true, unique=false}
21:22:34.416 [main] DEBUG org.hibernate.cfg.annotations.PropertyBinder - MetadataSourceProcessor property unitPrice with lazy=false
21:22:34.416 [main] DEBUG org.hibernate.cfg.AbstractPropertyHolder - Attempting to locate auto-apply AttributeConverter for property [com.shoppingbackend.model.Product:unitPrice]
21:22:34.416 [main] DEBUG org.hibernate.cfg.annotations.SimpleValueBinder - building SimpleValue for unitPrice
21:22:34.416 [main] DEBUG org.hibernate.cfg.annotations.PropertyBinder - Building property unitPrice
21:22:34.416 [main] DEBUG org.hibernate.cfg.Ejb3Column - Binding column: Ejb3Column{table=org.hibernate.mapping.Table(Product), mappingColumn=views, insertable=true, updatable=true, unique=false}
21:22:34.416 [main] DEBUG org.hibernate.cfg.annotations.PropertyBinder - MetadataSourceProcessor property views with lazy=false
21:22:34.416 [main] DEBUG org.hibernate.cfg.AbstractPropertyHolder - Attempting to locate auto-apply AttributeConverter for property [com.shoppingbackend.model.Product:views]
21:22:34.416 [main] DEBUG org.hibernate.cfg.annotations.SimpleValueBinder - building SimpleValue for views
21:22:34.416 [main] DEBUG org.hibernate.cfg.annotations.PropertyBinder - Building property views
21:22:34.416 [main] DEBUG org.hibernate.cfg.AnnotationBinder - Binding entity from annotated class: com.shoppingbackend.model.Supplier
21:22:34.416 [main] DEBUG org.hibernate.cfg.Ejb3Column - Binding column: Ejb3DiscriminatorColumn{logicalColumnName&apos;DTYPE&apos;, discriminatorTypeName=&apos;string&apos;}
21:22:34.416 [main] DEBUG org.hibernate.cfg.annotations.EntityBinder - Import with entity name Supplier
21:22:34.416 [main] DEBUG org.hibernate.cfg.annotations.EntityBinder - Bind entity com.shoppingbackend.model.Supplier on table supplier
21:22:34.416 [main] DEBUG org.hibernate.cfg.Ejb3Column - Binding column: Ejb3Column{table=org.hibernate.mapping.Table(supplier), mappingColumn=sid, insertable=true, updatable=true, unique=false}
21:22:34.416 [main] DEBUG org.hibernate.cfg.annotations.PropertyBinder - MetadataSourceProcessor property sid with lazy=false
21:22:34.416 [main] DEBUG org.hibernate.cfg.AbstractPropertyHolder - Attempting to locate auto-apply AttributeConverter for property [com.shoppingbackend.model.Supplier:sid]
21:22:34.432 [main] DEBUG org.hibernate.cfg.annotations.SimpleValueBinder - building SimpleValue for sid
21:22:34.432 [main] DEBUG org.hibernate.cfg.annotations.PropertyBinder - Building property sid
21:22:34.432 [main] DEBUG org.hibernate.cfg.Ejb3Column - Binding column: Ejb3Column{table=org.hibernate.mapping.Table(supplier), mappingColumn=supplier_name, insertable=true, updatable=true, unique=false}
21:22:34.432 [main] DEBUG org.hibernate.cfg.annotations.PropertyBinder - MetadataSourceProcessor property supplierName with lazy=false
21:22:34.432 [main] DEBUG org.hibernate.cfg.AbstractPropertyHolder - Attempting to locate auto-apply AttributeConverter for property [com.shoppingbackend.model.Supplier:supplierName]
21:22:34.432 [main] DEBUG org.hibernate.cfg.annotations.SimpleValueBinder - building SimpleValue for supplierName
21:22:34.432 [main] DEBUG org.hibernate.cfg.annotations.PropertyBinder - Building property supplierName
21:22:34.432 [main] DEBUG org.hibernate.cfg.AnnotationBinder - Binding entity from annotated class: com.shoppingbackend.model.User
21:22:34.432 [main] DEBUG org.hibernate.cfg.Ejb3Column - Binding column: Ejb3DiscriminatorColumn{logicalColumnName&apos;DTYPE&apos;, discriminatorTypeName=&apos;string&apos;}
21:22:34.432 [main] DEBUG org.hibernate.cfg.annotations.EntityBinder - Import with entity name User
21:22:34.432 [main] DEBUG org.hibernate.cfg.annotations.EntityBinder - Bind entity com.shoppingbackend.model.User on table user_detail
21:22:34.432 [main] DEBUG org.hibernate.cfg.Ejb3Column - Binding column: Ejb3Column{table=org.hibernate.mapping.Table(user_detail), mappingColumn=id, insertable=true, updatable=true, unique=false}
21:22:34.432 [main] DEBUG org.hibernate.cfg.annotations.PropertyBinder - MetadataSourceProcessor property id with lazy=false
21:22:34.432 [main] DEBUG org.hibernate.cfg.AbstractPropertyHolder - Attempting to locate auto-apply AttributeConverter for property [com.shoppingbackend.model.User:id]
21:22:34.432 [main] DEBUG org.hibernate.cfg.annotations.SimpleValueBinder - building SimpleValue for id
21:22:34.432 [main] DEBUG org.hibernate.cfg.annotations.PropertyBinder - Building property id
21:22:34.432 [main] DEBUG org.hibernate.cfg.Ejb3Column - Binding column: Ejb3JoinColumn{logicalColumnName=&apos;null&apos;, referencedColumn=&apos;null&apos;, mappedBy=&apos;user&apos;}
21:22:34.432 [main] DEBUG org.hibernate.cfg.Ejb3Column - Binding column: Ejb3Column{table=org.hibernate.mapping.Table(user_detail), mappingColumn=cart, insertable=true, updatable=true, unique=false}
21:22:34.447 [main] DEBUG org.hibernate.cfg.Ejb3Column - Binding column: Ejb3Column{table=org.hibernate.mapping.Table(user_detail), mappingColumn=contact_number, insertable=true, updatable=true, unique=false}
21:22:34.447 [main] DEBUG org.hibernate.cfg.annotations.PropertyBinder - MetadataSourceProcessor property contactNumber with lazy=false
21:22:34.447 [main] DEBUG org.hibernate.cfg.AbstractPropertyHolder - Attempting to locate auto-apply AttributeConverter for property [com.shoppingbackend.model.User:contactNumber]
21:22:34.447 [main] DEBUG org.hibernate.cfg.annotations.SimpleValueBinder - building SimpleValue for contactNumber
21:22:34.447 [main] DEBUG org.hibernate.cfg.annotations.PropertyBinder - Building property contactNumber
21:22:34.447 [main] DEBUG org.hibernate.cfg.Ejb3Column - Binding column: Ejb3Column{table=org.hibernate.mapping.Table(user_detail), mappingColumn=email, insertable=true, updatable=true, unique=false}
21:22:34.447 [main] DEBUG org.hibernate.cfg.annotations.PropertyBinder - MetadataSourceProcessor property email with lazy=false
21:22:34.447 [main] DEBUG org.hibernate.cfg.AbstractPropertyHolder - Attempting to locate auto-apply AttributeConverter for property [com.shoppingbackend.model.User:email]
21:22:34.447 [main] DEBUG org.hibernate.cfg.annotations.SimpleValueBinder - building SimpleValue for email
21:22:34.447 [main] DEBUG org.hibernate.cfg.annotations.PropertyBinder - Building property email
21:22:34.447 [main] DEBUG org.hibernate.cfg.Ejb3Column - Binding column: Ejb3Column{table=org.hibernate.mapping.Table(user_detail), mappingColumn=enabled, insertable=true, updatable=true, unique=false}
21:22:34.447 [main] DEBUG org.hibernate.cfg.annotations.PropertyBinder - MetadataSourceProcessor property enabled with lazy=false
21:22:34.447 [main] DEBUG org.hibernate.cfg.AbstractPropertyHolder - Attempting to locate auto-apply AttributeConverter for property [com.shoppingbackend.model.User:enabled]
21:22:34.447 [main] DEBUG org.hibernate.cfg.annotations.SimpleValueBinder - building SimpleValue for enabled
21:22:34.447 [main] DEBUG org.hibernate.cfg.annotations.PropertyBinder - Building property enabled
21:22:34.447 [main] DEBUG org.hibernate.cfg.Ejb3Column - Binding column: Ejb3Column{table=org.hibernate.mapping.Table(user_detail), mappingColumn=first_name, insertable=true, updatable=true, unique=false}
21:22:34.447 [main] DEBUG org.hibernate.cfg.annotations.PropertyBinder - MetadataSourceProcessor property firstName with lazy=false
21:22:34.447 [main] DEBUG org.hibernate.cfg.AbstractPropertyHolder - Attempting to locate auto-apply AttributeConverter for property [com.shoppingbackend.model.User:firstName]
21:22:34.447 [main] DEBUG org.hibernate.cfg.annotations.SimpleValueBinder - building SimpleValue for firstName
21:22:34.447 [main] DEBUG org.hibernate.cfg.annotations.PropertyBinder - Building property firstName
21:22:34.447 [main] DEBUG org.hibernate.cfg.Ejb3Column - Binding column: Ejb3Column{table=org.hibernate.mapping.Table(user_detail), mappingColumn=last_name, insertable=true, updatable=true, unique=false}
21:22:34.447 [main] DEBUG org.hibernate.cfg.annotations.PropertyBinder - MetadataSourceProcessor property lastName with lazy=false
21:22:34.447 [main] DEBUG org.hibernate.cfg.AbstractPropertyHolder - Attempting to locate auto-apply AttributeConverter for property [com.shoppingbackend.model.User:lastName]
21:22:34.447 [main] DEBUG org.hibernate.cfg.annotations.SimpleValueBinder - building SimpleValue for lastName
21:22:34.447 [main] DEBUG org.hibernate.cfg.annotations.PropertyBinder - Building property lastName
21:22:34.447 [main] DEBUG org.hibernate.cfg.Ejb3Column - Binding column: Ejb3Column{table=org.hibernate.mapping.Table(user_detail), mappingColumn=password, insertable=true, updatable=true, unique=false}
21:22:34.447 [main] DEBUG org.hibernate.cfg.annotations.PropertyBinder - MetadataSourceProcessor property password with lazy=false
21:22:34.447 [main] DEBUG org.hibernate.cfg.AbstractPropertyHolder - Attempting to locate auto-apply AttributeConverter for property [com.shoppingbackend.model.User:password]
21:22:34.447 [main] DEBUG org.hibernate.cfg.annotations.SimpleValueBinder - building SimpleValue for password
21:22:34.447 [main] DEBUG org.hibernate.cfg.annotations.PropertyBinder - Building property password
21:22:34.447 [main] DEBUG org.hibernate.cfg.Ejb3Column - Binding column: Ejb3Column{table=org.hibernate.mapping.Table(user_detail), mappingColumn=role, insertable=true, updatable=true, unique=false}
21:22:34.447 [main] DEBUG org.hibernate.cfg.annotations.PropertyBinder - MetadataSourceProcessor property role with lazy=false
21:22:34.447 [main] DEBUG org.hibernate.cfg.AbstractPropertyHolder - Attempting to locate auto-apply AttributeConverter for property [com.shoppingbackend.model.User:role]
21:22:34.447 [main] DEBUG org.hibernate.cfg.annotations.SimpleValueBinder - building SimpleValue for role
21:22:34.447 [main] DEBUG org.hibernate.cfg.annotations.PropertyBinder - Building property role
21:22:34.447 [main] DEBUG org.hibernate.cfg.annotations.SimpleValueBinder - Starting fillSimpleValue for id
21:22:34.553 [main] DEBUG org.hibernate.cfg.annotations.SimpleValueBinder - Starting fillSimpleValue for addressLineOne
21:22:34.554 [main] DEBUG org.hibernate.cfg.annotations.SimpleValueBinder - Starting fillSimpleValue for addressLineTwo
21:22:34.561 [main] DEBUG org.hibernate.cfg.annotations.SimpleValueBinder - Starting fillSimpleValue for billing
21:22:34.562 [main] DEBUG org.hibernate.cfg.annotations.SimpleValueBinder - Starting fillSimpleValue for city
21:22:34.562 [main] DEBUG org.hibernate.cfg.annotations.SimpleValueBinder - Starting fillSimpleValue for country
21:22:34.562 [main] DEBUG org.hibernate.cfg.annotations.SimpleValueBinder - Starting fillSimpleValue for postalCode
21:22:34.563 [main] DEBUG org.hibernate.cfg.annotations.SimpleValueBinder - Starting fillSimpleValue for shipping
21:22:34.563 [main] DEBUG org.hibernate.cfg.annotations.SimpleValueBinder - Starting fillSimpleValue for state
21:22:34.563 [main] DEBUG org.hibernate.cfg.annotations.SimpleValueBinder - Starting fillSimpleValue for userId
21:22:34.563 [main] DEBUG org.hibernate.cfg.annotations.SimpleValueBinder - Starting fillSimpleValue for id
21:22:34.565 [main] DEBUG org.hibernate.cfg.annotations.SimpleValueBinder - Starting fillSimpleValue for cartLines
21:22:34.565 [main] DEBUG org.hibernate.cfg.annotations.SimpleValueBinder - Starting fillSimpleValue for grandTotal
21:22:34.565 [main] DEBUG org.hibernate.cfg.annotations.SimpleValueBinder - Starting fillSimpleValue for id
21:22:34.565 [main] DEBUG org.hibernate.cfg.annotations.SimpleValueBinder - Starting fillSimpleValue for available
21:22:34.565 [main] DEBUG org.hibernate.cfg.annotations.SimpleValueBinder - Starting fillSimpleValue for buyingPrice
21:22:34.566 [main] DEBUG org.hibernate.cfg.annotations.SimpleValueBinder - Starting fillSimpleValue for cartId
21:22:34.566 [main] DEBUG org.hibernate.cfg.annotations.SimpleValueBinder - Starting fillSimpleValue for productCount
21:22:34.566 [main] DEBUG org.hibernate.cfg.annotations.SimpleValueBinder - Starting fillSimpleValue for total
21:22:34.566 [main] DEBUG org.hibernate.cfg.annotations.SimpleValueBinder - Starting fillSimpleValue for id
21:22:34.567 [main] DEBUG org.hibernate.cfg.annotations.SimpleValueBinder - Starting fillSimpleValue for active
21:22:34.567 [main] DEBUG org.hibernate.cfg.annotations.SimpleValueBinder - Starting fillSimpleValue for description
21:22:34.567 [main] DEBUG org.hibernate.cfg.annotations.SimpleValueBinder - Starting fillSimpleValue for name
21:22:34.567 [main] DEBUG org.hibernate.cfg.annotations.SimpleValueBinder - Starting fillSimpleValue for id
21:22:34.572 [main] DEBUG org.hibernate.cfg.annotations.SimpleValueBinder - Starting fillSimpleValue for orderCount
21:22:34.572 [main] DEBUG org.hibernate.cfg.annotations.SimpleValueBinder - Starting fillSimpleValue for orderDate
21:22:34.572 [main] DEBUG org.hibernate.cfg.annotations.SimpleValueBinder - Starting fillSimpleValue for orderTotal
21:22:34.573 [main] DEBUG org.hibernate.cfg.annotations.SimpleValueBinder - Starting fillSimpleValue for id
21:22:34.573 [main] DEBUG org.hibernate.cfg.annotations.SimpleValueBinder - Starting fillSimpleValue for buyingPrice
21:22:34.573 [main] DEBUG org.hibernate.cfg.annotations.SimpleValueBinder - Starting fillSimpleValue for productCount
21:22:34.573 [main] DEBUG org.hibernate.cfg.annotations.SimpleValueBinder - Starting fillSimpleValue for total
21:22:34.574 [main] DEBUG org.hibernate.cfg.annotations.SimpleValueBinder - Starting fillSimpleValue for id
21:22:34.574 [main] DEBUG org.hibernate.cfg.annotations.SimpleValueBinder - Starting fillSimpleValue for active
21:22:34.575 [main] DEBUG org.hibernate.cfg.annotations.SimpleValueBinder - Starting fillSimpleValue for brand
21:22:34.575 [main] DEBUG org.hibernate.cfg.annotations.SimpleValueBinder - Starting fillSimpleValue for categoryId
21:22:34.575 [main] DEBUG org.hibernate.cfg.annotations.SimpleValueBinder - Starting fillSimpleValue for code
21:22:34.575 [main] DEBUG org.hibernate.cfg.annotations.SimpleValueBinder - Starting fillSimpleValue for description
21:22:34.576 [main] DEBUG org.hibernate.cfg.annotations.SimpleValueBinder - Starting fillSimpleValue for name
21:22:34.576 [main] DEBUG org.hibernate.cfg.annotations.SimpleValueBinder - Starting fillSimpleValue for purchases
21:22:34.576 [main] DEBUG org.hibernate.cfg.annotations.SimpleValueBinder - Starting fillSimpleValue for quantity
21:22:34.577 [main] DEBUG org.hibernate.cfg.annotations.SimpleValueBinder - Starting fillSimpleValue for supplierId
21:22:34.577 [main] DEBUG org.hibernate.cfg.annotations.SimpleValueBinder - Starting fillSimpleValue for unitPrice
21:22:34.577 [main] DEBUG org.hibernate.cfg.annotations.SimpleValueBinder - Starting fillSimpleValue for views
21:22:34.577 [main] DEBUG org.hibernate.cfg.annotations.SimpleValueBinder - Starting fillSimpleValue for sid
21:22:34.577 [main] DEBUG org.hibernate.cfg.annotations.SimpleValueBinder - Starting fillSimpleValue for supplierName
21:22:34.578 [main] DEBUG org.hibernate.cfg.annotations.SimpleValueBinder - Starting fillSimpleValue for id
21:22:34.578 [main] DEBUG org.hibernate.cfg.annotations.SimpleValueBinder - Starting fillSimpleValue for contactNumber
21:22:34.581 [main] DEBUG org.hibernate.cfg.annotations.SimpleValueBinder - Starting fillSimpleValue for email
21:22:34.609 [main] DEBUG org.hibernate.cfg.annotations.SimpleValueBinder - Starting fillSimpleValue for enabled
21:22:34.609 [main] DEBUG org.hibernate.cfg.annotations.SimpleValueBinder - Starting fillSimpleValue for firstName
21:22:34.610 [main] DEBUG org.hibernate.cfg.annotations.SimpleValueBinder - Starting fillSimpleValue for lastName
21:22:34.610 [main] DEBUG org.hibernate.cfg.annotations.SimpleValueBinder - Starting fillSimpleValue for password
21:22:34.610 [main] DEBUG org.hibernate.cfg.annotations.SimpleValueBinder - Starting fillSimpleValue for role
21:22:34.611 [main] DEBUG org.hibernate.mapping.PrimaryKey - Forcing column [id] to be non-null as it is part of the primary key for table [address]
21:22:34.611 [main] DEBUG org.hibernate.mapping.PrimaryKey - Forcing column [id] to be non-null as it is part of the primary key for table [cart]
21:22:34.612 [main] DEBUG org.hibernate.mapping.PrimaryKey - Forcing column [id] to be non-null as it is part of the primary key for table [cart_line]
21:22:34.612 [main] DEBUG org.hibernate.mapping.PrimaryKey - Forcing column [id] to be non-null as it is part of the primary key for table [category]
21:22:34.612 [main] DEBUG org.hibernate.mapping.PrimaryKey - Forcing column [id] to be non-null as it is part of the primary key for table [order_detail]
21:22:34.612 [main] DEBUG org.hibernate.mapping.PrimaryKey - Forcing column [id] to be non-null as it is part of the primary key for table [order_item]
21:22:34.613 [main] DEBUG org.hibernate.mapping.PrimaryKey - Forcing column [id] to be non-null as it is part of the primary key for table [product]
21:22:34.615 [main] DEBUG org.hibernate.mapping.PrimaryKey - Forcing column [sid] to be non-null as it is part of the primary key for table [supplier]
21:22:34.615 [main] DEBUG org.hibernate.mapping.PrimaryKey - Forcing column [id] to be non-null as it is part of the primary key for table [user_detail]
21:22:34.616 [main] DEBUG org.hibernate.cfg.CollectionSecondPass - Second pass for collection: com.shoppingbackend.model.OrderDetail.orderItems
21:22:34.637 [main] DEBUG org.hibernate.cfg.annotations.CollectionBinder - Binding a OneToMany: com.shoppingbackend.model.OrderDetail.orderItems through a foreign key
21:22:34.637 [main] DEBUG org.hibernate.cfg.annotations.CollectionBinder - Mapping collection: com.shoppingbackend.model.OrderDetail.orderItems -&gt; order_item
21:22:34.638 [main] DEBUG org.hibernate.cfg.annotations.TableBinder - Retrieving property com.shoppingbackend.model.OrderItem.orderDetail
21:22:34.638 [main] DEBUG org.hibernate.cfg.CollectionSecondPass - Mapped collection key: order_id, one-to-many: com.shoppingbackend.model.OrderItem
21:22:34.638 [main] DEBUG org.hibernate.cfg.annotations.PropertyBinder - Building property cart
21:22:34.639 [main] DEBUG org.hibernate.boot.internal.InFlightMetadataCollectorImpl - Processing association property references
21:22:34.639 [main] DEBUG org.hibernate.boot.internal.InFlightMetadataCollectorImpl - Resolving reference to class: com.shoppingbackend.model.User
21:22:34.640 [main] DEBUG org.hibernate.boot.internal.InFlightMetadataCollectorImpl - Resolving reference to class: com.shoppingbackend.model.Product
21:22:34.640 [main] DEBUG org.hibernate.boot.internal.InFlightMetadataCollectorImpl - Resolving reference to class: com.shoppingbackend.model.Address
21:22:34.641 [main] DEBUG org.hibernate.boot.internal.InFlightMetadataCollectorImpl - Resolving reference to class: com.shoppingbackend.model.Address
21:22:34.642 [main] DEBUG org.hibernate.boot.internal.InFlightMetadataCollectorImpl - Resolving reference to class: com.shoppingbackend.model.User
21:22:34.643 [main] DEBUG org.hibernate.boot.internal.InFlightMetadataCollectorImpl - Resolving reference to class: com.shoppingbackend.model.OrderDetail
21:22:34.675 [main] DEBUG org.hibernate.boot.internal.InFlightMetadataCollectorImpl - Resolving reference to class: com.shoppingbackend.model.Product
21:22:34.676 [main] DEBUG org.hibernate.boot.internal.InFlightMetadataCollectorImpl - Processing association property references
21:22:34.680 [main] DEBUG org.hibernate.boot.internal.InFlightMetadataCollectorImpl - Resolving reference to class: com.shoppingbackend.model.User
21:22:34.680 [main] DEBUG org.hibernate.boot.internal.InFlightMetadataCollectorImpl - Resolving reference to class: com.shoppingbackend.model.Product
21:22:34.680 [main] DEBUG org.hibernate.boot.internal.InFlightMetadataCollectorImpl - Resolving reference to class: com.shoppingbackend.model.Address
21:22:34.681 [main] DEBUG org.hibernate.boot.internal.InFlightMetadataCollectorImpl - Resolving reference to class: com.shoppingbackend.model.Address
21:22:34.681 [main] DEBUG org.hibernate.boot.internal.InFlightMetadataCollectorImpl - Resolving reference to class: com.shoppingbackend.model.User
21:22:34.681 [main] DEBUG org.hibernate.boot.internal.InFlightMetadataCollectorImpl - Resolving reference to class: com.shoppingbackend.model.OrderDetail
21:22:34.681 [main] DEBUG org.hibernate.boot.internal.InFlightMetadataCollectorImpl - Resolving reference to class: com.shoppingbackend.model.Product
21:22:34.690 [main] DEBUG org.hibernate.internal.SessionFactoryImpl - Building session factory
21:22:34.691 [main] DEBUG org.hibernate.cfg.Settings - SessionFactory name : null
21:22:34.691 [main] DEBUG org.hibernate.cfg.Settings - Automatic flush during beforeCompletion(): enabled
21:22:34.691 [main] DEBUG org.hibernate.cfg.Settings - Automatic session close at end of transaction: disabled
21:22:34.692 [main] DEBUG org.hibernate.cfg.Settings - Statistics: disabled
21:22:34.692 [main] DEBUG org.hibernate.cfg.Settings - Deleted entity synthetic identifier rollback: disabled
21:22:34.692 [main] DEBUG org.hibernate.cfg.Settings - Default entity-mode: pojo
21:22:34.692 [main] DEBUG org.hibernate.cfg.Settings - Check Nullability in Core (should be disabled when Bean Validation is on): enabled
21:22:34.692 [main] DEBUG org.hibernate.cfg.Settings - Allow initialization of lazy state outside session : disabled
21:22:34.693 [main] DEBUG org.hibernate.cfg.Settings - Using BatchFetchStyle : LEGACY
21:22:34.693 [main] DEBUG org.hibernate.cfg.Settings - Default batch fetch size: -1
21:22:34.693 [main] DEBUG org.hibernate.cfg.Settings - Maximum outer join fetch depth: null
21:22:34.693 [main] DEBUG org.hibernate.cfg.Settings - Default null ordering: NONE
21:22:34.693 [main] DEBUG org.hibernate.cfg.Settings - Order SQL updates by primary key: disabled
21:22:34.694 [main] DEBUG org.hibernate.cfg.Settings - Order SQL inserts for batching: disabled
21:22:34.694 [main] DEBUG org.hibernate.cfg.Settings - multi-tenancy strategy : NONE
21:22:34.694 [main] DEBUG org.hibernate.cfg.Settings - JTA Track by Thread: enabled
21:22:34.694 [main] DEBUG org.hibernate.cfg.Settings - Query language substitutions: {}
21:22:34.695 [main] DEBUG org.hibernate.cfg.Settings - JPA query language strict compliance: disabled
21:22:34.695 [main] DEBUG org.hibernate.cfg.Settings - Named query checking : enabled
21:22:34.695 [main] DEBUG org.hibernate.cfg.Settings - Second-level cache: enabled
21:22:34.703 [main] DEBUG org.hibernate.cfg.Settings - Second-level query cache: disabled
21:22:34.703 [main] DEBUG org.hibernate.cfg.Settings - Second-level query cache factory: org.hibernate.cache.internal.StandardQueryCacheFactory@fd46303
21:22:34.703 [main] DEBUG org.hibernate.cfg.Settings - Second-level cache region prefix: null
21:22:34.704 [main] DEBUG org.hibernate.cfg.Settings - Optimize second-level cache for minimal puts: disabled
21:22:34.704 [main] DEBUG org.hibernate.cfg.Settings - Structured second-level cache entries: disabled
21:22:34.704 [main] DEBUG org.hibernate.cfg.Settings - Second-level cache direct-reference entries: disabled
21:22:34.704 [main] DEBUG org.hibernate.cfg.Settings - Automatic eviction of collection cache: disabled
21:22:34.704 [main] DEBUG org.hibernate.cfg.Settings - JDBC batch size: 15
21:22:34.705 [main] DEBUG org.hibernate.cfg.Settings - JDBC batch updates for versioned data: enabled
21:22:34.705 [main] DEBUG org.hibernate.cfg.Settings - Scrollable result sets: enabled
21:22:34.705 [main] DEBUG org.hibernate.cfg.Settings - Wrap result sets: disabled
21:22:34.705 [main] DEBUG org.hibernate.cfg.Settings - JDBC3 getGeneratedKeys(): enabled
21:22:34.706 [main] DEBUG org.hibernate.cfg.Settings - JDBC result set fetch size: null
21:22:34.706 [main] DEBUG org.hibernate.cfg.Settings - Connection release mode: ON_CLOSE
21:22:34.706 [main] DEBUG org.hibernate.cfg.Settings - Generate SQL with comments: disabled
21:22:34.710 [main] DEBUG org.hibernate.internal.SessionFactoryImpl - Session factory constructed with filter configurations : {}
21:22:34.711 [main] DEBUG org.hibernate.internal.SessionFactoryImpl - Instantiating session factory with properties: {sun.desktop=windows, hibernate.format_sql=true, awt.toolkit=sun.awt.windows.WToolkit, file.encoding.pkg=sun.io, java.specification.version=1.8, hibernate.connection.handling_mode=DELAYED_ACQUISITION_AND_HOLD, sun.cpu.isalist=amd64, sun.jnu.encoding=Cp1252, hibernate.dialect=org.hibernate.dialect.H2Dialect, java.class.path=C:\Users\bhano\virtual-Tranning\shoppingbackend\target\test-classes;C:\Users\bhano\virtual-Tranning\shoppingbackend\target\classes;C:\Users\bhano\.m2\repository\junit\junit\4.12\junit-4.12.jar;C:\Users\bhano\.m2\repository\org\hamcrest\hamcrest-core\1.3\hamcrest-core-1.3.jar;C:\Users\bhano\.m2\repository\org\springframework\spring-core\4.3.6.RELEASE\spring-core-4.3.6.RELEASE.jar;C:\Users\bhano\.m2\repository\org\springframework\spring-context\4.3.6.RELEASE\spring-context-4.3.6.RELEASE.jar;C:\Users\bhano\.m2\repository\org\springframework\spring-aop\4.3.6.RELEASE\spring-aop-4.3.6.RELEASE.jar;C:\Users\bhano\.m2\repository\org\springframework\spring-beans\4.3.6.RELEASE\spring-beans-4.3.6.RELEASE.jar;C:\Users\bhano\.m2\repository\org\springframework\spring-expression\4.3.6.RELEASE\spring-expression-4.3.6.RELEASE.jar;C:\Users\bhano\.m2\repository\org\springframework\spring-web\4.3.6.RELEASE\spring-web-4.3.6.RELEASE.jar;C:\Users\bhano\.m2\repository\org\springframework\spring-orm\4.3.6.RELEASE\spring-orm-4.3.6.RELEASE.jar;C:\Users\bhano\.m2\repository\org\springframework\spring-jdbc\4.3.6.RELEASE\spring-jdbc-4.3.6.RELEASE.jar;C:\Users\bhano\.m2\repository\org\springframework\spring-tx\4.3.6.RELEASE\spring-tx-4.3.6.RELEASE.jar;C:\Users\bhano\.m2\repository\com\h2database\h2\1.4.196\h2-1.4.196.jar;C:\Users\bhano\.m2\repository\org\hibernate\hibernate-core\5.2.7.Final\hibernate-core-5.2.7.Final.jar;C:\Users\bhano\.m2\repository\org\jboss\logging\jboss-logging\3.3.0.Final\jboss-logging-3.3.0.Final.jar;C:\Users\bhano\.m2\repository\org\hibernate\javax\persistence\hibernate-jpa-2.1-api\1.0.0.Final\hibernate-jpa-2.1-api-1.0.0.Final.jar;C:\Users\bhano\.m2\repository\org\javassist\javassist\3.20.0-GA\javassist-3.20.0-GA.jar;C:\Users\bhano\.m2\repository\antlr\antlr\2.7.7\antlr-2.7.7.jar;C:\Users\bhano\.m2\repository\org\apache\geronimo\specs\geronimo-jta_1.1_spec\1.1.1\geronimo-jta_1.1_spec-1.1.1.jar;C:\Users\bhano\.m2\repository\org\jboss\jandex\2.0.3.Final\jandex-2.0.3.Final.jar;C:\Users\bhano\.m2\repository\com\fasterxml\classmate\1.3.0\classmate-1.3.0.jar;C:\Users\bhano\.m2\repository\dom4j\dom4j\1.6.1\dom4j-1.6.1.jar;C:\Users\bhano\.m2\repository\org\hibernate\common\hibernate-commons-annotations\5.0.1.Final\hibernate-commons-annotations-5.0.1.Final.jar;C:\Users\bhano\.m2\repository\org\apache\commons\commons-dbcp2\2.1.1\commons-dbcp2-2.1.1.jar;C:\Users\bhano\.m2\repository\org\apache\commons\commons-pool2\2.4.2\commons-pool2-2.4.2.jar;C:\Users\bhano\.m2\repository\com\fasterxml\jackson\core\jackson-databind\2.8.7\jackson-databind-2.8.7.jar;C:\Users\bhano\.m2\repository\com\fasterxml\jackson\core\jackson-core\2.8.7\jackson-core-2.8.7.jar;C:\Users\bhano\.m2\repository\com\fasterxml\jackson\core\jackson-annotations\2.8.7\jackson-annotations-2.8.7.jar;C:\Users\bhano\.m2\repository\ch\qos\logback\logback-classic\1.2.1\logback-classic-1.2.1.jar;C:\Users\bhano\.m2\repository\ch\qos\logback\logback-core\1.2.1\logback-core-1.2.1.jar;C:\Users\bhano\.m2\repository\org\slf4j\slf4j-api\1.7.22\slf4j-api-1.7.22.jar;C:\Users\bhano\.m2\repository\org\slf4j\jcl-over-slf4j\1.7.24\jcl-over-slf4j-1.7.24.jar;C:\Users\bhano\.m2\repository\org\hibernate\hibernate-validator\5.4.1.Final\hibernate-validator-5.4.1.Final.jar;C:\Users\bhano\.m2\repository\javax\validation\validation-api\1.1.0.Final\validation-api-1.1.0.Final.jar;, java.vm.vendor=Oracle Corporation, sun.arch.data.model=64, user.variant=, java.vendor.url=http://java.oracle.com/, user.timezone=Asia/Calcutta, os.name=Windows 10, java.vm.specification.version=1.8, user.country=IN, sun.java.launcher=SUN_STANDARD, sun.boot.library.path=C:\Program Files\Java\jdk1.8.0_144\jre\bin, sun.java.command=C:\Users\bhano\virtual-Tranning\shoppingbackend\target\surefire\surefirebooter4001990727665369637.jar C:\Users\bhano\virtual-Tranning\shoppingbackend\target\surefire\surefire7849531154089050505tmp C:\Users\bhano\virtual-Tranning\shoppingbackend\target\surefire\surefire_06165427392573227903tmp, surefire.test.class.path=C:\Users\bhano\virtual-Tranning\shoppingbackend\target\test-classes;C:\Users\bhano\virtual-Tranning\shoppingbackend\target\classes;C:\Users\bhano\.m2\repository\junit\junit\4.12\junit-4.12.jar;C:\Users\bhano\.m2\repository\org\hamcrest\hamcrest-core\1.3\hamcrest-core-1.3.jar;C:\Users\bhano\.m2\repository\org\springframework\spring-core\4.3.6.RELEASE\spring-core-4.3.6.RELEASE.jar;C:\Users\bhano\.m2\repository\org\springframework\spring-context\4.3.6.RELEASE\spring-context-4.3.6.RELEASE.jar;C:\Users\bhano\.m2\repository\org\springframework\spring-aop\4.3.6.RELEASE\spring-aop-4.3.6.RELEASE.jar;C:\Users\bhano\.m2\repository\org\springframework\spring-beans\4.3.6.RELEASE\spring-beans-4.3.6.RELEASE.jar;C:\Users\bhano\.m2\repository\org\springframework\spring-expression\4.3.6.RELEASE\spring-expression-4.3.6.RELEASE.jar;C:\Users\bhano\.m2\repository\org\springframework\spring-web\4.3.6.RELEASE\spring-web-4.3.6.RELEASE.jar;C:\Users\bhano\.m2\repository\org\springframework\spring-orm\4.3.6.RELEASE\spring-orm-4.3.6.RELEASE.jar;C:\Users\bhano\.m2\repository\org\springframework\spring-jdbc\4.3.6.RELEASE\spring-jdbc-4.3.6.RELEASE.jar;C:\Users\bhano\.m2\repository\org\springframework\spring-tx\4.3.6.RELEASE\spring-tx-4.3.6.RELEASE.jar;C:\Users\bhano\.m2\repository\com\h2database\h2\1.4.196\h2-1.4.196.jar;C:\Users\bhano\.m2\repository\org\hibernate\hibernate-core\5.2.7.Final\hibernate-core-5.2.7.Final.jar;C:\Users\bhano\.m2\repository\org\jboss\logging\jboss-logging\3.3.0.Final\jboss-logging-3.3.0.Final.jar;C:\Users\bhano\.m2\repository\org\hibernate\javax\persistence\hibernate-jpa-2.1-api\1.0.0.Final\hibernate-jpa-2.1-api-1.0.0.Final.jar;C:\Users\bhano\.m2\repository\org\javassist\javassist\3.20.0-GA\javassist-3.20.0-GA.jar;C:\Users\bhano\.m2\repository\antlr\antlr\2.7.7\antlr-2.7.7.jar;C:\Users\bhano\.m2\repository\org\apache\geronimo\specs\geronimo-jta_1.1_spec\1.1.1\geronimo-jta_1.1_spec-1.1.1.jar;C:\Users\bhano\.m2\repository\org\jboss\jandex\2.0.3.Final\jandex-2.0.3.Final.jar;C:\Users\bhano\.m2\repository\com\fasterxml\classmate\1.3.0\classmate-1.3.0.jar;C:\Users\bhano\.m2\repository\dom4j\dom4j\1.6.1\dom4j-1.6.1.jar;C:\Users\bhano\.m2\repository\org\hibernate\common\hibernate-commons-annotations\5.0.1.Final\hibernate-commons-annotations-5.0.1.Final.jar;C:\Users\bhano\.m2\repository\org\apache\commons\commons-dbcp2\2.1.1\commons-dbcp2-2.1.1.jar;C:\Users\bhano\.m2\repository\org\apache\commons\commons-pool2\2.4.2\commons-pool2-2.4.2.jar;C:\Users\bhano\.m2\repository\com\fasterxml\jackson\core\jackson-databind\2.8.7\jackson-databind-2.8.7.jar;C:\Users\bhano\.m2\repository\com\fasterxml\jackson\core\jackson-core\2.8.7\jackson-core-2.8.7.jar;C:\Users\bhano\.m2\repository\com\fasterxml\jackson\core\jackson-annotations\2.8.7\jackson-annotations-2.8.7.jar;C:\Users\bhano\.m2\repository\ch\qos\logback\logback-classic\1.2.1\logback-classic-1.2.1.jar;C:\Users\bhano\.m2\repository\ch\qos\logback\logback-core\1.2.1\logback-core-1.2.1.jar;C:\Users\bhano\.m2\repository\org\slf4j\slf4j-api\1.7.22\slf4j-api-1.7.22.jar;C:\Users\bhano\.m2\repository\org\slf4j\jcl-over-slf4j\1.7.24\jcl-over-slf4j-1.7.24.jar;C:\Users\bhano\.m2\repository\org\hibernate\hibernate-validator\5.4.1.Final\hibernate-validator-5.4.1.Final.jar;C:\Users\bhano\.m2\repository\javax\validation\validation-api\1.1.0.Final\validation-api-1.1.0.Final.jar;, sun.cpu.endian=little, user.home=C:\Users\bhano, user.language=en, java.specification.vendor=Oracle Corporation, java.home=C:\Program Files\Java\jdk1.8.0_144\jre, basedir=C:\Users\bhano\virtual-Tranning\shoppingbackend, file.separator=\, line.separator=
, java.vm.specification.vendor=Oracle Corporation, java.specification.name=Java Platform API Specification, java.awt.graphicsenv=sun.awt.Win32GraphicsEnvironment, surefire.real.class.path=C:\Users\bhano\virtual-Tranning\shoppingbackend\target\surefire\surefirebooter4001990727665369637.jar, sun.boot.class.path=C:\Program Files\Java\jdk1.8.0_144\jre\lib\resources.jar;C:\Program Files\Java\jdk1.8.0_144\jre\lib\rt.jar;C:\Program Files\Java\jdk1.8.0_144\jre\lib\sunrsasign.jar;C:\Program Files\Java\jdk1.8.0_144\jre\lib\jsse.jar;C:\Program Files\Java\jdk1.8.0_144\jre\lib\jce.jar;C:\Program Files\Java\jdk1.8.0_144\jre\lib\charsets.jar;C:\Program Files\Java\jdk1.8.0_144\jre\lib\jfr.jar;C:\Program Files\Java\jdk1.8.0_144\jre\classes, hibernate.hbm2ddl.auto=update, user.script=, sun.management.compiler=HotSpot 64-Bit Tiered Compilers, java.runtime.version=1.8.0_144-b01, user.name=bhano, path.separator=;, os.version=10.0, java.endorsed.dirs=C:\Program Files\Java\jdk1.8.0_144\jre\lib\endorsed, java.runtime.name=Java(TM) SE Runtime Environment, file.encoding=Cp1252, java.vm.name=Java HotSpot(TM) 64-Bit Server VM, hibernate.show_sql=true, hibernate.classLoaders=[sun.misc.Launcher$AppClassLoader@6bc7c054], hibernate.current_session_context_class=org.springframework.orm.hibernate5.SpringSessionContext, localRepository=C:\Users\bhano\.m2\repository, java.vendor.url.bug=http://bugreport.sun.com/bugreport/, java.io.tmpdir=C:\Users\bhano\AppData\Local\Temp\, java.version=1.8.0_144, user.dir=C:\Users\bhano\virtual-Tranning\shoppingbackend, os.arch=amd64, java.vm.specification.name=Java Virtual Machine Specification, java.awt.printerjob=sun.awt.windows.WPrinterJob, sun.os.patch.level=, hibernate.boot.CfgXmlAccessService.key=org.hibernate.boot.cfgxml.spi.LoadedConfig@34cf294c, java.library.path=C:\Program Files\Java\jdk1.8.0_144\jre\bin;C:\WINDOWS\Sun\Java\bin;C:\WINDOWS\system32;C:\WINDOWS;C:/Program Files/Java/jdk1.8.0_144/bin/../jre/bin/server;C:/Program Files/Java/jdk1.8.0_144/bin/../jre/bin;C:/Program Files/Java/jdk1.8.0_144/bin/../jre/lib/amd64;E:\app\bhano\virtual\product\12.2.0\dbhome_1\bin;E:\app\bhanoo\virtual\product\12.2.0\dbhome_1\bin;E:\app\bhano\product\11.2.0\dbhome_1\bin;C:\WINDOWS\system32;C:\WINDOWS;C:\WINDOWS\System32\Wbem;C:\WINDOWS\System32\WindowsPowerShell\v1.0\;C:\software-1\apache-maven-3.5.0-bin\apache-maven-3.5.0\bin;C:\Program Files (x86)\H2\bin;C:\Program Files\Java\jdk1.8.0_144\bin\;E:\app\bhano\virtual;C:\Program Files (x86)\Common Files\lenovo\easyplussdk\bin;E:\angular\nodejs\;C:\Program Files\Git\bin;C:\Users\bhano\AppData\Local\Microsoft\WindowsApps;;C:\Program Files\Microsoft VS Code\bin;C:\Users\bhano\AppData\Roaming\npm;F:\2016 soft\eclipse-jee-oxygen-R-win32-x86_64 (2)\eclipse;;., java.vm.info=mixed mode, java.vendor=Oracle Corporation, java.vm.version=25.144-b01, hibernate.bytecode.use_reflection_optimizer=false, hibernate.connection.datasource=org.apache.commons.dbcp2.BasicDataSource@7d0614f, java.ext.dirs=C:\Program Files\Java\jdk1.8.0_144\jre\lib\ext;C:\WINDOWS\Sun\Java\lib\ext, sun.io.unicode.encoding=UnicodeLittle, java.class.version=52.0}
21:22:34.713 [main] DEBUG org.hibernate.validator.internal.engine.resolver.DefaultTraversableResolver - Found javax.persistence.Persistence on classpath containing &apos;getPersistenceUtil&apos;. Assuming JPA 2 environment. Trying to instantiate JPA aware TraversableResolver
21:22:34.715 [main] DEBUG org.hibernate.validator.internal.engine.resolver.DefaultTraversableResolver - Instantiated JPA aware TraversableResolver of type org.hibernate.validator.internal.engine.resolver.JPATraversableResolver.
21:22:34.715 [main] DEBUG org.hibernate.validator.internal.xml.ValidationXmlParser - Trying to load META-INF/validation.xml for XML based Validator configuration.
21:22:34.715 [main] DEBUG org.hibernate.validator.internal.xml.ResourceLoaderHelper - Trying to load META-INF/validation.xml via TCCL
21:22:34.716 [main] DEBUG org.hibernate.validator.internal.xml.ResourceLoaderHelper - Trying to load META-INF/validation.xml via Hibernate Validator&apos;s class loader
21:22:34.717 [main] DEBUG org.hibernate.validator.internal.xml.ValidationXmlParser - No META-INF/validation.xml found. Using annotation based configuration only.
21:22:34.718 [main] DEBUG org.hibernate.cfg.beanvalidation.TypeSafeActivator - Unable to acquire Bean Validation ValidatorFactory, skipping activation
21:22:34.718 [main] DEBUG org.hibernate.secure.spi.JaccIntegrator - Skipping JACC integration as it was not enabled
21:22:34.718 [main] DEBUG org.hibernate.internal.SessionFactoryImpl - Instantiated session factory
21:22:34.719 [main] DEBUG org.hibernate.boot.internal.ClassLoaderAccessImpl - Not known whether passed class name [com.shoppingbackend.model.OrderDetail] is safe
21:22:34.719 [main] DEBUG org.hibernate.boot.internal.ClassLoaderAccessImpl - No temp ClassLoader provided; using live ClassLoader for loading potentially unsafe class : com.shoppingbackend.model.OrderDetail
21:22:34.720 [main] DEBUG org.hibernate.boot.internal.ClassLoaderAccessImpl - Not known whether passed class name [com.shoppingbackend.model.OrderDetail] is safe
21:22:34.721 [main] DEBUG org.hibernate.boot.internal.ClassLoaderAccessImpl - No temp ClassLoader provided; using live ClassLoader for loading potentially unsafe class : com.shoppingbackend.model.OrderDetail
21:22:34.731 [main] DEBUG org.hibernate.boot.internal.ClassLoaderAccessImpl - Not known whether passed class name [com.shoppingbackend.model.CartLine] is safe
21:22:34.732 [main] DEBUG org.hibernate.boot.internal.ClassLoaderAccessImpl - No temp ClassLoader provided; using live ClassLoader for loading potentially unsafe class : com.shoppingbackend.model.CartLine
21:22:34.734 [main] DEBUG org.hibernate.boot.internal.ClassLoaderAccessImpl - Not known whether passed class name [com.shoppingbackend.model.CartLine] is safe
21:22:34.734 [main] DEBUG org.hibernate.boot.internal.ClassLoaderAccessImpl - No temp ClassLoader provided; using live ClassLoader for loading potentially unsafe class : com.shoppingbackend.model.CartLine
21:22:34.822 [main] DEBUG org.hibernate.boot.internal.ClassLoaderAccessImpl - Not known whether passed class name [com.shoppingbackend.model.OrderItem] is safe
21:22:34.843 [main] DEBUG org.hibernate.boot.internal.ClassLoaderAccessImpl - No temp ClassLoader provided; using live ClassLoader for loading potentially unsafe class : com.shoppingbackend.model.OrderItem
21:22:34.844 [main] DEBUG org.hibernate.boot.internal.ClassLoaderAccessImpl - Not known whether passed class name [com.shoppingbackend.model.OrderItem] is safe
21:22:34.846 [main] DEBUG org.hibernate.boot.internal.ClassLoaderAccessImpl - No temp ClassLoader provided; using live ClassLoader for loading potentially unsafe class : com.shoppingbackend.model.OrderItem
21:22:34.850 [main] DEBUG org.hibernate.boot.internal.ClassLoaderAccessImpl - Not known whether passed class name [com.shoppingbackend.model.Supplier] is safe
21:22:34.850 [main] DEBUG org.hibernate.boot.internal.ClassLoaderAccessImpl - No temp ClassLoader provided; using live ClassLoader for loading potentially unsafe class : com.shoppingbackend.model.Supplier
21:22:34.850 [main] DEBUG org.hibernate.boot.internal.ClassLoaderAccessImpl - Not known whether passed class name [com.shoppingbackend.model.Supplier] is safe
21:22:34.851 [main] DEBUG org.hibernate.boot.internal.ClassLoaderAccessImpl - No temp ClassLoader provided; using live ClassLoader for loading potentially unsafe class : com.shoppingbackend.model.Supplier
21:22:34.853 [main] DEBUG org.hibernate.boot.internal.ClassLoaderAccessImpl - Not known whether passed class name [com.shoppingbackend.model.User] is safe
21:22:34.854 [main] DEBUG org.hibernate.boot.internal.ClassLoaderAccessImpl - No temp ClassLoader provided; using live ClassLoader for loading potentially unsafe class : com.shoppingbackend.model.User
21:22:34.856 [main] DEBUG org.hibernate.boot.internal.ClassLoaderAccessImpl - Not known whether passed class name [com.shoppingbackend.model.User] is safe
21:22:34.856 [main] DEBUG org.hibernate.boot.internal.ClassLoaderAccessImpl - No temp ClassLoader provided; using live ClassLoader for loading potentially unsafe class : com.shoppingbackend.model.User
21:22:34.860 [main] DEBUG org.hibernate.boot.internal.ClassLoaderAccessImpl - Not known whether passed class name [com.shoppingbackend.model.Cart] is safe
21:22:34.861 [main] DEBUG org.hibernate.boot.internal.ClassLoaderAccessImpl - No temp ClassLoader provided; using live ClassLoader for loading potentially unsafe class : com.shoppingbackend.model.Cart
21:22:34.862 [main] DEBUG org.hibernate.boot.internal.ClassLoaderAccessImpl - Not known whether passed class name [com.shoppingbackend.model.Cart] is safe
21:22:34.868 [main] DEBUG org.hibernate.boot.internal.ClassLoaderAccessImpl - No temp ClassLoader provided; using live ClassLoader for loading potentially unsafe class : com.shoppingbackend.model.Cart
21:22:34.872 [main] DEBUG org.hibernate.boot.internal.ClassLoaderAccessImpl - Not known whether passed class name [com.shoppingbackend.model.Category] is safe
21:22:34.873 [main] DEBUG org.hibernate.boot.internal.ClassLoaderAccessImpl - No temp ClassLoader provided; using live ClassLoader for loading potentially unsafe class : com.shoppingbackend.model.Category
21:22:34.873 [main] DEBUG org.hibernate.boot.internal.ClassLoaderAccessImpl - Not known whether passed class name [com.shoppingbackend.model.Category] is safe
21:22:34.873 [main] DEBUG org.hibernate.boot.internal.ClassLoaderAccessImpl - No temp ClassLoader provided; using live ClassLoader for loading potentially unsafe class : com.shoppingbackend.model.Category
21:22:34.885 [main] DEBUG org.hibernate.boot.internal.ClassLoaderAccessImpl - Not known whether passed class name [com.shoppingbackend.model.Address] is safe
21:22:34.885 [main] DEBUG org.hibernate.boot.internal.ClassLoaderAccessImpl - No temp ClassLoader provided; using live ClassLoader for loading potentially unsafe class : com.shoppingbackend.model.Address
21:22:34.886 [main] DEBUG org.hibernate.boot.internal.ClassLoaderAccessImpl - Not known whether passed class name [com.shoppingbackend.model.Address] is safe
21:22:34.886 [main] DEBUG org.hibernate.boot.internal.ClassLoaderAccessImpl - No temp ClassLoader provided; using live ClassLoader for loading potentially unsafe class : com.shoppingbackend.model.Address
21:22:34.902 [main] DEBUG org.hibernate.boot.internal.ClassLoaderAccessImpl - Not known whether passed class name [com.shoppingbackend.model.Product] is safe
21:22:34.902 [main] DEBUG org.hibernate.boot.internal.ClassLoaderAccessImpl - No temp ClassLoader provided; using live ClassLoader for loading potentially unsafe class : com.shoppingbackend.model.Product
21:22:34.903 [main] DEBUG org.hibernate.boot.internal.ClassLoaderAccessImpl - Not known whether passed class name [com.shoppingbackend.model.Product] is safe
21:22:34.903 [main] DEBUG org.hibernate.boot.internal.ClassLoaderAccessImpl - No temp ClassLoader provided; using live ClassLoader for loading potentially unsafe class : com.shoppingbackend.model.Product
21:22:34.906 [main] DEBUG org.hibernate.persister.collection.AbstractCollectionPersister - Static SQL for collection: com.shoppingbackend.model.OrderDetail.orderItems
21:22:34.906 [main] DEBUG org.hibernate.persister.collection.AbstractCollectionPersister -  Row insert: update order_item set order_id=? where id=?
21:22:34.907 [main] DEBUG org.hibernate.persister.collection.AbstractCollectionPersister -  Row update: update order_item set  where id=?
21:22:34.907 [main] DEBUG org.hibernate.persister.collection.AbstractCollectionPersister -  Row delete: update order_item set order_id=null where order_id=? and id=?
21:22:34.907 [main] DEBUG org.hibernate.persister.collection.AbstractCollectionPersister -  One-shot delete: update order_item set order_id=null where order_id=?
21:22:34.908 [main] DEBUG org.hibernate.persister.entity.AbstractEntityPersister - Static SQL for entity: com.shoppingbackend.model.OrderDetail
21:22:34.908 [main] DEBUG org.hibernate.persister.entity.AbstractEntityPersister -  Version select: select id from order_detail where id =?
21:22:34.908 [main] DEBUG org.hibernate.persister.entity.AbstractEntityPersister -  Snapshot select: select orderdetai_.id, orderdetai_.billing_id as billing_5_4_, orderdetai_.order_count as order_co2_4_, orderdetai_.order_date as order_da3_4_, orderdetai_.order_total as order_to4_4_, orderdetai_.shipping_id as shipping6_4_, orderdetai_.user_id as user_id7_4_ from order_detail orderdetai_ where orderdetai_.id=?
21:22:34.909 [main] DEBUG org.hibernate.persister.entity.AbstractEntityPersister -  Insert 0: insert into order_detail (billing_id, order_count, order_date, order_total, shipping_id, user_id, id) values (?, ?, ?, ?, ?, ?, ?)
21:22:34.909 [main] DEBUG org.hibernate.persister.entity.AbstractEntityPersister -  Update 0: update order_detail set billing_id=?, order_count=?, order_date=?, order_total=?, shipping_id=?, user_id=? where id=?
21:22:34.909 [main] DEBUG org.hibernate.persister.entity.AbstractEntityPersister -  Delete 0: delete from order_detail where id=?
21:22:34.954 [main] DEBUG org.hibernate.persister.entity.AbstractEntityPersister -  Identity insert: insert into order_detail (id, billing_id, order_count, order_date, order_total, shipping_id, user_id) values (null, ?, ?, ?, ?, ?, ?)
21:22:34.969 [main] DEBUG org.hibernate.loader.plan.build.internal.spaces.QuerySpacesImpl - Adding QuerySpace : uid = &lt;gen:0&gt; -&gt; org.hibernate.loader.plan.build.internal.spaces.EntityQuerySpaceImpl@30d25c03]
21:22:34.970 [main] DEBUG org.hibernate.persister.walking.spi.MetamodelGraphWalker - Visiting attribute path : billing
21:22:34.970 [main] DEBUG org.hibernate.loader.plan.build.internal.spaces.QuerySpacesImpl - Adding QuerySpace : uid = &lt;gen:1&gt; -&gt; org.hibernate.loader.plan.build.internal.spaces.EntityQuerySpaceImpl@116a2108]
21:22:34.971 [main] DEBUG org.hibernate.persister.walking.spi.MetamodelGraphWalker - Visiting attribute path : billing.addressLineOne
21:22:34.972 [main] DEBUG org.hibernate.persister.walking.spi.MetamodelGraphWalker - Visiting attribute path : billing.addressLineTwo
21:22:34.972 [main] DEBUG org.hibernate.persister.walking.spi.MetamodelGraphWalker - Visiting attribute path : billing.billing
21:22:34.972 [main] DEBUG org.hibernate.persister.walking.spi.MetamodelGraphWalker - Visiting attribute path : billing.city
21:22:34.973 [main] DEBUG org.hibernate.persister.walking.spi.MetamodelGraphWalker - Visiting attribute path : billing.country
21:22:34.975 [main] DEBUG org.hibernate.persister.walking.spi.MetamodelGraphWalker - Visiting attribute path : billing.postalCode
21:22:34.975 [main] DEBUG org.hibernate.persister.walking.spi.MetamodelGraphWalker - Visiting attribute path : billing.shipping
21:22:34.975 [main] DEBUG org.hibernate.persister.walking.spi.MetamodelGraphWalker - Visiting attribute path : billing.state
21:22:34.976 [main] DEBUG org.hibernate.persister.walking.spi.MetamodelGraphWalker - Visiting attribute path : billing.userId
21:22:34.976 [main] DEBUG org.hibernate.persister.walking.spi.MetamodelGraphWalker - Visiting attribute path : orderCount
21:22:34.976 [main] DEBUG org.hibernate.persister.walking.spi.MetamodelGraphWalker - Visiting attribute path : orderDate
21:22:34.976 [main] DEBUG org.hibernate.persister.walking.spi.MetamodelGraphWalker - Visiting attribute path : orderItems
21:22:34.977 [main] DEBUG org.hibernate.loader.plan.build.internal.spaces.QuerySpacesImpl - Adding QuerySpace : uid = &lt;gen:2&gt; -&gt; org.hibernate.loader.plan.build.internal.spaces.CollectionQuerySpaceImpl@7c1c5936]
21:22:34.977 [main] DEBUG org.hibernate.loader.plan.build.internal.spaces.QuerySpacesImpl - Adding QuerySpace : uid = &lt;gen:3&gt; -&gt; org.hibernate.loader.plan.build.internal.spaces.EntityQuerySpaceImpl@7aead3af]
21:22:34.977 [main] DEBUG org.hibernate.persister.walking.spi.MetamodelGraphWalker - Visiting attribute path : orderItems.buyingPrice
21:22:34.978 [main] DEBUG org.hibernate.persister.walking.spi.MetamodelGraphWalker - Visiting attribute path : orderItems.orderDetail
21:22:34.978 [main] DEBUG org.hibernate.persister.walking.spi.MetamodelGraphWalker - Property path deemed to be circular : orderItems.orderDetail
21:22:34.979 [main] DEBUG org.hibernate.persister.walking.spi.MetamodelGraphWalker - Visiting attribute path : orderItems.product
21:22:34.979 [main] DEBUG org.hibernate.loader.plan.build.internal.spaces.QuerySpacesImpl - Adding QuerySpace : uid = &lt;gen:4&gt; -&gt; org.hibernate.loader.plan.build.internal.spaces.EntityQuerySpaceImpl@1b15f922]
21:22:34.980 [main] DEBUG org.hibernate.persister.walking.spi.MetamodelGraphWalker - Visiting attribute path : orderItems.product.active
21:22:34.980 [main] DEBUG org.hibernate.persister.walking.spi.MetamodelGraphWalker - Visiting attribute path : orderItems.product.brand
21:22:34.980 [main] DEBUG org.hibernate.persister.walking.spi.MetamodelGraphWalker - Visiting attribute path : orderItems.product.categoryId
21:22:34.980 [main] DEBUG org.hibernate.persister.walking.spi.MetamodelGraphWalker - Visiting attribute path : orderItems.product.code
21:22:34.980 [main] DEBUG org.hibernate.persister.walking.spi.MetamodelGraphWalker - Visiting attribute path : orderItems.product.description
21:22:34.981 [main] DEBUG org.hibernate.persister.walking.spi.MetamodelGraphWalker - Visiting attribute path : orderItems.product.name
21:22:34.981 [main] DEBUG org.hibernate.persister.walking.spi.MetamodelGraphWalker - Visiting attribute path : orderItems.product.purchases
21:22:34.981 [main] DEBUG org.hibernate.persister.walking.spi.MetamodelGraphWalker - Visiting attribute path : orderItems.product.quantity
21:22:34.981 [main] DEBUG org.hibernate.persister.walking.spi.MetamodelGraphWalker - Visiting attribute path : orderItems.product.supplierId
21:22:34.981 [main] DEBUG org.hibernate.persister.walking.spi.MetamodelGraphWalker - Visiting attribute path : orderItems.product.unitPrice
21:22:35.003 [main] DEBUG org.hibernate.persister.walking.spi.MetamodelGraphWalker - Visiting attribute path : orderItems.product.views
21:22:35.008 [main] DEBUG org.hibernate.persister.walking.spi.MetamodelGraphWalker - Visiting attribute path : orderItems.productCount
21:22:35.008 [main] DEBUG org.hibernate.persister.walking.spi.MetamodelGraphWalker - Visiting attribute path : orderItems.total
21:22:35.009 [main] DEBUG org.hibernate.persister.walking.spi.MetamodelGraphWalker - Visiting attribute path : orderTotal
21:22:35.009 [main] DEBUG org.hibernate.persister.walking.spi.MetamodelGraphWalker - Visiting attribute path : shipping
21:22:35.009 [main] DEBUG org.hibernate.loader.plan.build.internal.spaces.QuerySpacesImpl - Adding QuerySpace : uid = &lt;gen:5&gt; -&gt; org.hibernate.loader.plan.build.internal.spaces.EntityQuerySpaceImpl@4b869331]
21:22:35.010 [main] DEBUG org.hibernate.persister.walking.spi.MetamodelGraphWalker - Visiting attribute path : shipping.addressLineOne
21:22:35.010 [main] DEBUG org.hibernate.persister.walking.spi.MetamodelGraphWalker - Visiting attribute path : shipping.addressLineTwo
21:22:35.010 [main] DEBUG org.hibernate.persister.walking.spi.MetamodelGraphWalker - Visiting attribute path : shipping.billing
21:22:35.010 [main] DEBUG org.hibernate.persister.walking.spi.MetamodelGraphWalker - Visiting attribute path : shipping.city
21:22:35.011 [main] DEBUG org.hibernate.persister.walking.spi.MetamodelGraphWalker - Visiting attribute path : shipping.country
21:22:35.011 [main] DEBUG org.hibernate.persister.walking.spi.MetamodelGraphWalker - Visiting attribute path : shipping.postalCode
21:22:35.011 [main] DEBUG org.hibernate.persister.walking.spi.MetamodelGraphWalker - Visiting attribute path : shipping.shipping
21:22:35.011 [main] DEBUG org.hibernate.persister.walking.spi.MetamodelGraphWalker - Visiting attribute path : shipping.state
21:22:35.011 [main] DEBUG org.hibernate.persister.walking.spi.MetamodelGraphWalker - Visiting attribute path : shipping.userId
21:22:35.012 [main] DEBUG org.hibernate.persister.walking.spi.MetamodelGraphWalker - Visiting attribute path : user
21:22:35.015 [main] DEBUG org.hibernate.loader.plan.build.internal.spaces.QuerySpacesImpl - Adding QuerySpace : uid = &lt;gen:6&gt; -&gt; org.hibernate.loader.plan.build.internal.spaces.EntityQuerySpaceImpl@ce9b9a9]
21:22:35.015 [main] DEBUG org.hibernate.persister.walking.spi.MetamodelGraphWalker - Visiting attribute path : user.contactNumber
21:22:35.016 [main] DEBUG org.hibernate.persister.walking.spi.MetamodelGraphWalker - Visiting attribute path : user.email
21:22:35.016 [main] DEBUG org.hibernate.persister.walking.spi.MetamodelGraphWalker - Visiting attribute path : user.enabled
21:22:35.016 [main] DEBUG org.hibernate.persister.walking.spi.MetamodelGraphWalker - Visiting attribute path : user.firstName
21:22:35.016 [main] DEBUG org.hibernate.persister.walking.spi.MetamodelGraphWalker - Visiting attribute path : user.lastName
21:22:35.016 [main] DEBUG org.hibernate.persister.walking.spi.MetamodelGraphWalker - Visiting attribute path : user.password
21:22:35.017 [main] DEBUG org.hibernate.persister.walking.spi.MetamodelGraphWalker - Visiting attribute path : user.role
21:22:35.017 [main] DEBUG org.hibernate.persister.walking.spi.MetamodelGraphWalker - Visiting attribute path : user.cart
21:22:35.017 [main] DEBUG org.hibernate.loader.plan.build.internal.spaces.QuerySpacesImpl - Adding QuerySpace : uid = &lt;gen:7&gt; -&gt; org.hibernate.loader.plan.build.internal.spaces.EntityQuerySpaceImpl@3533df16]
21:22:35.018 [main] DEBUG org.hibernate.persister.walking.spi.MetamodelGraphWalker - Visiting attribute path : user.cart.cartLines
21:22:35.018 [main] DEBUG org.hibernate.persister.walking.spi.MetamodelGraphWalker - Visiting attribute path : user.cart.grandTotal
21:22:35.018 [main] DEBUG org.hibernate.persister.walking.spi.MetamodelGraphWalker - Visiting attribute path : user.cart.user
21:22:35.018 [main] DEBUG org.hibernate.persister.walking.spi.MetamodelGraphWalker - Property path deemed to be circular : user.cart.user
21:22:35.019 [main] DEBUG org.hibernate.loader.plan.build.internal.FetchStyleLoadPlanBuildingAssociationVisitationStrategy - Building LoadPlan...
21:22:35.019 [main] DEBUG org.hibernate.loader.plan.exec.internal.LoadQueryJoinAndFetchProcessor - processing queryspace &lt;gen:0&gt;
21:22:35.021 [main] DEBUG org.hibernate.loader.plan.build.spi.LoadPlanTreePrinter - LoadPlan(entity=com.shoppingbackend.model.OrderDetail)
    - Returns
       - EntityReturnImpl(entity=com.shoppingbackend.model.OrderDetail, querySpaceUid=&lt;gen:0&gt;, path=com.shoppingbackend.model.OrderDetail)
          - EntityAttributeFetchImpl(entity=com.shoppingbackend.model.Address, querySpaceUid=&lt;gen:1&gt;, path=com.shoppingbackend.model.OrderDetail.billing)
          - CollectionAttributeFetchImpl(collection=com.shoppingbackend.model.OrderDetail.orderItems, querySpaceUid=&lt;gen:2&gt;, path=com.shoppingbackend.model.OrderDetail.orderItems)
             - (collection element) CollectionFetchableElementEntityGraph(entity=com.shoppingbackend.model.OrderItem, querySpaceUid=&lt;gen:3&gt;, path=com.shoppingbackend.model.OrderDetail.orderItems.&lt;elements&gt;)
                - EntityAttributeFetchImpl(entity=com.shoppingbackend.model.Product, querySpaceUid=&lt;gen:4&gt;, path=com.shoppingbackend.model.OrderDetail.orderItems.&lt;elements&gt;.product)
          - EntityAttributeFetchImpl(entity=com.shoppingbackend.model.Address, querySpaceUid=&lt;gen:5&gt;, path=com.shoppingbackend.model.OrderDetail.shipping)
          - EntityAttributeFetchImpl(entity=com.shoppingbackend.model.User, querySpaceUid=&lt;gen:6&gt;, path=com.shoppingbackend.model.OrderDetail.user)
             - EntityAttributeFetchImpl(entity=com.shoppingbackend.model.Cart, querySpaceUid=&lt;gen:7&gt;, path=com.shoppingbackend.model.OrderDetail.user.cart)
    - QuerySpaces
       - EntityQuerySpaceImpl(uid=&lt;gen:0&gt;, entity=com.shoppingbackend.model.OrderDetail)
          - SQL table alias mapping - orderdetai0_
          - alias suffix - 0_
          - suffixed key columns - {id1_4_0_}
          - JOIN (JoinDefinedByMetadata(billing)) : &lt;gen:0&gt; -&gt; &lt;gen:1&gt;
             - EntityQuerySpaceImpl(uid=&lt;gen:1&gt;, entity=com.shoppingbackend.model.Address)
                - SQL table alias mapping - address1_
                - alias suffix - 1_
                - suffixed key columns - {id1_0_1_}
          - JOIN (JoinDefinedByMetadata(orderItems)) : &lt;gen:0&gt; -&gt; &lt;gen:2&gt;
             - CollectionQuerySpaceImpl(uid=&lt;gen:2&gt;, collection=com.shoppingbackend.model.OrderDetail.orderItems)
                - SQL table alias mapping - orderitems2_
                - alias suffix - 2_
                - suffixed key columns - {order_id5_5_2_}
                - entity-element alias suffix - 3_
                - 3_entity-element suffixed key columns - id1_5_3_
                - JOIN (JoinDefinedByMetadata(elements)) : &lt;gen:2&gt; -&gt; &lt;gen:3&gt;
                   - EntityQuerySpaceImpl(uid=&lt;gen:3&gt;, entity=com.shoppingbackend.model.OrderItem)
                      - SQL table alias mapping - orderitems2_
                      - alias suffix - 3_
                      - suffixed key columns - {id1_5_3_}
                      - JOIN (JoinDefinedByMetadata(product)) : &lt;gen:3&gt; -&gt; &lt;gen:4&gt;
                         - EntityQuerySpaceImpl(uid=&lt;gen:4&gt;, entity=com.shoppingbackend.model.Product)
                            - SQL table alias mapping - product3_
                            - alias suffix - 4_
                            - suffixed key columns - {id1_6_4_}
          - JOIN (JoinDefinedByMetadata(shipping)) : &lt;gen:0&gt; -&gt; &lt;gen:5&gt;
             - EntityQuerySpaceImpl(uid=&lt;gen:5&gt;, entity=com.shoppingbackend.model.Address)
                - SQL table alias mapping - address4_
                - alias suffix - 5_
                - suffixed key columns - {id1_0_5_}
          - JOIN (JoinDefinedByMetadata(user)) : &lt;gen:0&gt; -&gt; &lt;gen:6&gt;
             - EntityQuerySpaceImpl(uid=&lt;gen:6&gt;, entity=com.shoppingbackend.model.User)
                - SQL table alias mapping - user5_
                - alias suffix - 6_
                - suffixed key columns - {id1_8_6_}
                - JOIN (JoinDefinedByMetadata(cart)) : &lt;gen:6&gt; -&gt; &lt;gen:7&gt;
                   - EntityQuerySpaceImpl(uid=&lt;gen:7&gt;, entity=com.shoppingbackend.model.Cart)
                      - SQL table alias mapping - cart6_
                      - alias suffix - 7_
                      - suffixed key columns - {id1_1_7_}

21:22:35.022 [main] DEBUG org.hibernate.loader.entity.plan.EntityLoader - Static select for entity com.shoppingbackend.model.OrderDetail [NONE]: select orderdetai0_.id as id1_4_0_, orderdetai0_.billing_id as billing_5_4_0_, orderdetai0_.order_count as order_co2_4_0_, orderdetai0_.order_date as order_da3_4_0_, orderdetai0_.order_total as order_to4_4_0_, orderdetai0_.shipping_id as shipping6_4_0_, orderdetai0_.user_id as user_id7_4_0_, address1_.id as id1_0_1_, address1_.address_line_one as address_2_0_1_, address1_.address_line_two as address_3_0_1_, address1_.is_billing as is_billi4_0_1_, address1_.city as city5_0_1_, address1_.country as country6_0_1_, address1_.postal_code as postal_c7_0_1_, address1_.is_shipping as is_shipp8_0_1_, address1_.state as state9_0_1_, address1_.user_id as user_id10_0_1_, orderitems2_.order_id as order_id5_5_2_, orderitems2_.id as id1_5_2_, orderitems2_.id as id1_5_3_, orderitems2_.buying_price as buying_p2_5_3_, orderitems2_.order_id as order_id5_5_3_, orderitems2_.product_id as product_6_5_3_, orderitems2_.product_count as product_3_5_3_, orderitems2_.total as total4_5_3_, product3_.id as id1_6_4_, product3_.is_active as is_activ2_6_4_, product3_.brand as brand3_6_4_, product3_.category_id as category4_6_4_, product3_.code as code5_6_4_, product3_.description as descript6_6_4_, product3_.name as name7_6_4_, product3_.purchases as purchase8_6_4_, product3_.quantity as quantity9_6_4_, product3_.supplier_id as supplie10_6_4_, product3_.unit_price as unit_pr11_6_4_, product3_.views as views12_6_4_, address4_.id as id1_0_5_, address4_.address_line_one as address_2_0_5_, address4_.address_line_two as address_3_0_5_, address4_.is_billing as is_billi4_0_5_, address4_.city as city5_0_5_, address4_.country as country6_0_5_, address4_.postal_code as postal_c7_0_5_, address4_.is_shipping as is_shipp8_0_5_, address4_.state as state9_0_5_, address4_.user_id as user_id10_0_5_, user5_.id as id1_8_6_, user5_.contact_number as contact_2_8_6_, user5_.email as email3_8_6_, user5_.enabled as enabled4_8_6_, user5_.first_name as first_na5_8_6_, user5_.last_name as last_nam6_8_6_, user5_.password as password7_8_6_, user5_.role as role8_8_6_, cart6_.id as id1_1_7_, cart6_.cart_lines as cart_lin2_1_7_, cart6_.grand_total as grand_to3_1_7_, cart6_.user_id as user_id4_1_7_ from order_detail orderdetai0_ left outer join Address address1_ on orderdetai0_.billing_id=address1_.id left outer join order_item orderitems2_ on orderdetai0_.id=orderitems2_.order_id left outer join Product product3_ on orderitems2_.product_id=product3_.id left outer join Address address4_ on orderdetai0_.shipping_id=address4_.id left outer join user_detail user5_ on orderdetai0_.user_id=user5_.id left outer join Cart cart6_ on user5_.id=cart6_.user_id where orderdetai0_.id=?
21:22:35.022 [main] DEBUG org.hibernate.loader.plan.build.internal.spaces.QuerySpacesImpl - Adding QuerySpace : uid = &lt;gen:0&gt; -&gt; org.hibernate.loader.plan.build.internal.spaces.EntityQuerySpaceImpl@4038cd3a]
21:22:35.022 [main] DEBUG org.hibernate.persister.walking.spi.MetamodelGraphWalker - Visiting attribute path : billing
21:22:35.023 [main] DEBUG org.hibernate.loader.plan.build.internal.spaces.QuerySpacesImpl - Adding QuerySpace : uid = &lt;gen:1&gt; -&gt; org.hibernate.loader.plan.build.internal.spaces.EntityQuerySpaceImpl@3f4cd155]
21:22:35.023 [main] DEBUG org.hibernate.persister.walking.spi.MetamodelGraphWalker - Visiting attribute path : billing.addressLineOne
21:22:35.023 [main] DEBUG org.hibernate.persister.walking.spi.MetamodelGraphWalker - Visiting attribute path : billing.addressLineTwo
21:22:35.023 [main] DEBUG org.hibernate.persister.walking.spi.MetamodelGraphWalker - Visiting attribute path : billing.billing
21:22:35.023 [main] DEBUG org.hibernate.persister.walking.spi.MetamodelGraphWalker - Visiting attribute path : billing.city
21:22:35.023 [main] DEBUG org.hibernate.persister.walking.spi.MetamodelGraphWalker - Visiting attribute path : billing.country
21:22:35.023 [main] DEBUG org.hibernate.persister.walking.spi.MetamodelGraphWalker - Visiting attribute path : billing.postalCode
21:22:35.023 [main] DEBUG org.hibernate.persister.walking.spi.MetamodelGraphWalker - Visiting attribute path : billing.shipping
21:22:35.024 [main] DEBUG org.hibernate.persister.walking.spi.MetamodelGraphWalker - Visiting attribute path : billing.state
21:22:35.024 [main] DEBUG org.hibernate.persister.walking.spi.MetamodelGraphWalker - Visiting attribute path : billing.userId
21:22:35.024 [main] DEBUG org.hibernate.persister.walking.spi.MetamodelGraphWalker - Visiting attribute path : orderCount
21:22:35.024 [main] DEBUG org.hibernate.persister.walking.spi.MetamodelGraphWalker - Visiting attribute path : orderDate
21:22:35.024 [main] DEBUG org.hibernate.persister.walking.spi.MetamodelGraphWalker - Visiting attribute path : orderItems
21:22:35.024 [main] DEBUG org.hibernate.loader.plan.build.internal.spaces.QuerySpacesImpl - Adding QuerySpace : uid = &lt;gen:2&gt; -&gt; org.hibernate.loader.plan.build.internal.spaces.CollectionQuerySpaceImpl@506dcf55]
21:22:35.024 [main] DEBUG org.hibernate.loader.plan.build.internal.spaces.QuerySpacesImpl - Adding QuerySpace : uid = &lt;gen:3&gt; -&gt; org.hibernate.loader.plan.build.internal.spaces.EntityQuerySpaceImpl@270b6b5e]
21:22:35.025 [main] DEBUG org.hibernate.persister.walking.spi.MetamodelGraphWalker - Visiting attribute path : orderItems.buyingPrice
21:22:35.025 [main] DEBUG org.hibernate.persister.walking.spi.MetamodelGraphWalker - Visiting attribute path : orderItems.orderDetail
21:22:35.025 [main] DEBUG org.hibernate.persister.walking.spi.MetamodelGraphWalker - Property path deemed to be circular : orderItems.orderDetail
21:22:35.025 [main] DEBUG org.hibernate.persister.walking.spi.MetamodelGraphWalker - Visiting attribute path : orderItems.product
21:22:35.035 [main] DEBUG org.hibernate.loader.plan.build.internal.spaces.QuerySpacesImpl - Adding QuerySpace : uid = &lt;gen:4&gt; -&gt; org.hibernate.loader.plan.build.internal.spaces.EntityQuerySpaceImpl@4248e66b]
21:22:35.048 [main] DEBUG org.hibernate.persister.walking.spi.MetamodelGraphWalker - Visiting attribute path : orderItems.product.active
21:22:35.048 [main] DEBUG org.hibernate.persister.walking.spi.MetamodelGraphWalker - Visiting attribute path : orderItems.product.brand
21:22:35.048 [main] DEBUG org.hibernate.persister.walking.spi.MetamodelGraphWalker - Visiting attribute path : orderItems.product.categoryId
21:22:35.048 [main] DEBUG org.hibernate.persister.walking.spi.MetamodelGraphWalker - Visiting attribute path : orderItems.product.code
21:22:35.049 [main] DEBUG org.hibernate.persister.walking.spi.MetamodelGraphWalker - Visiting attribute path : orderItems.product.description
21:22:35.049 [main] DEBUG org.hibernate.persister.walking.spi.MetamodelGraphWalker - Visiting attribute path : orderItems.product.name
21:22:35.049 [main] DEBUG org.hibernate.persister.walking.spi.MetamodelGraphWalker - Visiting attribute path : orderItems.product.purchases
21:22:35.049 [main] DEBUG org.hibernate.persister.walking.spi.MetamodelGraphWalker - Visiting attribute path : orderItems.product.quantity
21:22:35.049 [main] DEBUG org.hibernate.persister.walking.spi.MetamodelGraphWalker - Visiting attribute path : orderItems.product.supplierId
21:22:35.049 [main] DEBUG org.hibernate.persister.walking.spi.MetamodelGraphWalker - Visiting attribute path : orderItems.product.unitPrice
21:22:35.117 [main] DEBUG org.hibernate.persister.walking.spi.MetamodelGraphWalker - Visiting attribute path : orderItems.product.views
21:22:35.117 [main] DEBUG org.hibernate.persister.walking.spi.MetamodelGraphWalker - Visiting attribute path : orderItems.productCount
21:22:35.117 [main] DEBUG org.hibernate.persister.walking.spi.MetamodelGraphWalker - Visiting attribute path : orderItems.total
21:22:35.118 [main] DEBUG org.hibernate.persister.walking.spi.MetamodelGraphWalker - Visiting attribute path : orderTotal
21:22:35.118 [main] DEBUG org.hibernate.persister.walking.spi.MetamodelGraphWalker - Visiting attribute path : shipping
21:22:35.118 [main] DEBUG org.hibernate.loader.plan.build.internal.spaces.QuerySpacesImpl - Adding QuerySpace : uid = &lt;gen:5&gt; -&gt; org.hibernate.loader.plan.build.internal.spaces.EntityQuerySpaceImpl@66ad7bf0]
21:22:35.119 [main] DEBUG org.hibernate.persister.walking.spi.MetamodelGraphWalker - Visiting attribute path : shipping.addressLineOne
21:22:35.119 [main] DEBUG org.hibernate.persister.walking.spi.MetamodelGraphWalker - Visiting attribute path : shipping.addressLineTwo
21:22:35.119 [main] DEBUG org.hibernate.persister.walking.spi.MetamodelGraphWalker - Visiting attribute path : shipping.billing
21:22:35.119 [main] DEBUG org.hibernate.persister.walking.spi.MetamodelGraphWalker - Visiting attribute path : shipping.city
21:22:35.119 [main] DEBUG org.hibernate.persister.walking.spi.MetamodelGraphWalker - Visiting attribute path : shipping.country
21:22:35.120 [main] DEBUG org.hibernate.persister.walking.spi.MetamodelGraphWalker - Visiting attribute path : shipping.postalCode
21:22:35.120 [main] DEBUG org.hibernate.persister.walking.spi.MetamodelGraphWalker - Visiting attribute path : shipping.shipping
21:22:35.120 [main] DEBUG org.hibernate.persister.walking.spi.MetamodelGraphWalker - Visiting attribute path : shipping.state
21:22:35.120 [main] DEBUG org.hibernate.persister.walking.spi.MetamodelGraphWalker - Visiting attribute path : shipping.userId
21:22:35.120 [main] DEBUG org.hibernate.persister.walking.spi.MetamodelGraphWalker - Visiting attribute path : user
21:22:35.122 [main] DEBUG org.hibernate.loader.plan.build.internal.spaces.QuerySpacesImpl - Adding QuerySpace : uid = &lt;gen:6&gt; -&gt; org.hibernate.loader.plan.build.internal.spaces.EntityQuerySpaceImpl@138caeca]
21:22:35.122 [main] DEBUG org.hibernate.persister.walking.spi.MetamodelGraphWalker - Visiting attribute path : user.contactNumber
21:22:35.123 [main] DEBUG org.hibernate.persister.walking.spi.MetamodelGraphWalker - Visiting attribute path : user.email
21:22:35.123 [main] DEBUG org.hibernate.persister.walking.spi.MetamodelGraphWalker - Visiting attribute path : user.enabled
21:22:35.123 [main] DEBUG org.hibernate.persister.walking.spi.MetamodelGraphWalker - Visiting attribute path : user.firstName
21:22:35.123 [main] DEBUG org.hibernate.persister.walking.spi.MetamodelGraphWalker - Visiting attribute path : user.lastName
21:22:35.124 [main] DEBUG org.hibernate.persister.walking.spi.MetamodelGraphWalker - Visiting attribute path : user.password
21:22:35.124 [main] DEBUG org.hibernate.persister.walking.spi.MetamodelGraphWalker - Visiting attribute path : user.role
21:22:35.124 [main] DEBUG org.hibernate.persister.walking.spi.MetamodelGraphWalker - Visiting attribute path : user.cart
21:22:35.124 [main] DEBUG org.hibernate.loader.plan.build.internal.spaces.QuerySpacesImpl - Adding QuerySpace : uid = &lt;gen:7&gt; -&gt; org.hibernate.loader.plan.build.internal.spaces.EntityQuerySpaceImpl@9a6fbc0]
21:22:35.124 [main] DEBUG org.hibernate.persister.walking.spi.MetamodelGraphWalker - Visiting attribute path : user.cart.cartLines
21:22:35.125 [main] DEBUG org.hibernate.persister.walking.spi.MetamodelGraphWalker - Visiting attribute path : user.cart.grandTotal
21:22:35.125 [main] DEBUG org.hibernate.persister.walking.spi.MetamodelGraphWalker - Visiting attribute path : user.cart.user
21:22:35.125 [main] DEBUG org.hibernate.persister.walking.spi.MetamodelGraphWalker - Property path deemed to be circular : user.cart.user
21:22:35.125 [main] DEBUG org.hibernate.loader.plan.build.internal.FetchStyleLoadPlanBuildingAssociationVisitationStrategy - Building LoadPlan...
21:22:35.126 [main] DEBUG org.hibernate.loader.plan.exec.internal.LoadQueryJoinAndFetchProcessor - processing queryspace &lt;gen:0&gt;
21:22:35.129 [main] DEBUG org.hibernate.loader.plan.build.spi.LoadPlanTreePrinter - LoadPlan(entity=com.shoppingbackend.model.OrderDetail)
    - Returns
       - EntityReturnImpl(entity=com.shoppingbackend.model.OrderDetail, querySpaceUid=&lt;gen:0&gt;, path=com.shoppingbackend.model.OrderDetail)
          - EntityAttributeFetchImpl(entity=com.shoppingbackend.model.Address, querySpaceUid=&lt;gen:1&gt;, path=com.shoppingbackend.model.OrderDetail.billing)
          - CollectionAttributeFetchImpl(collection=com.shoppingbackend.model.OrderDetail.orderItems, querySpaceUid=&lt;gen:2&gt;, path=com.shoppingbackend.model.OrderDetail.orderItems)
             - (collection element) CollectionFetchableElementEntityGraph(entity=com.shoppingbackend.model.OrderItem, querySpaceUid=&lt;gen:3&gt;, path=com.shoppingbackend.model.OrderDetail.orderItems.&lt;elements&gt;)
                - EntityAttributeFetchImpl(entity=com.shoppingbackend.model.Product, querySpaceUid=&lt;gen:4&gt;, path=com.shoppingbackend.model.OrderDetail.orderItems.&lt;elements&gt;.product)
          - EntityAttributeFetchImpl(entity=com.shoppingbackend.model.Address, querySpaceUid=&lt;gen:5&gt;, path=com.shoppingbackend.model.OrderDetail.shipping)
          - EntityAttributeFetchImpl(entity=com.shoppingbackend.model.User, querySpaceUid=&lt;gen:6&gt;, path=com.shoppingbackend.model.OrderDetail.user)
             - EntityAttributeFetchImpl(entity=com.shoppingbackend.model.Cart, querySpaceUid=&lt;gen:7&gt;, path=com.shoppingbackend.model.OrderDetail.user.cart)
    - QuerySpaces
       - EntityQuerySpaceImpl(uid=&lt;gen:0&gt;, entity=com.shoppingbackend.model.OrderDetail)
          - SQL table alias mapping - orderdetai0_
          - alias suffix - 0_
          - suffixed key columns - {id1_4_0_}
          - JOIN (JoinDefinedByMetadata(billing)) : &lt;gen:0&gt; -&gt; &lt;gen:1&gt;
             - EntityQuerySpaceImpl(uid=&lt;gen:1&gt;, entity=com.shoppingbackend.model.Address)
                - SQL table alias mapping - address1_
                - alias suffix - 1_
                - suffixed key columns - {id1_0_1_}
          - JOIN (JoinDefinedByMetadata(orderItems)) : &lt;gen:0&gt; -&gt; &lt;gen:2&gt;
             - CollectionQuerySpaceImpl(uid=&lt;gen:2&gt;, collection=com.shoppingbackend.model.OrderDetail.orderItems)
                - SQL table alias mapping - orderitems2_
                - alias suffix - 2_
                - suffixed key columns - {order_id5_5_2_}
                - entity-element alias suffix - 3_
                - 3_entity-element suffixed key columns - id1_5_3_
                - JOIN (JoinDefinedByMetadata(elements)) : &lt;gen:2&gt; -&gt; &lt;gen:3&gt;
                   - EntityQuerySpaceImpl(uid=&lt;gen:3&gt;, entity=com.shoppingbackend.model.OrderItem)
                      - SQL table alias mapping - orderitems2_
                      - alias suffix - 3_
                      - suffixed key columns - {id1_5_3_}
                      - JOIN (JoinDefinedByMetadata(product)) : &lt;gen:3&gt; -&gt; &lt;gen:4&gt;
                         - EntityQuerySpaceImpl(uid=&lt;gen:4&gt;, entity=com.shoppingbackend.model.Product)
                            - SQL table alias mapping - product3_
                            - alias suffix - 4_
                            - suffixed key columns - {id1_6_4_}
          - JOIN (JoinDefinedByMetadata(shipping)) : &lt;gen:0&gt; -&gt; &lt;gen:5&gt;
             - EntityQuerySpaceImpl(uid=&lt;gen:5&gt;, entity=com.shoppingbackend.model.Address)
                - SQL table alias mapping - address4_
                - alias suffix - 5_
                - suffixed key columns - {id1_0_5_}
          - JOIN (JoinDefinedByMetadata(user)) : &lt;gen:0&gt; -&gt; &lt;gen:6&gt;
             - EntityQuerySpaceImpl(uid=&lt;gen:6&gt;, entity=com.shoppingbackend.model.User)
                - SQL table alias mapping - user5_
                - alias suffix - 6_
                - suffixed key columns - {id1_8_6_}
                - JOIN (JoinDefinedByMetadata(cart)) : &lt;gen:6&gt; -&gt; &lt;gen:7&gt;
                   - EntityQuerySpaceImpl(uid=&lt;gen:7&gt;, entity=com.shoppingbackend.model.Cart)
                      - SQL table alias mapping - cart6_
                      - alias suffix - 7_
                      - suffixed key columns - {id1_1_7_}

21:22:35.130 [main] DEBUG org.hibernate.loader.entity.plan.EntityLoader - Static select for entity com.shoppingbackend.model.OrderDetail [READ]: select orderdetai0_.id as id1_4_0_, orderdetai0_.billing_id as billing_5_4_0_, orderdetai0_.order_count as order_co2_4_0_, orderdetai0_.order_date as order_da3_4_0_, orderdetai0_.order_total as order_to4_4_0_, orderdetai0_.shipping_id as shipping6_4_0_, orderdetai0_.user_id as user_id7_4_0_, address1_.id as id1_0_1_, address1_.address_line_one as address_2_0_1_, address1_.address_line_two as address_3_0_1_, address1_.is_billing as is_billi4_0_1_, address1_.city as city5_0_1_, address1_.country as country6_0_1_, address1_.postal_code as postal_c7_0_1_, address1_.is_shipping as is_shipp8_0_1_, address1_.state as state9_0_1_, address1_.user_id as user_id10_0_1_, orderitems2_.order_id as order_id5_5_2_, orderitems2_.id as id1_5_2_, orderitems2_.id as id1_5_3_, orderitems2_.buying_price as buying_p2_5_3_, orderitems2_.order_id as order_id5_5_3_, orderitems2_.product_id as product_6_5_3_, orderitems2_.product_count as product_3_5_3_, orderitems2_.total as total4_5_3_, product3_.id as id1_6_4_, product3_.is_active as is_activ2_6_4_, product3_.brand as brand3_6_4_, product3_.category_id as category4_6_4_, product3_.code as code5_6_4_, product3_.description as descript6_6_4_, product3_.name as name7_6_4_, product3_.purchases as purchase8_6_4_, product3_.quantity as quantity9_6_4_, product3_.supplier_id as supplie10_6_4_, product3_.unit_price as unit_pr11_6_4_, product3_.views as views12_6_4_, address4_.id as id1_0_5_, address4_.address_line_one as address_2_0_5_, address4_.address_line_two as address_3_0_5_, address4_.is_billing as is_billi4_0_5_, address4_.city as city5_0_5_, address4_.country as country6_0_5_, address4_.postal_code as postal_c7_0_5_, address4_.is_shipping as is_shipp8_0_5_, address4_.state as state9_0_5_, address4_.user_id as user_id10_0_5_, user5_.id as id1_8_6_, user5_.contact_number as contact_2_8_6_, user5_.email as email3_8_6_, user5_.enabled as enabled4_8_6_, user5_.first_name as first_na5_8_6_, user5_.last_name as last_nam6_8_6_, user5_.password as password7_8_6_, user5_.role as role8_8_6_, cart6_.id as id1_1_7_, cart6_.cart_lines as cart_lin2_1_7_, cart6_.grand_total as grand_to3_1_7_, cart6_.user_id as user_id4_1_7_ from order_detail orderdetai0_ left outer join Address address1_ on orderdetai0_.billing_id=address1_.id left outer join order_item orderitems2_ on orderdetai0_.id=orderitems2_.order_id left outer join Product product3_ on orderitems2_.product_id=product3_.id left outer join Address address4_ on orderdetai0_.shipping_id=address4_.id left outer join user_detail user5_ on orderdetai0_.user_id=user5_.id left outer join Cart cart6_ on user5_.id=cart6_.user_id where orderdetai0_.id=?
21:22:35.132 [main] DEBUG org.hibernate.loader.plan.build.internal.spaces.QuerySpacesImpl - Adding QuerySpace : uid = &lt;gen:0&gt; -&gt; org.hibernate.loader.plan.build.internal.spaces.EntityQuerySpaceImpl@7a93b263]
21:22:35.132 [main] DEBUG org.hibernate.persister.walking.spi.MetamodelGraphWalker - Visiting attribute path : billing
21:22:35.132 [main] DEBUG org.hibernate.loader.plan.build.internal.spaces.QuerySpacesImpl - Adding QuerySpace : uid = &lt;gen:1&gt; -&gt; org.hibernate.loader.plan.build.internal.spaces.EntityQuerySpaceImpl@bd1111a]
21:22:35.133 [main] DEBUG org.hibernate.persister.walking.spi.MetamodelGraphWalker - Visiting attribute path : orderCount
21:22:35.133 [main] DEBUG org.hibernate.persister.walking.spi.MetamodelGraphWalker - Visiting attribute path : orderDate
21:22:35.133 [main] DEBUG org.hibernate.persister.walking.spi.MetamodelGraphWalker - Visiting attribute path : orderItems
21:22:35.133 [main] DEBUG org.hibernate.loader.plan.build.internal.spaces.QuerySpacesImpl - Adding QuerySpace : uid = &lt;gen:2&gt; -&gt; org.hibernate.loader.plan.build.internal.spaces.CollectionQuerySpaceImpl@7a8136b3]
21:22:35.134 [main] DEBUG org.hibernate.loader.plan.build.internal.spaces.QuerySpacesImpl - Adding QuerySpace : uid = &lt;gen:3&gt; -&gt; org.hibernate.loader.plan.build.internal.spaces.EntityQuerySpaceImpl@1de6932a]
21:22:35.134 [main] DEBUG org.hibernate.persister.walking.spi.MetamodelGraphWalker - Visiting attribute path : orderTotal
21:22:35.134 [main] DEBUG org.hibernate.persister.walking.spi.MetamodelGraphWalker - Visiting attribute path : shipping
21:22:35.134 [main] DEBUG org.hibernate.loader.plan.build.internal.spaces.QuerySpacesImpl - Adding QuerySpace : uid = &lt;gen:4&gt; -&gt; org.hibernate.loader.plan.build.internal.spaces.EntityQuerySpaceImpl@14dc3f89]
21:22:35.135 [main] DEBUG org.hibernate.persister.walking.spi.MetamodelGraphWalker - Visiting attribute path : user
21:22:35.135 [main] DEBUG org.hibernate.loader.plan.build.internal.spaces.QuerySpacesImpl - Adding QuerySpace : uid = &lt;gen:5&gt; -&gt; org.hibernate.loader.plan.build.internal.spaces.EntityQuerySpaceImpl@1706a5c9]
21:22:35.136 [main] DEBUG org.hibernate.loader.plan.build.internal.FetchStyleLoadPlanBuildingAssociationVisitationStrategy - Building LoadPlan...
21:22:35.136 [main] DEBUG org.hibernate.loader.plan.exec.internal.LoadQueryJoinAndFetchProcessor - processing queryspace &lt;gen:0&gt;
21:22:35.137 [main] DEBUG org.hibernate.loader.plan.build.spi.LoadPlanTreePrinter - LoadPlan(entity=com.shoppingbackend.model.OrderDetail)
    - Returns
       - EntityReturnImpl(entity=com.shoppingbackend.model.OrderDetail, querySpaceUid=&lt;gen:0&gt;, path=com.shoppingbackend.model.OrderDetail)
          - EntityAttributeFetchImpl(entity=com.shoppingbackend.model.Address, querySpaceUid=&lt;gen:1&gt;, path=com.shoppingbackend.model.OrderDetail.billing)
          - CollectionAttributeFetchImpl(collection=com.shoppingbackend.model.OrderDetail.orderItems, querySpaceUid=&lt;gen:2&gt;, path=com.shoppingbackend.model.OrderDetail.orderItems)
             - (collection element) CollectionFetchableElementEntityGraph(entity=com.shoppingbackend.model.OrderItem, querySpaceUid=&lt;gen:3&gt;, path=com.shoppingbackend.model.OrderDetail.orderItems.&lt;elements&gt;)
          - EntityAttributeFetchImpl(entity=com.shoppingbackend.model.Address, querySpaceUid=&lt;gen:4&gt;, path=com.shoppingbackend.model.OrderDetail.shipping)
          - EntityAttributeFetchImpl(entity=com.shoppingbackend.model.User, querySpaceUid=&lt;gen:5&gt;, path=com.shoppingbackend.model.OrderDetail.user)
    - QuerySpaces
       - EntityQuerySpaceImpl(uid=&lt;gen:0&gt;, entity=com.shoppingbackend.model.OrderDetail)
          - SQL table alias mapping - orderdetai0_
          - alias suffix - 0_
          - suffixed key columns - {id1_4_0_}

21:22:35.138 [main] DEBUG org.hibernate.loader.entity.plan.EntityLoader - Static select for entity com.shoppingbackend.model.OrderDetail [UPGRADE]: select orderdetai0_.id as id1_4_0_, orderdetai0_.billing_id as billing_5_4_0_, orderdetai0_.order_count as order_co2_4_0_, orderdetai0_.order_date as order_da3_4_0_, orderdetai0_.order_total as order_to4_4_0_, orderdetai0_.shipping_id as shipping6_4_0_, orderdetai0_.user_id as user_id7_4_0_ from order_detail orderdetai0_ where orderdetai0_.id=? for update
21:22:35.138 [main] DEBUG org.hibernate.loader.plan.build.internal.spaces.QuerySpacesImpl - Adding QuerySpace : uid = &lt;gen:0&gt; -&gt; org.hibernate.loader.plan.build.internal.spaces.EntityQuerySpaceImpl@64412d34]
21:22:35.139 [main] DEBUG org.hibernate.persister.walking.spi.MetamodelGraphWalker - Visiting attribute path : billing
21:22:35.140 [main] DEBUG org.hibernate.loader.plan.build.internal.spaces.QuerySpacesImpl - Adding QuerySpace : uid = &lt;gen:1&gt; -&gt; org.hibernate.loader.plan.build.internal.spaces.EntityQuerySpaceImpl@38c2c309]
21:22:35.140 [main] DEBUG org.hibernate.persister.walking.spi.MetamodelGraphWalker - Visiting attribute path : orderCount
21:22:35.140 [main] DEBUG org.hibernate.persister.walking.spi.MetamodelGraphWalker - Visiting attribute path : orderDate
21:22:35.140 [main] DEBUG org.hibernate.persister.walking.spi.MetamodelGraphWalker - Visiting attribute path : orderItems
21:22:35.141 [main] DEBUG org.hibernate.loader.plan.build.internal.spaces.QuerySpacesImpl - Adding QuerySpace : uid = &lt;gen:2&gt; -&gt; org.hibernate.loader.plan.build.internal.spaces.CollectionQuerySpaceImpl@1a480135]
21:22:35.141 [main] DEBUG org.hibernate.loader.plan.build.internal.spaces.QuerySpacesImpl - Adding QuerySpace : uid = &lt;gen:3&gt; -&gt; org.hibernate.loader.plan.build.internal.spaces.EntityQuerySpaceImpl@778db7c5]
21:22:35.141 [main] DEBUG org.hibernate.persister.walking.spi.MetamodelGraphWalker - Visiting attribute path : orderTotal
21:22:35.141 [main] DEBUG org.hibernate.persister.walking.spi.MetamodelGraphWalker - Visiting attribute path : shipping
21:22:35.142 [main] DEBUG org.hibernate.loader.plan.build.internal.spaces.QuerySpacesImpl - Adding QuerySpace : uid = &lt;gen:4&gt; -&gt; org.hibernate.loader.plan.build.internal.spaces.EntityQuerySpaceImpl@681e144]
21:22:35.142 [main] DEBUG org.hibernate.persister.walking.spi.MetamodelGraphWalker - Visiting attribute path : user
21:22:35.142 [main] DEBUG org.hibernate.loader.plan.build.internal.spaces.QuerySpacesImpl - Adding QuerySpace : uid = &lt;gen:5&gt; -&gt; org.hibernate.loader.plan.build.internal.spaces.EntityQuerySpaceImpl@2875b016]
21:22:35.143 [main] DEBUG org.hibernate.loader.plan.build.internal.FetchStyleLoadPlanBuildingAssociationVisitationStrategy - Building LoadPlan...
21:22:35.144 [main] DEBUG org.hibernate.loader.plan.exec.internal.LoadQueryJoinAndFetchProcessor - processing queryspace &lt;gen:0&gt;
21:22:35.145 [main] DEBUG org.hibernate.loader.plan.build.spi.LoadPlanTreePrinter - LoadPlan(entity=com.shoppingbackend.model.OrderDetail)
    - Returns
       - EntityReturnImpl(entity=com.shoppingbackend.model.OrderDetail, querySpaceUid=&lt;gen:0&gt;, path=com.shoppingbackend.model.OrderDetail)
          - EntityAttributeFetchImpl(entity=com.shoppingbackend.model.Address, querySpaceUid=&lt;gen:1&gt;, path=com.shoppingbackend.model.OrderDetail.billing)
          - CollectionAttributeFetchImpl(collection=com.shoppingbackend.model.OrderDetail.orderItems, querySpaceUid=&lt;gen:2&gt;, path=com.shoppingbackend.model.OrderDetail.orderItems)
             - (collection element) CollectionFetchableElementEntityGraph(entity=com.shoppingbackend.model.OrderItem, querySpaceUid=&lt;gen:3&gt;, path=com.shoppingbackend.model.OrderDetail.orderItems.&lt;elements&gt;)
          - EntityAttributeFetchImpl(entity=com.shoppingbackend.model.Address, querySpaceUid=&lt;gen:4&gt;, path=com.shoppingbackend.model.OrderDetail.shipping)
          - EntityAttributeFetchImpl(entity=com.shoppingbackend.model.User, querySpaceUid=&lt;gen:5&gt;, path=com.shoppingbackend.model.OrderDetail.user)
    - QuerySpaces
       - EntityQuerySpaceImpl(uid=&lt;gen:0&gt;, entity=com.shoppingbackend.model.OrderDetail)
          - SQL table alias mapping - orderdetai0_
          - alias suffix - 0_
          - suffixed key columns - {id1_4_0_}

21:22:35.145 [main] DEBUG org.hibernate.loader.entity.plan.EntityLoader - Static select for entity com.shoppingbackend.model.OrderDetail [UPGRADE_NOWAIT]: select orderdetai0_.id as id1_4_0_, orderdetai0_.billing_id as billing_5_4_0_, orderdetai0_.order_count as order_co2_4_0_, orderdetai0_.order_date as order_da3_4_0_, orderdetai0_.order_total as order_to4_4_0_, orderdetai0_.shipping_id as shipping6_4_0_, orderdetai0_.user_id as user_id7_4_0_ from order_detail orderdetai0_ where orderdetai0_.id=? for update
21:22:35.167 [main] DEBUG org.hibernate.loader.plan.build.internal.spaces.QuerySpacesImpl - Adding QuerySpace : uid = &lt;gen:0&gt; -&gt; org.hibernate.loader.plan.build.internal.spaces.EntityQuerySpaceImpl@72ee5d84]
21:22:35.167 [main] DEBUG org.hibernate.persister.walking.spi.MetamodelGraphWalker - Visiting attribute path : billing
21:22:35.168 [main] DEBUG org.hibernate.loader.plan.build.internal.spaces.QuerySpacesImpl - Adding QuerySpace : uid = &lt;gen:1&gt; -&gt; org.hibernate.loader.plan.build.internal.spaces.EntityQuerySpaceImpl@6145b81e]
21:22:35.168 [main] DEBUG org.hibernate.persister.walking.spi.MetamodelGraphWalker - Visiting attribute path : orderCount
21:22:35.168 [main] DEBUG org.hibernate.persister.walking.spi.MetamodelGraphWalker - Visiting attribute path : orderDate
21:22:35.168 [main] DEBUG org.hibernate.persister.walking.spi.MetamodelGraphWalker - Visiting attribute path : orderItems
21:22:35.169 [main] DEBUG org.hibernate.loader.plan.build.internal.spaces.QuerySpacesImpl - Adding QuerySpace : uid = &lt;gen:2&gt; -&gt; org.hibernate.loader.plan.build.internal.spaces.CollectionQuerySpaceImpl@64355120]
21:22:35.172 [main] DEBUG org.hibernate.loader.plan.build.internal.spaces.QuerySpacesImpl - Adding QuerySpace : uid = &lt;gen:3&gt; -&gt; org.hibernate.loader.plan.build.internal.spaces.EntityQuerySpaceImpl@64b7225f]
21:22:35.173 [main] DEBUG org.hibernate.persister.walking.spi.MetamodelGraphWalker - Visiting attribute path : orderTotal
21:22:35.173 [main] DEBUG org.hibernate.persister.walking.spi.MetamodelGraphWalker - Visiting attribute path : shipping
21:22:35.173 [main] DEBUG org.hibernate.loader.plan.build.internal.spaces.QuerySpacesImpl - Adding QuerySpace : uid = &lt;gen:4&gt; -&gt; org.hibernate.loader.plan.build.internal.spaces.EntityQuerySpaceImpl@33db72bd]
21:22:35.176 [main] DEBUG org.hibernate.persister.walking.spi.MetamodelGraphWalker - Visiting attribute path : user
21:22:35.177 [main] DEBUG org.hibernate.loader.plan.build.internal.spaces.QuerySpacesImpl - Adding QuerySpace : uid = &lt;gen:5&gt; -&gt; org.hibernate.loader.plan.build.internal.spaces.EntityQuerySpaceImpl@7f92b990]
21:22:35.177 [main] DEBUG org.hibernate.loader.plan.build.internal.FetchStyleLoadPlanBuildingAssociationVisitationStrategy - Building LoadPlan...
21:22:35.178 [main] DEBUG org.hibernate.loader.plan.exec.internal.LoadQueryJoinAndFetchProcessor - processing queryspace &lt;gen:0&gt;
21:22:35.178 [main] DEBUG org.hibernate.loader.plan.build.spi.LoadPlanTreePrinter - LoadPlan(entity=com.shoppingbackend.model.OrderDetail)
    - Returns
       - EntityReturnImpl(entity=com.shoppingbackend.model.OrderDetail, querySpaceUid=&lt;gen:0&gt;, path=com.shoppingbackend.model.OrderDetail)
          - EntityAttributeFetchImpl(entity=com.shoppingbackend.model.Address, querySpaceUid=&lt;gen:1&gt;, path=com.shoppingbackend.model.OrderDetail.billing)
          - CollectionAttributeFetchImpl(collection=com.shoppingbackend.model.OrderDetail.orderItems, querySpaceUid=&lt;gen:2&gt;, path=com.shoppingbackend.model.OrderDetail.orderItems)
             - (collection element) CollectionFetchableElementEntityGraph(entity=com.shoppingbackend.model.OrderItem, querySpaceUid=&lt;gen:3&gt;, path=com.shoppingbackend.model.OrderDetail.orderItems.&lt;elements&gt;)
          - EntityAttributeFetchImpl(entity=com.shoppingbackend.model.Address, querySpaceUid=&lt;gen:4&gt;, path=com.shoppingbackend.model.OrderDetail.shipping)
          - EntityAttributeFetchImpl(entity=com.shoppingbackend.model.User, querySpaceUid=&lt;gen:5&gt;, path=com.shoppingbackend.model.OrderDetail.user)
    - QuerySpaces
       - EntityQuerySpaceImpl(uid=&lt;gen:0&gt;, entity=com.shoppingbackend.model.OrderDetail)
          - SQL table alias mapping - orderdetai0_
          - alias suffix - 0_
          - suffixed key columns - {id1_4_0_}

21:22:35.179 [main] DEBUG org.hibernate.loader.entity.plan.EntityLoader - Static select for entity com.shoppingbackend.model.OrderDetail [UPGRADE_SKIPLOCKED]: select orderdetai0_.id as id1_4_0_, orderdetai0_.billing_id as billing_5_4_0_, orderdetai0_.order_count as order_co2_4_0_, orderdetai0_.order_date as order_da3_4_0_, orderdetai0_.order_total as order_to4_4_0_, orderdetai0_.shipping_id as shipping6_4_0_, orderdetai0_.user_id as user_id7_4_0_ from order_detail orderdetai0_ where orderdetai0_.id=? for update
21:22:35.179 [main] DEBUG org.hibernate.loader.plan.build.internal.spaces.QuerySpacesImpl - Adding QuerySpace : uid = &lt;gen:0&gt; -&gt; org.hibernate.loader.plan.build.internal.spaces.EntityQuerySpaceImpl@31e04b13]
21:22:35.179 [main] DEBUG org.hibernate.persister.walking.spi.MetamodelGraphWalker - Visiting attribute path : billing
21:22:35.180 [main] DEBUG org.hibernate.loader.plan.build.internal.spaces.QuerySpacesImpl - Adding QuerySpace : uid = &lt;gen:1&gt; -&gt; org.hibernate.loader.plan.build.internal.spaces.EntityQuerySpaceImpl@4beeb0e]
21:22:35.180 [main] DEBUG org.hibernate.persister.walking.spi.MetamodelGraphWalker - Visiting attribute path : orderCount
21:22:35.180 [main] DEBUG org.hibernate.persister.walking.spi.MetamodelGraphWalker - Visiting attribute path : orderDate
21:22:35.181 [main] DEBUG org.hibernate.persister.walking.spi.MetamodelGraphWalker - Visiting attribute path : orderItems
21:22:35.181 [main] DEBUG org.hibernate.loader.plan.build.internal.spaces.QuerySpacesImpl - Adding QuerySpace : uid = &lt;gen:2&gt; -&gt; org.hibernate.loader.plan.build.internal.spaces.CollectionQuerySpaceImpl@6e8a9c30]
21:22:35.181 [main] DEBUG org.hibernate.loader.plan.build.internal.spaces.QuerySpacesImpl - Adding QuerySpace : uid = &lt;gen:3&gt; -&gt; org.hibernate.loader.plan.build.internal.spaces.EntityQuerySpaceImpl@5d01ea21]
21:22:35.181 [main] DEBUG org.hibernate.persister.walking.spi.MetamodelGraphWalker - Visiting attribute path : orderTotal
21:22:35.181 [main] DEBUG org.hibernate.persister.walking.spi.MetamodelGraphWalker - Visiting attribute path : shipping
21:22:35.182 [main] DEBUG org.hibernate.loader.plan.build.internal.spaces.QuerySpacesImpl - Adding QuerySpace : uid = &lt;gen:4&gt; -&gt; org.hibernate.loader.plan.build.internal.spaces.EntityQuerySpaceImpl@70211e49]
21:22:35.182 [main] DEBUG org.hibernate.persister.walking.spi.MetamodelGraphWalker - Visiting attribute path : user
21:22:35.182 [main] DEBUG org.hibernate.loader.plan.build.internal.spaces.QuerySpacesImpl - Adding QuerySpace : uid = &lt;gen:5&gt; -&gt; org.hibernate.loader.plan.build.internal.spaces.EntityQuerySpaceImpl@3b46dd8]
21:22:35.182 [main] DEBUG org.hibernate.loader.plan.build.internal.FetchStyleLoadPlanBuildingAssociationVisitationStrategy - Building LoadPlan...
21:22:35.183 [main] DEBUG org.hibernate.loader.plan.exec.internal.LoadQueryJoinAndFetchProcessor - processing queryspace &lt;gen:0&gt;
21:22:35.184 [main] DEBUG org.hibernate.loader.plan.build.spi.LoadPlanTreePrinter - LoadPlan(entity=com.shoppingbackend.model.OrderDetail)
    - Returns
       - EntityReturnImpl(entity=com.shoppingbackend.model.OrderDetail, querySpaceUid=&lt;gen:0&gt;, path=com.shoppingbackend.model.OrderDetail)
          - EntityAttributeFetchImpl(entity=com.shoppingbackend.model.Address, querySpaceUid=&lt;gen:1&gt;, path=com.shoppingbackend.model.OrderDetail.billing)
          - CollectionAttributeFetchImpl(collection=com.shoppingbackend.model.OrderDetail.orderItems, querySpaceUid=&lt;gen:2&gt;, path=com.shoppingbackend.model.OrderDetail.orderItems)
             - (collection element) CollectionFetchableElementEntityGraph(entity=com.shoppingbackend.model.OrderItem, querySpaceUid=&lt;gen:3&gt;, path=com.shoppingbackend.model.OrderDetail.orderItems.&lt;elements&gt;)
          - EntityAttributeFetchImpl(entity=com.shoppingbackend.model.Address, querySpaceUid=&lt;gen:4&gt;, path=com.shoppingbackend.model.OrderDetail.shipping)
          - EntityAttributeFetchImpl(entity=com.shoppingbackend.model.User, querySpaceUid=&lt;gen:5&gt;, path=com.shoppingbackend.model.OrderDetail.user)
    - QuerySpaces
       - EntityQuerySpaceImpl(uid=&lt;gen:0&gt;, entity=com.shoppingbackend.model.OrderDetail)
          - SQL table alias mapping - orderdetai0_
          - alias suffix - 0_
          - suffixed key columns - {id1_4_0_}

21:22:35.185 [main] DEBUG org.hibernate.loader.entity.plan.EntityLoader - Static select for entity com.shoppingbackend.model.OrderDetail [FORCE]: select orderdetai0_.id as id1_4_0_, orderdetai0_.billing_id as billing_5_4_0_, orderdetai0_.order_count as order_co2_4_0_, orderdetai0_.order_date as order_da3_4_0_, orderdetai0_.order_total as order_to4_4_0_, orderdetai0_.shipping_id as shipping6_4_0_, orderdetai0_.user_id as user_id7_4_0_ from order_detail orderdetai0_ where orderdetai0_.id=? for update
21:22:35.186 [main] DEBUG org.hibernate.loader.plan.build.internal.spaces.QuerySpacesImpl - Adding QuerySpace : uid = &lt;gen:0&gt; -&gt; org.hibernate.loader.plan.build.internal.spaces.EntityQuerySpaceImpl@39651a82]
21:22:35.186 [main] DEBUG org.hibernate.persister.walking.spi.MetamodelGraphWalker - Visiting attribute path : billing
21:22:35.186 [main] DEBUG org.hibernate.loader.plan.build.internal.spaces.QuerySpacesImpl - Adding QuerySpace : uid = &lt;gen:1&gt; -&gt; org.hibernate.loader.plan.build.internal.spaces.EntityQuerySpaceImpl@134c370e]
21:22:35.187 [main] DEBUG org.hibernate.persister.walking.spi.MetamodelGraphWalker - Visiting attribute path : orderCount
21:22:35.187 [main] DEBUG org.hibernate.persister.walking.spi.MetamodelGraphWalker - Visiting attribute path : orderDate
21:22:35.187 [main] DEBUG org.hibernate.persister.walking.spi.MetamodelGraphWalker - Visiting attribute path : orderItems
21:22:35.188 [main] DEBUG org.hibernate.loader.plan.build.internal.spaces.QuerySpacesImpl - Adding QuerySpace : uid = &lt;gen:2&gt; -&gt; org.hibernate.loader.plan.build.internal.spaces.CollectionQuerySpaceImpl@33364212]
21:22:35.188 [main] DEBUG org.hibernate.loader.plan.build.internal.spaces.QuerySpacesImpl - Adding QuerySpace : uid = &lt;gen:3&gt; -&gt; org.hibernate.loader.plan.build.internal.spaces.EntityQuerySpaceImpl@2216effc]
21:22:35.188 [main] DEBUG org.hibernate.persister.walking.spi.MetamodelGraphWalker - Visiting attribute path : orderTotal
21:22:35.188 [main] DEBUG org.hibernate.persister.walking.spi.MetamodelGraphWalker - Visiting attribute path : shipping
21:22:35.189 [main] DEBUG org.hibernate.loader.plan.build.internal.spaces.QuerySpacesImpl - Adding QuerySpace : uid = &lt;gen:4&gt; -&gt; org.hibernate.loader.plan.build.internal.spaces.EntityQuerySpaceImpl@745c2004]
21:22:35.189 [main] DEBUG org.hibernate.persister.walking.spi.MetamodelGraphWalker - Visiting attribute path : user
21:22:35.189 [main] DEBUG org.hibernate.loader.plan.build.internal.spaces.QuerySpacesImpl - Adding QuerySpace : uid = &lt;gen:5&gt; -&gt; org.hibernate.loader.plan.build.internal.spaces.EntityQuerySpaceImpl@6da9dc6]
21:22:35.189 [main] DEBUG org.hibernate.loader.plan.build.internal.FetchStyleLoadPlanBuildingAssociationVisitationStrategy - Building LoadPlan...
21:22:35.190 [main] DEBUG org.hibernate.loader.plan.exec.internal.LoadQueryJoinAndFetchProcessor - processing queryspace &lt;gen:0&gt;
21:22:35.190 [main] DEBUG org.hibernate.loader.plan.build.spi.LoadPlanTreePrinter - LoadPlan(entity=com.shoppingbackend.model.OrderDetail)
    - Returns
       - EntityReturnImpl(entity=com.shoppingbackend.model.OrderDetail, querySpaceUid=&lt;gen:0&gt;, path=com.shoppingbackend.model.OrderDetail)
          - EntityAttributeFetchImpl(entity=com.shoppingbackend.model.Address, querySpaceUid=&lt;gen:1&gt;, path=com.shoppingbackend.model.OrderDetail.billing)
          - CollectionAttributeFetchImpl(collection=com.shoppingbackend.model.OrderDetail.orderItems, querySpaceUid=&lt;gen:2&gt;, path=com.shoppingbackend.model.OrderDetail.orderItems)
             - (collection element) CollectionFetchableElementEntityGraph(entity=com.shoppingbackend.model.OrderItem, querySpaceUid=&lt;gen:3&gt;, path=com.shoppingbackend.model.OrderDetail.orderItems.&lt;elements&gt;)
          - EntityAttributeFetchImpl(entity=com.shoppingbackend.model.Address, querySpaceUid=&lt;gen:4&gt;, path=com.shoppingbackend.model.OrderDetail.shipping)
          - EntityAttributeFetchImpl(entity=com.shoppingbackend.model.User, querySpaceUid=&lt;gen:5&gt;, path=com.shoppingbackend.model.OrderDetail.user)
    - QuerySpaces
       - EntityQuerySpaceImpl(uid=&lt;gen:0&gt;, entity=com.shoppingbackend.model.OrderDetail)
          - SQL table alias mapping - orderdetai0_
          - alias suffix - 0_
          - suffixed key columns - {id1_4_0_}

21:22:35.191 [main] DEBUG org.hibernate.loader.entity.plan.EntityLoader - Static select for entity com.shoppingbackend.model.OrderDetail [PESSIMISTIC_READ]: select orderdetai0_.id as id1_4_0_, orderdetai0_.billing_id as billing_5_4_0_, orderdetai0_.order_count as order_co2_4_0_, orderdetai0_.order_date as order_da3_4_0_, orderdetai0_.order_total as order_to4_4_0_, orderdetai0_.shipping_id as shipping6_4_0_, orderdetai0_.user_id as user_id7_4_0_ from order_detail orderdetai0_ where orderdetai0_.id=? for update
21:22:35.191 [main] DEBUG org.hibernate.loader.plan.build.internal.spaces.QuerySpacesImpl - Adding QuerySpace : uid = &lt;gen:0&gt; -&gt; org.hibernate.loader.plan.build.internal.spaces.EntityQuerySpaceImpl@7fd69dd]
21:22:35.191 [main] DEBUG org.hibernate.persister.walking.spi.MetamodelGraphWalker - Visiting attribute path : billing
21:22:35.192 [main] DEBUG org.hibernate.loader.plan.build.internal.spaces.QuerySpacesImpl - Adding QuerySpace : uid = &lt;gen:1&gt; -&gt; org.hibernate.loader.plan.build.internal.spaces.EntityQuerySpaceImpl@7c84195]
21:22:35.192 [main] DEBUG org.hibernate.persister.walking.spi.MetamodelGraphWalker - Visiting attribute path : orderCount
21:22:35.192 [main] DEBUG org.hibernate.persister.walking.spi.MetamodelGraphWalker - Visiting attribute path : orderDate
21:22:35.192 [main] DEBUG org.hibernate.persister.walking.spi.MetamodelGraphWalker - Visiting attribute path : orderItems
21:22:35.193 [main] DEBUG org.hibernate.loader.plan.build.internal.spaces.QuerySpacesImpl - Adding QuerySpace : uid = &lt;gen:2&gt; -&gt; org.hibernate.loader.plan.build.internal.spaces.CollectionQuerySpaceImpl@552ed807]
21:22:35.193 [main] DEBUG org.hibernate.loader.plan.build.internal.spaces.QuerySpacesImpl - Adding QuerySpace : uid = &lt;gen:3&gt; -&gt; org.hibernate.loader.plan.build.internal.spaces.EntityQuerySpaceImpl@3971f0fe]
21:22:35.193 [main] DEBUG org.hibernate.persister.walking.spi.MetamodelGraphWalker - Visiting attribute path : orderTotal
21:22:35.193 [main] DEBUG org.hibernate.persister.walking.spi.MetamodelGraphWalker - Visiting attribute path : shipping
21:22:35.193 [main] DEBUG org.hibernate.loader.plan.build.internal.spaces.QuerySpacesImpl - Adding QuerySpace : uid = &lt;gen:4&gt; -&gt; org.hibernate.loader.plan.build.internal.spaces.EntityQuerySpaceImpl@23940f86]
21:22:35.210 [main] DEBUG org.hibernate.persister.walking.spi.MetamodelGraphWalker - Visiting attribute path : user
21:22:35.212 [main] DEBUG org.hibernate.loader.plan.build.internal.spaces.QuerySpacesImpl - Adding QuerySpace : uid = &lt;gen:5&gt; -&gt; org.hibernate.loader.plan.build.internal.spaces.EntityQuerySpaceImpl@66153688]
21:22:35.213 [main] DEBUG org.hibernate.loader.plan.build.internal.FetchStyleLoadPlanBuildingAssociationVisitationStrategy - Building LoadPlan...
21:22:35.214 [main] DEBUG org.hibernate.loader.plan.exec.internal.LoadQueryJoinAndFetchProcessor - processing queryspace &lt;gen:0&gt;
21:22:35.219 [main] DEBUG org.hibernate.loader.plan.build.spi.LoadPlanTreePrinter - LoadPlan(entity=com.shoppingbackend.model.OrderDetail)
    - Returns
       - EntityReturnImpl(entity=com.shoppingbackend.model.OrderDetail, querySpaceUid=&lt;gen:0&gt;, path=com.shoppingbackend.model.OrderDetail)
          - EntityAttributeFetchImpl(entity=com.shoppingbackend.model.Address, querySpaceUid=&lt;gen:1&gt;, path=com.shoppingbackend.model.OrderDetail.billing)
          - CollectionAttributeFetchImpl(collection=com.shoppingbackend.model.OrderDetail.orderItems, querySpaceUid=&lt;gen:2&gt;, path=com.shoppingbackend.model.OrderDetail.orderItems)
             - (collection element) CollectionFetchableElementEntityGraph(entity=com.shoppingbackend.model.OrderItem, querySpaceUid=&lt;gen:3&gt;, path=com.shoppingbackend.model.OrderDetail.orderItems.&lt;elements&gt;)
          - EntityAttributeFetchImpl(entity=com.shoppingbackend.model.Address, querySpaceUid=&lt;gen:4&gt;, path=com.shoppingbackend.model.OrderDetail.shipping)
          - EntityAttributeFetchImpl(entity=com.shoppingbackend.model.User, querySpaceUid=&lt;gen:5&gt;, path=com.shoppingbackend.model.OrderDetail.user)
    - QuerySpaces
       - EntityQuerySpaceImpl(uid=&lt;gen:0&gt;, entity=com.shoppingbackend.model.OrderDetail)
          - SQL table alias mapping - orderdetai0_
          - alias suffix - 0_
          - suffixed key columns - {id1_4_0_}

21:22:35.219 [main] DEBUG org.hibernate.loader.entity.plan.EntityLoader - Static select for entity com.shoppingbackend.model.OrderDetail [PESSIMISTIC_WRITE]: select orderdetai0_.id as id1_4_0_, orderdetai0_.billing_id as billing_5_4_0_, orderdetai0_.order_count as order_co2_4_0_, orderdetai0_.order_date as order_da3_4_0_, orderdetai0_.order_total as order_to4_4_0_, orderdetai0_.shipping_id as shipping6_4_0_, orderdetai0_.user_id as user_id7_4_0_ from order_detail orderdetai0_ where orderdetai0_.id=? for update
21:22:35.220 [main] DEBUG org.hibernate.loader.plan.build.internal.spaces.QuerySpacesImpl - Adding QuerySpace : uid = &lt;gen:0&gt; -&gt; org.hibernate.loader.plan.build.internal.spaces.EntityQuerySpaceImpl@455824ad]
21:22:35.220 [main] DEBUG org.hibernate.persister.walking.spi.MetamodelGraphWalker - Visiting attribute path : billing
21:22:35.220 [main] DEBUG org.hibernate.loader.plan.build.internal.spaces.QuerySpacesImpl - Adding QuerySpace : uid = &lt;gen:1&gt; -&gt; org.hibernate.loader.plan.build.internal.spaces.EntityQuerySpaceImpl@70f31322]
21:22:35.224 [main] DEBUG org.hibernate.persister.walking.spi.MetamodelGraphWalker - Visiting attribute path : orderCount
21:22:35.224 [main] DEBUG org.hibernate.persister.walking.spi.MetamodelGraphWalker - Visiting attribute path : orderDate
21:22:35.224 [main] DEBUG org.hibernate.persister.walking.spi.MetamodelGraphWalker - Visiting attribute path : orderItems
21:22:35.224 [main] DEBUG org.hibernate.loader.plan.build.internal.spaces.QuerySpacesImpl - Adding QuerySpace : uid = &lt;gen:2&gt; -&gt; org.hibernate.loader.plan.build.internal.spaces.CollectionQuerySpaceImpl@3f1ddac2]
21:22:35.224 [main] DEBUG org.hibernate.loader.plan.build.internal.spaces.QuerySpacesImpl - Adding QuerySpace : uid = &lt;gen:3&gt; -&gt; org.hibernate.loader.plan.build.internal.spaces.EntityQuerySpaceImpl@3be4fcc0]
21:22:35.224 [main] DEBUG org.hibernate.persister.walking.spi.MetamodelGraphWalker - Visiting attribute path : orderTotal
21:22:35.225 [main] DEBUG org.hibernate.persister.walking.spi.MetamodelGraphWalker - Visiting attribute path : shipping
21:22:35.225 [main] DEBUG org.hibernate.loader.plan.build.internal.spaces.QuerySpacesImpl - Adding QuerySpace : uid = &lt;gen:4&gt; -&gt; org.hibernate.loader.plan.build.internal.spaces.EntityQuerySpaceImpl@e1e2e5e]
21:22:35.225 [main] DEBUG org.hibernate.persister.walking.spi.MetamodelGraphWalker - Visiting attribute path : user
21:22:35.226 [main] DEBUG org.hibernate.loader.plan.build.internal.spaces.QuerySpacesImpl - Adding QuerySpace : uid = &lt;gen:5&gt; -&gt; org.hibernate.loader.plan.build.internal.spaces.EntityQuerySpaceImpl@661c46bc]
21:22:35.226 [main] DEBUG org.hibernate.loader.plan.build.internal.FetchStyleLoadPlanBuildingAssociationVisitationStrategy - Building LoadPlan...
21:22:35.226 [main] DEBUG org.hibernate.loader.plan.exec.internal.LoadQueryJoinAndFetchProcessor - processing queryspace &lt;gen:0&gt;
21:22:35.227 [main] DEBUG org.hibernate.loader.plan.build.spi.LoadPlanTreePrinter - LoadPlan(entity=com.shoppingbackend.model.OrderDetail)
    - Returns
       - EntityReturnImpl(entity=com.shoppingbackend.model.OrderDetail, querySpaceUid=&lt;gen:0&gt;, path=com.shoppingbackend.model.OrderDetail)
          - EntityAttributeFetchImpl(entity=com.shoppingbackend.model.Address, querySpaceUid=&lt;gen:1&gt;, path=com.shoppingbackend.model.OrderDetail.billing)
          - CollectionAttributeFetchImpl(collection=com.shoppingbackend.model.OrderDetail.orderItems, querySpaceUid=&lt;gen:2&gt;, path=com.shoppingbackend.model.OrderDetail.orderItems)
             - (collection element) CollectionFetchableElementEntityGraph(entity=com.shoppingbackend.model.OrderItem, querySpaceUid=&lt;gen:3&gt;, path=com.shoppingbackend.model.OrderDetail.orderItems.&lt;elements&gt;)
          - EntityAttributeFetchImpl(entity=com.shoppingbackend.model.Address, querySpaceUid=&lt;gen:4&gt;, path=com.shoppingbackend.model.OrderDetail.shipping)
          - EntityAttributeFetchImpl(entity=com.shoppingbackend.model.User, querySpaceUid=&lt;gen:5&gt;, path=com.shoppingbackend.model.OrderDetail.user)
    - QuerySpaces
       - EntityQuerySpaceImpl(uid=&lt;gen:0&gt;, entity=com.shoppingbackend.model.OrderDetail)
          - SQL table alias mapping - orderdetai0_
          - alias suffix - 0_
          - suffixed key columns - {id1_4_0_}

21:22:35.228 [main] DEBUG org.hibernate.loader.entity.plan.EntityLoader - Static select for entity com.shoppingbackend.model.OrderDetail [PESSIMISTIC_FORCE_INCREMENT]: select orderdetai0_.id as id1_4_0_, orderdetai0_.billing_id as billing_5_4_0_, orderdetai0_.order_count as order_co2_4_0_, orderdetai0_.order_date as order_da3_4_0_, orderdetai0_.order_total as order_to4_4_0_, orderdetai0_.shipping_id as shipping6_4_0_, orderdetai0_.user_id as user_id7_4_0_ from order_detail orderdetai0_ where orderdetai0_.id=? for update
21:22:35.228 [main] DEBUG org.hibernate.loader.plan.build.internal.spaces.QuerySpacesImpl - Adding QuerySpace : uid = &lt;gen:0&gt; -&gt; org.hibernate.loader.plan.build.internal.spaces.EntityQuerySpaceImpl@37864b77]
21:22:35.228 [main] DEBUG org.hibernate.persister.walking.spi.MetamodelGraphWalker - Visiting attribute path : billing
21:22:35.228 [main] DEBUG org.hibernate.loader.plan.build.internal.spaces.QuerySpacesImpl - Adding QuerySpace : uid = &lt;gen:1&gt; -&gt; org.hibernate.loader.plan.build.internal.spaces.EntityQuerySpaceImpl@540b0448]
21:22:35.229 [main] DEBUG org.hibernate.persister.walking.spi.MetamodelGraphWalker - Visiting attribute path : orderCount
21:22:35.229 [main] DEBUG org.hibernate.persister.walking.spi.MetamodelGraphWalker - Visiting attribute path : orderDate
21:22:35.229 [main] DEBUG org.hibernate.persister.walking.spi.MetamodelGraphWalker - Visiting attribute path : orderItems
21:22:35.229 [main] DEBUG org.hibernate.loader.plan.build.internal.spaces.QuerySpacesImpl - Adding QuerySpace : uid = &lt;gen:2&gt; -&gt; org.hibernate.loader.plan.build.internal.spaces.CollectionQuerySpaceImpl@50a691d3]
21:22:35.229 [main] DEBUG org.hibernate.loader.plan.build.internal.spaces.QuerySpacesImpl - Adding QuerySpace : uid = &lt;gen:3&gt; -&gt; org.hibernate.loader.plan.build.internal.spaces.EntityQuerySpaceImpl@557eb543]
21:22:35.230 [main] DEBUG org.hibernate.persister.walking.spi.MetamodelGraphWalker - Visiting attribute path : orderTotal
21:22:35.230 [main] DEBUG org.hibernate.persister.walking.spi.MetamodelGraphWalker - Visiting attribute path : shipping
21:22:35.231 [main] DEBUG org.hibernate.loader.plan.build.internal.spaces.QuerySpacesImpl - Adding QuerySpace : uid = &lt;gen:4&gt; -&gt; org.hibernate.loader.plan.build.internal.spaces.EntityQuerySpaceImpl@3b95d13c]
21:22:35.231 [main] DEBUG org.hibernate.persister.walking.spi.MetamodelGraphWalker - Visiting attribute path : user
21:22:35.232 [main] DEBUG org.hibernate.loader.plan.build.internal.spaces.QuerySpacesImpl - Adding QuerySpace : uid = &lt;gen:5&gt; -&gt; org.hibernate.loader.plan.build.internal.spaces.EntityQuerySpaceImpl@3730ab42]
21:22:35.233 [main] DEBUG org.hibernate.loader.plan.build.internal.FetchStyleLoadPlanBuildingAssociationVisitationStrategy - Building LoadPlan...
21:22:35.233 [main] DEBUG org.hibernate.loader.plan.exec.internal.LoadQueryJoinAndFetchProcessor - processing queryspace &lt;gen:0&gt;
21:22:35.234 [main] DEBUG org.hibernate.loader.plan.build.spi.LoadPlanTreePrinter - LoadPlan(entity=com.shoppingbackend.model.OrderDetail)
    - Returns
       - EntityReturnImpl(entity=com.shoppingbackend.model.OrderDetail, querySpaceUid=&lt;gen:0&gt;, path=com.shoppingbackend.model.OrderDetail)
          - EntityAttributeFetchImpl(entity=com.shoppingbackend.model.Address, querySpaceUid=&lt;gen:1&gt;, path=com.shoppingbackend.model.OrderDetail.billing)
          - CollectionAttributeFetchImpl(collection=com.shoppingbackend.model.OrderDetail.orderItems, querySpaceUid=&lt;gen:2&gt;, path=com.shoppingbackend.model.OrderDetail.orderItems)
             - (collection element) CollectionFetchableElementEntityGraph(entity=com.shoppingbackend.model.OrderItem, querySpaceUid=&lt;gen:3&gt;, path=com.shoppingbackend.model.OrderDetail.orderItems.&lt;elements&gt;)
          - EntityAttributeFetchImpl(entity=com.shoppingbackend.model.Address, querySpaceUid=&lt;gen:4&gt;, path=com.shoppingbackend.model.OrderDetail.shipping)
          - EntityAttributeFetchImpl(entity=com.shoppingbackend.model.User, querySpaceUid=&lt;gen:5&gt;, path=com.shoppingbackend.model.OrderDetail.user)
    - QuerySpaces
       - EntityQuerySpaceImpl(uid=&lt;gen:0&gt;, entity=com.shoppingbackend.model.OrderDetail)
          - SQL table alias mapping - orderdetai0_
          - alias suffix - 0_
          - suffixed key columns - {id1_4_0_}

21:22:35.234 [main] DEBUG org.hibernate.loader.entity.plan.EntityLoader - Static select for entity com.shoppingbackend.model.OrderDetail [OPTIMISTIC]: select orderdetai0_.id as id1_4_0_, orderdetai0_.billing_id as billing_5_4_0_, orderdetai0_.order_count as order_co2_4_0_, orderdetai0_.order_date as order_da3_4_0_, orderdetai0_.order_total as order_to4_4_0_, orderdetai0_.shipping_id as shipping6_4_0_, orderdetai0_.user_id as user_id7_4_0_ from order_detail orderdetai0_ where orderdetai0_.id=?
21:22:35.234 [main] DEBUG org.hibernate.loader.plan.build.internal.spaces.QuerySpacesImpl - Adding QuerySpace : uid = &lt;gen:0&gt; -&gt; org.hibernate.loader.plan.build.internal.spaces.EntityQuerySpaceImpl@537c8c7e]
21:22:35.234 [main] DEBUG org.hibernate.persister.walking.spi.MetamodelGraphWalker - Visiting attribute path : billing
21:22:35.235 [main] DEBUG org.hibernate.loader.plan.build.internal.spaces.QuerySpacesImpl - Adding QuerySpace : uid = &lt;gen:1&gt; -&gt; org.hibernate.loader.plan.build.internal.spaces.EntityQuerySpaceImpl@6601cc93]
21:22:35.235 [main] DEBUG org.hibernate.persister.walking.spi.MetamodelGraphWalker - Visiting attribute path : orderCount
21:22:35.235 [main] DEBUG org.hibernate.persister.walking.spi.MetamodelGraphWalker - Visiting attribute path : orderDate
21:22:35.235 [main] DEBUG org.hibernate.persister.walking.spi.MetamodelGraphWalker - Visiting attribute path : orderItems
21:22:35.235 [main] DEBUG org.hibernate.loader.plan.build.internal.spaces.QuerySpacesImpl - Adding QuerySpace : uid = &lt;gen:2&gt; -&gt; org.hibernate.loader.plan.build.internal.spaces.CollectionQuerySpaceImpl@54d901aa]
21:22:35.235 [main] DEBUG org.hibernate.loader.plan.build.internal.spaces.QuerySpacesImpl - Adding QuerySpace : uid = &lt;gen:3&gt; -&gt; org.hibernate.loader.plan.build.internal.spaces.EntityQuerySpaceImpl@63716833]
21:22:35.236 [main] DEBUG org.hibernate.persister.walking.spi.MetamodelGraphWalker - Visiting attribute path : orderTotal
21:22:35.236 [main] DEBUG org.hibernate.persister.walking.spi.MetamodelGraphWalker - Visiting attribute path : shipping
21:22:35.236 [main] DEBUG org.hibernate.loader.plan.build.internal.spaces.QuerySpacesImpl - Adding QuerySpace : uid = &lt;gen:4&gt; -&gt; org.hibernate.loader.plan.build.internal.spaces.EntityQuerySpaceImpl@573284a5]
21:22:35.236 [main] DEBUG org.hibernate.persister.walking.spi.MetamodelGraphWalker - Visiting attribute path : user
21:22:35.236 [main] DEBUG org.hibernate.loader.plan.build.internal.spaces.QuerySpacesImpl - Adding QuerySpace : uid = &lt;gen:5&gt; -&gt; org.hibernate.loader.plan.build.internal.spaces.EntityQuerySpaceImpl@3fbfbf84]
21:22:35.236 [main] DEBUG org.hibernate.loader.plan.build.internal.FetchStyleLoadPlanBuildingAssociationVisitationStrategy - Building LoadPlan...
21:22:35.237 [main] DEBUG org.hibernate.loader.plan.exec.internal.LoadQueryJoinAndFetchProcessor - processing queryspace &lt;gen:0&gt;
21:22:35.238 [main] DEBUG org.hibernate.loader.plan.build.spi.LoadPlanTreePrinter - LoadPlan(entity=com.shoppingbackend.model.OrderDetail)
    - Returns
       - EntityReturnImpl(entity=com.shoppingbackend.model.OrderDetail, querySpaceUid=&lt;gen:0&gt;, path=com.shoppingbackend.model.OrderDetail)
          - EntityAttributeFetchImpl(entity=com.shoppingbackend.model.Address, querySpaceUid=&lt;gen:1&gt;, path=com.shoppingbackend.model.OrderDetail.billing)
          - CollectionAttributeFetchImpl(collection=com.shoppingbackend.model.OrderDetail.orderItems, querySpaceUid=&lt;gen:2&gt;, path=com.shoppingbackend.model.OrderDetail.orderItems)
             - (collection element) CollectionFetchableElementEntityGraph(entity=com.shoppingbackend.model.OrderItem, querySpaceUid=&lt;gen:3&gt;, path=com.shoppingbackend.model.OrderDetail.orderItems.&lt;elements&gt;)
          - EntityAttributeFetchImpl(entity=com.shoppingbackend.model.Address, querySpaceUid=&lt;gen:4&gt;, path=com.shoppingbackend.model.OrderDetail.shipping)
          - EntityAttributeFetchImpl(entity=com.shoppingbackend.model.User, querySpaceUid=&lt;gen:5&gt;, path=com.shoppingbackend.model.OrderDetail.user)
    - QuerySpaces
       - EntityQuerySpaceImpl(uid=&lt;gen:0&gt;, entity=com.shoppingbackend.model.OrderDetail)
          - SQL table alias mapping - orderdetai0_
          - alias suffix - 0_
          - suffixed key columns - {id1_4_0_}

21:22:35.238 [main] DEBUG org.hibernate.loader.entity.plan.EntityLoader - Static select for entity com.shoppingbackend.model.OrderDetail [OPTIMISTIC_FORCE_INCREMENT]: select orderdetai0_.id as id1_4_0_, orderdetai0_.billing_id as billing_5_4_0_, orderdetai0_.order_count as order_co2_4_0_, orderdetai0_.order_date as order_da3_4_0_, orderdetai0_.order_total as order_to4_4_0_, orderdetai0_.shipping_id as shipping6_4_0_, orderdetai0_.user_id as user_id7_4_0_ from order_detail orderdetai0_ where orderdetai0_.id=?
21:22:35.239 [main] DEBUG org.hibernate.loader.Loader - Static select for action ACTION_MERGE on entity com.shoppingbackend.model.OrderDetail: select orderdetai0_.id as id1_4_1_, orderdetai0_.billing_id as billing_5_4_1_, orderdetai0_.order_count as order_co2_4_1_, orderdetai0_.order_date as order_da3_4_1_, orderdetai0_.order_total as order_to4_4_1_, orderdetai0_.shipping_id as shipping6_4_1_, orderdetai0_.user_id as user_id7_4_1_, orderitems1_.order_id as order_id5_5_3_, orderitems1_.id as id1_5_3_, orderitems1_.id as id1_5_0_, orderitems1_.buying_price as buying_p2_5_0_, orderitems1_.order_id as order_id5_5_0_, orderitems1_.product_id as product_6_5_0_, orderitems1_.product_count as product_3_5_0_, orderitems1_.total as total4_5_0_ from order_detail orderdetai0_ left outer join order_item orderitems1_ on orderdetai0_.id=orderitems1_.order_id where orderdetai0_.id=?
21:22:35.239 [main] DEBUG org.hibernate.loader.Loader - Static select for action ACTION_REFRESH on entity com.shoppingbackend.model.OrderDetail: select orderdetai0_.id as id1_4_1_, orderdetai0_.billing_id as billing_5_4_1_, orderdetai0_.order_count as order_co2_4_1_, orderdetai0_.order_date as order_da3_4_1_, orderdetai0_.order_total as order_to4_4_1_, orderdetai0_.shipping_id as shipping6_4_1_, orderdetai0_.user_id as user_id7_4_1_, orderitems1_.order_id as order_id5_5_3_, orderitems1_.id as id1_5_3_, orderitems1_.id as id1_5_0_, orderitems1_.buying_price as buying_p2_5_0_, orderitems1_.order_id as order_id5_5_0_, orderitems1_.product_id as product_6_5_0_, orderitems1_.product_count as product_3_5_0_, orderitems1_.total as total4_5_0_ from order_detail orderdetai0_ left outer join order_item orderitems1_ on orderdetai0_.id=orderitems1_.order_id where orderdetai0_.id=?
21:22:35.325 [main] DEBUG org.hibernate.persister.entity.AbstractEntityPersister - Static SQL for entity: com.shoppingbackend.model.CartLine
21:22:35.346 [main] DEBUG org.hibernate.persister.entity.AbstractEntityPersister -  Version select: select id from cart_line where id =?
21:22:35.346 [main] DEBUG org.hibernate.persister.entity.AbstractEntityPersister -  Snapshot select: select cartline_.id, cartline_.is_available as is_avail2_2_, cartline_.buying_price as buying_p3_2_, cartline_.cart_id as cart_id4_2_, cartline_.product_id as product_7_2_, cartline_.product_count as product_5_2_, cartline_.total as total6_2_ from cart_line cartline_ where cartline_.id=?
21:22:35.346 [main] DEBUG org.hibernate.persister.entity.AbstractEntityPersister -  Insert 0: insert into cart_line (is_available, buying_price, cart_id, product_id, product_count, total, id) values (?, ?, ?, ?, ?, ?, ?)
21:22:35.348 [main] DEBUG org.hibernate.persister.entity.AbstractEntityPersister -  Update 0: update cart_line set is_available=?, buying_price=?, cart_id=?, product_id=?, product_count=?, total=? where id=?
21:22:35.348 [main] DEBUG org.hibernate.persister.entity.AbstractEntityPersister -  Delete 0: delete from cart_line where id=?
21:22:35.348 [main] DEBUG org.hibernate.persister.entity.AbstractEntityPersister -  Identity insert: insert into cart_line (id, is_available, buying_price, cart_id, product_id, product_count, total) values (null, ?, ?, ?, ?, ?, ?)
21:22:35.349 [main] DEBUG org.hibernate.loader.plan.build.internal.spaces.QuerySpacesImpl - Adding QuerySpace : uid = &lt;gen:0&gt; -&gt; org.hibernate.loader.plan.build.internal.spaces.EntityQuerySpaceImpl@23f72d88]
21:22:35.349 [main] DEBUG org.hibernate.persister.walking.spi.MetamodelGraphWalker - Visiting attribute path : available
21:22:35.349 [main] DEBUG org.hibernate.persister.walking.spi.MetamodelGraphWalker - Visiting attribute path : buyingPrice
21:22:35.349 [main] DEBUG org.hibernate.persister.walking.spi.MetamodelGraphWalker - Visiting attribute path : cartId
21:22:35.350 [main] DEBUG org.hibernate.persister.walking.spi.MetamodelGraphWalker - Visiting attribute path : product
21:22:35.350 [main] DEBUG org.hibernate.loader.plan.build.internal.spaces.QuerySpacesImpl - Adding QuerySpace : uid = &lt;gen:1&gt; -&gt; org.hibernate.loader.plan.build.internal.spaces.EntityQuerySpaceImpl@87b5b49]
21:22:35.350 [main] DEBUG org.hibernate.persister.walking.spi.MetamodelGraphWalker - Visiting attribute path : product.active
21:22:35.350 [main] DEBUG org.hibernate.persister.walking.spi.MetamodelGraphWalker - Visiting attribute path : product.brand
21:22:35.351 [main] DEBUG org.hibernate.persister.walking.spi.MetamodelGraphWalker - Visiting attribute path : product.categoryId
21:22:35.351 [main] DEBUG org.hibernate.persister.walking.spi.MetamodelGraphWalker - Visiting attribute path : product.code
21:22:35.351 [main] DEBUG org.hibernate.persister.walking.spi.MetamodelGraphWalker - Visiting attribute path : product.description
21:22:35.351 [main] DEBUG org.hibernate.persister.walking.spi.MetamodelGraphWalker - Visiting attribute path : product.name
21:22:35.351 [main] DEBUG org.hibernate.persister.walking.spi.MetamodelGraphWalker - Visiting attribute path : product.purchases
21:22:35.352 [main] DEBUG org.hibernate.persister.walking.spi.MetamodelGraphWalker - Visiting attribute path : product.quantity
21:22:35.352 [main] DEBUG org.hibernate.persister.walking.spi.MetamodelGraphWalker - Visiting attribute path : product.supplierId
21:22:35.352 [main] DEBUG org.hibernate.persister.walking.spi.MetamodelGraphWalker - Visiting attribute path : product.unitPrice
21:22:35.352 [main] DEBUG org.hibernate.persister.walking.spi.MetamodelGraphWalker - Visiting attribute path : product.views
21:22:35.352 [main] DEBUG org.hibernate.persister.walking.spi.MetamodelGraphWalker - Visiting attribute path : productCount
21:22:35.353 [main] DEBUG org.hibernate.persister.walking.spi.MetamodelGraphWalker - Visiting attribute path : total
21:22:35.353 [main] DEBUG org.hibernate.loader.plan.build.internal.FetchStyleLoadPlanBuildingAssociationVisitationStrategy - Building LoadPlan...
21:22:35.353 [main] DEBUG org.hibernate.loader.plan.exec.internal.LoadQueryJoinAndFetchProcessor - processing queryspace &lt;gen:0&gt;
21:22:35.355 [main] DEBUG org.hibernate.loader.plan.build.spi.LoadPlanTreePrinter - LoadPlan(entity=com.shoppingbackend.model.CartLine)
    - Returns
       - EntityReturnImpl(entity=com.shoppingbackend.model.CartLine, querySpaceUid=&lt;gen:0&gt;, path=com.shoppingbackend.model.CartLine)
          - EntityAttributeFetchImpl(entity=com.shoppingbackend.model.Product, querySpaceUid=&lt;gen:1&gt;, path=com.shoppingbackend.model.CartLine.product)
    - QuerySpaces
       - EntityQuerySpaceImpl(uid=&lt;gen:0&gt;, entity=com.shoppingbackend.model.CartLine)
          - SQL table alias mapping - cartline0_
          - alias suffix - 0_
          - suffixed key columns - {id1_2_0_}
          - JOIN (JoinDefinedByMetadata(product)) : &lt;gen:0&gt; -&gt; &lt;gen:1&gt;
             - EntityQuerySpaceImpl(uid=&lt;gen:1&gt;, entity=com.shoppingbackend.model.Product)
                - SQL table alias mapping - product1_
                - alias suffix - 1_
                - suffixed key columns - {id1_6_1_}

21:22:35.356 [main] DEBUG org.hibernate.loader.entity.plan.EntityLoader - Static select for entity com.shoppingbackend.model.CartLine [NONE]: select cartline0_.id as id1_2_0_, cartline0_.is_available as is_avail2_2_0_, cartline0_.buying_price as buying_p3_2_0_, cartline0_.cart_id as cart_id4_2_0_, cartline0_.product_id as product_7_2_0_, cartline0_.product_count as product_5_2_0_, cartline0_.total as total6_2_0_, product1_.id as id1_6_1_, product1_.is_active as is_activ2_6_1_, product1_.brand as brand3_6_1_, product1_.category_id as category4_6_1_, product1_.code as code5_6_1_, product1_.description as descript6_6_1_, product1_.name as name7_6_1_, product1_.purchases as purchase8_6_1_, product1_.quantity as quantity9_6_1_, product1_.supplier_id as supplie10_6_1_, product1_.unit_price as unit_pr11_6_1_, product1_.views as views12_6_1_ from cart_line cartline0_ left outer join Product product1_ on cartline0_.product_id=product1_.id where cartline0_.id=?
21:22:35.356 [main] DEBUG org.hibernate.loader.plan.build.internal.spaces.QuerySpacesImpl - Adding QuerySpace : uid = &lt;gen:0&gt; -&gt; org.hibernate.loader.plan.build.internal.spaces.EntityQuerySpaceImpl@507b79f7]
21:22:35.356 [main] DEBUG org.hibernate.persister.walking.spi.MetamodelGraphWalker - Visiting attribute path : available
21:22:35.357 [main] DEBUG org.hibernate.persister.walking.spi.MetamodelGraphWalker - Visiting attribute path : buyingPrice
21:22:35.357 [main] DEBUG org.hibernate.persister.walking.spi.MetamodelGraphWalker - Visiting attribute path : cartId
21:22:35.357 [main] DEBUG org.hibernate.persister.walking.spi.MetamodelGraphWalker - Visiting attribute path : product
21:22:35.357 [main] DEBUG org.hibernate.loader.plan.build.internal.spaces.QuerySpacesImpl - Adding QuerySpace : uid = &lt;gen:1&gt; -&gt; org.hibernate.loader.plan.build.internal.spaces.EntityQuerySpaceImpl@365a6a43]
21:22:35.358 [main] DEBUG org.hibernate.persister.walking.spi.MetamodelGraphWalker - Visiting attribute path : product.active
21:22:35.358 [main] DEBUG org.hibernate.persister.walking.spi.MetamodelGraphWalker - Visiting attribute path : product.brand
21:22:35.358 [main] DEBUG org.hibernate.persister.walking.spi.MetamodelGraphWalker - Visiting attribute path : product.categoryId
21:22:35.358 [main] DEBUG org.hibernate.persister.walking.spi.MetamodelGraphWalker - Visiting attribute path : product.code
21:22:35.358 [main] DEBUG org.hibernate.persister.walking.spi.MetamodelGraphWalker - Visiting attribute path : product.description
21:22:35.359 [main] DEBUG org.hibernate.persister.walking.spi.MetamodelGraphWalker - Visiting attribute path : product.name
21:22:35.359 [main] DEBUG org.hibernate.persister.walking.spi.MetamodelGraphWalker - Visiting attribute path : product.purchases
21:22:35.359 [main] DEBUG org.hibernate.persister.walking.spi.MetamodelGraphWalker - Visiting attribute path : product.quantity
21:22:35.359 [main] DEBUG org.hibernate.persister.walking.spi.MetamodelGraphWalker - Visiting attribute path : product.supplierId
21:22:35.359 [main] DEBUG org.hibernate.persister.walking.spi.MetamodelGraphWalker - Visiting attribute path : product.unitPrice
21:22:35.360 [main] DEBUG org.hibernate.persister.walking.spi.MetamodelGraphWalker - Visiting attribute path : product.views
21:22:35.360 [main] DEBUG org.hibernate.persister.walking.spi.MetamodelGraphWalker - Visiting attribute path : productCount
21:22:35.360 [main] DEBUG org.hibernate.persister.walking.spi.MetamodelGraphWalker - Visiting attribute path : total
21:22:35.360 [main] DEBUG org.hibernate.loader.plan.build.internal.FetchStyleLoadPlanBuildingAssociationVisitationStrategy - Building LoadPlan...
21:22:35.362 [main] DEBUG org.hibernate.loader.plan.exec.internal.LoadQueryJoinAndFetchProcessor - processing queryspace &lt;gen:0&gt;
21:22:35.381 [main] DEBUG org.hibernate.loader.plan.build.spi.LoadPlanTreePrinter - LoadPlan(entity=com.shoppingbackend.model.CartLine)
    - Returns
       - EntityReturnImpl(entity=com.shoppingbackend.model.CartLine, querySpaceUid=&lt;gen:0&gt;, path=com.shoppingbackend.model.CartLine)
          - EntityAttributeFetchImpl(entity=com.shoppingbackend.model.Product, querySpaceUid=&lt;gen:1&gt;, path=com.shoppingbackend.model.CartLine.product)
    - QuerySpaces
       - EntityQuerySpaceImpl(uid=&lt;gen:0&gt;, entity=com.shoppingbackend.model.CartLine)
          - SQL table alias mapping - cartline0_
          - alias suffix - 0_
          - suffixed key columns - {id1_2_0_}
          - JOIN (JoinDefinedByMetadata(product)) : &lt;gen:0&gt; -&gt; &lt;gen:1&gt;
             - EntityQuerySpaceImpl(uid=&lt;gen:1&gt;, entity=com.shoppingbackend.model.Product)
                - SQL table alias mapping - product1_
                - alias suffix - 1_
                - suffixed key columns - {id1_6_1_}

21:22:35.393 [main] DEBUG org.hibernate.loader.entity.plan.EntityLoader - Static select for entity com.shoppingbackend.model.CartLine [READ]: select cartline0_.id as id1_2_0_, cartline0_.is_available as is_avail2_2_0_, cartline0_.buying_price as buying_p3_2_0_, cartline0_.cart_id as cart_id4_2_0_, cartline0_.product_id as product_7_2_0_, cartline0_.product_count as product_5_2_0_, cartline0_.total as total6_2_0_, product1_.id as id1_6_1_, product1_.is_active as is_activ2_6_1_, product1_.brand as brand3_6_1_, product1_.category_id as category4_6_1_, product1_.code as code5_6_1_, product1_.description as descript6_6_1_, product1_.name as name7_6_1_, product1_.purchases as purchase8_6_1_, product1_.quantity as quantity9_6_1_, product1_.supplier_id as supplie10_6_1_, product1_.unit_price as unit_pr11_6_1_, product1_.views as views12_6_1_ from cart_line cartline0_ left outer join Product product1_ on cartline0_.product_id=product1_.id where cartline0_.id=?
21:22:35.394 [main] DEBUG org.hibernate.loader.plan.build.internal.spaces.QuerySpacesImpl - Adding QuerySpace : uid = &lt;gen:0&gt; -&gt; org.hibernate.loader.plan.build.internal.spaces.EntityQuerySpaceImpl@23b3aa8c]
21:22:35.395 [main] DEBUG org.hibernate.persister.walking.spi.MetamodelGraphWalker - Visiting attribute path : available
21:22:35.395 [main] DEBUG org.hibernate.persister.walking.spi.MetamodelGraphWalker - Visiting attribute path : buyingPrice
21:22:35.395 [main] DEBUG org.hibernate.persister.walking.spi.MetamodelGraphWalker - Visiting attribute path : cartId
21:22:35.396 [main] DEBUG org.hibernate.persister.walking.spi.MetamodelGraphWalker - Visiting attribute path : product
21:22:35.396 [main] DEBUG org.hibernate.loader.plan.build.internal.spaces.QuerySpacesImpl - Adding QuerySpace : uid = &lt;gen:1&gt; -&gt; org.hibernate.loader.plan.build.internal.spaces.EntityQuerySpaceImpl@6c796cc1]
21:22:35.396 [main] DEBUG org.hibernate.persister.walking.spi.MetamodelGraphWalker - Visiting attribute path : productCount
21:22:35.396 [main] DEBUG org.hibernate.persister.walking.spi.MetamodelGraphWalker - Visiting attribute path : total
21:22:35.398 [main] DEBUG org.hibernate.loader.plan.build.internal.FetchStyleLoadPlanBuildingAssociationVisitationStrategy - Building LoadPlan...
21:22:35.399 [main] DEBUG org.hibernate.loader.plan.exec.internal.LoadQueryJoinAndFetchProcessor - processing queryspace &lt;gen:0&gt;
21:22:35.401 [main] DEBUG org.hibernate.loader.plan.build.spi.LoadPlanTreePrinter - LoadPlan(entity=com.shoppingbackend.model.CartLine)
    - Returns
       - EntityReturnImpl(entity=com.shoppingbackend.model.CartLine, querySpaceUid=&lt;gen:0&gt;, path=com.shoppingbackend.model.CartLine)
          - EntityAttributeFetchImpl(entity=com.shoppingbackend.model.Product, querySpaceUid=&lt;gen:1&gt;, path=com.shoppingbackend.model.CartLine.product)
    - QuerySpaces
       - EntityQuerySpaceImpl(uid=&lt;gen:0&gt;, entity=com.shoppingbackend.model.CartLine)
          - SQL table alias mapping - cartline0_
          - alias suffix - 0_
          - suffixed key columns - {id1_2_0_}

21:22:35.402 [main] DEBUG org.hibernate.loader.entity.plan.EntityLoader - Static select for entity com.shoppingbackend.model.CartLine [UPGRADE]: select cartline0_.id as id1_2_0_, cartline0_.is_available as is_avail2_2_0_, cartline0_.buying_price as buying_p3_2_0_, cartline0_.cart_id as cart_id4_2_0_, cartline0_.product_id as product_7_2_0_, cartline0_.product_count as product_5_2_0_, cartline0_.total as total6_2_0_ from cart_line cartline0_ where cartline0_.id=? for update
21:22:35.402 [main] DEBUG org.hibernate.loader.plan.build.internal.spaces.QuerySpacesImpl - Adding QuerySpace : uid = &lt;gen:0&gt; -&gt; org.hibernate.loader.plan.build.internal.spaces.EntityQuerySpaceImpl@226eba67]
21:22:35.402 [main] DEBUG org.hibernate.persister.walking.spi.MetamodelGraphWalker - Visiting attribute path : available
21:22:35.403 [main] DEBUG org.hibernate.persister.walking.spi.MetamodelGraphWalker - Visiting attribute path : buyingPrice
21:22:35.403 [main] DEBUG org.hibernate.persister.walking.spi.MetamodelGraphWalker - Visiting attribute path : cartId
21:22:35.403 [main] DEBUG org.hibernate.persister.walking.spi.MetamodelGraphWalker - Visiting attribute path : product
21:22:35.403 [main] DEBUG org.hibernate.loader.plan.build.internal.spaces.QuerySpacesImpl - Adding QuerySpace : uid = &lt;gen:1&gt; -&gt; org.hibernate.loader.plan.build.internal.spaces.EntityQuerySpaceImpl@35342d2f]
21:22:35.404 [main] DEBUG org.hibernate.persister.walking.spi.MetamodelGraphWalker - Visiting attribute path : productCount
21:22:35.404 [main] DEBUG org.hibernate.persister.walking.spi.MetamodelGraphWalker - Visiting attribute path : total
21:22:35.404 [main] DEBUG org.hibernate.loader.plan.build.internal.FetchStyleLoadPlanBuildingAssociationVisitationStrategy - Building LoadPlan...
21:22:35.404 [main] DEBUG org.hibernate.loader.plan.exec.internal.LoadQueryJoinAndFetchProcessor - processing queryspace &lt;gen:0&gt;
21:22:35.405 [main] DEBUG org.hibernate.loader.plan.build.spi.LoadPlanTreePrinter - LoadPlan(entity=com.shoppingbackend.model.CartLine)
    - Returns
       - EntityReturnImpl(entity=com.shoppingbackend.model.CartLine, querySpaceUid=&lt;gen:0&gt;, path=com.shoppingbackend.model.CartLine)
          - EntityAttributeFetchImpl(entity=com.shoppingbackend.model.Product, querySpaceUid=&lt;gen:1&gt;, path=com.shoppingbackend.model.CartLine.product)
    - QuerySpaces
       - EntityQuerySpaceImpl(uid=&lt;gen:0&gt;, entity=com.shoppingbackend.model.CartLine)
          - SQL table alias mapping - cartline0_
          - alias suffix - 0_
          - suffixed key columns - {id1_2_0_}

21:22:35.405 [main] DEBUG org.hibernate.loader.entity.plan.EntityLoader - Static select for entity com.shoppingbackend.model.CartLine [UPGRADE_NOWAIT]: select cartline0_.id as id1_2_0_, cartline0_.is_available as is_avail2_2_0_, cartline0_.buying_price as buying_p3_2_0_, cartline0_.cart_id as cart_id4_2_0_, cartline0_.product_id as product_7_2_0_, cartline0_.product_count as product_5_2_0_, cartline0_.total as total6_2_0_ from cart_line cartline0_ where cartline0_.id=? for update
21:22:35.406 [main] DEBUG org.hibernate.loader.plan.build.internal.spaces.QuerySpacesImpl - Adding QuerySpace : uid = &lt;gen:0&gt; -&gt; org.hibernate.loader.plan.build.internal.spaces.EntityQuerySpaceImpl@128c502c]
21:22:35.406 [main] DEBUG org.hibernate.persister.walking.spi.MetamodelGraphWalker - Visiting attribute path : available
21:22:35.406 [main] DEBUG org.hibernate.persister.walking.spi.MetamodelGraphWalker - Visiting attribute path : buyingPrice
21:22:35.406 [main] DEBUG org.hibernate.persister.walking.spi.MetamodelGraphWalker - Visiting attribute path : cartId
21:22:35.407 [main] DEBUG org.hibernate.persister.walking.spi.MetamodelGraphWalker - Visiting attribute path : product
21:22:35.407 [main] DEBUG org.hibernate.loader.plan.build.internal.spaces.QuerySpacesImpl - Adding QuerySpace : uid = &lt;gen:1&gt; -&gt; org.hibernate.loader.plan.build.internal.spaces.EntityQuerySpaceImpl@65eabaab]
21:22:35.407 [main] DEBUG org.hibernate.persister.walking.spi.MetamodelGraphWalker - Visiting attribute path : productCount
21:22:35.407 [main] DEBUG org.hibernate.persister.walking.spi.MetamodelGraphWalker - Visiting attribute path : total
21:22:35.407 [main] DEBUG org.hibernate.loader.plan.build.internal.FetchStyleLoadPlanBuildingAssociationVisitationStrategy - Building LoadPlan...
21:22:35.408 [main] DEBUG org.hibernate.loader.plan.exec.internal.LoadQueryJoinAndFetchProcessor - processing queryspace &lt;gen:0&gt;
21:22:35.409 [main] DEBUG org.hibernate.loader.plan.build.spi.LoadPlanTreePrinter - LoadPlan(entity=com.shoppingbackend.model.CartLine)
    - Returns
       - EntityReturnImpl(entity=com.shoppingbackend.model.CartLine, querySpaceUid=&lt;gen:0&gt;, path=com.shoppingbackend.model.CartLine)
          - EntityAttributeFetchImpl(entity=com.shoppingbackend.model.Product, querySpaceUid=&lt;gen:1&gt;, path=com.shoppingbackend.model.CartLine.product)
    - QuerySpaces
       - EntityQuerySpaceImpl(uid=&lt;gen:0&gt;, entity=com.shoppingbackend.model.CartLine)
          - SQL table alias mapping - cartline0_
          - alias suffix - 0_
          - suffixed key columns - {id1_2_0_}

21:22:35.409 [main] DEBUG org.hibernate.loader.entity.plan.EntityLoader - Static select for entity com.shoppingbackend.model.CartLine [UPGRADE_SKIPLOCKED]: select cartline0_.id as id1_2_0_, cartline0_.is_available as is_avail2_2_0_, cartline0_.buying_price as buying_p3_2_0_, cartline0_.cart_id as cart_id4_2_0_, cartline0_.product_id as product_7_2_0_, cartline0_.product_count as product_5_2_0_, cartline0_.total as total6_2_0_ from cart_line cartline0_ where cartline0_.id=? for update
21:22:35.410 [main] DEBUG org.hibernate.loader.plan.build.internal.spaces.QuerySpacesImpl - Adding QuerySpace : uid = &lt;gen:0&gt; -&gt; org.hibernate.loader.plan.build.internal.spaces.EntityQuerySpaceImpl@7123be6c]
21:22:35.410 [main] DEBUG org.hibernate.persister.walking.spi.MetamodelGraphWalker - Visiting attribute path : available
21:22:35.410 [main] DEBUG org.hibernate.persister.walking.spi.MetamodelGraphWalker - Visiting attribute path : buyingPrice
21:22:35.410 [main] DEBUG org.hibernate.persister.walking.spi.MetamodelGraphWalker - Visiting attribute path : cartId
21:22:35.410 [main] DEBUG org.hibernate.persister.walking.spi.MetamodelGraphWalker - Visiting attribute path : product
21:22:35.411 [main] DEBUG org.hibernate.loader.plan.build.internal.spaces.QuerySpacesImpl - Adding QuerySpace : uid = &lt;gen:1&gt; -&gt; org.hibernate.loader.plan.build.internal.spaces.EntityQuerySpaceImpl@77a2aa4a]
21:22:35.411 [main] DEBUG org.hibernate.persister.walking.spi.MetamodelGraphWalker - Visiting attribute path : productCount
21:22:35.412 [main] DEBUG org.hibernate.persister.walking.spi.MetamodelGraphWalker - Visiting attribute path : total
21:22:35.412 [main] DEBUG org.hibernate.loader.plan.build.internal.FetchStyleLoadPlanBuildingAssociationVisitationStrategy - Building LoadPlan...
21:22:35.412 [main] DEBUG org.hibernate.loader.plan.exec.internal.LoadQueryJoinAndFetchProcessor - processing queryspace &lt;gen:0&gt;
21:22:35.413 [main] DEBUG org.hibernate.loader.plan.build.spi.LoadPlanTreePrinter - LoadPlan(entity=com.shoppingbackend.model.CartLine)
    - Returns
       - EntityReturnImpl(entity=com.shoppingbackend.model.CartLine, querySpaceUid=&lt;gen:0&gt;, path=com.shoppingbackend.model.CartLine)
          - EntityAttributeFetchImpl(entity=com.shoppingbackend.model.Product, querySpaceUid=&lt;gen:1&gt;, path=com.shoppingbackend.model.CartLine.product)
    - QuerySpaces
       - EntityQuerySpaceImpl(uid=&lt;gen:0&gt;, entity=com.shoppingbackend.model.CartLine)
          - SQL table alias mapping - cartline0_
          - alias suffix - 0_
          - suffixed key columns - {id1_2_0_}

21:22:35.415 [main] DEBUG org.hibernate.loader.entity.plan.EntityLoader - Static select for entity com.shoppingbackend.model.CartLine [FORCE]: select cartline0_.id as id1_2_0_, cartline0_.is_available as is_avail2_2_0_, cartline0_.buying_price as buying_p3_2_0_, cartline0_.cart_id as cart_id4_2_0_, cartline0_.product_id as product_7_2_0_, cartline0_.product_count as product_5_2_0_, cartline0_.total as total6_2_0_ from cart_line cartline0_ where cartline0_.id=? for update
21:22:35.415 [main] DEBUG org.hibernate.loader.plan.build.internal.spaces.QuerySpacesImpl - Adding QuerySpace : uid = &lt;gen:0&gt; -&gt; org.hibernate.loader.plan.build.internal.spaces.EntityQuerySpaceImpl@47ad69f7]
21:22:35.415 [main] DEBUG org.hibernate.persister.walking.spi.MetamodelGraphWalker - Visiting attribute path : available
21:22:35.416 [main] DEBUG org.hibernate.persister.walking.spi.MetamodelGraphWalker - Visiting attribute path : buyingPrice
21:22:35.416 [main] DEBUG org.hibernate.persister.walking.spi.MetamodelGraphWalker - Visiting attribute path : cartId
21:22:35.416 [main] DEBUG org.hibernate.persister.walking.spi.MetamodelGraphWalker - Visiting attribute path : product
21:22:35.416 [main] DEBUG org.hibernate.loader.plan.build.internal.spaces.QuerySpacesImpl - Adding QuerySpace : uid = &lt;gen:1&gt; -&gt; org.hibernate.loader.plan.build.internal.spaces.EntityQuerySpaceImpl@5e5073ab]
21:22:35.417 [main] DEBUG org.hibernate.persister.walking.spi.MetamodelGraphWalker - Visiting attribute path : productCount
21:22:35.417 [main] DEBUG org.hibernate.persister.walking.spi.MetamodelGraphWalker - Visiting attribute path : total
21:22:35.417 [main] DEBUG org.hibernate.loader.plan.build.internal.FetchStyleLoadPlanBuildingAssociationVisitationStrategy - Building LoadPlan...
21:22:35.417 [main] DEBUG org.hibernate.loader.plan.exec.internal.LoadQueryJoinAndFetchProcessor - processing queryspace &lt;gen:0&gt;
21:22:35.420 [main] DEBUG org.hibernate.loader.plan.build.spi.LoadPlanTreePrinter - LoadPlan(entity=com.shoppingbackend.model.CartLine)
    - Returns
       - EntityReturnImpl(entity=com.shoppingbackend.model.CartLine, querySpaceUid=&lt;gen:0&gt;, path=com.shoppingbackend.model.CartLine)
          - EntityAttributeFetchImpl(entity=com.shoppingbackend.model.Product, querySpaceUid=&lt;gen:1&gt;, path=com.shoppingbackend.model.CartLine.product)
    - QuerySpaces
       - EntityQuerySpaceImpl(uid=&lt;gen:0&gt;, entity=com.shoppingbackend.model.CartLine)
          - SQL table alias mapping - cartline0_
          - alias suffix - 0_
          - suffixed key columns - {id1_2_0_}

21:22:35.420 [main] DEBUG org.hibernate.loader.entity.plan.EntityLoader - Static select for entity com.shoppingbackend.model.CartLine [PESSIMISTIC_READ]: select cartline0_.id as id1_2_0_, cartline0_.is_available as is_avail2_2_0_, cartline0_.buying_price as buying_p3_2_0_, cartline0_.cart_id as cart_id4_2_0_, cartline0_.product_id as product_7_2_0_, cartline0_.product_count as product_5_2_0_, cartline0_.total as total6_2_0_ from cart_line cartline0_ where cartline0_.id=? for update
21:22:35.421 [main] DEBUG org.hibernate.loader.plan.build.internal.spaces.QuerySpacesImpl - Adding QuerySpace : uid = &lt;gen:0&gt; -&gt; org.hibernate.loader.plan.build.internal.spaces.EntityQuerySpaceImpl@3c4262d1]
21:22:35.421 [main] DEBUG org.hibernate.persister.walking.spi.MetamodelGraphWalker - Visiting attribute path : available
21:22:35.421 [main] DEBUG org.hibernate.persister.walking.spi.MetamodelGraphWalker - Visiting attribute path : buyingPrice
21:22:35.421 [main] DEBUG org.hibernate.persister.walking.spi.MetamodelGraphWalker - Visiting attribute path : cartId
21:22:35.421 [main] DEBUG org.hibernate.persister.walking.spi.MetamodelGraphWalker - Visiting attribute path : product
21:22:35.422 [main] DEBUG org.hibernate.loader.plan.build.internal.spaces.QuerySpacesImpl - Adding QuerySpace : uid = &lt;gen:1&gt; -&gt; org.hibernate.loader.plan.build.internal.spaces.EntityQuerySpaceImpl@30c0d731]
21:22:35.422 [main] DEBUG org.hibernate.persister.walking.spi.MetamodelGraphWalker - Visiting attribute path : productCount
21:22:35.422 [main] DEBUG org.hibernate.persister.walking.spi.MetamodelGraphWalker - Visiting attribute path : total
21:22:35.422 [main] DEBUG org.hibernate.loader.plan.build.internal.FetchStyleLoadPlanBuildingAssociationVisitationStrategy - Building LoadPlan...
21:22:35.423 [main] DEBUG org.hibernate.loader.plan.exec.internal.LoadQueryJoinAndFetchProcessor - processing queryspace &lt;gen:0&gt;
21:22:35.423 [main] DEBUG org.hibernate.loader.plan.build.spi.LoadPlanTreePrinter - LoadPlan(entity=com.shoppingbackend.model.CartLine)
    - Returns
       - EntityReturnImpl(entity=com.shoppingbackend.model.CartLine, querySpaceUid=&lt;gen:0&gt;, path=com.shoppingbackend.model.CartLine)
          - EntityAttributeFetchImpl(entity=com.shoppingbackend.model.Product, querySpaceUid=&lt;gen:1&gt;, path=com.shoppingbackend.model.CartLine.product)
    - QuerySpaces
       - EntityQuerySpaceImpl(uid=&lt;gen:0&gt;, entity=com.shoppingbackend.model.CartLine)
          - SQL table alias mapping - cartline0_
          - alias suffix - 0_
          - suffixed key columns - {id1_2_0_}

21:22:35.424 [main] DEBUG org.hibernate.loader.entity.plan.EntityLoader - Static select for entity com.shoppingbackend.model.CartLine [PESSIMISTIC_WRITE]: select cartline0_.id as id1_2_0_, cartline0_.is_available as is_avail2_2_0_, cartline0_.buying_price as buying_p3_2_0_, cartline0_.cart_id as cart_id4_2_0_, cartline0_.product_id as product_7_2_0_, cartline0_.product_count as product_5_2_0_, cartline0_.total as total6_2_0_ from cart_line cartline0_ where cartline0_.id=? for update
21:22:35.424 [main] DEBUG org.hibernate.loader.plan.build.internal.spaces.QuerySpacesImpl - Adding QuerySpace : uid = &lt;gen:0&gt; -&gt; org.hibernate.loader.plan.build.internal.spaces.EntityQuerySpaceImpl@6d5037a9]
21:22:35.424 [main] DEBUG org.hibernate.persister.walking.spi.MetamodelGraphWalker - Visiting attribute path : available
21:22:35.427 [main] DEBUG org.hibernate.persister.walking.spi.MetamodelGraphWalker - Visiting attribute path : buyingPrice
21:22:35.427 [main] DEBUG org.hibernate.persister.walking.spi.MetamodelGraphWalker - Visiting attribute path : cartId
21:22:35.427 [main] DEBUG org.hibernate.persister.walking.spi.MetamodelGraphWalker - Visiting attribute path : product
21:22:35.428 [main] DEBUG org.hibernate.loader.plan.build.internal.spaces.QuerySpacesImpl - Adding QuerySpace : uid = &lt;gen:1&gt; -&gt; org.hibernate.loader.plan.build.internal.spaces.EntityQuerySpaceImpl@30669dac]
21:22:35.428 [main] DEBUG org.hibernate.persister.walking.spi.MetamodelGraphWalker - Visiting attribute path : productCount
21:22:35.428 [main] DEBUG org.hibernate.persister.walking.spi.MetamodelGraphWalker - Visiting attribute path : total
21:22:35.428 [main] DEBUG org.hibernate.loader.plan.build.internal.FetchStyleLoadPlanBuildingAssociationVisitationStrategy - Building LoadPlan...
21:22:35.429 [main] DEBUG org.hibernate.loader.plan.exec.internal.LoadQueryJoinAndFetchProcessor - processing queryspace &lt;gen:0&gt;
21:22:35.429 [main] DEBUG org.hibernate.loader.plan.build.spi.LoadPlanTreePrinter - LoadPlan(entity=com.shoppingbackend.model.CartLine)
    - Returns
       - EntityReturnImpl(entity=com.shoppingbackend.model.CartLine, querySpaceUid=&lt;gen:0&gt;, path=com.shoppingbackend.model.CartLine)
          - EntityAttributeFetchImpl(entity=com.shoppingbackend.model.Product, querySpaceUid=&lt;gen:1&gt;, path=com.shoppingbackend.model.CartLine.product)
    - QuerySpaces
       - EntityQuerySpaceImpl(uid=&lt;gen:0&gt;, entity=com.shoppingbackend.model.CartLine)
          - SQL table alias mapping - cartline0_
          - alias suffix - 0_
          - suffixed key columns - {id1_2_0_}

21:22:35.430 [main] DEBUG org.hibernate.loader.entity.plan.EntityLoader - Static select for entity com.shoppingbackend.model.CartLine [PESSIMISTIC_FORCE_INCREMENT]: select cartline0_.id as id1_2_0_, cartline0_.is_available as is_avail2_2_0_, cartline0_.buying_price as buying_p3_2_0_, cartline0_.cart_id as cart_id4_2_0_, cartline0_.product_id as product_7_2_0_, cartline0_.product_count as product_5_2_0_, cartline0_.total as total6_2_0_ from cart_line cartline0_ where cartline0_.id=? for update
21:22:35.431 [main] DEBUG org.hibernate.loader.plan.build.internal.spaces.QuerySpacesImpl - Adding QuerySpace : uid = &lt;gen:0&gt; -&gt; org.hibernate.loader.plan.build.internal.spaces.EntityQuerySpaceImpl@629adce]
21:22:35.431 [main] DEBUG org.hibernate.persister.walking.spi.MetamodelGraphWalker - Visiting attribute path : available
21:22:35.431 [main] DEBUG org.hibernate.persister.walking.spi.MetamodelGraphWalker - Visiting attribute path : buyingPrice
21:22:35.431 [main] DEBUG org.hibernate.persister.walking.spi.MetamodelGraphWalker - Visiting attribute path : cartId
21:22:35.431 [main] DEBUG org.hibernate.persister.walking.spi.MetamodelGraphWalker - Visiting attribute path : product
21:22:35.432 [main] DEBUG org.hibernate.loader.plan.build.internal.spaces.QuerySpacesImpl - Adding QuerySpace : uid = &lt;gen:1&gt; -&gt; org.hibernate.loader.plan.build.internal.spaces.EntityQuerySpaceImpl@743c6ce4]
21:22:35.432 [main] DEBUG org.hibernate.persister.walking.spi.MetamodelGraphWalker - Visiting attribute path : productCount
21:22:35.432 [main] DEBUG org.hibernate.persister.walking.spi.MetamodelGraphWalker - Visiting attribute path : total
21:22:35.432 [main] DEBUG org.hibernate.loader.plan.build.internal.FetchStyleLoadPlanBuildingAssociationVisitationStrategy - Building LoadPlan...
21:22:35.433 [main] DEBUG org.hibernate.loader.plan.exec.internal.LoadQueryJoinAndFetchProcessor - processing queryspace &lt;gen:0&gt;
21:22:35.440 [main] DEBUG org.hibernate.loader.plan.build.spi.LoadPlanTreePrinter - LoadPlan(entity=com.shoppingbackend.model.CartLine)
    - Returns
       - EntityReturnImpl(entity=com.shoppingbackend.model.CartLine, querySpaceUid=&lt;gen:0&gt;, path=com.shoppingbackend.model.CartLine)
          - EntityAttributeFetchImpl(entity=com.shoppingbackend.model.Product, querySpaceUid=&lt;gen:1&gt;, path=com.shoppingbackend.model.CartLine.product)
    - QuerySpaces
       - EntityQuerySpaceImpl(uid=&lt;gen:0&gt;, entity=com.shoppingbackend.model.CartLine)
          - SQL table alias mapping - cartline0_
          - alias suffix - 0_
          - suffixed key columns - {id1_2_0_}

21:22:35.455 [main] DEBUG org.hibernate.loader.entity.plan.EntityLoader - Static select for entity com.shoppingbackend.model.CartLine [OPTIMISTIC]: select cartline0_.id as id1_2_0_, cartline0_.is_available as is_avail2_2_0_, cartline0_.buying_price as buying_p3_2_0_, cartline0_.cart_id as cart_id4_2_0_, cartline0_.product_id as product_7_2_0_, cartline0_.product_count as product_5_2_0_, cartline0_.total as total6_2_0_ from cart_line cartline0_ where cartline0_.id=?
21:22:35.605 [main] DEBUG org.hibernate.loader.plan.build.internal.spaces.QuerySpacesImpl - Adding QuerySpace : uid = &lt;gen:0&gt; -&gt; org.hibernate.loader.plan.build.internal.spaces.EntityQuerySpaceImpl@70331432]
21:22:35.731 [main] DEBUG org.hibernate.persister.walking.spi.MetamodelGraphWalker - Visiting attribute path : available
21:22:35.731 [main] DEBUG org.hibernate.persister.walking.spi.MetamodelGraphWalker - Visiting attribute path : buyingPrice
21:22:35.731 [main] DEBUG org.hibernate.persister.walking.spi.MetamodelGraphWalker - Visiting attribute path : cartId
21:22:35.731 [main] DEBUG org.hibernate.persister.walking.spi.MetamodelGraphWalker - Visiting attribute path : product
21:22:35.755 [main] DEBUG org.hibernate.loader.plan.build.internal.spaces.QuerySpacesImpl - Adding QuerySpace : uid = &lt;gen:1&gt; -&gt; org.hibernate.loader.plan.build.internal.spaces.EntityQuerySpaceImpl@10c2064a]
21:22:35.755 [main] DEBUG org.hibernate.persister.walking.spi.MetamodelGraphWalker - Visiting attribute path : productCount
21:22:35.755 [main] DEBUG org.hibernate.persister.walking.spi.MetamodelGraphWalker - Visiting attribute path : total
21:22:35.756 [main] DEBUG org.hibernate.loader.plan.build.internal.FetchStyleLoadPlanBuildingAssociationVisitationStrategy - Building LoadPlan...
21:22:35.756 [main] DEBUG org.hibernate.loader.plan.exec.internal.LoadQueryJoinAndFetchProcessor - processing queryspace &lt;gen:0&gt;
21:22:35.785 [main] DEBUG org.hibernate.loader.plan.build.spi.LoadPlanTreePrinter - LoadPlan(entity=com.shoppingbackend.model.CartLine)
    - Returns
       - EntityReturnImpl(entity=com.shoppingbackend.model.CartLine, querySpaceUid=&lt;gen:0&gt;, path=com.shoppingbackend.model.CartLine)
          - EntityAttributeFetchImpl(entity=com.shoppingbackend.model.Product, querySpaceUid=&lt;gen:1&gt;, path=com.shoppingbackend.model.CartLine.product)
    - QuerySpaces
       - EntityQuerySpaceImpl(uid=&lt;gen:0&gt;, entity=com.shoppingbackend.model.CartLine)
          - SQL table alias mapping - cartline0_
          - alias suffix - 0_
          - suffixed key columns - {id1_2_0_}

21:22:35.785 [main] DEBUG org.hibernate.loader.entity.plan.EntityLoader - Static select for entity com.shoppingbackend.model.CartLine [OPTIMISTIC_FORCE_INCREMENT]: select cartline0_.id as id1_2_0_, cartline0_.is_available as is_avail2_2_0_, cartline0_.buying_price as buying_p3_2_0_, cartline0_.cart_id as cart_id4_2_0_, cartline0_.product_id as product_7_2_0_, cartline0_.product_count as product_5_2_0_, cartline0_.total as total6_2_0_ from cart_line cartline0_ where cartline0_.id=?
21:22:35.786 [main] DEBUG org.hibernate.loader.Loader - Static select for action ACTION_MERGE on entity com.shoppingbackend.model.CartLine: select cartline0_.id as id1_2_0_, cartline0_.is_available as is_avail2_2_0_, cartline0_.buying_price as buying_p3_2_0_, cartline0_.cart_id as cart_id4_2_0_, cartline0_.product_id as product_7_2_0_, cartline0_.product_count as product_5_2_0_, cartline0_.total as total6_2_0_ from cart_line cartline0_ where cartline0_.id=?
21:22:35.786 [main] DEBUG org.hibernate.loader.Loader - Static select for action ACTION_REFRESH on entity com.shoppingbackend.model.CartLine: select cartline0_.id as id1_2_0_, cartline0_.is_available as is_avail2_2_0_, cartline0_.buying_price as buying_p3_2_0_, cartline0_.cart_id as cart_id4_2_0_, cartline0_.product_id as product_7_2_0_, cartline0_.product_count as product_5_2_0_, cartline0_.total as total6_2_0_ from cart_line cartline0_ where cartline0_.id=?
21:22:35.789 [main] DEBUG org.hibernate.persister.entity.AbstractEntityPersister - Static SQL for entity: com.shoppingbackend.model.OrderItem
21:22:35.789 [main] DEBUG org.hibernate.persister.entity.AbstractEntityPersister -  Version select: select id from order_item where id =?
21:22:35.789 [main] DEBUG org.hibernate.persister.entity.AbstractEntityPersister -  Snapshot select: select orderitem_.id, orderitem_.buying_price as buying_p2_5_, orderitem_.order_id as order_id5_5_, orderitem_.product_id as product_6_5_, orderitem_.product_count as product_3_5_, orderitem_.total as total4_5_ from order_item orderitem_ where orderitem_.id=?
21:22:35.789 [main] DEBUG org.hibernate.persister.entity.AbstractEntityPersister -  Insert 0: insert into order_item (buying_price, order_id, product_id, product_count, total, id) values (?, ?, ?, ?, ?, ?)
21:22:35.790 [main] DEBUG org.hibernate.persister.entity.AbstractEntityPersister -  Update 0: update order_item set buying_price=?, order_id=?, product_id=?, product_count=?, total=? where id=?
21:22:35.790 [main] DEBUG org.hibernate.persister.entity.AbstractEntityPersister -  Delete 0: delete from order_item where id=?
21:22:35.790 [main] DEBUG org.hibernate.persister.entity.AbstractEntityPersister -  Identity insert: insert into order_item (id, buying_price, order_id, product_id, product_count, total) values (null, ?, ?, ?, ?, ?)
21:22:35.790 [main] DEBUG org.hibernate.loader.plan.build.internal.spaces.QuerySpacesImpl - Adding QuerySpace : uid = &lt;gen:0&gt; -&gt; org.hibernate.loader.plan.build.internal.spaces.EntityQuerySpaceImpl@70e13fa]
21:22:35.791 [main] DEBUG org.hibernate.persister.walking.spi.MetamodelGraphWalker - Visiting attribute path : buyingPrice
21:22:35.791 [main] DEBUG org.hibernate.persister.walking.spi.MetamodelGraphWalker - Visiting attribute path : orderDetail
21:22:35.791 [main] DEBUG org.hibernate.loader.plan.build.internal.spaces.QuerySpacesImpl - Adding QuerySpace : uid = &lt;gen:1&gt; -&gt; org.hibernate.loader.plan.build.internal.spaces.EntityQuerySpaceImpl@280d9edc]
21:22:35.791 [main] DEBUG org.hibernate.persister.walking.spi.MetamodelGraphWalker - Visiting attribute path : orderDetail.billing
21:22:35.792 [main] DEBUG org.hibernate.loader.plan.build.internal.spaces.QuerySpacesImpl - Adding QuerySpace : uid = &lt;gen:2&gt; -&gt; org.hibernate.loader.plan.build.internal.spaces.EntityQuerySpaceImpl@5f9b6ae7]
21:22:35.792 [main] DEBUG org.hibernate.persister.walking.spi.MetamodelGraphWalker - Visiting attribute path : orderDetail.billing.addressLineOne
21:22:35.792 [main] DEBUG org.hibernate.persister.walking.spi.MetamodelGraphWalker - Visiting attribute path : orderDetail.billing.addressLineTwo
21:22:35.792 [main] DEBUG org.hibernate.persister.walking.spi.MetamodelGraphWalker - Visiting attribute path : orderDetail.billing.billing
21:22:35.792 [main] DEBUG org.hibernate.persister.walking.spi.MetamodelGraphWalker - Visiting attribute path : orderDetail.billing.city
21:22:35.792 [main] DEBUG org.hibernate.persister.walking.spi.MetamodelGraphWalker - Visiting attribute path : orderDetail.billing.country
21:22:35.792 [main] DEBUG org.hibernate.persister.walking.spi.MetamodelGraphWalker - Visiting attribute path : orderDetail.billing.postalCode
21:22:35.792 [main] DEBUG org.hibernate.persister.walking.spi.MetamodelGraphWalker - Visiting attribute path : orderDetail.billing.shipping
21:22:35.792 [main] DEBUG org.hibernate.persister.walking.spi.MetamodelGraphWalker - Visiting attribute path : orderDetail.billing.state
21:22:35.792 [main] DEBUG org.hibernate.persister.walking.spi.MetamodelGraphWalker - Visiting attribute path : orderDetail.billing.userId
21:22:35.792 [main] DEBUG org.hibernate.persister.walking.spi.MetamodelGraphWalker - Visiting attribute path : orderDetail.orderCount
21:22:35.793 [main] DEBUG org.hibernate.persister.walking.spi.MetamodelGraphWalker - Visiting attribute path : orderDetail.orderDate
21:22:35.793 [main] DEBUG org.hibernate.persister.walking.spi.MetamodelGraphWalker - Visiting attribute path : orderDetail.orderItems
21:22:35.793 [main] DEBUG org.hibernate.persister.walking.spi.MetamodelGraphWalker - Property path deemed to be circular : orderDetail.orderItems
21:22:35.793 [main] DEBUG org.hibernate.persister.walking.spi.MetamodelGraphWalker - Visiting attribute path : orderDetail.orderTotal
21:22:35.793 [main] DEBUG org.hibernate.persister.walking.spi.MetamodelGraphWalker - Visiting attribute path : orderDetail.shipping
21:22:35.793 [main] DEBUG org.hibernate.loader.plan.build.internal.spaces.QuerySpacesImpl - Adding QuerySpace : uid = &lt;gen:3&gt; -&gt; org.hibernate.loader.plan.build.internal.spaces.EntityQuerySpaceImpl@5432c277]
21:22:35.794 [main] DEBUG org.hibernate.persister.walking.spi.MetamodelGraphWalker - Visiting attribute path : orderDetail.shipping.addressLineOne
21:22:35.794 [main] DEBUG org.hibernate.persister.walking.spi.MetamodelGraphWalker - Visiting attribute path : orderDetail.shipping.addressLineTwo
21:22:35.794 [main] DEBUG org.hibernate.persister.walking.spi.MetamodelGraphWalker - Visiting attribute path : orderDetail.shipping.billing
21:22:35.794 [main] DEBUG org.hibernate.persister.walking.spi.MetamodelGraphWalker - Visiting attribute path : orderDetail.shipping.city
21:22:35.794 [main] DEBUG org.hibernate.persister.walking.spi.MetamodelGraphWalker - Visiting attribute path : orderDetail.shipping.country
21:22:35.795 [main] DEBUG org.hibernate.persister.walking.spi.MetamodelGraphWalker - Visiting attribute path : orderDetail.shipping.postalCode
21:22:35.795 [main] DEBUG org.hibernate.persister.walking.spi.MetamodelGraphWalker - Visiting attribute path : orderDetail.shipping.shipping
21:22:35.795 [main] DEBUG org.hibernate.persister.walking.spi.MetamodelGraphWalker - Visiting attribute path : orderDetail.shipping.state
21:22:35.795 [main] DEBUG org.hibernate.persister.walking.spi.MetamodelGraphWalker - Visiting attribute path : orderDetail.shipping.userId
21:22:35.795 [main] DEBUG org.hibernate.persister.walking.spi.MetamodelGraphWalker - Visiting attribute path : orderDetail.user
21:22:35.796 [main] DEBUG org.hibernate.loader.plan.build.internal.spaces.QuerySpacesImpl - Adding QuerySpace : uid = &lt;gen:4&gt; -&gt; org.hibernate.loader.plan.build.internal.spaces.EntityQuerySpaceImpl@1128620c]
21:22:35.796 [main] DEBUG org.hibernate.persister.walking.spi.MetamodelGraphWalker - Visiting attribute path : orderDetail.user.contactNumber
21:22:35.796 [main] DEBUG org.hibernate.persister.walking.spi.MetamodelGraphWalker - Visiting attribute path : orderDetail.user.email
21:22:35.796 [main] DEBUG org.hibernate.persister.walking.spi.MetamodelGraphWalker - Visiting attribute path : orderDetail.user.enabled
21:22:35.796 [main] DEBUG org.hibernate.persister.walking.spi.MetamodelGraphWalker - Visiting attribute path : orderDetail.user.firstName
21:22:35.797 [main] DEBUG org.hibernate.persister.walking.spi.MetamodelGraphWalker - Visiting attribute path : orderDetail.user.lastName
21:22:35.800 [main] DEBUG org.hibernate.persister.walking.spi.MetamodelGraphWalker - Visiting attribute path : orderDetail.user.password
21:22:35.800 [main] DEBUG org.hibernate.persister.walking.spi.MetamodelGraphWalker - Visiting attribute path : orderDetail.user.role
21:22:35.800 [main] DEBUG org.hibernate.persister.walking.spi.MetamodelGraphWalker - Visiting attribute path : orderDetail.user.cart
21:22:35.801 [main] DEBUG org.hibernate.loader.plan.build.internal.spaces.QuerySpacesImpl - Adding QuerySpace : uid = &lt;gen:5&gt; -&gt; org.hibernate.loader.plan.build.internal.spaces.EntityQuerySpaceImpl@299270eb]
21:22:35.801 [main] DEBUG org.hibernate.persister.walking.spi.MetamodelGraphWalker - Visiting attribute path : orderDetail.user.cart.cartLines
21:22:35.801 [main] DEBUG org.hibernate.persister.walking.spi.MetamodelGraphWalker - Visiting attribute path : orderDetail.user.cart.grandTotal
21:22:35.801 [main] DEBUG org.hibernate.persister.walking.spi.MetamodelGraphWalker - Visiting attribute path : orderDetail.user.cart.user
21:22:35.801 [main] DEBUG org.hibernate.persister.walking.spi.MetamodelGraphWalker - Property path deemed to be circular : orderDetail.user.cart.user
21:22:35.803 [main] DEBUG org.hibernate.persister.walking.spi.MetamodelGraphWalker - Visiting attribute path : product
21:22:35.804 [main] DEBUG org.hibernate.loader.plan.build.internal.spaces.QuerySpacesImpl - Adding QuerySpace : uid = &lt;gen:6&gt; -&gt; org.hibernate.loader.plan.build.internal.spaces.EntityQuerySpaceImpl@69fa8e76]
21:22:35.804 [main] DEBUG org.hibernate.persister.walking.spi.MetamodelGraphWalker - Visiting attribute path : product.active
21:22:35.804 [main] DEBUG org.hibernate.persister.walking.spi.MetamodelGraphWalker - Visiting attribute path : product.brand
21:22:35.804 [main] DEBUG org.hibernate.persister.walking.spi.MetamodelGraphWalker - Visiting attribute path : product.categoryId
21:22:35.805 [main] DEBUG org.hibernate.persister.walking.spi.MetamodelGraphWalker - Visiting attribute path : product.code
21:22:35.805 [main] DEBUG org.hibernate.persister.walking.spi.MetamodelGraphWalker - Visiting attribute path : product.description
21:22:35.805 [main] DEBUG org.hibernate.persister.walking.spi.MetamodelGraphWalker - Visiting attribute path : product.name
21:22:35.805 [main] DEBUG org.hibernate.persister.walking.spi.MetamodelGraphWalker - Visiting attribute path : product.purchases
21:22:35.805 [main] DEBUG org.hibernate.persister.walking.spi.MetamodelGraphWalker - Visiting attribute path : product.quantity
21:22:35.806 [main] DEBUG org.hibernate.persister.walking.spi.MetamodelGraphWalker - Visiting attribute path : product.supplierId
21:22:35.806 [main] DEBUG org.hibernate.persister.walking.spi.MetamodelGraphWalker - Visiting attribute path : product.unitPrice
21:22:35.806 [main] DEBUG org.hibernate.persister.walking.spi.MetamodelGraphWalker - Visiting attribute path : product.views
21:22:35.806 [main] DEBUG org.hibernate.persister.walking.spi.MetamodelGraphWalker - Visiting attribute path : productCount
21:22:35.806 [main] DEBUG org.hibernate.persister.walking.spi.MetamodelGraphWalker - Visiting attribute path : total
21:22:35.806 [main] DEBUG org.hibernate.loader.plan.build.internal.FetchStyleLoadPlanBuildingAssociationVisitationStrategy - Building LoadPlan...
21:22:35.806 [main] DEBUG org.hibernate.loader.plan.exec.internal.LoadQueryJoinAndFetchProcessor - processing queryspace &lt;gen:0&gt;
21:22:35.809 [main] DEBUG org.hibernate.loader.plan.build.spi.LoadPlanTreePrinter - LoadPlan(entity=com.shoppingbackend.model.OrderItem)
    - Returns
       - EntityReturnImpl(entity=com.shoppingbackend.model.OrderItem, querySpaceUid=&lt;gen:0&gt;, path=com.shoppingbackend.model.OrderItem)
          - EntityAttributeFetchImpl(entity=com.shoppingbackend.model.OrderDetail, querySpaceUid=&lt;gen:1&gt;, path=com.shoppingbackend.model.OrderItem.orderDetail)
             - EntityAttributeFetchImpl(entity=com.shoppingbackend.model.Address, querySpaceUid=&lt;gen:2&gt;, path=com.shoppingbackend.model.OrderItem.orderDetail.billing)
             - EntityAttributeFetchImpl(entity=com.shoppingbackend.model.Address, querySpaceUid=&lt;gen:3&gt;, path=com.shoppingbackend.model.OrderItem.orderDetail.shipping)
             - EntityAttributeFetchImpl(entity=com.shoppingbackend.model.User, querySpaceUid=&lt;gen:4&gt;, path=com.shoppingbackend.model.OrderItem.orderDetail.user)
                - EntityAttributeFetchImpl(entity=com.shoppingbackend.model.Cart, querySpaceUid=&lt;gen:5&gt;, path=com.shoppingbackend.model.OrderItem.orderDetail.user.cart)
          - EntityAttributeFetchImpl(entity=com.shoppingbackend.model.Product, querySpaceUid=&lt;gen:6&gt;, path=com.shoppingbackend.model.OrderItem.product)
    - QuerySpaces
       - EntityQuerySpaceImpl(uid=&lt;gen:0&gt;, entity=com.shoppingbackend.model.OrderItem)
          - SQL table alias mapping - orderitem0_
          - alias suffix - 0_
          - suffixed key columns - {id1_5_0_}
          - JOIN (JoinDefinedByMetadata(orderDetail)) : &lt;gen:0&gt; -&gt; &lt;gen:1&gt;
             - EntityQuerySpaceImpl(uid=&lt;gen:1&gt;, entity=com.shoppingbackend.model.OrderDetail)
                - SQL table alias mapping - orderdetai1_
                - alias suffix - 1_
                - suffixed key columns - {id1_4_1_}
                - JOIN (JoinDefinedByMetadata(billing)) : &lt;gen:1&gt; -&gt; &lt;gen:2&gt;
                   - EntityQuerySpaceImpl(uid=&lt;gen:2&gt;, entity=com.shoppingbackend.model.Address)
                      - SQL table alias mapping - address2_
                      - alias suffix - 2_
                      - suffixed key columns - {id1_0_2_}
                - JOIN (JoinDefinedByMetadata(shipping)) : &lt;gen:1&gt; -&gt; &lt;gen:3&gt;
                   - EntityQuerySpaceImpl(uid=&lt;gen:3&gt;, entity=com.shoppingbackend.model.Address)
                      - SQL table alias mapping - address3_
                      - alias suffix - 3_
                      - suffixed key columns - {id1_0_3_}
                - JOIN (JoinDefinedByMetadata(user)) : &lt;gen:1&gt; -&gt; &lt;gen:4&gt;
                   - EntityQuerySpaceImpl(uid=&lt;gen:4&gt;, entity=com.shoppingbackend.model.User)
                      - SQL table alias mapping - user4_
                      - alias suffix - 4_
                      - suffixed key columns - {id1_8_4_}
                      - JOIN (JoinDefinedByMetadata(cart)) : &lt;gen:4&gt; -&gt; &lt;gen:5&gt;
                         - EntityQuerySpaceImpl(uid=&lt;gen:5&gt;, entity=com.shoppingbackend.model.Cart)
                            - SQL table alias mapping - cart5_
                            - alias suffix - 5_
                            - suffixed key columns - {id1_1_5_}
          - JOIN (JoinDefinedByMetadata(product)) : &lt;gen:0&gt; -&gt; &lt;gen:6&gt;
             - EntityQuerySpaceImpl(uid=&lt;gen:6&gt;, entity=com.shoppingbackend.model.Product)
                - SQL table alias mapping - product6_
                - alias suffix - 6_
                - suffixed key columns - {id1_6_6_}

21:22:35.810 [main] DEBUG org.hibernate.loader.entity.plan.EntityLoader - Static select for entity com.shoppingbackend.model.OrderItem [NONE]: select orderitem0_.id as id1_5_0_, orderitem0_.buying_price as buying_p2_5_0_, orderitem0_.order_id as order_id5_5_0_, orderitem0_.product_id as product_6_5_0_, orderitem0_.product_count as product_3_5_0_, orderitem0_.total as total4_5_0_, orderdetai1_.id as id1_4_1_, orderdetai1_.billing_id as billing_5_4_1_, orderdetai1_.order_count as order_co2_4_1_, orderdetai1_.order_date as order_da3_4_1_, orderdetai1_.order_total as order_to4_4_1_, orderdetai1_.shipping_id as shipping6_4_1_, orderdetai1_.user_id as user_id7_4_1_, address2_.id as id1_0_2_, address2_.address_line_one as address_2_0_2_, address2_.address_line_two as address_3_0_2_, address2_.is_billing as is_billi4_0_2_, address2_.city as city5_0_2_, address2_.country as country6_0_2_, address2_.postal_code as postal_c7_0_2_, address2_.is_shipping as is_shipp8_0_2_, address2_.state as state9_0_2_, address2_.user_id as user_id10_0_2_, address3_.id as id1_0_3_, address3_.address_line_one as address_2_0_3_, address3_.address_line_two as address_3_0_3_, address3_.is_billing as is_billi4_0_3_, address3_.city as city5_0_3_, address3_.country as country6_0_3_, address3_.postal_code as postal_c7_0_3_, address3_.is_shipping as is_shipp8_0_3_, address3_.state as state9_0_3_, address3_.user_id as user_id10_0_3_, user4_.id as id1_8_4_, user4_.contact_number as contact_2_8_4_, user4_.email as email3_8_4_, user4_.enabled as enabled4_8_4_, user4_.first_name as first_na5_8_4_, user4_.last_name as last_nam6_8_4_, user4_.password as password7_8_4_, user4_.role as role8_8_4_, cart5_.id as id1_1_5_, cart5_.cart_lines as cart_lin2_1_5_, cart5_.grand_total as grand_to3_1_5_, cart5_.user_id as user_id4_1_5_, product6_.id as id1_6_6_, product6_.is_active as is_activ2_6_6_, product6_.brand as brand3_6_6_, product6_.category_id as category4_6_6_, product6_.code as code5_6_6_, product6_.description as descript6_6_6_, product6_.name as name7_6_6_, product6_.purchases as purchase8_6_6_, product6_.quantity as quantity9_6_6_, product6_.supplier_id as supplie10_6_6_, product6_.unit_price as unit_pr11_6_6_, product6_.views as views12_6_6_ from order_item orderitem0_ left outer join order_detail orderdetai1_ on orderitem0_.order_id=orderdetai1_.id left outer join Address address2_ on orderdetai1_.billing_id=address2_.id left outer join Address address3_ on orderdetai1_.shipping_id=address3_.id left outer join user_detail user4_ on orderdetai1_.user_id=user4_.id left outer join Cart cart5_ on user4_.id=cart5_.user_id left outer join Product product6_ on orderitem0_.product_id=product6_.id where orderitem0_.id=?
21:22:35.811 [main] DEBUG org.hibernate.loader.plan.build.internal.spaces.QuerySpacesImpl - Adding QuerySpace : uid = &lt;gen:0&gt; -&gt; org.hibernate.loader.plan.build.internal.spaces.EntityQuerySpaceImpl@31f20c9f]
21:22:35.811 [main] DEBUG org.hibernate.persister.walking.spi.MetamodelGraphWalker - Visiting attribute path : buyingPrice
21:22:35.811 [main] DEBUG org.hibernate.persister.walking.spi.MetamodelGraphWalker - Visiting attribute path : orderDetail
21:22:35.811 [main] DEBUG org.hibernate.loader.plan.build.internal.spaces.QuerySpacesImpl - Adding QuerySpace : uid = &lt;gen:1&gt; -&gt; org.hibernate.loader.plan.build.internal.spaces.EntityQuerySpaceImpl@32f0c7f8]
21:22:35.812 [main] DEBUG org.hibernate.persister.walking.spi.MetamodelGraphWalker - Visiting attribute path : orderDetail.billing
21:22:35.812 [main] DEBUG org.hibernate.loader.plan.build.internal.spaces.QuerySpacesImpl - Adding QuerySpace : uid = &lt;gen:2&gt; -&gt; org.hibernate.loader.plan.build.internal.spaces.EntityQuerySpaceImpl@71f96dfb]
21:22:35.812 [main] DEBUG org.hibernate.persister.walking.spi.MetamodelGraphWalker - Visiting attribute path : orderDetail.billing.addressLineOne
21:22:35.813 [main] DEBUG org.hibernate.persister.walking.spi.MetamodelGraphWalker - Visiting attribute path : orderDetail.billing.addressLineTwo
21:22:35.813 [main] DEBUG org.hibernate.persister.walking.spi.MetamodelGraphWalker - Visiting attribute path : orderDetail.billing.billing
21:22:35.813 [main] DEBUG org.hibernate.persister.walking.spi.MetamodelGraphWalker - Visiting attribute path : orderDetail.billing.city
21:22:35.813 [main] DEBUG org.hibernate.persister.walking.spi.MetamodelGraphWalker - Visiting attribute path : orderDetail.billing.country
21:22:35.813 [main] DEBUG org.hibernate.persister.walking.spi.MetamodelGraphWalker - Visiting attribute path : orderDetail.billing.postalCode
21:22:35.813 [main] DEBUG org.hibernate.persister.walking.spi.MetamodelGraphWalker - Visiting attribute path : orderDetail.billing.shipping
21:22:35.814 [main] DEBUG org.hibernate.persister.walking.spi.MetamodelGraphWalker - Visiting attribute path : orderDetail.billing.state
21:22:35.814 [main] DEBUG org.hibernate.persister.walking.spi.MetamodelGraphWalker - Visiting attribute path : orderDetail.billing.userId
21:22:35.815 [main] DEBUG org.hibernate.persister.walking.spi.MetamodelGraphWalker - Visiting attribute path : orderDetail.orderCount
21:22:35.816 [main] DEBUG org.hibernate.persister.walking.spi.MetamodelGraphWalker - Visiting attribute path : orderDetail.orderDate
21:22:35.816 [main] DEBUG org.hibernate.persister.walking.spi.MetamodelGraphWalker - Visiting attribute path : orderDetail.orderItems
21:22:35.816 [main] DEBUG org.hibernate.persister.walking.spi.MetamodelGraphWalker - Property path deemed to be circular : orderDetail.orderItems
21:22:35.816 [main] DEBUG org.hibernate.persister.walking.spi.MetamodelGraphWalker - Visiting attribute path : orderDetail.orderTotal
21:22:35.817 [main] DEBUG org.hibernate.persister.walking.spi.MetamodelGraphWalker - Visiting attribute path : orderDetail.shipping
21:22:35.817 [main] DEBUG org.hibernate.loader.plan.build.internal.spaces.QuerySpacesImpl - Adding QuerySpace : uid = &lt;gen:3&gt; -&gt; org.hibernate.loader.plan.build.internal.spaces.EntityQuerySpaceImpl@69e05f61]
21:22:35.817 [main] DEBUG org.hibernate.persister.walking.spi.MetamodelGraphWalker - Visiting attribute path : orderDetail.shipping.addressLineOne
21:22:35.818 [main] DEBUG org.hibernate.persister.walking.spi.MetamodelGraphWalker - Visiting attribute path : orderDetail.shipping.addressLineTwo
21:22:35.818 [main] DEBUG org.hibernate.persister.walking.spi.MetamodelGraphWalker - Visiting attribute path : orderDetail.shipping.billing
21:22:35.818 [main] DEBUG org.hibernate.persister.walking.spi.MetamodelGraphWalker - Visiting attribute path : orderDetail.shipping.city
21:22:35.818 [main] DEBUG org.hibernate.persister.walking.spi.MetamodelGraphWalker - Visiting attribute path : orderDetail.shipping.country
21:22:35.818 [main] DEBUG org.hibernate.persister.walking.spi.MetamodelGraphWalker - Visiting attribute path : orderDetail.shipping.postalCode
21:22:35.819 [main] DEBUG org.hibernate.persister.walking.spi.MetamodelGraphWalker - Visiting attribute path : orderDetail.shipping.shipping
21:22:35.819 [main] DEBUG org.hibernate.persister.walking.spi.MetamodelGraphWalker - Visiting attribute path : orderDetail.shipping.state
21:22:35.819 [main] DEBUG org.hibernate.persister.walking.spi.MetamodelGraphWalker - Visiting attribute path : orderDetail.shipping.userId
21:22:35.819 [main] DEBUG org.hibernate.persister.walking.spi.MetamodelGraphWalker - Visiting attribute path : orderDetail.user
21:22:35.819 [main] DEBUG org.hibernate.loader.plan.build.internal.spaces.QuerySpacesImpl - Adding QuerySpace : uid = &lt;gen:4&gt; -&gt; org.hibernate.loader.plan.build.internal.spaces.EntityQuerySpaceImpl@730e5763]
21:22:35.820 [main] DEBUG org.hibernate.persister.walking.spi.MetamodelGraphWalker - Visiting attribute path : orderDetail.user.contactNumber
21:22:35.820 [main] DEBUG org.hibernate.persister.walking.spi.MetamodelGraphWalker - Visiting attribute path : orderDetail.user.email
21:22:35.820 [main] DEBUG org.hibernate.persister.walking.spi.MetamodelGraphWalker - Visiting attribute path : orderDetail.user.enabled
21:22:35.820 [main] DEBUG org.hibernate.persister.walking.spi.MetamodelGraphWalker - Visiting attribute path : orderDetail.user.firstName
21:22:35.820 [main] DEBUG org.hibernate.persister.walking.spi.MetamodelGraphWalker - Visiting attribute path : orderDetail.user.lastName
21:22:35.820 [main] DEBUG org.hibernate.persister.walking.spi.MetamodelGraphWalker - Visiting attribute path : orderDetail.user.password
21:22:35.820 [main] DEBUG org.hibernate.persister.walking.spi.MetamodelGraphWalker - Visiting attribute path : orderDetail.user.role
21:22:35.820 [main] DEBUG org.hibernate.persister.walking.spi.MetamodelGraphWalker - Visiting attribute path : orderDetail.user.cart
21:22:35.820 [main] DEBUG org.hibernate.loader.plan.build.internal.spaces.QuerySpacesImpl - Adding QuerySpace : uid = &lt;gen:5&gt; -&gt; org.hibernate.loader.plan.build.internal.spaces.EntityQuerySpaceImpl@19058533]
21:22:35.820 [main] DEBUG org.hibernate.persister.walking.spi.MetamodelGraphWalker - Visiting attribute path : orderDetail.user.cart.cartLines
21:22:35.821 [main] DEBUG org.hibernate.persister.walking.spi.MetamodelGraphWalker - Visiting attribute path : orderDetail.user.cart.grandTotal
21:22:35.821 [main] DEBUG org.hibernate.persister.walking.spi.MetamodelGraphWalker - Visiting attribute path : orderDetail.user.cart.user
21:22:35.821 [main] DEBUG org.hibernate.persister.walking.spi.MetamodelGraphWalker - Property path deemed to be circular : orderDetail.user.cart.user
21:22:35.821 [main] DEBUG org.hibernate.persister.walking.spi.MetamodelGraphWalker - Visiting attribute path : product
21:22:35.822 [main] DEBUG org.hibernate.loader.plan.build.internal.spaces.QuerySpacesImpl - Adding QuerySpace : uid = &lt;gen:6&gt; -&gt; org.hibernate.loader.plan.build.internal.spaces.EntityQuerySpaceImpl@42210be1]
21:22:35.822 [main] DEBUG org.hibernate.persister.walking.spi.MetamodelGraphWalker - Visiting attribute path : product.active
21:22:35.822 [main] DEBUG org.hibernate.persister.walking.spi.MetamodelGraphWalker - Visiting attribute path : product.brand
21:22:35.822 [main] DEBUG org.hibernate.persister.walking.spi.MetamodelGraphWalker - Visiting attribute path : product.categoryId
21:22:35.822 [main] DEBUG org.hibernate.persister.walking.spi.MetamodelGraphWalker - Visiting attribute path : product.code
21:22:35.823 [main] DEBUG org.hibernate.persister.walking.spi.MetamodelGraphWalker - Visiting attribute path : product.description
21:22:35.823 [main] DEBUG org.hibernate.persister.walking.spi.MetamodelGraphWalker - Visiting attribute path : product.name
21:22:35.823 [main] DEBUG org.hibernate.persister.walking.spi.MetamodelGraphWalker - Visiting attribute path : product.purchases
21:22:35.823 [main] DEBUG org.hibernate.persister.walking.spi.MetamodelGraphWalker - Visiting attribute path : product.quantity
21:22:35.823 [main] DEBUG org.hibernate.persister.walking.spi.MetamodelGraphWalker - Visiting attribute path : product.supplierId
21:22:35.823 [main] DEBUG org.hibernate.persister.walking.spi.MetamodelGraphWalker - Visiting attribute path : product.unitPrice
21:22:35.824 [main] DEBUG org.hibernate.persister.walking.spi.MetamodelGraphWalker - Visiting attribute path : product.views
21:22:35.824 [main] DEBUG org.hibernate.persister.walking.spi.MetamodelGraphWalker - Visiting attribute path : productCount
21:22:35.824 [main] DEBUG org.hibernate.persister.walking.spi.MetamodelGraphWalker - Visiting attribute path : total
21:22:35.824 [main] DEBUG org.hibernate.loader.plan.build.internal.FetchStyleLoadPlanBuildingAssociationVisitationStrategy - Building LoadPlan...
21:22:35.825 [main] DEBUG org.hibernate.loader.plan.exec.internal.LoadQueryJoinAndFetchProcessor - processing queryspace &lt;gen:0&gt;
21:22:35.828 [main] DEBUG org.hibernate.loader.plan.build.spi.LoadPlanTreePrinter - LoadPlan(entity=com.shoppingbackend.model.OrderItem)
    - Returns
       - EntityReturnImpl(entity=com.shoppingbackend.model.OrderItem, querySpaceUid=&lt;gen:0&gt;, path=com.shoppingbackend.model.OrderItem)
          - EntityAttributeFetchImpl(entity=com.shoppingbackend.model.OrderDetail, querySpaceUid=&lt;gen:1&gt;, path=com.shoppingbackend.model.OrderItem.orderDetail)
             - EntityAttributeFetchImpl(entity=com.shoppingbackend.model.Address, querySpaceUid=&lt;gen:2&gt;, path=com.shoppingbackend.model.OrderItem.orderDetail.billing)
             - EntityAttributeFetchImpl(entity=com.shoppingbackend.model.Address, querySpaceUid=&lt;gen:3&gt;, path=com.shoppingbackend.model.OrderItem.orderDetail.shipping)
             - EntityAttributeFetchImpl(entity=com.shoppingbackend.model.User, querySpaceUid=&lt;gen:4&gt;, path=com.shoppingbackend.model.OrderItem.orderDetail.user)
                - EntityAttributeFetchImpl(entity=com.shoppingbackend.model.Cart, querySpaceUid=&lt;gen:5&gt;, path=com.shoppingbackend.model.OrderItem.orderDetail.user.cart)
          - EntityAttributeFetchImpl(entity=com.shoppingbackend.model.Product, querySpaceUid=&lt;gen:6&gt;, path=com.shoppingbackend.model.OrderItem.product)
    - QuerySpaces
       - EntityQuerySpaceImpl(uid=&lt;gen:0&gt;, entity=com.shoppingbackend.model.OrderItem)
          - SQL table alias mapping - orderitem0_
          - alias suffix - 0_
          - suffixed key columns - {id1_5_0_}
          - JOIN (JoinDefinedByMetadata(orderDetail)) : &lt;gen:0&gt; -&gt; &lt;gen:1&gt;
             - EntityQuerySpaceImpl(uid=&lt;gen:1&gt;, entity=com.shoppingbackend.model.OrderDetail)
                - SQL table alias mapping - orderdetai1_
                - alias suffix - 1_
                - suffixed key columns - {id1_4_1_}
                - JOIN (JoinDefinedByMetadata(billing)) : &lt;gen:1&gt; -&gt; &lt;gen:2&gt;
                   - EntityQuerySpaceImpl(uid=&lt;gen:2&gt;, entity=com.shoppingbackend.model.Address)
                      - SQL table alias mapping - address2_
                      - alias suffix - 2_
                      - suffixed key columns - {id1_0_2_}
                - JOIN (JoinDefinedByMetadata(shipping)) : &lt;gen:1&gt; -&gt; &lt;gen:3&gt;
                   - EntityQuerySpaceImpl(uid=&lt;gen:3&gt;, entity=com.shoppingbackend.model.Address)
                      - SQL table alias mapping - address3_
                      - alias suffix - 3_
                      - suffixed key columns - {id1_0_3_}
                - JOIN (JoinDefinedByMetadata(user)) : &lt;gen:1&gt; -&gt; &lt;gen:4&gt;
                   - EntityQuerySpaceImpl(uid=&lt;gen:4&gt;, entity=com.shoppingbackend.model.User)
                      - SQL table alias mapping - user4_
                      - alias suffix - 4_
                      - suffixed key columns - {id1_8_4_}
                      - JOIN (JoinDefinedByMetadata(cart)) : &lt;gen:4&gt; -&gt; &lt;gen:5&gt;
                         - EntityQuerySpaceImpl(uid=&lt;gen:5&gt;, entity=com.shoppingbackend.model.Cart)
                            - SQL table alias mapping - cart5_
                            - alias suffix - 5_
                            - suffixed key columns - {id1_1_5_}
          - JOIN (JoinDefinedByMetadata(product)) : &lt;gen:0&gt; -&gt; &lt;gen:6&gt;
             - EntityQuerySpaceImpl(uid=&lt;gen:6&gt;, entity=com.shoppingbackend.model.Product)
                - SQL table alias mapping - product6_
                - alias suffix - 6_
                - suffixed key columns - {id1_6_6_}

21:22:35.828 [main] DEBUG org.hibernate.loader.entity.plan.EntityLoader - Static select for entity com.shoppingbackend.model.OrderItem [READ]: select orderitem0_.id as id1_5_0_, orderitem0_.buying_price as buying_p2_5_0_, orderitem0_.order_id as order_id5_5_0_, orderitem0_.product_id as product_6_5_0_, orderitem0_.product_count as product_3_5_0_, orderitem0_.total as total4_5_0_, orderdetai1_.id as id1_4_1_, orderdetai1_.billing_id as billing_5_4_1_, orderdetai1_.order_count as order_co2_4_1_, orderdetai1_.order_date as order_da3_4_1_, orderdetai1_.order_total as order_to4_4_1_, orderdetai1_.shipping_id as shipping6_4_1_, orderdetai1_.user_id as user_id7_4_1_, address2_.id as id1_0_2_, address2_.address_line_one as address_2_0_2_, address2_.address_line_two as address_3_0_2_, address2_.is_billing as is_billi4_0_2_, address2_.city as city5_0_2_, address2_.country as country6_0_2_, address2_.postal_code as postal_c7_0_2_, address2_.is_shipping as is_shipp8_0_2_, address2_.state as state9_0_2_, address2_.user_id as user_id10_0_2_, address3_.id as id1_0_3_, address3_.address_line_one as address_2_0_3_, address3_.address_line_two as address_3_0_3_, address3_.is_billing as is_billi4_0_3_, address3_.city as city5_0_3_, address3_.country as country6_0_3_, address3_.postal_code as postal_c7_0_3_, address3_.is_shipping as is_shipp8_0_3_, address3_.state as state9_0_3_, address3_.user_id as user_id10_0_3_, user4_.id as id1_8_4_, user4_.contact_number as contact_2_8_4_, user4_.email as email3_8_4_, user4_.enabled as enabled4_8_4_, user4_.first_name as first_na5_8_4_, user4_.last_name as last_nam6_8_4_, user4_.password as password7_8_4_, user4_.role as role8_8_4_, cart5_.id as id1_1_5_, cart5_.cart_lines as cart_lin2_1_5_, cart5_.grand_total as grand_to3_1_5_, cart5_.user_id as user_id4_1_5_, product6_.id as id1_6_6_, product6_.is_active as is_activ2_6_6_, product6_.brand as brand3_6_6_, product6_.category_id as category4_6_6_, product6_.code as code5_6_6_, product6_.description as descript6_6_6_, product6_.name as name7_6_6_, product6_.purchases as purchase8_6_6_, product6_.quantity as quantity9_6_6_, product6_.supplier_id as supplie10_6_6_, product6_.unit_price as unit_pr11_6_6_, product6_.views as views12_6_6_ from order_item orderitem0_ left outer join order_detail orderdetai1_ on orderitem0_.order_id=orderdetai1_.id left outer join Address address2_ on orderdetai1_.billing_id=address2_.id left outer join Address address3_ on orderdetai1_.shipping_id=address3_.id left outer join user_detail user4_ on orderdetai1_.user_id=user4_.id left outer join Cart cart5_ on user4_.id=cart5_.user_id left outer join Product product6_ on orderitem0_.product_id=product6_.id where orderitem0_.id=?
21:22:35.829 [main] DEBUG org.hibernate.loader.plan.build.internal.spaces.QuerySpacesImpl - Adding QuerySpace : uid = &lt;gen:0&gt; -&gt; org.hibernate.loader.plan.build.internal.spaces.EntityQuerySpaceImpl@2babf189]
21:22:35.829 [main] DEBUG org.hibernate.persister.walking.spi.MetamodelGraphWalker - Visiting attribute path : buyingPrice
21:22:35.829 [main] DEBUG org.hibernate.persister.walking.spi.MetamodelGraphWalker - Visiting attribute path : orderDetail
21:22:35.829 [main] DEBUG org.hibernate.loader.plan.build.internal.spaces.QuerySpacesImpl - Adding QuerySpace : uid = &lt;gen:1&gt; -&gt; org.hibernate.loader.plan.build.internal.spaces.EntityQuerySpaceImpl@dab48d3]
21:22:35.830 [main] DEBUG org.hibernate.persister.walking.spi.MetamodelGraphWalker - Visiting attribute path : product
21:22:35.830 [main] DEBUG org.hibernate.loader.plan.build.internal.spaces.QuerySpacesImpl - Adding QuerySpace : uid = &lt;gen:2&gt; -&gt; org.hibernate.loader.plan.build.internal.spaces.EntityQuerySpaceImpl@58a2b4c]
21:22:35.830 [main] DEBUG org.hibernate.persister.walking.spi.MetamodelGraphWalker - Visiting attribute path : productCount
21:22:35.830 [main] DEBUG org.hibernate.persister.walking.spi.MetamodelGraphWalker - Visiting attribute path : total
21:22:35.830 [main] DEBUG org.hibernate.loader.plan.build.internal.FetchStyleLoadPlanBuildingAssociationVisitationStrategy - Building LoadPlan...
21:22:35.831 [main] DEBUG org.hibernate.loader.plan.exec.internal.LoadQueryJoinAndFetchProcessor - processing queryspace &lt;gen:0&gt;
21:22:35.833 [main] DEBUG org.hibernate.loader.plan.build.spi.LoadPlanTreePrinter - LoadPlan(entity=com.shoppingbackend.model.OrderItem)
    - Returns
       - EntityReturnImpl(entity=com.shoppingbackend.model.OrderItem, querySpaceUid=&lt;gen:0&gt;, path=com.shoppingbackend.model.OrderItem)
          - EntityAttributeFetchImpl(entity=com.shoppingbackend.model.OrderDetail, querySpaceUid=&lt;gen:1&gt;, path=com.shoppingbackend.model.OrderItem.orderDetail)
          - EntityAttributeFetchImpl(entity=com.shoppingbackend.model.Product, querySpaceUid=&lt;gen:2&gt;, path=com.shoppingbackend.model.OrderItem.product)
    - QuerySpaces
       - EntityQuerySpaceImpl(uid=&lt;gen:0&gt;, entity=com.shoppingbackend.model.OrderItem)
          - SQL table alias mapping - orderitem0_
          - alias suffix - 0_
          - suffixed key columns - {id1_5_0_}

21:22:35.834 [main] DEBUG org.hibernate.loader.entity.plan.EntityLoader - Static select for entity com.shoppingbackend.model.OrderItem [UPGRADE]: select orderitem0_.id as id1_5_0_, orderitem0_.buying_price as buying_p2_5_0_, orderitem0_.order_id as order_id5_5_0_, orderitem0_.product_id as product_6_5_0_, orderitem0_.product_count as product_3_5_0_, orderitem0_.total as total4_5_0_ from order_item orderitem0_ where orderitem0_.id=? for update
21:22:35.834 [main] DEBUG org.hibernate.loader.plan.build.internal.spaces.QuerySpacesImpl - Adding QuerySpace : uid = &lt;gen:0&gt; -&gt; org.hibernate.loader.plan.build.internal.spaces.EntityQuerySpaceImpl@7159a5cd]
21:22:35.835 [main] DEBUG org.hibernate.persister.walking.spi.MetamodelGraphWalker - Visiting attribute path : buyingPrice
21:22:35.835 [main] DEBUG org.hibernate.persister.walking.spi.MetamodelGraphWalker - Visiting attribute path : orderDetail
21:22:35.835 [main] DEBUG org.hibernate.loader.plan.build.internal.spaces.QuerySpacesImpl - Adding QuerySpace : uid = &lt;gen:1&gt; -&gt; org.hibernate.loader.plan.build.internal.spaces.EntityQuerySpaceImpl@18ac53e8]
21:22:35.835 [main] DEBUG org.hibernate.persister.walking.spi.MetamodelGraphWalker - Visiting attribute path : product
21:22:35.836 [main] DEBUG org.hibernate.loader.plan.build.internal.spaces.QuerySpacesImpl - Adding QuerySpace : uid = &lt;gen:2&gt; -&gt; org.hibernate.loader.plan.build.internal.spaces.EntityQuerySpaceImpl@4ca8dbfa]
21:22:35.836 [main] DEBUG org.hibernate.persister.walking.spi.MetamodelGraphWalker - Visiting attribute path : productCount
21:22:35.836 [main] DEBUG org.hibernate.persister.walking.spi.MetamodelGraphWalker - Visiting attribute path : total
21:22:35.836 [main] DEBUG org.hibernate.loader.plan.build.internal.FetchStyleLoadPlanBuildingAssociationVisitationStrategy - Building LoadPlan...
21:22:35.837 [main] DEBUG org.hibernate.loader.plan.exec.internal.LoadQueryJoinAndFetchProcessor - processing queryspace &lt;gen:0&gt;
21:22:35.840 [main] DEBUG org.hibernate.loader.plan.build.spi.LoadPlanTreePrinter - LoadPlan(entity=com.shoppingbackend.model.OrderItem)
    - Returns
       - EntityReturnImpl(entity=com.shoppingbackend.model.OrderItem, querySpaceUid=&lt;gen:0&gt;, path=com.shoppingbackend.model.OrderItem)
          - EntityAttributeFetchImpl(entity=com.shoppingbackend.model.OrderDetail, querySpaceUid=&lt;gen:1&gt;, path=com.shoppingbackend.model.OrderItem.orderDetail)
          - EntityAttributeFetchImpl(entity=com.shoppingbackend.model.Product, querySpaceUid=&lt;gen:2&gt;, path=com.shoppingbackend.model.OrderItem.product)
    - QuerySpaces
       - EntityQuerySpaceImpl(uid=&lt;gen:0&gt;, entity=com.shoppingbackend.model.OrderItem)
          - SQL table alias mapping - orderitem0_
          - alias suffix - 0_
          - suffixed key columns - {id1_5_0_}

21:22:35.841 [main] DEBUG org.hibernate.loader.entity.plan.EntityLoader - Static select for entity com.shoppingbackend.model.OrderItem [UPGRADE_NOWAIT]: select orderitem0_.id as id1_5_0_, orderitem0_.buying_price as buying_p2_5_0_, orderitem0_.order_id as order_id5_5_0_, orderitem0_.product_id as product_6_5_0_, orderitem0_.product_count as product_3_5_0_, orderitem0_.total as total4_5_0_ from order_item orderitem0_ where orderitem0_.id=? for update
21:22:35.841 [main] DEBUG org.hibernate.loader.plan.build.internal.spaces.QuerySpacesImpl - Adding QuerySpace : uid = &lt;gen:0&gt; -&gt; org.hibernate.loader.plan.build.internal.spaces.EntityQuerySpaceImpl@7063686f]
21:22:35.842 [main] DEBUG org.hibernate.persister.walking.spi.MetamodelGraphWalker - Visiting attribute path : buyingPrice
21:22:35.842 [main] DEBUG org.hibernate.persister.walking.spi.MetamodelGraphWalker - Visiting attribute path : orderDetail
21:22:35.842 [main] DEBUG org.hibernate.loader.plan.build.internal.spaces.QuerySpacesImpl - Adding QuerySpace : uid = &lt;gen:1&gt; -&gt; org.hibernate.loader.plan.build.internal.spaces.EntityQuerySpaceImpl@76f856a8]
21:22:35.842 [main] DEBUG org.hibernate.persister.walking.spi.MetamodelGraphWalker - Visiting attribute path : product
21:22:35.843 [main] DEBUG org.hibernate.loader.plan.build.internal.spaces.QuerySpacesImpl - Adding QuerySpace : uid = &lt;gen:2&gt; -&gt; org.hibernate.loader.plan.build.internal.spaces.EntityQuerySpaceImpl@7c853486]
21:22:35.843 [main] DEBUG org.hibernate.persister.walking.spi.MetamodelGraphWalker - Visiting attribute path : productCount
21:22:35.843 [main] DEBUG org.hibernate.persister.walking.spi.MetamodelGraphWalker - Visiting attribute path : total
21:22:35.843 [main] DEBUG org.hibernate.loader.plan.build.internal.FetchStyleLoadPlanBuildingAssociationVisitationStrategy - Building LoadPlan...
21:22:35.844 [main] DEBUG org.hibernate.loader.plan.exec.internal.LoadQueryJoinAndFetchProcessor - processing queryspace &lt;gen:0&gt;
21:22:35.844 [main] DEBUG org.hibernate.loader.plan.build.spi.LoadPlanTreePrinter - LoadPlan(entity=com.shoppingbackend.model.OrderItem)
    - Returns
       - EntityReturnImpl(entity=com.shoppingbackend.model.OrderItem, querySpaceUid=&lt;gen:0&gt;, path=com.shoppingbackend.model.OrderItem)
          - EntityAttributeFetchImpl(entity=com.shoppingbackend.model.OrderDetail, querySpaceUid=&lt;gen:1&gt;, path=com.shoppingbackend.model.OrderItem.orderDetail)
          - EntityAttributeFetchImpl(entity=com.shoppingbackend.model.Product, querySpaceUid=&lt;gen:2&gt;, path=com.shoppingbackend.model.OrderItem.product)
    - QuerySpaces
       - EntityQuerySpaceImpl(uid=&lt;gen:0&gt;, entity=com.shoppingbackend.model.OrderItem)
          - SQL table alias mapping - orderitem0_
          - alias suffix - 0_
          - suffixed key columns - {id1_5_0_}

21:22:35.846 [main] DEBUG org.hibernate.loader.entity.plan.EntityLoader - Static select for entity com.shoppingbackend.model.OrderItem [UPGRADE_SKIPLOCKED]: select orderitem0_.id as id1_5_0_, orderitem0_.buying_price as buying_p2_5_0_, orderitem0_.order_id as order_id5_5_0_, orderitem0_.product_id as product_6_5_0_, orderitem0_.product_count as product_3_5_0_, orderitem0_.total as total4_5_0_ from order_item orderitem0_ where orderitem0_.id=? for update
21:22:35.847 [main] DEBUG org.hibernate.loader.plan.build.internal.spaces.QuerySpacesImpl - Adding QuerySpace : uid = &lt;gen:0&gt; -&gt; org.hibernate.loader.plan.build.internal.spaces.EntityQuerySpaceImpl@174e1b69]
21:22:35.847 [main] DEBUG org.hibernate.persister.walking.spi.MetamodelGraphWalker - Visiting attribute path : buyingPrice
21:22:35.848 [main] DEBUG org.hibernate.persister.walking.spi.MetamodelGraphWalker - Visiting attribute path : orderDetail
21:22:35.848 [main] DEBUG org.hibernate.loader.plan.build.internal.spaces.QuerySpacesImpl - Adding QuerySpace : uid = &lt;gen:1&gt; -&gt; org.hibernate.loader.plan.build.internal.spaces.EntityQuerySpaceImpl@243f003c]
21:22:35.848 [main] DEBUG org.hibernate.persister.walking.spi.MetamodelGraphWalker - Visiting attribute path : product
21:22:35.848 [main] DEBUG org.hibernate.loader.plan.build.internal.spaces.QuerySpacesImpl - Adding QuerySpace : uid = &lt;gen:2&gt; -&gt; org.hibernate.loader.plan.build.internal.spaces.EntityQuerySpaceImpl@71cb3139]
21:22:35.849 [main] DEBUG org.hibernate.persister.walking.spi.MetamodelGraphWalker - Visiting attribute path : productCount
21:22:35.849 [main] DEBUG org.hibernate.persister.walking.spi.MetamodelGraphWalker - Visiting attribute path : total
21:22:35.849 [main] DEBUG org.hibernate.loader.plan.build.internal.FetchStyleLoadPlanBuildingAssociationVisitationStrategy - Building LoadPlan...
21:22:35.849 [main] DEBUG org.hibernate.loader.plan.exec.internal.LoadQueryJoinAndFetchProcessor - processing queryspace &lt;gen:0&gt;
21:22:35.850 [main] DEBUG org.hibernate.loader.plan.build.spi.LoadPlanTreePrinter - LoadPlan(entity=com.shoppingbackend.model.OrderItem)
    - Returns
       - EntityReturnImpl(entity=com.shoppingbackend.model.OrderItem, querySpaceUid=&lt;gen:0&gt;, path=com.shoppingbackend.model.OrderItem)
          - EntityAttributeFetchImpl(entity=com.shoppingbackend.model.OrderDetail, querySpaceUid=&lt;gen:1&gt;, path=com.shoppingbackend.model.OrderItem.orderDetail)
          - EntityAttributeFetchImpl(entity=com.shoppingbackend.model.Product, querySpaceUid=&lt;gen:2&gt;, path=com.shoppingbackend.model.OrderItem.product)
    - QuerySpaces
       - EntityQuerySpaceImpl(uid=&lt;gen:0&gt;, entity=com.shoppingbackend.model.OrderItem)
          - SQL table alias mapping - orderitem0_
          - alias suffix - 0_
          - suffixed key columns - {id1_5_0_}

21:22:35.851 [main] DEBUG org.hibernate.loader.entity.plan.EntityLoader - Static select for entity com.shoppingbackend.model.OrderItem [FORCE]: select orderitem0_.id as id1_5_0_, orderitem0_.buying_price as buying_p2_5_0_, orderitem0_.order_id as order_id5_5_0_, orderitem0_.product_id as product_6_5_0_, orderitem0_.product_count as product_3_5_0_, orderitem0_.total as total4_5_0_ from order_item orderitem0_ where orderitem0_.id=? for update
21:22:35.851 [main] DEBUG org.hibernate.loader.plan.build.internal.spaces.QuerySpacesImpl - Adding QuerySpace : uid = &lt;gen:0&gt; -&gt; org.hibernate.loader.plan.build.internal.spaces.EntityQuerySpaceImpl@1639f93a]
21:22:35.851 [main] DEBUG org.hibernate.persister.walking.spi.MetamodelGraphWalker - Visiting attribute path : buyingPrice
21:22:35.852 [main] DEBUG org.hibernate.persister.walking.spi.MetamodelGraphWalker - Visiting attribute path : orderDetail
21:22:35.852 [main] DEBUG org.hibernate.loader.plan.build.internal.spaces.QuerySpacesImpl - Adding QuerySpace : uid = &lt;gen:1&gt; -&gt; org.hibernate.loader.plan.build.internal.spaces.EntityQuerySpaceImpl@68f32020]
21:22:35.852 [main] DEBUG org.hibernate.persister.walking.spi.MetamodelGraphWalker - Visiting attribute path : product
21:22:35.852 [main] DEBUG org.hibernate.loader.plan.build.internal.spaces.QuerySpacesImpl - Adding QuerySpace : uid = &lt;gen:2&gt; -&gt; org.hibernate.loader.plan.build.internal.spaces.EntityQuerySpaceImpl@409986fe]
21:22:35.852 [main] DEBUG org.hibernate.persister.walking.spi.MetamodelGraphWalker - Visiting attribute path : productCount
21:22:35.852 [main] DEBUG org.hibernate.persister.walking.spi.MetamodelGraphWalker - Visiting attribute path : total
21:22:35.852 [main] DEBUG org.hibernate.loader.plan.build.internal.FetchStyleLoadPlanBuildingAssociationVisitationStrategy - Building LoadPlan...
21:22:35.853 [main] DEBUG org.hibernate.loader.plan.exec.internal.LoadQueryJoinAndFetchProcessor - processing queryspace &lt;gen:0&gt;
21:22:35.930 [main] DEBUG org.hibernate.loader.plan.build.spi.LoadPlanTreePrinter - LoadPlan(entity=com.shoppingbackend.model.OrderItem)
    - Returns
       - EntityReturnImpl(entity=com.shoppingbackend.model.OrderItem, querySpaceUid=&lt;gen:0&gt;, path=com.shoppingbackend.model.OrderItem)
          - EntityAttributeFetchImpl(entity=com.shoppingbackend.model.OrderDetail, querySpaceUid=&lt;gen:1&gt;, path=com.shoppingbackend.model.OrderItem.orderDetail)
          - EntityAttributeFetchImpl(entity=com.shoppingbackend.model.Product, querySpaceUid=&lt;gen:2&gt;, path=com.shoppingbackend.model.OrderItem.product)
    - QuerySpaces
       - EntityQuerySpaceImpl(uid=&lt;gen:0&gt;, entity=com.shoppingbackend.model.OrderItem)
          - SQL table alias mapping - orderitem0_
          - alias suffix - 0_
          - suffixed key columns - {id1_5_0_}

21:22:35.932 [main] DEBUG org.hibernate.loader.entity.plan.EntityLoader - Static select for entity com.shoppingbackend.model.OrderItem [PESSIMISTIC_READ]: select orderitem0_.id as id1_5_0_, orderitem0_.buying_price as buying_p2_5_0_, orderitem0_.order_id as order_id5_5_0_, orderitem0_.product_id as product_6_5_0_, orderitem0_.product_count as product_3_5_0_, orderitem0_.total as total4_5_0_ from order_item orderitem0_ where orderitem0_.id=? for update
21:22:35.933 [main] DEBUG org.hibernate.loader.plan.build.internal.spaces.QuerySpacesImpl - Adding QuerySpace : uid = &lt;gen:0&gt; -&gt; org.hibernate.loader.plan.build.internal.spaces.EntityQuerySpaceImpl@19b047fe]
21:22:35.933 [main] DEBUG org.hibernate.persister.walking.spi.MetamodelGraphWalker - Visiting attribute path : buyingPrice
21:22:35.934 [main] DEBUG org.hibernate.persister.walking.spi.MetamodelGraphWalker - Visiting attribute path : orderDetail
21:22:35.934 [main] DEBUG org.hibernate.loader.plan.build.internal.spaces.QuerySpacesImpl - Adding QuerySpace : uid = &lt;gen:1&gt; -&gt; org.hibernate.loader.plan.build.internal.spaces.EntityQuerySpaceImpl@53dad875]
21:22:35.934 [main] DEBUG org.hibernate.persister.walking.spi.MetamodelGraphWalker - Visiting attribute path : product
21:22:35.934 [main] DEBUG org.hibernate.loader.plan.build.internal.spaces.QuerySpacesImpl - Adding QuerySpace : uid = &lt;gen:2&gt; -&gt; org.hibernate.loader.plan.build.internal.spaces.EntityQuerySpaceImpl@5f780a86]
21:22:35.935 [main] DEBUG org.hibernate.persister.walking.spi.MetamodelGraphWalker - Visiting attribute path : productCount
21:22:35.935 [main] DEBUG org.hibernate.persister.walking.spi.MetamodelGraphWalker - Visiting attribute path : total
21:22:35.935 [main] DEBUG org.hibernate.loader.plan.build.internal.FetchStyleLoadPlanBuildingAssociationVisitationStrategy - Building LoadPlan...
21:22:35.936 [main] DEBUG org.hibernate.loader.plan.exec.internal.LoadQueryJoinAndFetchProcessor - processing queryspace &lt;gen:0&gt;
21:22:35.936 [main] DEBUG org.hibernate.loader.plan.build.spi.LoadPlanTreePrinter - LoadPlan(entity=com.shoppingbackend.model.OrderItem)
    - Returns
       - EntityReturnImpl(entity=com.shoppingbackend.model.OrderItem, querySpaceUid=&lt;gen:0&gt;, path=com.shoppingbackend.model.OrderItem)
          - EntityAttributeFetchImpl(entity=com.shoppingbackend.model.OrderDetail, querySpaceUid=&lt;gen:1&gt;, path=com.shoppingbackend.model.OrderItem.orderDetail)
          - EntityAttributeFetchImpl(entity=com.shoppingbackend.model.Product, querySpaceUid=&lt;gen:2&gt;, path=com.shoppingbackend.model.OrderItem.product)
    - QuerySpaces
       - EntityQuerySpaceImpl(uid=&lt;gen:0&gt;, entity=com.shoppingbackend.model.OrderItem)
          - SQL table alias mapping - orderitem0_
          - alias suffix - 0_
          - suffixed key columns - {id1_5_0_}

21:22:35.937 [main] DEBUG org.hibernate.loader.entity.plan.EntityLoader - Static select for entity com.shoppingbackend.model.OrderItem [PESSIMISTIC_WRITE]: select orderitem0_.id as id1_5_0_, orderitem0_.buying_price as buying_p2_5_0_, orderitem0_.order_id as order_id5_5_0_, orderitem0_.product_id as product_6_5_0_, orderitem0_.product_count as product_3_5_0_, orderitem0_.total as total4_5_0_ from order_item orderitem0_ where orderitem0_.id=? for update
21:22:35.937 [main] DEBUG org.hibernate.loader.plan.build.internal.spaces.QuerySpacesImpl - Adding QuerySpace : uid = &lt;gen:0&gt; -&gt; org.hibernate.loader.plan.build.internal.spaces.EntityQuerySpaceImpl@446c3920]
21:22:35.937 [main] DEBUG org.hibernate.persister.walking.spi.MetamodelGraphWalker - Visiting attribute path : buyingPrice
21:22:35.938 [main] DEBUG org.hibernate.persister.walking.spi.MetamodelGraphWalker - Visiting attribute path : orderDetail
21:22:35.938 [main] DEBUG org.hibernate.loader.plan.build.internal.spaces.QuerySpacesImpl - Adding QuerySpace : uid = &lt;gen:1&gt; -&gt; org.hibernate.loader.plan.build.internal.spaces.EntityQuerySpaceImpl@2b329bbd]
21:22:35.938 [main] DEBUG org.hibernate.persister.walking.spi.MetamodelGraphWalker - Visiting attribute path : product
21:22:35.938 [main] DEBUG org.hibernate.loader.plan.build.internal.spaces.QuerySpacesImpl - Adding QuerySpace : uid = &lt;gen:2&gt; -&gt; org.hibernate.loader.plan.build.internal.spaces.EntityQuerySpaceImpl@34819867]
21:22:35.939 [main] DEBUG org.hibernate.persister.walking.spi.MetamodelGraphWalker - Visiting attribute path : productCount
21:22:35.939 [main] DEBUG org.hibernate.persister.walking.spi.MetamodelGraphWalker - Visiting attribute path : total
21:22:35.939 [main] DEBUG org.hibernate.loader.plan.build.internal.FetchStyleLoadPlanBuildingAssociationVisitationStrategy - Building LoadPlan...
21:22:35.940 [main] DEBUG org.hibernate.loader.plan.exec.internal.LoadQueryJoinAndFetchProcessor - processing queryspace &lt;gen:0&gt;
21:22:35.940 [main] DEBUG org.hibernate.loader.plan.build.spi.LoadPlanTreePrinter - LoadPlan(entity=com.shoppingbackend.model.OrderItem)
    - Returns
       - EntityReturnImpl(entity=com.shoppingbackend.model.OrderItem, querySpaceUid=&lt;gen:0&gt;, path=com.shoppingbackend.model.OrderItem)
          - EntityAttributeFetchImpl(entity=com.shoppingbackend.model.OrderDetail, querySpaceUid=&lt;gen:1&gt;, path=com.shoppingbackend.model.OrderItem.orderDetail)
          - EntityAttributeFetchImpl(entity=com.shoppingbackend.model.Product, querySpaceUid=&lt;gen:2&gt;, path=com.shoppingbackend.model.OrderItem.product)
    - QuerySpaces
       - EntityQuerySpaceImpl(uid=&lt;gen:0&gt;, entity=com.shoppingbackend.model.OrderItem)
          - SQL table alias mapping - orderitem0_
          - alias suffix - 0_
          - suffixed key columns - {id1_5_0_}

21:22:35.941 [main] DEBUG org.hibernate.loader.entity.plan.EntityLoader - Static select for entity com.shoppingbackend.model.OrderItem [PESSIMISTIC_FORCE_INCREMENT]: select orderitem0_.id as id1_5_0_, orderitem0_.buying_price as buying_p2_5_0_, orderitem0_.order_id as order_id5_5_0_, orderitem0_.product_id as product_6_5_0_, orderitem0_.product_count as product_3_5_0_, orderitem0_.total as total4_5_0_ from order_item orderitem0_ where orderitem0_.id=? for update
21:22:35.941 [main] DEBUG org.hibernate.loader.plan.build.internal.spaces.QuerySpacesImpl - Adding QuerySpace : uid = &lt;gen:0&gt; -&gt; org.hibernate.loader.plan.build.internal.spaces.EntityQuerySpaceImpl@118102ee]
21:22:35.941 [main] DEBUG org.hibernate.persister.walking.spi.MetamodelGraphWalker - Visiting attribute path : buyingPrice
21:22:35.941 [main] DEBUG org.hibernate.persister.walking.spi.MetamodelGraphWalker - Visiting attribute path : orderDetail
21:22:35.942 [main] DEBUG org.hibernate.loader.plan.build.internal.spaces.QuerySpacesImpl - Adding QuerySpace : uid = &lt;gen:1&gt; -&gt; org.hibernate.loader.plan.build.internal.spaces.EntityQuerySpaceImpl@771d1ffb]
21:22:35.942 [main] DEBUG org.hibernate.persister.walking.spi.MetamodelGraphWalker - Visiting attribute path : product
21:22:35.942 [main] DEBUG org.hibernate.loader.plan.build.internal.spaces.QuerySpacesImpl - Adding QuerySpace : uid = &lt;gen:2&gt; -&gt; org.hibernate.loader.plan.build.internal.spaces.EntityQuerySpaceImpl@4f67e3df]
21:22:35.942 [main] DEBUG org.hibernate.persister.walking.spi.MetamodelGraphWalker - Visiting attribute path : productCount
21:22:35.943 [main] DEBUG org.hibernate.persister.walking.spi.MetamodelGraphWalker - Visiting attribute path : total
21:22:35.943 [main] DEBUG org.hibernate.loader.plan.build.internal.FetchStyleLoadPlanBuildingAssociationVisitationStrategy - Building LoadPlan...
21:22:35.943 [main] DEBUG org.hibernate.loader.plan.exec.internal.LoadQueryJoinAndFetchProcessor - processing queryspace &lt;gen:0&gt;
21:22:35.944 [main] DEBUG org.hibernate.loader.plan.build.spi.LoadPlanTreePrinter - LoadPlan(entity=com.shoppingbackend.model.OrderItem)
    - Returns
       - EntityReturnImpl(entity=com.shoppingbackend.model.OrderItem, querySpaceUid=&lt;gen:0&gt;, path=com.shoppingbackend.model.OrderItem)
          - EntityAttributeFetchImpl(entity=com.shoppingbackend.model.OrderDetail, querySpaceUid=&lt;gen:1&gt;, path=com.shoppingbackend.model.OrderItem.orderDetail)
          - EntityAttributeFetchImpl(entity=com.shoppingbackend.model.Product, querySpaceUid=&lt;gen:2&gt;, path=com.shoppingbackend.model.OrderItem.product)
    - QuerySpaces
       - EntityQuerySpaceImpl(uid=&lt;gen:0&gt;, entity=com.shoppingbackend.model.OrderItem)
          - SQL table alias mapping - orderitem0_
          - alias suffix - 0_
          - suffixed key columns - {id1_5_0_}

21:22:35.944 [main] DEBUG org.hibernate.loader.entity.plan.EntityLoader - Static select for entity com.shoppingbackend.model.OrderItem [OPTIMISTIC]: select orderitem0_.id as id1_5_0_, orderitem0_.buying_price as buying_p2_5_0_, orderitem0_.order_id as order_id5_5_0_, orderitem0_.product_id as product_6_5_0_, orderitem0_.product_count as product_3_5_0_, orderitem0_.total as total4_5_0_ from order_item orderitem0_ where orderitem0_.id=?
21:22:35.945 [main] DEBUG org.hibernate.loader.plan.build.internal.spaces.QuerySpacesImpl - Adding QuerySpace : uid = &lt;gen:0&gt; -&gt; org.hibernate.loader.plan.build.internal.spaces.EntityQuerySpaceImpl@56681eaf]
21:22:35.945 [main] DEBUG org.hibernate.persister.walking.spi.MetamodelGraphWalker - Visiting attribute path : buyingPrice
21:22:35.945 [main] DEBUG org.hibernate.persister.walking.spi.MetamodelGraphWalker - Visiting attribute path : orderDetail
21:22:35.945 [main] DEBUG org.hibernate.loader.plan.build.internal.spaces.QuerySpacesImpl - Adding QuerySpace : uid = &lt;gen:1&gt; -&gt; org.hibernate.loader.plan.build.internal.spaces.EntityQuerySpaceImpl@6d2dc9d2]
21:22:35.946 [main] DEBUG org.hibernate.persister.walking.spi.MetamodelGraphWalker - Visiting attribute path : product
21:22:35.946 [main] DEBUG org.hibernate.loader.plan.build.internal.spaces.QuerySpacesImpl - Adding QuerySpace : uid = &lt;gen:2&gt; -&gt; org.hibernate.loader.plan.build.internal.spaces.EntityQuerySpaceImpl@1da4b6b3]
21:22:35.946 [main] DEBUG org.hibernate.persister.walking.spi.MetamodelGraphWalker - Visiting attribute path : productCount
21:22:35.946 [main] DEBUG org.hibernate.persister.walking.spi.MetamodelGraphWalker - Visiting attribute path : total
21:22:35.946 [main] DEBUG org.hibernate.loader.plan.build.internal.FetchStyleLoadPlanBuildingAssociationVisitationStrategy - Building LoadPlan...
21:22:35.947 [main] DEBUG org.hibernate.loader.plan.exec.internal.LoadQueryJoinAndFetchProcessor - processing queryspace &lt;gen:0&gt;
21:22:35.949 [main] DEBUG org.hibernate.loader.plan.build.spi.LoadPlanTreePrinter - LoadPlan(entity=com.shoppingbackend.model.OrderItem)
    - Returns
       - EntityReturnImpl(entity=com.shoppingbackend.model.OrderItem, querySpaceUid=&lt;gen:0&gt;, path=com.shoppingbackend.model.OrderItem)
          - EntityAttributeFetchImpl(entity=com.shoppingbackend.model.OrderDetail, querySpaceUid=&lt;gen:1&gt;, path=com.shoppingbackend.model.OrderItem.orderDetail)
          - EntityAttributeFetchImpl(entity=com.shoppingbackend.model.Product, querySpaceUid=&lt;gen:2&gt;, path=com.shoppingbackend.model.OrderItem.product)
    - QuerySpaces
       - EntityQuerySpaceImpl(uid=&lt;gen:0&gt;, entity=com.shoppingbackend.model.OrderItem)
          - SQL table alias mapping - orderitem0_
          - alias suffix - 0_
          - suffixed key columns - {id1_5_0_}

21:22:35.949 [main] DEBUG org.hibernate.loader.entity.plan.EntityLoader - Static select for entity com.shoppingbackend.model.OrderItem [OPTIMISTIC_FORCE_INCREMENT]: select orderitem0_.id as id1_5_0_, orderitem0_.buying_price as buying_p2_5_0_, orderitem0_.order_id as order_id5_5_0_, orderitem0_.product_id as product_6_5_0_, orderitem0_.product_count as product_3_5_0_, orderitem0_.total as total4_5_0_ from order_item orderitem0_ where orderitem0_.id=?
21:22:35.950 [main] DEBUG org.hibernate.loader.Loader - Static select for action ACTION_MERGE on entity com.shoppingbackend.model.OrderItem: select orderitem0_.id as id1_5_0_, orderitem0_.buying_price as buying_p2_5_0_, orderitem0_.order_id as order_id5_5_0_, orderitem0_.product_id as product_6_5_0_, orderitem0_.product_count as product_3_5_0_, orderitem0_.total as total4_5_0_ from order_item orderitem0_ where orderitem0_.id=?
21:22:35.950 [main] DEBUG org.hibernate.loader.Loader - Static select for action ACTION_REFRESH on entity com.shoppingbackend.model.OrderItem: select orderitem0_.id as id1_5_0_, orderitem0_.buying_price as buying_p2_5_0_, orderitem0_.order_id as order_id5_5_0_, orderitem0_.product_id as product_6_5_0_, orderitem0_.product_count as product_3_5_0_, orderitem0_.total as total4_5_0_ from order_item orderitem0_ where orderitem0_.id=?
21:22:35.951 [main] DEBUG org.hibernate.persister.entity.AbstractEntityPersister - Static SQL for entity: com.shoppingbackend.model.Supplier
21:22:35.951 [main] DEBUG org.hibernate.persister.entity.AbstractEntityPersister -  Version select: select sid from supplier where sid =?
21:22:35.951 [main] DEBUG org.hibernate.persister.entity.AbstractEntityPersister -  Snapshot select: select supplier_.sid, supplier_.supplier_name as supplier2_7_ from supplier supplier_ where supplier_.sid=?
21:22:35.952 [main] DEBUG org.hibernate.persister.entity.AbstractEntityPersister -  Insert 0: insert into supplier (supplier_name, sid) values (?, ?)
21:22:35.952 [main] DEBUG org.hibernate.persister.entity.AbstractEntityPersister -  Update 0: update supplier set supplier_name=? where sid=?
21:22:35.952 [main] DEBUG org.hibernate.persister.entity.AbstractEntityPersister -  Delete 0: delete from supplier where sid=?
21:22:35.952 [main] DEBUG org.hibernate.persister.entity.AbstractEntityPersister -  Identity insert: insert into supplier (sid, supplier_name) values (null, ?)
21:22:35.952 [main] DEBUG org.hibernate.loader.plan.build.internal.spaces.QuerySpacesImpl - Adding QuerySpace : uid = &lt;gen:0&gt; -&gt; org.hibernate.loader.plan.build.internal.spaces.EntityQuerySpaceImpl@b2f4ece]
21:22:35.953 [main] DEBUG org.hibernate.persister.walking.spi.MetamodelGraphWalker - Visiting attribute path : supplierName
21:22:35.953 [main] DEBUG org.hibernate.loader.plan.build.internal.FetchStyleLoadPlanBuildingAssociationVisitationStrategy - Building LoadPlan...
21:22:35.953 [main] DEBUG org.hibernate.loader.plan.exec.internal.LoadQueryJoinAndFetchProcessor - processing queryspace &lt;gen:0&gt;
21:22:35.954 [main] DEBUG org.hibernate.loader.plan.build.spi.LoadPlanTreePrinter - LoadPlan(entity=com.shoppingbackend.model.Supplier)
    - Returns
       - EntityReturnImpl(entity=com.shoppingbackend.model.Supplier, querySpaceUid=&lt;gen:0&gt;, path=com.shoppingbackend.model.Supplier)
    - QuerySpaces
       - EntityQuerySpaceImpl(uid=&lt;gen:0&gt;, entity=com.shoppingbackend.model.Supplier)
          - SQL table alias mapping - supplier0_
          - alias suffix - 0_
          - suffixed key columns - {sid1_7_0_}

21:22:35.954 [main] DEBUG org.hibernate.loader.entity.plan.EntityLoader - Static select for entity com.shoppingbackend.model.Supplier [NONE]: select supplier0_.sid as sid1_7_0_, supplier0_.supplier_name as supplier2_7_0_ from supplier supplier0_ where supplier0_.sid=?
21:22:35.954 [main] DEBUG org.hibernate.loader.plan.build.internal.spaces.QuerySpacesImpl - Adding QuerySpace : uid = &lt;gen:0&gt; -&gt; org.hibernate.loader.plan.build.internal.spaces.EntityQuerySpaceImpl@7dff6d05]
21:22:35.955 [main] DEBUG org.hibernate.persister.walking.spi.MetamodelGraphWalker - Visiting attribute path : supplierName
21:22:35.955 [main] DEBUG org.hibernate.loader.plan.build.internal.FetchStyleLoadPlanBuildingAssociationVisitationStrategy - Building LoadPlan...
21:22:35.955 [main] DEBUG org.hibernate.loader.plan.exec.internal.LoadQueryJoinAndFetchProcessor - processing queryspace &lt;gen:0&gt;
21:22:35.956 [main] DEBUG org.hibernate.loader.plan.build.spi.LoadPlanTreePrinter - LoadPlan(entity=com.shoppingbackend.model.Supplier)
    - Returns
       - EntityReturnImpl(entity=com.shoppingbackend.model.Supplier, querySpaceUid=&lt;gen:0&gt;, path=com.shoppingbackend.model.Supplier)
    - QuerySpaces
       - EntityQuerySpaceImpl(uid=&lt;gen:0&gt;, entity=com.shoppingbackend.model.Supplier)
          - SQL table alias mapping - supplier0_
          - alias suffix - 0_
          - suffixed key columns - {sid1_7_0_}

21:22:35.956 [main] DEBUG org.hibernate.loader.entity.plan.EntityLoader - Static select for entity com.shoppingbackend.model.Supplier [READ]: select supplier0_.sid as sid1_7_0_, supplier0_.supplier_name as supplier2_7_0_ from supplier supplier0_ where supplier0_.sid=?
21:22:35.957 [main] DEBUG org.hibernate.loader.plan.build.internal.spaces.QuerySpacesImpl - Adding QuerySpace : uid = &lt;gen:0&gt; -&gt; org.hibernate.loader.plan.build.internal.spaces.EntityQuerySpaceImpl@34fe326d]
21:22:35.957 [main] DEBUG org.hibernate.persister.walking.spi.MetamodelGraphWalker - Visiting attribute path : supplierName
21:22:35.957 [main] DEBUG org.hibernate.loader.plan.build.internal.FetchStyleLoadPlanBuildingAssociationVisitationStrategy - Building LoadPlan...
21:22:35.958 [main] DEBUG org.hibernate.loader.plan.exec.internal.LoadQueryJoinAndFetchProcessor - processing queryspace &lt;gen:0&gt;
21:22:35.958 [main] DEBUG org.hibernate.loader.plan.build.spi.LoadPlanTreePrinter - LoadPlan(entity=com.shoppingbackend.model.Supplier)
    - Returns
       - EntityReturnImpl(entity=com.shoppingbackend.model.Supplier, querySpaceUid=&lt;gen:0&gt;, path=com.shoppingbackend.model.Supplier)
    - QuerySpaces
       - EntityQuerySpaceImpl(uid=&lt;gen:0&gt;, entity=com.shoppingbackend.model.Supplier)
          - SQL table alias mapping - supplier0_
          - alias suffix - 0_
          - suffixed key columns - {sid1_7_0_}

21:22:35.958 [main] DEBUG org.hibernate.loader.entity.plan.EntityLoader - Static select for entity com.shoppingbackend.model.Supplier [UPGRADE]: select supplier0_.sid as sid1_7_0_, supplier0_.supplier_name as supplier2_7_0_ from supplier supplier0_ where supplier0_.sid=? for update
21:22:35.959 [main] DEBUG org.hibernate.loader.plan.build.internal.spaces.QuerySpacesImpl - Adding QuerySpace : uid = &lt;gen:0&gt; -&gt; org.hibernate.loader.plan.build.internal.spaces.EntityQuerySpaceImpl@36361ddb]
21:22:35.959 [main] DEBUG org.hibernate.persister.walking.spi.MetamodelGraphWalker - Visiting attribute path : supplierName
21:22:35.959 [main] DEBUG org.hibernate.loader.plan.build.internal.FetchStyleLoadPlanBuildingAssociationVisitationStrategy - Building LoadPlan...
21:22:35.960 [main] DEBUG org.hibernate.loader.plan.exec.internal.LoadQueryJoinAndFetchProcessor - processing queryspace &lt;gen:0&gt;
21:22:35.960 [main] DEBUG org.hibernate.loader.plan.build.spi.LoadPlanTreePrinter - LoadPlan(entity=com.shoppingbackend.model.Supplier)
    - Returns
       - EntityReturnImpl(entity=com.shoppingbackend.model.Supplier, querySpaceUid=&lt;gen:0&gt;, path=com.shoppingbackend.model.Supplier)
    - QuerySpaces
       - EntityQuerySpaceImpl(uid=&lt;gen:0&gt;, entity=com.shoppingbackend.model.Supplier)
          - SQL table alias mapping - supplier0_
          - alias suffix - 0_
          - suffixed key columns - {sid1_7_0_}

21:22:35.960 [main] DEBUG org.hibernate.loader.entity.plan.EntityLoader - Static select for entity com.shoppingbackend.model.Supplier [UPGRADE_NOWAIT]: select supplier0_.sid as sid1_7_0_, supplier0_.supplier_name as supplier2_7_0_ from supplier supplier0_ where supplier0_.sid=? for update
21:22:35.996 [main] DEBUG org.hibernate.loader.plan.build.internal.spaces.QuerySpacesImpl - Adding QuerySpace : uid = &lt;gen:0&gt; -&gt; org.hibernate.loader.plan.build.internal.spaces.EntityQuerySpaceImpl@4d6ee47]
21:22:35.996 [main] DEBUG org.hibernate.persister.walking.spi.MetamodelGraphWalker - Visiting attribute path : supplierName
21:22:35.996 [main] DEBUG org.hibernate.loader.plan.build.internal.FetchStyleLoadPlanBuildingAssociationVisitationStrategy - Building LoadPlan...
21:22:35.997 [main] DEBUG org.hibernate.loader.plan.exec.internal.LoadQueryJoinAndFetchProcessor - processing queryspace &lt;gen:0&gt;
21:22:35.997 [main] DEBUG org.hibernate.loader.plan.build.spi.LoadPlanTreePrinter - LoadPlan(entity=com.shoppingbackend.model.Supplier)
    - Returns
       - EntityReturnImpl(entity=com.shoppingbackend.model.Supplier, querySpaceUid=&lt;gen:0&gt;, path=com.shoppingbackend.model.Supplier)
    - QuerySpaces
       - EntityQuerySpaceImpl(uid=&lt;gen:0&gt;, entity=com.shoppingbackend.model.Supplier)
          - SQL table alias mapping - supplier0_
          - alias suffix - 0_
          - suffixed key columns - {sid1_7_0_}

21:22:35.998 [main] DEBUG org.hibernate.loader.entity.plan.EntityLoader - Static select for entity com.shoppingbackend.model.Supplier [UPGRADE_SKIPLOCKED]: select supplier0_.sid as sid1_7_0_, supplier0_.supplier_name as supplier2_7_0_ from supplier supplier0_ where supplier0_.sid=? for update
21:22:35.998 [main] DEBUG org.hibernate.loader.plan.build.internal.spaces.QuerySpacesImpl - Adding QuerySpace : uid = &lt;gen:0&gt; -&gt; org.hibernate.loader.plan.build.internal.spaces.EntityQuerySpaceImpl@c6da8bb]
21:22:35.998 [main] DEBUG org.hibernate.persister.walking.spi.MetamodelGraphWalker - Visiting attribute path : supplierName
21:22:35.998 [main] DEBUG org.hibernate.loader.plan.build.internal.FetchStyleLoadPlanBuildingAssociationVisitationStrategy - Building LoadPlan...
21:22:35.998 [main] DEBUG org.hibernate.loader.plan.exec.internal.LoadQueryJoinAndFetchProcessor - processing queryspace &lt;gen:0&gt;
21:22:35.999 [main] DEBUG org.hibernate.loader.plan.build.spi.LoadPlanTreePrinter - LoadPlan(entity=com.shoppingbackend.model.Supplier)
    - Returns
       - EntityReturnImpl(entity=com.shoppingbackend.model.Supplier, querySpaceUid=&lt;gen:0&gt;, path=com.shoppingbackend.model.Supplier)
    - QuerySpaces
       - EntityQuerySpaceImpl(uid=&lt;gen:0&gt;, entity=com.shoppingbackend.model.Supplier)
          - SQL table alias mapping - supplier0_
          - alias suffix - 0_
          - suffixed key columns - {sid1_7_0_}

21:22:35.999 [main] DEBUG org.hibernate.loader.entity.plan.EntityLoader - Static select for entity com.shoppingbackend.model.Supplier [FORCE]: select supplier0_.sid as sid1_7_0_, supplier0_.supplier_name as supplier2_7_0_ from supplier supplier0_ where supplier0_.sid=? for update
21:22:35.999 [main] DEBUG org.hibernate.loader.plan.build.internal.spaces.QuerySpacesImpl - Adding QuerySpace : uid = &lt;gen:0&gt; -&gt; org.hibernate.loader.plan.build.internal.spaces.EntityQuerySpaceImpl@8b91134]
21:22:35.999 [main] DEBUG org.hibernate.persister.walking.spi.MetamodelGraphWalker - Visiting attribute path : supplierName
21:22:35.999 [main] DEBUG org.hibernate.loader.plan.build.internal.FetchStyleLoadPlanBuildingAssociationVisitationStrategy - Building LoadPlan...
21:22:36.000 [main] DEBUG org.hibernate.loader.plan.exec.internal.LoadQueryJoinAndFetchProcessor - processing queryspace &lt;gen:0&gt;
21:22:36.000 [main] DEBUG org.hibernate.loader.plan.build.spi.LoadPlanTreePrinter - LoadPlan(entity=com.shoppingbackend.model.Supplier)
    - Returns
       - EntityReturnImpl(entity=com.shoppingbackend.model.Supplier, querySpaceUid=&lt;gen:0&gt;, path=com.shoppingbackend.model.Supplier)
    - QuerySpaces
       - EntityQuerySpaceImpl(uid=&lt;gen:0&gt;, entity=com.shoppingbackend.model.Supplier)
          - SQL table alias mapping - supplier0_
          - alias suffix - 0_
          - suffixed key columns - {sid1_7_0_}

21:22:36.000 [main] DEBUG org.hibernate.loader.entity.plan.EntityLoader - Static select for entity com.shoppingbackend.model.Supplier [PESSIMISTIC_READ]: select supplier0_.sid as sid1_7_0_, supplier0_.supplier_name as supplier2_7_0_ from supplier supplier0_ where supplier0_.sid=? for update
21:22:36.001 [main] DEBUG org.hibernate.loader.plan.build.internal.spaces.QuerySpacesImpl - Adding QuerySpace : uid = &lt;gen:0&gt; -&gt; org.hibernate.loader.plan.build.internal.spaces.EntityQuerySpaceImpl@7e736350]
21:22:36.001 [main] DEBUG org.hibernate.persister.walking.spi.MetamodelGraphWalker - Visiting attribute path : supplierName
21:22:36.001 [main] DEBUG org.hibernate.loader.plan.build.internal.FetchStyleLoadPlanBuildingAssociationVisitationStrategy - Building LoadPlan...
21:22:36.001 [main] DEBUG org.hibernate.loader.plan.exec.internal.LoadQueryJoinAndFetchProcessor - processing queryspace &lt;gen:0&gt;
21:22:36.002 [main] DEBUG org.hibernate.loader.plan.build.spi.LoadPlanTreePrinter - LoadPlan(entity=com.shoppingbackend.model.Supplier)
    - Returns
       - EntityReturnImpl(entity=com.shoppingbackend.model.Supplier, querySpaceUid=&lt;gen:0&gt;, path=com.shoppingbackend.model.Supplier)
    - QuerySpaces
       - EntityQuerySpaceImpl(uid=&lt;gen:0&gt;, entity=com.shoppingbackend.model.Supplier)
          - SQL table alias mapping - supplier0_
          - alias suffix - 0_
          - suffixed key columns - {sid1_7_0_}

21:22:36.002 [main] DEBUG org.hibernate.loader.entity.plan.EntityLoader - Static select for entity com.shoppingbackend.model.Supplier [PESSIMISTIC_WRITE]: select supplier0_.sid as sid1_7_0_, supplier0_.supplier_name as supplier2_7_0_ from supplier supplier0_ where supplier0_.sid=? for update
21:22:36.002 [main] DEBUG org.hibernate.loader.plan.build.internal.spaces.QuerySpacesImpl - Adding QuerySpace : uid = &lt;gen:0&gt; -&gt; org.hibernate.loader.plan.build.internal.spaces.EntityQuerySpaceImpl@76c387f9]
21:22:36.002 [main] DEBUG org.hibernate.persister.walking.spi.MetamodelGraphWalker - Visiting attribute path : supplierName
21:22:36.002 [main] DEBUG org.hibernate.loader.plan.build.internal.FetchStyleLoadPlanBuildingAssociationVisitationStrategy - Building LoadPlan...
21:22:36.003 [main] DEBUG org.hibernate.loader.plan.exec.internal.LoadQueryJoinAndFetchProcessor - processing queryspace &lt;gen:0&gt;
21:22:36.003 [main] DEBUG org.hibernate.loader.plan.build.spi.LoadPlanTreePrinter - LoadPlan(entity=com.shoppingbackend.model.Supplier)
    - Returns
       - EntityReturnImpl(entity=com.shoppingbackend.model.Supplier, querySpaceUid=&lt;gen:0&gt;, path=com.shoppingbackend.model.Supplier)
    - QuerySpaces
       - EntityQuerySpaceImpl(uid=&lt;gen:0&gt;, entity=com.shoppingbackend.model.Supplier)
          - SQL table alias mapping - supplier0_
          - alias suffix - 0_
          - suffixed key columns - {sid1_7_0_}

21:22:36.003 [main] DEBUG org.hibernate.loader.entity.plan.EntityLoader - Static select for entity com.shoppingbackend.model.Supplier [PESSIMISTIC_FORCE_INCREMENT]: select supplier0_.sid as sid1_7_0_, supplier0_.supplier_name as supplier2_7_0_ from supplier supplier0_ where supplier0_.sid=? for update
21:22:36.004 [main] DEBUG org.hibernate.loader.plan.build.internal.spaces.QuerySpacesImpl - Adding QuerySpace : uid = &lt;gen:0&gt; -&gt; org.hibernate.loader.plan.build.internal.spaces.EntityQuerySpaceImpl@5d7835a8]
21:22:36.004 [main] DEBUG org.hibernate.persister.walking.spi.MetamodelGraphWalker - Visiting attribute path : supplierName
21:22:36.004 [main] DEBUG org.hibernate.loader.plan.build.internal.FetchStyleLoadPlanBuildingAssociationVisitationStrategy - Building LoadPlan...
21:22:36.004 [main] DEBUG org.hibernate.loader.plan.exec.internal.LoadQueryJoinAndFetchProcessor - processing queryspace &lt;gen:0&gt;
21:22:36.005 [main] DEBUG org.hibernate.loader.plan.build.spi.LoadPlanTreePrinter - LoadPlan(entity=com.shoppingbackend.model.Supplier)
    - Returns
       - EntityReturnImpl(entity=com.shoppingbackend.model.Supplier, querySpaceUid=&lt;gen:0&gt;, path=com.shoppingbackend.model.Supplier)
    - QuerySpaces
       - EntityQuerySpaceImpl(uid=&lt;gen:0&gt;, entity=com.shoppingbackend.model.Supplier)
          - SQL table alias mapping - supplier0_
          - alias suffix - 0_
          - suffixed key columns - {sid1_7_0_}

21:22:36.005 [main] DEBUG org.hibernate.loader.entity.plan.EntityLoader - Static select for entity com.shoppingbackend.model.Supplier [OPTIMISTIC]: select supplier0_.sid as sid1_7_0_, supplier0_.supplier_name as supplier2_7_0_ from supplier supplier0_ where supplier0_.sid=?
21:22:36.005 [main] DEBUG org.hibernate.loader.plan.build.internal.spaces.QuerySpacesImpl - Adding QuerySpace : uid = &lt;gen:0&gt; -&gt; org.hibernate.loader.plan.build.internal.spaces.EntityQuerySpaceImpl@1976f537]
21:22:36.005 [main] DEBUG org.hibernate.persister.walking.spi.MetamodelGraphWalker - Visiting attribute path : supplierName
21:22:36.006 [main] DEBUG org.hibernate.loader.plan.build.internal.FetchStyleLoadPlanBuildingAssociationVisitationStrategy - Building LoadPlan...
21:22:36.006 [main] DEBUG org.hibernate.loader.plan.exec.internal.LoadQueryJoinAndFetchProcessor - processing queryspace &lt;gen:0&gt;
21:22:36.007 [main] DEBUG org.hibernate.loader.plan.build.spi.LoadPlanTreePrinter - LoadPlan(entity=com.shoppingbackend.model.Supplier)
    - Returns
       - EntityReturnImpl(entity=com.shoppingbackend.model.Supplier, querySpaceUid=&lt;gen:0&gt;, path=com.shoppingbackend.model.Supplier)
    - QuerySpaces
       - EntityQuerySpaceImpl(uid=&lt;gen:0&gt;, entity=com.shoppingbackend.model.Supplier)
          - SQL table alias mapping - supplier0_
          - alias suffix - 0_
          - suffixed key columns - {sid1_7_0_}

21:22:36.007 [main] DEBUG org.hibernate.loader.entity.plan.EntityLoader - Static select for entity com.shoppingbackend.model.Supplier [OPTIMISTIC_FORCE_INCREMENT]: select supplier0_.sid as sid1_7_0_, supplier0_.supplier_name as supplier2_7_0_ from supplier supplier0_ where supplier0_.sid=?
21:22:36.008 [main] DEBUG org.hibernate.loader.Loader - Static select for action ACTION_MERGE on entity com.shoppingbackend.model.Supplier: select supplier0_.sid as sid1_7_0_, supplier0_.supplier_name as supplier2_7_0_ from supplier supplier0_ where supplier0_.sid=?
21:22:36.008 [main] DEBUG org.hibernate.loader.Loader - Static select for action ACTION_REFRESH on entity com.shoppingbackend.model.Supplier: select supplier0_.sid as sid1_7_0_, supplier0_.supplier_name as supplier2_7_0_ from supplier supplier0_ where supplier0_.sid=?
21:22:36.009 [main] DEBUG org.hibernate.persister.entity.AbstractEntityPersister - Static SQL for entity: com.shoppingbackend.model.User
21:22:36.009 [main] DEBUG org.hibernate.persister.entity.AbstractEntityPersister -  Version select: select id from user_detail where id =?
21:22:36.009 [main] DEBUG org.hibernate.persister.entity.AbstractEntityPersister -  Snapshot select: select user_.id, user_.contact_number as contact_2_8_, user_.email as email3_8_, user_.enabled as enabled4_8_, user_.first_name as first_na5_8_, user_.last_name as last_nam6_8_, user_.password as password7_8_, user_.role as role8_8_ from user_detail user_ where user_.id=?
21:22:36.009 [main] DEBUG org.hibernate.persister.entity.AbstractEntityPersister -  Insert 0: insert into user_detail (contact_number, email, enabled, first_name, last_name, password, role, id) values (?, ?, ?, ?, ?, ?, ?, ?)
21:22:36.010 [main] DEBUG org.hibernate.persister.entity.AbstractEntityPersister -  Update 0: update user_detail set contact_number=?, email=?, enabled=?, first_name=?, last_name=?, password=?, role=? where id=?
21:22:36.010 [main] DEBUG org.hibernate.persister.entity.AbstractEntityPersister -  Delete 0: delete from user_detail where id=?
21:22:36.010 [main] DEBUG org.hibernate.persister.entity.AbstractEntityPersister -  Identity insert: insert into user_detail (id, contact_number, email, enabled, first_name, last_name, password, role) values (null, ?, ?, ?, ?, ?, ?, ?)
21:22:36.010 [main] DEBUG org.hibernate.loader.plan.build.internal.spaces.QuerySpacesImpl - Adding QuerySpace : uid = &lt;gen:0&gt; -&gt; org.hibernate.loader.plan.build.internal.spaces.EntityQuerySpaceImpl@1816e24a]
21:22:36.011 [main] DEBUG org.hibernate.persister.walking.spi.MetamodelGraphWalker - Visiting attribute path : contactNumber
21:22:36.011 [main] DEBUG org.hibernate.persister.walking.spi.MetamodelGraphWalker - Visiting attribute path : email
21:22:36.011 [main] DEBUG org.hibernate.persister.walking.spi.MetamodelGraphWalker - Visiting attribute path : enabled
21:22:36.011 [main] DEBUG org.hibernate.persister.walking.spi.MetamodelGraphWalker - Visiting attribute path : firstName
21:22:36.012 [main] DEBUG org.hibernate.persister.walking.spi.MetamodelGraphWalker - Visiting attribute path : lastName
21:22:36.012 [main] DEBUG org.hibernate.persister.walking.spi.MetamodelGraphWalker - Visiting attribute path : password
21:22:36.012 [main] DEBUG org.hibernate.persister.walking.spi.MetamodelGraphWalker - Visiting attribute path : role
21:22:36.012 [main] DEBUG org.hibernate.persister.walking.spi.MetamodelGraphWalker - Visiting attribute path : cart
21:22:36.012 [main] DEBUG org.hibernate.loader.plan.build.internal.spaces.QuerySpacesImpl - Adding QuerySpace : uid = &lt;gen:1&gt; -&gt; org.hibernate.loader.plan.build.internal.spaces.EntityQuerySpaceImpl@47b179d7]
21:22:36.012 [main] DEBUG org.hibernate.persister.walking.spi.MetamodelGraphWalker - Visiting attribute path : cart.cartLines
21:22:36.012 [main] DEBUG org.hibernate.persister.walking.spi.MetamodelGraphWalker - Visiting attribute path : cart.grandTotal
21:22:36.012 [main] DEBUG org.hibernate.persister.walking.spi.MetamodelGraphWalker - Visiting attribute path : cart.user
21:22:36.012 [main] DEBUG org.hibernate.persister.walking.spi.MetamodelGraphWalker - Property path deemed to be circular : cart.user
21:22:36.012 [main] DEBUG org.hibernate.loader.plan.build.internal.FetchStyleLoadPlanBuildingAssociationVisitationStrategy - Building LoadPlan...
21:22:36.013 [main] DEBUG org.hibernate.loader.plan.exec.internal.LoadQueryJoinAndFetchProcessor - processing queryspace &lt;gen:0&gt;
21:22:36.013 [main] DEBUG org.hibernate.loader.plan.build.spi.LoadPlanTreePrinter - LoadPlan(entity=com.shoppingbackend.model.User)
    - Returns
       - EntityReturnImpl(entity=com.shoppingbackend.model.User, querySpaceUid=&lt;gen:0&gt;, path=com.shoppingbackend.model.User)
          - EntityAttributeFetchImpl(entity=com.shoppingbackend.model.Cart, querySpaceUid=&lt;gen:1&gt;, path=com.shoppingbackend.model.User.cart)
    - QuerySpaces
       - EntityQuerySpaceImpl(uid=&lt;gen:0&gt;, entity=com.shoppingbackend.model.User)
          - SQL table alias mapping - user0_
          - alias suffix - 0_
          - suffixed key columns - {id1_8_0_}
          - JOIN (JoinDefinedByMetadata(cart)) : &lt;gen:0&gt; -&gt; &lt;gen:1&gt;
             - EntityQuerySpaceImpl(uid=&lt;gen:1&gt;, entity=com.shoppingbackend.model.Cart)
                - SQL table alias mapping - cart1_
                - alias suffix - 1_
                - suffixed key columns - {id1_1_1_}

21:22:36.013 [main] DEBUG org.hibernate.loader.entity.plan.EntityLoader - Static select for entity com.shoppingbackend.model.User [NONE]: select user0_.id as id1_8_0_, user0_.contact_number as contact_2_8_0_, user0_.email as email3_8_0_, user0_.enabled as enabled4_8_0_, user0_.first_name as first_na5_8_0_, user0_.last_name as last_nam6_8_0_, user0_.password as password7_8_0_, user0_.role as role8_8_0_, cart1_.id as id1_1_1_, cart1_.cart_lines as cart_lin2_1_1_, cart1_.grand_total as grand_to3_1_1_, cart1_.user_id as user_id4_1_1_ from user_detail user0_ left outer join Cart cart1_ on user0_.id=cart1_.user_id where user0_.id=?
21:22:36.014 [main] DEBUG org.hibernate.loader.plan.build.internal.spaces.QuerySpacesImpl - Adding QuerySpace : uid = &lt;gen:0&gt; -&gt; org.hibernate.loader.plan.build.internal.spaces.EntityQuerySpaceImpl@162b3d47]
21:22:36.014 [main] DEBUG org.hibernate.persister.walking.spi.MetamodelGraphWalker - Visiting attribute path : contactNumber
21:22:36.014 [main] DEBUG org.hibernate.persister.walking.spi.MetamodelGraphWalker - Visiting attribute path : email
21:22:36.014 [main] DEBUG org.hibernate.persister.walking.spi.MetamodelGraphWalker - Visiting attribute path : enabled
21:22:36.015 [main] DEBUG org.hibernate.persister.walking.spi.MetamodelGraphWalker - Visiting attribute path : firstName
21:22:36.015 [main] DEBUG org.hibernate.persister.walking.spi.MetamodelGraphWalker - Visiting attribute path : lastName
21:22:36.015 [main] DEBUG org.hibernate.persister.walking.spi.MetamodelGraphWalker - Visiting attribute path : password
21:22:36.015 [main] DEBUG org.hibernate.persister.walking.spi.MetamodelGraphWalker - Visiting attribute path : role
21:22:36.015 [main] DEBUG org.hibernate.persister.walking.spi.MetamodelGraphWalker - Visiting attribute path : cart
21:22:36.016 [main] DEBUG org.hibernate.loader.plan.build.internal.spaces.QuerySpacesImpl - Adding QuerySpace : uid = &lt;gen:1&gt; -&gt; org.hibernate.loader.plan.build.internal.spaces.EntityQuerySpaceImpl@3402b4c9]
21:22:36.016 [main] DEBUG org.hibernate.persister.walking.spi.MetamodelGraphWalker - Visiting attribute path : cart.cartLines
21:22:36.016 [main] DEBUG org.hibernate.persister.walking.spi.MetamodelGraphWalker - Visiting attribute path : cart.grandTotal
21:22:36.017 [main] DEBUG org.hibernate.persister.walking.spi.MetamodelGraphWalker - Visiting attribute path : cart.user
21:22:36.017 [main] DEBUG org.hibernate.persister.walking.spi.MetamodelGraphWalker - Property path deemed to be circular : cart.user
21:22:36.017 [main] DEBUG org.hibernate.loader.plan.build.internal.FetchStyleLoadPlanBuildingAssociationVisitationStrategy - Building LoadPlan...
21:22:36.018 [main] DEBUG org.hibernate.loader.plan.exec.internal.LoadQueryJoinAndFetchProcessor - processing queryspace &lt;gen:0&gt;
21:22:36.019 [main] DEBUG org.hibernate.loader.plan.build.spi.LoadPlanTreePrinter - LoadPlan(entity=com.shoppingbackend.model.User)
    - Returns
       - EntityReturnImpl(entity=com.shoppingbackend.model.User, querySpaceUid=&lt;gen:0&gt;, path=com.shoppingbackend.model.User)
          - EntityAttributeFetchImpl(entity=com.shoppingbackend.model.Cart, querySpaceUid=&lt;gen:1&gt;, path=com.shoppingbackend.model.User.cart)
    - QuerySpaces
       - EntityQuerySpaceImpl(uid=&lt;gen:0&gt;, entity=com.shoppingbackend.model.User)
          - SQL table alias mapping - user0_
          - alias suffix - 0_
          - suffixed key columns - {id1_8_0_}
          - JOIN (JoinDefinedByMetadata(cart)) : &lt;gen:0&gt; -&gt; &lt;gen:1&gt;
             - EntityQuerySpaceImpl(uid=&lt;gen:1&gt;, entity=com.shoppingbackend.model.Cart)
                - SQL table alias mapping - cart1_
                - alias suffix - 1_
                - suffixed key columns - {id1_1_1_}

21:22:36.021 [main] DEBUG org.hibernate.loader.entity.plan.EntityLoader - Static select for entity com.shoppingbackend.model.User [READ]: select user0_.id as id1_8_0_, user0_.contact_number as contact_2_8_0_, user0_.email as email3_8_0_, user0_.enabled as enabled4_8_0_, user0_.first_name as first_na5_8_0_, user0_.last_name as last_nam6_8_0_, user0_.password as password7_8_0_, user0_.role as role8_8_0_, cart1_.id as id1_1_1_, cart1_.cart_lines as cart_lin2_1_1_, cart1_.grand_total as grand_to3_1_1_, cart1_.user_id as user_id4_1_1_ from user_detail user0_ left outer join Cart cart1_ on user0_.id=cart1_.user_id where user0_.id=?
21:22:36.021 [main] DEBUG org.hibernate.loader.plan.build.internal.spaces.QuerySpacesImpl - Adding QuerySpace : uid = &lt;gen:0&gt; -&gt; org.hibernate.loader.plan.build.internal.spaces.EntityQuerySpaceImpl@46d567cb]
21:22:36.022 [main] DEBUG org.hibernate.persister.walking.spi.MetamodelGraphWalker - Visiting attribute path : contactNumber
21:22:36.022 [main] DEBUG org.hibernate.persister.walking.spi.MetamodelGraphWalker - Visiting attribute path : email
21:22:36.022 [main] DEBUG org.hibernate.persister.walking.spi.MetamodelGraphWalker - Visiting attribute path : enabled
21:22:36.022 [main] DEBUG org.hibernate.persister.walking.spi.MetamodelGraphWalker - Visiting attribute path : firstName
21:22:36.022 [main] DEBUG org.hibernate.persister.walking.spi.MetamodelGraphWalker - Visiting attribute path : lastName
21:22:36.023 [main] DEBUG org.hibernate.persister.walking.spi.MetamodelGraphWalker - Visiting attribute path : password
21:22:36.023 [main] DEBUG org.hibernate.persister.walking.spi.MetamodelGraphWalker - Visiting attribute path : role
21:22:36.023 [main] DEBUG org.hibernate.persister.walking.spi.MetamodelGraphWalker - Visiting attribute path : cart
21:22:36.023 [main] DEBUG org.hibernate.loader.plan.build.internal.spaces.QuerySpacesImpl - Adding QuerySpace : uid = &lt;gen:1&gt; -&gt; org.hibernate.loader.plan.build.internal.spaces.EntityQuerySpaceImpl@173f73e7]
21:22:36.023 [main] DEBUG org.hibernate.loader.plan.build.internal.FetchStyleLoadPlanBuildingAssociationVisitationStrategy - Building LoadPlan...
21:22:36.024 [main] DEBUG org.hibernate.loader.plan.exec.internal.LoadQueryJoinAndFetchProcessor - processing queryspace &lt;gen:0&gt;
21:22:36.025 [main] DEBUG org.hibernate.loader.plan.build.spi.LoadPlanTreePrinter - LoadPlan(entity=com.shoppingbackend.model.User)
    - Returns
       - EntityReturnImpl(entity=com.shoppingbackend.model.User, querySpaceUid=&lt;gen:0&gt;, path=com.shoppingbackend.model.User)
          - EntityAttributeFetchImpl(entity=com.shoppingbackend.model.Cart, querySpaceUid=&lt;gen:1&gt;, path=com.shoppingbackend.model.User.cart)
    - QuerySpaces
       - EntityQuerySpaceImpl(uid=&lt;gen:0&gt;, entity=com.shoppingbackend.model.User)
          - SQL table alias mapping - user0_
          - alias suffix - 0_
          - suffixed key columns - {id1_8_0_}

21:22:36.025 [main] DEBUG org.hibernate.loader.entity.plan.EntityLoader - Static select for entity com.shoppingbackend.model.User [UPGRADE]: select user0_.id as id1_8_0_, user0_.contact_number as contact_2_8_0_, user0_.email as email3_8_0_, user0_.enabled as enabled4_8_0_, user0_.first_name as first_na5_8_0_, user0_.last_name as last_nam6_8_0_, user0_.password as password7_8_0_, user0_.role as role8_8_0_ from user_detail user0_ where user0_.id=? for update
21:22:36.025 [main] DEBUG org.hibernate.loader.plan.build.internal.spaces.QuerySpacesImpl - Adding QuerySpace : uid = &lt;gen:0&gt; -&gt; org.hibernate.loader.plan.build.internal.spaces.EntityQuerySpaceImpl@43a51d00]
21:22:36.026 [main] DEBUG org.hibernate.persister.walking.spi.MetamodelGraphWalker - Visiting attribute path : contactNumber
21:22:36.026 [main] DEBUG org.hibernate.persister.walking.spi.MetamodelGraphWalker - Visiting attribute path : email
21:22:36.026 [main] DEBUG org.hibernate.persister.walking.spi.MetamodelGraphWalker - Visiting attribute path : enabled
21:22:36.026 [main] DEBUG org.hibernate.persister.walking.spi.MetamodelGraphWalker - Visiting attribute path : firstName
21:22:36.027 [main] DEBUG org.hibernate.persister.walking.spi.MetamodelGraphWalker - Visiting attribute path : lastName
21:22:36.027 [main] DEBUG org.hibernate.persister.walking.spi.MetamodelGraphWalker - Visiting attribute path : password
21:22:36.027 [main] DEBUG org.hibernate.persister.walking.spi.MetamodelGraphWalker - Visiting attribute path : role
21:22:36.028 [main] DEBUG org.hibernate.persister.walking.spi.MetamodelGraphWalker - Visiting attribute path : cart
21:22:36.028 [main] DEBUG org.hibernate.loader.plan.build.internal.spaces.QuerySpacesImpl - Adding QuerySpace : uid = &lt;gen:1&gt; -&gt; org.hibernate.loader.plan.build.internal.spaces.EntityQuerySpaceImpl@499683c4]
21:22:36.029 [main] DEBUG org.hibernate.loader.plan.build.internal.FetchStyleLoadPlanBuildingAssociationVisitationStrategy - Building LoadPlan...
21:22:36.029 [main] DEBUG org.hibernate.loader.plan.exec.internal.LoadQueryJoinAndFetchProcessor - processing queryspace &lt;gen:0&gt;
21:22:36.030 [main] DEBUG org.hibernate.loader.plan.build.spi.LoadPlanTreePrinter - LoadPlan(entity=com.shoppingbackend.model.User)
    - Returns
       - EntityReturnImpl(entity=com.shoppingbackend.model.User, querySpaceUid=&lt;gen:0&gt;, path=com.shoppingbackend.model.User)
          - EntityAttributeFetchImpl(entity=com.shoppingbackend.model.Cart, querySpaceUid=&lt;gen:1&gt;, path=com.shoppingbackend.model.User.cart)
    - QuerySpaces
       - EntityQuerySpaceImpl(uid=&lt;gen:0&gt;, entity=com.shoppingbackend.model.User)
          - SQL table alias mapping - user0_
          - alias suffix - 0_
          - suffixed key columns - {id1_8_0_}

21:22:36.030 [main] DEBUG org.hibernate.loader.entity.plan.EntityLoader - Static select for entity com.shoppingbackend.model.User [UPGRADE_NOWAIT]: select user0_.id as id1_8_0_, user0_.contact_number as contact_2_8_0_, user0_.email as email3_8_0_, user0_.enabled as enabled4_8_0_, user0_.first_name as first_na5_8_0_, user0_.last_name as last_nam6_8_0_, user0_.password as password7_8_0_, user0_.role as role8_8_0_ from user_detail user0_ where user0_.id=? for update
21:22:36.030 [main] DEBUG org.hibernate.loader.plan.build.internal.spaces.QuerySpacesImpl - Adding QuerySpace : uid = &lt;gen:0&gt; -&gt; org.hibernate.loader.plan.build.internal.spaces.EntityQuerySpaceImpl@25da615a]
21:22:36.032 [main] DEBUG org.hibernate.persister.walking.spi.MetamodelGraphWalker - Visiting attribute path : contactNumber
21:22:36.032 [main] DEBUG org.hibernate.persister.walking.spi.MetamodelGraphWalker - Visiting attribute path : email
21:22:36.032 [main] DEBUG org.hibernate.persister.walking.spi.MetamodelGraphWalker - Visiting attribute path : enabled
21:22:36.033 [main] DEBUG org.hibernate.persister.walking.spi.MetamodelGraphWalker - Visiting attribute path : firstName
21:22:36.033 [main] DEBUG org.hibernate.persister.walking.spi.MetamodelGraphWalker - Visiting attribute path : lastName
21:22:36.033 [main] DEBUG org.hibernate.persister.walking.spi.MetamodelGraphWalker - Visiting attribute path : password
21:22:36.033 [main] DEBUG org.hibernate.persister.walking.spi.MetamodelGraphWalker - Visiting attribute path : role
21:22:36.033 [main] DEBUG org.hibernate.persister.walking.spi.MetamodelGraphWalker - Visiting attribute path : cart
21:22:36.034 [main] DEBUG org.hibernate.loader.plan.build.internal.spaces.QuerySpacesImpl - Adding QuerySpace : uid = &lt;gen:1&gt; -&gt; org.hibernate.loader.plan.build.internal.spaces.EntityQuerySpaceImpl@7ee3d262]
21:22:36.034 [main] DEBUG org.hibernate.loader.plan.build.internal.FetchStyleLoadPlanBuildingAssociationVisitationStrategy - Building LoadPlan...
21:22:36.035 [main] DEBUG org.hibernate.loader.plan.exec.internal.LoadQueryJoinAndFetchProcessor - processing queryspace &lt;gen:0&gt;
21:22:36.036 [main] DEBUG org.hibernate.loader.plan.build.spi.LoadPlanTreePrinter - LoadPlan(entity=com.shoppingbackend.model.User)
    - Returns
       - EntityReturnImpl(entity=com.shoppingbackend.model.User, querySpaceUid=&lt;gen:0&gt;, path=com.shoppingbackend.model.User)
          - EntityAttributeFetchImpl(entity=com.shoppingbackend.model.Cart, querySpaceUid=&lt;gen:1&gt;, path=com.shoppingbackend.model.User.cart)
    - QuerySpaces
       - EntityQuerySpaceImpl(uid=&lt;gen:0&gt;, entity=com.shoppingbackend.model.User)
          - SQL table alias mapping - user0_
          - alias suffix - 0_
          - suffixed key columns - {id1_8_0_}

21:22:36.036 [main] DEBUG org.hibernate.loader.entity.plan.EntityLoader - Static select for entity com.shoppingbackend.model.User [UPGRADE_SKIPLOCKED]: select user0_.id as id1_8_0_, user0_.contact_number as contact_2_8_0_, user0_.email as email3_8_0_, user0_.enabled as enabled4_8_0_, user0_.first_name as first_na5_8_0_, user0_.last_name as last_nam6_8_0_, user0_.password as password7_8_0_, user0_.role as role8_8_0_ from user_detail user0_ where user0_.id=? for update
21:22:36.037 [main] DEBUG org.hibernate.loader.plan.build.internal.spaces.QuerySpacesImpl - Adding QuerySpace : uid = &lt;gen:0&gt; -&gt; org.hibernate.loader.plan.build.internal.spaces.EntityQuerySpaceImpl@396e6d9]
21:22:36.037 [main] DEBUG org.hibernate.persister.walking.spi.MetamodelGraphWalker - Visiting attribute path : contactNumber
21:22:36.037 [main] DEBUG org.hibernate.persister.walking.spi.MetamodelGraphWalker - Visiting attribute path : email
21:22:36.037 [main] DEBUG org.hibernate.persister.walking.spi.MetamodelGraphWalker - Visiting attribute path : enabled
21:22:36.037 [main] DEBUG org.hibernate.persister.walking.spi.MetamodelGraphWalker - Visiting attribute path : firstName
21:22:36.038 [main] DEBUG org.hibernate.persister.walking.spi.MetamodelGraphWalker - Visiting attribute path : lastName
21:22:36.038 [main] DEBUG org.hibernate.persister.walking.spi.MetamodelGraphWalker - Visiting attribute path : password
21:22:36.038 [main] DEBUG org.hibernate.persister.walking.spi.MetamodelGraphWalker - Visiting attribute path : role
21:22:36.038 [main] DEBUG org.hibernate.persister.walking.spi.MetamodelGraphWalker - Visiting attribute path : cart
21:22:36.039 [main] DEBUG org.hibernate.loader.plan.build.internal.spaces.QuerySpacesImpl - Adding QuerySpace : uid = &lt;gen:1&gt; -&gt; org.hibernate.loader.plan.build.internal.spaces.EntityQuerySpaceImpl@5acc9fdf]
21:22:36.039 [main] DEBUG org.hibernate.loader.plan.build.internal.FetchStyleLoadPlanBuildingAssociationVisitationStrategy - Building LoadPlan...
21:22:36.040 [main] DEBUG org.hibernate.loader.plan.exec.internal.LoadQueryJoinAndFetchProcessor - processing queryspace &lt;gen:0&gt;
21:22:36.041 [main] DEBUG org.hibernate.loader.plan.build.spi.LoadPlanTreePrinter - LoadPlan(entity=com.shoppingbackend.model.User)
    - Returns
       - EntityReturnImpl(entity=com.shoppingbackend.model.User, querySpaceUid=&lt;gen:0&gt;, path=com.shoppingbackend.model.User)
          - EntityAttributeFetchImpl(entity=com.shoppingbackend.model.Cart, querySpaceUid=&lt;gen:1&gt;, path=com.shoppingbackend.model.User.cart)
    - QuerySpaces
       - EntityQuerySpaceImpl(uid=&lt;gen:0&gt;, entity=com.shoppingbackend.model.User)
          - SQL table alias mapping - user0_
          - alias suffix - 0_
          - suffixed key columns - {id1_8_0_}

21:22:36.042 [main] DEBUG org.hibernate.loader.entity.plan.EntityLoader - Static select for entity com.shoppingbackend.model.User [FORCE]: select user0_.id as id1_8_0_, user0_.contact_number as contact_2_8_0_, user0_.email as email3_8_0_, user0_.enabled as enabled4_8_0_, user0_.first_name as first_na5_8_0_, user0_.last_name as last_nam6_8_0_, user0_.password as password7_8_0_, user0_.role as role8_8_0_ from user_detail user0_ where user0_.id=? for update
21:22:36.042 [main] DEBUG org.hibernate.loader.plan.build.internal.spaces.QuerySpacesImpl - Adding QuerySpace : uid = &lt;gen:0&gt; -&gt; org.hibernate.loader.plan.build.internal.spaces.EntityQuerySpaceImpl@3a5c2626]
21:22:36.042 [main] DEBUG org.hibernate.persister.walking.spi.MetamodelGraphWalker - Visiting attribute path : contactNumber
21:22:36.043 [main] DEBUG org.hibernate.persister.walking.spi.MetamodelGraphWalker - Visiting attribute path : email
21:22:36.043 [main] DEBUG org.hibernate.persister.walking.spi.MetamodelGraphWalker - Visiting attribute path : enabled
21:22:36.043 [main] DEBUG org.hibernate.persister.walking.spi.MetamodelGraphWalker - Visiting attribute path : firstName
21:22:36.043 [main] DEBUG org.hibernate.persister.walking.spi.MetamodelGraphWalker - Visiting attribute path : lastName
21:22:36.043 [main] DEBUG org.hibernate.persister.walking.spi.MetamodelGraphWalker - Visiting attribute path : password
21:22:36.044 [main] DEBUG org.hibernate.persister.walking.spi.MetamodelGraphWalker - Visiting attribute path : role
21:22:36.044 [main] DEBUG org.hibernate.persister.walking.spi.MetamodelGraphWalker - Visiting attribute path : cart
21:22:36.044 [main] DEBUG org.hibernate.loader.plan.build.internal.spaces.QuerySpacesImpl - Adding QuerySpace : uid = &lt;gen:1&gt; -&gt; org.hibernate.loader.plan.build.internal.spaces.EntityQuerySpaceImpl@7fb33394]
21:22:36.044 [main] DEBUG org.hibernate.loader.plan.build.internal.FetchStyleLoadPlanBuildingAssociationVisitationStrategy - Building LoadPlan...
21:22:36.045 [main] DEBUG org.hibernate.loader.plan.exec.internal.LoadQueryJoinAndFetchProcessor - processing queryspace &lt;gen:0&gt;
21:22:36.045 [main] DEBUG org.hibernate.loader.plan.build.spi.LoadPlanTreePrinter - LoadPlan(entity=com.shoppingbackend.model.User)
    - Returns
       - EntityReturnImpl(entity=com.shoppingbackend.model.User, querySpaceUid=&lt;gen:0&gt;, path=com.shoppingbackend.model.User)
          - EntityAttributeFetchImpl(entity=com.shoppingbackend.model.Cart, querySpaceUid=&lt;gen:1&gt;, path=com.shoppingbackend.model.User.cart)
    - QuerySpaces
       - EntityQuerySpaceImpl(uid=&lt;gen:0&gt;, entity=com.shoppingbackend.model.User)
          - SQL table alias mapping - user0_
          - alias suffix - 0_
          - suffixed key columns - {id1_8_0_}

21:22:36.046 [main] DEBUG org.hibernate.loader.entity.plan.EntityLoader - Static select for entity com.shoppingbackend.model.User [PESSIMISTIC_READ]: select user0_.id as id1_8_0_, user0_.contact_number as contact_2_8_0_, user0_.email as email3_8_0_, user0_.enabled as enabled4_8_0_, user0_.first_name as first_na5_8_0_, user0_.last_name as last_nam6_8_0_, user0_.password as password7_8_0_, user0_.role as role8_8_0_ from user_detail user0_ where user0_.id=? for update
21:22:36.046 [main] DEBUG org.hibernate.loader.plan.build.internal.spaces.QuerySpacesImpl - Adding QuerySpace : uid = &lt;gen:0&gt; -&gt; org.hibernate.loader.plan.build.internal.spaces.EntityQuerySpaceImpl@41bf79da]
21:22:36.046 [main] DEBUG org.hibernate.persister.walking.spi.MetamodelGraphWalker - Visiting attribute path : contactNumber
21:22:36.047 [main] DEBUG org.hibernate.persister.walking.spi.MetamodelGraphWalker - Visiting attribute path : email
21:22:36.047 [main] DEBUG org.hibernate.persister.walking.spi.MetamodelGraphWalker - Visiting attribute path : enabled
21:22:36.047 [main] DEBUG org.hibernate.persister.walking.spi.MetamodelGraphWalker - Visiting attribute path : firstName
21:22:36.047 [main] DEBUG org.hibernate.persister.walking.spi.MetamodelGraphWalker - Visiting attribute path : lastName
21:22:36.049 [main] DEBUG org.hibernate.persister.walking.spi.MetamodelGraphWalker - Visiting attribute path : password
21:22:36.049 [main] DEBUG org.hibernate.persister.walking.spi.MetamodelGraphWalker - Visiting attribute path : role
21:22:36.049 [main] DEBUG org.hibernate.persister.walking.spi.MetamodelGraphWalker - Visiting attribute path : cart
21:22:36.050 [main] DEBUG org.hibernate.loader.plan.build.internal.spaces.QuerySpacesImpl - Adding QuerySpace : uid = &lt;gen:1&gt; -&gt; org.hibernate.loader.plan.build.internal.spaces.EntityQuerySpaceImpl@5176d279]
21:22:36.050 [main] DEBUG org.hibernate.loader.plan.build.internal.FetchStyleLoadPlanBuildingAssociationVisitationStrategy - Building LoadPlan...
21:22:36.050 [main] DEBUG org.hibernate.loader.plan.exec.internal.LoadQueryJoinAndFetchProcessor - processing queryspace &lt;gen:0&gt;
21:22:36.051 [main] DEBUG org.hibernate.loader.plan.build.spi.LoadPlanTreePrinter - LoadPlan(entity=com.shoppingbackend.model.User)
    - Returns
       - EntityReturnImpl(entity=com.shoppingbackend.model.User, querySpaceUid=&lt;gen:0&gt;, path=com.shoppingbackend.model.User)
          - EntityAttributeFetchImpl(entity=com.shoppingbackend.model.Cart, querySpaceUid=&lt;gen:1&gt;, path=com.shoppingbackend.model.User.cart)
    - QuerySpaces
       - EntityQuerySpaceImpl(uid=&lt;gen:0&gt;, entity=com.shoppingbackend.model.User)
          - SQL table alias mapping - user0_
          - alias suffix - 0_
          - suffixed key columns - {id1_8_0_}

21:22:36.051 [main] DEBUG org.hibernate.loader.entity.plan.EntityLoader - Static select for entity com.shoppingbackend.model.User [PESSIMISTIC_WRITE]: select user0_.id as id1_8_0_, user0_.contact_number as contact_2_8_0_, user0_.email as email3_8_0_, user0_.enabled as enabled4_8_0_, user0_.first_name as first_na5_8_0_, user0_.last_name as last_nam6_8_0_, user0_.password as password7_8_0_, user0_.role as role8_8_0_ from user_detail user0_ where user0_.id=? for update
21:22:36.052 [main] DEBUG org.hibernate.loader.plan.build.internal.spaces.QuerySpacesImpl - Adding QuerySpace : uid = &lt;gen:0&gt; -&gt; org.hibernate.loader.plan.build.internal.spaces.EntityQuerySpaceImpl@373f7450]
21:22:36.052 [main] DEBUG org.hibernate.persister.walking.spi.MetamodelGraphWalker - Visiting attribute path : contactNumber
21:22:36.052 [main] DEBUG org.hibernate.persister.walking.spi.MetamodelGraphWalker - Visiting attribute path : email
21:22:36.052 [main] DEBUG org.hibernate.persister.walking.spi.MetamodelGraphWalker - Visiting attribute path : enabled
21:22:36.053 [main] DEBUG org.hibernate.persister.walking.spi.MetamodelGraphWalker - Visiting attribute path : firstName
21:22:36.053 [main] DEBUG org.hibernate.persister.walking.spi.MetamodelGraphWalker - Visiting attribute path : lastName
21:22:36.053 [main] DEBUG org.hibernate.persister.walking.spi.MetamodelGraphWalker - Visiting attribute path : password
21:22:36.057 [main] DEBUG org.hibernate.persister.walking.spi.MetamodelGraphWalker - Visiting attribute path : role
21:22:36.057 [main] DEBUG org.hibernate.persister.walking.spi.MetamodelGraphWalker - Visiting attribute path : cart
21:22:36.066 [main] DEBUG org.hibernate.loader.plan.build.internal.spaces.QuerySpacesImpl - Adding QuerySpace : uid = &lt;gen:1&gt; -&gt; org.hibernate.loader.plan.build.internal.spaces.EntityQuerySpaceImpl@5ff90645]
21:22:36.067 [main] DEBUG org.hibernate.loader.plan.build.internal.FetchStyleLoadPlanBuildingAssociationVisitationStrategy - Building LoadPlan...
21:22:36.067 [main] DEBUG org.hibernate.loader.plan.exec.internal.LoadQueryJoinAndFetchProcessor - processing queryspace &lt;gen:0&gt;
21:22:36.068 [main] DEBUG org.hibernate.loader.plan.build.spi.LoadPlanTreePrinter - LoadPlan(entity=com.shoppingbackend.model.User)
    - Returns
       - EntityReturnImpl(entity=com.shoppingbackend.model.User, querySpaceUid=&lt;gen:0&gt;, path=com.shoppingbackend.model.User)
          - EntityAttributeFetchImpl(entity=com.shoppingbackend.model.Cart, querySpaceUid=&lt;gen:1&gt;, path=com.shoppingbackend.model.User.cart)
    - QuerySpaces
       - EntityQuerySpaceImpl(uid=&lt;gen:0&gt;, entity=com.shoppingbackend.model.User)
          - SQL table alias mapping - user0_
          - alias suffix - 0_
          - suffixed key columns - {id1_8_0_}

21:22:36.068 [main] DEBUG org.hibernate.loader.entity.plan.EntityLoader - Static select for entity com.shoppingbackend.model.User [PESSIMISTIC_FORCE_INCREMENT]: select user0_.id as id1_8_0_, user0_.contact_number as contact_2_8_0_, user0_.email as email3_8_0_, user0_.enabled as enabled4_8_0_, user0_.first_name as first_na5_8_0_, user0_.last_name as last_nam6_8_0_, user0_.password as password7_8_0_, user0_.role as role8_8_0_ from user_detail user0_ where user0_.id=? for update
21:22:36.069 [main] DEBUG org.hibernate.loader.plan.build.internal.spaces.QuerySpacesImpl - Adding QuerySpace : uid = &lt;gen:0&gt; -&gt; org.hibernate.loader.plan.build.internal.spaces.EntityQuerySpaceImpl@387bf2d9]
21:22:36.069 [main] DEBUG org.hibernate.persister.walking.spi.MetamodelGraphWalker - Visiting attribute path : contactNumber
21:22:36.070 [main] DEBUG org.hibernate.persister.walking.spi.MetamodelGraphWalker - Visiting attribute path : email
21:22:36.070 [main] DEBUG org.hibernate.persister.walking.spi.MetamodelGraphWalker - Visiting attribute path : enabled
21:22:36.070 [main] DEBUG org.hibernate.persister.walking.spi.MetamodelGraphWalker - Visiting attribute path : firstName
21:22:36.070 [main] DEBUG org.hibernate.persister.walking.spi.MetamodelGraphWalker - Visiting attribute path : lastName
21:22:36.071 [main] DEBUG org.hibernate.persister.walking.spi.MetamodelGraphWalker - Visiting attribute path : password
21:22:36.071 [main] DEBUG org.hibernate.persister.walking.spi.MetamodelGraphWalker - Visiting attribute path : role
21:22:36.071 [main] DEBUG org.hibernate.persister.walking.spi.MetamodelGraphWalker - Visiting attribute path : cart
21:22:36.071 [main] DEBUG org.hibernate.loader.plan.build.internal.spaces.QuerySpacesImpl - Adding QuerySpace : uid = &lt;gen:1&gt; -&gt; org.hibernate.loader.plan.build.internal.spaces.EntityQuerySpaceImpl@5c20aab9]
21:22:36.071 [main] DEBUG org.hibernate.loader.plan.build.internal.FetchStyleLoadPlanBuildingAssociationVisitationStrategy - Building LoadPlan...
21:22:36.073 [main] DEBUG org.hibernate.loader.plan.exec.internal.LoadQueryJoinAndFetchProcessor - processing queryspace &lt;gen:0&gt;
21:22:36.073 [main] DEBUG org.hibernate.loader.plan.build.spi.LoadPlanTreePrinter - LoadPlan(entity=com.shoppingbackend.model.User)
    - Returns
       - EntityReturnImpl(entity=com.shoppingbackend.model.User, querySpaceUid=&lt;gen:0&gt;, path=com.shoppingbackend.model.User)
          - EntityAttributeFetchImpl(entity=com.shoppingbackend.model.Cart, querySpaceUid=&lt;gen:1&gt;, path=com.shoppingbackend.model.User.cart)
    - QuerySpaces
       - EntityQuerySpaceImpl(uid=&lt;gen:0&gt;, entity=com.shoppingbackend.model.User)
          - SQL table alias mapping - user0_
          - alias suffix - 0_
          - suffixed key columns - {id1_8_0_}

21:22:36.074 [main] DEBUG org.hibernate.loader.entity.plan.EntityLoader - Static select for entity com.shoppingbackend.model.User [OPTIMISTIC]: select user0_.id as id1_8_0_, user0_.contact_number as contact_2_8_0_, user0_.email as email3_8_0_, user0_.enabled as enabled4_8_0_, user0_.first_name as first_na5_8_0_, user0_.last_name as last_nam6_8_0_, user0_.password as password7_8_0_, user0_.role as role8_8_0_ from user_detail user0_ where user0_.id=?
21:22:36.074 [main] DEBUG org.hibernate.loader.plan.build.internal.spaces.QuerySpacesImpl - Adding QuerySpace : uid = &lt;gen:0&gt; -&gt; org.hibernate.loader.plan.build.internal.spaces.EntityQuerySpaceImpl@4b7c4456]
21:22:36.074 [main] DEBUG org.hibernate.persister.walking.spi.MetamodelGraphWalker - Visiting attribute path : contactNumber
21:22:36.075 [main] DEBUG org.hibernate.persister.walking.spi.MetamodelGraphWalker - Visiting attribute path : email
21:22:36.075 [main] DEBUG org.hibernate.persister.walking.spi.MetamodelGraphWalker - Visiting attribute path : enabled
21:22:36.075 [main] DEBUG org.hibernate.persister.walking.spi.MetamodelGraphWalker - Visiting attribute path : firstName
21:22:36.075 [main] DEBUG org.hibernate.persister.walking.spi.MetamodelGraphWalker - Visiting attribute path : lastName
21:22:36.075 [main] DEBUG org.hibernate.persister.walking.spi.MetamodelGraphWalker - Visiting attribute path : password
21:22:36.076 [main] DEBUG org.hibernate.persister.walking.spi.MetamodelGraphWalker - Visiting attribute path : role
21:22:36.076 [main] DEBUG org.hibernate.persister.walking.spi.MetamodelGraphWalker - Visiting attribute path : cart
21:22:36.076 [main] DEBUG org.hibernate.loader.plan.build.internal.spaces.QuerySpacesImpl - Adding QuerySpace : uid = &lt;gen:1&gt; -&gt; org.hibernate.loader.plan.build.internal.spaces.EntityQuerySpaceImpl@c1fca2a]
21:22:36.076 [main] DEBUG org.hibernate.loader.plan.build.internal.FetchStyleLoadPlanBuildingAssociationVisitationStrategy - Building LoadPlan...
21:22:36.077 [main] DEBUG org.hibernate.loader.plan.exec.internal.LoadQueryJoinAndFetchProcessor - processing queryspace &lt;gen:0&gt;
21:22:36.077 [main] DEBUG org.hibernate.loader.plan.build.spi.LoadPlanTreePrinter - LoadPlan(entity=com.shoppingbackend.model.User)
    - Returns
       - EntityReturnImpl(entity=com.shoppingbackend.model.User, querySpaceUid=&lt;gen:0&gt;, path=com.shoppingbackend.model.User)
          - EntityAttributeFetchImpl(entity=com.shoppingbackend.model.Cart, querySpaceUid=&lt;gen:1&gt;, path=com.shoppingbackend.model.User.cart)
    - QuerySpaces
       - EntityQuerySpaceImpl(uid=&lt;gen:0&gt;, entity=com.shoppingbackend.model.User)
          - SQL table alias mapping - user0_
          - alias suffix - 0_
          - suffixed key columns - {id1_8_0_}

21:22:36.078 [main] DEBUG org.hibernate.loader.entity.plan.EntityLoader - Static select for entity com.shoppingbackend.model.User [OPTIMISTIC_FORCE_INCREMENT]: select user0_.id as id1_8_0_, user0_.contact_number as contact_2_8_0_, user0_.email as email3_8_0_, user0_.enabled as enabled4_8_0_, user0_.first_name as first_na5_8_0_, user0_.last_name as last_nam6_8_0_, user0_.password as password7_8_0_, user0_.role as role8_8_0_ from user_detail user0_ where user0_.id=?
21:22:36.079 [main] DEBUG org.hibernate.loader.Loader - Static select for action ACTION_MERGE on entity com.shoppingbackend.model.User: select user0_.id as id1_8_1_, user0_.contact_number as contact_2_8_1_, user0_.email as email3_8_1_, user0_.enabled as enabled4_8_1_, user0_.first_name as first_na5_8_1_, user0_.last_name as last_nam6_8_1_, user0_.password as password7_8_1_, user0_.role as role8_8_1_, cart1_.id as id1_1_0_, cart1_.cart_lines as cart_lin2_1_0_, cart1_.grand_total as grand_to3_1_0_, cart1_.user_id as user_id4_1_0_ from user_detail user0_ left outer join Cart cart1_ on user0_.id=cart1_.user_id where user0_.id=?
21:22:36.080 [main] DEBUG org.hibernate.loader.Loader - Static select for action ACTION_REFRESH on entity com.shoppingbackend.model.User: select user0_.id as id1_8_1_, user0_.contact_number as contact_2_8_1_, user0_.email as email3_8_1_, user0_.enabled as enabled4_8_1_, user0_.first_name as first_na5_8_1_, user0_.last_name as last_nam6_8_1_, user0_.password as password7_8_1_, user0_.role as role8_8_1_, cart1_.id as id1_1_0_, cart1_.cart_lines as cart_lin2_1_0_, cart1_.grand_total as grand_to3_1_0_, cart1_.user_id as user_id4_1_0_ from user_detail user0_ left outer join Cart cart1_ on user0_.id=cart1_.user_id where user0_.id=?
21:22:36.080 [main] DEBUG org.hibernate.persister.entity.AbstractEntityPersister - Static SQL for entity: com.shoppingbackend.model.Cart
21:22:36.080 [main] DEBUG org.hibernate.persister.entity.AbstractEntityPersister -  Version select: select id from Cart where id =?
21:22:36.080 [main] DEBUG org.hibernate.persister.entity.AbstractEntityPersister -  Snapshot select: select cart_.id, cart_.cart_lines as cart_lin2_1_, cart_.grand_total as grand_to3_1_, cart_.user_id as user_id4_1_ from Cart cart_ where cart_.id=?
21:22:36.080 [main] DEBUG org.hibernate.persister.entity.AbstractEntityPersister -  Insert 0: insert into Cart (cart_lines, grand_total, user_id, id) values (?, ?, ?, ?)
21:22:36.083 [main] DEBUG org.hibernate.persister.entity.AbstractEntityPersister -  Update 0: update Cart set cart_lines=?, grand_total=?, user_id=? where id=?
21:22:36.083 [main] DEBUG org.hibernate.persister.entity.AbstractEntityPersister -  Delete 0: delete from Cart where id=?
21:22:36.084 [main] DEBUG org.hibernate.persister.entity.AbstractEntityPersister -  Identity insert: insert into Cart (id, cart_lines, grand_total, user_id) values (null, ?, ?, ?)
21:22:36.084 [main] DEBUG org.hibernate.loader.plan.build.internal.spaces.QuerySpacesImpl - Adding QuerySpace : uid = &lt;gen:0&gt; -&gt; org.hibernate.loader.plan.build.internal.spaces.EntityQuerySpaceImpl@5533dc72]
21:22:36.084 [main] DEBUG org.hibernate.persister.walking.spi.MetamodelGraphWalker - Visiting attribute path : cartLines
21:22:36.084 [main] DEBUG org.hibernate.persister.walking.spi.MetamodelGraphWalker - Visiting attribute path : grandTotal
21:22:36.085 [main] DEBUG org.hibernate.persister.walking.spi.MetamodelGraphWalker - Visiting attribute path : user
21:22:36.085 [main] DEBUG org.hibernate.loader.plan.build.internal.spaces.QuerySpacesImpl - Adding QuerySpace : uid = &lt;gen:1&gt; -&gt; org.hibernate.loader.plan.build.internal.spaces.EntityQuerySpaceImpl@64fc097e]
21:22:36.085 [main] DEBUG org.hibernate.persister.walking.spi.MetamodelGraphWalker - Visiting attribute path : user.contactNumber
21:22:36.085 [main] DEBUG org.hibernate.persister.walking.spi.MetamodelGraphWalker - Visiting attribute path : user.email
21:22:36.086 [main] DEBUG org.hibernate.persister.walking.spi.MetamodelGraphWalker - Visiting attribute path : user.enabled
21:22:36.086 [main] DEBUG org.hibernate.persister.walking.spi.MetamodelGraphWalker - Visiting attribute path : user.firstName
21:22:36.086 [main] DEBUG org.hibernate.persister.walking.spi.MetamodelGraphWalker - Visiting attribute path : user.lastName
21:22:36.086 [main] DEBUG org.hibernate.persister.walking.spi.MetamodelGraphWalker - Visiting attribute path : user.password
21:22:36.086 [main] DEBUG org.hibernate.persister.walking.spi.MetamodelGraphWalker - Visiting attribute path : user.role
21:22:36.086 [main] DEBUG org.hibernate.persister.walking.spi.MetamodelGraphWalker - Visiting attribute path : user.cart
21:22:36.086 [main] DEBUG org.hibernate.persister.walking.spi.MetamodelGraphWalker - Property path deemed to be circular : user.cart
21:22:36.087 [main] DEBUG org.hibernate.loader.plan.build.internal.FetchStyleLoadPlanBuildingAssociationVisitationStrategy - Building LoadPlan...
21:22:36.087 [main] DEBUG org.hibernate.loader.plan.exec.internal.LoadQueryJoinAndFetchProcessor - processing queryspace &lt;gen:0&gt;
21:22:36.089 [main] DEBUG org.hibernate.loader.plan.build.spi.LoadPlanTreePrinter - LoadPlan(entity=com.shoppingbackend.model.Cart)
    - Returns
       - EntityReturnImpl(entity=com.shoppingbackend.model.Cart, querySpaceUid=&lt;gen:0&gt;, path=com.shoppingbackend.model.Cart)
          - EntityAttributeFetchImpl(entity=com.shoppingbackend.model.User, querySpaceUid=&lt;gen:1&gt;, path=com.shoppingbackend.model.Cart.user)
    - QuerySpaces
       - EntityQuerySpaceImpl(uid=&lt;gen:0&gt;, entity=com.shoppingbackend.model.Cart)
          - SQL table alias mapping - cart0_
          - alias suffix - 0_
          - suffixed key columns - {id1_1_0_}
          - JOIN (JoinDefinedByMetadata(user)) : &lt;gen:0&gt; -&gt; &lt;gen:1&gt;
             - EntityQuerySpaceImpl(uid=&lt;gen:1&gt;, entity=com.shoppingbackend.model.User)
                - SQL table alias mapping - user1_
                - alias suffix - 1_
                - suffixed key columns - {id1_8_1_}

21:22:36.089 [main] DEBUG org.hibernate.loader.entity.plan.EntityLoader - Static select for entity com.shoppingbackend.model.Cart [NONE]: select cart0_.id as id1_1_0_, cart0_.cart_lines as cart_lin2_1_0_, cart0_.grand_total as grand_to3_1_0_, cart0_.user_id as user_id4_1_0_, user1_.id as id1_8_1_, user1_.contact_number as contact_2_8_1_, user1_.email as email3_8_1_, user1_.enabled as enabled4_8_1_, user1_.first_name as first_na5_8_1_, user1_.last_name as last_nam6_8_1_, user1_.password as password7_8_1_, user1_.role as role8_8_1_ from Cart cart0_ left outer join user_detail user1_ on cart0_.user_id=user1_.id where cart0_.id=?
21:22:36.090 [main] DEBUG org.hibernate.loader.plan.build.internal.spaces.QuerySpacesImpl - Adding QuerySpace : uid = &lt;gen:0&gt; -&gt; org.hibernate.loader.plan.build.internal.spaces.EntityQuerySpaceImpl@5d5b5fa7]
21:22:36.090 [main] DEBUG org.hibernate.persister.walking.spi.MetamodelGraphWalker - Visiting attribute path : cartLines
21:22:36.090 [main] DEBUG org.hibernate.persister.walking.spi.MetamodelGraphWalker - Visiting attribute path : grandTotal
21:22:36.090 [main] DEBUG org.hibernate.persister.walking.spi.MetamodelGraphWalker - Visiting attribute path : user
21:22:36.091 [main] DEBUG org.hibernate.loader.plan.build.internal.spaces.QuerySpacesImpl - Adding QuerySpace : uid = &lt;gen:1&gt; -&gt; org.hibernate.loader.plan.build.internal.spaces.EntityQuerySpaceImpl@6107165]
21:22:36.091 [main] DEBUG org.hibernate.persister.walking.spi.MetamodelGraphWalker - Visiting attribute path : user.contactNumber
21:22:36.091 [main] DEBUG org.hibernate.persister.walking.spi.MetamodelGraphWalker - Visiting attribute path : user.email
21:22:36.091 [main] DEBUG org.hibernate.persister.walking.spi.MetamodelGraphWalker - Visiting attribute path : user.enabled
21:22:36.091 [main] DEBUG org.hibernate.persister.walking.spi.MetamodelGraphWalker - Visiting attribute path : user.firstName
21:22:36.091 [main] DEBUG org.hibernate.persister.walking.spi.MetamodelGraphWalker - Visiting attribute path : user.lastName
21:22:36.091 [main] DEBUG org.hibernate.persister.walking.spi.MetamodelGraphWalker - Visiting attribute path : user.password
21:22:36.091 [main] DEBUG org.hibernate.persister.walking.spi.MetamodelGraphWalker - Visiting attribute path : user.role
21:22:36.091 [main] DEBUG org.hibernate.persister.walking.spi.MetamodelGraphWalker - Visiting attribute path : user.cart
21:22:36.091 [main] DEBUG org.hibernate.persister.walking.spi.MetamodelGraphWalker - Property path deemed to be circular : user.cart
21:22:36.091 [main] DEBUG org.hibernate.loader.plan.build.internal.FetchStyleLoadPlanBuildingAssociationVisitationStrategy - Building LoadPlan...
21:22:36.092 [main] DEBUG org.hibernate.loader.plan.exec.internal.LoadQueryJoinAndFetchProcessor - processing queryspace &lt;gen:0&gt;
21:22:36.094 [main] DEBUG org.hibernate.loader.plan.build.spi.LoadPlanTreePrinter - LoadPlan(entity=com.shoppingbackend.model.Cart)
    - Returns
       - EntityReturnImpl(entity=com.shoppingbackend.model.Cart, querySpaceUid=&lt;gen:0&gt;, path=com.shoppingbackend.model.Cart)
          - EntityAttributeFetchImpl(entity=com.shoppingbackend.model.User, querySpaceUid=&lt;gen:1&gt;, path=com.shoppingbackend.model.Cart.user)
    - QuerySpaces
       - EntityQuerySpaceImpl(uid=&lt;gen:0&gt;, entity=com.shoppingbackend.model.Cart)
          - SQL table alias mapping - cart0_
          - alias suffix - 0_
          - suffixed key columns - {id1_1_0_}
          - JOIN (JoinDefinedByMetadata(user)) : &lt;gen:0&gt; -&gt; &lt;gen:1&gt;
             - EntityQuerySpaceImpl(uid=&lt;gen:1&gt;, entity=com.shoppingbackend.model.User)
                - SQL table alias mapping - user1_
                - alias suffix - 1_
                - suffixed key columns - {id1_8_1_}

21:22:36.095 [main] DEBUG org.hibernate.loader.entity.plan.EntityLoader - Static select for entity com.shoppingbackend.model.Cart [READ]: select cart0_.id as id1_1_0_, cart0_.cart_lines as cart_lin2_1_0_, cart0_.grand_total as grand_to3_1_0_, cart0_.user_id as user_id4_1_0_, user1_.id as id1_8_1_, user1_.contact_number as contact_2_8_1_, user1_.email as email3_8_1_, user1_.enabled as enabled4_8_1_, user1_.first_name as first_na5_8_1_, user1_.last_name as last_nam6_8_1_, user1_.password as password7_8_1_, user1_.role as role8_8_1_ from Cart cart0_ left outer join user_detail user1_ on cart0_.user_id=user1_.id where cart0_.id=?
21:22:36.095 [main] DEBUG org.hibernate.loader.plan.build.internal.spaces.QuerySpacesImpl - Adding QuerySpace : uid = &lt;gen:0&gt; -&gt; org.hibernate.loader.plan.build.internal.spaces.EntityQuerySpaceImpl@11ebb1b6]
21:22:36.095 [main] DEBUG org.hibernate.persister.walking.spi.MetamodelGraphWalker - Visiting attribute path : cartLines
21:22:36.095 [main] DEBUG org.hibernate.persister.walking.spi.MetamodelGraphWalker - Visiting attribute path : grandTotal
21:22:36.096 [main] DEBUG org.hibernate.persister.walking.spi.MetamodelGraphWalker - Visiting attribute path : user
21:22:36.096 [main] DEBUG org.hibernate.loader.plan.build.internal.spaces.QuerySpacesImpl - Adding QuerySpace : uid = &lt;gen:1&gt; -&gt; org.hibernate.loader.plan.build.internal.spaces.EntityQuerySpaceImpl@f3021cb]
21:22:36.096 [main] DEBUG org.hibernate.loader.plan.build.internal.FetchStyleLoadPlanBuildingAssociationVisitationStrategy - Building LoadPlan...
21:22:36.097 [main] DEBUG org.hibernate.loader.plan.exec.internal.LoadQueryJoinAndFetchProcessor - processing queryspace &lt;gen:0&gt;
21:22:36.099 [main] DEBUG org.hibernate.loader.plan.build.spi.LoadPlanTreePrinter - LoadPlan(entity=com.shoppingbackend.model.Cart)
    - Returns
       - EntityReturnImpl(entity=com.shoppingbackend.model.Cart, querySpaceUid=&lt;gen:0&gt;, path=com.shoppingbackend.model.Cart)
          - EntityAttributeFetchImpl(entity=com.shoppingbackend.model.User, querySpaceUid=&lt;gen:1&gt;, path=com.shoppingbackend.model.Cart.user)
    - QuerySpaces
       - EntityQuerySpaceImpl(uid=&lt;gen:0&gt;, entity=com.shoppingbackend.model.Cart)
          - SQL table alias mapping - cart0_
          - alias suffix - 0_
          - suffixed key columns - {id1_1_0_}

21:22:36.099 [main] DEBUG org.hibernate.loader.entity.plan.EntityLoader - Static select for entity com.shoppingbackend.model.Cart [UPGRADE]: select cart0_.id as id1_1_0_, cart0_.cart_lines as cart_lin2_1_0_, cart0_.grand_total as grand_to3_1_0_, cart0_.user_id as user_id4_1_0_ from Cart cart0_ where cart0_.id=? for update
21:22:36.100 [main] DEBUG org.hibernate.loader.plan.build.internal.spaces.QuerySpacesImpl - Adding QuerySpace : uid = &lt;gen:0&gt; -&gt; org.hibernate.loader.plan.build.internal.spaces.EntityQuerySpaceImpl@4aaae508]
21:22:36.100 [main] DEBUG org.hibernate.persister.walking.spi.MetamodelGraphWalker - Visiting attribute path : cartLines
21:22:36.100 [main] DEBUG org.hibernate.persister.walking.spi.MetamodelGraphWalker - Visiting attribute path : grandTotal
21:22:36.101 [main] DEBUG org.hibernate.persister.walking.spi.MetamodelGraphWalker - Visiting attribute path : user
21:22:36.101 [main] DEBUG org.hibernate.loader.plan.build.internal.spaces.QuerySpacesImpl - Adding QuerySpace : uid = &lt;gen:1&gt; -&gt; org.hibernate.loader.plan.build.internal.spaces.EntityQuerySpaceImpl@7bc6d27a]
21:22:36.101 [main] DEBUG org.hibernate.loader.plan.build.internal.FetchStyleLoadPlanBuildingAssociationVisitationStrategy - Building LoadPlan...
21:22:36.101 [main] DEBUG org.hibernate.loader.plan.exec.internal.LoadQueryJoinAndFetchProcessor - processing queryspace &lt;gen:0&gt;
21:22:36.102 [main] DEBUG org.hibernate.loader.plan.build.spi.LoadPlanTreePrinter - LoadPlan(entity=com.shoppingbackend.model.Cart)
    - Returns
       - EntityReturnImpl(entity=com.shoppingbackend.model.Cart, querySpaceUid=&lt;gen:0&gt;, path=com.shoppingbackend.model.Cart)
          - EntityAttributeFetchImpl(entity=com.shoppingbackend.model.User, querySpaceUid=&lt;gen:1&gt;, path=com.shoppingbackend.model.Cart.user)
    - QuerySpaces
       - EntityQuerySpaceImpl(uid=&lt;gen:0&gt;, entity=com.shoppingbackend.model.Cart)
          - SQL table alias mapping - cart0_
          - alias suffix - 0_
          - suffixed key columns - {id1_1_0_}

21:22:36.102 [main] DEBUG org.hibernate.loader.entity.plan.EntityLoader - Static select for entity com.shoppingbackend.model.Cart [UPGRADE_NOWAIT]: select cart0_.id as id1_1_0_, cart0_.cart_lines as cart_lin2_1_0_, cart0_.grand_total as grand_to3_1_0_, cart0_.user_id as user_id4_1_0_ from Cart cart0_ where cart0_.id=? for update
21:22:36.103 [main] DEBUG org.hibernate.loader.plan.build.internal.spaces.QuerySpacesImpl - Adding QuerySpace : uid = &lt;gen:0&gt; -&gt; org.hibernate.loader.plan.build.internal.spaces.EntityQuerySpaceImpl@75769ab0]
21:22:36.103 [main] DEBUG org.hibernate.persister.walking.spi.MetamodelGraphWalker - Visiting attribute path : cartLines
21:22:36.103 [main] DEBUG org.hibernate.persister.walking.spi.MetamodelGraphWalker - Visiting attribute path : grandTotal
21:22:36.103 [main] DEBUG org.hibernate.persister.walking.spi.MetamodelGraphWalker - Visiting attribute path : user
21:22:36.104 [main] DEBUG org.hibernate.loader.plan.build.internal.spaces.QuerySpacesImpl - Adding QuerySpace : uid = &lt;gen:1&gt; -&gt; org.hibernate.loader.plan.build.internal.spaces.EntityQuerySpaceImpl@6ab4ba9f]
21:22:36.104 [main] DEBUG org.hibernate.loader.plan.build.internal.FetchStyleLoadPlanBuildingAssociationVisitationStrategy - Building LoadPlan...
21:22:36.104 [main] DEBUG org.hibernate.loader.plan.exec.internal.LoadQueryJoinAndFetchProcessor - processing queryspace &lt;gen:0&gt;
21:22:36.105 [main] DEBUG org.hibernate.loader.plan.build.spi.LoadPlanTreePrinter - LoadPlan(entity=com.shoppingbackend.model.Cart)
    - Returns
       - EntityReturnImpl(entity=com.shoppingbackend.model.Cart, querySpaceUid=&lt;gen:0&gt;, path=com.shoppingbackend.model.Cart)
          - EntityAttributeFetchImpl(entity=com.shoppingbackend.model.User, querySpaceUid=&lt;gen:1&gt;, path=com.shoppingbackend.model.Cart.user)
    - QuerySpaces
       - EntityQuerySpaceImpl(uid=&lt;gen:0&gt;, entity=com.shoppingbackend.model.Cart)
          - SQL table alias mapping - cart0_
          - alias suffix - 0_
          - suffixed key columns - {id1_1_0_}

21:22:36.105 [main] DEBUG org.hibernate.loader.entity.plan.EntityLoader - Static select for entity com.shoppingbackend.model.Cart [UPGRADE_SKIPLOCKED]: select cart0_.id as id1_1_0_, cart0_.cart_lines as cart_lin2_1_0_, cart0_.grand_total as grand_to3_1_0_, cart0_.user_id as user_id4_1_0_ from Cart cart0_ where cart0_.id=? for update
21:22:36.106 [main] DEBUG org.hibernate.loader.plan.build.internal.spaces.QuerySpacesImpl - Adding QuerySpace : uid = &lt;gen:0&gt; -&gt; org.hibernate.loader.plan.build.internal.spaces.EntityQuerySpaceImpl@27ace0b1]
21:22:36.106 [main] DEBUG org.hibernate.persister.walking.spi.MetamodelGraphWalker - Visiting attribute path : cartLines
21:22:36.106 [main] DEBUG org.hibernate.persister.walking.spi.MetamodelGraphWalker - Visiting attribute path : grandTotal
21:22:36.106 [main] DEBUG org.hibernate.persister.walking.spi.MetamodelGraphWalker - Visiting attribute path : user
21:22:36.107 [main] DEBUG org.hibernate.loader.plan.build.internal.spaces.QuerySpacesImpl - Adding QuerySpace : uid = &lt;gen:1&gt; -&gt; org.hibernate.loader.plan.build.internal.spaces.EntityQuerySpaceImpl@431f1eaf]
21:22:36.107 [main] DEBUG org.hibernate.loader.plan.build.internal.FetchStyleLoadPlanBuildingAssociationVisitationStrategy - Building LoadPlan...
21:22:36.107 [main] DEBUG org.hibernate.loader.plan.exec.internal.LoadQueryJoinAndFetchProcessor - processing queryspace &lt;gen:0&gt;
21:22:36.108 [main] DEBUG org.hibernate.loader.plan.build.spi.LoadPlanTreePrinter - LoadPlan(entity=com.shoppingbackend.model.Cart)
    - Returns
       - EntityReturnImpl(entity=com.shoppingbackend.model.Cart, querySpaceUid=&lt;gen:0&gt;, path=com.shoppingbackend.model.Cart)
          - EntityAttributeFetchImpl(entity=com.shoppingbackend.model.User, querySpaceUid=&lt;gen:1&gt;, path=com.shoppingbackend.model.Cart.user)
    - QuerySpaces
       - EntityQuerySpaceImpl(uid=&lt;gen:0&gt;, entity=com.shoppingbackend.model.Cart)
          - SQL table alias mapping - cart0_
          - alias suffix - 0_
          - suffixed key columns - {id1_1_0_}

21:22:36.108 [main] DEBUG org.hibernate.loader.entity.plan.EntityLoader - Static select for entity com.shoppingbackend.model.Cart [FORCE]: select cart0_.id as id1_1_0_, cart0_.cart_lines as cart_lin2_1_0_, cart0_.grand_total as grand_to3_1_0_, cart0_.user_id as user_id4_1_0_ from Cart cart0_ where cart0_.id=? for update
21:22:36.108 [main] DEBUG org.hibernate.loader.plan.build.internal.spaces.QuerySpacesImpl - Adding QuerySpace : uid = &lt;gen:0&gt; -&gt; org.hibernate.loader.plan.build.internal.spaces.EntityQuerySpaceImpl@cb03411]
21:22:36.109 [main] DEBUG org.hibernate.persister.walking.spi.MetamodelGraphWalker - Visiting attribute path : cartLines
21:22:36.109 [main] DEBUG org.hibernate.persister.walking.spi.MetamodelGraphWalker - Visiting attribute path : grandTotal
21:22:36.109 [main] DEBUG org.hibernate.persister.walking.spi.MetamodelGraphWalker - Visiting attribute path : user
21:22:36.109 [main] DEBUG org.hibernate.loader.plan.build.internal.spaces.QuerySpacesImpl - Adding QuerySpace : uid = &lt;gen:1&gt; -&gt; org.hibernate.loader.plan.build.internal.spaces.EntityQuerySpaceImpl@58ec7116]
21:22:36.110 [main] DEBUG org.hibernate.loader.plan.build.internal.FetchStyleLoadPlanBuildingAssociationVisitationStrategy - Building LoadPlan...
21:22:36.110 [main] DEBUG org.hibernate.loader.plan.exec.internal.LoadQueryJoinAndFetchProcessor - processing queryspace &lt;gen:0&gt;
21:22:36.110 [main] DEBUG org.hibernate.loader.plan.build.spi.LoadPlanTreePrinter - LoadPlan(entity=com.shoppingbackend.model.Cart)
    - Returns
       - EntityReturnImpl(entity=com.shoppingbackend.model.Cart, querySpaceUid=&lt;gen:0&gt;, path=com.shoppingbackend.model.Cart)
          - EntityAttributeFetchImpl(entity=com.shoppingbackend.model.User, querySpaceUid=&lt;gen:1&gt;, path=com.shoppingbackend.model.Cart.user)
    - QuerySpaces
       - EntityQuerySpaceImpl(uid=&lt;gen:0&gt;, entity=com.shoppingbackend.model.Cart)
          - SQL table alias mapping - cart0_
          - alias suffix - 0_
          - suffixed key columns - {id1_1_0_}

21:22:36.111 [main] DEBUG org.hibernate.loader.entity.plan.EntityLoader - Static select for entity com.shoppingbackend.model.Cart [PESSIMISTIC_READ]: select cart0_.id as id1_1_0_, cart0_.cart_lines as cart_lin2_1_0_, cart0_.grand_total as grand_to3_1_0_, cart0_.user_id as user_id4_1_0_ from Cart cart0_ where cart0_.id=? for update
21:22:36.111 [main] DEBUG org.hibernate.loader.plan.build.internal.spaces.QuerySpacesImpl - Adding QuerySpace : uid = &lt;gen:0&gt; -&gt; org.hibernate.loader.plan.build.internal.spaces.EntityQuerySpaceImpl@63bde6c2]
21:22:36.111 [main] DEBUG org.hibernate.persister.walking.spi.MetamodelGraphWalker - Visiting attribute path : cartLines
21:22:36.112 [main] DEBUG org.hibernate.persister.walking.spi.MetamodelGraphWalker - Visiting attribute path : grandTotal
21:22:36.112 [main] DEBUG org.hibernate.persister.walking.spi.MetamodelGraphWalker - Visiting attribute path : user
21:22:36.112 [main] DEBUG org.hibernate.loader.plan.build.internal.spaces.QuerySpacesImpl - Adding QuerySpace : uid = &lt;gen:1&gt; -&gt; org.hibernate.loader.plan.build.internal.spaces.EntityQuerySpaceImpl@6dd82486]
21:22:36.112 [main] DEBUG org.hibernate.loader.plan.build.internal.FetchStyleLoadPlanBuildingAssociationVisitationStrategy - Building LoadPlan...
21:22:36.113 [main] DEBUG org.hibernate.loader.plan.exec.internal.LoadQueryJoinAndFetchProcessor - processing queryspace &lt;gen:0&gt;
21:22:36.113 [main] DEBUG org.hibernate.loader.plan.build.spi.LoadPlanTreePrinter - LoadPlan(entity=com.shoppingbackend.model.Cart)
    - Returns
       - EntityReturnImpl(entity=com.shoppingbackend.model.Cart, querySpaceUid=&lt;gen:0&gt;, path=com.shoppingbackend.model.Cart)
          - EntityAttributeFetchImpl(entity=com.shoppingbackend.model.User, querySpaceUid=&lt;gen:1&gt;, path=com.shoppingbackend.model.Cart.user)
    - QuerySpaces
       - EntityQuerySpaceImpl(uid=&lt;gen:0&gt;, entity=com.shoppingbackend.model.Cart)
          - SQL table alias mapping - cart0_
          - alias suffix - 0_
          - suffixed key columns - {id1_1_0_}

21:22:36.114 [main] DEBUG org.hibernate.loader.entity.plan.EntityLoader - Static select for entity com.shoppingbackend.model.Cart [PESSIMISTIC_WRITE]: select cart0_.id as id1_1_0_, cart0_.cart_lines as cart_lin2_1_0_, cart0_.grand_total as grand_to3_1_0_, cart0_.user_id as user_id4_1_0_ from Cart cart0_ where cart0_.id=? for update
21:22:36.115 [main] DEBUG org.hibernate.loader.plan.build.internal.spaces.QuerySpacesImpl - Adding QuerySpace : uid = &lt;gen:0&gt; -&gt; org.hibernate.loader.plan.build.internal.spaces.EntityQuerySpaceImpl@56078cea]
21:22:36.115 [main] DEBUG org.hibernate.persister.walking.spi.MetamodelGraphWalker - Visiting attribute path : cartLines
21:22:36.115 [main] DEBUG org.hibernate.persister.walking.spi.MetamodelGraphWalker - Visiting attribute path : grandTotal
21:22:36.115 [main] DEBUG org.hibernate.persister.walking.spi.MetamodelGraphWalker - Visiting attribute path : user
21:22:36.115 [main] DEBUG org.hibernate.loader.plan.build.internal.spaces.QuerySpacesImpl - Adding QuerySpace : uid = &lt;gen:1&gt; -&gt; org.hibernate.loader.plan.build.internal.spaces.EntityQuerySpaceImpl@36fcf6c0]
21:22:36.115 [main] DEBUG org.hibernate.loader.plan.build.internal.FetchStyleLoadPlanBuildingAssociationVisitationStrategy - Building LoadPlan...
21:22:36.116 [main] DEBUG org.hibernate.loader.plan.exec.internal.LoadQueryJoinAndFetchProcessor - processing queryspace &lt;gen:0&gt;
21:22:36.117 [main] DEBUG org.hibernate.loader.plan.build.spi.LoadPlanTreePrinter - LoadPlan(entity=com.shoppingbackend.model.Cart)
    - Returns
       - EntityReturnImpl(entity=com.shoppingbackend.model.Cart, querySpaceUid=&lt;gen:0&gt;, path=com.shoppingbackend.model.Cart)
          - EntityAttributeFetchImpl(entity=com.shoppingbackend.model.User, querySpaceUid=&lt;gen:1&gt;, path=com.shoppingbackend.model.Cart.user)
    - QuerySpaces
       - EntityQuerySpaceImpl(uid=&lt;gen:0&gt;, entity=com.shoppingbackend.model.Cart)
          - SQL table alias mapping - cart0_
          - alias suffix - 0_
          - suffixed key columns - {id1_1_0_}

21:22:36.118 [main] DEBUG org.hibernate.loader.entity.plan.EntityLoader - Static select for entity com.shoppingbackend.model.Cart [PESSIMISTIC_FORCE_INCREMENT]: select cart0_.id as id1_1_0_, cart0_.cart_lines as cart_lin2_1_0_, cart0_.grand_total as grand_to3_1_0_, cart0_.user_id as user_id4_1_0_ from Cart cart0_ where cart0_.id=? for update
21:22:36.118 [main] DEBUG org.hibernate.loader.plan.build.internal.spaces.QuerySpacesImpl - Adding QuerySpace : uid = &lt;gen:0&gt; -&gt; org.hibernate.loader.plan.build.internal.spaces.EntityQuerySpaceImpl@1aac188d]
21:22:36.118 [main] DEBUG org.hibernate.persister.walking.spi.MetamodelGraphWalker - Visiting attribute path : cartLines
21:22:36.118 [main] DEBUG org.hibernate.persister.walking.spi.MetamodelGraphWalker - Visiting attribute path : grandTotal
21:22:36.119 [main] DEBUG org.hibernate.persister.walking.spi.MetamodelGraphWalker - Visiting attribute path : user
21:22:36.119 [main] DEBUG org.hibernate.loader.plan.build.internal.spaces.QuerySpacesImpl - Adding QuerySpace : uid = &lt;gen:1&gt; -&gt; org.hibernate.loader.plan.build.internal.spaces.EntityQuerySpaceImpl@2d23faef]
21:22:36.119 [main] DEBUG org.hibernate.loader.plan.build.internal.FetchStyleLoadPlanBuildingAssociationVisitationStrategy - Building LoadPlan...
21:22:36.119 [main] DEBUG org.hibernate.loader.plan.exec.internal.LoadQueryJoinAndFetchProcessor - processing queryspace &lt;gen:0&gt;
21:22:36.120 [main] DEBUG org.hibernate.loader.plan.build.spi.LoadPlanTreePrinter - LoadPlan(entity=com.shoppingbackend.model.Cart)
    - Returns
       - EntityReturnImpl(entity=com.shoppingbackend.model.Cart, querySpaceUid=&lt;gen:0&gt;, path=com.shoppingbackend.model.Cart)
          - EntityAttributeFetchImpl(entity=com.shoppingbackend.model.User, querySpaceUid=&lt;gen:1&gt;, path=com.shoppingbackend.model.Cart.user)
    - QuerySpaces
       - EntityQuerySpaceImpl(uid=&lt;gen:0&gt;, entity=com.shoppingbackend.model.Cart)
          - SQL table alias mapping - cart0_
          - alias suffix - 0_
          - suffixed key columns - {id1_1_0_}

21:22:36.120 [main] DEBUG org.hibernate.loader.entity.plan.EntityLoader - Static select for entity com.shoppingbackend.model.Cart [OPTIMISTIC]: select cart0_.id as id1_1_0_, cart0_.cart_lines as cart_lin2_1_0_, cart0_.grand_total as grand_to3_1_0_, cart0_.user_id as user_id4_1_0_ from Cart cart0_ where cart0_.id=?
21:22:36.120 [main] DEBUG org.hibernate.loader.plan.build.internal.spaces.QuerySpacesImpl - Adding QuerySpace : uid = &lt;gen:0&gt; -&gt; org.hibernate.loader.plan.build.internal.spaces.EntityQuerySpaceImpl@7cb8437d]
21:22:36.121 [main] DEBUG org.hibernate.persister.walking.spi.MetamodelGraphWalker - Visiting attribute path : cartLines
21:22:36.121 [main] DEBUG org.hibernate.persister.walking.spi.MetamodelGraphWalker - Visiting attribute path : grandTotal
21:22:36.121 [main] DEBUG org.hibernate.persister.walking.spi.MetamodelGraphWalker - Visiting attribute path : user
21:22:36.121 [main] DEBUG org.hibernate.loader.plan.build.internal.spaces.QuerySpacesImpl - Adding QuerySpace : uid = &lt;gen:1&gt; -&gt; org.hibernate.loader.plan.build.internal.spaces.EntityQuerySpaceImpl@43f61afb]
21:22:36.122 [main] DEBUG org.hibernate.loader.plan.build.internal.FetchStyleLoadPlanBuildingAssociationVisitationStrategy - Building LoadPlan...
21:22:36.122 [main] DEBUG org.hibernate.loader.plan.exec.internal.LoadQueryJoinAndFetchProcessor - processing queryspace &lt;gen:0&gt;
21:22:36.122 [main] DEBUG org.hibernate.loader.plan.build.spi.LoadPlanTreePrinter - LoadPlan(entity=com.shoppingbackend.model.Cart)
    - Returns
       - EntityReturnImpl(entity=com.shoppingbackend.model.Cart, querySpaceUid=&lt;gen:0&gt;, path=com.shoppingbackend.model.Cart)
          - EntityAttributeFetchImpl(entity=com.shoppingbackend.model.User, querySpaceUid=&lt;gen:1&gt;, path=com.shoppingbackend.model.Cart.user)
    - QuerySpaces
       - EntityQuerySpaceImpl(uid=&lt;gen:0&gt;, entity=com.shoppingbackend.model.Cart)
          - SQL table alias mapping - cart0_
          - alias suffix - 0_
          - suffixed key columns - {id1_1_0_}

21:22:36.123 [main] DEBUG org.hibernate.loader.entity.plan.EntityLoader - Static select for entity com.shoppingbackend.model.Cart [OPTIMISTIC_FORCE_INCREMENT]: select cart0_.id as id1_1_0_, cart0_.cart_lines as cart_lin2_1_0_, cart0_.grand_total as grand_to3_1_0_, cart0_.user_id as user_id4_1_0_ from Cart cart0_ where cart0_.id=?
21:22:36.123 [main] DEBUG org.hibernate.loader.Loader - Static select for action ACTION_MERGE on entity com.shoppingbackend.model.Cart: select cart0_.id as id1_1_0_, cart0_.cart_lines as cart_lin2_1_0_, cart0_.grand_total as grand_to3_1_0_, cart0_.user_id as user_id4_1_0_ from Cart cart0_ where cart0_.id=?
21:22:36.124 [main] DEBUG org.hibernate.loader.Loader - Static select for action ACTION_REFRESH on entity com.shoppingbackend.model.Cart: select cart0_.id as id1_1_0_, cart0_.cart_lines as cart_lin2_1_0_, cart0_.grand_total as grand_to3_1_0_, cart0_.user_id as user_id4_1_0_ from Cart cart0_ where cart0_.id=?
21:22:36.124 [main] DEBUG org.hibernate.loader.Loader - Static select for entity com.shoppingbackend.model.Cart [NONE]: select cart0_.id as id1_1_1_, cart0_.cart_lines as cart_lin2_1_1_, cart0_.grand_total as grand_to3_1_1_, cart0_.user_id as user_id4_1_1_, user1_.id as id1_8_0_, user1_.contact_number as contact_2_8_0_, user1_.email as email3_8_0_, user1_.enabled as enabled4_8_0_, user1_.first_name as first_na5_8_0_, user1_.last_name as last_nam6_8_0_, user1_.password as password7_8_0_, user1_.role as role8_8_0_ from Cart cart0_ left outer join user_detail user1_ on cart0_.user_id=user1_.id where cart0_.user_id=?
21:22:36.125 [main] DEBUG org.hibernate.persister.entity.AbstractEntityPersister - Static SQL for entity: com.shoppingbackend.model.Category
21:22:36.125 [main] DEBUG org.hibernate.persister.entity.AbstractEntityPersister -  Version select: select id from Category where id =?
21:22:36.125 [main] DEBUG org.hibernate.persister.entity.AbstractEntityPersister -  Snapshot select: select category_.id, category_.is_active as is_activ2_3_, category_.description as descript3_3_, category_.name as name4_3_ from Category category_ where category_.id=?
21:22:36.125 [main] DEBUG org.hibernate.persister.entity.AbstractEntityPersister -  Insert 0: insert into Category (is_active, description, name, id) values (?, ?, ?, ?)
21:22:36.127 [main] DEBUG org.hibernate.persister.entity.AbstractEntityPersister -  Update 0: update Category set is_active=?, description=?, name=? where id=?
21:22:36.128 [main] DEBUG org.hibernate.persister.entity.AbstractEntityPersister -  Delete 0: delete from Category where id=?
21:22:36.128 [main] DEBUG org.hibernate.persister.entity.AbstractEntityPersister -  Identity insert: insert into Category (id, is_active, description, name) values (null, ?, ?, ?)
21:22:36.128 [main] DEBUG org.hibernate.loader.plan.build.internal.spaces.QuerySpacesImpl - Adding QuerySpace : uid = &lt;gen:0&gt; -&gt; org.hibernate.loader.plan.build.internal.spaces.EntityQuerySpaceImpl@713064e8]
21:22:36.136 [main] DEBUG org.hibernate.persister.walking.spi.MetamodelGraphWalker - Visiting attribute path : active
21:22:36.137 [main] DEBUG org.hibernate.persister.walking.spi.MetamodelGraphWalker - Visiting attribute path : description
21:22:36.137 [main] DEBUG org.hibernate.persister.walking.spi.MetamodelGraphWalker - Visiting attribute path : name
21:22:36.137 [main] DEBUG org.hibernate.loader.plan.build.internal.FetchStyleLoadPlanBuildingAssociationVisitationStrategy - Building LoadPlan...
21:22:36.138 [main] DEBUG org.hibernate.loader.plan.exec.internal.LoadQueryJoinAndFetchProcessor - processing queryspace &lt;gen:0&gt;
21:22:36.138 [main] DEBUG org.hibernate.loader.plan.build.spi.LoadPlanTreePrinter - LoadPlan(entity=com.shoppingbackend.model.Category)
    - Returns
       - EntityReturnImpl(entity=com.shoppingbackend.model.Category, querySpaceUid=&lt;gen:0&gt;, path=com.shoppingbackend.model.Category)
    - QuerySpaces
       - EntityQuerySpaceImpl(uid=&lt;gen:0&gt;, entity=com.shoppingbackend.model.Category)
          - SQL table alias mapping - category0_
          - alias suffix - 0_
          - suffixed key columns - {id1_3_0_}

21:22:36.138 [main] DEBUG org.hibernate.loader.entity.plan.EntityLoader - Static select for entity com.shoppingbackend.model.Category [NONE]: select category0_.id as id1_3_0_, category0_.is_active as is_activ2_3_0_, category0_.description as descript3_3_0_, category0_.name as name4_3_0_ from Category category0_ where category0_.id=?
21:22:36.139 [main] DEBUG org.hibernate.loader.plan.build.internal.spaces.QuerySpacesImpl - Adding QuerySpace : uid = &lt;gen:0&gt; -&gt; org.hibernate.loader.plan.build.internal.spaces.EntityQuerySpaceImpl@1bf39d06]
21:22:36.139 [main] DEBUG org.hibernate.persister.walking.spi.MetamodelGraphWalker - Visiting attribute path : active
21:22:36.139 [main] DEBUG org.hibernate.persister.walking.spi.MetamodelGraphWalker - Visiting attribute path : description
21:22:36.139 [main] DEBUG org.hibernate.persister.walking.spi.MetamodelGraphWalker - Visiting attribute path : name
21:22:36.140 [main] DEBUG org.hibernate.loader.plan.build.internal.FetchStyleLoadPlanBuildingAssociationVisitationStrategy - Building LoadPlan...
21:22:36.140 [main] DEBUG org.hibernate.loader.plan.exec.internal.LoadQueryJoinAndFetchProcessor - processing queryspace &lt;gen:0&gt;
21:22:36.141 [main] DEBUG org.hibernate.loader.plan.build.spi.LoadPlanTreePrinter - LoadPlan(entity=com.shoppingbackend.model.Category)
    - Returns
       - EntityReturnImpl(entity=com.shoppingbackend.model.Category, querySpaceUid=&lt;gen:0&gt;, path=com.shoppingbackend.model.Category)
    - QuerySpaces
       - EntityQuerySpaceImpl(uid=&lt;gen:0&gt;, entity=com.shoppingbackend.model.Category)
          - SQL table alias mapping - category0_
          - alias suffix - 0_
          - suffixed key columns - {id1_3_0_}

21:22:36.141 [main] DEBUG org.hibernate.loader.entity.plan.EntityLoader - Static select for entity com.shoppingbackend.model.Category [READ]: select category0_.id as id1_3_0_, category0_.is_active as is_activ2_3_0_, category0_.description as descript3_3_0_, category0_.name as name4_3_0_ from Category category0_ where category0_.id=?
21:22:36.142 [main] DEBUG org.hibernate.loader.plan.build.internal.spaces.QuerySpacesImpl - Adding QuerySpace : uid = &lt;gen:0&gt; -&gt; org.hibernate.loader.plan.build.internal.spaces.EntityQuerySpaceImpl@1ac45389]
21:22:36.142 [main] DEBUG org.hibernate.persister.walking.spi.MetamodelGraphWalker - Visiting attribute path : active
21:22:36.142 [main] DEBUG org.hibernate.persister.walking.spi.MetamodelGraphWalker - Visiting attribute path : description
21:22:36.142 [main] DEBUG org.hibernate.persister.walking.spi.MetamodelGraphWalker - Visiting attribute path : name
21:22:36.143 [main] DEBUG org.hibernate.loader.plan.build.internal.FetchStyleLoadPlanBuildingAssociationVisitationStrategy - Building LoadPlan...
21:22:36.143 [main] DEBUG org.hibernate.loader.plan.exec.internal.LoadQueryJoinAndFetchProcessor - processing queryspace &lt;gen:0&gt;
21:22:36.144 [main] DEBUG org.hibernate.loader.plan.build.spi.LoadPlanTreePrinter - LoadPlan(entity=com.shoppingbackend.model.Category)
    - Returns
       - EntityReturnImpl(entity=com.shoppingbackend.model.Category, querySpaceUid=&lt;gen:0&gt;, path=com.shoppingbackend.model.Category)
    - QuerySpaces
       - EntityQuerySpaceImpl(uid=&lt;gen:0&gt;, entity=com.shoppingbackend.model.Category)
          - SQL table alias mapping - category0_
          - alias suffix - 0_
          - suffixed key columns - {id1_3_0_}

21:22:36.144 [main] DEBUG org.hibernate.loader.entity.plan.EntityLoader - Static select for entity com.shoppingbackend.model.Category [UPGRADE]: select category0_.id as id1_3_0_, category0_.is_active as is_activ2_3_0_, category0_.description as descript3_3_0_, category0_.name as name4_3_0_ from Category category0_ where category0_.id=? for update
21:22:36.144 [main] DEBUG org.hibernate.loader.plan.build.internal.spaces.QuerySpacesImpl - Adding QuerySpace : uid = &lt;gen:0&gt; -&gt; org.hibernate.loader.plan.build.internal.spaces.EntityQuerySpaceImpl@39c1fe0b]
21:22:36.144 [main] DEBUG org.hibernate.persister.walking.spi.MetamodelGraphWalker - Visiting attribute path : active
21:22:36.145 [main] DEBUG org.hibernate.persister.walking.spi.MetamodelGraphWalker - Visiting attribute path : description
21:22:36.145 [main] DEBUG org.hibernate.persister.walking.spi.MetamodelGraphWalker - Visiting attribute path : name
21:22:36.145 [main] DEBUG org.hibernate.loader.plan.build.internal.FetchStyleLoadPlanBuildingAssociationVisitationStrategy - Building LoadPlan...
21:22:36.146 [main] DEBUG org.hibernate.loader.plan.exec.internal.LoadQueryJoinAndFetchProcessor - processing queryspace &lt;gen:0&gt;
21:22:36.146 [main] DEBUG org.hibernate.loader.plan.build.spi.LoadPlanTreePrinter - LoadPlan(entity=com.shoppingbackend.model.Category)
    - Returns
       - EntityReturnImpl(entity=com.shoppingbackend.model.Category, querySpaceUid=&lt;gen:0&gt;, path=com.shoppingbackend.model.Category)
    - QuerySpaces
       - EntityQuerySpaceImpl(uid=&lt;gen:0&gt;, entity=com.shoppingbackend.model.Category)
          - SQL table alias mapping - category0_
          - alias suffix - 0_
          - suffixed key columns - {id1_3_0_}

21:22:36.146 [main] DEBUG org.hibernate.loader.entity.plan.EntityLoader - Static select for entity com.shoppingbackend.model.Category [UPGRADE_NOWAIT]: select category0_.id as id1_3_0_, category0_.is_active as is_activ2_3_0_, category0_.description as descript3_3_0_, category0_.name as name4_3_0_ from Category category0_ where category0_.id=? for update
21:22:36.147 [main] DEBUG org.hibernate.loader.plan.build.internal.spaces.QuerySpacesImpl - Adding QuerySpace : uid = &lt;gen:0&gt; -&gt; org.hibernate.loader.plan.build.internal.spaces.EntityQuerySpaceImpl@62891fc8]
21:22:36.147 [main] DEBUG org.hibernate.persister.walking.spi.MetamodelGraphWalker - Visiting attribute path : active
21:22:36.147 [main] DEBUG org.hibernate.persister.walking.spi.MetamodelGraphWalker - Visiting attribute path : description
21:22:36.149 [main] DEBUG org.hibernate.persister.walking.spi.MetamodelGraphWalker - Visiting attribute path : name
21:22:36.149 [main] DEBUG org.hibernate.loader.plan.build.internal.FetchStyleLoadPlanBuildingAssociationVisitationStrategy - Building LoadPlan...
21:22:36.150 [main] DEBUG org.hibernate.loader.plan.exec.internal.LoadQueryJoinAndFetchProcessor - processing queryspace &lt;gen:0&gt;
21:22:36.150 [main] DEBUG org.hibernate.loader.plan.build.spi.LoadPlanTreePrinter - LoadPlan(entity=com.shoppingbackend.model.Category)
    - Returns
       - EntityReturnImpl(entity=com.shoppingbackend.model.Category, querySpaceUid=&lt;gen:0&gt;, path=com.shoppingbackend.model.Category)
    - QuerySpaces
       - EntityQuerySpaceImpl(uid=&lt;gen:0&gt;, entity=com.shoppingbackend.model.Category)
          - SQL table alias mapping - category0_
          - alias suffix - 0_
          - suffixed key columns - {id1_3_0_}

21:22:36.151 [main] DEBUG org.hibernate.loader.entity.plan.EntityLoader - Static select for entity com.shoppingbackend.model.Category [UPGRADE_SKIPLOCKED]: select category0_.id as id1_3_0_, category0_.is_active as is_activ2_3_0_, category0_.description as descript3_3_0_, category0_.name as name4_3_0_ from Category category0_ where category0_.id=? for update
21:22:36.151 [main] DEBUG org.hibernate.loader.plan.build.internal.spaces.QuerySpacesImpl - Adding QuerySpace : uid = &lt;gen:0&gt; -&gt; org.hibernate.loader.plan.build.internal.spaces.EntityQuerySpaceImpl@fca387]
21:22:36.151 [main] DEBUG org.hibernate.persister.walking.spi.MetamodelGraphWalker - Visiting attribute path : active
21:22:36.151 [main] DEBUG org.hibernate.persister.walking.spi.MetamodelGraphWalker - Visiting attribute path : description
21:22:36.152 [main] DEBUG org.hibernate.persister.walking.spi.MetamodelGraphWalker - Visiting attribute path : name
21:22:36.152 [main] DEBUG org.hibernate.loader.plan.build.internal.FetchStyleLoadPlanBuildingAssociationVisitationStrategy - Building LoadPlan...
21:22:36.152 [main] DEBUG org.hibernate.loader.plan.exec.internal.LoadQueryJoinAndFetchProcessor - processing queryspace &lt;gen:0&gt;
21:22:36.153 [main] DEBUG org.hibernate.loader.plan.build.spi.LoadPlanTreePrinter - LoadPlan(entity=com.shoppingbackend.model.Category)
    - Returns
       - EntityReturnImpl(entity=com.shoppingbackend.model.Category, querySpaceUid=&lt;gen:0&gt;, path=com.shoppingbackend.model.Category)
    - QuerySpaces
       - EntityQuerySpaceImpl(uid=&lt;gen:0&gt;, entity=com.shoppingbackend.model.Category)
          - SQL table alias mapping - category0_
          - alias suffix - 0_
          - suffixed key columns - {id1_3_0_}

21:22:36.153 [main] DEBUG org.hibernate.loader.entity.plan.EntityLoader - Static select for entity com.shoppingbackend.model.Category [FORCE]: select category0_.id as id1_3_0_, category0_.is_active as is_activ2_3_0_, category0_.description as descript3_3_0_, category0_.name as name4_3_0_ from Category category0_ where category0_.id=? for update
21:22:36.153 [main] DEBUG org.hibernate.loader.plan.build.internal.spaces.QuerySpacesImpl - Adding QuerySpace : uid = &lt;gen:0&gt; -&gt; org.hibernate.loader.plan.build.internal.spaces.EntityQuerySpaceImpl@3ae0b770]
21:22:36.154 [main] DEBUG org.hibernate.persister.walking.spi.MetamodelGraphWalker - Visiting attribute path : active
21:22:36.154 [main] DEBUG org.hibernate.persister.walking.spi.MetamodelGraphWalker - Visiting attribute path : description
21:22:36.154 [main] DEBUG org.hibernate.persister.walking.spi.MetamodelGraphWalker - Visiting attribute path : name
21:22:36.154 [main] DEBUG org.hibernate.loader.plan.build.internal.FetchStyleLoadPlanBuildingAssociationVisitationStrategy - Building LoadPlan...
21:22:36.155 [main] DEBUG org.hibernate.loader.plan.exec.internal.LoadQueryJoinAndFetchProcessor - processing queryspace &lt;gen:0&gt;
21:22:36.155 [main] DEBUG org.hibernate.loader.plan.build.spi.LoadPlanTreePrinter - LoadPlan(entity=com.shoppingbackend.model.Category)
    - Returns
       - EntityReturnImpl(entity=com.shoppingbackend.model.Category, querySpaceUid=&lt;gen:0&gt;, path=com.shoppingbackend.model.Category)
    - QuerySpaces
       - EntityQuerySpaceImpl(uid=&lt;gen:0&gt;, entity=com.shoppingbackend.model.Category)
          - SQL table alias mapping - category0_
          - alias suffix - 0_
          - suffixed key columns - {id1_3_0_}

21:22:36.155 [main] DEBUG org.hibernate.loader.entity.plan.EntityLoader - Static select for entity com.shoppingbackend.model.Category [PESSIMISTIC_READ]: select category0_.id as id1_3_0_, category0_.is_active as is_activ2_3_0_, category0_.description as descript3_3_0_, category0_.name as name4_3_0_ from Category category0_ where category0_.id=? for update
21:22:36.156 [main] DEBUG org.hibernate.loader.plan.build.internal.spaces.QuerySpacesImpl - Adding QuerySpace : uid = &lt;gen:0&gt; -&gt; org.hibernate.loader.plan.build.internal.spaces.EntityQuerySpaceImpl@30e6a763]
21:22:36.156 [main] DEBUG org.hibernate.persister.walking.spi.MetamodelGraphWalker - Visiting attribute path : active
21:22:36.156 [main] DEBUG org.hibernate.persister.walking.spi.MetamodelGraphWalker - Visiting attribute path : description
21:22:36.156 [main] DEBUG org.hibernate.persister.walking.spi.MetamodelGraphWalker - Visiting attribute path : name
21:22:36.157 [main] DEBUG org.hibernate.loader.plan.build.internal.FetchStyleLoadPlanBuildingAssociationVisitationStrategy - Building LoadPlan...
21:22:36.157 [main] DEBUG org.hibernate.loader.plan.exec.internal.LoadQueryJoinAndFetchProcessor - processing queryspace &lt;gen:0&gt;
21:22:36.157 [main] DEBUG org.hibernate.loader.plan.build.spi.LoadPlanTreePrinter - LoadPlan(entity=com.shoppingbackend.model.Category)
    - Returns
       - EntityReturnImpl(entity=com.shoppingbackend.model.Category, querySpaceUid=&lt;gen:0&gt;, path=com.shoppingbackend.model.Category)
    - QuerySpaces
       - EntityQuerySpaceImpl(uid=&lt;gen:0&gt;, entity=com.shoppingbackend.model.Category)
          - SQL table alias mapping - category0_
          - alias suffix - 0_
          - suffixed key columns - {id1_3_0_}

21:22:36.158 [main] DEBUG org.hibernate.loader.entity.plan.EntityLoader - Static select for entity com.shoppingbackend.model.Category [PESSIMISTIC_WRITE]: select category0_.id as id1_3_0_, category0_.is_active as is_activ2_3_0_, category0_.description as descript3_3_0_, category0_.name as name4_3_0_ from Category category0_ where category0_.id=? for update
21:22:36.158 [main] DEBUG org.hibernate.loader.plan.build.internal.spaces.QuerySpacesImpl - Adding QuerySpace : uid = &lt;gen:0&gt; -&gt; org.hibernate.loader.plan.build.internal.spaces.EntityQuerySpaceImpl@732c9b5c]
21:22:36.158 [main] DEBUG org.hibernate.persister.walking.spi.MetamodelGraphWalker - Visiting attribute path : active
21:22:36.159 [main] DEBUG org.hibernate.persister.walking.spi.MetamodelGraphWalker - Visiting attribute path : description
21:22:36.159 [main] DEBUG org.hibernate.persister.walking.spi.MetamodelGraphWalker - Visiting attribute path : name
21:22:36.159 [main] DEBUG org.hibernate.loader.plan.build.internal.FetchStyleLoadPlanBuildingAssociationVisitationStrategy - Building LoadPlan...
21:22:36.159 [main] DEBUG org.hibernate.loader.plan.exec.internal.LoadQueryJoinAndFetchProcessor - processing queryspace &lt;gen:0&gt;
21:22:36.160 [main] DEBUG org.hibernate.loader.plan.build.spi.LoadPlanTreePrinter - LoadPlan(entity=com.shoppingbackend.model.Category)
    - Returns
       - EntityReturnImpl(entity=com.shoppingbackend.model.Category, querySpaceUid=&lt;gen:0&gt;, path=com.shoppingbackend.model.Category)
    - QuerySpaces
       - EntityQuerySpaceImpl(uid=&lt;gen:0&gt;, entity=com.shoppingbackend.model.Category)
          - SQL table alias mapping - category0_
          - alias suffix - 0_
          - suffixed key columns - {id1_3_0_}

21:22:36.160 [main] DEBUG org.hibernate.loader.entity.plan.EntityLoader - Static select for entity com.shoppingbackend.model.Category [PESSIMISTIC_FORCE_INCREMENT]: select category0_.id as id1_3_0_, category0_.is_active as is_activ2_3_0_, category0_.description as descript3_3_0_, category0_.name as name4_3_0_ from Category category0_ where category0_.id=? for update
21:22:36.160 [main] DEBUG org.hibernate.loader.plan.build.internal.spaces.QuerySpacesImpl - Adding QuerySpace : uid = &lt;gen:0&gt; -&gt; org.hibernate.loader.plan.build.internal.spaces.EntityQuerySpaceImpl@3d6a6bee]
21:22:36.161 [main] DEBUG org.hibernate.persister.walking.spi.MetamodelGraphWalker - Visiting attribute path : active
21:22:36.161 [main] DEBUG org.hibernate.persister.walking.spi.MetamodelGraphWalker - Visiting attribute path : description
21:22:36.161 [main] DEBUG org.hibernate.persister.walking.spi.MetamodelGraphWalker - Visiting attribute path : name
21:22:36.161 [main] DEBUG org.hibernate.loader.plan.build.internal.FetchStyleLoadPlanBuildingAssociationVisitationStrategy - Building LoadPlan...
21:22:36.162 [main] DEBUG org.hibernate.loader.plan.exec.internal.LoadQueryJoinAndFetchProcessor - processing queryspace &lt;gen:0&gt;
21:22:36.162 [main] DEBUG org.hibernate.loader.plan.build.spi.LoadPlanTreePrinter - LoadPlan(entity=com.shoppingbackend.model.Category)
    - Returns
       - EntityReturnImpl(entity=com.shoppingbackend.model.Category, querySpaceUid=&lt;gen:0&gt;, path=com.shoppingbackend.model.Category)
    - QuerySpaces
       - EntityQuerySpaceImpl(uid=&lt;gen:0&gt;, entity=com.shoppingbackend.model.Category)
          - SQL table alias mapping - category0_
          - alias suffix - 0_
          - suffixed key columns - {id1_3_0_}

21:22:36.162 [main] DEBUG org.hibernate.loader.entity.plan.EntityLoader - Static select for entity com.shoppingbackend.model.Category [OPTIMISTIC]: select category0_.id as id1_3_0_, category0_.is_active as is_activ2_3_0_, category0_.description as descript3_3_0_, category0_.name as name4_3_0_ from Category category0_ where category0_.id=?
21:22:36.163 [main] DEBUG org.hibernate.loader.plan.build.internal.spaces.QuerySpacesImpl - Adding QuerySpace : uid = &lt;gen:0&gt; -&gt; org.hibernate.loader.plan.build.internal.spaces.EntityQuerySpaceImpl@213c3543]
21:22:36.163 [main] DEBUG org.hibernate.persister.walking.spi.MetamodelGraphWalker - Visiting attribute path : active
21:22:36.163 [main] DEBUG org.hibernate.persister.walking.spi.MetamodelGraphWalker - Visiting attribute path : description
21:22:36.163 [main] DEBUG org.hibernate.persister.walking.spi.MetamodelGraphWalker - Visiting attribute path : name
21:22:36.164 [main] DEBUG org.hibernate.loader.plan.build.internal.FetchStyleLoadPlanBuildingAssociationVisitationStrategy - Building LoadPlan...
21:22:36.165 [main] DEBUG org.hibernate.loader.plan.exec.internal.LoadQueryJoinAndFetchProcessor - processing queryspace &lt;gen:0&gt;
21:22:36.171 [main] DEBUG org.hibernate.loader.plan.build.spi.LoadPlanTreePrinter - LoadPlan(entity=com.shoppingbackend.model.Category)
    - Returns
       - EntityReturnImpl(entity=com.shoppingbackend.model.Category, querySpaceUid=&lt;gen:0&gt;, path=com.shoppingbackend.model.Category)
    - QuerySpaces
       - EntityQuerySpaceImpl(uid=&lt;gen:0&gt;, entity=com.shoppingbackend.model.Category)
          - SQL table alias mapping - category0_
          - alias suffix - 0_
          - suffixed key columns - {id1_3_0_}

21:22:36.171 [main] DEBUG org.hibernate.loader.entity.plan.EntityLoader - Static select for entity com.shoppingbackend.model.Category [OPTIMISTIC_FORCE_INCREMENT]: select category0_.id as id1_3_0_, category0_.is_active as is_activ2_3_0_, category0_.description as descript3_3_0_, category0_.name as name4_3_0_ from Category category0_ where category0_.id=?
21:22:36.171 [main] DEBUG org.hibernate.loader.Loader - Static select for action ACTION_MERGE on entity com.shoppingbackend.model.Category: select category0_.id as id1_3_0_, category0_.is_active as is_activ2_3_0_, category0_.description as descript3_3_0_, category0_.name as name4_3_0_ from Category category0_ where category0_.id=?
21:22:36.172 [main] DEBUG org.hibernate.loader.Loader - Static select for action ACTION_REFRESH on entity com.shoppingbackend.model.Category: select category0_.id as id1_3_0_, category0_.is_active as is_activ2_3_0_, category0_.description as descript3_3_0_, category0_.name as name4_3_0_ from Category category0_ where category0_.id=?
21:22:36.175 [main] DEBUG org.hibernate.persister.entity.AbstractEntityPersister - Static SQL for entity: com.shoppingbackend.model.Address
21:22:36.175 [main] DEBUG org.hibernate.persister.entity.AbstractEntityPersister -  Version select: select id from Address where id =?
21:22:36.176 [main] DEBUG org.hibernate.persister.entity.AbstractEntityPersister -  Snapshot select: select address_.id, address_.address_line_one as address_2_0_, address_.address_line_two as address_3_0_, address_.is_billing as is_billi4_0_, address_.city as city5_0_, address_.country as country6_0_, address_.postal_code as postal_c7_0_, address_.is_shipping as is_shipp8_0_, address_.state as state9_0_, address_.user_id as user_id10_0_ from Address address_ where address_.id=?
21:22:36.177 [main] DEBUG org.hibernate.persister.entity.AbstractEntityPersister -  Insert 0: insert into Address (address_line_one, address_line_two, is_billing, city, country, postal_code, is_shipping, state, user_id, id) values (?, ?, ?, ?, ?, ?, ?, ?, ?, ?)
21:22:36.177 [main] DEBUG org.hibernate.persister.entity.AbstractEntityPersister -  Update 0: update Address set address_line_one=?, address_line_two=?, is_billing=?, city=?, country=?, postal_code=?, is_shipping=?, state=?, user_id=? where id=?
21:22:36.177 [main] DEBUG org.hibernate.persister.entity.AbstractEntityPersister -  Delete 0: delete from Address where id=?
21:22:36.178 [main] DEBUG org.hibernate.persister.entity.AbstractEntityPersister -  Identity insert: insert into Address (id, address_line_one, address_line_two, is_billing, city, country, postal_code, is_shipping, state, user_id) values (null, ?, ?, ?, ?, ?, ?, ?, ?, ?)
21:22:36.179 [main] DEBUG org.hibernate.loader.plan.build.internal.spaces.QuerySpacesImpl - Adding QuerySpace : uid = &lt;gen:0&gt; -&gt; org.hibernate.loader.plan.build.internal.spaces.EntityQuerySpaceImpl@670ce331]
21:22:36.179 [main] DEBUG org.hibernate.persister.walking.spi.MetamodelGraphWalker - Visiting attribute path : addressLineOne
21:22:36.180 [main] DEBUG org.hibernate.persister.walking.spi.MetamodelGraphWalker - Visiting attribute path : addressLineTwo
21:22:36.180 [main] DEBUG org.hibernate.persister.walking.spi.MetamodelGraphWalker - Visiting attribute path : billing
21:22:36.180 [main] DEBUG org.hibernate.persister.walking.spi.MetamodelGraphWalker - Visiting attribute path : city
21:22:36.180 [main] DEBUG org.hibernate.persister.walking.spi.MetamodelGraphWalker - Visiting attribute path : country
21:22:36.180 [main] DEBUG org.hibernate.persister.walking.spi.MetamodelGraphWalker - Visiting attribute path : postalCode
21:22:36.182 [main] DEBUG org.hibernate.persister.walking.spi.MetamodelGraphWalker - Visiting attribute path : shipping
21:22:36.182 [main] DEBUG org.hibernate.persister.walking.spi.MetamodelGraphWalker - Visiting attribute path : state
21:22:36.183 [main] DEBUG org.hibernate.persister.walking.spi.MetamodelGraphWalker - Visiting attribute path : userId
21:22:36.183 [main] DEBUG org.hibernate.loader.plan.build.internal.FetchStyleLoadPlanBuildingAssociationVisitationStrategy - Building LoadPlan...
21:22:36.183 [main] DEBUG org.hibernate.loader.plan.exec.internal.LoadQueryJoinAndFetchProcessor - processing queryspace &lt;gen:0&gt;
21:22:36.187 [main] DEBUG org.hibernate.loader.plan.build.spi.LoadPlanTreePrinter - LoadPlan(entity=com.shoppingbackend.model.Address)
    - Returns
       - EntityReturnImpl(entity=com.shoppingbackend.model.Address, querySpaceUid=&lt;gen:0&gt;, path=com.shoppingbackend.model.Address)
    - QuerySpaces
       - EntityQuerySpaceImpl(uid=&lt;gen:0&gt;, entity=com.shoppingbackend.model.Address)
          - SQL table alias mapping - address0_
          - alias suffix - 0_
          - suffixed key columns - {id1_0_0_}

21:22:36.187 [main] DEBUG org.hibernate.loader.entity.plan.EntityLoader - Static select for entity com.shoppingbackend.model.Address [NONE]: select address0_.id as id1_0_0_, address0_.address_line_one as address_2_0_0_, address0_.address_line_two as address_3_0_0_, address0_.is_billing as is_billi4_0_0_, address0_.city as city5_0_0_, address0_.country as country6_0_0_, address0_.postal_code as postal_c7_0_0_, address0_.is_shipping as is_shipp8_0_0_, address0_.state as state9_0_0_, address0_.user_id as user_id10_0_0_ from Address address0_ where address0_.id=?
21:22:36.188 [main] DEBUG org.hibernate.loader.plan.build.internal.spaces.QuerySpacesImpl - Adding QuerySpace : uid = &lt;gen:0&gt; -&gt; org.hibernate.loader.plan.build.internal.spaces.EntityQuerySpaceImpl@7c29adc8]
21:22:36.188 [main] DEBUG org.hibernate.persister.walking.spi.MetamodelGraphWalker - Visiting attribute path : addressLineOne
21:22:36.188 [main] DEBUG org.hibernate.persister.walking.spi.MetamodelGraphWalker - Visiting attribute path : addressLineTwo
21:22:36.188 [main] DEBUG org.hibernate.persister.walking.spi.MetamodelGraphWalker - Visiting attribute path : billing
21:22:36.189 [main] DEBUG org.hibernate.persister.walking.spi.MetamodelGraphWalker - Visiting attribute path : city
21:22:36.189 [main] DEBUG org.hibernate.persister.walking.spi.MetamodelGraphWalker - Visiting attribute path : country
21:22:36.189 [main] DEBUG org.hibernate.persister.walking.spi.MetamodelGraphWalker - Visiting attribute path : postalCode
21:22:36.189 [main] DEBUG org.hibernate.persister.walking.spi.MetamodelGraphWalker - Visiting attribute path : shipping
21:22:36.189 [main] DEBUG org.hibernate.persister.walking.spi.MetamodelGraphWalker - Visiting attribute path : state
21:22:36.190 [main] DEBUG org.hibernate.persister.walking.spi.MetamodelGraphWalker - Visiting attribute path : userId
21:22:36.190 [main] DEBUG org.hibernate.loader.plan.build.internal.FetchStyleLoadPlanBuildingAssociationVisitationStrategy - Building LoadPlan...
21:22:36.190 [main] DEBUG org.hibernate.loader.plan.exec.internal.LoadQueryJoinAndFetchProcessor - processing queryspace &lt;gen:0&gt;
21:22:36.191 [main] DEBUG org.hibernate.loader.plan.build.spi.LoadPlanTreePrinter - LoadPlan(entity=com.shoppingbackend.model.Address)
    - Returns
       - EntityReturnImpl(entity=com.shoppingbackend.model.Address, querySpaceUid=&lt;gen:0&gt;, path=com.shoppingbackend.model.Address)
    - QuerySpaces
       - EntityQuerySpaceImpl(uid=&lt;gen:0&gt;, entity=com.shoppingbackend.model.Address)
          - SQL table alias mapping - address0_
          - alias suffix - 0_
          - suffixed key columns - {id1_0_0_}

21:22:36.191 [main] DEBUG org.hibernate.loader.entity.plan.EntityLoader - Static select for entity com.shoppingbackend.model.Address [READ]: select address0_.id as id1_0_0_, address0_.address_line_one as address_2_0_0_, address0_.address_line_two as address_3_0_0_, address0_.is_billing as is_billi4_0_0_, address0_.city as city5_0_0_, address0_.country as country6_0_0_, address0_.postal_code as postal_c7_0_0_, address0_.is_shipping as is_shipp8_0_0_, address0_.state as state9_0_0_, address0_.user_id as user_id10_0_0_ from Address address0_ where address0_.id=?
21:22:36.191 [main] DEBUG org.hibernate.loader.plan.build.internal.spaces.QuerySpacesImpl - Adding QuerySpace : uid = &lt;gen:0&gt; -&gt; org.hibernate.loader.plan.build.internal.spaces.EntityQuerySpaceImpl@4bbb49b0]
21:22:36.192 [main] DEBUG org.hibernate.persister.walking.spi.MetamodelGraphWalker - Visiting attribute path : addressLineOne
21:22:36.192 [main] DEBUG org.hibernate.persister.walking.spi.MetamodelGraphWalker - Visiting attribute path : addressLineTwo
21:22:36.192 [main] DEBUG org.hibernate.persister.walking.spi.MetamodelGraphWalker - Visiting attribute path : billing
21:22:36.192 [main] DEBUG org.hibernate.persister.walking.spi.MetamodelGraphWalker - Visiting attribute path : city
21:22:36.192 [main] DEBUG org.hibernate.persister.walking.spi.MetamodelGraphWalker - Visiting attribute path : country
21:22:36.193 [main] DEBUG org.hibernate.persister.walking.spi.MetamodelGraphWalker - Visiting attribute path : postalCode
21:22:36.193 [main] DEBUG org.hibernate.persister.walking.spi.MetamodelGraphWalker - Visiting attribute path : shipping
21:22:36.193 [main] DEBUG org.hibernate.persister.walking.spi.MetamodelGraphWalker - Visiting attribute path : state
21:22:36.193 [main] DEBUG org.hibernate.persister.walking.spi.MetamodelGraphWalker - Visiting attribute path : userId
21:22:36.193 [main] DEBUG org.hibernate.loader.plan.build.internal.FetchStyleLoadPlanBuildingAssociationVisitationStrategy - Building LoadPlan...
21:22:36.194 [main] DEBUG org.hibernate.loader.plan.exec.internal.LoadQueryJoinAndFetchProcessor - processing queryspace &lt;gen:0&gt;
21:22:36.194 [main] DEBUG org.hibernate.loader.plan.build.spi.LoadPlanTreePrinter - LoadPlan(entity=com.shoppingbackend.model.Address)
    - Returns
       - EntityReturnImpl(entity=com.shoppingbackend.model.Address, querySpaceUid=&lt;gen:0&gt;, path=com.shoppingbackend.model.Address)
    - QuerySpaces
       - EntityQuerySpaceImpl(uid=&lt;gen:0&gt;, entity=com.shoppingbackend.model.Address)
          - SQL table alias mapping - address0_
          - alias suffix - 0_
          - suffixed key columns - {id1_0_0_}

21:22:36.195 [main] DEBUG org.hibernate.loader.entity.plan.EntityLoader - Static select for entity com.shoppingbackend.model.Address [UPGRADE]: select address0_.id as id1_0_0_, address0_.address_line_one as address_2_0_0_, address0_.address_line_two as address_3_0_0_, address0_.is_billing as is_billi4_0_0_, address0_.city as city5_0_0_, address0_.country as country6_0_0_, address0_.postal_code as postal_c7_0_0_, address0_.is_shipping as is_shipp8_0_0_, address0_.state as state9_0_0_, address0_.user_id as user_id10_0_0_ from Address address0_ where address0_.id=? for update
21:22:36.195 [main] DEBUG org.hibernate.loader.plan.build.internal.spaces.QuerySpacesImpl - Adding QuerySpace : uid = &lt;gen:0&gt; -&gt; org.hibernate.loader.plan.build.internal.spaces.EntityQuerySpaceImpl@3effd4f3]
21:22:36.195 [main] DEBUG org.hibernate.persister.walking.spi.MetamodelGraphWalker - Visiting attribute path : addressLineOne
21:22:36.195 [main] DEBUG org.hibernate.persister.walking.spi.MetamodelGraphWalker - Visiting attribute path : addressLineTwo
21:22:36.195 [main] DEBUG org.hibernate.persister.walking.spi.MetamodelGraphWalker - Visiting attribute path : billing
21:22:36.195 [main] DEBUG org.hibernate.persister.walking.spi.MetamodelGraphWalker - Visiting attribute path : city
21:22:36.195 [main] DEBUG org.hibernate.persister.walking.spi.MetamodelGraphWalker - Visiting attribute path : country
21:22:36.195 [main] DEBUG org.hibernate.persister.walking.spi.MetamodelGraphWalker - Visiting attribute path : postalCode
21:22:36.195 [main] DEBUG org.hibernate.persister.walking.spi.MetamodelGraphWalker - Visiting attribute path : shipping
21:22:36.195 [main] DEBUG org.hibernate.persister.walking.spi.MetamodelGraphWalker - Visiting attribute path : state
21:22:36.195 [main] DEBUG org.hibernate.persister.walking.spi.MetamodelGraphWalker - Visiting attribute path : userId
21:22:36.195 [main] DEBUG org.hibernate.loader.plan.build.internal.FetchStyleLoadPlanBuildingAssociationVisitationStrategy - Building LoadPlan...
21:22:36.196 [main] DEBUG org.hibernate.loader.plan.exec.internal.LoadQueryJoinAndFetchProcessor - processing queryspace &lt;gen:0&gt;
21:22:36.196 [main] DEBUG org.hibernate.loader.plan.build.spi.LoadPlanTreePrinter - LoadPlan(entity=com.shoppingbackend.model.Address)
    - Returns
       - EntityReturnImpl(entity=com.shoppingbackend.model.Address, querySpaceUid=&lt;gen:0&gt;, path=com.shoppingbackend.model.Address)
    - QuerySpaces
       - EntityQuerySpaceImpl(uid=&lt;gen:0&gt;, entity=com.shoppingbackend.model.Address)
          - SQL table alias mapping - address0_
          - alias suffix - 0_
          - suffixed key columns - {id1_0_0_}

21:22:36.197 [main] DEBUG org.hibernate.loader.entity.plan.EntityLoader - Static select for entity com.shoppingbackend.model.Address [UPGRADE_NOWAIT]: select address0_.id as id1_0_0_, address0_.address_line_one as address_2_0_0_, address0_.address_line_two as address_3_0_0_, address0_.is_billing as is_billi4_0_0_, address0_.city as city5_0_0_, address0_.country as country6_0_0_, address0_.postal_code as postal_c7_0_0_, address0_.is_shipping as is_shipp8_0_0_, address0_.state as state9_0_0_, address0_.user_id as user_id10_0_0_ from Address address0_ where address0_.id=? for update
21:22:36.197 [main] DEBUG org.hibernate.loader.plan.build.internal.spaces.QuerySpacesImpl - Adding QuerySpace : uid = &lt;gen:0&gt; -&gt; org.hibernate.loader.plan.build.internal.spaces.EntityQuerySpaceImpl@15f8701f]
21:22:36.197 [main] DEBUG org.hibernate.persister.walking.spi.MetamodelGraphWalker - Visiting attribute path : addressLineOne
21:22:36.199 [main] DEBUG org.hibernate.persister.walking.spi.MetamodelGraphWalker - Visiting attribute path : addressLineTwo
21:22:36.199 [main] DEBUG org.hibernate.persister.walking.spi.MetamodelGraphWalker - Visiting attribute path : billing
21:22:36.199 [main] DEBUG org.hibernate.persister.walking.spi.MetamodelGraphWalker - Visiting attribute path : city
21:22:36.200 [main] DEBUG org.hibernate.persister.walking.spi.MetamodelGraphWalker - Visiting attribute path : country
21:22:36.200 [main] DEBUG org.hibernate.persister.walking.spi.MetamodelGraphWalker - Visiting attribute path : postalCode
21:22:36.200 [main] DEBUG org.hibernate.persister.walking.spi.MetamodelGraphWalker - Visiting attribute path : shipping
21:22:36.200 [main] DEBUG org.hibernate.persister.walking.spi.MetamodelGraphWalker - Visiting attribute path : state
21:22:36.200 [main] DEBUG org.hibernate.persister.walking.spi.MetamodelGraphWalker - Visiting attribute path : userId
21:22:36.201 [main] DEBUG org.hibernate.loader.plan.build.internal.FetchStyleLoadPlanBuildingAssociationVisitationStrategy - Building LoadPlan...
21:22:36.201 [main] DEBUG org.hibernate.loader.plan.exec.internal.LoadQueryJoinAndFetchProcessor - processing queryspace &lt;gen:0&gt;
21:22:36.202 [main] DEBUG org.hibernate.loader.plan.build.spi.LoadPlanTreePrinter - LoadPlan(entity=com.shoppingbackend.model.Address)
    - Returns
       - EntityReturnImpl(entity=com.shoppingbackend.model.Address, querySpaceUid=&lt;gen:0&gt;, path=com.shoppingbackend.model.Address)
    - QuerySpaces
       - EntityQuerySpaceImpl(uid=&lt;gen:0&gt;, entity=com.shoppingbackend.model.Address)
          - SQL table alias mapping - address0_
          - alias suffix - 0_
          - suffixed key columns - {id1_0_0_}

21:22:36.202 [main] DEBUG org.hibernate.loader.entity.plan.EntityLoader - Static select for entity com.shoppingbackend.model.Address [UPGRADE_SKIPLOCKED]: select address0_.id as id1_0_0_, address0_.address_line_one as address_2_0_0_, address0_.address_line_two as address_3_0_0_, address0_.is_billing as is_billi4_0_0_, address0_.city as city5_0_0_, address0_.country as country6_0_0_, address0_.postal_code as postal_c7_0_0_, address0_.is_shipping as is_shipp8_0_0_, address0_.state as state9_0_0_, address0_.user_id as user_id10_0_0_ from Address address0_ where address0_.id=? for update
21:22:36.202 [main] DEBUG org.hibernate.loader.plan.build.internal.spaces.QuerySpacesImpl - Adding QuerySpace : uid = &lt;gen:0&gt; -&gt; org.hibernate.loader.plan.build.internal.spaces.EntityQuerySpaceImpl@11d4dbd6]
21:22:36.202 [main] DEBUG org.hibernate.persister.walking.spi.MetamodelGraphWalker - Visiting attribute path : addressLineOne
21:22:36.203 [main] DEBUG org.hibernate.persister.walking.spi.MetamodelGraphWalker - Visiting attribute path : addressLineTwo
21:22:36.203 [main] DEBUG org.hibernate.persister.walking.spi.MetamodelGraphWalker - Visiting attribute path : billing
21:22:36.203 [main] DEBUG org.hibernate.persister.walking.spi.MetamodelGraphWalker - Visiting attribute path : city
21:22:36.203 [main] DEBUG org.hibernate.persister.walking.spi.MetamodelGraphWalker - Visiting attribute path : country
21:22:36.203 [main] DEBUG org.hibernate.persister.walking.spi.MetamodelGraphWalker - Visiting attribute path : postalCode
21:22:36.204 [main] DEBUG org.hibernate.persister.walking.spi.MetamodelGraphWalker - Visiting attribute path : shipping
21:22:36.204 [main] DEBUG org.hibernate.persister.walking.spi.MetamodelGraphWalker - Visiting attribute path : state
21:22:36.204 [main] DEBUG org.hibernate.persister.walking.spi.MetamodelGraphWalker - Visiting attribute path : userId
21:22:36.204 [main] DEBUG org.hibernate.loader.plan.build.internal.FetchStyleLoadPlanBuildingAssociationVisitationStrategy - Building LoadPlan...
21:22:36.204 [main] DEBUG org.hibernate.loader.plan.exec.internal.LoadQueryJoinAndFetchProcessor - processing queryspace &lt;gen:0&gt;
21:22:36.205 [main] DEBUG org.hibernate.loader.plan.build.spi.LoadPlanTreePrinter - LoadPlan(entity=com.shoppingbackend.model.Address)
    - Returns
       - EntityReturnImpl(entity=com.shoppingbackend.model.Address, querySpaceUid=&lt;gen:0&gt;, path=com.shoppingbackend.model.Address)
    - QuerySpaces
       - EntityQuerySpaceImpl(uid=&lt;gen:0&gt;, entity=com.shoppingbackend.model.Address)
          - SQL table alias mapping - address0_
          - alias suffix - 0_
          - suffixed key columns - {id1_0_0_}

21:22:36.205 [main] DEBUG org.hibernate.loader.entity.plan.EntityLoader - Static select for entity com.shoppingbackend.model.Address [FORCE]: select address0_.id as id1_0_0_, address0_.address_line_one as address_2_0_0_, address0_.address_line_two as address_3_0_0_, address0_.is_billing as is_billi4_0_0_, address0_.city as city5_0_0_, address0_.country as country6_0_0_, address0_.postal_code as postal_c7_0_0_, address0_.is_shipping as is_shipp8_0_0_, address0_.state as state9_0_0_, address0_.user_id as user_id10_0_0_ from Address address0_ where address0_.id=? for update
21:22:36.205 [main] DEBUG org.hibernate.loader.plan.build.internal.spaces.QuerySpacesImpl - Adding QuerySpace : uid = &lt;gen:0&gt; -&gt; org.hibernate.loader.plan.build.internal.spaces.EntityQuerySpaceImpl@39e43310]
21:22:36.205 [main] DEBUG org.hibernate.persister.walking.spi.MetamodelGraphWalker - Visiting attribute path : addressLineOne
21:22:36.205 [main] DEBUG org.hibernate.persister.walking.spi.MetamodelGraphWalker - Visiting attribute path : addressLineTwo
21:22:36.205 [main] DEBUG org.hibernate.persister.walking.spi.MetamodelGraphWalker - Visiting attribute path : billing
21:22:36.205 [main] DEBUG org.hibernate.persister.walking.spi.MetamodelGraphWalker - Visiting attribute path : city
21:22:36.205 [main] DEBUG org.hibernate.persister.walking.spi.MetamodelGraphWalker - Visiting attribute path : country
21:22:36.205 [main] DEBUG org.hibernate.persister.walking.spi.MetamodelGraphWalker - Visiting attribute path : postalCode
21:22:36.205 [main] DEBUG org.hibernate.persister.walking.spi.MetamodelGraphWalker - Visiting attribute path : shipping
21:22:36.205 [main] DEBUG org.hibernate.persister.walking.spi.MetamodelGraphWalker - Visiting attribute path : state
21:22:36.205 [main] DEBUG org.hibernate.persister.walking.spi.MetamodelGraphWalker - Visiting attribute path : userId
21:22:36.205 [main] DEBUG org.hibernate.loader.plan.build.internal.FetchStyleLoadPlanBuildingAssociationVisitationStrategy - Building LoadPlan...
21:22:36.206 [main] DEBUG org.hibernate.loader.plan.exec.internal.LoadQueryJoinAndFetchProcessor - processing queryspace &lt;gen:0&gt;
21:22:36.206 [main] DEBUG org.hibernate.loader.plan.build.spi.LoadPlanTreePrinter - LoadPlan(entity=com.shoppingbackend.model.Address)
    - Returns
       - EntityReturnImpl(entity=com.shoppingbackend.model.Address, querySpaceUid=&lt;gen:0&gt;, path=com.shoppingbackend.model.Address)
    - QuerySpaces
       - EntityQuerySpaceImpl(uid=&lt;gen:0&gt;, entity=com.shoppingbackend.model.Address)
          - SQL table alias mapping - address0_
          - alias suffix - 0_
          - suffixed key columns - {id1_0_0_}

21:22:36.207 [main] DEBUG org.hibernate.loader.entity.plan.EntityLoader - Static select for entity com.shoppingbackend.model.Address [PESSIMISTIC_READ]: select address0_.id as id1_0_0_, address0_.address_line_one as address_2_0_0_, address0_.address_line_two as address_3_0_0_, address0_.is_billing as is_billi4_0_0_, address0_.city as city5_0_0_, address0_.country as country6_0_0_, address0_.postal_code as postal_c7_0_0_, address0_.is_shipping as is_shipp8_0_0_, address0_.state as state9_0_0_, address0_.user_id as user_id10_0_0_ from Address address0_ where address0_.id=? for update
21:22:36.207 [main] DEBUG org.hibernate.loader.plan.build.internal.spaces.QuerySpacesImpl - Adding QuerySpace : uid = &lt;gen:0&gt; -&gt; org.hibernate.loader.plan.build.internal.spaces.EntityQuerySpaceImpl@390877d2]
21:22:36.207 [main] DEBUG org.hibernate.persister.walking.spi.MetamodelGraphWalker - Visiting attribute path : addressLineOne
21:22:36.208 [main] DEBUG org.hibernate.persister.walking.spi.MetamodelGraphWalker - Visiting attribute path : addressLineTwo
21:22:36.208 [main] DEBUG org.hibernate.persister.walking.spi.MetamodelGraphWalker - Visiting attribute path : billing
21:22:36.208 [main] DEBUG org.hibernate.persister.walking.spi.MetamodelGraphWalker - Visiting attribute path : city
21:22:36.208 [main] DEBUG org.hibernate.persister.walking.spi.MetamodelGraphWalker - Visiting attribute path : country
21:22:36.208 [main] DEBUG org.hibernate.persister.walking.spi.MetamodelGraphWalker - Visiting attribute path : postalCode
21:22:36.208 [main] DEBUG org.hibernate.persister.walking.spi.MetamodelGraphWalker - Visiting attribute path : shipping
21:22:36.209 [main] DEBUG org.hibernate.persister.walking.spi.MetamodelGraphWalker - Visiting attribute path : state
21:22:36.209 [main] DEBUG org.hibernate.persister.walking.spi.MetamodelGraphWalker - Visiting attribute path : userId
21:22:36.209 [main] DEBUG org.hibernate.loader.plan.build.internal.FetchStyleLoadPlanBuildingAssociationVisitationStrategy - Building LoadPlan...
21:22:36.209 [main] DEBUG org.hibernate.loader.plan.exec.internal.LoadQueryJoinAndFetchProcessor - processing queryspace &lt;gen:0&gt;
21:22:36.210 [main] DEBUG org.hibernate.loader.plan.build.spi.LoadPlanTreePrinter - LoadPlan(entity=com.shoppingbackend.model.Address)
    - Returns
       - EntityReturnImpl(entity=com.shoppingbackend.model.Address, querySpaceUid=&lt;gen:0&gt;, path=com.shoppingbackend.model.Address)
    - QuerySpaces
       - EntityQuerySpaceImpl(uid=&lt;gen:0&gt;, entity=com.shoppingbackend.model.Address)
          - SQL table alias mapping - address0_
          - alias suffix - 0_
          - suffixed key columns - {id1_0_0_}

21:22:36.210 [main] DEBUG org.hibernate.loader.entity.plan.EntityLoader - Static select for entity com.shoppingbackend.model.Address [PESSIMISTIC_WRITE]: select address0_.id as id1_0_0_, address0_.address_line_one as address_2_0_0_, address0_.address_line_two as address_3_0_0_, address0_.is_billing as is_billi4_0_0_, address0_.city as city5_0_0_, address0_.country as country6_0_0_, address0_.postal_code as postal_c7_0_0_, address0_.is_shipping as is_shipp8_0_0_, address0_.state as state9_0_0_, address0_.user_id as user_id10_0_0_ from Address address0_ where address0_.id=? for update
21:22:36.211 [main] DEBUG org.hibernate.loader.plan.build.internal.spaces.QuerySpacesImpl - Adding QuerySpace : uid = &lt;gen:0&gt; -&gt; org.hibernate.loader.plan.build.internal.spaces.EntityQuerySpaceImpl@186cb891]
21:22:36.211 [main] DEBUG org.hibernate.persister.walking.spi.MetamodelGraphWalker - Visiting attribute path : addressLineOne
21:22:36.218 [main] DEBUG org.hibernate.persister.walking.spi.MetamodelGraphWalker - Visiting attribute path : addressLineTwo
21:22:36.219 [main] DEBUG org.hibernate.persister.walking.spi.MetamodelGraphWalker - Visiting attribute path : billing
21:22:36.219 [main] DEBUG org.hibernate.persister.walking.spi.MetamodelGraphWalker - Visiting attribute path : city
21:22:36.219 [main] DEBUG org.hibernate.persister.walking.spi.MetamodelGraphWalker - Visiting attribute path : country
21:22:36.219 [main] DEBUG org.hibernate.persister.walking.spi.MetamodelGraphWalker - Visiting attribute path : postalCode
21:22:36.220 [main] DEBUG org.hibernate.persister.walking.spi.MetamodelGraphWalker - Visiting attribute path : shipping
21:22:36.220 [main] DEBUG org.hibernate.persister.walking.spi.MetamodelGraphWalker - Visiting attribute path : state
21:22:36.220 [main] DEBUG org.hibernate.persister.walking.spi.MetamodelGraphWalker - Visiting attribute path : userId
21:22:36.220 [main] DEBUG org.hibernate.loader.plan.build.internal.FetchStyleLoadPlanBuildingAssociationVisitationStrategy - Building LoadPlan...
21:22:36.221 [main] DEBUG org.hibernate.loader.plan.exec.internal.LoadQueryJoinAndFetchProcessor - processing queryspace &lt;gen:0&gt;
21:22:36.222 [main] DEBUG org.hibernate.loader.plan.build.spi.LoadPlanTreePrinter - LoadPlan(entity=com.shoppingbackend.model.Address)
    - Returns
       - EntityReturnImpl(entity=com.shoppingbackend.model.Address, querySpaceUid=&lt;gen:0&gt;, path=com.shoppingbackend.model.Address)
    - QuerySpaces
       - EntityQuerySpaceImpl(uid=&lt;gen:0&gt;, entity=com.shoppingbackend.model.Address)
          - SQL table alias mapping - address0_
          - alias suffix - 0_
          - suffixed key columns - {id1_0_0_}

21:22:36.222 [main] DEBUG org.hibernate.loader.entity.plan.EntityLoader - Static select for entity com.shoppingbackend.model.Address [PESSIMISTIC_FORCE_INCREMENT]: select address0_.id as id1_0_0_, address0_.address_line_one as address_2_0_0_, address0_.address_line_two as address_3_0_0_, address0_.is_billing as is_billi4_0_0_, address0_.city as city5_0_0_, address0_.country as country6_0_0_, address0_.postal_code as postal_c7_0_0_, address0_.is_shipping as is_shipp8_0_0_, address0_.state as state9_0_0_, address0_.user_id as user_id10_0_0_ from Address address0_ where address0_.id=? for update
21:22:36.230 [main] DEBUG org.hibernate.loader.plan.build.internal.spaces.QuerySpacesImpl - Adding QuerySpace : uid = &lt;gen:0&gt; -&gt; org.hibernate.loader.plan.build.internal.spaces.EntityQuerySpaceImpl@440eaa07]
21:22:36.232 [main] DEBUG org.hibernate.persister.walking.spi.MetamodelGraphWalker - Visiting attribute path : addressLineOne
21:22:36.232 [main] DEBUG org.hibernate.persister.walking.spi.MetamodelGraphWalker - Visiting attribute path : addressLineTwo
21:22:36.233 [main] DEBUG org.hibernate.persister.walking.spi.MetamodelGraphWalker - Visiting attribute path : billing
21:22:36.233 [main] DEBUG org.hibernate.persister.walking.spi.MetamodelGraphWalker - Visiting attribute path : city
21:22:36.233 [main] DEBUG org.hibernate.persister.walking.spi.MetamodelGraphWalker - Visiting attribute path : country
21:22:36.233 [main] DEBUG org.hibernate.persister.walking.spi.MetamodelGraphWalker - Visiting attribute path : postalCode
21:22:36.233 [main] DEBUG org.hibernate.persister.walking.spi.MetamodelGraphWalker - Visiting attribute path : shipping
21:22:36.234 [main] DEBUG org.hibernate.persister.walking.spi.MetamodelGraphWalker - Visiting attribute path : state
21:22:36.234 [main] DEBUG org.hibernate.persister.walking.spi.MetamodelGraphWalker - Visiting attribute path : userId
21:22:36.234 [main] DEBUG org.hibernate.loader.plan.build.internal.FetchStyleLoadPlanBuildingAssociationVisitationStrategy - Building LoadPlan...
21:22:36.235 [main] DEBUG org.hibernate.loader.plan.exec.internal.LoadQueryJoinAndFetchProcessor - processing queryspace &lt;gen:0&gt;
21:22:36.235 [main] DEBUG org.hibernate.loader.plan.build.spi.LoadPlanTreePrinter - LoadPlan(entity=com.shoppingbackend.model.Address)
    - Returns
       - EntityReturnImpl(entity=com.shoppingbackend.model.Address, querySpaceUid=&lt;gen:0&gt;, path=com.shoppingbackend.model.Address)
    - QuerySpaces
       - EntityQuerySpaceImpl(uid=&lt;gen:0&gt;, entity=com.shoppingbackend.model.Address)
          - SQL table alias mapping - address0_
          - alias suffix - 0_
          - suffixed key columns - {id1_0_0_}

21:22:36.235 [main] DEBUG org.hibernate.loader.entity.plan.EntityLoader - Static select for entity com.shoppingbackend.model.Address [OPTIMISTIC]: select address0_.id as id1_0_0_, address0_.address_line_one as address_2_0_0_, address0_.address_line_two as address_3_0_0_, address0_.is_billing as is_billi4_0_0_, address0_.city as city5_0_0_, address0_.country as country6_0_0_, address0_.postal_code as postal_c7_0_0_, address0_.is_shipping as is_shipp8_0_0_, address0_.state as state9_0_0_, address0_.user_id as user_id10_0_0_ from Address address0_ where address0_.id=?
21:22:36.236 [main] DEBUG org.hibernate.loader.plan.build.internal.spaces.QuerySpacesImpl - Adding QuerySpace : uid = &lt;gen:0&gt; -&gt; org.hibernate.loader.plan.build.internal.spaces.EntityQuerySpaceImpl@7aa9e414]
21:22:36.237 [main] DEBUG org.hibernate.persister.walking.spi.MetamodelGraphWalker - Visiting attribute path : addressLineOne
21:22:36.237 [main] DEBUG org.hibernate.persister.walking.spi.MetamodelGraphWalker - Visiting attribute path : addressLineTwo
21:22:36.237 [main] DEBUG org.hibernate.persister.walking.spi.MetamodelGraphWalker - Visiting attribute path : billing
21:22:36.237 [main] DEBUG org.hibernate.persister.walking.spi.MetamodelGraphWalker - Visiting attribute path : city
21:22:36.237 [main] DEBUG org.hibernate.persister.walking.spi.MetamodelGraphWalker - Visiting attribute path : country
21:22:36.238 [main] DEBUG org.hibernate.persister.walking.spi.MetamodelGraphWalker - Visiting attribute path : postalCode
21:22:36.238 [main] DEBUG org.hibernate.persister.walking.spi.MetamodelGraphWalker - Visiting attribute path : shipping
21:22:36.238 [main] DEBUG org.hibernate.persister.walking.spi.MetamodelGraphWalker - Visiting attribute path : state
21:22:36.238 [main] DEBUG org.hibernate.persister.walking.spi.MetamodelGraphWalker - Visiting attribute path : userId
21:22:36.239 [main] DEBUG org.hibernate.loader.plan.build.internal.FetchStyleLoadPlanBuildingAssociationVisitationStrategy - Building LoadPlan...
21:22:36.239 [main] DEBUG org.hibernate.loader.plan.exec.internal.LoadQueryJoinAndFetchProcessor - processing queryspace &lt;gen:0&gt;
21:22:36.240 [main] DEBUG org.hibernate.loader.plan.build.spi.LoadPlanTreePrinter - LoadPlan(entity=com.shoppingbackend.model.Address)
    - Returns
       - EntityReturnImpl(entity=com.shoppingbackend.model.Address, querySpaceUid=&lt;gen:0&gt;, path=com.shoppingbackend.model.Address)
    - QuerySpaces
       - EntityQuerySpaceImpl(uid=&lt;gen:0&gt;, entity=com.shoppingbackend.model.Address)
          - SQL table alias mapping - address0_
          - alias suffix - 0_
          - suffixed key columns - {id1_0_0_}

21:22:36.241 [main] DEBUG org.hibernate.loader.entity.plan.EntityLoader - Static select for entity com.shoppingbackend.model.Address [OPTIMISTIC_FORCE_INCREMENT]: select address0_.id as id1_0_0_, address0_.address_line_one as address_2_0_0_, address0_.address_line_two as address_3_0_0_, address0_.is_billing as is_billi4_0_0_, address0_.city as city5_0_0_, address0_.country as country6_0_0_, address0_.postal_code as postal_c7_0_0_, address0_.is_shipping as is_shipp8_0_0_, address0_.state as state9_0_0_, address0_.user_id as user_id10_0_0_ from Address address0_ where address0_.id=?
21:22:36.241 [main] DEBUG org.hibernate.loader.Loader - Static select for action ACTION_MERGE on entity com.shoppingbackend.model.Address: select address0_.id as id1_0_0_, address0_.address_line_one as address_2_0_0_, address0_.address_line_two as address_3_0_0_, address0_.is_billing as is_billi4_0_0_, address0_.city as city5_0_0_, address0_.country as country6_0_0_, address0_.postal_code as postal_c7_0_0_, address0_.is_shipping as is_shipp8_0_0_, address0_.state as state9_0_0_, address0_.user_id as user_id10_0_0_ from Address address0_ where address0_.id=?
21:22:36.242 [main] DEBUG org.hibernate.loader.Loader - Static select for action ACTION_REFRESH on entity com.shoppingbackend.model.Address: select address0_.id as id1_0_0_, address0_.address_line_one as address_2_0_0_, address0_.address_line_two as address_3_0_0_, address0_.is_billing as is_billi4_0_0_, address0_.city as city5_0_0_, address0_.country as country6_0_0_, address0_.postal_code as postal_c7_0_0_, address0_.is_shipping as is_shipp8_0_0_, address0_.state as state9_0_0_, address0_.user_id as user_id10_0_0_ from Address address0_ where address0_.id=?
21:22:36.244 [main] DEBUG org.hibernate.persister.entity.AbstractEntityPersister - Static SQL for entity: com.shoppingbackend.model.Product
21:22:36.245 [main] DEBUG org.hibernate.persister.entity.AbstractEntityPersister -  Version select: select id from Product where id =?
21:22:36.245 [main] DEBUG org.hibernate.persister.entity.AbstractEntityPersister -  Snapshot select: select product_.id, product_.is_active as is_activ2_6_, product_.brand as brand3_6_, product_.category_id as category4_6_, product_.code as code5_6_, product_.description as descript6_6_, product_.name as name7_6_, product_.purchases as purchase8_6_, product_.quantity as quantity9_6_, product_.supplier_id as supplie10_6_, product_.unit_price as unit_pr11_6_, product_.views as views12_6_ from Product product_ where product_.id=?
21:22:36.245 [main] DEBUG org.hibernate.persister.entity.AbstractEntityPersister -  Insert 0: insert into Product (is_active, brand, category_id, code, description, name, purchases, quantity, supplier_id, unit_price, views, id) values (?, ?, ?, ?, ?, ?, ?, ?, ?, ?, ?, ?)
21:22:36.245 [main] DEBUG org.hibernate.persister.entity.AbstractEntityPersister -  Update 0: update Product set is_active=?, brand=?, category_id=?, code=?, description=?, name=?, purchases=?, quantity=?, supplier_id=?, unit_price=?, views=? where id=?
21:22:36.247 [main] DEBUG org.hibernate.persister.entity.AbstractEntityPersister -  Delete 0: delete from Product where id=?
21:22:36.247 [main] DEBUG org.hibernate.persister.entity.AbstractEntityPersister -  Identity insert: insert into Product (id, is_active, brand, category_id, code, description, name, purchases, quantity, supplier_id, unit_price, views) values (null, ?, ?, ?, ?, ?, ?, ?, ?, ?, ?, ?)
21:22:36.249 [main] DEBUG org.hibernate.loader.plan.build.internal.spaces.QuerySpacesImpl - Adding QuerySpace : uid = &lt;gen:0&gt; -&gt; org.hibernate.loader.plan.build.internal.spaces.EntityQuerySpaceImpl@624a24f6]
21:22:36.249 [main] DEBUG org.hibernate.persister.walking.spi.MetamodelGraphWalker - Visiting attribute path : active
21:22:36.250 [main] DEBUG org.hibernate.persister.walking.spi.MetamodelGraphWalker - Visiting attribute path : brand
21:22:36.250 [main] DEBUG org.hibernate.persister.walking.spi.MetamodelGraphWalker - Visiting attribute path : categoryId
21:22:36.250 [main] DEBUG org.hibernate.persister.walking.spi.MetamodelGraphWalker - Visiting attribute path : code
21:22:36.250 [main] DEBUG org.hibernate.persister.walking.spi.MetamodelGraphWalker - Visiting attribute path : description
21:22:36.250 [main] DEBUG org.hibernate.persister.walking.spi.MetamodelGraphWalker - Visiting attribute path : name
21:22:36.251 [main] DEBUG org.hibernate.persister.walking.spi.MetamodelGraphWalker - Visiting attribute path : purchases
21:22:36.251 [main] DEBUG org.hibernate.persister.walking.spi.MetamodelGraphWalker - Visiting attribute path : quantity
21:22:36.251 [main] DEBUG org.hibernate.persister.walking.spi.MetamodelGraphWalker - Visiting attribute path : supplierId
21:22:36.251 [main] DEBUG org.hibernate.persister.walking.spi.MetamodelGraphWalker - Visiting attribute path : unitPrice
21:22:36.251 [main] DEBUG org.hibernate.persister.walking.spi.MetamodelGraphWalker - Visiting attribute path : views
21:22:36.252 [main] DEBUG org.hibernate.loader.plan.build.internal.FetchStyleLoadPlanBuildingAssociationVisitationStrategy - Building LoadPlan...
21:22:36.252 [main] DEBUG org.hibernate.loader.plan.exec.internal.LoadQueryJoinAndFetchProcessor - processing queryspace &lt;gen:0&gt;
21:22:36.254 [main] DEBUG org.hibernate.loader.plan.build.spi.LoadPlanTreePrinter - LoadPlan(entity=com.shoppingbackend.model.Product)
    - Returns
       - EntityReturnImpl(entity=com.shoppingbackend.model.Product, querySpaceUid=&lt;gen:0&gt;, path=com.shoppingbackend.model.Product)
    - QuerySpaces
       - EntityQuerySpaceImpl(uid=&lt;gen:0&gt;, entity=com.shoppingbackend.model.Product)
          - SQL table alias mapping - product0_
          - alias suffix - 0_
          - suffixed key columns - {id1_6_0_}

21:22:36.254 [main] DEBUG org.hibernate.loader.entity.plan.EntityLoader - Static select for entity com.shoppingbackend.model.Product [NONE]: select product0_.id as id1_6_0_, product0_.is_active as is_activ2_6_0_, product0_.brand as brand3_6_0_, product0_.category_id as category4_6_0_, product0_.code as code5_6_0_, product0_.description as descript6_6_0_, product0_.name as name7_6_0_, product0_.purchases as purchase8_6_0_, product0_.quantity as quantity9_6_0_, product0_.supplier_id as supplie10_6_0_, product0_.unit_price as unit_pr11_6_0_, product0_.views as views12_6_0_ from Product product0_ where product0_.id=?
21:22:36.255 [main] DEBUG org.hibernate.loader.plan.build.internal.spaces.QuerySpacesImpl - Adding QuerySpace : uid = &lt;gen:0&gt; -&gt; org.hibernate.loader.plan.build.internal.spaces.EntityQuerySpaceImpl@338cc75f]
21:22:36.255 [main] DEBUG org.hibernate.persister.walking.spi.MetamodelGraphWalker - Visiting attribute path : active
21:22:36.255 [main] DEBUG org.hibernate.persister.walking.spi.MetamodelGraphWalker - Visiting attribute path : brand
21:22:36.255 [main] DEBUG org.hibernate.persister.walking.spi.MetamodelGraphWalker - Visiting attribute path : categoryId
21:22:36.255 [main] DEBUG org.hibernate.persister.walking.spi.MetamodelGraphWalker - Visiting attribute path : code
21:22:36.255 [main] DEBUG org.hibernate.persister.walking.spi.MetamodelGraphWalker - Visiting attribute path : description
21:22:36.255 [main] DEBUG org.hibernate.persister.walking.spi.MetamodelGraphWalker - Visiting attribute path : name
21:22:36.255 [main] DEBUG org.hibernate.persister.walking.spi.MetamodelGraphWalker - Visiting attribute path : purchases
21:22:36.255 [main] DEBUG org.hibernate.persister.walking.spi.MetamodelGraphWalker - Visiting attribute path : quantity
21:22:36.255 [main] DEBUG org.hibernate.persister.walking.spi.MetamodelGraphWalker - Visiting attribute path : supplierId
21:22:36.255 [main] DEBUG org.hibernate.persister.walking.spi.MetamodelGraphWalker - Visiting attribute path : unitPrice
21:22:36.255 [main] DEBUG org.hibernate.persister.walking.spi.MetamodelGraphWalker - Visiting attribute path : views
21:22:36.255 [main] DEBUG org.hibernate.loader.plan.build.internal.FetchStyleLoadPlanBuildingAssociationVisitationStrategy - Building LoadPlan...
21:22:36.256 [main] DEBUG org.hibernate.loader.plan.exec.internal.LoadQueryJoinAndFetchProcessor - processing queryspace &lt;gen:0&gt;
21:22:36.256 [main] DEBUG org.hibernate.loader.plan.build.spi.LoadPlanTreePrinter - LoadPlan(entity=com.shoppingbackend.model.Product)
    - Returns
       - EntityReturnImpl(entity=com.shoppingbackend.model.Product, querySpaceUid=&lt;gen:0&gt;, path=com.shoppingbackend.model.Product)
    - QuerySpaces
       - EntityQuerySpaceImpl(uid=&lt;gen:0&gt;, entity=com.shoppingbackend.model.Product)
          - SQL table alias mapping - product0_
          - alias suffix - 0_
          - suffixed key columns - {id1_6_0_}

21:22:36.257 [main] DEBUG org.hibernate.loader.entity.plan.EntityLoader - Static select for entity com.shoppingbackend.model.Product [READ]: select product0_.id as id1_6_0_, product0_.is_active as is_activ2_6_0_, product0_.brand as brand3_6_0_, product0_.category_id as category4_6_0_, product0_.code as code5_6_0_, product0_.description as descript6_6_0_, product0_.name as name7_6_0_, product0_.purchases as purchase8_6_0_, product0_.quantity as quantity9_6_0_, product0_.supplier_id as supplie10_6_0_, product0_.unit_price as unit_pr11_6_0_, product0_.views as views12_6_0_ from Product product0_ where product0_.id=?
21:22:36.258 [main] DEBUG org.hibernate.loader.plan.build.internal.spaces.QuerySpacesImpl - Adding QuerySpace : uid = &lt;gen:0&gt; -&gt; org.hibernate.loader.plan.build.internal.spaces.EntityQuerySpaceImpl@7c9bdee9]
21:22:36.258 [main] DEBUG org.hibernate.persister.walking.spi.MetamodelGraphWalker - Visiting attribute path : active
21:22:36.258 [main] DEBUG org.hibernate.persister.walking.spi.MetamodelGraphWalker - Visiting attribute path : brand
21:22:36.259 [main] DEBUG org.hibernate.persister.walking.spi.MetamodelGraphWalker - Visiting attribute path : categoryId
21:22:36.259 [main] DEBUG org.hibernate.persister.walking.spi.MetamodelGraphWalker - Visiting attribute path : code
21:22:36.259 [main] DEBUG org.hibernate.persister.walking.spi.MetamodelGraphWalker - Visiting attribute path : description
21:22:36.259 [main] DEBUG org.hibernate.persister.walking.spi.MetamodelGraphWalker - Visiting attribute path : name
21:22:36.259 [main] DEBUG org.hibernate.persister.walking.spi.MetamodelGraphWalker - Visiting attribute path : purchases
21:22:36.260 [main] DEBUG org.hibernate.persister.walking.spi.MetamodelGraphWalker - Visiting attribute path : quantity
21:22:36.260 [main] DEBUG org.hibernate.persister.walking.spi.MetamodelGraphWalker - Visiting attribute path : supplierId
21:22:36.260 [main] DEBUG org.hibernate.persister.walking.spi.MetamodelGraphWalker - Visiting attribute path : unitPrice
21:22:36.260 [main] DEBUG org.hibernate.persister.walking.spi.MetamodelGraphWalker - Visiting attribute path : views
21:22:36.260 [main] DEBUG org.hibernate.loader.plan.build.internal.FetchStyleLoadPlanBuildingAssociationVisitationStrategy - Building LoadPlan...
21:22:36.261 [main] DEBUG org.hibernate.loader.plan.exec.internal.LoadQueryJoinAndFetchProcessor - processing queryspace &lt;gen:0&gt;
21:22:36.262 [main] DEBUG org.hibernate.loader.plan.build.spi.LoadPlanTreePrinter - LoadPlan(entity=com.shoppingbackend.model.Product)
    - Returns
       - EntityReturnImpl(entity=com.shoppingbackend.model.Product, querySpaceUid=&lt;gen:0&gt;, path=com.shoppingbackend.model.Product)
    - QuerySpaces
       - EntityQuerySpaceImpl(uid=&lt;gen:0&gt;, entity=com.shoppingbackend.model.Product)
          - SQL table alias mapping - product0_
          - alias suffix - 0_
          - suffixed key columns - {id1_6_0_}

21:22:36.262 [main] DEBUG org.hibernate.loader.entity.plan.EntityLoader - Static select for entity com.shoppingbackend.model.Product [UPGRADE]: select product0_.id as id1_6_0_, product0_.is_active as is_activ2_6_0_, product0_.brand as brand3_6_0_, product0_.category_id as category4_6_0_, product0_.code as code5_6_0_, product0_.description as descript6_6_0_, product0_.name as name7_6_0_, product0_.purchases as purchase8_6_0_, product0_.quantity as quantity9_6_0_, product0_.supplier_id as supplie10_6_0_, product0_.unit_price as unit_pr11_6_0_, product0_.views as views12_6_0_ from Product product0_ where product0_.id=? for update
21:22:36.262 [main] DEBUG org.hibernate.loader.plan.build.internal.spaces.QuerySpacesImpl - Adding QuerySpace : uid = &lt;gen:0&gt; -&gt; org.hibernate.loader.plan.build.internal.spaces.EntityQuerySpaceImpl@2f98635e]
21:22:36.262 [main] DEBUG org.hibernate.persister.walking.spi.MetamodelGraphWalker - Visiting attribute path : active
21:22:36.262 [main] DEBUG org.hibernate.persister.walking.spi.MetamodelGraphWalker - Visiting attribute path : brand
21:22:36.262 [main] DEBUG org.hibernate.persister.walking.spi.MetamodelGraphWalker - Visiting attribute path : categoryId
21:22:36.262 [main] DEBUG org.hibernate.persister.walking.spi.MetamodelGraphWalker - Visiting attribute path : code
21:22:36.262 [main] DEBUG org.hibernate.persister.walking.spi.MetamodelGraphWalker - Visiting attribute path : description
21:22:36.262 [main] DEBUG org.hibernate.persister.walking.spi.MetamodelGraphWalker - Visiting attribute path : name
21:22:36.262 [main] DEBUG org.hibernate.persister.walking.spi.MetamodelGraphWalker - Visiting attribute path : purchases
21:22:36.262 [main] DEBUG org.hibernate.persister.walking.spi.MetamodelGraphWalker - Visiting attribute path : quantity
21:22:36.262 [main] DEBUG org.hibernate.persister.walking.spi.MetamodelGraphWalker - Visiting attribute path : supplierId
21:22:36.263 [main] DEBUG org.hibernate.persister.walking.spi.MetamodelGraphWalker - Visiting attribute path : unitPrice
21:22:36.264 [main] DEBUG org.hibernate.persister.walking.spi.MetamodelGraphWalker - Visiting attribute path : views
21:22:36.264 [main] DEBUG org.hibernate.loader.plan.build.internal.FetchStyleLoadPlanBuildingAssociationVisitationStrategy - Building LoadPlan...
21:22:36.265 [main] DEBUG org.hibernate.loader.plan.exec.internal.LoadQueryJoinAndFetchProcessor - processing queryspace &lt;gen:0&gt;
21:22:36.266 [main] DEBUG org.hibernate.loader.plan.build.spi.LoadPlanTreePrinter - LoadPlan(entity=com.shoppingbackend.model.Product)
    - Returns
       - EntityReturnImpl(entity=com.shoppingbackend.model.Product, querySpaceUid=&lt;gen:0&gt;, path=com.shoppingbackend.model.Product)
    - QuerySpaces
       - EntityQuerySpaceImpl(uid=&lt;gen:0&gt;, entity=com.shoppingbackend.model.Product)
          - SQL table alias mapping - product0_
          - alias suffix - 0_
          - suffixed key columns - {id1_6_0_}

21:22:36.266 [main] DEBUG org.hibernate.loader.entity.plan.EntityLoader - Static select for entity com.shoppingbackend.model.Product [UPGRADE_NOWAIT]: select product0_.id as id1_6_0_, product0_.is_active as is_activ2_6_0_, product0_.brand as brand3_6_0_, product0_.category_id as category4_6_0_, product0_.code as code5_6_0_, product0_.description as descript6_6_0_, product0_.name as name7_6_0_, product0_.purchases as purchase8_6_0_, product0_.quantity as quantity9_6_0_, product0_.supplier_id as supplie10_6_0_, product0_.unit_price as unit_pr11_6_0_, product0_.views as views12_6_0_ from Product product0_ where product0_.id=? for update
21:22:36.267 [main] DEBUG org.hibernate.loader.plan.build.internal.spaces.QuerySpacesImpl - Adding QuerySpace : uid = &lt;gen:0&gt; -&gt; org.hibernate.loader.plan.build.internal.spaces.EntityQuerySpaceImpl@6b0615ae]
21:22:36.267 [main] DEBUG org.hibernate.persister.walking.spi.MetamodelGraphWalker - Visiting attribute path : active
21:22:36.267 [main] DEBUG org.hibernate.persister.walking.spi.MetamodelGraphWalker - Visiting attribute path : brand
21:22:36.267 [main] DEBUG org.hibernate.persister.walking.spi.MetamodelGraphWalker - Visiting attribute path : categoryId
21:22:36.267 [main] DEBUG org.hibernate.persister.walking.spi.MetamodelGraphWalker - Visiting attribute path : code
21:22:36.267 [main] DEBUG org.hibernate.persister.walking.spi.MetamodelGraphWalker - Visiting attribute path : description
21:22:36.267 [main] DEBUG org.hibernate.persister.walking.spi.MetamodelGraphWalker - Visiting attribute path : name
21:22:36.267 [main] DEBUG org.hibernate.persister.walking.spi.MetamodelGraphWalker - Visiting attribute path : purchases
21:22:36.267 [main] DEBUG org.hibernate.persister.walking.spi.MetamodelGraphWalker - Visiting attribute path : quantity
21:22:36.267 [main] DEBUG org.hibernate.persister.walking.spi.MetamodelGraphWalker - Visiting attribute path : supplierId
21:22:36.267 [main] DEBUG org.hibernate.persister.walking.spi.MetamodelGraphWalker - Visiting attribute path : unitPrice
21:22:36.267 [main] DEBUG org.hibernate.persister.walking.spi.MetamodelGraphWalker - Visiting attribute path : views
21:22:36.267 [main] DEBUG org.hibernate.loader.plan.build.internal.FetchStyleLoadPlanBuildingAssociationVisitationStrategy - Building LoadPlan...
21:22:36.268 [main] DEBUG org.hibernate.loader.plan.exec.internal.LoadQueryJoinAndFetchProcessor - processing queryspace &lt;gen:0&gt;
21:22:36.268 [main] DEBUG org.hibernate.loader.plan.build.spi.LoadPlanTreePrinter - LoadPlan(entity=com.shoppingbackend.model.Product)
    - Returns
       - EntityReturnImpl(entity=com.shoppingbackend.model.Product, querySpaceUid=&lt;gen:0&gt;, path=com.shoppingbackend.model.Product)
    - QuerySpaces
       - EntityQuerySpaceImpl(uid=&lt;gen:0&gt;, entity=com.shoppingbackend.model.Product)
          - SQL table alias mapping - product0_
          - alias suffix - 0_
          - suffixed key columns - {id1_6_0_}

21:22:36.268 [main] DEBUG org.hibernate.loader.entity.plan.EntityLoader - Static select for entity com.shoppingbackend.model.Product [UPGRADE_SKIPLOCKED]: select product0_.id as id1_6_0_, product0_.is_active as is_activ2_6_0_, product0_.brand as brand3_6_0_, product0_.category_id as category4_6_0_, product0_.code as code5_6_0_, product0_.description as descript6_6_0_, product0_.name as name7_6_0_, product0_.purchases as purchase8_6_0_, product0_.quantity as quantity9_6_0_, product0_.supplier_id as supplie10_6_0_, product0_.unit_price as unit_pr11_6_0_, product0_.views as views12_6_0_ from Product product0_ where product0_.id=? for update
21:22:36.268 [main] DEBUG org.hibernate.loader.plan.build.internal.spaces.QuerySpacesImpl - Adding QuerySpace : uid = &lt;gen:0&gt; -&gt; org.hibernate.loader.plan.build.internal.spaces.EntityQuerySpaceImpl@221dad51]
21:22:36.268 [main] DEBUG org.hibernate.persister.walking.spi.MetamodelGraphWalker - Visiting attribute path : active
21:22:36.268 [main] DEBUG org.hibernate.persister.walking.spi.MetamodelGraphWalker - Visiting attribute path : brand
21:22:36.268 [main] DEBUG org.hibernate.persister.walking.spi.MetamodelGraphWalker - Visiting attribute path : categoryId
21:22:36.268 [main] DEBUG org.hibernate.persister.walking.spi.MetamodelGraphWalker - Visiting attribute path : code
21:22:36.268 [main] DEBUG org.hibernate.persister.walking.spi.MetamodelGraphWalker - Visiting attribute path : description
21:22:36.268 [main] DEBUG org.hibernate.persister.walking.spi.MetamodelGraphWalker - Visiting attribute path : name
21:22:36.268 [main] DEBUG org.hibernate.persister.walking.spi.MetamodelGraphWalker - Visiting attribute path : purchases
21:22:36.269 [main] DEBUG org.hibernate.persister.walking.spi.MetamodelGraphWalker - Visiting attribute path : quantity
21:22:36.269 [main] DEBUG org.hibernate.persister.walking.spi.MetamodelGraphWalker - Visiting attribute path : supplierId
21:22:36.270 [main] DEBUG org.hibernate.persister.walking.spi.MetamodelGraphWalker - Visiting attribute path : unitPrice
21:22:36.270 [main] DEBUG org.hibernate.persister.walking.spi.MetamodelGraphWalker - Visiting attribute path : views
21:22:36.270 [main] DEBUG org.hibernate.loader.plan.build.internal.FetchStyleLoadPlanBuildingAssociationVisitationStrategy - Building LoadPlan...
21:22:36.270 [main] DEBUG org.hibernate.loader.plan.exec.internal.LoadQueryJoinAndFetchProcessor - processing queryspace &lt;gen:0&gt;
21:22:36.271 [main] DEBUG org.hibernate.loader.plan.build.spi.LoadPlanTreePrinter - LoadPlan(entity=com.shoppingbackend.model.Product)
    - Returns
       - EntityReturnImpl(entity=com.shoppingbackend.model.Product, querySpaceUid=&lt;gen:0&gt;, path=com.shoppingbackend.model.Product)
    - QuerySpaces
       - EntityQuerySpaceImpl(uid=&lt;gen:0&gt;, entity=com.shoppingbackend.model.Product)
          - SQL table alias mapping - product0_
          - alias suffix - 0_
          - suffixed key columns - {id1_6_0_}

21:22:36.271 [main] DEBUG org.hibernate.loader.entity.plan.EntityLoader - Static select for entity com.shoppingbackend.model.Product [FORCE]: select product0_.id as id1_6_0_, product0_.is_active as is_activ2_6_0_, product0_.brand as brand3_6_0_, product0_.category_id as category4_6_0_, product0_.code as code5_6_0_, product0_.description as descript6_6_0_, product0_.name as name7_6_0_, product0_.purchases as purchase8_6_0_, product0_.quantity as quantity9_6_0_, product0_.supplier_id as supplie10_6_0_, product0_.unit_price as unit_pr11_6_0_, product0_.views as views12_6_0_ from Product product0_ where product0_.id=? for update
21:22:36.272 [main] DEBUG org.hibernate.loader.plan.build.internal.spaces.QuerySpacesImpl - Adding QuerySpace : uid = &lt;gen:0&gt; -&gt; org.hibernate.loader.plan.build.internal.spaces.EntityQuerySpaceImpl@771cbb1a]
21:22:36.274 [main] DEBUG org.hibernate.persister.walking.spi.MetamodelGraphWalker - Visiting attribute path : active
21:22:36.274 [main] DEBUG org.hibernate.persister.walking.spi.MetamodelGraphWalker - Visiting attribute path : brand
21:22:36.274 [main] DEBUG org.hibernate.persister.walking.spi.MetamodelGraphWalker - Visiting attribute path : categoryId
21:22:36.275 [main] DEBUG org.hibernate.persister.walking.spi.MetamodelGraphWalker - Visiting attribute path : code
21:22:36.275 [main] DEBUG org.hibernate.persister.walking.spi.MetamodelGraphWalker - Visiting attribute path : description
21:22:36.275 [main] DEBUG org.hibernate.persister.walking.spi.MetamodelGraphWalker - Visiting attribute path : name
21:22:36.275 [main] DEBUG org.hibernate.persister.walking.spi.MetamodelGraphWalker - Visiting attribute path : purchases
21:22:36.275 [main] DEBUG org.hibernate.persister.walking.spi.MetamodelGraphWalker - Visiting attribute path : quantity
21:22:36.276 [main] DEBUG org.hibernate.persister.walking.spi.MetamodelGraphWalker - Visiting attribute path : supplierId
21:22:36.276 [main] DEBUG org.hibernate.persister.walking.spi.MetamodelGraphWalker - Visiting attribute path : unitPrice
21:22:36.276 [main] DEBUG org.hibernate.persister.walking.spi.MetamodelGraphWalker - Visiting attribute path : views
21:22:36.276 [main] DEBUG org.hibernate.loader.plan.build.internal.FetchStyleLoadPlanBuildingAssociationVisitationStrategy - Building LoadPlan...
21:22:36.277 [main] DEBUG org.hibernate.loader.plan.exec.internal.LoadQueryJoinAndFetchProcessor - processing queryspace &lt;gen:0&gt;
21:22:36.277 [main] DEBUG org.hibernate.loader.plan.build.spi.LoadPlanTreePrinter - LoadPlan(entity=com.shoppingbackend.model.Product)
    - Returns
       - EntityReturnImpl(entity=com.shoppingbackend.model.Product, querySpaceUid=&lt;gen:0&gt;, path=com.shoppingbackend.model.Product)
    - QuerySpaces
       - EntityQuerySpaceImpl(uid=&lt;gen:0&gt;, entity=com.shoppingbackend.model.Product)
          - SQL table alias mapping - product0_
          - alias suffix - 0_
          - suffixed key columns - {id1_6_0_}

21:22:36.278 [main] DEBUG org.hibernate.loader.entity.plan.EntityLoader - Static select for entity com.shoppingbackend.model.Product [PESSIMISTIC_READ]: select product0_.id as id1_6_0_, product0_.is_active as is_activ2_6_0_, product0_.brand as brand3_6_0_, product0_.category_id as category4_6_0_, product0_.code as code5_6_0_, product0_.description as descript6_6_0_, product0_.name as name7_6_0_, product0_.purchases as purchase8_6_0_, product0_.quantity as quantity9_6_0_, product0_.supplier_id as supplie10_6_0_, product0_.unit_price as unit_pr11_6_0_, product0_.views as views12_6_0_ from Product product0_ where product0_.id=? for update
21:22:36.278 [main] DEBUG org.hibernate.loader.plan.build.internal.spaces.QuerySpacesImpl - Adding QuerySpace : uid = &lt;gen:0&gt; -&gt; org.hibernate.loader.plan.build.internal.spaces.EntityQuerySpaceImpl@6b2e0f78]
21:22:36.278 [main] DEBUG org.hibernate.persister.walking.spi.MetamodelGraphWalker - Visiting attribute path : active
21:22:36.279 [main] DEBUG org.hibernate.persister.walking.spi.MetamodelGraphWalker - Visiting attribute path : brand
21:22:36.279 [main] DEBUG org.hibernate.persister.walking.spi.MetamodelGraphWalker - Visiting attribute path : categoryId
21:22:36.279 [main] DEBUG org.hibernate.persister.walking.spi.MetamodelGraphWalker - Visiting attribute path : code
21:22:36.279 [main] DEBUG org.hibernate.persister.walking.spi.MetamodelGraphWalker - Visiting attribute path : description
21:22:36.279 [main] DEBUG org.hibernate.persister.walking.spi.MetamodelGraphWalker - Visiting attribute path : name
21:22:36.280 [main] DEBUG org.hibernate.persister.walking.spi.MetamodelGraphWalker - Visiting attribute path : purchases
21:22:36.280 [main] DEBUG org.hibernate.persister.walking.spi.MetamodelGraphWalker - Visiting attribute path : quantity
21:22:36.280 [main] DEBUG org.hibernate.persister.walking.spi.MetamodelGraphWalker - Visiting attribute path : supplierId
21:22:36.280 [main] DEBUG org.hibernate.persister.walking.spi.MetamodelGraphWalker - Visiting attribute path : unitPrice
21:22:36.280 [main] DEBUG org.hibernate.persister.walking.spi.MetamodelGraphWalker - Visiting attribute path : views
21:22:36.281 [main] DEBUG org.hibernate.loader.plan.build.internal.FetchStyleLoadPlanBuildingAssociationVisitationStrategy - Building LoadPlan...
21:22:36.283 [main] DEBUG org.hibernate.loader.plan.exec.internal.LoadQueryJoinAndFetchProcessor - processing queryspace &lt;gen:0&gt;
21:22:36.284 [main] DEBUG org.hibernate.loader.plan.build.spi.LoadPlanTreePrinter - LoadPlan(entity=com.shoppingbackend.model.Product)
    - Returns
       - EntityReturnImpl(entity=com.shoppingbackend.model.Product, querySpaceUid=&lt;gen:0&gt;, path=com.shoppingbackend.model.Product)
    - QuerySpaces
       - EntityQuerySpaceImpl(uid=&lt;gen:0&gt;, entity=com.shoppingbackend.model.Product)
          - SQL table alias mapping - product0_
          - alias suffix - 0_
          - suffixed key columns - {id1_6_0_}

21:22:36.284 [main] DEBUG org.hibernate.loader.entity.plan.EntityLoader - Static select for entity com.shoppingbackend.model.Product [PESSIMISTIC_WRITE]: select product0_.id as id1_6_0_, product0_.is_active as is_activ2_6_0_, product0_.brand as brand3_6_0_, product0_.category_id as category4_6_0_, product0_.code as code5_6_0_, product0_.description as descript6_6_0_, product0_.name as name7_6_0_, product0_.purchases as purchase8_6_0_, product0_.quantity as quantity9_6_0_, product0_.supplier_id as supplie10_6_0_, product0_.unit_price as unit_pr11_6_0_, product0_.views as views12_6_0_ from Product product0_ where product0_.id=? for update
21:22:36.285 [main] DEBUG org.hibernate.loader.plan.build.internal.spaces.QuerySpacesImpl - Adding QuerySpace : uid = &lt;gen:0&gt; -&gt; org.hibernate.loader.plan.build.internal.spaces.EntityQuerySpaceImpl@3659d7b1]
21:22:36.285 [main] DEBUG org.hibernate.persister.walking.spi.MetamodelGraphWalker - Visiting attribute path : active
21:22:36.285 [main] DEBUG org.hibernate.persister.walking.spi.MetamodelGraphWalker - Visiting attribute path : brand
21:22:36.286 [main] DEBUG org.hibernate.persister.walking.spi.MetamodelGraphWalker - Visiting attribute path : categoryId
21:22:36.286 [main] DEBUG org.hibernate.persister.walking.spi.MetamodelGraphWalker - Visiting attribute path : code
21:22:36.286 [main] DEBUG org.hibernate.persister.walking.spi.MetamodelGraphWalker - Visiting attribute path : description
21:22:36.286 [main] DEBUG org.hibernate.persister.walking.spi.MetamodelGraphWalker - Visiting attribute path : name
21:22:36.286 [main] DEBUG org.hibernate.persister.walking.spi.MetamodelGraphWalker - Visiting attribute path : purchases
21:22:36.286 [main] DEBUG org.hibernate.persister.walking.spi.MetamodelGraphWalker - Visiting attribute path : quantity
21:22:36.286 [main] DEBUG org.hibernate.persister.walking.spi.MetamodelGraphWalker - Visiting attribute path : supplierId
21:22:36.286 [main] DEBUG org.hibernate.persister.walking.spi.MetamodelGraphWalker - Visiting attribute path : unitPrice
21:22:36.286 [main] DEBUG org.hibernate.persister.walking.spi.MetamodelGraphWalker - Visiting attribute path : views
21:22:36.286 [main] DEBUG org.hibernate.loader.plan.build.internal.FetchStyleLoadPlanBuildingAssociationVisitationStrategy - Building LoadPlan...
21:22:36.287 [main] DEBUG org.hibernate.loader.plan.exec.internal.LoadQueryJoinAndFetchProcessor - processing queryspace &lt;gen:0&gt;
21:22:36.287 [main] DEBUG org.hibernate.loader.plan.build.spi.LoadPlanTreePrinter - LoadPlan(entity=com.shoppingbackend.model.Product)
    - Returns
       - EntityReturnImpl(entity=com.shoppingbackend.model.Product, querySpaceUid=&lt;gen:0&gt;, path=com.shoppingbackend.model.Product)
    - QuerySpaces
       - EntityQuerySpaceImpl(uid=&lt;gen:0&gt;, entity=com.shoppingbackend.model.Product)
          - SQL table alias mapping - product0_
          - alias suffix - 0_
          - suffixed key columns - {id1_6_0_}

21:22:36.287 [main] DEBUG org.hibernate.loader.entity.plan.EntityLoader - Static select for entity com.shoppingbackend.model.Product [PESSIMISTIC_FORCE_INCREMENT]: select product0_.id as id1_6_0_, product0_.is_active as is_activ2_6_0_, product0_.brand as brand3_6_0_, product0_.category_id as category4_6_0_, product0_.code as code5_6_0_, product0_.description as descript6_6_0_, product0_.name as name7_6_0_, product0_.purchases as purchase8_6_0_, product0_.quantity as quantity9_6_0_, product0_.supplier_id as supplie10_6_0_, product0_.unit_price as unit_pr11_6_0_, product0_.views as views12_6_0_ from Product product0_ where product0_.id=? for update
21:22:36.288 [main] DEBUG org.hibernate.loader.plan.build.internal.spaces.QuerySpacesImpl - Adding QuerySpace : uid = &lt;gen:0&gt; -&gt; org.hibernate.loader.plan.build.internal.spaces.EntityQuerySpaceImpl@3bdb2c78]
21:22:36.288 [main] DEBUG org.hibernate.persister.walking.spi.MetamodelGraphWalker - Visiting attribute path : active
21:22:36.288 [main] DEBUG org.hibernate.persister.walking.spi.MetamodelGraphWalker - Visiting attribute path : brand
21:22:36.288 [main] DEBUG org.hibernate.persister.walking.spi.MetamodelGraphWalker - Visiting attribute path : categoryId
21:22:36.288 [main] DEBUG org.hibernate.persister.walking.spi.MetamodelGraphWalker - Visiting attribute path : code
21:22:36.289 [main] DEBUG org.hibernate.persister.walking.spi.MetamodelGraphWalker - Visiting attribute path : description
21:22:36.289 [main] DEBUG org.hibernate.persister.walking.spi.MetamodelGraphWalker - Visiting attribute path : name
21:22:36.289 [main] DEBUG org.hibernate.persister.walking.spi.MetamodelGraphWalker - Visiting attribute path : purchases
21:22:36.289 [main] DEBUG org.hibernate.persister.walking.spi.MetamodelGraphWalker - Visiting attribute path : quantity
21:22:36.289 [main] DEBUG org.hibernate.persister.walking.spi.MetamodelGraphWalker - Visiting attribute path : supplierId
21:22:36.290 [main] DEBUG org.hibernate.persister.walking.spi.MetamodelGraphWalker - Visiting attribute path : unitPrice
21:22:36.290 [main] DEBUG org.hibernate.persister.walking.spi.MetamodelGraphWalker - Visiting attribute path : views
21:22:36.290 [main] DEBUG org.hibernate.loader.plan.build.internal.FetchStyleLoadPlanBuildingAssociationVisitationStrategy - Building LoadPlan...
21:22:36.290 [main] DEBUG org.hibernate.loader.plan.exec.internal.LoadQueryJoinAndFetchProcessor - processing queryspace &lt;gen:0&gt;
21:22:36.291 [main] DEBUG org.hibernate.loader.plan.build.spi.LoadPlanTreePrinter - LoadPlan(entity=com.shoppingbackend.model.Product)
    - Returns
       - EntityReturnImpl(entity=com.shoppingbackend.model.Product, querySpaceUid=&lt;gen:0&gt;, path=com.shoppingbackend.model.Product)
    - QuerySpaces
       - EntityQuerySpaceImpl(uid=&lt;gen:0&gt;, entity=com.shoppingbackend.model.Product)
          - SQL table alias mapping - product0_
          - alias suffix - 0_
          - suffixed key columns - {id1_6_0_}

21:22:36.291 [main] DEBUG org.hibernate.loader.entity.plan.EntityLoader - Static select for entity com.shoppingbackend.model.Product [OPTIMISTIC]: select product0_.id as id1_6_0_, product0_.is_active as is_activ2_6_0_, product0_.brand as brand3_6_0_, product0_.category_id as category4_6_0_, product0_.code as code5_6_0_, product0_.description as descript6_6_0_, product0_.name as name7_6_0_, product0_.purchases as purchase8_6_0_, product0_.quantity as quantity9_6_0_, product0_.supplier_id as supplie10_6_0_, product0_.unit_price as unit_pr11_6_0_, product0_.views as views12_6_0_ from Product product0_ where product0_.id=?
21:22:36.292 [main] DEBUG org.hibernate.loader.plan.build.internal.spaces.QuerySpacesImpl - Adding QuerySpace : uid = &lt;gen:0&gt; -&gt; org.hibernate.loader.plan.build.internal.spaces.EntityQuerySpaceImpl@1c758545]
21:22:36.292 [main] DEBUG org.hibernate.persister.walking.spi.MetamodelGraphWalker - Visiting attribute path : active
21:22:36.292 [main] DEBUG org.hibernate.persister.walking.spi.MetamodelGraphWalker - Visiting attribute path : brand
21:22:36.292 [main] DEBUG org.hibernate.persister.walking.spi.MetamodelGraphWalker - Visiting attribute path : categoryId
21:22:36.293 [main] DEBUG org.hibernate.persister.walking.spi.MetamodelGraphWalker - Visiting attribute path : code
21:22:36.293 [main] DEBUG org.hibernate.persister.walking.spi.MetamodelGraphWalker - Visiting attribute path : description
21:22:36.293 [main] DEBUG org.hibernate.persister.walking.spi.MetamodelGraphWalker - Visiting attribute path : name
21:22:36.293 [main] DEBUG org.hibernate.persister.walking.spi.MetamodelGraphWalker - Visiting attribute path : purchases
21:22:36.293 [main] DEBUG org.hibernate.persister.walking.spi.MetamodelGraphWalker - Visiting attribute path : quantity
21:22:36.293 [main] DEBUG org.hibernate.persister.walking.spi.MetamodelGraphWalker - Visiting attribute path : supplierId
21:22:36.294 [main] DEBUG org.hibernate.persister.walking.spi.MetamodelGraphWalker - Visiting attribute path : unitPrice
21:22:36.294 [main] DEBUG org.hibernate.persister.walking.spi.MetamodelGraphWalker - Visiting attribute path : views
21:22:36.294 [main] DEBUG org.hibernate.loader.plan.build.internal.FetchStyleLoadPlanBuildingAssociationVisitationStrategy - Building LoadPlan...
21:22:36.294 [main] DEBUG org.hibernate.loader.plan.exec.internal.LoadQueryJoinAndFetchProcessor - processing queryspace &lt;gen:0&gt;
21:22:36.295 [main] DEBUG org.hibernate.loader.plan.build.spi.LoadPlanTreePrinter - LoadPlan(entity=com.shoppingbackend.model.Product)
    - Returns
       - EntityReturnImpl(entity=com.shoppingbackend.model.Product, querySpaceUid=&lt;gen:0&gt;, path=com.shoppingbackend.model.Product)
    - QuerySpaces
       - EntityQuerySpaceImpl(uid=&lt;gen:0&gt;, entity=com.shoppingbackend.model.Product)
          - SQL table alias mapping - product0_
          - alias suffix - 0_
          - suffixed key columns - {id1_6_0_}

21:22:36.295 [main] DEBUG org.hibernate.loader.entity.plan.EntityLoader - Static select for entity com.shoppingbackend.model.Product [OPTIMISTIC_FORCE_INCREMENT]: select product0_.id as id1_6_0_, product0_.is_active as is_activ2_6_0_, product0_.brand as brand3_6_0_, product0_.category_id as category4_6_0_, product0_.code as code5_6_0_, product0_.description as descript6_6_0_, product0_.name as name7_6_0_, product0_.purchases as purchase8_6_0_, product0_.quantity as quantity9_6_0_, product0_.supplier_id as supplie10_6_0_, product0_.unit_price as unit_pr11_6_0_, product0_.views as views12_6_0_ from Product product0_ where product0_.id=?
21:22:36.296 [main] DEBUG org.hibernate.loader.Loader - Static select for action ACTION_MERGE on entity com.shoppingbackend.model.Product: select product0_.id as id1_6_0_, product0_.is_active as is_activ2_6_0_, product0_.brand as brand3_6_0_, product0_.category_id as category4_6_0_, product0_.code as code5_6_0_, product0_.description as descript6_6_0_, product0_.name as name7_6_0_, product0_.purchases as purchase8_6_0_, product0_.quantity as quantity9_6_0_, product0_.supplier_id as supplie10_6_0_, product0_.unit_price as unit_pr11_6_0_, product0_.views as views12_6_0_ from Product product0_ where product0_.id=?
21:22:36.297 [main] DEBUG org.hibernate.loader.Loader - Static select for action ACTION_REFRESH on entity com.shoppingbackend.model.Product: select product0_.id as id1_6_0_, product0_.is_active as is_activ2_6_0_, product0_.brand as brand3_6_0_, product0_.category_id as category4_6_0_, product0_.code as code5_6_0_, product0_.description as descript6_6_0_, product0_.name as name7_6_0_, product0_.purchases as purchase8_6_0_, product0_.quantity as quantity9_6_0_, product0_.supplier_id as supplie10_6_0_, product0_.unit_price as unit_pr11_6_0_, product0_.views as views12_6_0_ from Product product0_ where product0_.id=?
21:22:36.297 [main] DEBUG org.hibernate.loader.plan.build.internal.spaces.QuerySpacesImpl - Adding QuerySpace : uid = &lt;gen:0&gt; -&gt; org.hibernate.loader.plan.build.internal.spaces.CollectionQuerySpaceImpl@73a19967]
21:22:36.297 [main] DEBUG org.hibernate.loader.plan.build.internal.spaces.QuerySpacesImpl - Adding QuerySpace : uid = &lt;gen:1&gt; -&gt; org.hibernate.loader.plan.build.internal.spaces.EntityQuerySpaceImpl@5e746d37]
21:22:36.298 [main] DEBUG org.hibernate.persister.walking.spi.MetamodelGraphWalker - Visiting attribute path : buyingPrice
21:22:36.298 [main] DEBUG org.hibernate.persister.walking.spi.MetamodelGraphWalker - Visiting attribute path : orderDetail
21:22:36.298 [main] DEBUG org.hibernate.persister.walking.spi.MetamodelGraphWalker - Property path deemed to be circular : orderDetail
21:22:36.299 [main] DEBUG org.hibernate.persister.walking.spi.MetamodelGraphWalker - Visiting attribute path : product
21:22:36.299 [main] DEBUG org.hibernate.loader.plan.build.internal.spaces.QuerySpacesImpl - Adding QuerySpace : uid = &lt;gen:2&gt; -&gt; org.hibernate.loader.plan.build.internal.spaces.EntityQuerySpaceImpl@5ec46cdd]
21:22:36.301 [main] DEBUG org.hibernate.persister.walking.spi.MetamodelGraphWalker - Visiting attribute path : product.active
21:22:36.301 [main] DEBUG org.hibernate.persister.walking.spi.MetamodelGraphWalker - Visiting attribute path : product.brand
21:22:36.301 [main] DEBUG org.hibernate.persister.walking.spi.MetamodelGraphWalker - Visiting attribute path : product.categoryId
21:22:36.301 [main] DEBUG org.hibernate.persister.walking.spi.MetamodelGraphWalker - Visiting attribute path : product.code
21:22:36.302 [main] DEBUG org.hibernate.persister.walking.spi.MetamodelGraphWalker - Visiting attribute path : product.description
21:22:36.302 [main] DEBUG org.hibernate.persister.walking.spi.MetamodelGraphWalker - Visiting attribute path : product.name
21:22:36.302 [main] DEBUG org.hibernate.persister.walking.spi.MetamodelGraphWalker - Visiting attribute path : product.purchases
21:22:36.302 [main] DEBUG org.hibernate.persister.walking.spi.MetamodelGraphWalker - Visiting attribute path : product.quantity
21:22:36.302 [main] DEBUG org.hibernate.persister.walking.spi.MetamodelGraphWalker - Visiting attribute path : product.supplierId
21:22:36.303 [main] DEBUG org.hibernate.persister.walking.spi.MetamodelGraphWalker - Visiting attribute path : product.unitPrice
21:22:36.303 [main] DEBUG org.hibernate.persister.walking.spi.MetamodelGraphWalker - Visiting attribute path : product.views
21:22:36.303 [main] DEBUG org.hibernate.persister.walking.spi.MetamodelGraphWalker - Visiting attribute path : productCount
21:22:36.303 [main] DEBUG org.hibernate.persister.walking.spi.MetamodelGraphWalker - Visiting attribute path : total
21:22:36.303 [main] DEBUG org.hibernate.loader.plan.build.internal.FetchStyleLoadPlanBuildingAssociationVisitationStrategy - Building LoadPlan...
21:22:36.305 [main] DEBUG org.hibernate.loader.plan.exec.internal.LoadQueryJoinAndFetchProcessor - processing queryspace &lt;gen:0&gt;
21:22:36.308 [main] DEBUG org.hibernate.loader.plan.build.spi.LoadPlanTreePrinter - LoadPlan(collection=com.shoppingbackend.model.OrderDetail.orderItems)
    - Returns
       - CollectionReturnImpl(collection=com.shoppingbackend.model.OrderDetail.orderItems, querySpaceUid=&lt;gen:0&gt;, path=[com.shoppingbackend.model.OrderDetail.orderItems])
          - (collection element) CollectionFetchableElementEntityGraph(entity=com.shoppingbackend.model.OrderItem, querySpaceUid=&lt;gen:1&gt;, path=[com.shoppingbackend.model.OrderDetail.orderItems].&lt;elements&gt;)
             - EntityAttributeFetchImpl(entity=com.shoppingbackend.model.Product, querySpaceUid=&lt;gen:2&gt;, path=[com.shoppingbackend.model.OrderDetail.orderItems].&lt;elements&gt;.product)
    - QuerySpaces
       - CollectionQuerySpaceImpl(uid=&lt;gen:0&gt;, collection=com.shoppingbackend.model.OrderDetail.orderItems)
          - SQL table alias mapping - orderitems0_
          - alias suffix - 0_
          - suffixed key columns - {order_id5_5_0_}
          - entity-element alias suffix - 1_
          - 1_entity-element suffixed key columns - id1_5_1_
          - JOIN (JoinDefinedByMetadata(elements)) : &lt;gen:0&gt; -&gt; &lt;gen:1&gt;
             - EntityQuerySpaceImpl(uid=&lt;gen:1&gt;, entity=com.shoppingbackend.model.OrderItem)
                - SQL table alias mapping - orderitems0_
                - alias suffix - 1_
                - suffixed key columns - {id1_5_1_}
                - JOIN (JoinDefinedByMetadata(product)) : &lt;gen:1&gt; -&gt; &lt;gen:2&gt;
                   - EntityQuerySpaceImpl(uid=&lt;gen:2&gt;, entity=com.shoppingbackend.model.Product)
                      - SQL table alias mapping - product1_
                      - alias suffix - 2_
                      - suffixed key columns - {id1_6_2_}

21:22:36.309 [main] DEBUG org.hibernate.loader.collection.plan.CollectionLoader - Static select for collection com.shoppingbackend.model.OrderDetail.orderItems: select orderitems0_.order_id as order_id5_5_0_, orderitems0_.id as id1_5_0_, orderitems0_.id as id1_5_1_, orderitems0_.buying_price as buying_p2_5_1_, orderitems0_.order_id as order_id5_5_1_, orderitems0_.product_id as product_6_5_1_, orderitems0_.product_count as product_3_5_1_, orderitems0_.total as total4_5_1_, product1_.id as id1_6_2_, product1_.is_active as is_activ2_6_2_, product1_.brand as brand3_6_2_, product1_.category_id as category4_6_2_, product1_.code as code5_6_2_, product1_.description as descript6_6_2_, product1_.name as name7_6_2_, product1_.purchases as purchase8_6_2_, product1_.quantity as quantity9_6_2_, product1_.supplier_id as supplie10_6_2_, product1_.unit_price as unit_pr11_6_2_, product1_.views as views12_6_2_ from order_item orderitems0_ left outer join Product product1_ on orderitems0_.product_id=product1_.id where orderitems0_.order_id=?
21:22:36.429 [main] DEBUG org.hibernate.mapping.Table - No alter strings for table : Address
21:22:36.429 [main] DEBUG org.hibernate.mapping.Table - No alter strings for table : Cart
21:22:36.429 [main] DEBUG org.hibernate.mapping.Table - No alter strings for table : cart_line
21:22:36.429 [main] DEBUG org.hibernate.mapping.Table - No alter strings for table : Category
21:22:36.429 [main] DEBUG org.hibernate.mapping.Table - No alter strings for table : order_detail
21:22:36.429 [main] DEBUG org.hibernate.mapping.Table - No alter strings for table : order_item
21:22:36.430 [main] DEBUG org.hibernate.mapping.Table - No alter strings for table : Product
21:22:36.430 [main] DEBUG org.hibernate.mapping.Table - No alter strings for table : supplier
21:22:36.430 [main] DEBUG org.hibernate.mapping.Table - No alter strings for table : user_detail
21:22:36.539 [main] DEBUG org.hibernate.engine.transaction.jta.platform.internal.JtaPlatformInitiator - No JtaPlatform was specified, checking resolver
21:22:36.539 [main] DEBUG org.hibernate.engine.transaction.jta.platform.internal.JtaPlatformResolverInitiator - No JtaPlatformResolver was specified, using default [org.hibernate.engine.transaction.jta.platform.internal.StandardJtaPlatformResolver]
21:22:36.551 [main] DEBUG org.hibernate.engine.transaction.jta.platform.internal.StandardJtaPlatformResolver - Could not resolve JtaPlatform, using default [org.hibernate.engine.transaction.jta.platform.internal.NoJtaPlatform]
21:22:36.551 [main] DEBUG org.hibernate.query.spi.NamedQueryRepository - Checking 0 named HQL queries
21:22:36.551 [main] DEBUG org.hibernate.query.spi.NamedQueryRepository - Checking 0 named SQL queries
21:22:36.552 [main] DEBUG org.hibernate.internal.SessionFactoryRegistry - Registering SessionFactory: 49c0ea12-6595-4438-88b4-e846cb1ffc9c (&lt;unnamed&gt;)
21:22:36.552 [main] DEBUG org.hibernate.internal.SessionFactoryRegistry - Not binding SessionFactory to JNDI, no JNDI name configured
21:22:36.570 [main] DEBUG org.springframework.beans.factory.support.DefaultListableBeanFactory - Eagerly caching bean &apos;getSessionFactory&apos; to allow for resolving potential circular references
21:22:36.584 [main] DEBUG org.springframework.beans.factory.support.DefaultListableBeanFactory - Returning cached instance of singleton bean &apos;org.springframework.transaction.config.internalTransactionAdvisor&apos;
21:22:36.590 [main] DEBUG org.springframework.beans.factory.support.DefaultListableBeanFactory - Finished creating instance of bean &apos;getSessionFactory&apos;
21:22:36.590 [main] DEBUG org.springframework.beans.factory.annotation.AutowiredAnnotationBeanPostProcessor - Autowiring by type from bean name &apos;cartLineDAO&apos; to bean named &apos;getSessionFactory&apos;
21:22:36.590 [main] DEBUG org.springframework.beans.factory.support.DefaultListableBeanFactory - Returning cached instance of singleton bean &apos;org.springframework.transaction.config.internalTransactionAdvisor&apos;
21:22:36.591 [main] DEBUG org.springframework.transaction.annotation.AnnotationTransactionAttributeSource - Adding transactional method &apos;com.shoppingbackend.dao.daoimpl.CartLineDAOImpl.add&apos; with attribute: PROPAGATION_REQUIRED,ISOLATION_DEFAULT; &apos;&apos;
21:22:36.591 [main] DEBUG org.springframework.aop.framework.autoproxy.InfrastructureAdvisorAutoProxyCreator - Creating implicit proxy for bean &apos;cartLineDAO&apos; with 0 common interceptors and 1 specific interceptors
21:22:36.591 [main] DEBUG org.springframework.aop.framework.JdkDynamicAopProxy - Creating JDK dynamic proxy: target source is SingletonTargetSource for target object [com.shoppingbackend.dao.daoimpl.CartLineDAOImpl@4a23350]
21:22:36.591 [main] DEBUG org.springframework.beans.factory.support.DefaultListableBeanFactory - Finished creating instance of bean &apos;cartLineDAO&apos;
21:22:36.591 [main] DEBUG org.springframework.beans.factory.support.DefaultListableBeanFactory - Creating shared instance of singleton bean &apos;categoryDAO&apos;
21:22:36.591 [main] DEBUG org.springframework.beans.factory.support.DefaultListableBeanFactory - Creating instance of bean &apos;categoryDAO&apos;
21:22:36.592 [main] DEBUG org.springframework.beans.factory.annotation.InjectionMetadata - Registered injected element on class [com.shoppingbackend.dao.daoimpl.CategoryDAOImpl]: AutowiredFieldElement for private org.hibernate.SessionFactory com.shoppingbackend.dao.daoimpl.CategoryDAOImpl.sessionFactory
21:22:36.592 [main] DEBUG org.springframework.beans.factory.support.DefaultListableBeanFactory - Eagerly caching bean &apos;categoryDAO&apos; to allow for resolving potential circular references
21:22:36.594 [main] DEBUG org.springframework.beans.factory.annotation.InjectionMetadata - Processing injected element of bean &apos;categoryDAO&apos;: AutowiredFieldElement for private org.hibernate.SessionFactory com.shoppingbackend.dao.daoimpl.CategoryDAOImpl.sessionFactory
21:22:36.594 [main] DEBUG org.springframework.beans.factory.support.DefaultListableBeanFactory - Returning cached instance of singleton bean &apos;getSessionFactory&apos;
21:22:36.594 [main] DEBUG org.springframework.beans.factory.annotation.AutowiredAnnotationBeanPostProcessor - Autowiring by type from bean name &apos;categoryDAO&apos; to bean named &apos;getSessionFactory&apos;
21:22:36.594 [main] DEBUG org.springframework.beans.factory.support.DefaultListableBeanFactory - Returning cached instance of singleton bean &apos;org.springframework.transaction.config.internalTransactionAdvisor&apos;
21:22:36.595 [main] DEBUG org.springframework.transaction.annotation.AnnotationTransactionAttributeSource - Adding transactional method &apos;com.shoppingbackend.dao.daoimpl.CategoryDAOImpl.add&apos; with attribute: PROPAGATION_REQUIRED,ISOLATION_DEFAULT; &apos;&apos;
21:22:36.595 [main] DEBUG org.springframework.aop.framework.autoproxy.InfrastructureAdvisorAutoProxyCreator - Creating implicit proxy for bean &apos;categoryDAO&apos; with 0 common interceptors and 1 specific interceptors
21:22:36.595 [main] DEBUG org.springframework.aop.framework.JdkDynamicAopProxy - Creating JDK dynamic proxy: target source is SingletonTargetSource for target object [com.shoppingbackend.dao.daoimpl.CategoryDAOImpl@6fca5907]
21:22:36.612 [main] DEBUG org.springframework.beans.factory.support.DefaultListableBeanFactory - Finished creating instance of bean &apos;categoryDAO&apos;
21:22:36.612 [main] DEBUG org.springframework.beans.factory.support.DefaultListableBeanFactory - Creating shared instance of singleton bean &apos;productDAO&apos;
21:22:36.612 [main] DEBUG org.springframework.beans.factory.support.DefaultListableBeanFactory - Creating instance of bean &apos;productDAO&apos;
21:22:36.613 [main] DEBUG org.springframework.beans.factory.annotation.InjectionMetadata - Registered injected element on class [com.shoppingbackend.dao.daoimpl.ProductDAOImpl]: AutowiredFieldElement for private org.hibernate.SessionFactory com.shoppingbackend.dao.daoimpl.ProductDAOImpl.sessionFactory
21:22:36.613 [main] DEBUG org.springframework.beans.factory.support.DefaultListableBeanFactory - Eagerly caching bean &apos;productDAO&apos; to allow for resolving potential circular references
21:22:36.615 [main] DEBUG org.springframework.beans.factory.annotation.InjectionMetadata - Processing injected element of bean &apos;productDAO&apos;: AutowiredFieldElement for private org.hibernate.SessionFactory com.shoppingbackend.dao.daoimpl.ProductDAOImpl.sessionFactory
21:22:36.616 [main] DEBUG org.springframework.beans.factory.support.DefaultListableBeanFactory - Returning cached instance of singleton bean &apos;getSessionFactory&apos;
21:22:36.616 [main] DEBUG org.springframework.beans.factory.annotation.AutowiredAnnotationBeanPostProcessor - Autowiring by type from bean name &apos;productDAO&apos; to bean named &apos;getSessionFactory&apos;
21:22:36.616 [main] DEBUG org.springframework.beans.factory.support.DefaultListableBeanFactory - Returning cached instance of singleton bean &apos;org.springframework.transaction.config.internalTransactionAdvisor&apos;
21:22:36.616 [main] DEBUG org.springframework.transaction.annotation.AnnotationTransactionAttributeSource - Adding transactional method &apos;com.shoppingbackend.dao.daoimpl.ProductDAOImpl.add&apos; with attribute: PROPAGATION_REQUIRED,ISOLATION_DEFAULT; &apos;&apos;
21:22:36.616 [main] DEBUG org.springframework.aop.framework.autoproxy.InfrastructureAdvisorAutoProxyCreator - Creating implicit proxy for bean &apos;productDAO&apos; with 0 common interceptors and 1 specific interceptors
21:22:36.616 [main] DEBUG org.springframework.aop.framework.JdkDynamicAopProxy - Creating JDK dynamic proxy: target source is SingletonTargetSource for target object [com.shoppingbackend.dao.daoimpl.ProductDAOImpl@7bebcd65]
21:22:36.617 [main] DEBUG org.springframework.beans.factory.support.DefaultListableBeanFactory - Finished creating instance of bean &apos;productDAO&apos;
21:22:36.617 [main] DEBUG org.springframework.beans.factory.support.DefaultListableBeanFactory - Creating shared instance of singleton bean &apos;supplierDAO&apos;
21:22:36.617 [main] DEBUG org.springframework.beans.factory.support.DefaultListableBeanFactory - Creating instance of bean &apos;supplierDAO&apos;
21:22:36.617 [main] DEBUG org.springframework.beans.factory.annotation.InjectionMetadata - Registered injected element on class [com.shoppingbackend.dao.daoimpl.SupplierDAOImpl]: AutowiredFieldElement for private org.hibernate.SessionFactory com.shoppingbackend.dao.daoimpl.SupplierDAOImpl.sessionFactory
21:22:36.617 [main] DEBUG org.springframework.beans.factory.support.DefaultListableBeanFactory - Eagerly caching bean &apos;supplierDAO&apos; to allow for resolving potential circular references
21:22:36.619 [main] DEBUG org.springframework.beans.factory.annotation.InjectionMetadata - Processing injected element of bean &apos;supplierDAO&apos;: AutowiredFieldElement for private org.hibernate.SessionFactory com.shoppingbackend.dao.daoimpl.SupplierDAOImpl.sessionFactory
21:22:36.619 [main] DEBUG org.springframework.beans.factory.support.DefaultListableBeanFactory - Returning cached instance of singleton bean &apos;getSessionFactory&apos;
21:22:36.619 [main] DEBUG org.springframework.beans.factory.annotation.AutowiredAnnotationBeanPostProcessor - Autowiring by type from bean name &apos;supplierDAO&apos; to bean named &apos;getSessionFactory&apos;
21:22:36.619 [main] DEBUG org.springframework.beans.factory.support.DefaultListableBeanFactory - Returning cached instance of singleton bean &apos;org.springframework.transaction.config.internalTransactionAdvisor&apos;
21:22:36.620 [main] DEBUG org.springframework.transaction.annotation.AnnotationTransactionAttributeSource - Adding transactional method &apos;com.shoppingbackend.dao.daoimpl.SupplierDAOImpl.deleteSupp&apos; with attribute: PROPAGATION_REQUIRED,ISOLATION_DEFAULT; &apos;&apos;
21:22:36.620 [main] DEBUG org.springframework.aop.framework.autoproxy.InfrastructureAdvisorAutoProxyCreator - Creating implicit proxy for bean &apos;supplierDAO&apos; with 0 common interceptors and 1 specific interceptors
21:22:36.620 [main] DEBUG org.springframework.aop.framework.JdkDynamicAopProxy - Creating JDK dynamic proxy: target source is SingletonTargetSource for target object [com.shoppingbackend.dao.daoimpl.SupplierDAOImpl@7afb1741]
21:22:36.623 [main] DEBUG org.springframework.beans.factory.support.DefaultListableBeanFactory - Finished creating instance of bean &apos;supplierDAO&apos;
21:22:36.624 [main] DEBUG org.springframework.beans.factory.support.DefaultListableBeanFactory - Creating shared instance of singleton bean &apos;userDAO&apos;
21:22:36.624 [main] DEBUG org.springframework.beans.factory.support.DefaultListableBeanFactory - Creating instance of bean &apos;userDAO&apos;
21:22:36.625 [main] DEBUG org.springframework.beans.factory.annotation.InjectionMetadata - Registered injected element on class [com.shoppingbackend.dao.daoimpl.UserDAOImpl]: AutowiredFieldElement for private org.hibernate.SessionFactory com.shoppingbackend.dao.daoimpl.UserDAOImpl.sessionFactory
21:22:36.625 [main] DEBUG org.springframework.beans.factory.support.DefaultListableBeanFactory - Eagerly caching bean &apos;userDAO&apos; to allow for resolving potential circular references
21:22:36.626 [main] DEBUG org.springframework.beans.factory.annotation.InjectionMetadata - Processing injected element of bean &apos;userDAO&apos;: AutowiredFieldElement for private org.hibernate.SessionFactory com.shoppingbackend.dao.daoimpl.UserDAOImpl.sessionFactory
21:22:36.627 [main] DEBUG org.springframework.beans.factory.support.DefaultListableBeanFactory - Returning cached instance of singleton bean &apos;getSessionFactory&apos;
21:22:36.627 [main] DEBUG org.springframework.beans.factory.annotation.AutowiredAnnotationBeanPostProcessor - Autowiring by type from bean name &apos;userDAO&apos; to bean named &apos;getSessionFactory&apos;
21:22:36.627 [main] DEBUG org.springframework.beans.factory.support.DefaultListableBeanFactory - Returning cached instance of singleton bean &apos;org.springframework.transaction.config.internalTransactionAdvisor&apos;
21:22:36.627 [main] DEBUG org.springframework.transaction.annotation.AnnotationTransactionAttributeSource - Adding transactional method &apos;com.shoppingbackend.dao.daoimpl.UserDAOImpl.add&apos; with attribute: PROPAGATION_REQUIRED,ISOLATION_DEFAULT; &apos;&apos;
21:22:36.628 [main] DEBUG org.springframework.aop.framework.autoproxy.InfrastructureAdvisorAutoProxyCreator - Creating implicit proxy for bean &apos;userDAO&apos; with 0 common interceptors and 1 specific interceptors
21:22:36.628 [main] DEBUG org.springframework.aop.framework.JdkDynamicAopProxy - Creating JDK dynamic proxy: target source is SingletonTargetSource for target object [com.shoppingbackend.dao.daoimpl.UserDAOImpl@31edeac]
21:22:36.628 [main] DEBUG org.springframework.beans.factory.support.DefaultListableBeanFactory - Finished creating instance of bean &apos;userDAO&apos;
21:22:36.628 [main] DEBUG org.springframework.beans.factory.support.DefaultListableBeanFactory - Creating shared instance of singleton bean &apos;product&apos;
21:22:36.628 [main] DEBUG org.springframework.beans.factory.support.DefaultListableBeanFactory - Creating instance of bean &apos;product&apos;
21:22:36.629 [main] DEBUG org.springframework.beans.factory.support.DefaultListableBeanFactory - Eagerly caching bean &apos;product&apos; to allow for resolving potential circular references
21:22:36.631 [main] DEBUG org.springframework.beans.factory.support.DefaultListableBeanFactory - Returning cached instance of singleton bean &apos;org.springframework.transaction.config.internalTransactionAdvisor&apos;
21:22:36.633 [main] DEBUG org.springframework.beans.factory.support.DefaultListableBeanFactory - Finished creating instance of bean &apos;product&apos;
21:22:36.633 [main] DEBUG org.springframework.beans.factory.support.DefaultListableBeanFactory - Returning cached instance of singleton bean &apos;org.springframework.transaction.annotation.ProxyTransactionManagementConfiguration&apos;
21:22:36.633 [main] DEBUG org.springframework.beans.factory.support.DefaultListableBeanFactory - Returning cached instance of singleton bean &apos;org.springframework.transaction.config.internalTransactionAdvisor&apos;
21:22:36.633 [main] DEBUG org.springframework.beans.factory.support.DefaultListableBeanFactory - Returning cached instance of singleton bean &apos;transactionAttributeSource&apos;
21:22:36.633 [main] DEBUG org.springframework.beans.factory.support.DefaultListableBeanFactory - Returning cached instance of singleton bean &apos;transactionInterceptor&apos;
21:22:36.633 [main] DEBUG org.springframework.beans.factory.support.DefaultListableBeanFactory - Creating shared instance of singleton bean &apos;org.springframework.transaction.config.internalTransactionalEventListenerFactory&apos;
21:22:36.633 [main] DEBUG org.springframework.beans.factory.support.DefaultListableBeanFactory - Creating instance of bean &apos;org.springframework.transaction.config.internalTransactionalEventListenerFactory&apos;
21:22:36.633 [main] DEBUG org.springframework.beans.factory.support.DefaultListableBeanFactory - Returning cached instance of singleton bean &apos;org.springframework.transaction.annotation.ProxyTransactionManagementConfiguration&apos;
21:22:36.635 [main] DEBUG org.springframework.beans.factory.support.DefaultListableBeanFactory - Eagerly caching bean &apos;org.springframework.transaction.config.internalTransactionalEventListenerFactory&apos; to allow for resolving potential circular references
21:22:36.639 [main] DEBUG org.springframework.beans.factory.support.DefaultListableBeanFactory - Returning cached instance of singleton bean &apos;org.springframework.transaction.config.internalTransactionAdvisor&apos;
21:22:36.640 [main] DEBUG org.springframework.beans.factory.support.DefaultListableBeanFactory - Finished creating instance of bean &apos;org.springframework.transaction.config.internalTransactionalEventListenerFactory&apos;
21:22:36.640 [main] DEBUG org.springframework.beans.factory.support.DefaultListableBeanFactory - Returning cached instance of singleton bean &apos;dataSource&apos;
21:22:36.640 [main] DEBUG org.springframework.beans.factory.support.DefaultListableBeanFactory - Returning cached instance of singleton bean &apos;getSessionFactory&apos;
21:22:36.640 [main] DEBUG org.springframework.beans.factory.support.DefaultListableBeanFactory - Creating shared instance of singleton bean &apos;getTransactionManager&apos;
21:22:36.640 [main] DEBUG org.springframework.beans.factory.support.DefaultListableBeanFactory - Creating instance of bean &apos;getTransactionManager&apos;
21:22:36.640 [main] DEBUG org.springframework.beans.factory.support.DefaultListableBeanFactory - Returning cached instance of singleton bean &apos;hibernateConfig&apos;
21:22:36.641 [main] DEBUG org.springframework.beans.factory.support.DefaultListableBeanFactory - Returning cached instance of singleton bean &apos;getSessionFactory&apos;
21:22:36.641 [main] DEBUG org.springframework.beans.factory.support.DefaultListableBeanFactory - Autowiring by type from bean name &apos;getTransactionManager&apos; via factory method to bean named &apos;getSessionFactory&apos;
21:22:36.641 [main] INFO org.springframework.orm.hibernate5.HibernateTransactionManager - Using DataSource [org.apache.commons.dbcp2.BasicDataSource@7d0614f] of Hibernate SessionFactory for HibernateTransactionManager
21:22:36.642 [main] DEBUG org.springframework.beans.factory.support.DefaultListableBeanFactory - Eagerly caching bean &apos;getTransactionManager&apos; to allow for resolving potential circular references
21:22:36.656 [main] DEBUG org.springframework.beans.factory.support.DefaultListableBeanFactory - Invoking afterPropertiesSet() on bean with name &apos;getTransactionManager&apos;
21:22:36.656 [main] DEBUG org.springframework.beans.factory.support.DefaultListableBeanFactory - Returning cached instance of singleton bean &apos;org.springframework.transaction.config.internalTransactionAdvisor&apos;
21:22:36.657 [main] DEBUG org.springframework.beans.factory.support.DefaultListableBeanFactory - Finished creating instance of bean &apos;getTransactionManager&apos;
21:22:36.657 [main] DEBUG org.springframework.beans.factory.support.DefaultListableBeanFactory - Returning cached instance of singleton bean &apos;org.springframework.aop.config.internalAutoProxyCreator&apos;
21:22:36.659 [main] DEBUG org.springframework.beans.factory.support.DefaultListableBeanFactory - Returning cached instance of singleton bean &apos;org.springframework.context.event.internalEventListenerFactory&apos;
21:22:36.659 [main] DEBUG org.springframework.beans.factory.support.DefaultListableBeanFactory - Returning cached instance of singleton bean &apos;org.springframework.transaction.config.internalTransactionalEventListenerFactory&apos;
21:22:37.101 [main] DEBUG org.springframework.context.annotation.AnnotationConfigApplicationContext - Unable to locate LifecycleProcessor with name &apos;lifecycleProcessor&apos;: using default [org.springframework.context.support.DefaultLifecycleProcessor@73545b80]
21:22:37.102 [main] DEBUG org.springframework.beans.factory.support.DefaultListableBeanFactory - Returning cached instance of singleton bean &apos;lifecycleProcessor&apos;
21:22:37.102 [main] DEBUG org.springframework.core.env.PropertySourcesPropertyResolver - Could not find key &apos;spring.liveBeansView.mbeanDomain&apos; in any property source
21:22:37.105 [main] DEBUG org.springframework.beans.factory.support.DefaultListableBeanFactory - Returning cached instance of singleton bean &apos;supplierDAO&apos;
</system-out>
  </testcase>
  <testcase classname="com.shoppingbackend.test.SupplierTestCase" name="testDeleteSupplier" time="3.434">
    <skipped/>
  </testcase>
  <testcase classname="com.shoppingbackend.test.SupplierTestCase" name="testAddSupplier" time="0.001"/>
</testsuite>